[2025-09-24 09:20:56.935] LOG - 14:20:56.933Z Starting login process for: stonkz92224@gmail.com
[2025-09-24 09:20:56.936] LOG - 14:20:56.933Z Starting login process for: stonkz92224@gmail.com
[2025-09-24 09:20:56.937] LOG - 14:20:56.934Z Auto login function executing for: stonkz92224@gmail.com
[2025-09-24 09:20:56.938] LOG - 14:20:56.934Z Auto login function executing for: stonkz92224@gmail.com
[2025-09-24 09:20:56.938] LOG - 14:20:56.934Z Login form found, filling credentials...
[2025-09-24 09:20:56.939] LOG - 14:20:56.934Z Login form found, filling credentials...
[2025-09-24 09:20:57.091] LOG - 14:20:56.975Z Test element added to DOM
[2025-09-24 09:20:57.091] LOG - 14:20:56.975Z Test element added to DOM
[2025-09-24 09:20:57.096] LOG - 14:20:57.094Z All browser alerts and confirmations have been disabled
[2025-09-24 09:20:57.096] LOG - 14:20:57.094Z All browser alerts and confirmations have been disabled
[2025-09-24 09:20:57.448] LOG - 14:20:57.446Z Clicking login button...
[2025-09-24 09:20:57.448] LOG - 14:20:57.446Z Clicking login button...
[2025-09-24 09:20:57.458] LOG - 14:20:57.455Z authentication starting
[2025-09-24 09:20:57.458] LOG - 14:20:57.455Z authentication starting
[2025-09-24 09:20:57.784] warning - The AudioContext was not allowed to start. It must be resumed (or created) after a user gesture on the page. https://developer.chrome.com/blog/autoplay/#web_audio
[2025-09-24 09:20:57.786] LOG - 14:20:57.767Z Watching for account selection page...
[2025-09-24 09:20:57.787] LOG - 14:20:57.767Z Watching for account selection page...
[2025-09-24 09:20:58.060] LOG - 14:20:58.060Z Access token will be renewed in 75 minutes; expired: Wed Sep 24 2025 10:40:58 GMT-0500 (Central Daylight Time), now: Wed Sep 24 2025 09:20:58 GMT-0500 (Central Daylight Time)
[2025-09-24 09:20:58.061] LOG - 14:20:58.060Z Access token will be renewed in 75 minutes; expired: Wed Sep 24 2025 10:40:58 GMT-0500 (Central Daylight Time), now: Wed Sep 24 2025 09:20:58 GMT-0500 (Central Daylight Time)
[2025-09-24 09:20:58.304] INFO - 14:20:58.302Z [LaunchDarkly] Closing stream connection
[2025-09-24 09:20:58.305] INFO - 14:20:58.302Z [LaunchDarkly] Closing stream connection
[2025-09-24 09:20:58.305] INFO - 14:20:58.303Z [LaunchDarkly] Opening stream connection to https://clientstream.launchdarkly.com/eval/66cdf5b9cf61891061b4e437/eyJraW5kIjoidXNlciIsImtleSI6IjM2NTUwNTkiLCJkZXZpY2UiOiJkZXNrdG9wIiwidXNlcklkIjozNjU1MDU5LCJpcENvdW50cnkiOiJVUyIsIm9yZ05hbWUiOiJURFYiLCJuYW1lIjoiU3Rvbmt6OTIyMjQiLCJsYW5kaW5nUGFyYW1zIjoiIn0
[2025-09-24 09:20:58.305] INFO - 14:20:58.303Z [LaunchDarkly] Opening stream connection to https://clientstream.launchdarkly.com/eval/66cdf5b9cf61891061b4e437/eyJraW5kIjoidXNlciIsImtleSI6IjM2NTUwNTkiLCJkZXZpY2UiOiJkZXNrdG9wIiwidXNlcklkIjozNjU1MDU5LCJpcENvdW50cnkiOiJVUyIsIm9yZ05hbWUiOiJURFYiLCJuYW1lIjoiU3Rvbmt6OTIyMjQiLCJsYW5kaW5nUGFyYW1zIjoiIn0
[2025-09-24 09:20:58.374] INFO - 14:20:58.372Z [LaunchDarkly] Closing stream connection
[2025-09-24 09:20:58.375] INFO - 14:20:58.372Z [LaunchDarkly] Closing stream connection
[2025-09-24 09:20:58.376] INFO - 14:20:58.373Z [LaunchDarkly] Opening stream connection to https://clientstream.launchdarkly.com/eval/66cdf5b9cf61891061b4e437/eyJraW5kIjoidXNlciIsImtleSI6IjM2NTUwNTkiLCJkZXZpY2UiOiJkZXNrdG9wIiwidXNlcklkIjozNjU1MDU5LCJpcENvdW50cnkiOiJVUyIsIm9yZ05hbWUiOiJURFYiLCJuYW1lIjoiU3Rvbmt6OTIyMjQiLCJsYW5kaW5nUGFyYW1zIjoiIn0
[2025-09-24 09:20:58.376] INFO - 14:20:58.373Z [LaunchDarkly] Opening stream connection to https://clientstream.launchdarkly.com/eval/66cdf5b9cf61891061b4e437/eyJraW5kIjoidXNlciIsImtleSI6IjM2NTUwNTkiLCJkZXZpY2UiOiJkZXNrdG9wIiwidXNlcklkIjozNjU1MDU5LCJpcENvdW50cnkiOiJVUyIsIm9yZ05hbWUiOiJURFYiLCJuYW1lIjoiU3Rvbmt6OTIyMjQiLCJsYW5kaW5nUGFyYW1zIjoiIn0
[2025-09-24 09:20:58.438] INFO - 14:20:58.436Z [LaunchDarkly] Closing stream connection
[2025-09-24 09:20:58.438] INFO - 14:20:58.436Z [LaunchDarkly] Closing stream connection
[2025-09-24 09:20:58.439] INFO - 14:20:58.436Z [LaunchDarkly] Opening stream connection to https://clientstream.launchdarkly.com/eval/66cdf5b9cf61891061b4e437/eyJraW5kIjoidXNlciIsImtleSI6IjM2NTUwNTkiLCJkZXZpY2UiOiJkZXNrdG9wIiwidXNlcklkIjozNjU1MDU5LCJpcENvdW50cnkiOiJVUyIsIm9yZ05hbWUiOiJURFYiLCJuYW1lIjoiU3Rvbmt6OTIyMjQiLCJsYW5kaW5nUGFyYW1zIjoiIn0
[2025-09-24 09:20:58.440] INFO - 14:20:58.436Z [LaunchDarkly] Opening stream connection to https://clientstream.launchdarkly.com/eval/66cdf5b9cf61891061b4e437/eyJraW5kIjoidXNlciIsImtleSI6IjM2NTUwNTkiLCJkZXZpY2UiOiJkZXNrdG9wIiwidXNlcklkIjozNjU1MDU5LCJpcENvdW50cnkiOiJVUyIsIm9yZ05hbWUiOiJURFYiLCJuYW1lIjoiU3Rvbmt6OTIyMjQiLCJsYW5kaW5nUGFyYW1zIjoiIn0
[2025-09-24 09:20:59.769] LOG - 14:20:59.768Z Account selection page detected, clicking button...
[2025-09-24 09:20:59.770] LOG - 14:20:59.768Z Account selection page detected, clicking button...
[2025-09-24 09:20:59.911] LOG - 14:20:59.880Z Access token will be renewed in 75 minutes; expired: Wed Sep 24 2025 10:40:58 GMT-0500 (Central Daylight Time), now: Wed Sep 24 2025 09:20:59 GMT-0500 (Central Daylight Time)
[2025-09-24 09:20:59.912] LOG - 14:20:59.880Z Access token will be renewed in 75 minutes; expired: Wed Sep 24 2025 10:40:58 GMT-0500 (Central Daylight Time), now: Wed Sep 24 2025 09:20:59 GMT-0500 (Central Daylight Time)
[2025-09-24 09:20:59.983] error - Refused to connect to 'https://bat.bing.com/actionp/0?ti=26330043&Ver=2&mid=feab3d7f-8614-4cdc-8d5a-b452d3c0119b&bo=2&sid=ae6bb130995111f091e1d78701334c0f&vid=2801c1c0965411f0afa211e8ba13cf6d&vids=0&msclkid=N&evt=pageHide' because it violates the following Content Security Policy directive: "connect-src wss://*.tradovate.com https://*.tradovate.com https://*.ntinnolab.com https://*.devel.ninjatrader.dev https://*.staging.ninjatrader.dev https://*.uat.ninjatrader.dev wss://*.ntinnolab.com wss://*.devel.ninjatrader.dev wss://*.staging.ninjatrader.dev wss://*.uat.ninjatrader.dev wss://*.tradovateapi.com https://*.tradovateapi.com https://*.ninjatrader.com https://cdn.walkme.com https://ec.walkme.com https://sessions.bugsnag.com https://notify.bugsnag.com https://*.plaid.com https://*.yodlee.com https://tradovate.zendesk.com https://rollout.ada.support https://static.ada.support https://ninjatrader.ada.support https://tradovate.ada.support https://ninjatrader-eap.ada.support/ https://demo-ninjatrader-gr.ada.support/ https://tradovate-gen.ada.support/ https://api.stripe.com https://apiproxy.ninjatrader.com https://apiproxy-d.ninjatrader.com https://us-autocomplete-pro.api.smartystreets.com https://international-autocomplete.api.smarty.com https://maps.googleapis.com https://accounts.google.com/ https://www.google.com https://www.googletagmanager.com/ https://*.browser-intake-datadoghq.com https://scripts.neuro-id.com https://receiver.neuroid.cloud https://logs.neuro-id.com https://firebaseinstallations.googleapis.com/ https://firebaseremoteconfig.googleapis.com/ https://logx.optimizely.com https://*.optimizely.com wss://mpsnare.iesnare.com wss://ci-mpsnare.iovation.com https://*.iovation.com/ https://*.reddit.com  https://www.redditstatic.com https://*.taboola.com https://*.launchdarkly.com https://*.alloy.co https://*.maze.co https://www.google-analytics.com https://analytics.google.com https://www.googletagmanager.com/ https://api.hubapi.com https://forms.hubspot.com https://stats.g.doubleclick.net https://alb.reddit.com https://analytics.twitter.com https://heapanalytics.com https://*.auryc.com https://*.contentsquare.net https://siteintercept.qualtrics.com https://api.userway.org/".

[2025-09-24 09:20:59.984] INFO - 14:20:59.978Z visibilitychange: hidden, gd: 1000
[2025-09-24 09:20:59.986] INFO - 14:20:59.978Z visibilitychange: hidden, gd: 1000
[2025-09-24 09:20:59.987] WARNING - 14:20:59.979Z [LaunchDarkly] Error on stream connection: {"isTrusted":true}, will continue retrying after 852 milliseconds.
[2025-09-24 09:20:59.988] WARNING - 14:20:59.979Z [LaunchDarkly] Error on stream connection: {"isTrusted":true}, will continue retrying after 852 milliseconds.
[2025-09-24 09:20:59.988] INFO - 14:20:59.979Z [LaunchDarkly] Closing stream connection
[2025-09-24 09:20:59.989] INFO - 14:20:59.979Z [LaunchDarkly] Closing stream connection
[2025-09-24 09:21:00.678] WARNING - Duplicate atom key "locale". This is a FATAL ERROR in
      production. But it is safe to ignore this warning if it occurred because of
      hot module replacement.
[2025-09-24 09:21:00.680] WARNING - Duplicate atom key "locale". This is a FATAL ERROR in
      production. But it is safe to ignore this warning if it occurred because of
      hot module replacement.
[2025-09-24 09:21:00.680] WARNING - Duplicate atom key "muiTheme". This is a FATAL ERROR in
      production. But it is safe to ignore this warning if it occurred because of
      hot module replacement.
[2025-09-24 09:21:00.681] WARNING - Duplicate atom key "muiTheme". This is a FATAL ERROR in
      production. But it is safe to ignore this warning if it occurred because of
      hot module replacement.
[2025-09-24 09:21:00.683] WARNING - Duplicate atom key "appLinksFooter". This is a FATAL ERROR in
      production. But it is safe to ignore this warning if it occurred because of
      hot module replacement.
[2025-09-24 09:21:00.683] WARNING - Duplicate atom key "appLinksFooter". This is a FATAL ERROR in
      production. But it is safe to ignore this warning if it occurred because of
      hot module replacement.
[2025-09-24 09:21:00.684] WARNING - Duplicate atom key "currentUserId2". This is a FATAL ERROR in
      production. But it is safe to ignore this warning if it occurred because of
      hot module replacement.
[2025-09-24 09:21:00.685] WARNING - Duplicate atom key "currentUserId2". This is a FATAL ERROR in
      production. But it is safe to ignore this warning if it occurred because of
      hot module replacement.
[2025-09-24 09:21:00.686] WARNING - Duplicate atom key "onboardingInProgress". This is a FATAL ERROR in
      production. But it is safe to ignore this warning if it occurred because of
      hot module replacement.
[2025-09-24 09:21:00.687] WARNING - Duplicate atom key "onboardingInProgress". This is a FATAL ERROR in
      production. But it is safe to ignore this warning if it occurred because of
      hot module replacement.
[2025-09-24 09:21:00.687] WARNING - Duplicate atom key "editing". This is a FATAL ERROR in
      production. But it is safe to ignore this warning if it occurred because of
      hot module replacement.
[2025-09-24 09:21:00.688] WARNING - Duplicate atom key "editing". This is a FATAL ERROR in
      production. But it is safe to ignore this warning if it occurred because of
      hot module replacement.
[2025-09-24 09:21:00.690] WARNING - Duplicate atom key "infoMessage". This is a FATAL ERROR in
      production. But it is safe to ignore this warning if it occurred because of
      hot module replacement.
[2025-09-24 09:21:00.691] WARNING - Duplicate atom key "infoMessage". This is a FATAL ERROR in
      production. But it is safe to ignore this warning if it occurred because of
      hot module replacement.
[2025-09-24 09:21:00.692] WARNING - Duplicate atom key "browserWarning". This is a FATAL ERROR in
      production. But it is safe to ignore this warning if it occurred because of
      hot module replacement.
[2025-09-24 09:21:00.693] WARNING - Duplicate atom key "browserWarning". This is a FATAL ERROR in
      production. But it is safe to ignore this warning if it occurred because of
      hot module replacement.
[2025-09-24 09:21:00.695] WARNING - Duplicate atom key "clockWarning". This is a FATAL ERROR in
      production. But it is safe to ignore this warning if it occurred because of
      hot module replacement.
[2025-09-24 09:21:00.696] WARNING - Duplicate atom key "clockWarning". This is a FATAL ERROR in
      production. But it is safe to ignore this warning if it occurred because of
      hot module replacement.
[2025-09-24 09:21:00.697] WARNING - Duplicate atom key "breakpoint". This is a FATAL ERROR in
      production. But it is safe to ignore this warning if it occurred because of
      hot module replacement.
[2025-09-24 09:21:00.698] WARNING - Duplicate atom key "breakpoint". This is a FATAL ERROR in
      production. But it is safe to ignore this warning if it occurred because of
      hot module replacement.
[2025-09-24 09:21:00.699] WARNING - Duplicate atom key "inMobileRange". This is a FATAL ERROR in
      production. But it is safe to ignore this warning if it occurred because of
      hot module replacement.
[2025-09-24 09:21:00.701] WARNING - Duplicate atom key "inMobileRange". This is a FATAL ERROR in
      production. But it is safe to ignore this warning if it occurred because of
      hot module replacement.
[2025-09-24 09:21:00.703] WARNING - Duplicate atom key "gridSpacing". This is a FATAL ERROR in
      production. But it is safe to ignore this warning if it occurred because of
      hot module replacement.
[2025-09-24 09:21:00.704] WARNING - Duplicate atom key "gridSpacing". This is a FATAL ERROR in
      production. But it is safe to ignore this warning if it occurred because of
      hot module replacement.
[2025-09-24 09:21:00.706] WARNING - Duplicate atom key "login". This is a FATAL ERROR in
      production. But it is safe to ignore this warning if it occurred because of
      hot module replacement.
[2025-09-24 09:21:00.707] WARNING - Duplicate atom key "login". This is a FATAL ERROR in
      production. But it is safe to ignore this warning if it occurred because of
      hot module replacement.
[2025-09-24 09:21:00.707] WARNING - Duplicate atom key "error". This is a FATAL ERROR in
      production. But it is safe to ignore this warning if it occurred because of
      hot module replacement.
[2025-09-24 09:21:00.707] WARNING - Duplicate atom key "error". This is a FATAL ERROR in
      production. But it is safe to ignore this warning if it occurred because of
      hot module replacement.
[2025-09-24 09:21:00.707] WARNING - Duplicate atom key "contactInfos2". This is a FATAL ERROR in
      production. But it is safe to ignore this warning if it occurred because of
      hot module replacement.
[2025-09-24 09:21:00.708] WARNING - Duplicate atom key "contactInfos2". This is a FATAL ERROR in
      production. But it is safe to ignore this warning if it occurred because of
      hot module replacement.
[2025-09-24 09:21:00.708] WARNING - Duplicate atom key "individualApplicantsTimestamp". This is a FATAL ERROR in
      production. But it is safe to ignore this warning if it occurred because of
      hot module replacement.
[2025-09-24 09:21:00.708] WARNING - Duplicate atom key "individualApplicantsTimestamp". This is a FATAL ERROR in
      production. But it is safe to ignore this warning if it occurred because of
      hot module replacement.
[2025-09-24 09:21:00.708] WARNING - Duplicate atom key "customerApplication". This is a FATAL ERROR in
      production. But it is safe to ignore this warning if it occurred because of
      hot module replacement.
[2025-09-24 09:21:00.708] WARNING - Duplicate atom key "customerApplication". This is a FATAL ERROR in
      production. But it is safe to ignore this warning if it occurred because of
      hot module replacement.
[2025-09-24 09:21:00.708] WARNING - Duplicate atom key "individualApplicants". This is a FATAL ERROR in
      production. But it is safe to ignore this warning if it occurred because of
      hot module replacement.
[2025-09-24 09:21:00.708] WARNING - Duplicate atom key "individualApplicants". This is a FATAL ERROR in
      production. But it is safe to ignore this warning if it occurred because of
      hot module replacement.
[2025-09-24 09:21:00.708] WARNING - Duplicate atom key "clearingHouses". This is a FATAL ERROR in
      production. But it is safe to ignore this warning if it occurred because of
      hot module replacement.
[2025-09-24 09:21:00.709] WARNING - Duplicate atom key "clearingHouses". This is a FATAL ERROR in
      production. But it is safe to ignore this warning if it occurred because of
      hot module replacement.
[2025-09-24 09:21:00.709] WARNING - Duplicate atom key "clearXClearingHouse". This is a FATAL ERROR in
      production. But it is safe to ignore this warning if it occurred because of
      hot module replacement.
[2025-09-24 09:21:00.709] WARNING - Duplicate atom key "clearXClearingHouse". This is a FATAL ERROR in
      production. But it is safe to ignore this warning if it occurred because of
      hot module replacement.
[2025-09-24 09:21:00.709] WARNING - Duplicate atom key "applicationClearingHouse". This is a FATAL ERROR in
      production. But it is safe to ignore this warning if it occurred because of
      hot module replacement.
[2025-09-24 09:21:00.709] WARNING - Duplicate atom key "applicationClearingHouse". This is a FATAL ERROR in
      production. But it is safe to ignore this warning if it occurred because of
      hot module replacement.
[2025-09-24 09:21:00.709] WARNING - Duplicate atom key "userLocation". This is a FATAL ERROR in
      production. But it is safe to ignore this warning if it occurred because of
      hot module replacement.
[2025-09-24 09:21:00.709] WARNING - Duplicate atom key "userLocation". This is a FATAL ERROR in
      production. But it is safe to ignore this warning if it occurred because of
      hot module replacement.
[2025-09-24 09:21:00.710] WARNING - Duplicate atom key "savedApplicationsTimestamp". This is a FATAL ERROR in
      production. But it is safe to ignore this warning if it occurred because of
      hot module replacement.
[2025-09-24 09:21:00.710] WARNING - Duplicate atom key "savedApplicationsTimestamp". This is a FATAL ERROR in
      production. But it is safe to ignore this warning if it occurred because of
      hot module replacement.
[2025-09-24 09:21:00.710] WARNING - Duplicate atom key "savedApplications". This is a FATAL ERROR in
      production. But it is safe to ignore this warning if it occurred because of
      hot module replacement.
[2025-09-24 09:21:00.710] WARNING - Duplicate atom key "savedApplications". This is a FATAL ERROR in
      production. But it is safe to ignore this warning if it occurred because of
      hot module replacement.
[2025-09-24 09:21:00.710] WARNING - Duplicate atom key "step". This is a FATAL ERROR in
      production. But it is safe to ignore this warning if it occurred because of
      hot module replacement.
[2025-09-24 09:21:00.710] WARNING - Duplicate atom key "step". This is a FATAL ERROR in
      production. But it is safe to ignore this warning if it occurred because of
      hot module replacement.
[2025-09-24 09:21:00.711] WARNING - Duplicate atom key "checkStates". This is a FATAL ERROR in
      production. But it is safe to ignore this warning if it occurred because of
      hot module replacement.
[2025-09-24 09:21:00.711] WARNING - Duplicate atom key "checkStates". This is a FATAL ERROR in
      production. But it is safe to ignore this warning if it occurred because of
      hot module replacement.
[2025-09-24 09:21:00.711] WARNING - Duplicate atom key "signStates". This is a FATAL ERROR in
      production. But it is safe to ignore this warning if it occurred because of
      hot module replacement.
[2025-09-24 09:21:00.711] WARNING - Duplicate atom key "signStates". This is a FATAL ERROR in
      production. But it is safe to ignore this warning if it occurred because of
      hot module replacement.
[2025-09-24 09:21:00.711] WARNING - Duplicate atom key "wizard". This is a FATAL ERROR in
      production. But it is safe to ignore this warning if it occurred because of
      hot module replacement.
[2025-09-24 09:21:00.711] WARNING - Duplicate atom key "wizard". This is a FATAL ERROR in
      production. But it is safe to ignore this warning if it occurred because of
      hot module replacement.
[2025-09-24 09:21:00.711] WARNING - Duplicate atom key "formBuilder". This is a FATAL ERROR in
      production. But it is safe to ignore this warning if it occurred because of
      hot module replacement.
[2025-09-24 09:21:00.712] WARNING - Duplicate atom key "formBuilder". This is a FATAL ERROR in
      production. But it is safe to ignore this warning if it occurred because of
      hot module replacement.
[2025-09-24 09:21:00.712] WARNING - Duplicate atom key "headerSlot". This is a FATAL ERROR in
      production. But it is safe to ignore this warning if it occurred because of
      hot module replacement.
[2025-09-24 09:21:00.712] WARNING - Duplicate atom key "headerSlot". This is a FATAL ERROR in
      production. But it is safe to ignore this warning if it occurred because of
      hot module replacement.
[2025-09-24 09:21:00.712] WARNING - Duplicate atom key "footerSlot". This is a FATAL ERROR in
      production. But it is safe to ignore this warning if it occurred because of
      hot module replacement.
[2025-09-24 09:21:00.712] WARNING - Duplicate atom key "footerSlot". This is a FATAL ERROR in
      production. But it is safe to ignore this warning if it occurred because of
      hot module replacement.
[2025-09-24 09:21:00.712] WARNING - Duplicate atom key "alloyJourneyToken". This is a FATAL ERROR in
      production. But it is safe to ignore this warning if it occurred because of
      hot module replacement.
[2025-09-24 09:21:00.712] WARNING - Duplicate atom key "alloyJourneyToken". This is a FATAL ERROR in
      production. But it is safe to ignore this warning if it occurred because of
      hot module replacement.
[2025-09-24 09:21:00.713] DEBUG - [bugsnag] Loaded!
[2025-09-24 09:21:00.713] DEBUG - [bugsnag] Loaded!
[2025-09-24 09:21:00.713] INFO - Version 3.250919.0 prod production 
[2025-09-24 09:21:00.713] INFO - Version 3.250919.0 prod production 
[2025-09-24 09:21:00.713] INFO - Time: Wed Sep 24 2025 09:21:00 GMT-0500 (Central Daylight Time)
[2025-09-24 09:21:00.713] INFO - Time:
[2025-09-24 09:21:00.776] LOG - 14:21:00.774Z Try to restore session
[2025-09-24 09:21:00.776] LOG - 14:21:00.774Z Try to restore session
[2025-09-24 09:21:00.777] LOG - 14:21:00.775Z Access token will be renewed in 75 minutes; expired: Wed Sep 24 2025 10:40:58 GMT-0500 (Central Daylight Time), now: Wed Sep 24 2025 09:21:00 GMT-0500 (Central Daylight Time)
[2025-09-24 09:21:00.777] LOG - 14:21:00.775Z Access token will be renewed in 75 minutes; expired: Wed Sep 24 2025 10:40:58 GMT-0500 (Central Daylight Time), now: Wed Sep 24 2025 09:21:00 GMT-0500 (Central Daylight Time)
[2025-09-24 09:21:00.785] WARNING - 14:21:00.784Z [LaunchDarkly] The waitForInitialization function was called without a timeout specified. In a future version a default timeout will be applied.
[2025-09-24 09:21:00.786] WARNING - 14:21:00.784Z [LaunchDarkly] The waitForInitialization function was called without a timeout specified. In a future version a default timeout will be applied.
[2025-09-24 09:21:00.790] INFO - 14:21:00.789Z chart cache state: islands=5, bars=2003
[2025-09-24 09:21:00.791] INFO - 14:21:00.789Z chart cache state: islands=5, bars=2003
[2025-09-24 09:21:00.791] INFO - 14:21:00.789Z Chart history database initialized
[2025-09-24 09:21:00.791] INFO - 14:21:00.789Z Chart history database initialized
[2025-09-24 09:21:00.801] INFO - 14:21:00.800Z [LaunchDarkly] LaunchDarkly client initialized
[2025-09-24 09:21:00.801] INFO - 14:21:00.800Z [LaunchDarkly] LaunchDarkly client initialized
[2025-09-24 09:21:00.802] INFO - 14:21:00.800Z [LaunchDarkly] Opening stream connection to https://clientstream.launchdarkly.com/eval/66cdf5b9cf61891061b4e437/eyJraW5kIjoidXNlciIsImtleSI6InVua25vd24iLCJhbm9ueW1vdXMiOmZhbHNlfQ
[2025-09-24 09:21:00.802] INFO - 14:21:00.800Z [LaunchDarkly] Opening stream connection to https://clientstream.launchdarkly.com/eval/66cdf5b9cf61891061b4e437/eyJraW5kIjoidXNlciIsImtleSI6InVua25vd24iLCJhbm9ueW1vdXMiOmZhbHNlfQ
[2025-09-24 09:21:01.419] INFO - 14:21:01.419Z [LaunchDarkly] Closing stream connection
[2025-09-24 09:21:01.420] INFO - 14:21:01.419Z [LaunchDarkly] Closing stream connection
[2025-09-24 09:21:01.421] INFO - 14:21:01.419Z [LaunchDarkly] Opening stream connection to https://clientstream.launchdarkly.com/eval/66cdf5b9cf61891061b4e437/eyJraW5kIjoidXNlciIsImtleSI6IjM2NTUwNTkiLCJkZXZpY2UiOiJkZXNrdG9wIiwidXNlcklkIjozNjU1MDU5LCJpcENvdW50cnkiOiIiLCJvcmdOYW1lIjoiVERWIiwibmFtZSI6IlN0b25rejkyMjI0IiwibGFuZGluZ1BhcmFtcyI6IiJ9
[2025-09-24 09:21:01.421] INFO - 14:21:01.419Z [LaunchDarkly] Opening stream connection to https://clientstream.launchdarkly.com/eval/66cdf5b9cf61891061b4e437/eyJraW5kIjoidXNlciIsImtleSI6IjM2NTUwNTkiLCJkZXZpY2UiOiJkZXNrdG9wIiwidXNlcklkIjozNjU1MDU5LCJpcENvdW50cnkiOiIiLCJvcmdOYW1lIjoiVERWIiwibmFtZSI6IlN0b25rejkyMjI0IiwibGFuZGluZ1BhcmFtcyI6IiJ9
[2025-09-24 09:21:01.465] INFO - 14:21:01.463Z [LaunchDarkly] Closing stream connection
[2025-09-24 09:21:01.466] INFO - 14:21:01.463Z [LaunchDarkly] Closing stream connection
[2025-09-24 09:21:01.466] INFO - 14:21:01.463Z [LaunchDarkly] Opening stream connection to https://clientstream.launchdarkly.com/eval/66cdf5b9cf61891061b4e437/eyJraW5kIjoidXNlciIsImtleSI6IjM2NTUwNTkiLCJkZXZpY2UiOiJkZXNrdG9wIiwidXNlcklkIjozNjU1MDU5LCJpcENvdW50cnkiOiJVUyIsIm9yZ05hbWUiOiJURFYiLCJuYW1lIjoiU3Rvbmt6OTIyMjQiLCJsYW5kaW5nUGFyYW1zIjoiIn0
[2025-09-24 09:21:01.467] INFO - 14:21:01.463Z [LaunchDarkly] Opening stream connection to https://clientstream.launchdarkly.com/eval/66cdf5b9cf61891061b4e437/eyJraW5kIjoidXNlciIsImtleSI6IjM2NTUwNTkiLCJkZXZpY2UiOiJkZXNrdG9wIiwidXNlcklkIjozNjU1MDU5LCJpcENvdW50cnkiOiJVUyIsIm9yZ05hbWUiOiJURFYiLCJuYW1lIjoiU3Rvbmt6OTIyMjQiLCJsYW5kaW5nUGFyYW1zIjoiIn0
[2025-09-24 09:21:02.178] LOG - 14:21:02.175Z opening https://demo.tradovateapi.com/
[2025-09-24 09:21:02.178] LOG - 14:21:02.175Z opening https://demo.tradovateapi.com/
[2025-09-24 09:21:02.181] LOG - 14:21:02.181Z Hotkeys initialized {"Shift+Digit1":["orders/selectColumns"],"Shift+Digit2":["orders/showFilters"],"Shift+Digit3":["orders/standardTableView"],"Shift+Digit4":["orders/linkedOrdersView"],"Command+Shift+Digit0":["dom-chart/exit-and-cancel"]}
[2025-09-24 09:21:02.182] LOG - 14:21:02.181Z Hotkeys initialized {"Shift+Digit1":["orders/selectColumns"],"Shift+Digit2":["orders/showFilters"],"Shift+Digit3":["orders/standardTableView"],"Shift+Digit4":["orders/linkedOrdersView"],"Command+Shift+Digit0":["dom-chart/exit-and-cancel"]}
[2025-09-24 09:21:02.246] LOG - 14:21:02.245Z websocket opened
[2025-09-24 09:21:02.246] LOG - 14:21:02.245Z websocket opened
[2025-09-24 09:21:02.347] LOG - 14:21:02.345Z opening https://md-demo.tradovateapi.com/
[2025-09-24 09:21:02.347] LOG - 14:21:02.345Z opening https://md-demo.tradovateapi.com/
[2025-09-24 09:21:02.348] LOG - 14:21:02.346Z Connection:  open
[2025-09-24 09:21:02.348] LOG - 14:21:02.346Z Connection:  open
[2025-09-24 09:21:02.392] LOG - 14:21:02.389Z WebGL:  {"isWebGL2":true,"precision":"highp","logarithmicDepthBuffer":false,"maxTextures":16,"maxVertexTextures":16,"maxTextureSize":16384,"maxCubemapSize":16384,"maxAttributes":16,"maxVertexUniforms":1024,"maxVaryings":30,"maxFragmentUniforms":1024,"vertexTextures":true,"floatFragmentTextures":true,"floatVertexTextures":true,"maxSamples":8} , devicePixelRatio:  2
[2025-09-24 09:21:02.394] LOG - 14:21:02.390Z Canvas size: 1219 998 dpp:  2
[2025-09-24 09:21:02.418] LOG - 14:21:02.401Z Loading App-level Plugins
[2025-09-24 09:21:02.420] LOG - 14:21:02.401Z Loading App-level Plugins
[2025-09-24 09:21:02.420] LOG - 14:21:02.411Z WebGL:  {"isWebGL2":true,"precision":"highp","logarithmicDepthBuffer":false,"maxTextures":16,"maxVertexTextures":16,"maxTextureSize":16384,"maxCubemapSize":16384,"maxAttributes":16,"maxVertexUniforms":1024,"maxVaryings":30,"maxFragmentUniforms":1024,"vertexTextures":true,"floatFragmentTextures":true,"floatVertexTextures":true,"maxSamples":8} , devicePixelRatio:  2
[2025-09-24 09:21:02.421] LOG - 14:21:02.411Z Canvas size: 1219 998 dpp:  2
[2025-09-24 09:21:02.480] LOG - 14:21:02.475Z websocket opened
[2025-09-24 09:21:02.481] LOG - 14:21:02.475Z websocket opened
[2025-09-24 09:21:02.710] LOG - 14:21:02.709Z loadAppLevelPlugins:  [object Object]
[2025-09-24 09:21:02.710] LOG - 14:21:02.709Z loadAppLevelPlugins: 
[2025-09-24 09:21:03.567] LOG - 14:21:03.566Z jailing is in progress
[2025-09-24 09:21:03.568] LOG - 14:21:03.566Z jailing is in progress
[2025-09-24 09:21:03.830] LOG - 14:21:03.828Z created chart 1
[2025-09-24 09:21:03.987] LOG - 14:21:03.986Z pending jailing done. next starts
[2025-09-24 09:21:03.987] LOG - 14:21:03.986Z pending jailing done. next starts
[2025-09-24 09:21:04.244] LOG - 14:21:04.243Z requestChart: {"symbol":"3267312","chartDescription":{"underlyingType":"Tick","elementSize":5000,"elementSizeUnit":"UnderlyingUnits","withHistogram":false},"timeRange":{"asMuchAsElements":300}}
[2025-09-24 09:21:04.245] LOG - 14:21:04.243Z requestChart: {"symbol":"3267312","chartDescription":{"underlyingType":"Tick","elementSize":5000,"elementSizeUnit":"UnderlyingUnits","withHistogram":false},"timeRange":{"asMuchAsElements":300}}
[2025-09-24 09:21:04.245] LOG - 14:21:04.243Z mdMgApi open
[2025-09-24 09:21:04.245] LOG - 14:21:04.243Z mdMgApi open
[2025-09-24 09:21:05.089] LOG - 14:21:05.087Z updating the shared isolation
[2025-09-24 09:21:05.089] LOG - 14:21:05.087Z updating the shared isolation
[2025-09-24 09:21:05.439] LOG - 14:21:05.438Z updating the shared isolation
[2025-09-24 09:21:05.439] LOG - 14:21:05.438Z updating the shared isolation
[2025-09-24 09:21:05.487] DEBUG - 14:21:05.486Z Slow prev calc
[2025-09-24 09:21:05.488] DEBUG - 14:21:05.486Z Slow prev calc
[2025-09-24 09:21:06.705] LOG - 14:21:06.703Z Auto Order script initialized - AUTOMATIC HOT RELOAD SUCCESS!
[2025-09-24 09:21:06.705] LOG - 14:21:06.703Z Auto Order script initialized - AUTOMATIC HOT RELOAD SUCCESS!
[2025-09-24 09:21:06.706] LOG - 14:21:06.704Z Creating UI...
[2025-09-24 09:21:06.706] LOG - 14:21:06.704Z Creating UI...
[2025-09-24 09:21:06.706] LOG - 14:21:06.704Z Creating UI
[2025-09-24 09:21:06.706] LOG - 14:21:06.704Z Creating UI
[2025-09-24 09:21:06.707] LOG - 14:21:06.705Z Stored values: TP=90, SL=30, Qty=20, Tick=0.25, Symbol=NQ
[2025-09-24 09:21:06.707] LOG - 14:21:06.705Z Stored values: TP=90, SL=30, Qty=20, Tick=0.25, Symbol=NQ
[2025-09-24 09:21:06.707] LOG - 14:21:06.706Z UI container added to DOM
[2025-09-24 09:21:06.708] LOG - 14:21:06.706Z UI container added to DOM
[2025-09-24 09:21:06.709] LOG - 14:21:06.707Z Setting up UI event handlers
[2025-09-24 09:21:06.709] LOG - 14:21:06.707Z Setting up UI event handlers
[2025-09-24 09:21:06.710] LOG - 14:21:06.707Z Setting up persistent settings
[2025-09-24 09:21:06.710] LOG - 14:21:06.707Z Setting up persistent settings
[2025-09-24 09:21:06.711] LOG - 14:21:06.707Z Setting up drag functionality
[2025-09-24 09:21:06.712] LOG - 14:21:06.707Z Setting up drag functionality
[2025-09-24 09:21:06.712] LOG - 14:21:06.707Z Setting up trade buttons
[2025-09-24 09:21:06.713] LOG - 14:21:06.707Z Setting up trade buttons
[2025-09-24 09:21:06.713] LOG - 14:21:06.707Z UI creation complete
[2025-09-24 09:21:06.714] LOG - 14:21:06.707Z UI creation complete
[2025-09-24 09:21:06.714] LOG - 14:21:06.707Z Creating example front-quarter symbol
[2025-09-24 09:21:06.714] LOG - 14:21:06.707Z Creating example front-quarter symbol
[2025-09-24 09:21:06.714] LOG - 14:21:06.707Z getQuarterlyCode called with date: 2025-09-24T14:21:06.707Z
[2025-09-24 09:21:06.714] LOG - 14:21:06.707Z getQuarterlyCode called with date: 2025-09-24T14:21:06.707Z
[2025-09-24 09:21:06.715] LOG - 14:21:06.707Z Current month index: 8
[2025-09-24 09:21:06.715] LOG - 14:21:06.707Z Current month index: 8
[2025-09-24 09:21:06.715] LOG - 14:21:06.708Z Starting calculation with year=2025, month=8
[2025-09-24 09:21:06.715] LOG - 14:21:06.708Z Starting calculation with year=2025, month=8
[2025-09-24 09:21:06.715] LOG - 14:21:06.708Z Calculated quarterly code: letter=Z, yearDigit=5
[2025-09-24 09:21:06.715] LOG - 14:21:06.708Z Calculated quarterly code: letter=Z, yearDigit=5
[2025-09-24 09:21:06.715] LOG - 14:21:06.708Z Example front-quarter symbol created: NQZ5
[2025-09-24 09:21:06.715] LOG - 14:21:06.708Z Example front-quarter symbol created: NQZ5
[2025-09-24 09:21:06.722] LOG - 14:21:06.721Z Auto Risk Management: Running initial risk assessment...
[2025-09-24 09:21:06.722] LOG - 14:21:06.721Z Auto Risk Management: Running initial risk assessment...
[2025-09-24 09:21:06.723] LOG - 14:21:06.722Z [analyzePhase] resetting phaseData
[2025-09-24 09:21:06.724] LOG - 14:21:06.722Z [analyzePhase] resetting phaseData
[2025-09-24 09:21:06.724] LOG - 14:21:06.722Z [analyzePhase] set phase 1 maxActive to 1
[2025-09-24 09:21:06.725] LOG - 14:21:06.722Z [analyzePhase] set phase 1 maxActive to 1
[2025-09-24 09:21:06.726] LOG - 14:21:06.722Z [analyzePhase] increased phase 2 maxActive to 1
[2025-09-24 09:21:06.726] LOG - 14:21:06.722Z [analyzePhase] increased phase 2 maxActive to 1
[2025-09-24 09:21:06.727] LOG - 14:21:06.723Z [updateUserColumnPhaseStatus] Starting...
[2025-09-24 09:21:06.727] LOG - 14:21:06.723Z [updateUserColumnPhaseStatus] Starting...
[2025-09-24 09:21:06.728] LOG - 14:21:06.723Z [updateUserColumnPhaseStatus] Found 4 rows
[2025-09-24 09:21:06.729] LOG - 14:21:06.723Z [updateUserColumnPhaseStatus] Found 4 rows
[2025-09-24 09:21:06.730] LOG - 14:21:06.723Z [updateUserColumnPhaseStatus] Header cells: Account ▲,Total Available Margin,User,Dist Drawdown Net Liq,Dollar Open P L,Dollar Total P L
[2025-09-24 09:21:06.731] LOG - 14:21:06.723Z [updateUserColumnPhaseStatus] Header cells:
[2025-09-24 09:21:06.732] LOG - 14:21:06.723Z [updateUserColumnPhaseStatus] Found User column at index 2
[2025-09-24 09:21:06.732] LOG - 14:21:06.723Z [updateUserColumnPhaseStatus] Found User column at index 2
[2025-09-24 09:21:06.732] LOG - 14:21:06.723Z [updateUserColumnPhaseStatus] Getting table data...
[2025-09-24 09:21:06.732] LOG - 14:21:06.723Z [updateUserColumnPhaseStatus] Getting table data...
[2025-09-24 09:21:06.732] LOG - 14:21:06.723Z [analyzePhase] resetting phaseData
[2025-09-24 09:21:06.733] LOG - 14:21:06.723Z [analyzePhase] resetting phaseData
[2025-09-24 09:21:06.733] LOG - 14:21:06.724Z [analyzePhase] set phase 1 maxActive to 1
[2025-09-24 09:21:06.733] LOG - 14:21:06.724Z [analyzePhase] set phase 1 maxActive to 1
[2025-09-24 09:21:06.733] LOG - 14:21:06.724Z [analyzePhase] increased phase 2 maxActive to 1
[2025-09-24 09:21:06.733] LOG - 14:21:06.724Z [analyzePhase] increased phase 2 maxActive to 1
[2025-09-24 09:21:06.733] LOG - 14:21:06.724Z [updateUserColumnPhaseStatus] Table data: 3 rows
[2025-09-24 09:21:06.733] LOG - 14:21:06.724Z [updateUserColumnPhaseStatus] Table data: 3 rows
[2025-09-24 09:21:06.734] LOG - 14:21:06.724Z [updateUserColumnPhaseStatus] First data row has 6 cells, we need index 2
[2025-09-24 09:21:06.734] LOG - 14:21:06.724Z [updateUserColumnPhaseStatus] First data row has 6 cells, we need index 2
[2025-09-24 09:21:06.734] LOG - 14:21:06.724Z [updateUserColumnPhaseStatus] Setting row 1 (DEMO3655059) phase=1, active=true
[2025-09-24 09:21:06.734] LOG - 14:21:06.724Z [updateUserColumnPhaseStatus] Setting row 1 (DEMO3655059) phase=1, active=true
[2025-09-24 09:21:06.734] LOG - 14:21:06.724Z [updateUserColumnPhaseStatus] Setting row 2 (DEMO3655059-1) phase=2, active=true
[2025-09-24 09:21:06.734] LOG - 14:21:06.724Z [updateUserColumnPhaseStatus] Setting row 2 (DEMO3655059-1) phase=2, active=true
[2025-09-24 09:21:06.735] LOG - 14:21:06.724Z [updateUserColumnPhaseStatus] Setting row 3 (DEMO3655059-2) phase=2, active=false
[2025-09-24 09:21:06.735] LOG - 14:21:06.724Z [updateUserColumnPhaseStatus] Setting row 3 (DEMO3655059-2) phase=2, active=false
[2025-09-24 09:21:06.735] LOG - 14:21:06.724Z [updateUserColumnPhaseStatus] Completed
[2025-09-24 09:21:06.735] LOG - 14:21:06.724Z [updateUserColumnPhaseStatus] Completed
[2025-09-24 09:21:06.747] warning - The AudioContext was not allowed to start. It must be resumed (or created) after a user gesture on the page. https://developer.chrome.com/blog/autoplay/#web_audio
[2025-09-24 09:21:06.748] LOG - 14:21:06.734Z Auto Risk Management: Initial risk assessment completed
[2025-09-24 09:21:06.748] LOG - 14:21:06.734Z Auto Risk Management: Initial risk assessment completed
[2025-09-24 09:21:07.753] LOG - 14:21:07.752Z Executing initial risk management assessment...
[2025-09-24 09:21:07.754] LOG - 14:21:07.752Z Executing initial risk management assessment...
[2025-09-24 09:21:07.754] ERROR - 14:21:07.752Z getTableData function not found
[2025-09-24 09:21:07.754] ERROR - 14:21:07.752Z getTableData function not found
[2025-09-24 09:21:07.755] ERROR - 14:21:07.754Z updateUserColumnPhaseStatus function not found
[2025-09-24 09:21:07.755] ERROR - 14:21:07.754Z updateUserColumnPhaseStatus function not found
[2025-09-24 09:21:07.756] ERROR - 14:21:07.755Z performAccountActions function not found
[2025-09-24 09:21:07.757] ERROR - 14:21:07.755Z performAccountActions function not found
[2025-09-24 09:21:07.757] LOG - 14:21:07.755Z Risk management assessment completed
[2025-09-24 09:21:07.758] LOG - 14:21:07.755Z Risk management assessment completed
[2025-09-24 09:21:07.792] LOG - 14:21:07.791Z [analyzePhase] resetting phaseData
[2025-09-24 09:21:07.793] LOG - 14:21:07.791Z [analyzePhase] resetting phaseData
[2025-09-24 09:21:07.793] LOG - 14:21:07.791Z [analyzePhase] set phase 1 maxActive to 1
[2025-09-24 09:21:07.793] LOG - 14:21:07.791Z [analyzePhase] set phase 1 maxActive to 1
[2025-09-24 09:21:07.794] LOG - 14:21:07.791Z [analyzePhase] increased phase 2 maxActive to 1
[2025-09-24 09:21:07.794] LOG - 14:21:07.791Z [analyzePhase] increased phase 2 maxActive to 1
[2025-09-24 09:21:08.294] LOG - 14:21:08.293Z [analyzePhase] resetting phaseData
[2025-09-24 09:21:08.296] LOG - 14:21:08.293Z [analyzePhase] resetting phaseData
[2025-09-24 09:21:08.298] LOG - 14:21:08.293Z [analyzePhase] set phase 1 maxActive to 1
[2025-09-24 09:21:08.298] LOG - 14:21:08.293Z [analyzePhase] set phase 1 maxActive to 1
[2025-09-24 09:21:08.299] LOG - 14:21:08.293Z [analyzePhase] increased phase 2 maxActive to 1
[2025-09-24 09:21:08.300] LOG - 14:21:08.293Z [analyzePhase] increased phase 2 maxActive to 1
[2025-09-24 09:21:08.300] LOG - 14:21:08.294Z Set DEMO3655059 qty to 20
[2025-09-24 09:21:08.301] LOG - 14:21:08.294Z Set DEMO3655059-1 qty to 10
[2025-09-24 09:21:08.302] LOG - 14:21:08.294Z [analyzePhase] resetting phaseData
[2025-09-24 09:21:08.302] LOG - 14:21:08.294Z [analyzePhase] resetting phaseData
[2025-09-24 09:21:08.302] LOG - 14:21:08.295Z [analyzePhase] set phase 1 maxActive to 1
[2025-09-24 09:21:08.303] LOG - 14:21:08.295Z [analyzePhase] set phase 1 maxActive to 1
[2025-09-24 09:21:08.303] LOG - 14:21:08.295Z [analyzePhase] increased phase 2 maxActive to 1
[2025-09-24 09:21:08.303] LOG - 14:21:08.295Z [analyzePhase] increased phase 2 maxActive to 1
[2025-09-24 09:21:09.892] LOG - 14:21:09.890Z Updated master quantity to 30
[2025-09-24 09:21:09.893] LOG - 14:21:09.890Z Quantity input changed to: 30
[2025-09-24 09:21:09.893] LOG - 14:21:09.890Z Quantity input changed to: 30
[2025-09-24 09:21:09.894] LOG - 14:21:09.890Z Updated bracket trade quantity to 30
[2025-09-24 09:22:00.807] INFO - 14:22:00.805Z time stats. avg diff: -176, min: -176, max: -176, roundtrip: 23 msec, #1
[2025-09-24 09:22:00.807] INFO - 14:22:00.805Z time stats. avg diff: -176, min: -176, max: -176, roundtrip: 23 msec, #1
[2025-09-24 09:23:02.426] LOG - 14:23:02.425Z WebGL:  {"geometries":91,"textures":1} 6 , devicePixelRatio:  2
[2025-09-24 09:23:18.857] LOG - 14:23:18.851Z timeViewChanged [object Object]
[2025-09-24 09:23:18.859] LOG - 14:23:18.851Z timeViewChanged
[2025-09-24 09:25:02.422] LOG - 14:25:02.421Z WebGL:  {"geometries":88,"textures":1} 6 , devicePixelRatio:  2
[2025-09-24 09:27:02.421] LOG - 14:27:02.420Z WebGL:  {"geometries":88,"textures":1} 6 , devicePixelRatio:  2
[2025-09-24 09:27:49.213] INFO - 14:27:49.212Z visibilitychange: hidden, gd: 1000
[2025-09-24 09:27:49.220] INFO - 14:27:49.212Z visibilitychange: hidden, gd: 1000
