[2025-09-27 08:24:04.215] LOG - 13:24:04.213Z Starting login process for: zenex3298@gmail.com
[2025-09-27 08:24:04.216] LOG - 13:24:04.213Z Starting login process for: zenex3298@gmail.com
[2025-09-27 08:24:04.217] LOG - 13:24:04.214Z Auto login function executing for: zenex3298@gmail.com
[2025-09-27 08:24:04.218] LOG - 13:24:04.214Z Auto login function executing for: zenex3298@gmail.com
[2025-09-27 08:24:04.218] LOG - 13:24:04.214Z Login form found, filling credentials...
[2025-09-27 08:24:04.218] LOG - 13:24:04.214Z Login form found, filling credentials...
[2025-09-27 08:24:04.363] LOG - 13:24:04.244Z Test element added to DOM
[2025-09-27 08:24:04.364] LOG - 13:24:04.244Z Test element added to DOM
[2025-09-27 08:24:04.366] LOG - 13:24:04.364Z All browser alerts and confirmations have been disabled
[2025-09-27 08:24:04.368] LOG - 13:24:04.364Z All browser alerts and confirmations have been disabled
[2025-09-27 08:24:04.729] LOG - 13:24:04.728Z Clicking login button...
[2025-09-27 08:24:04.730] LOG - 13:24:04.728Z Clicking login button...
[2025-09-27 08:24:04.740] LOG - 13:24:04.737Z authentication starting
[2025-09-27 08:24:04.740] LOG - 13:24:04.737Z authentication starting
[2025-09-27 08:24:05.195] warning - The AudioContext was not allowed to start. It must be resumed (or created) after a user gesture on the page. https://developer.chrome.com/blog/autoplay/#web_audio
[2025-09-27 08:24:05.221] LOG - 13:24:05.171Z Watching for account selection page...
[2025-09-27 08:24:05.221] LOG - 13:24:05.171Z Watching for account selection page...
[2025-09-27 08:24:05.455] LOG - 13:24:05.454Z Access token will be renewed in 75 minutes; expired: Sat Sep 27 2025 09:44:05 GMT-0500 (Central Daylight Time), now: Sat Sep 27 2025 08:24:05 GMT-0500 (Central Daylight Time)
[2025-09-27 08:24:05.457] LOG - 13:24:05.454Z Access token will be renewed in 75 minutes; expired: Sat Sep 27 2025 09:44:05 GMT-0500 (Central Daylight Time), now: Sat Sep 27 2025 08:24:05 GMT-0500 (Central Daylight Time)
[2025-09-27 08:24:05.806] INFO - 13:24:05.804Z [LaunchDarkly] Closing stream connection
[2025-09-27 08:24:05.807] INFO - 13:24:05.804Z [LaunchDarkly] Closing stream connection
[2025-09-27 08:24:05.823] INFO - 13:24:05.804Z [LaunchDarkly] Opening stream connection to https://clientstream.launchdarkly.com/eval/66cdf5b9cf61891061b4e437/eyJraW5kIjoidXNlciIsImtleSI6IjQ2NTYwMjciLCJkZXZpY2UiOiJkZXNrdG9wIiwidXNlcklkIjo0NjU2MDI3LCJpcENvdW50cnkiOiJVUyIsIm9yZ05hbWUiOiJURFYiLCJuYW1lIjoiWmVuZXgzMjk4IiwibGFuZGluZ1BhcmFtcyI6IiJ9
[2025-09-27 08:24:05.825] INFO - 13:24:05.804Z [LaunchDarkly] Opening stream connection to https://clientstream.launchdarkly.com/eval/66cdf5b9cf61891061b4e437/eyJraW5kIjoidXNlciIsImtleSI6IjQ2NTYwMjciLCJkZXZpY2UiOiJkZXNrdG9wIiwidXNlcklkIjo0NjU2MDI3LCJpcENvdW50cnkiOiJVUyIsIm9yZ05hbWUiOiJURFYiLCJuYW1lIjoiWmVuZXgzMjk4IiwibGFuZGluZ1BhcmFtcyI6IiJ9
[2025-09-27 08:24:05.825] INFO - 13:24:05.804Z [LaunchDarkly] Closing stream connection
[2025-09-27 08:24:05.826] INFO - 13:24:05.804Z [LaunchDarkly] Closing stream connection
[2025-09-27 08:24:05.826] INFO - 13:24:05.805Z [LaunchDarkly] Opening stream connection to https://clientstream.launchdarkly.com/eval/66cdf5b9cf61891061b4e437/eyJraW5kIjoidXNlciIsImtleSI6IjQ2NTYwMjciLCJkZXZpY2UiOiJkZXNrdG9wIiwidXNlcklkIjo0NjU2MDI3LCJpcENvdW50cnkiOiJVUyIsIm9yZ05hbWUiOiJURFYiLCJuYW1lIjoiWmVuZXgzMjk4IiwibGFuZGluZ1BhcmFtcyI6IiJ9
[2025-09-27 08:24:05.826] INFO - 13:24:05.805Z [LaunchDarkly] Opening stream connection to https://clientstream.launchdarkly.com/eval/66cdf5b9cf61891061b4e437/eyJraW5kIjoidXNlciIsImtleSI6IjQ2NTYwMjciLCJkZXZpY2UiOiJkZXNrdG9wIiwidXNlcklkIjo0NjU2MDI3LCJpcENvdW50cnkiOiJVUyIsIm9yZ05hbWUiOiJURFYiLCJuYW1lIjoiWmVuZXgzMjk4IiwibGFuZGluZ1BhcmFtcyI6IiJ9
[2025-09-27 08:24:05.856] INFO - 13:24:05.854Z [LaunchDarkly] Closing stream connection
[2025-09-27 08:24:05.859] INFO - 13:24:05.854Z [LaunchDarkly] Closing stream connection
[2025-09-27 08:24:05.860] INFO - 13:24:05.854Z [LaunchDarkly] Opening stream connection to https://clientstream.launchdarkly.com/eval/66cdf5b9cf61891061b4e437/eyJraW5kIjoidXNlciIsImtleSI6IjQ2NTYwMjciLCJkZXZpY2UiOiJkZXNrdG9wIiwidXNlcklkIjo0NjU2MDI3LCJpcENvdW50cnkiOiJVUyIsIm9yZ05hbWUiOiJURFYiLCJuYW1lIjoiWmVuZXgzMjk4IiwibGFuZGluZ1BhcmFtcyI6IiJ9
[2025-09-27 08:24:05.860] INFO - 13:24:05.854Z [LaunchDarkly] Opening stream connection to https://clientstream.launchdarkly.com/eval/66cdf5b9cf61891061b4e437/eyJraW5kIjoidXNlciIsImtleSI6IjQ2NTYwMjciLCJkZXZpY2UiOiJkZXNrdG9wIiwidXNlcklkIjo0NjU2MDI3LCJpcENvdW50cnkiOiJVUyIsIm9yZ05hbWUiOiJURFYiLCJuYW1lIjoiWmVuZXgzMjk4IiwibGFuZGluZ1BhcmFtcyI6IiJ9
[2025-09-27 08:24:06.173] LOG - 13:24:06.172Z Account selection page detected, clicking button...
[2025-09-27 08:24:06.173] LOG - 13:24:06.172Z Account selection page detected, clicking button...
[2025-09-27 08:24:06.309] LOG - 13:24:06.280Z Access token will be renewed in 75 minutes; expired: Sat Sep 27 2025 09:44:05 GMT-0500 (Central Daylight Time), now: Sat Sep 27 2025 08:24:06 GMT-0500 (Central Daylight Time)
[2025-09-27 08:24:06.310] LOG - 13:24:06.280Z Access token will be renewed in 75 minutes; expired: Sat Sep 27 2025 09:44:05 GMT-0500 (Central Daylight Time), now: Sat Sep 27 2025 08:24:06 GMT-0500 (Central Daylight Time)
[2025-09-27 08:24:06.372] error - Refused to connect to 'https://bat.bing.com/actionp/0?ti=26330043&Ver=2&mid=cd0facd3-e6da-45fc-9592-e9f0d9a80f92&bo=2&sid=3660cc809ad411f094ce7fdad7d91748&vid=9abf384092fe11f0b30e9fac449e4642&vids=0&msclkid=N&evt=pageHide' because it violates the following Content Security Policy directive: "connect-src wss://*.tradovate.com https://*.tradovate.com https://*.ntinnolab.com https://*.devel.ninjatrader.dev https://*.staging.ninjatrader.dev https://*.uat.ninjatrader.dev wss://*.ntinnolab.com wss://*.devel.ninjatrader.dev wss://*.staging.ninjatrader.dev wss://*.uat.ninjatrader.dev wss://*.tradovateapi.com https://*.tradovateapi.com https://*.ninjatrader.com https://cdn.walkme.com https://ec.walkme.com https://sessions.bugsnag.com https://notify.bugsnag.com https://*.plaid.com https://*.yodlee.com https://tradovate.zendesk.com https://rollout.ada.support https://static.ada.support https://ninjatrader.ada.support https://tradovate.ada.support https://ninjatrader-eap.ada.support/ https://demo-ninjatrader-gr.ada.support/ https://tradovate-gen.ada.support/ https://api.stripe.com https://apiproxy.ninjatrader.com https://apiproxy-d.ninjatrader.com https://us-autocomplete-pro.api.smartystreets.com https://international-autocomplete.api.smarty.com https://maps.googleapis.com https://accounts.google.com/ https://www.google.com https://www.googletagmanager.com/ https://*.browser-intake-datadoghq.com https://scripts.neuro-id.com https://receiver.neuroid.cloud https://logs.neuro-id.com https://firebaseinstallations.googleapis.com/ https://firebaseremoteconfig.googleapis.com/ https://logx.optimizely.com https://*.optimizely.com wss://mpsnare.iesnare.com wss://ci-mpsnare.iovation.com https://*.iovation.com/ https://*.reddit.com  https://www.redditstatic.com https://*.taboola.com https://*.launchdarkly.com https://*.alloy.co https://*.maze.co https://www.google-analytics.com https://analytics.google.com https://www.googletagmanager.com/ https://api.hubapi.com https://forms.hubspot.com https://stats.g.doubleclick.net https://alb.reddit.com https://analytics.twitter.com https://heapanalytics.com https://*.auryc.com https://*.contentsquare.net https://siteintercept.qualtrics.com https://api.userway.org/".

[2025-09-27 08:24:06.373] INFO - 13:24:06.370Z visibilitychange: hidden, gd: 1000
[2025-09-27 08:24:06.374] INFO - 13:24:06.370Z visibilitychange: hidden, gd: 1000
[2025-09-27 08:24:06.377] WARNING - 13:24:06.371Z [LaunchDarkly] Error on stream connection: {"isTrusted":true}, will continue retrying after 535 milliseconds.
[2025-09-27 08:24:06.378] WARNING - 13:24:06.371Z [LaunchDarkly] Error on stream connection: {"isTrusted":true}, will continue retrying after 535 milliseconds.
[2025-09-27 08:24:06.378] INFO - 13:24:06.371Z [LaunchDarkly] Closing stream connection
[2025-09-27 08:24:06.378] INFO - 13:24:06.371Z [LaunchDarkly] Closing stream connection
[2025-09-27 08:24:06.807] WARNING - Duplicate atom key "locale". This is a FATAL ERROR in
      production. But it is safe to ignore this warning if it occurred because of
      hot module replacement.
[2025-09-27 08:24:06.808] WARNING - Duplicate atom key "locale". This is a FATAL ERROR in
      production. But it is safe to ignore this warning if it occurred because of
      hot module replacement.
[2025-09-27 08:24:06.810] WARNING - Duplicate atom key "muiTheme". This is a FATAL ERROR in
      production. But it is safe to ignore this warning if it occurred because of
      hot module replacement.
[2025-09-27 08:24:06.811] WARNING - Duplicate atom key "muiTheme". This is a FATAL ERROR in
      production. But it is safe to ignore this warning if it occurred because of
      hot module replacement.
[2025-09-27 08:24:06.812] WARNING - Duplicate atom key "appLinksFooter". This is a FATAL ERROR in
      production. But it is safe to ignore this warning if it occurred because of
      hot module replacement.
[2025-09-27 08:24:06.813] WARNING - Duplicate atom key "appLinksFooter". This is a FATAL ERROR in
      production. But it is safe to ignore this warning if it occurred because of
      hot module replacement.
[2025-09-27 08:24:06.814] WARNING - Duplicate atom key "currentUserId2". This is a FATAL ERROR in
      production. But it is safe to ignore this warning if it occurred because of
      hot module replacement.
[2025-09-27 08:24:06.815] WARNING - Duplicate atom key "currentUserId2". This is a FATAL ERROR in
      production. But it is safe to ignore this warning if it occurred because of
      hot module replacement.
[2025-09-27 08:24:06.815] WARNING - Duplicate atom key "onboardingInProgress". This is a FATAL ERROR in
      production. But it is safe to ignore this warning if it occurred because of
      hot module replacement.
[2025-09-27 08:24:06.817] WARNING - Duplicate atom key "onboardingInProgress". This is a FATAL ERROR in
      production. But it is safe to ignore this warning if it occurred because of
      hot module replacement.
[2025-09-27 08:24:06.818] WARNING - Duplicate atom key "editing". This is a FATAL ERROR in
      production. But it is safe to ignore this warning if it occurred because of
      hot module replacement.
[2025-09-27 08:24:06.819] WARNING - Duplicate atom key "editing". This is a FATAL ERROR in
      production. But it is safe to ignore this warning if it occurred because of
      hot module replacement.
[2025-09-27 08:24:06.819] WARNING - Duplicate atom key "infoMessage". This is a FATAL ERROR in
      production. But it is safe to ignore this warning if it occurred because of
      hot module replacement.
[2025-09-27 08:24:06.820] WARNING - Duplicate atom key "infoMessage". This is a FATAL ERROR in
      production. But it is safe to ignore this warning if it occurred because of
      hot module replacement.
[2025-09-27 08:24:06.821] WARNING - Duplicate atom key "browserWarning". This is a FATAL ERROR in
      production. But it is safe to ignore this warning if it occurred because of
      hot module replacement.
[2025-09-27 08:24:06.823] WARNING - Duplicate atom key "browserWarning". This is a FATAL ERROR in
      production. But it is safe to ignore this warning if it occurred because of
      hot module replacement.
[2025-09-27 08:24:06.823] WARNING - Duplicate atom key "clockWarning". This is a FATAL ERROR in
      production. But it is safe to ignore this warning if it occurred because of
      hot module replacement.
[2025-09-27 08:24:06.824] WARNING - Duplicate atom key "clockWarning". This is a FATAL ERROR in
      production. But it is safe to ignore this warning if it occurred because of
      hot module replacement.
[2025-09-27 08:24:06.826] WARNING - Duplicate atom key "breakpoint". This is a FATAL ERROR in
      production. But it is safe to ignore this warning if it occurred because of
      hot module replacement.
[2025-09-27 08:24:06.827] WARNING - Duplicate atom key "breakpoint". This is a FATAL ERROR in
      production. But it is safe to ignore this warning if it occurred because of
      hot module replacement.
[2025-09-27 08:24:06.828] WARNING - Duplicate atom key "inMobileRange". This is a FATAL ERROR in
      production. But it is safe to ignore this warning if it occurred because of
      hot module replacement.
[2025-09-27 08:24:06.829] WARNING - Duplicate atom key "inMobileRange". This is a FATAL ERROR in
      production. But it is safe to ignore this warning if it occurred because of
      hot module replacement.
[2025-09-27 08:24:06.830] WARNING - Duplicate atom key "gridSpacing". This is a FATAL ERROR in
      production. But it is safe to ignore this warning if it occurred because of
      hot module replacement.
[2025-09-27 08:24:06.831] WARNING - Duplicate atom key "gridSpacing". This is a FATAL ERROR in
      production. But it is safe to ignore this warning if it occurred because of
      hot module replacement.
[2025-09-27 08:24:06.832] WARNING - Duplicate atom key "login". This is a FATAL ERROR in
      production. But it is safe to ignore this warning if it occurred because of
      hot module replacement.
[2025-09-27 08:24:06.833] WARNING - Duplicate atom key "login". This is a FATAL ERROR in
      production. But it is safe to ignore this warning if it occurred because of
      hot module replacement.
[2025-09-27 08:24:06.834] WARNING - Duplicate atom key "error". This is a FATAL ERROR in
      production. But it is safe to ignore this warning if it occurred because of
      hot module replacement.
[2025-09-27 08:24:06.836] WARNING - Duplicate atom key "error". This is a FATAL ERROR in
      production. But it is safe to ignore this warning if it occurred because of
      hot module replacement.
[2025-09-27 08:24:06.837] WARNING - Duplicate atom key "contactInfos2". This is a FATAL ERROR in
      production. But it is safe to ignore this warning if it occurred because of
      hot module replacement.
[2025-09-27 08:24:06.837] WARNING - Duplicate atom key "contactInfos2". This is a FATAL ERROR in
      production. But it is safe to ignore this warning if it occurred because of
      hot module replacement.
[2025-09-27 08:24:06.838] WARNING - Duplicate atom key "individualApplicantsTimestamp". This is a FATAL ERROR in
      production. But it is safe to ignore this warning if it occurred because of
      hot module replacement.
[2025-09-27 08:24:06.838] WARNING - Duplicate atom key "individualApplicantsTimestamp". This is a FATAL ERROR in
      production. But it is safe to ignore this warning if it occurred because of
      hot module replacement.
[2025-09-27 08:24:06.838] WARNING - Duplicate atom key "customerApplication". This is a FATAL ERROR in
      production. But it is safe to ignore this warning if it occurred because of
      hot module replacement.
[2025-09-27 08:24:06.838] WARNING - Duplicate atom key "customerApplication". This is a FATAL ERROR in
      production. But it is safe to ignore this warning if it occurred because of
      hot module replacement.
[2025-09-27 08:24:06.838] WARNING - Duplicate atom key "individualApplicants". This is a FATAL ERROR in
      production. But it is safe to ignore this warning if it occurred because of
      hot module replacement.
[2025-09-27 08:24:06.839] WARNING - Duplicate atom key "individualApplicants". This is a FATAL ERROR in
      production. But it is safe to ignore this warning if it occurred because of
      hot module replacement.
[2025-09-27 08:24:06.839] WARNING - Duplicate atom key "clearingHouses". This is a FATAL ERROR in
      production. But it is safe to ignore this warning if it occurred because of
      hot module replacement.
[2025-09-27 08:24:06.839] WARNING - Duplicate atom key "clearingHouses". This is a FATAL ERROR in
      production. But it is safe to ignore this warning if it occurred because of
      hot module replacement.
[2025-09-27 08:24:06.839] WARNING - Duplicate atom key "clearXClearingHouse". This is a FATAL ERROR in
      production. But it is safe to ignore this warning if it occurred because of
      hot module replacement.
[2025-09-27 08:24:06.839] WARNING - Duplicate atom key "clearXClearingHouse". This is a FATAL ERROR in
      production. But it is safe to ignore this warning if it occurred because of
      hot module replacement.
[2025-09-27 08:24:06.839] WARNING - Duplicate atom key "applicationClearingHouse". This is a FATAL ERROR in
      production. But it is safe to ignore this warning if it occurred because of
      hot module replacement.
[2025-09-27 08:24:06.840] WARNING - Duplicate atom key "applicationClearingHouse". This is a FATAL ERROR in
      production. But it is safe to ignore this warning if it occurred because of
      hot module replacement.
[2025-09-27 08:24:06.840] WARNING - Duplicate atom key "userLocation". This is a FATAL ERROR in
      production. But it is safe to ignore this warning if it occurred because of
      hot module replacement.
[2025-09-27 08:24:06.840] WARNING - Duplicate atom key "userLocation". This is a FATAL ERROR in
      production. But it is safe to ignore this warning if it occurred because of
      hot module replacement.
[2025-09-27 08:24:06.840] WARNING - Duplicate atom key "savedApplicationsTimestamp". This is a FATAL ERROR in
      production. But it is safe to ignore this warning if it occurred because of
      hot module replacement.
[2025-09-27 08:24:06.841] WARNING - Duplicate atom key "savedApplicationsTimestamp". This is a FATAL ERROR in
      production. But it is safe to ignore this warning if it occurred because of
      hot module replacement.
[2025-09-27 08:24:06.841] WARNING - Duplicate atom key "savedApplications". This is a FATAL ERROR in
      production. But it is safe to ignore this warning if it occurred because of
      hot module replacement.
[2025-09-27 08:24:06.841] WARNING - Duplicate atom key "savedApplications". This is a FATAL ERROR in
      production. But it is safe to ignore this warning if it occurred because of
      hot module replacement.
[2025-09-27 08:24:06.841] WARNING - Duplicate atom key "step". This is a FATAL ERROR in
      production. But it is safe to ignore this warning if it occurred because of
      hot module replacement.
[2025-09-27 08:24:06.841] WARNING - Duplicate atom key "step". This is a FATAL ERROR in
      production. But it is safe to ignore this warning if it occurred because of
      hot module replacement.
[2025-09-27 08:24:06.842] WARNING - Duplicate atom key "checkStates". This is a FATAL ERROR in
      production. But it is safe to ignore this warning if it occurred because of
      hot module replacement.
[2025-09-27 08:24:06.842] WARNING - Duplicate atom key "checkStates". This is a FATAL ERROR in
      production. But it is safe to ignore this warning if it occurred because of
      hot module replacement.
[2025-09-27 08:24:06.842] WARNING - Duplicate atom key "signStates". This is a FATAL ERROR in
      production. But it is safe to ignore this warning if it occurred because of
      hot module replacement.
[2025-09-27 08:24:06.842] WARNING - Duplicate atom key "signStates". This is a FATAL ERROR in
      production. But it is safe to ignore this warning if it occurred because of
      hot module replacement.
[2025-09-27 08:24:06.842] WARNING - Duplicate atom key "wizard". This is a FATAL ERROR in
      production. But it is safe to ignore this warning if it occurred because of
      hot module replacement.
[2025-09-27 08:24:06.842] WARNING - Duplicate atom key "wizard". This is a FATAL ERROR in
      production. But it is safe to ignore this warning if it occurred because of
      hot module replacement.
[2025-09-27 08:24:06.843] WARNING - Duplicate atom key "formBuilder". This is a FATAL ERROR in
      production. But it is safe to ignore this warning if it occurred because of
      hot module replacement.
[2025-09-27 08:24:06.843] WARNING - Duplicate atom key "formBuilder". This is a FATAL ERROR in
      production. But it is safe to ignore this warning if it occurred because of
      hot module replacement.
[2025-09-27 08:24:06.843] WARNING - Duplicate atom key "headerSlot". This is a FATAL ERROR in
      production. But it is safe to ignore this warning if it occurred because of
      hot module replacement.
[2025-09-27 08:24:06.844] WARNING - Duplicate atom key "headerSlot". This is a FATAL ERROR in
      production. But it is safe to ignore this warning if it occurred because of
      hot module replacement.
[2025-09-27 08:24:06.844] WARNING - Duplicate atom key "footerSlot". This is a FATAL ERROR in
      production. But it is safe to ignore this warning if it occurred because of
      hot module replacement.
[2025-09-27 08:24:06.844] WARNING - Duplicate atom key "footerSlot". This is a FATAL ERROR in
      production. But it is safe to ignore this warning if it occurred because of
      hot module replacement.
[2025-09-27 08:24:06.844] WARNING - Duplicate atom key "alloyJourneyToken". This is a FATAL ERROR in
      production. But it is safe to ignore this warning if it occurred because of
      hot module replacement.
[2025-09-27 08:24:06.844] WARNING - Duplicate atom key "alloyJourneyToken". This is a FATAL ERROR in
      production. But it is safe to ignore this warning if it occurred because of
      hot module replacement.
[2025-09-27 08:24:06.844] DEBUG - [bugsnag] Loaded!
[2025-09-27 08:24:06.844] DEBUG - [bugsnag] Loaded!
[2025-09-27 08:24:06.844] INFO - Version 3.250926.0 prod production 
[2025-09-27 08:24:06.845] INFO - Version 3.250926.0 prod production 
[2025-09-27 08:24:06.845] INFO - Time: Sat Sep 27 2025 08:24:06 GMT-0500 (Central Daylight Time)
[2025-09-27 08:24:06.845] INFO - Time:
[2025-09-27 08:24:06.907] LOG - 13:24:06.904Z Try to restore session
[2025-09-27 08:24:06.908] LOG - 13:24:06.904Z Try to restore session
[2025-09-27 08:24:06.908] LOG - 13:24:06.906Z Access token will be renewed in 75 minutes; expired: Sat Sep 27 2025 09:44:05 GMT-0500 (Central Daylight Time), now: Sat Sep 27 2025 08:24:06 GMT-0500 (Central Daylight Time)
[2025-09-27 08:24:06.908] LOG - 13:24:06.906Z Access token will be renewed in 75 minutes; expired: Sat Sep 27 2025 09:44:05 GMT-0500 (Central Daylight Time), now: Sat Sep 27 2025 08:24:06 GMT-0500 (Central Daylight Time)
[2025-09-27 08:24:06.915] WARNING - 13:24:06.913Z [LaunchDarkly] The waitForInitialization function was called without a timeout specified. In a future version a default timeout will be applied.
[2025-09-27 08:24:06.915] WARNING - 13:24:06.913Z [LaunchDarkly] The waitForInitialization function was called without a timeout specified. In a future version a default timeout will be applied.
[2025-09-27 08:24:06.924] INFO - 13:24:06.922Z chart cache state: islands=3, bars=2006
[2025-09-27 08:24:06.925] INFO - 13:24:06.922Z chart cache state: islands=3, bars=2006
[2025-09-27 08:24:06.925] INFO - 13:24:06.923Z Chart history database initialized
[2025-09-27 08:24:06.925] INFO - 13:24:06.923Z Chart history database initialized
[2025-09-27 08:24:06.930] INFO - 13:24:06.929Z [LaunchDarkly] LaunchDarkly client initialized
[2025-09-27 08:24:06.931] INFO - 13:24:06.929Z [LaunchDarkly] LaunchDarkly client initialized
[2025-09-27 08:24:06.931] INFO - 13:24:06.929Z [LaunchDarkly] Opening stream connection to https://clientstream.launchdarkly.com/eval/66cdf5b9cf61891061b4e437/eyJraW5kIjoidXNlciIsImtleSI6InVua25vd24iLCJhbm9ueW1vdXMiOmZhbHNlfQ
[2025-09-27 08:24:06.931] INFO - 13:24:06.929Z [LaunchDarkly] Opening stream connection to https://clientstream.launchdarkly.com/eval/66cdf5b9cf61891061b4e437/eyJraW5kIjoidXNlciIsImtleSI6InVua25vd24iLCJhbm9ueW1vdXMiOmZhbHNlfQ
[2025-09-27 08:24:07.431] INFO - 13:24:07.429Z [LaunchDarkly] Closing stream connection
[2025-09-27 08:24:07.432] INFO - 13:24:07.429Z [LaunchDarkly] Closing stream connection
[2025-09-27 08:24:07.432] INFO - 13:24:07.429Z [LaunchDarkly] Opening stream connection to https://clientstream.launchdarkly.com/eval/66cdf5b9cf61891061b4e437/eyJraW5kIjoidXNlciIsImtleSI6IjQ2NTYwMjciLCJkZXZpY2UiOiJkZXNrdG9wIiwidXNlcklkIjo0NjU2MDI3LCJpcENvdW50cnkiOiIiLCJvcmdOYW1lIjoiVERWIiwibmFtZSI6IlplbmV4MzI5OCIsImxhbmRpbmdQYXJhbXMiOiIifQ
[2025-09-27 08:24:07.433] INFO - 13:24:07.429Z [LaunchDarkly] Opening stream connection to https://clientstream.launchdarkly.com/eval/66cdf5b9cf61891061b4e437/eyJraW5kIjoidXNlciIsImtleSI6IjQ2NTYwMjciLCJkZXZpY2UiOiJkZXNrdG9wIiwidXNlcklkIjo0NjU2MDI3LCJpcENvdW50cnkiOiIiLCJvcmdOYW1lIjoiVERWIiwibmFtZSI6IlplbmV4MzI5OCIsImxhbmRpbmdQYXJhbXMiOiIifQ
[2025-09-27 08:24:07.476] INFO - 13:24:07.474Z [LaunchDarkly] Closing stream connection
[2025-09-27 08:24:07.478] INFO - 13:24:07.474Z [LaunchDarkly] Closing stream connection
[2025-09-27 08:24:07.478] INFO - 13:24:07.474Z [LaunchDarkly] Opening stream connection to https://clientstream.launchdarkly.com/eval/66cdf5b9cf61891061b4e437/eyJraW5kIjoidXNlciIsImtleSI6IjQ2NTYwMjciLCJkZXZpY2UiOiJkZXNrdG9wIiwidXNlcklkIjo0NjU2MDI3LCJpcENvdW50cnkiOiJVUyIsIm9yZ05hbWUiOiJURFYiLCJuYW1lIjoiWmVuZXgzMjk4IiwibGFuZGluZ1BhcmFtcyI6IiJ9
[2025-09-27 08:24:07.478] INFO - 13:24:07.474Z [LaunchDarkly] Opening stream connection to https://clientstream.launchdarkly.com/eval/66cdf5b9cf61891061b4e437/eyJraW5kIjoidXNlciIsImtleSI6IjQ2NTYwMjciLCJkZXZpY2UiOiJkZXNrdG9wIiwidXNlcklkIjo0NjU2MDI3LCJpcENvdW50cnkiOiJVUyIsIm9yZ05hbWUiOiJURFYiLCJuYW1lIjoiWmVuZXgzMjk4IiwibGFuZGluZ1BhcmFtcyI6IiJ9
[2025-09-27 08:24:07.545] LOG - 13:24:07.541Z opening https://demo.tradovateapi.com/
[2025-09-27 08:24:07.545] LOG - 13:24:07.541Z opening https://demo.tradovateapi.com/
[2025-09-27 08:24:07.550] LOG - 13:24:07.549Z Hotkeys initialized {"Shift+Digit1":["orders/selectColumns"],"Shift+Digit2":["orders/showFilters"],"Shift+Digit3":["orders/standardTableView"],"Shift+Digit4":["orders/linkedOrdersView"],"Command+Shift+Digit0":["dom-chart/exit-and-cancel"]}
[2025-09-27 08:24:07.550] LOG - 13:24:07.549Z Hotkeys initialized {"Shift+Digit1":["orders/selectColumns"],"Shift+Digit2":["orders/showFilters"],"Shift+Digit3":["orders/standardTableView"],"Shift+Digit4":["orders/linkedOrdersView"],"Command+Shift+Digit0":["dom-chart/exit-and-cancel"]}
[2025-09-27 08:24:07.618] LOG - 13:24:07.617Z websocket opened
[2025-09-27 08:24:07.618] LOG - 13:24:07.617Z websocket opened
[2025-09-27 08:24:07.674] LOG - 13:24:07.672Z opening https://md-demo.tradovateapi.com/
[2025-09-27 08:24:07.675] LOG - 13:24:07.672Z opening https://md-demo.tradovateapi.com/
[2025-09-27 08:24:07.675] LOG - 13:24:07.673Z Connection:  open
[2025-09-27 08:24:07.675] LOG - 13:24:07.673Z Connection:  open
[2025-09-27 08:24:08.653] LOG - 13:24:08.650Z WebGL:  {"isWebGL2":true,"precision":"highp","logarithmicDepthBuffer":false,"maxTextures":16,"maxVertexTextures":16,"maxTextureSize":16384,"maxCubemapSize":16384,"maxAttributes":16,"maxVertexUniforms":1024,"maxVaryings":30,"maxFragmentUniforms":1024,"vertexTextures":true,"floatFragmentTextures":true,"floatVertexTextures":true,"maxSamples":8} , devicePixelRatio:  2
[2025-09-27 08:24:08.659] LOG - 13:24:08.651Z Canvas size: 853 899 dpp:  2
[2025-09-27 08:24:08.664] LOG - 13:24:08.662Z Loading App-level Plugins
[2025-09-27 08:24:08.667] LOG - 13:24:08.662Z Loading App-level Plugins
[2025-09-27 08:24:08.688] LOG - 13:24:08.681Z WebGL:  {"isWebGL2":true,"precision":"highp","logarithmicDepthBuffer":false,"maxTextures":16,"maxVertexTextures":16,"maxTextureSize":16384,"maxCubemapSize":16384,"maxAttributes":16,"maxVertexUniforms":1024,"maxVaryings":30,"maxFragmentUniforms":1024,"vertexTextures":true,"floatFragmentTextures":true,"floatVertexTextures":true,"maxSamples":8} , devicePixelRatio:  2
[2025-09-27 08:24:08.691] LOG - 13:24:08.682Z Canvas size: 853 899 dpp:  2
[2025-09-27 08:24:08.802] LOG - 13:24:08.744Z websocket opened
[2025-09-27 08:24:08.802] LOG - 13:24:08.744Z websocket opened
[2025-09-27 08:24:08.996] LOG - 13:24:08.996Z loadAppLevelPlugins:  [object Object]
[2025-09-27 08:24:08.997] LOG - 13:24:08.996Z loadAppLevelPlugins: 
[2025-09-27 08:24:09.010] LOG - 13:24:09.009Z sync to remote defaultModules
[2025-09-27 08:24:09.011] LOG - 13:24:09.009Z sync to remote defaultModules
[2025-09-27 08:24:09.146] LOG - 13:24:09.146Z sync to remote workspaces
[2025-09-27 08:24:09.147] LOG - 13:24:09.146Z sync to remote workspaces
[2025-09-27 08:24:09.778] LOG - 13:24:09.773Z jailing is in progress
[2025-09-27 08:24:09.781] LOG - 13:24:09.773Z jailing is in progress
[2025-09-27 08:24:10.083] LOG - 13:24:10.052Z pending jailing done. next starts
[2025-09-27 08:24:10.085] LOG - 13:24:10.052Z pending jailing done. next starts
[2025-09-27 08:24:10.998] LOG - 13:24:10.996Z created chart 1
[2025-09-27 08:24:11.232] LOG - 13:24:11.231Z updating the shared isolation
[2025-09-27 08:24:11.232] LOG - 13:24:11.231Z updating the shared isolation
[2025-09-27 08:24:11.253] LOG - 13:24:11.247Z requestChart: {"symbol":"3267312","chartDescription":{"underlyingType":"Tick","elementSize":5000,"elementSizeUnit":"UnderlyingUnits","withHistogram":false},"timeRange":{"asMuchAsElements":608}}
[2025-09-27 08:24:11.255] LOG - 13:24:11.247Z requestChart: {"symbol":"3267312","chartDescription":{"underlyingType":"Tick","elementSize":5000,"elementSizeUnit":"UnderlyingUnits","withHistogram":false},"timeRange":{"asMuchAsElements":608}}
[2025-09-27 08:24:11.255] LOG - 13:24:11.247Z mdMgApi open
[2025-09-27 08:24:11.255] LOG - 13:24:11.247Z mdMgApi open
[2025-09-27 08:24:15.500] LOG - 13:24:15.499Z Auto Order script initialized - AUTOMATIC HOT RELOAD SUCCESS!
[2025-09-27 08:24:15.501] LOG - 13:24:15.499Z Auto Order script initialized - AUTOMATIC HOT RELOAD SUCCESS!
[2025-09-27 08:24:15.502] LOG - 13:24:15.500Z Creating UI for dashboard trading...
[2025-09-27 08:24:15.502] LOG - 13:24:15.500Z Creating UI for dashboard trading...
[2025-09-27 08:24:15.503] LOG - 13:24:15.500Z Creating UI (visible=false)
[2025-09-27 08:24:15.504] LOG - 13:24:15.500Z Creating UI (visible=false)
[2025-09-27 08:24:15.505] LOG - 13:24:15.500Z Stored values: TP=53, SL=15, Qty=6, Tick=0.25, Symbol=NQ
[2025-09-27 08:24:15.505] LOG - 13:24:15.500Z Stored values: TP=53, SL=15, Qty=6, Tick=0.25, Symbol=NQ
[2025-09-27 08:24:15.507] LOG - 13:24:15.501Z UI container added to DOM
[2025-09-27 08:24:15.507] LOG - 13:24:15.501Z UI container added to DOM
[2025-09-27 08:24:15.508] LOG - 13:24:15.501Z Setting up localStorage persistence
[2025-09-27 08:24:15.508] LOG - 13:24:15.501Z Setting up localStorage persistence
[2025-09-27 08:24:15.508] LOG - 13:24:15.501Z UI initialization complete
[2025-09-27 08:24:15.509] LOG - 13:24:15.501Z UI initialization complete
[2025-09-27 08:24:15.509] LOG - 13:24:15.501Z Creating example front-quarter symbol
[2025-09-27 08:24:15.510] LOG - 13:24:15.501Z Creating example front-quarter symbol
[2025-09-27 08:24:15.511] LOG - 13:24:15.501Z getQuarterlyCode called with date: 2025-09-27T13:24:15.501Z
[2025-09-27 08:24:15.512] LOG - 13:24:15.501Z getQuarterlyCode called with date: 2025-09-27T13:24:15.501Z
[2025-09-27 08:24:15.512] LOG - 13:24:15.501Z Current month index: 8
[2025-09-27 08:24:15.513] LOG - 13:24:15.501Z Current month index: 8
[2025-09-27 08:24:15.514] LOG - 13:24:15.501Z Starting calculation with year=2025, month=8
[2025-09-27 08:24:15.514] LOG - 13:24:15.501Z Starting calculation with year=2025, month=8
[2025-09-27 08:24:15.516] LOG - 13:24:15.502Z Calculated quarterly code: letter=Z, yearDigit=5
[2025-09-27 08:24:15.517] LOG - 13:24:15.502Z Calculated quarterly code: letter=Z, yearDigit=5
[2025-09-27 08:24:15.518] LOG - 13:24:15.502Z Example front-quarter symbol created: NQZ5
[2025-09-27 08:24:15.518] LOG - 13:24:15.502Z Example front-quarter symbol created: NQZ5
[2025-09-27 08:24:15.518] LOG - 13:24:15.508Z Auto Risk Management: Running initial risk assessment...
[2025-09-27 08:24:15.519] LOG - 13:24:15.508Z Auto Risk Management: Running initial risk assessment...
[2025-09-27 08:24:15.520] LOG - 13:24:15.509Z [analyzePhase] resetting phaseData
[2025-09-27 08:24:15.520] LOG - 13:24:15.509Z [analyzePhase] resetting phaseData
[2025-09-27 08:24:15.521] LOG - 13:24:15.510Z [analyzePhase] set phase 1 maxActive to 1
[2025-09-27 08:24:15.521] LOG - 13:24:15.510Z [analyzePhase] set phase 1 maxActive to 1
[2025-09-27 08:24:15.521] LOG - 13:24:15.510Z [analyzePhase] increased phase 2 maxActive to 1
[2025-09-27 08:24:15.521] LOG - 13:24:15.510Z [analyzePhase] increased phase 2 maxActive to 1
[2025-09-27 08:24:15.521] LOG - 13:24:15.510Z [updateUserColumnPhaseStatus] Starting...
[2025-09-27 08:24:15.521] LOG - 13:24:15.510Z [updateUserColumnPhaseStatus] Starting...
[2025-09-27 08:24:15.521] LOG - 13:24:15.510Z [updateUserColumnPhaseStatus] Found 1 rows
[2025-09-27 08:24:15.522] LOG - 13:24:15.510Z [updateUserColumnPhaseStatus] Found 1 rows
[2025-09-27 08:24:15.522] LOG - 13:24:15.510Z [updateUserColumnPhaseStatus] Header cells: Account ▲,Total Available Margin,User,Dist Drawdown Net Liq,Dollar Open P L,Dollar Total P L
[2025-09-27 08:24:15.522] LOG - 13:24:15.510Z [updateUserColumnPhaseStatus] Header cells:
[2025-09-27 08:24:15.522] LOG - 13:24:15.511Z [updateUserColumnPhaseStatus] Found User column at index 2
[2025-09-27 08:24:15.522] LOG - 13:24:15.511Z [updateUserColumnPhaseStatus] Found User column at index 2
[2025-09-27 08:24:15.522] LOG - 13:24:15.511Z [updateUserColumnPhaseStatus] Getting table data...
[2025-09-27 08:24:15.522] LOG - 13:24:15.511Z [updateUserColumnPhaseStatus] Getting table data...
[2025-09-27 08:24:15.523] LOG - 13:24:15.511Z [analyzePhase] resetting phaseData
[2025-09-27 08:24:15.523] LOG - 13:24:15.511Z [analyzePhase] resetting phaseData
[2025-09-27 08:24:15.523] LOG - 13:24:15.511Z [analyzePhase] set phase 1 maxActive to 1
[2025-09-27 08:24:15.524] LOG - 13:24:15.511Z [analyzePhase] set phase 1 maxActive to 1
[2025-09-27 08:24:15.524] LOG - 13:24:15.511Z [analyzePhase] increased phase 2 maxActive to 1
[2025-09-27 08:24:15.524] LOG - 13:24:15.511Z [analyzePhase] increased phase 2 maxActive to 1
[2025-09-27 08:24:15.524] LOG - 13:24:15.511Z [updateUserColumnPhaseStatus] Table data: 0 rows
[2025-09-27 08:24:15.524] LOG - 13:24:15.511Z [updateUserColumnPhaseStatus] Table data: 0 rows
[2025-09-27 08:24:15.524] ERROR - 13:24:15.511Z [updateUserColumnPhaseStatus] No data from getTableData()
[2025-09-27 08:24:15.524] ERROR - 13:24:15.511Z [updateUserColumnPhaseStatus] No data from getTableData()
[2025-09-27 08:24:15.540] warning - The AudioContext was not allowed to start. It must be resumed (or created) after a user gesture on the page. https://developer.chrome.com/blog/autoplay/#web_audio
[2025-09-27 08:24:15.541] LOG - 13:24:15.525Z Auto Risk Management: Initial risk assessment completed
[2025-09-27 08:24:15.541] LOG - 13:24:15.525Z Auto Risk Management: Initial risk assessment completed
[2025-09-27 08:24:16.529] LOG - 13:24:16.528Z [analyzePhase] resetting phaseData
[2025-09-27 08:24:16.530] LOG - 13:24:16.528Z [analyzePhase] resetting phaseData
[2025-09-27 08:24:16.531] LOG - 13:24:16.528Z [analyzePhase] set phase 1 maxActive to 1
[2025-09-27 08:24:16.531] LOG - 13:24:16.528Z [analyzePhase] set phase 1 maxActive to 1
[2025-09-27 08:24:16.531] LOG - 13:24:16.528Z [analyzePhase] increased phase 2 maxActive to 1
[2025-09-27 08:24:16.531] LOG - 13:24:16.528Z [analyzePhase] increased phase 2 maxActive to 1
[2025-09-27 08:24:16.532] WARNING - 13:24:16.528Z Error in deferred func: TypeError: Cannot read properties of undefined (reading 'querySelector'), function(){d(a),f(function(){d(null)},0);var e=i.apply(this,arguments);return d(null),e} TypeError: Cannot read properties of undefined (reading 'querySelector'),    at <anonymous>:377:98,    at i.__trace__ (https://cdn.tradovate.com/tradovate/scripts/4418.49f1ab77.js:2:4613725),    at https://cdn.tradovate.com/tradovate/scripts/4418.49f1ab77.js:2:3547494
[2025-09-27 08:24:16.532] WARNING - 13:24:16.528Z Error in deferred func: TypeError: Cannot read properties of undefined (reading 'querySelector'), function(){d(a),f(function(){d(null)},0);var e=i.apply(this,arguments);return d(null),e}
[2025-09-27 08:24:16.546] LOG - 13:24:16.545Z Executing initial risk management assessment...
[2025-09-27 08:24:16.547] LOG - 13:24:16.545Z Executing initial risk management assessment...
[2025-09-27 08:24:16.548] ERROR - 13:24:16.545Z getTableData function not found
[2025-09-27 08:24:16.549] ERROR - 13:24:16.545Z getTableData function not found
[2025-09-27 08:24:16.550] ERROR - 13:24:16.545Z updateUserColumnPhaseStatus function not found
[2025-09-27 08:24:16.550] ERROR - 13:24:16.545Z updateUserColumnPhaseStatus function not found
[2025-09-27 08:24:16.551] ERROR - 13:24:16.546Z performAccountActions function not found
[2025-09-27 08:24:16.551] ERROR - 13:24:16.546Z performAccountActions function not found
[2025-09-27 08:24:16.551] LOG - 13:24:16.546Z Risk management assessment completed
[2025-09-27 08:24:16.552] LOG - 13:24:16.546Z Risk management assessment completed
[2025-09-27 08:24:48.892] LOG - 13:24:48.890Z Saved bracketTrade_qty = 6
[2025-09-27 08:24:48.894] LOG - 13:24:48.890Z Saved bracketTrade_qty = 6
[2025-09-27 08:24:48.895] LOG - 13:24:48.891Z Saved bracketTrade_tp = 53
[2025-09-27 08:24:48.895] LOG - 13:24:48.891Z Saved bracketTrade_tp = 53
[2025-09-27 08:24:48.896] LOG - 13:24:48.891Z Saved bracketTrade_sl = 15
[2025-09-27 08:24:48.896] LOG - 13:24:48.891Z Saved bracketTrade_sl = 15
[2025-09-27 08:24:48.897] LOG - 13:24:48.891Z Saved bracketTrade_tick = 0.25
[2025-09-27 08:24:48.898] LOG - 13:24:48.891Z Saved bracketTrade_tick = 0.25
[2025-09-27 08:24:48.898] LOG - 13:24:48.891Z Trade control updates complete: [object Object]
[2025-09-27 08:24:48.898] LOG - 13:24:48.891Z Trade control updates complete:
[2025-09-27 08:24:49.459] LOG - 13:24:49.457Z Saved bracketTrade_qty = 6
[2025-09-27 08:24:49.460] LOG - 13:24:49.457Z Saved bracketTrade_qty = 6
[2025-09-27 08:24:49.461] LOG - 13:24:49.458Z Saved bracketTrade_tp = 53
[2025-09-27 08:24:49.462] LOG - 13:24:49.458Z Saved bracketTrade_tp = 53
[2025-09-27 08:24:49.462] LOG - 13:24:49.458Z Saved bracketTrade_sl = 15
[2025-09-27 08:24:49.463] LOG - 13:24:49.458Z Saved bracketTrade_sl = 15
[2025-09-27 08:24:49.464] LOG - 13:24:49.458Z Saved bracketTrade_tick = 0.25
[2025-09-27 08:24:49.464] LOG - 13:24:49.458Z Saved bracketTrade_tick = 0.25
[2025-09-27 08:24:49.464] LOG - 13:24:49.458Z Trade control updates complete: [object Object]
[2025-09-27 08:24:49.464] LOG - 13:24:49.458Z Trade control updates complete:
[2025-09-27 08:25:06.973] INFO - 13:25:06.971Z time stats. avg diff: -53, min: -53, max: -53, roundtrip: 22 msec, #1
[2025-09-27 08:25:06.973] INFO - 13:25:06.971Z time stats. avg diff: -53, min: -53, max: -53, roundtrip: 22 msec, #1
[2025-09-27 08:25:09.541] LOG - 13:25:09.539Z autoTrade called with: symbol=NQ, qty=6, action=Buy, TP=0, SL=0, tickSize=0.25
[2025-09-27 08:25:09.541] LOG - 13:25:09.539Z autoTrade called with: symbol=NQ, qty=6, action=Buy, TP=0, SL=0, tickSize=0.25
[2025-09-27 08:25:09.542] LOG - 13:25:09.540Z Using symbol: NQ
[2025-09-27 08:25:09.543] LOG - 13:25:09.540Z Using symbol: NQ
[2025-09-27 08:25:09.543] LOG - 13:25:09.540Z Root symbol: NQ
[2025-09-27 08:25:09.545] LOG - 13:25:09.540Z Root symbol: NQ
[2025-09-27 08:25:09.546] LOG - 13:25:09.540Z Using tick size 0.25 (from dictionary)
[2025-09-27 08:25:09.547] LOG - 13:25:09.540Z Using tick size 0.25 (from dictionary)
[2025-09-27 08:25:09.548] LOG - 13:25:09.540Z Using SL: 15 ticks, TP: 53 ticks
[2025-09-27 08:25:09.549] LOG - 13:25:09.540Z Using SL: 15 ticks, TP: 53 ticks
[2025-09-27 08:25:09.550] LOG - 13:25:09.540Z Getting market data for NQ
[2025-09-27 08:25:09.550] LOG - 13:25:09.540Z Getting market data for NQ
[2025-09-27 08:25:09.554] LOG - 13:25:09.540Z getMarketData called for: "NQ"
[2025-09-27 08:25:09.556] LOG - 13:25:09.540Z getMarketData called for: "NQ"
[2025-09-27 08:25:09.559] LOG - 13:25:09.541Z getFrontQuarter called for root: "NQ"
[2025-09-27 08:25:09.561] LOG - 13:25:09.541Z getFrontQuarter called for root: "NQ"
[2025-09-27 08:25:09.564] LOG - 13:25:09.541Z getQuarterlyCode called with date: 2025-09-27T13:25:09.541Z
[2025-09-27 08:25:09.564] LOG - 13:25:09.541Z getQuarterlyCode called with date: 2025-09-27T13:25:09.541Z
[2025-09-27 08:25:09.567] LOG - 13:25:09.541Z Current month index: 8
[2025-09-27 08:25:09.568] LOG - 13:25:09.541Z Current month index: 8
[2025-09-27 08:25:09.569] LOG - 13:25:09.541Z Starting calculation with year=2025, month=8
[2025-09-27 08:25:09.569] LOG - 13:25:09.541Z Starting calculation with year=2025, month=8
[2025-09-27 08:25:09.569] LOG - 13:25:09.541Z Calculated quarterly code: letter=Z, yearDigit=5
[2025-09-27 08:25:09.570] LOG - 13:25:09.541Z Calculated quarterly code: letter=Z, yearDigit=5
[2025-09-27 08:25:09.570] LOG - 13:25:09.541Z Got quarterly code: letter=Z, yearDigit=5
[2025-09-27 08:25:09.571] LOG - 13:25:09.541Z Got quarterly code: letter=Z, yearDigit=5
[2025-09-27 08:25:09.573] LOG - 13:25:09.541Z Returning front quarter symbol: "NQZ5"
[2025-09-27 08:25:09.574] LOG - 13:25:09.541Z Returning front quarter symbol: "NQZ5"
[2025-09-27 08:25:09.574] LOG - 13:25:09.541Z Using symbol: "NQZ5" for market data lookup
[2025-09-27 08:25:09.575] LOG - 13:25:09.541Z Using symbol: "NQZ5" for market data lookup
[2025-09-27 08:25:09.575] LOG - 13:25:09.541Z Extracted prices for NQZ5: bid=, offer=
[2025-09-27 08:25:09.575] LOG - 13:25:09.541Z Extracted prices for NQZ5: bid=, offer=
[2025-09-27 08:25:09.576] LOG - 13:25:09.541Z Market data: [object Object]
[2025-09-27 08:25:09.576] LOG - 13:25:09.541Z Market data:
[2025-09-27 08:25:09.576] LOG - 13:25:09.541Z Market price: NaN (offer price)
[2025-09-27 08:25:09.576] LOG - 13:25:09.541Z Market price: NaN (offer price)
[2025-09-27 08:25:09.576] LOG - 13:25:09.541Z No custom entry price provided, using market order at NaN
[2025-09-27 08:25:09.577] LOG - 13:25:09.541Z No custom entry price provided, using market order at NaN
[2025-09-27 08:25:09.577] LOG - 13:25:09.542Z Using price precision: 2 decimal places
[2025-09-27 08:25:09.577] LOG - 13:25:09.542Z Using price precision: 2 decimal places
[2025-09-27 08:25:09.577] LOG - 13:25:09.542Z Calculated SL price: NaN (entry - 15 ticks)
[2025-09-27 08:25:09.578] LOG - 13:25:09.542Z Calculated SL price: NaN (entry - 15 ticks)
[2025-09-27 08:25:09.578] LOG - 13:25:09.542Z Calculated TP price: NaN (entry + 53 ticks)
[2025-09-27 08:25:09.578] LOG - 13:25:09.542Z Calculated TP price: NaN (entry + 53 ticks)
[2025-09-27 08:25:09.578] LOG - 13:25:09.542Z Trade data prepared: [object Object]
[2025-09-27 08:25:09.578] LOG - 13:25:09.542Z Trade data prepared:
[2025-09-27 08:25:09.579] LOG - 13:25:09.542Z Submitting bracket orders
[2025-09-27 08:25:09.579] LOG - 13:25:09.542Z Submitting bracket orders
[2025-09-27 08:25:09.579] LOG - 13:25:09.542Z Creating bracket orders with data: [object Object]
[2025-09-27 08:25:09.579] LOG - 13:25:09.542Z Creating bracket orders with data:
[2025-09-27 08:25:09.580] LOG - 13:25:09.542Z TP enabled: false, SL enabled: false
[2025-09-27 08:25:09.580] LOG - 13:25:09.542Z TP enabled: false, SL enabled: false
[2025-09-27 08:25:09.580] LOG - 13:25:09.542Z Submitting initial MARKET order
[2025-09-27 08:25:09.580] LOG - 13:25:09.542Z Submitting initial MARKET order
[2025-09-27 08:25:09.580] LOG - 13:25:09.543Z Setting common order fields
[2025-09-27 08:25:09.580] LOG - 13:25:09.543Z Setting common order fields
[2025-09-27 08:25:09.580] LOG - 13:25:09.543Z Setting action to: Buy
[2025-09-27 08:25:09.581] LOG - 13:25:09.543Z Setting action to: Buy
[2025-09-27 08:25:09.581] LOG - 13:25:09.543Z Found 9 action labels
[2025-09-27 08:25:09.581] LOG - 13:25:09.543Z Found 9 action labels
[2025-09-27 08:25:09.581] LOG - 13:25:09.543Z Clicking Buy label
[2025-09-27 08:25:09.581] LOG - 13:25:09.543Z Clicking Buy label
[2025-09-27 08:25:09.581] LOG - 13:25:09.565Z Setting quantity to: 6
[2025-09-27 08:25:09.582] LOG - 13:25:09.565Z Setting quantity to: 6
[2025-09-27 08:25:09.582] LOG - 13:25:09.570Z Delaying for 250ms
[2025-09-27 08:25:09.582] LOG - 13:25:09.570Z Delaying for 250ms
[2025-09-27 08:25:09.831] LOG - 13:25:09.830Z Delaying for 200ms
[2025-09-27 08:25:09.831] LOG - 13:25:09.830Z Delaying for 200ms
[2025-09-27 08:25:10.033] LOG - 13:25:10.031Z 
[2025-09-27 08:25:10.034] LOG - 13:25:10.031Z
[2025-09-27 08:25:10.034] LOG - 13:25:10.032Z 🔄 CAPTURING TRADOVATE ORDER FEEDBACK...
[2025-09-27 08:25:10.034] LOG - 13:25:10.032Z 🔄 CAPTURING TRADOVATE ORDER FEEDBACK...
[2025-09-27 08:25:10.034] LOG - 13:25:10.032Z Delaying for 500ms
[2025-09-27 08:25:10.034] LOG - 13:25:10.032Z Delaying for 500ms
[2025-09-27 08:25:10.534] LOG - 13:25:10.533Z ❌ Order history div not found - no feedback to capture
[2025-09-27 08:25:10.534] LOG - 13:25:10.533Z ❌ Order history div not found - no feedback to capture
[2025-09-27 08:25:10.534] LOG - 13:25:10.533Z Delaying for 200ms
[2025-09-27 08:25:10.534] LOG - 13:25:10.533Z Delaying for 200ms
[2025-09-27 08:25:10.736] LOG - 13:25:10.734Z Flipping action to Sell for TP/SL orders
[2025-09-27 08:25:10.736] LOG - 13:25:10.734Z Flipping action to Sell for TP/SL orders
[2025-09-27 08:25:10.736] LOG - 13:25:10.734Z Bracket order creation complete
[2025-09-27 08:25:10.737] LOG - 13:25:10.734Z Bracket order creation complete
[2025-09-27 08:25:20.454] LOG - 13:25:20.451Z autoTrade called with: symbol=NQ, qty=6, action=Sell, TP=0, SL=0, tickSize=0.25
[2025-09-27 08:25:20.455] LOG - 13:25:20.451Z autoTrade called with: symbol=NQ, qty=6, action=Sell, TP=0, SL=0, tickSize=0.25
[2025-09-27 08:25:20.456] LOG - 13:25:20.452Z Using symbol: NQ
[2025-09-27 08:25:20.456] LOG - 13:25:20.452Z Using symbol: NQ
[2025-09-27 08:25:20.457] LOG - 13:25:20.452Z Root symbol: NQ
[2025-09-27 08:25:20.458] LOG - 13:25:20.452Z Root symbol: NQ
[2025-09-27 08:25:20.458] LOG - 13:25:20.452Z Using tick size 0.25 (from dictionary)
[2025-09-27 08:25:20.460] LOG - 13:25:20.452Z Using tick size 0.25 (from dictionary)
[2025-09-27 08:25:20.461] LOG - 13:25:20.452Z Using SL: 15 ticks, TP: 53 ticks
[2025-09-27 08:25:20.462] LOG - 13:25:20.452Z Using SL: 15 ticks, TP: 53 ticks
[2025-09-27 08:25:20.462] LOG - 13:25:20.452Z Getting market data for NQ
[2025-09-27 08:25:20.463] LOG - 13:25:20.452Z Getting market data for NQ
[2025-09-27 08:25:20.464] LOG - 13:25:20.452Z getMarketData called for: "NQ"
[2025-09-27 08:25:20.465] LOG - 13:25:20.452Z getMarketData called for: "NQ"
[2025-09-27 08:25:20.465] LOG - 13:25:20.452Z getFrontQuarter called for root: "NQ"
[2025-09-27 08:25:20.466] LOG - 13:25:20.452Z getFrontQuarter called for root: "NQ"
[2025-09-27 08:25:20.468] LOG - 13:25:20.452Z getQuarterlyCode called with date: 2025-09-27T13:25:20.452Z
[2025-09-27 08:25:20.470] LOG - 13:25:20.452Z getQuarterlyCode called with date: 2025-09-27T13:25:20.452Z
[2025-09-27 08:25:20.470] LOG - 13:25:20.452Z Current month index: 8
[2025-09-27 08:25:20.471] LOG - 13:25:20.452Z Current month index: 8
[2025-09-27 08:25:20.472] LOG - 13:25:20.452Z Starting calculation with year=2025, month=8
[2025-09-27 08:25:20.473] LOG - 13:25:20.452Z Starting calculation with year=2025, month=8
[2025-09-27 08:25:20.474] LOG - 13:25:20.452Z Calculated quarterly code: letter=Z, yearDigit=5
[2025-09-27 08:25:20.475] LOG - 13:25:20.452Z Calculated quarterly code: letter=Z, yearDigit=5
[2025-09-27 08:25:20.476] LOG - 13:25:20.452Z Got quarterly code: letter=Z, yearDigit=5
[2025-09-27 08:25:20.480] LOG - 13:25:20.452Z Got quarterly code: letter=Z, yearDigit=5
[2025-09-27 08:25:20.482] LOG - 13:25:20.452Z Returning front quarter symbol: "NQZ5"
[2025-09-27 08:25:20.484] LOG - 13:25:20.452Z Returning front quarter symbol: "NQZ5"
[2025-09-27 08:25:20.485] LOG - 13:25:20.453Z Using symbol: "NQZ5" for market data lookup
[2025-09-27 08:25:20.487] LOG - 13:25:20.453Z Using symbol: "NQZ5" for market data lookup
[2025-09-27 08:25:20.488] LOG - 13:25:20.453Z Extracted prices for NQZ5: bid=, offer=
[2025-09-27 08:25:20.489] LOG - 13:25:20.453Z Extracted prices for NQZ5: bid=, offer=
[2025-09-27 08:25:20.490] LOG - 13:25:20.453Z Market data: [object Object]
[2025-09-27 08:25:20.492] LOG - 13:25:20.453Z Market data:
[2025-09-27 08:25:20.493] LOG - 13:25:20.453Z Market price: NaN (bid price)
[2025-09-27 08:25:20.494] LOG - 13:25:20.453Z Market price: NaN (bid price)
[2025-09-27 08:25:20.495] LOG - 13:25:20.453Z No custom entry price provided, using market order at NaN
[2025-09-27 08:25:20.496] LOG - 13:25:20.453Z No custom entry price provided, using market order at NaN
[2025-09-27 08:25:20.497] LOG - 13:25:20.453Z Using price precision: 2 decimal places
[2025-09-27 08:25:20.498] LOG - 13:25:20.453Z Using price precision: 2 decimal places
[2025-09-27 08:25:20.500] LOG - 13:25:20.453Z Calculated SL price: NaN (entry + 15 ticks)
[2025-09-27 08:25:20.503] LOG - 13:25:20.453Z Calculated SL price: NaN (entry + 15 ticks)
[2025-09-27 08:25:20.504] LOG - 13:25:20.453Z Calculated TP price: NaN (entry - 53 ticks)
[2025-09-27 08:25:20.505] LOG - 13:25:20.453Z Calculated TP price: NaN (entry - 53 ticks)
[2025-09-27 08:25:20.506] LOG - 13:25:20.453Z Trade data prepared: [object Object]
[2025-09-27 08:25:20.506] LOG - 13:25:20.453Z Trade data prepared:
[2025-09-27 08:25:20.506] LOG - 13:25:20.453Z Submitting bracket orders
[2025-09-27 08:25:20.506] LOG - 13:25:20.453Z Submitting bracket orders
[2025-09-27 08:25:20.507] LOG - 13:25:20.453Z Creating bracket orders with data: [object Object]
[2025-09-27 08:25:20.507] LOG - 13:25:20.453Z Creating bracket orders with data:
[2025-09-27 08:25:20.507] LOG - 13:25:20.453Z TP enabled: false, SL enabled: false
[2025-09-27 08:25:20.507] LOG - 13:25:20.453Z TP enabled: false, SL enabled: false
[2025-09-27 08:25:20.508] LOG - 13:25:20.454Z Submitting initial MARKET order
[2025-09-27 08:25:20.508] LOG - 13:25:20.454Z Submitting initial MARKET order
[2025-09-27 08:25:20.508] LOG - 13:25:20.454Z Setting common order fields
[2025-09-27 08:25:20.508] LOG - 13:25:20.454Z Setting common order fields
[2025-09-27 08:25:20.509] LOG - 13:25:20.454Z Setting action to: Sell
[2025-09-27 08:25:20.509] LOG - 13:25:20.454Z Setting action to: Sell
[2025-09-27 08:25:20.509] LOG - 13:25:20.454Z Found 9 action labels
[2025-09-27 08:25:20.509] LOG - 13:25:20.454Z Found 9 action labels
[2025-09-27 08:25:20.510] LOG - 13:25:20.454Z Clicking Sell label
[2025-09-27 08:25:20.510] LOG - 13:25:20.454Z Clicking Sell label
[2025-09-27 08:25:20.510] LOG - 13:25:20.469Z Setting quantity to: 6
[2025-09-27 08:25:20.510] LOG - 13:25:20.469Z Setting quantity to: 6
[2025-09-27 08:25:20.510] LOG - 13:25:20.471Z Delaying for 250ms
[2025-09-27 08:25:20.510] LOG - 13:25:20.471Z Delaying for 250ms
[2025-09-27 08:25:20.729] LOG - 13:25:20.728Z Delaying for 200ms
[2025-09-27 08:25:20.729] LOG - 13:25:20.728Z Delaying for 200ms
[2025-09-27 08:25:20.930] LOG - 13:25:20.929Z 
[2025-09-27 08:25:20.931] LOG - 13:25:20.929Z
[2025-09-27 08:25:20.931] LOG - 13:25:20.929Z 🔄 CAPTURING TRADOVATE ORDER FEEDBACK...
[2025-09-27 08:25:20.931] LOG - 13:25:20.929Z 🔄 CAPTURING TRADOVATE ORDER FEEDBACK...
[2025-09-27 08:25:20.932] LOG - 13:25:20.929Z Delaying for 500ms
[2025-09-27 08:25:20.932] LOG - 13:25:20.929Z Delaying for 500ms
[2025-09-27 08:25:21.431] LOG - 13:25:21.430Z ❌ Order history div not found - no feedback to capture
[2025-09-27 08:25:21.432] LOG - 13:25:21.430Z ❌ Order history div not found - no feedback to capture
[2025-09-27 08:25:21.432] LOG - 13:25:21.430Z Delaying for 200ms
[2025-09-27 08:25:21.432] LOG - 13:25:21.430Z Delaying for 200ms
[2025-09-27 08:25:21.632] LOG - 13:25:21.631Z Flipping action to Buy for TP/SL orders
[2025-09-27 08:25:21.633] LOG - 13:25:21.631Z Flipping action to Buy for TP/SL orders
[2025-09-27 08:25:21.633] LOG - 13:25:21.631Z Bracket order creation complete
[2025-09-27 08:25:21.633] LOG - 13:25:21.631Z Bracket order creation complete
[2025-09-27 08:26:08.740] LOG - 13:26:08.738Z WebGL:  {"geometries":69,"textures":1} 6 , devicePixelRatio:  2
[2025-09-27 08:28:08.740] LOG - 13:28:08.738Z WebGL:  {"geometries":69,"textures":1} 6 , devicePixelRatio:  2
[2025-09-27 08:30:08.740] LOG - 13:30:08.739Z WebGL:  {"geometries":69,"textures":1} 6 , devicePixelRatio:  2
[2025-09-27 08:32:08.741] LOG - 13:32:08.740Z WebGL:  {"geometries":69,"textures":1} 6 , devicePixelRatio:  2
[2025-09-27 08:34:08.741] LOG - 13:34:08.740Z WebGL:  {"geometries":69,"textures":1} 6 , devicePixelRatio:  2
[2025-09-27 08:35:06.976] INFO - 13:35:06.975Z time stats. avg diff: -50, min: -53, max: -47, roundtrip: 24 msec, #11
[2025-09-27 08:35:06.977] INFO - 13:35:06.975Z time stats. avg diff: -50, min: -53, max: -47, roundtrip: 24 msec, #11
[2025-09-27 08:36:08.741] LOG - 13:36:08.740Z WebGL:  {"geometries":69,"textures":1} 6 , devicePixelRatio:  2
