[2025-09-20 17:11:07.570] LOG - 22:11:07.569Z Starting login process for: zenex3298@gmail.com
[2025-09-20 17:11:07.571] LOG - 22:11:07.569Z Starting login process for: zenex3298@gmail.com
[2025-09-20 17:11:07.571] LOG - 22:11:07.570Z Auto login function executing for: zenex3298@gmail.com
[2025-09-20 17:11:07.571] LOG - 22:11:07.570Z Auto login function executing for: zenex3298@gmail.com
[2025-09-20 17:11:07.572] LOG - 22:11:07.570Z Login form found, filling credentials...
[2025-09-20 17:11:07.572] LOG - 22:11:07.570Z Login form found, filling credentials...
[2025-09-20 17:11:07.730] LOG - 22:11:07.596Z Test element added to DOM
[2025-09-20 17:11:07.731] LOG - 22:11:07.596Z Test element added to DOM
[2025-09-20 17:11:07.741] LOG - 22:11:07.736Z All browser alerts and confirmations have been disabled
[2025-09-20 17:11:07.742] LOG - 22:11:07.736Z All browser alerts and confirmations have been disabled
[2025-09-20 17:11:08.085] LOG - 22:11:08.084Z Clicking login button...
[2025-09-20 17:11:08.085] LOG - 22:11:08.084Z Clicking login button...
[2025-09-20 17:11:08.094] LOG - 22:11:08.093Z authentication starting
[2025-09-20 17:11:08.095] LOG - 22:11:08.093Z authentication starting
[2025-09-20 17:11:08.481] warning - The AudioContext was not allowed to start. It must be resumed (or created) after a user gesture on the page. https://developer.chrome.com/blog/autoplay/#web_audio
[2025-09-20 17:11:08.483] LOG - 22:11:08.466Z Watching for account selection page...
[2025-09-20 17:11:08.484] LOG - 22:11:08.466Z Watching for account selection page...
[2025-09-20 17:11:08.758] LOG - 22:11:08.756Z Access token will be renewed in 75 minutes; expired: Sat Sep 20 2025 18:31:08 GMT-0500 (Central Daylight Time), now: Sat Sep 20 2025 17:11:08 GMT-0500 (Central Daylight Time)
[2025-09-20 17:11:08.760] LOG - 22:11:08.756Z Access token will be renewed in 75 minutes; expired: Sat Sep 20 2025 18:31:08 GMT-0500 (Central Daylight Time), now: Sat Sep 20 2025 17:11:08 GMT-0500 (Central Daylight Time)
[2025-09-20 17:11:09.083] error - Access to XMLHttpRequest at 'https://app.launchdarkly.com/sdk/evalx/66cdf5b9cf61891061b4e437/contexts/eyJraW5kIjoidXNlciIsImtleSI6IjQ2NTYwMjciLCJkZXZpY2UiOiJkZXNrdG9wIiwidXNlcklkIjo0NjU2MDI3LCJpcENvdW50cnkiOiJVUyIsIm9yZ05hbWUiOiJURFYiLCJuYW1lIjoiWmVuZXgzMjk4IiwibGFuZGluZ1BhcmFtcyI6IiJ9' from origin 'https://trader.tradovate.com' has been blocked by CORS policy: No 'Access-Control-Allow-Origin' header is present on the requested resource.
[2025-09-20 17:11:09.083] ERROR - 22:11:09.082Z [LaunchDarkly] network error (Error)
[2025-09-20 17:11:09.084] ERROR - 22:11:09.082Z [LaunchDarkly] network error (Error)
[2025-09-20 17:11:09.085] ERROR - 22:11:09.084Z [LaunchDarkly] network error (Error)
[2025-09-20 17:11:09.085] ERROR - 22:11:09.084Z [LaunchDarkly] network error (Error)
[2025-09-20 17:11:09.086] error - Failed to load resource: net::ERR_FAILED
[2025-09-20 17:11:09.093] ERROR - Exception: t
[2025-09-20 17:11:09.094] ERROR - Exception: t
[2025-09-20 17:11:09.472] LOG - 22:11:09.471Z Account selection page detected, clicking button...
[2025-09-20 17:11:09.472] LOG - 22:11:09.471Z Account selection page detected, clicking button...
[2025-09-20 17:11:09.650] LOG - 22:11:09.624Z Access token will be renewed in 75 minutes; expired: Sat Sep 20 2025 18:31:08 GMT-0500 (Central Daylight Time), now: Sat Sep 20 2025 17:11:09 GMT-0500 (Central Daylight Time)
[2025-09-20 17:11:09.650] LOG - 22:11:09.624Z Access token will be renewed in 75 minutes; expired: Sat Sep 20 2025 18:31:08 GMT-0500 (Central Daylight Time), now: Sat Sep 20 2025 17:11:09 GMT-0500 (Central Daylight Time)
[2025-09-20 17:11:09.712] error - Refused to connect to 'https://bat.bing.com/actionp/0?ti=26330043&Ver=2&mid=80514ab8-0deb-400a-b167-8a12d0dd3717&bo=2&sid=49ffa650964611f0b1c77d72422fc1b9&vid=99c3288092fe11f0bc7275adc39e6add&vids=0&msclkid=N&evt=pageHide' because it violates the following Content Security Policy directive: "connect-src wss://*.tradovate.com https://*.tradovate.com https://*.ntinnolab.com https://*.devel.ninjatrader.dev https://*.staging.ninjatrader.dev https://*.uat.ninjatrader.dev wss://*.ntinnolab.com wss://*.devel.ninjatrader.dev wss://*.staging.ninjatrader.dev wss://*.uat.ninjatrader.dev wss://*.tradovateapi.com https://*.tradovateapi.com https://*.ninjatrader.com https://cdn.walkme.com https://ec.walkme.com https://sessions.bugsnag.com https://notify.bugsnag.com https://*.plaid.com https://*.yodlee.com https://tradovate.zendesk.com https://rollout.ada.support https://static.ada.support https://ninjatrader.ada.support https://tradovate.ada.support https://ninjatrader-eap.ada.support/ https://demo-ninjatrader-gr.ada.support/ https://tradovate-gen.ada.support/ https://api.stripe.com https://apiproxy.ninjatrader.com https://apiproxy-d.ninjatrader.com https://us-autocomplete-pro.api.smartystreets.com https://international-autocomplete.api.smarty.com https://maps.googleapis.com https://accounts.google.com/ https://www.google.com https://www.googletagmanager.com/ https://*.browser-intake-datadoghq.com https://scripts.neuro-id.com https://receiver.neuroid.cloud https://logs.neuro-id.com https://firebaseinstallations.googleapis.com/ https://firebaseremoteconfig.googleapis.com/ https://logx.optimizely.com https://*.optimizely.com wss://mpsnare.iesnare.com wss://ci-mpsnare.iovation.com https://*.iovation.com/ https://*.reddit.com  https://www.redditstatic.com https://*.taboola.com https://*.launchdarkly.com https://*.alloy.co https://*.maze.co https://www.google-analytics.com https://analytics.google.com https://www.googletagmanager.com/ https://api.hubapi.com https://forms.hubspot.com https://stats.g.doubleclick.net https://alb.reddit.com https://analytics.twitter.com https://heapanalytics.com https://*.auryc.com https://*.contentsquare.net https://siteintercept.qualtrics.com https://api.userway.org/".

[2025-09-20 17:11:09.714] INFO - 22:11:09.710Z visibilitychange: hidden, gd: 1000
[2025-09-20 17:11:09.715] INFO - 22:11:09.710Z visibilitychange: hidden, gd: 1000
[2025-09-20 17:11:09.716] WARNING - 22:11:09.711Z [LaunchDarkly] Error on stream connection: {"isTrusted":true}, will continue retrying after 910 milliseconds.
[2025-09-20 17:11:09.716] WARNING - 22:11:09.711Z [LaunchDarkly] Error on stream connection: {"isTrusted":true}, will continue retrying after 910 milliseconds.
[2025-09-20 17:11:09.716] INFO - 22:11:09.711Z [LaunchDarkly] Closing stream connection
[2025-09-20 17:11:09.716] INFO - 22:11:09.711Z [LaunchDarkly] Closing stream connection
[2025-09-20 17:11:10.065] WARNING - Duplicate atom key "locale". This is a FATAL ERROR in
      production. But it is safe to ignore this warning if it occurred because of
      hot module replacement.
[2025-09-20 17:11:10.069] WARNING - Duplicate atom key "locale". This is a FATAL ERROR in
      production. But it is safe to ignore this warning if it occurred because of
      hot module replacement.
[2025-09-20 17:11:10.069] WARNING - Duplicate atom key "muiTheme". This is a FATAL ERROR in
      production. But it is safe to ignore this warning if it occurred because of
      hot module replacement.
[2025-09-20 17:11:10.070] WARNING - Duplicate atom key "muiTheme". This is a FATAL ERROR in
      production. But it is safe to ignore this warning if it occurred because of
      hot module replacement.
[2025-09-20 17:11:10.070] WARNING - Duplicate atom key "appLinksFooter". This is a FATAL ERROR in
      production. But it is safe to ignore this warning if it occurred because of
      hot module replacement.
[2025-09-20 17:11:10.071] WARNING - Duplicate atom key "appLinksFooter". This is a FATAL ERROR in
      production. But it is safe to ignore this warning if it occurred because of
      hot module replacement.
[2025-09-20 17:11:10.071] WARNING - Duplicate atom key "currentUserId2". This is a FATAL ERROR in
      production. But it is safe to ignore this warning if it occurred because of
      hot module replacement.
[2025-09-20 17:11:10.072] WARNING - Duplicate atom key "currentUserId2". This is a FATAL ERROR in
      production. But it is safe to ignore this warning if it occurred because of
      hot module replacement.
[2025-09-20 17:11:10.073] WARNING - Duplicate atom key "onboardingInProgress". This is a FATAL ERROR in
      production. But it is safe to ignore this warning if it occurred because of
      hot module replacement.
[2025-09-20 17:11:10.074] WARNING - Duplicate atom key "onboardingInProgress". This is a FATAL ERROR in
      production. But it is safe to ignore this warning if it occurred because of
      hot module replacement.
[2025-09-20 17:11:10.074] WARNING - Duplicate atom key "editing". This is a FATAL ERROR in
      production. But it is safe to ignore this warning if it occurred because of
      hot module replacement.
[2025-09-20 17:11:10.075] WARNING - Duplicate atom key "editing". This is a FATAL ERROR in
      production. But it is safe to ignore this warning if it occurred because of
      hot module replacement.
[2025-09-20 17:11:10.076] WARNING - Duplicate atom key "infoMessage". This is a FATAL ERROR in
      production. But it is safe to ignore this warning if it occurred because of
      hot module replacement.
[2025-09-20 17:11:10.077] WARNING - Duplicate atom key "infoMessage". This is a FATAL ERROR in
      production. But it is safe to ignore this warning if it occurred because of
      hot module replacement.
[2025-09-20 17:11:10.078] WARNING - Duplicate atom key "browserWarning". This is a FATAL ERROR in
      production. But it is safe to ignore this warning if it occurred because of
      hot module replacement.
[2025-09-20 17:11:10.078] WARNING - Duplicate atom key "browserWarning". This is a FATAL ERROR in
      production. But it is safe to ignore this warning if it occurred because of
      hot module replacement.
[2025-09-20 17:11:10.079] WARNING - Duplicate atom key "clockWarning". This is a FATAL ERROR in
      production. But it is safe to ignore this warning if it occurred because of
      hot module replacement.
[2025-09-20 17:11:10.080] WARNING - Duplicate atom key "clockWarning". This is a FATAL ERROR in
      production. But it is safe to ignore this warning if it occurred because of
      hot module replacement.
[2025-09-20 17:11:10.081] WARNING - Duplicate atom key "breakpoint". This is a FATAL ERROR in
      production. But it is safe to ignore this warning if it occurred because of
      hot module replacement.
[2025-09-20 17:11:10.082] WARNING - Duplicate atom key "breakpoint". This is a FATAL ERROR in
      production. But it is safe to ignore this warning if it occurred because of
      hot module replacement.
[2025-09-20 17:11:10.083] WARNING - Duplicate atom key "inMobileRange". This is a FATAL ERROR in
      production. But it is safe to ignore this warning if it occurred because of
      hot module replacement.
[2025-09-20 17:11:10.084] WARNING - Duplicate atom key "inMobileRange". This is a FATAL ERROR in
      production. But it is safe to ignore this warning if it occurred because of
      hot module replacement.
[2025-09-20 17:11:10.085] WARNING - Duplicate atom key "gridSpacing". This is a FATAL ERROR in
      production. But it is safe to ignore this warning if it occurred because of
      hot module replacement.
[2025-09-20 17:11:10.085] WARNING - Duplicate atom key "gridSpacing". This is a FATAL ERROR in
      production. But it is safe to ignore this warning if it occurred because of
      hot module replacement.
[2025-09-20 17:11:10.086] WARNING - Duplicate atom key "login". This is a FATAL ERROR in
      production. But it is safe to ignore this warning if it occurred because of
      hot module replacement.
[2025-09-20 17:11:10.087] WARNING - Duplicate atom key "login". This is a FATAL ERROR in
      production. But it is safe to ignore this warning if it occurred because of
      hot module replacement.
[2025-09-20 17:11:10.088] WARNING - Duplicate atom key "error". This is a FATAL ERROR in
      production. But it is safe to ignore this warning if it occurred because of
      hot module replacement.
[2025-09-20 17:11:10.089] WARNING - Duplicate atom key "error". This is a FATAL ERROR in
      production. But it is safe to ignore this warning if it occurred because of
      hot module replacement.
[2025-09-20 17:11:10.089] WARNING - Duplicate atom key "contactInfos2". This is a FATAL ERROR in
      production. But it is safe to ignore this warning if it occurred because of
      hot module replacement.
[2025-09-20 17:11:10.090] WARNING - Duplicate atom key "contactInfos2". This is a FATAL ERROR in
      production. But it is safe to ignore this warning if it occurred because of
      hot module replacement.
[2025-09-20 17:11:10.091] WARNING - Duplicate atom key "individualApplicantsTimestamp". This is a FATAL ERROR in
      production. But it is safe to ignore this warning if it occurred because of
      hot module replacement.
[2025-09-20 17:11:10.091] WARNING - Duplicate atom key "individualApplicantsTimestamp". This is a FATAL ERROR in
      production. But it is safe to ignore this warning if it occurred because of
      hot module replacement.
[2025-09-20 17:11:10.092] WARNING - Duplicate atom key "customerApplication". This is a FATAL ERROR in
      production. But it is safe to ignore this warning if it occurred because of
      hot module replacement.
[2025-09-20 17:11:10.092] WARNING - Duplicate atom key "customerApplication". This is a FATAL ERROR in
      production. But it is safe to ignore this warning if it occurred because of
      hot module replacement.
[2025-09-20 17:11:10.092] WARNING - Duplicate atom key "individualApplicants". This is a FATAL ERROR in
      production. But it is safe to ignore this warning if it occurred because of
      hot module replacement.
[2025-09-20 17:11:10.092] WARNING - Duplicate atom key "individualApplicants". This is a FATAL ERROR in
      production. But it is safe to ignore this warning if it occurred because of
      hot module replacement.
[2025-09-20 17:11:10.092] WARNING - Duplicate atom key "clearingHouses". This is a FATAL ERROR in
      production. But it is safe to ignore this warning if it occurred because of
      hot module replacement.
[2025-09-20 17:11:10.092] WARNING - Duplicate atom key "clearingHouses". This is a FATAL ERROR in
      production. But it is safe to ignore this warning if it occurred because of
      hot module replacement.
[2025-09-20 17:11:10.093] WARNING - Duplicate atom key "clearXClearingHouse". This is a FATAL ERROR in
      production. But it is safe to ignore this warning if it occurred because of
      hot module replacement.
[2025-09-20 17:11:10.093] WARNING - Duplicate atom key "clearXClearingHouse". This is a FATAL ERROR in
      production. But it is safe to ignore this warning if it occurred because of
      hot module replacement.
[2025-09-20 17:11:10.093] WARNING - Duplicate atom key "applicationClearingHouse". This is a FATAL ERROR in
      production. But it is safe to ignore this warning if it occurred because of
      hot module replacement.
[2025-09-20 17:11:10.093] WARNING - Duplicate atom key "applicationClearingHouse". This is a FATAL ERROR in
      production. But it is safe to ignore this warning if it occurred because of
      hot module replacement.
[2025-09-20 17:11:10.093] WARNING - Duplicate atom key "userLocation". This is a FATAL ERROR in
      production. But it is safe to ignore this warning if it occurred because of
      hot module replacement.
[2025-09-20 17:11:10.093] WARNING - Duplicate atom key "userLocation". This is a FATAL ERROR in
      production. But it is safe to ignore this warning if it occurred because of
      hot module replacement.
[2025-09-20 17:11:10.093] WARNING - Duplicate atom key "savedApplicationsTimestamp". This is a FATAL ERROR in
      production. But it is safe to ignore this warning if it occurred because of
      hot module replacement.
[2025-09-20 17:11:10.094] WARNING - Duplicate atom key "savedApplicationsTimestamp". This is a FATAL ERROR in
      production. But it is safe to ignore this warning if it occurred because of
      hot module replacement.
[2025-09-20 17:11:10.094] WARNING - Duplicate atom key "savedApplications". This is a FATAL ERROR in
      production. But it is safe to ignore this warning if it occurred because of
      hot module replacement.
[2025-09-20 17:11:10.094] WARNING - Duplicate atom key "savedApplications". This is a FATAL ERROR in
      production. But it is safe to ignore this warning if it occurred because of
      hot module replacement.
[2025-09-20 17:11:10.094] WARNING - Duplicate atom key "step". This is a FATAL ERROR in
      production. But it is safe to ignore this warning if it occurred because of
      hot module replacement.
[2025-09-20 17:11:10.094] WARNING - Duplicate atom key "step". This is a FATAL ERROR in
      production. But it is safe to ignore this warning if it occurred because of
      hot module replacement.
[2025-09-20 17:11:10.094] WARNING - Duplicate atom key "checkStates". This is a FATAL ERROR in
      production. But it is safe to ignore this warning if it occurred because of
      hot module replacement.
[2025-09-20 17:11:10.094] WARNING - Duplicate atom key "checkStates". This is a FATAL ERROR in
      production. But it is safe to ignore this warning if it occurred because of
      hot module replacement.
[2025-09-20 17:11:10.094] WARNING - Duplicate atom key "signStates". This is a FATAL ERROR in
      production. But it is safe to ignore this warning if it occurred because of
      hot module replacement.
[2025-09-20 17:11:10.095] WARNING - Duplicate atom key "signStates". This is a FATAL ERROR in
      production. But it is safe to ignore this warning if it occurred because of
      hot module replacement.
[2025-09-20 17:11:10.095] WARNING - Duplicate atom key "wizard". This is a FATAL ERROR in
      production. But it is safe to ignore this warning if it occurred because of
      hot module replacement.
[2025-09-20 17:11:10.095] WARNING - Duplicate atom key "wizard". This is a FATAL ERROR in
      production. But it is safe to ignore this warning if it occurred because of
      hot module replacement.
[2025-09-20 17:11:10.095] WARNING - Duplicate atom key "formBuilder". This is a FATAL ERROR in
      production. But it is safe to ignore this warning if it occurred because of
      hot module replacement.
[2025-09-20 17:11:10.095] WARNING - Duplicate atom key "formBuilder". This is a FATAL ERROR in
      production. But it is safe to ignore this warning if it occurred because of
      hot module replacement.
[2025-09-20 17:11:10.095] WARNING - Duplicate atom key "headerSlot". This is a FATAL ERROR in
      production. But it is safe to ignore this warning if it occurred because of
      hot module replacement.
[2025-09-20 17:11:10.095] WARNING - Duplicate atom key "headerSlot". This is a FATAL ERROR in
      production. But it is safe to ignore this warning if it occurred because of
      hot module replacement.
[2025-09-20 17:11:10.095] WARNING - Duplicate atom key "footerSlot". This is a FATAL ERROR in
      production. But it is safe to ignore this warning if it occurred because of
      hot module replacement.
[2025-09-20 17:11:10.096] WARNING - Duplicate atom key "footerSlot". This is a FATAL ERROR in
      production. But it is safe to ignore this warning if it occurred because of
      hot module replacement.
[2025-09-20 17:11:10.096] WARNING - Duplicate atom key "alloyJourneyToken". This is a FATAL ERROR in
      production. But it is safe to ignore this warning if it occurred because of
      hot module replacement.
[2025-09-20 17:11:10.096] WARNING - Duplicate atom key "alloyJourneyToken". This is a FATAL ERROR in
      production. But it is safe to ignore this warning if it occurred because of
      hot module replacement.
[2025-09-20 17:11:10.096] DEBUG - [bugsnag] Loaded!
[2025-09-20 17:11:10.096] DEBUG - [bugsnag] Loaded!
[2025-09-20 17:11:10.096] INFO - Version 3.250912.0 prod production 
[2025-09-20 17:11:10.096] INFO - Version 3.250912.0 prod production 
[2025-09-20 17:11:10.096] INFO - Time: Sat Sep 20 2025 17:11:10 GMT-0500 (Central Daylight Time)
[2025-09-20 17:11:10.096] INFO - Time:
[2025-09-20 17:11:10.150] LOG - 22:11:10.147Z Try to restore session
[2025-09-20 17:11:10.150] LOG - 22:11:10.147Z Try to restore session
[2025-09-20 17:11:10.151] LOG - 22:11:10.149Z Access token will be renewed in 75 minutes; expired: Sat Sep 20 2025 18:31:08 GMT-0500 (Central Daylight Time), now: Sat Sep 20 2025 17:11:10 GMT-0500 (Central Daylight Time)
[2025-09-20 17:11:10.151] LOG - 22:11:10.149Z Access token will be renewed in 75 minutes; expired: Sat Sep 20 2025 18:31:08 GMT-0500 (Central Daylight Time), now: Sat Sep 20 2025 17:11:10 GMT-0500 (Central Daylight Time)
[2025-09-20 17:11:10.156] WARNING - 22:11:10.155Z [LaunchDarkly] The waitForInitialization function was called without a timeout specified. In a future version a default timeout will be applied.
[2025-09-20 17:11:10.157] WARNING - 22:11:10.155Z [LaunchDarkly] The waitForInitialization function was called without a timeout specified. In a future version a default timeout will be applied.
[2025-09-20 17:11:10.164] INFO - 22:11:10.163Z chart cache state: islands=3, bars=1532
[2025-09-20 17:11:10.165] INFO - 22:11:10.163Z chart cache state: islands=3, bars=1532
[2025-09-20 17:11:10.165] INFO - 22:11:10.164Z Chart history database initialized
[2025-09-20 17:11:10.165] INFO - 22:11:10.164Z Chart history database initialized
[2025-09-20 17:11:10.169] INFO - 22:11:10.169Z [LaunchDarkly] LaunchDarkly client initialized
[2025-09-20 17:11:10.170] INFO - 22:11:10.169Z [LaunchDarkly] LaunchDarkly client initialized
[2025-09-20 17:11:10.170] INFO - 22:11:10.169Z [LaunchDarkly] Opening stream connection to https://clientstream.launchdarkly.com/eval/66cdf5b9cf61891061b4e437/eyJraW5kIjoidXNlciIsImtleSI6InVua25vd24iLCJhbm9ueW1vdXMiOmZhbHNlfQ
[2025-09-20 17:11:10.170] INFO - 22:11:10.169Z [LaunchDarkly] Opening stream connection to https://clientstream.launchdarkly.com/eval/66cdf5b9cf61891061b4e437/eyJraW5kIjoidXNlciIsImtleSI6InVua25vd24iLCJhbm9ueW1vdXMiOmZhbHNlfQ
[2025-09-20 17:11:10.619] error - Access to XMLHttpRequest at 'https://app.launchdarkly.com/sdk/evalx/66cdf5b9cf61891061b4e437/contexts/eyJraW5kIjoidXNlciIsImtleSI6IjQ2NTYwMjciLCJkZXZpY2UiOiJkZXNrdG9wIiwidXNlcklkIjo0NjU2MDI3LCJpcENvdW50cnkiOiJVUyIsIm9yZ05hbWUiOiJURFYiLCJuYW1lIjoiWmVuZXgzMjk4IiwibGFuZGluZ1BhcmFtcyI6IiJ9' from origin 'https://trader.tradovate.com' has been blocked by CORS policy: No 'Access-Control-Allow-Origin' header is present on the requested resource.
[2025-09-20 17:11:10.620] ERROR - 22:11:10.619Z [LaunchDarkly] network error (Error)
[2025-09-20 17:11:10.620] ERROR - 22:11:10.619Z [LaunchDarkly] network error (Error)
[2025-09-20 17:11:10.621] error - Failed to load resource: net::ERR_FAILED
[2025-09-20 17:11:10.625] ERROR - Exception: t
[2025-09-20 17:11:10.730] LOG - 22:11:10.726Z opening https://demo.tradovateapi.com/
[2025-09-20 17:11:10.730] LOG - 22:11:10.726Z opening https://demo.tradovateapi.com/
[2025-09-20 17:11:10.734] LOG - 22:11:10.734Z Hotkeys initialized {"Shift+Digit1":["orders/selectColumns"],"Shift+Digit2":["orders/showFilters"],"Shift+Digit3":["orders/standardTableView"],"Shift+Digit4":["orders/linkedOrdersView"],"Command+Shift+Digit0":["dom-chart/exit-and-cancel"]}
[2025-09-20 17:11:10.735] LOG - 22:11:10.734Z Hotkeys initialized {"Shift+Digit1":["orders/selectColumns"],"Shift+Digit2":["orders/showFilters"],"Shift+Digit3":["orders/standardTableView"],"Shift+Digit4":["orders/linkedOrdersView"],"Command+Shift+Digit0":["dom-chart/exit-and-cancel"]}
[2025-09-20 17:11:10.803] LOG - 22:11:10.803Z websocket opened
[2025-09-20 17:11:10.804] LOG - 22:11:10.803Z websocket opened
[2025-09-20 17:11:10.859] LOG - 22:11:10.857Z opening https://md-demo.tradovateapi.com/
[2025-09-20 17:11:10.859] LOG - 22:11:10.857Z opening https://md-demo.tradovateapi.com/
[2025-09-20 17:11:10.859] LOG - 22:11:10.858Z Connection:  open
[2025-09-20 17:11:10.859] LOG - 22:11:10.858Z Connection:  open
[2025-09-20 17:11:11.832] LOG - 22:11:11.830Z WebGL:  {"isWebGL2":true,"precision":"highp","logarithmicDepthBuffer":false,"maxTextures":16,"maxVertexTextures":16,"maxTextureSize":16384,"maxCubemapSize":16384,"maxAttributes":16,"maxVertexUniforms":1024,"maxVaryings":30,"maxFragmentUniforms":1024,"vertexTextures":true,"floatFragmentTextures":true,"floatVertexTextures":true,"maxSamples":8} , devicePixelRatio:  2
[2025-09-20 17:11:11.838] LOG - 22:11:11.831Z Canvas size: 500 896 dpp:  2
[2025-09-20 17:11:11.858] LOG - 22:11:11.841Z Loading App-level Plugins
[2025-09-20 17:11:11.859] LOG - 22:11:11.841Z Loading App-level Plugins
[2025-09-20 17:11:11.859] LOG - 22:11:11.854Z WebGL:  {"isWebGL2":true,"precision":"highp","logarithmicDepthBuffer":false,"maxTextures":16,"maxVertexTextures":16,"maxTextureSize":16384,"maxCubemapSize":16384,"maxAttributes":16,"maxVertexUniforms":1024,"maxVaryings":30,"maxFragmentUniforms":1024,"vertexTextures":true,"floatFragmentTextures":true,"floatVertexTextures":true,"maxSamples":8} , devicePixelRatio:  2
[2025-09-20 17:11:11.860] LOG - 22:11:11.855Z Canvas size: 500 896 dpp:  2
[2025-09-20 17:11:11.983] LOG - 22:11:11.921Z websocket opened
[2025-09-20 17:11:11.984] LOG - 22:11:11.921Z websocket opened
[2025-09-20 17:11:12.030] LOG - 22:11:12.028Z loadAppLevelPlugins:  [object Object]
[2025-09-20 17:11:12.030] LOG - 22:11:12.028Z loadAppLevelPlugins: 
[2025-09-20 17:11:12.957] LOG - 22:11:12.956Z jailing is in progress
[2025-09-20 17:11:12.958] LOG - 22:11:12.956Z jailing is in progress
[2025-09-20 17:11:13.102] LOG - 22:11:13.101Z pending jailing done. next starts
[2025-09-20 17:11:13.102] LOG - 22:11:13.101Z pending jailing done. next starts
[2025-09-20 17:11:13.938] LOG - 22:11:13.937Z created chart 1
[2025-09-20 17:11:14.073] LOG - 22:11:14.065Z requestChart: {"symbol":"3267312","chartDescription":{"underlyingType":"Tick","elementSize":5000,"elementSizeUnit":"UnderlyingUnits","withHistogram":false},"timeRange":{"asMuchAsElements":300}}
[2025-09-20 17:11:14.074] LOG - 22:11:14.065Z requestChart: {"symbol":"3267312","chartDescription":{"underlyingType":"Tick","elementSize":5000,"elementSizeUnit":"UnderlyingUnits","withHistogram":false},"timeRange":{"asMuchAsElements":300}}
[2025-09-20 17:11:14.074] LOG - 22:11:14.065Z mdMgApi open
[2025-09-20 17:11:14.075] LOG - 22:11:14.065Z mdMgApi open
[2025-09-20 17:11:14.189] LOG - 22:11:14.187Z updating the shared isolation
[2025-09-20 17:11:14.189] LOG - 22:11:14.187Z updating the shared isolation
[2025-09-20 17:11:18.540] LOG - 22:11:18.539Z Auto Order script initialized - AUTOMATIC HOT RELOAD SUCCESS!
[2025-09-20 17:11:18.541] LOG - 22:11:18.539Z Auto Order script initialized - AUTOMATIC HOT RELOAD SUCCESS!
[2025-09-20 17:11:18.541] LOG - 22:11:18.539Z Creating UI...
[2025-09-20 17:11:18.541] LOG - 22:11:18.539Z Creating UI...
[2025-09-20 17:11:18.542] LOG - 22:11:18.540Z Creating UI
[2025-09-20 17:11:18.542] LOG - 22:11:18.540Z Creating UI
[2025-09-20 17:11:18.542] LOG - 22:11:18.540Z Stored values: TP=120, SL=40, Qty=5, Tick=0.25, Symbol=NQ
[2025-09-20 17:11:18.542] LOG - 22:11:18.540Z Stored values: TP=120, SL=40, Qty=5, Tick=0.25, Symbol=NQ
[2025-09-20 17:11:18.542] LOG - 22:11:18.542Z UI container added to DOM
[2025-09-20 17:11:18.543] LOG - 22:11:18.542Z UI container added to DOM
[2025-09-20 17:11:18.544] LOG - 22:11:18.542Z Setting up UI event handlers
[2025-09-20 17:11:18.544] LOG - 22:11:18.542Z Setting up UI event handlers
[2025-09-20 17:11:18.545] LOG - 22:11:18.542Z Setting up persistent settings
[2025-09-20 17:11:18.545] LOG - 22:11:18.542Z Setting up persistent settings
[2025-09-20 17:11:18.546] LOG - 22:11:18.542Z Setting up drag functionality
[2025-09-20 17:11:18.546] LOG - 22:11:18.542Z Setting up drag functionality
[2025-09-20 17:11:18.547] LOG - 22:11:18.542Z Setting up trade buttons
[2025-09-20 17:11:18.547] LOG - 22:11:18.542Z Setting up trade buttons
[2025-09-20 17:11:18.548] LOG - 22:11:18.542Z UI creation complete
[2025-09-20 17:11:18.548] LOG - 22:11:18.542Z UI creation complete
[2025-09-20 17:11:18.549] LOG - 22:11:18.543Z Creating example front-quarter symbol
[2025-09-20 17:11:18.549] LOG - 22:11:18.543Z Creating example front-quarter symbol
[2025-09-20 17:11:18.549] LOG - 22:11:18.543Z getQuarterlyCode called with date: 2025-09-20T22:11:18.543Z
[2025-09-20 17:11:18.550] LOG - 22:11:18.543Z getQuarterlyCode called with date: 2025-09-20T22:11:18.543Z
[2025-09-20 17:11:18.550] LOG - 22:11:18.543Z Current month index: 8
[2025-09-20 17:11:18.551] LOG - 22:11:18.543Z Current month index: 8
[2025-09-20 17:11:18.551] LOG - 22:11:18.543Z Starting calculation with year=2025, month=8
[2025-09-20 17:11:18.552] LOG - 22:11:18.543Z Starting calculation with year=2025, month=8
[2025-09-20 17:11:18.552] LOG - 22:11:18.543Z Calculated quarterly code: letter=Z, yearDigit=5
[2025-09-20 17:11:18.554] LOG - 22:11:18.543Z Calculated quarterly code: letter=Z, yearDigit=5
[2025-09-20 17:11:18.554] LOG - 22:11:18.543Z Example front-quarter symbol created: NQZ5
[2025-09-20 17:11:18.555] LOG - 22:11:18.543Z Example front-quarter symbol created: NQZ5
[2025-09-20 17:11:18.555] LOG - 22:11:18.548Z Auto Risk Management: Running initial risk assessment...
[2025-09-20 17:11:18.556] LOG - 22:11:18.548Z Auto Risk Management: Running initial risk assessment...
[2025-09-20 17:11:18.557] LOG - 22:11:18.549Z [analyzePhase] resetting phaseData
[2025-09-20 17:11:18.558] LOG - 22:11:18.549Z [analyzePhase] resetting phaseData
[2025-09-20 17:11:18.558] LOG - 22:11:18.549Z [analyzePhase] set phase 1 maxActive to 1
[2025-09-20 17:11:18.559] LOG - 22:11:18.549Z [analyzePhase] set phase 1 maxActive to 1
[2025-09-20 17:11:18.559] LOG - 22:11:18.549Z [analyzePhase] increased phase 2 maxActive to 1
[2025-09-20 17:11:18.559] LOG - 22:11:18.549Z [analyzePhase] increased phase 2 maxActive to 1
[2025-09-20 17:11:18.560] LOG - 22:11:18.549Z [updateUserColumnPhaseStatus] Starting...
[2025-09-20 17:11:18.560] LOG - 22:11:18.549Z [updateUserColumnPhaseStatus] Starting...
[2025-09-20 17:11:18.560] LOG - 22:11:18.550Z [updateUserColumnPhaseStatus] Found 1 rows
[2025-09-20 17:11:18.560] LOG - 22:11:18.550Z [updateUserColumnPhaseStatus] Found 1 rows
[2025-09-20 17:11:18.560] LOG - 22:11:18.550Z [updateUserColumnPhaseStatus] Header cells: Account ▲,Total Available Margin,User,Dist Drawdown Net Liq,Dollar Open P L,Dollar Total P L
[2025-09-20 17:11:18.560] LOG - 22:11:18.550Z [updateUserColumnPhaseStatus] Header cells:
[2025-09-20 17:11:18.560] LOG - 22:11:18.550Z [updateUserColumnPhaseStatus] Found User column at index 2
[2025-09-20 17:11:18.560] LOG - 22:11:18.550Z [updateUserColumnPhaseStatus] Found User column at index 2
[2025-09-20 17:11:18.560] LOG - 22:11:18.550Z [updateUserColumnPhaseStatus] Getting table data...
[2025-09-20 17:11:18.561] LOG - 22:11:18.550Z [updateUserColumnPhaseStatus] Getting table data...
[2025-09-20 17:11:18.561] LOG - 22:11:18.550Z [analyzePhase] resetting phaseData
[2025-09-20 17:11:18.561] LOG - 22:11:18.550Z [analyzePhase] resetting phaseData
[2025-09-20 17:11:18.561] LOG - 22:11:18.550Z [analyzePhase] set phase 1 maxActive to 1
[2025-09-20 17:11:18.561] LOG - 22:11:18.550Z [analyzePhase] set phase 1 maxActive to 1
[2025-09-20 17:11:18.561] LOG - 22:11:18.550Z [analyzePhase] increased phase 2 maxActive to 1
[2025-09-20 17:11:18.561] LOG - 22:11:18.550Z [analyzePhase] increased phase 2 maxActive to 1
[2025-09-20 17:11:18.561] LOG - 22:11:18.550Z [updateUserColumnPhaseStatus] Table data: 0 rows
[2025-09-20 17:11:18.561] LOG - 22:11:18.550Z [updateUserColumnPhaseStatus] Table data: 0 rows
[2025-09-20 17:11:18.562] ERROR - 22:11:18.550Z [updateUserColumnPhaseStatus] No data from getTableData()
[2025-09-20 17:11:18.562] ERROR - 22:11:18.550Z [updateUserColumnPhaseStatus] No data from getTableData()
[2025-09-20 17:11:18.578] warning - The AudioContext was not allowed to start. It must be resumed (or created) after a user gesture on the page. https://developer.chrome.com/blog/autoplay/#web_audio
[2025-09-20 17:11:18.579] LOG - 22:11:18.567Z Auto Risk Management: Initial risk assessment completed
[2025-09-20 17:11:18.579] LOG - 22:11:18.567Z Auto Risk Management: Initial risk assessment completed
[2025-09-20 17:11:19.572] LOG - 22:11:19.570Z [analyzePhase] resetting phaseData
[2025-09-20 17:11:19.573] LOG - 22:11:19.570Z [analyzePhase] resetting phaseData
[2025-09-20 17:11:19.574] LOG - 22:11:19.571Z [analyzePhase] set phase 1 maxActive to 1
[2025-09-20 17:11:19.575] LOG - 22:11:19.571Z [analyzePhase] set phase 1 maxActive to 1
[2025-09-20 17:11:19.575] LOG - 22:11:19.571Z [analyzePhase] increased phase 2 maxActive to 1
[2025-09-20 17:11:19.575] LOG - 22:11:19.571Z [analyzePhase] increased phase 2 maxActive to 1
[2025-09-20 17:11:19.575] WARNING - 22:11:19.571Z Error in deferred func: TypeError: Cannot read properties of undefined (reading 'querySelector'), function(){d(a),f(function(){d(null)},0);var e=i.apply(this,arguments);return d(null),e} TypeError: Cannot read properties of undefined (reading 'querySelector'),    at <anonymous>:377:98,    at i.__trace__ (https://cdn.tradovate.com/tradovate/scripts/8623.bc07fac1.js:2:4608552),    at https://cdn.tradovate.com/tradovate/scripts/8623.bc07fac1.js:2:3545147
[2025-09-20 17:11:19.575] WARNING - 22:11:19.571Z Error in deferred func: TypeError: Cannot read properties of undefined (reading 'querySelector'), function(){d(a),f(function(){d(null)},0);var e=i.apply(this,arguments);return d(null),e}
[2025-09-20 17:11:19.585] LOG - 22:11:19.583Z Executing initial risk management assessment...
[2025-09-20 17:11:19.586] LOG - 22:11:19.583Z Executing initial risk management assessment...
[2025-09-20 17:11:19.587] ERROR - 22:11:19.584Z getTableData function not found
[2025-09-20 17:11:19.588] ERROR - 22:11:19.584Z getTableData function not found
[2025-09-20 17:11:19.589] ERROR - 22:11:19.584Z updateUserColumnPhaseStatus function not found
[2025-09-20 17:11:19.591] ERROR - 22:11:19.584Z updateUserColumnPhaseStatus function not found
[2025-09-20 17:11:19.591] ERROR - 22:11:19.584Z performAccountActions function not found
[2025-09-20 17:11:19.592] ERROR - 22:11:19.584Z performAccountActions function not found
[2025-09-20 17:11:19.592] LOG - 22:11:19.585Z Risk management assessment completed
[2025-09-20 17:11:19.592] LOG - 22:11:19.585Z Risk management assessment completed
