[2025-09-20 17:11:07.569] LOG - 22:11:07.566Z Starting login process for: stonkz92224@gmail.com
[2025-09-20 17:11:07.569] LOG - 22:11:07.566Z Starting login process for: stonkz92224@gmail.com
[2025-09-20 17:11:07.569] LOG - 22:11:07.567Z Auto login function executing for: stonkz92224@gmail.com
[2025-09-20 17:11:07.569] LOG - 22:11:07.567Z Auto login function executing for: stonkz92224@gmail.com
[2025-09-20 17:11:07.569] LOG - 22:11:07.567Z Login form found, filling credentials...
[2025-09-20 17:11:07.570] LOG - 22:11:07.567Z Login form found, filling credentials...
[2025-09-20 17:11:07.721] LOG - 22:11:07.594Z Test element added to DOM
[2025-09-20 17:11:07.722] LOG - 22:11:07.594Z Test element added to DOM
[2025-09-20 17:11:07.732] LOG - 22:11:07.726Z All browser alerts and confirmations have been disabled
[2025-09-20 17:11:07.733] LOG - 22:11:07.726Z All browser alerts and confirmations have been disabled
[2025-09-20 17:11:08.081] LOG - 22:11:08.080Z Clicking login button...
[2025-09-20 17:11:08.081] LOG - 22:11:08.080Z Clicking login button...
[2025-09-20 17:11:08.090] LOG - 22:11:08.089Z authentication starting
[2025-09-20 17:11:08.091] LOG - 22:11:08.089Z authentication starting
[2025-09-20 17:11:08.478] warning - The AudioContext was not allowed to start. It must be resumed (or created) after a user gesture on the page. https://developer.chrome.com/blog/autoplay/#web_audio
[2025-09-20 17:11:08.480] LOG - 22:11:08.466Z Watching for account selection page...
[2025-09-20 17:11:08.482] LOG - 22:11:08.466Z Watching for account selection page...
[2025-09-20 17:11:08.757] LOG - 22:11:08.756Z Access token will be renewed in 75 minutes; expired: Sat Sep 20 2025 18:31:08 GMT-0500 (Central Daylight Time), now: Sat Sep 20 2025 17:11:08 GMT-0500 (Central Daylight Time)
[2025-09-20 17:11:08.759] LOG - 22:11:08.756Z Access token will be renewed in 75 minutes; expired: Sat Sep 20 2025 18:31:08 GMT-0500 (Central Daylight Time), now: Sat Sep 20 2025 17:11:08 GMT-0500 (Central Daylight Time)
[2025-09-20 17:11:09.080] error - Access to XMLHttpRequest at 'https://app.launchdarkly.com/sdk/evalx/66cdf5b9cf61891061b4e437/contexts/eyJraW5kIjoidXNlciIsImtleSI6IjM2NTUwNTkiLCJkZXZpY2UiOiJkZXNrdG9wIiwidXNlcklkIjozNjU1MDU5LCJpcENvdW50cnkiOiJVUyIsIm9yZ05hbWUiOiJURFYiLCJuYW1lIjoiU3Rvbmt6OTIyMjQiLCJsYW5kaW5nUGFyYW1zIjoiIn0' from origin 'https://trader.tradovate.com' has been blocked by CORS policy: No 'Access-Control-Allow-Origin' header is present on the requested resource.
[2025-09-20 17:11:09.080] ERROR - 22:11:09.080Z [LaunchDarkly] network error (Error)
[2025-09-20 17:11:09.081] ERROR - 22:11:09.080Z [LaunchDarkly] network error (Error)
[2025-09-20 17:11:09.082] error - Failed to load resource: net::ERR_FAILED
[2025-09-20 17:11:09.094] ERROR - Exception: t
[2025-09-20 17:11:09.111] error - Access to XMLHttpRequest at 'https://app.launchdarkly.com/sdk/evalx/66cdf5b9cf61891061b4e437/contexts/eyJraW5kIjoidXNlciIsImtleSI6IjM2NTUwNTkiLCJkZXZpY2UiOiJkZXNrdG9wIiwidXNlcklkIjozNjU1MDU5LCJpcENvdW50cnkiOiJVUyIsIm9yZ05hbWUiOiJURFYiLCJuYW1lIjoiU3Rvbmt6OTIyMjQiLCJsYW5kaW5nUGFyYW1zIjoiIn0' from origin 'https://trader.tradovate.com' has been blocked by CORS policy: No 'Access-Control-Allow-Origin' header is present on the requested resource.
[2025-09-20 17:11:09.111] ERROR - 22:11:09.110Z [LaunchDarkly] network error (Error)
[2025-09-20 17:11:09.112] ERROR - 22:11:09.110Z [LaunchDarkly] network error (Error)
[2025-09-20 17:11:09.112] error - Failed to load resource: net::ERR_FAILED
[2025-09-20 17:11:09.113] ERROR - Exception: t
[2025-09-20 17:11:09.153] error - Access to XMLHttpRequest at 'https://app.launchdarkly.com/sdk/evalx/66cdf5b9cf61891061b4e437/contexts/eyJraW5kIjoidXNlciIsImtleSI6IjM2NTUwNTkiLCJkZXZpY2UiOiJkZXNrdG9wIiwidXNlcklkIjozNjU1MDU5LCJpcENvdW50cnkiOiJVUyIsIm9yZ05hbWUiOiJURFYiLCJuYW1lIjoiU3Rvbmt6OTIyMjQiLCJsYW5kaW5nUGFyYW1zIjoiIn0' from origin 'https://trader.tradovate.com' has been blocked by CORS policy: No 'Access-Control-Allow-Origin' header is present on the requested resource.
[2025-09-20 17:11:09.153] ERROR - 22:11:09.153Z [LaunchDarkly] network error (Error)
[2025-09-20 17:11:09.154] ERROR - 22:11:09.153Z [LaunchDarkly] network error (Error)
[2025-09-20 17:11:09.154] error - Failed to load resource: net::ERR_FAILED
[2025-09-20 17:11:09.155] ERROR - Exception: t
[2025-09-20 17:11:10.469] LOG - 22:11:10.468Z Account selection page detected, clicking button...
[2025-09-20 17:11:10.469] LOG - 22:11:10.468Z Account selection page detected, clicking button...
[2025-09-20 17:11:10.610] LOG - 22:11:10.576Z Access token will be renewed in 75 minutes; expired: Sat Sep 20 2025 18:31:08 GMT-0500 (Central Daylight Time), now: Sat Sep 20 2025 17:11:10 GMT-0500 (Central Daylight Time)
[2025-09-20 17:11:10.610] LOG - 22:11:10.576Z Access token will be renewed in 75 minutes; expired: Sat Sep 20 2025 18:31:08 GMT-0500 (Central Daylight Time), now: Sat Sep 20 2025 17:11:10 GMT-0500 (Central Daylight Time)
[2025-09-20 17:11:10.674] error - Refused to connect to 'https://bat.bing.com/actionp/0?ti=26330043&Ver=2&mid=322688d1-32e5-4f1d-b048-f726f6983ae6&bo=2&sid=2801add0965411f09165ab2c93c38bf7&vid=2801c1c0965411f0afa211e8ba13cf6d&vids=0&msclkid=N&evt=pageHide' because it violates the following Content Security Policy directive: "connect-src wss://*.tradovate.com https://*.tradovate.com https://*.ntinnolab.com https://*.devel.ninjatrader.dev https://*.staging.ninjatrader.dev https://*.uat.ninjatrader.dev wss://*.ntinnolab.com wss://*.devel.ninjatrader.dev wss://*.staging.ninjatrader.dev wss://*.uat.ninjatrader.dev wss://*.tradovateapi.com https://*.tradovateapi.com https://*.ninjatrader.com https://cdn.walkme.com https://ec.walkme.com https://sessions.bugsnag.com https://notify.bugsnag.com https://*.plaid.com https://*.yodlee.com https://tradovate.zendesk.com https://rollout.ada.support https://static.ada.support https://ninjatrader.ada.support https://tradovate.ada.support https://ninjatrader-eap.ada.support/ https://demo-ninjatrader-gr.ada.support/ https://tradovate-gen.ada.support/ https://api.stripe.com https://apiproxy.ninjatrader.com https://apiproxy-d.ninjatrader.com https://us-autocomplete-pro.api.smartystreets.com https://international-autocomplete.api.smarty.com https://maps.googleapis.com https://accounts.google.com/ https://www.google.com https://www.googletagmanager.com/ https://*.browser-intake-datadoghq.com https://scripts.neuro-id.com https://receiver.neuroid.cloud https://logs.neuro-id.com https://firebaseinstallations.googleapis.com/ https://firebaseremoteconfig.googleapis.com/ https://logx.optimizely.com https://*.optimizely.com wss://mpsnare.iesnare.com wss://ci-mpsnare.iovation.com https://*.iovation.com/ https://*.reddit.com  https://www.redditstatic.com https://*.taboola.com https://*.launchdarkly.com https://*.alloy.co https://*.maze.co https://www.google-analytics.com https://analytics.google.com https://www.googletagmanager.com/ https://api.hubapi.com https://forms.hubspot.com https://stats.g.doubleclick.net https://alb.reddit.com https://analytics.twitter.com https://heapanalytics.com https://*.auryc.com https://*.contentsquare.net https://siteintercept.qualtrics.com https://api.userway.org/".

[2025-09-20 17:11:10.674] INFO - 22:11:10.672Z visibilitychange: hidden, gd: 1000
[2025-09-20 17:11:10.675] INFO - 22:11:10.672Z visibilitychange: hidden, gd: 1000
[2025-09-20 17:11:10.677] WARNING - 22:11:10.673Z [LaunchDarkly] Error on stream connection: {"isTrusted":true}, will continue retrying after 633 milliseconds.
[2025-09-20 17:11:10.679] WARNING - 22:11:10.673Z [LaunchDarkly] Error on stream connection: {"isTrusted":true}, will continue retrying after 633 milliseconds.
[2025-09-20 17:11:10.679] INFO - 22:11:10.673Z [LaunchDarkly] Closing stream connection
[2025-09-20 17:11:10.680] INFO - 22:11:10.673Z [LaunchDarkly] Closing stream connection
[2025-09-20 17:11:10.949] WARNING - Duplicate atom key "locale". This is a FATAL ERROR in
      production. But it is safe to ignore this warning if it occurred because of
      hot module replacement.
[2025-09-20 17:11:10.950] WARNING - Duplicate atom key "locale". This is a FATAL ERROR in
      production. But it is safe to ignore this warning if it occurred because of
      hot module replacement.
[2025-09-20 17:11:10.951] WARNING - Duplicate atom key "muiTheme". This is a FATAL ERROR in
      production. But it is safe to ignore this warning if it occurred because of
      hot module replacement.
[2025-09-20 17:11:10.952] WARNING - Duplicate atom key "muiTheme". This is a FATAL ERROR in
      production. But it is safe to ignore this warning if it occurred because of
      hot module replacement.
[2025-09-20 17:11:10.953] WARNING - Duplicate atom key "appLinksFooter". This is a FATAL ERROR in
      production. But it is safe to ignore this warning if it occurred because of
      hot module replacement.
[2025-09-20 17:11:10.953] WARNING - Duplicate atom key "appLinksFooter". This is a FATAL ERROR in
      production. But it is safe to ignore this warning if it occurred because of
      hot module replacement.
[2025-09-20 17:11:10.954] WARNING - Duplicate atom key "currentUserId2". This is a FATAL ERROR in
      production. But it is safe to ignore this warning if it occurred because of
      hot module replacement.
[2025-09-20 17:11:10.954] WARNING - Duplicate atom key "currentUserId2". This is a FATAL ERROR in
      production. But it is safe to ignore this warning if it occurred because of
      hot module replacement.
[2025-09-20 17:11:10.955] WARNING - Duplicate atom key "onboardingInProgress". This is a FATAL ERROR in
      production. But it is safe to ignore this warning if it occurred because of
      hot module replacement.
[2025-09-20 17:11:10.956] WARNING - Duplicate atom key "onboardingInProgress". This is a FATAL ERROR in
      production. But it is safe to ignore this warning if it occurred because of
      hot module replacement.
[2025-09-20 17:11:10.956] WARNING - Duplicate atom key "editing". This is a FATAL ERROR in
      production. But it is safe to ignore this warning if it occurred because of
      hot module replacement.
[2025-09-20 17:11:10.957] WARNING - Duplicate atom key "editing". This is a FATAL ERROR in
      production. But it is safe to ignore this warning if it occurred because of
      hot module replacement.
[2025-09-20 17:11:10.958] WARNING - Duplicate atom key "infoMessage". This is a FATAL ERROR in
      production. But it is safe to ignore this warning if it occurred because of
      hot module replacement.
[2025-09-20 17:11:10.959] WARNING - Duplicate atom key "infoMessage". This is a FATAL ERROR in
      production. But it is safe to ignore this warning if it occurred because of
      hot module replacement.
[2025-09-20 17:11:10.959] WARNING - Duplicate atom key "browserWarning". This is a FATAL ERROR in
      production. But it is safe to ignore this warning if it occurred because of
      hot module replacement.
[2025-09-20 17:11:10.960] WARNING - Duplicate atom key "browserWarning". This is a FATAL ERROR in
      production. But it is safe to ignore this warning if it occurred because of
      hot module replacement.
[2025-09-20 17:11:10.961] WARNING - Duplicate atom key "clockWarning". This is a FATAL ERROR in
      production. But it is safe to ignore this warning if it occurred because of
      hot module replacement.
[2025-09-20 17:11:10.962] WARNING - Duplicate atom key "clockWarning". This is a FATAL ERROR in
      production. But it is safe to ignore this warning if it occurred because of
      hot module replacement.
[2025-09-20 17:11:10.962] WARNING - Duplicate atom key "breakpoint". This is a FATAL ERROR in
      production. But it is safe to ignore this warning if it occurred because of
      hot module replacement.
[2025-09-20 17:11:10.963] WARNING - Duplicate atom key "breakpoint". This is a FATAL ERROR in
      production. But it is safe to ignore this warning if it occurred because of
      hot module replacement.
[2025-09-20 17:11:10.964] WARNING - Duplicate atom key "inMobileRange". This is a FATAL ERROR in
      production. But it is safe to ignore this warning if it occurred because of
      hot module replacement.
[2025-09-20 17:11:10.965] WARNING - Duplicate atom key "inMobileRange". This is a FATAL ERROR in
      production. But it is safe to ignore this warning if it occurred because of
      hot module replacement.
[2025-09-20 17:11:10.966] WARNING - Duplicate atom key "gridSpacing". This is a FATAL ERROR in
      production. But it is safe to ignore this warning if it occurred because of
      hot module replacement.
[2025-09-20 17:11:10.967] WARNING - Duplicate atom key "gridSpacing". This is a FATAL ERROR in
      production. But it is safe to ignore this warning if it occurred because of
      hot module replacement.
[2025-09-20 17:11:10.968] WARNING - Duplicate atom key "login". This is a FATAL ERROR in
      production. But it is safe to ignore this warning if it occurred because of
      hot module replacement.
[2025-09-20 17:11:10.968] WARNING - Duplicate atom key "login". This is a FATAL ERROR in
      production. But it is safe to ignore this warning if it occurred because of
      hot module replacement.
[2025-09-20 17:11:10.970] WARNING - Duplicate atom key "error". This is a FATAL ERROR in
      production. But it is safe to ignore this warning if it occurred because of
      hot module replacement.
[2025-09-20 17:11:10.970] WARNING - Duplicate atom key "error". This is a FATAL ERROR in
      production. But it is safe to ignore this warning if it occurred because of
      hot module replacement.
[2025-09-20 17:11:10.971] WARNING - Duplicate atom key "contactInfos2". This is a FATAL ERROR in
      production. But it is safe to ignore this warning if it occurred because of
      hot module replacement.
[2025-09-20 17:11:10.971] WARNING - Duplicate atom key "contactInfos2". This is a FATAL ERROR in
      production. But it is safe to ignore this warning if it occurred because of
      hot module replacement.
[2025-09-20 17:11:10.972] WARNING - Duplicate atom key "individualApplicantsTimestamp". This is a FATAL ERROR in
      production. But it is safe to ignore this warning if it occurred because of
      hot module replacement.
[2025-09-20 17:11:10.972] WARNING - Duplicate atom key "individualApplicantsTimestamp". This is a FATAL ERROR in
      production. But it is safe to ignore this warning if it occurred because of
      hot module replacement.
[2025-09-20 17:11:10.972] WARNING - Duplicate atom key "customerApplication". This is a FATAL ERROR in
      production. But it is safe to ignore this warning if it occurred because of
      hot module replacement.
[2025-09-20 17:11:10.972] WARNING - Duplicate atom key "customerApplication". This is a FATAL ERROR in
      production. But it is safe to ignore this warning if it occurred because of
      hot module replacement.
[2025-09-20 17:11:10.972] WARNING - Duplicate atom key "individualApplicants". This is a FATAL ERROR in
      production. But it is safe to ignore this warning if it occurred because of
      hot module replacement.
[2025-09-20 17:11:10.972] WARNING - Duplicate atom key "individualApplicants". This is a FATAL ERROR in
      production. But it is safe to ignore this warning if it occurred because of
      hot module replacement.
[2025-09-20 17:11:10.972] WARNING - Duplicate atom key "clearingHouses". This is a FATAL ERROR in
      production. But it is safe to ignore this warning if it occurred because of
      hot module replacement.
[2025-09-20 17:11:10.972] WARNING - Duplicate atom key "clearingHouses". This is a FATAL ERROR in
      production. But it is safe to ignore this warning if it occurred because of
      hot module replacement.
[2025-09-20 17:11:10.973] WARNING - Duplicate atom key "clearXClearingHouse". This is a FATAL ERROR in
      production. But it is safe to ignore this warning if it occurred because of
      hot module replacement.
[2025-09-20 17:11:10.973] WARNING - Duplicate atom key "clearXClearingHouse". This is a FATAL ERROR in
      production. But it is safe to ignore this warning if it occurred because of
      hot module replacement.
[2025-09-20 17:11:10.973] WARNING - Duplicate atom key "applicationClearingHouse". This is a FATAL ERROR in
      production. But it is safe to ignore this warning if it occurred because of
      hot module replacement.
[2025-09-20 17:11:10.973] WARNING - Duplicate atom key "applicationClearingHouse". This is a FATAL ERROR in
      production. But it is safe to ignore this warning if it occurred because of
      hot module replacement.
[2025-09-20 17:11:10.973] WARNING - Duplicate atom key "userLocation". This is a FATAL ERROR in
      production. But it is safe to ignore this warning if it occurred because of
      hot module replacement.
[2025-09-20 17:11:10.973] WARNING - Duplicate atom key "userLocation". This is a FATAL ERROR in
      production. But it is safe to ignore this warning if it occurred because of
      hot module replacement.
[2025-09-20 17:11:10.973] WARNING - Duplicate atom key "savedApplicationsTimestamp". This is a FATAL ERROR in
      production. But it is safe to ignore this warning if it occurred because of
      hot module replacement.
[2025-09-20 17:11:10.973] WARNING - Duplicate atom key "savedApplicationsTimestamp". This is a FATAL ERROR in
      production. But it is safe to ignore this warning if it occurred because of
      hot module replacement.
[2025-09-20 17:11:10.973] WARNING - Duplicate atom key "savedApplications". This is a FATAL ERROR in
      production. But it is safe to ignore this warning if it occurred because of
      hot module replacement.
[2025-09-20 17:11:10.974] WARNING - Duplicate atom key "savedApplications". This is a FATAL ERROR in
      production. But it is safe to ignore this warning if it occurred because of
      hot module replacement.
[2025-09-20 17:11:10.974] WARNING - Duplicate atom key "step". This is a FATAL ERROR in
      production. But it is safe to ignore this warning if it occurred because of
      hot module replacement.
[2025-09-20 17:11:10.974] WARNING - Duplicate atom key "step". This is a FATAL ERROR in
      production. But it is safe to ignore this warning if it occurred because of
      hot module replacement.
[2025-09-20 17:11:10.974] WARNING - Duplicate atom key "checkStates". This is a FATAL ERROR in
      production. But it is safe to ignore this warning if it occurred because of
      hot module replacement.
[2025-09-20 17:11:10.974] WARNING - Duplicate atom key "checkStates". This is a FATAL ERROR in
      production. But it is safe to ignore this warning if it occurred because of
      hot module replacement.
[2025-09-20 17:11:10.974] WARNING - Duplicate atom key "signStates". This is a FATAL ERROR in
      production. But it is safe to ignore this warning if it occurred because of
      hot module replacement.
[2025-09-20 17:11:10.974] WARNING - Duplicate atom key "signStates". This is a FATAL ERROR in
      production. But it is safe to ignore this warning if it occurred because of
      hot module replacement.
[2025-09-20 17:11:10.974] WARNING - Duplicate atom key "wizard". This is a FATAL ERROR in
      production. But it is safe to ignore this warning if it occurred because of
      hot module replacement.
[2025-09-20 17:11:10.974] WARNING - Duplicate atom key "wizard". This is a FATAL ERROR in
      production. But it is safe to ignore this warning if it occurred because of
      hot module replacement.
[2025-09-20 17:11:10.975] WARNING - Duplicate atom key "formBuilder". This is a FATAL ERROR in
      production. But it is safe to ignore this warning if it occurred because of
      hot module replacement.
[2025-09-20 17:11:10.975] WARNING - Duplicate atom key "formBuilder". This is a FATAL ERROR in
      production. But it is safe to ignore this warning if it occurred because of
      hot module replacement.
[2025-09-20 17:11:10.975] WARNING - Duplicate atom key "headerSlot". This is a FATAL ERROR in
      production. But it is safe to ignore this warning if it occurred because of
      hot module replacement.
[2025-09-20 17:11:10.975] WARNING - Duplicate atom key "headerSlot". This is a FATAL ERROR in
      production. But it is safe to ignore this warning if it occurred because of
      hot module replacement.
[2025-09-20 17:11:10.975] WARNING - Duplicate atom key "footerSlot". This is a FATAL ERROR in
      production. But it is safe to ignore this warning if it occurred because of
      hot module replacement.
[2025-09-20 17:11:10.975] WARNING - Duplicate atom key "footerSlot". This is a FATAL ERROR in
      production. But it is safe to ignore this warning if it occurred because of
      hot module replacement.
[2025-09-20 17:11:10.975] WARNING - Duplicate atom key "alloyJourneyToken". This is a FATAL ERROR in
      production. But it is safe to ignore this warning if it occurred because of
      hot module replacement.
[2025-09-20 17:11:10.975] WARNING - Duplicate atom key "alloyJourneyToken". This is a FATAL ERROR in
      production. But it is safe to ignore this warning if it occurred because of
      hot module replacement.
[2025-09-20 17:11:10.976] DEBUG - [bugsnag] Loaded!
[2025-09-20 17:11:10.976] DEBUG - [bugsnag] Loaded!
[2025-09-20 17:11:10.983] INFO - Version 3.250912.0 prod production 
[2025-09-20 17:11:10.984] INFO - Version 3.250912.0 prod production 
[2025-09-20 17:11:10.985] INFO - Time: Sat Sep 20 2025 17:11:10 GMT-0500 (Central Daylight Time)
[2025-09-20 17:11:10.985] INFO - Time:
[2025-09-20 17:11:11.042] LOG - 22:11:11.040Z Try to restore session
[2025-09-20 17:11:11.042] LOG - 22:11:11.040Z Try to restore session
[2025-09-20 17:11:11.043] LOG - 22:11:11.041Z Access token will be renewed in 75 minutes; expired: Sat Sep 20 2025 18:31:08 GMT-0500 (Central Daylight Time), now: Sat Sep 20 2025 17:11:11 GMT-0500 (Central Daylight Time)
[2025-09-20 17:11:11.043] LOG - 22:11:11.041Z Access token will be renewed in 75 minutes; expired: Sat Sep 20 2025 18:31:08 GMT-0500 (Central Daylight Time), now: Sat Sep 20 2025 17:11:11 GMT-0500 (Central Daylight Time)
[2025-09-20 17:11:11.055] WARNING - 22:11:11.054Z [LaunchDarkly] The waitForInitialization function was called without a timeout specified. In a future version a default timeout will be applied.
[2025-09-20 17:11:11.055] WARNING - 22:11:11.054Z [LaunchDarkly] The waitForInitialization function was called without a timeout specified. In a future version a default timeout will be applied.
[2025-09-20 17:11:11.063] INFO - 22:11:11.062Z chart cache state: islands=1, bars=395
[2025-09-20 17:11:11.064] INFO - 22:11:11.062Z chart cache state: islands=1, bars=395
[2025-09-20 17:11:11.064] INFO - 22:11:11.062Z Chart history database initialized
[2025-09-20 17:11:11.064] INFO - 22:11:11.062Z Chart history database initialized
[2025-09-20 17:11:11.070] INFO - 22:11:11.069Z [LaunchDarkly] LaunchDarkly client initialized
[2025-09-20 17:11:11.070] INFO - 22:11:11.069Z [LaunchDarkly] LaunchDarkly client initialized
[2025-09-20 17:11:11.071] INFO - 22:11:11.069Z [LaunchDarkly] Opening stream connection to https://clientstream.launchdarkly.com/eval/66cdf5b9cf61891061b4e437/eyJraW5kIjoidXNlciIsImtleSI6InVua25vd24iLCJhbm9ueW1vdXMiOmZhbHNlfQ
[2025-09-20 17:11:11.071] INFO - 22:11:11.069Z [LaunchDarkly] Opening stream connection to https://clientstream.launchdarkly.com/eval/66cdf5b9cf61891061b4e437/eyJraW5kIjoidXNlciIsImtleSI6InVua25vd24iLCJhbm9ueW1vdXMiOmZhbHNlfQ
[2025-09-20 17:11:11.502] error - Access to XMLHttpRequest at 'https://app.launchdarkly.com/sdk/evalx/66cdf5b9cf61891061b4e437/contexts/eyJraW5kIjoidXNlciIsImtleSI6IjM2NTUwNTkiLCJkZXZpY2UiOiJkZXNrdG9wIiwidXNlcklkIjozNjU1MDU5LCJpcENvdW50cnkiOiJVUyIsIm9yZ05hbWUiOiJURFYiLCJuYW1lIjoiU3Rvbmt6OTIyMjQiLCJsYW5kaW5nUGFyYW1zIjoiIn0' from origin 'https://trader.tradovate.com' has been blocked by CORS policy: No 'Access-Control-Allow-Origin' header is present on the requested resource.
[2025-09-20 17:11:11.516] ERROR - 22:11:11.502Z [LaunchDarkly] network error (Error)
[2025-09-20 17:11:11.517] ERROR - 22:11:11.502Z [LaunchDarkly] network error (Error)
[2025-09-20 17:11:11.541] error - Failed to load resource: net::ERR_FAILED
[2025-09-20 17:11:11.541] ERROR - Exception: t
[2025-09-20 17:11:11.951] error - Access to XMLHttpRequest at 'https://app.launchdarkly.com/sdk/evalx/66cdf5b9cf61891061b4e437/contexts/eyJraW5kIjoidXNlciIsImtleSI6IjM2NTUwNTkiLCJkZXZpY2UiOiJkZXNrdG9wIiwidXNlcklkIjozNjU1MDU5LCJpcENvdW50cnkiOiJVUyIsIm9yZ05hbWUiOiJURFYiLCJuYW1lIjoiU3Rvbmt6OTIyMjQiLCJsYW5kaW5nUGFyYW1zIjoiIn0' from origin 'https://trader.tradovate.com' has been blocked by CORS policy: No 'Access-Control-Allow-Origin' header is present on the requested resource.
[2025-09-20 17:11:11.952] ERROR - 22:11:11.950Z [LaunchDarkly] network error (Error)
[2025-09-20 17:11:11.952] ERROR - 22:11:11.950Z [LaunchDarkly] network error (Error)
[2025-09-20 17:11:11.952] error - Failed to load resource: net::ERR_FAILED
[2025-09-20 17:11:11.953] ERROR - Exception: t
[2025-09-20 17:11:12.663] LOG - 22:11:12.660Z opening https://demo.tradovateapi.com/
[2025-09-20 17:11:12.664] LOG - 22:11:12.660Z opening https://demo.tradovateapi.com/
[2025-09-20 17:11:12.668] LOG - 22:11:12.667Z Hotkeys initialized {"Shift+Digit1":["orders/selectColumns"],"Shift+Digit2":["orders/showFilters"],"Shift+Digit3":["orders/standardTableView"],"Shift+Digit4":["orders/linkedOrdersView"],"Command+Shift+Digit0":["dom-chart/exit-and-cancel"]}
[2025-09-20 17:11:12.668] LOG - 22:11:12.667Z Hotkeys initialized {"Shift+Digit1":["orders/selectColumns"],"Shift+Digit2":["orders/showFilters"],"Shift+Digit3":["orders/standardTableView"],"Shift+Digit4":["orders/linkedOrdersView"],"Command+Shift+Digit0":["dom-chart/exit-and-cancel"]}
[2025-09-20 17:11:12.738] LOG - 22:11:12.738Z websocket opened
[2025-09-20 17:11:12.739] LOG - 22:11:12.738Z websocket opened
[2025-09-20 17:11:12.813] LOG - 22:11:12.811Z opening https://md-demo.tradovateapi.com/
[2025-09-20 17:11:12.814] LOG - 22:11:12.811Z opening https://md-demo.tradovateapi.com/
[2025-09-20 17:11:12.814] LOG - 22:11:12.812Z Connection:  open
[2025-09-20 17:11:12.814] LOG - 22:11:12.812Z Connection:  open
[2025-09-20 17:11:12.861] LOG - 22:11:12.859Z WebGL:  {"isWebGL2":true,"precision":"highp","logarithmicDepthBuffer":false,"maxTextures":16,"maxVertexTextures":16,"maxTextureSize":16384,"maxCubemapSize":16384,"maxAttributes":16,"maxVertexUniforms":1024,"maxVaryings":30,"maxFragmentUniforms":1024,"vertexTextures":true,"floatFragmentTextures":true,"floatVertexTextures":true,"maxSamples":8} , devicePixelRatio:  2
[2025-09-20 17:11:12.864] LOG - 22:11:12.860Z Canvas size: 1228 940 dpp:  2
[2025-09-20 17:11:12.886] LOG - 22:11:12.870Z Loading App-level Plugins
[2025-09-20 17:11:12.887] LOG - 22:11:12.870Z Loading App-level Plugins
[2025-09-20 17:11:12.888] LOG - 22:11:12.878Z WebGL:  {"isWebGL2":true,"precision":"highp","logarithmicDepthBuffer":false,"maxTextures":16,"maxVertexTextures":16,"maxTextureSize":16384,"maxCubemapSize":16384,"maxAttributes":16,"maxVertexUniforms":1024,"maxVaryings":30,"maxFragmentUniforms":1024,"vertexTextures":true,"floatFragmentTextures":true,"floatVertexTextures":true,"maxSamples":8} , devicePixelRatio:  2
[2025-09-20 17:11:12.889] LOG - 22:11:12.878Z Canvas size: 1228 940 dpp:  2
[2025-09-20 17:11:12.944] LOG - 22:11:12.929Z websocket opened
[2025-09-20 17:11:12.944] LOG - 22:11:12.929Z websocket opened
[2025-09-20 17:11:13.167] LOG - 22:11:13.165Z loadAppLevelPlugins:  [object Object]
[2025-09-20 17:11:13.167] LOG - 22:11:13.165Z loadAppLevelPlugins: 
[2025-09-20 17:11:13.878] LOG - 22:11:13.870Z jailing is in progress
[2025-09-20 17:11:13.878] LOG - 22:11:13.870Z jailing is in progress
[2025-09-20 17:11:13.879] LOG - 22:11:13.877Z created chart 1
[2025-09-20 17:11:14.167] LOG - 22:11:14.156Z requestChart: {"symbol":"3267312","chartDescription":{"underlyingType":"Tick","elementSize":5000,"elementSizeUnit":"UnderlyingUnits","withHistogram":false},"timeRange":{"asMuchAsElements":398}}
[2025-09-20 17:11:14.169] LOG - 22:11:14.156Z requestChart: {"symbol":"3267312","chartDescription":{"underlyingType":"Tick","elementSize":5000,"elementSizeUnit":"UnderlyingUnits","withHistogram":false},"timeRange":{"asMuchAsElements":398}}
[2025-09-20 17:11:14.169] LOG - 22:11:14.157Z mdMgApi open
[2025-09-20 17:11:14.170] LOG - 22:11:14.157Z mdMgApi open
[2025-09-20 17:11:14.247] LOG - 22:11:14.246Z pending jailing done. next starts
[2025-09-20 17:11:14.247] LOG - 22:11:14.246Z pending jailing done. next starts
[2025-09-20 17:11:14.901] LOG - 22:11:14.900Z requestChart: {"symbol":"3267312","chartDescription":{"underlyingType":"Tick","elementSize":5000,"elementSizeUnit":"UnderlyingUnits","withHistogram":false},"timeRange":{"asMuchAsElements":1,"closestTimestamp":"2025-09-07T22:00:00.053Z"}}
[2025-09-20 17:11:14.902] LOG - 22:11:14.900Z requestChart: {"symbol":"3267312","chartDescription":{"underlyingType":"Tick","elementSize":5000,"elementSizeUnit":"UnderlyingUnits","withHistogram":false},"timeRange":{"asMuchAsElements":1,"closestTimestamp":"2025-09-07T22:00:00.053Z"}}
[2025-09-20 17:11:14.902] LOG - 22:11:14.900Z mdMgApi open
[2025-09-20 17:11:14.902] LOG - 22:11:14.900Z mdMgApi open
[2025-09-20 17:11:15.343] LOG - 22:11:15.342Z updating the shared isolation
[2025-09-20 17:11:15.344] LOG - 22:11:15.342Z updating the shared isolation
[2025-09-20 17:11:15.668] LOG - 22:11:15.667Z updating the shared isolation
[2025-09-20 17:11:15.668] LOG - 22:11:15.667Z updating the shared isolation
[2025-09-20 17:11:17.483] LOG - 22:11:17.481Z Auto Order script initialized - AUTOMATIC HOT RELOAD SUCCESS!
[2025-09-20 17:11:17.483] LOG - 22:11:17.481Z Auto Order script initialized - AUTOMATIC HOT RELOAD SUCCESS!
[2025-09-20 17:11:17.484] LOG - 22:11:17.481Z Creating UI...
[2025-09-20 17:11:17.484] LOG - 22:11:17.481Z Creating UI...
[2025-09-20 17:11:17.484] LOG - 22:11:17.482Z Creating UI
[2025-09-20 17:11:17.484] LOG - 22:11:17.482Z Creating UI
[2025-09-20 17:11:17.485] LOG - 22:11:17.482Z Stored values: TP=120, SL=40, Qty=30, Tick=0.25, Symbol=NQ
[2025-09-20 17:11:17.485] LOG - 22:11:17.482Z Stored values: TP=120, SL=40, Qty=30, Tick=0.25, Symbol=NQ
[2025-09-20 17:11:17.486] LOG - 22:11:17.484Z UI container added to DOM
[2025-09-20 17:11:17.486] LOG - 22:11:17.484Z UI container added to DOM
[2025-09-20 17:11:17.487] LOG - 22:11:17.485Z Setting up UI event handlers
[2025-09-20 17:11:17.487] LOG - 22:11:17.485Z Setting up UI event handlers
[2025-09-20 17:11:17.488] LOG - 22:11:17.485Z Setting up persistent settings
[2025-09-20 17:11:17.488] LOG - 22:11:17.485Z Setting up persistent settings
[2025-09-20 17:11:17.489] LOG - 22:11:17.485Z Setting up drag functionality
[2025-09-20 17:11:17.489] LOG - 22:11:17.485Z Setting up drag functionality
[2025-09-20 17:11:17.489] LOG - 22:11:17.485Z Setting up trade buttons
[2025-09-20 17:11:17.490] LOG - 22:11:17.485Z Setting up trade buttons
[2025-09-20 17:11:17.490] LOG - 22:11:17.485Z UI creation complete
[2025-09-20 17:11:17.491] LOG - 22:11:17.485Z UI creation complete
[2025-09-20 17:11:17.491] LOG - 22:11:17.485Z Creating example front-quarter symbol
[2025-09-20 17:11:17.491] LOG - 22:11:17.485Z Creating example front-quarter symbol
[2025-09-20 17:11:17.491] LOG - 22:11:17.486Z getQuarterlyCode called with date: 2025-09-20T22:11:17.486Z
[2025-09-20 17:11:17.492] LOG - 22:11:17.486Z getQuarterlyCode called with date: 2025-09-20T22:11:17.486Z
[2025-09-20 17:11:17.492] LOG - 22:11:17.486Z Current month index: 8
[2025-09-20 17:11:17.492] LOG - 22:11:17.486Z Current month index: 8
[2025-09-20 17:11:17.492] LOG - 22:11:17.486Z Starting calculation with year=2025, month=8
[2025-09-20 17:11:17.492] LOG - 22:11:17.486Z Starting calculation with year=2025, month=8
[2025-09-20 17:11:17.492] LOG - 22:11:17.486Z Calculated quarterly code: letter=Z, yearDigit=5
[2025-09-20 17:11:17.492] LOG - 22:11:17.486Z Calculated quarterly code: letter=Z, yearDigit=5
[2025-09-20 17:11:17.493] LOG - 22:11:17.486Z Example front-quarter symbol created: NQZ5
[2025-09-20 17:11:17.493] LOG - 22:11:17.486Z Example front-quarter symbol created: NQZ5
[2025-09-20 17:11:17.501] LOG - 22:11:17.500Z Auto Risk Management: Running initial risk assessment...
[2025-09-20 17:11:17.502] LOG - 22:11:17.500Z Auto Risk Management: Running initial risk assessment...
[2025-09-20 17:11:17.502] LOG - 22:11:17.501Z [analyzePhase] resetting phaseData
[2025-09-20 17:11:17.503] LOG - 22:11:17.501Z [analyzePhase] resetting phaseData
[2025-09-20 17:11:17.504] LOG - 22:11:17.501Z [analyzePhase] set phase 1 maxActive to 1
[2025-09-20 17:11:17.504] LOG - 22:11:17.501Z [analyzePhase] set phase 1 maxActive to 1
[2025-09-20 17:11:17.505] LOG - 22:11:17.501Z [analyzePhase] increased phase 2 maxActive to 1
[2025-09-20 17:11:17.505] LOG - 22:11:17.501Z [analyzePhase] increased phase 2 maxActive to 1
[2025-09-20 17:11:17.506] LOG - 22:11:17.502Z [updateUserColumnPhaseStatus] Starting...
[2025-09-20 17:11:17.507] LOG - 22:11:17.502Z [updateUserColumnPhaseStatus] Starting...
[2025-09-20 17:11:17.508] LOG - 22:11:17.502Z [updateUserColumnPhaseStatus] Found 4 rows
[2025-09-20 17:11:17.508] LOG - 22:11:17.502Z [updateUserColumnPhaseStatus] Found 4 rows
[2025-09-20 17:11:17.509] LOG - 22:11:17.503Z [updateUserColumnPhaseStatus] Header cells: Account ▲,Total Available Margin,User,Dist Drawdown Net Liq,Dollar Open P L,Dollar Total P L
[2025-09-20 17:11:17.509] LOG - 22:11:17.503Z [updateUserColumnPhaseStatus] Header cells:
[2025-09-20 17:11:17.510] LOG - 22:11:17.503Z [updateUserColumnPhaseStatus] Found User column at index 2
[2025-09-20 17:11:17.510] LOG - 22:11:17.503Z [updateUserColumnPhaseStatus] Found User column at index 2
[2025-09-20 17:11:17.511] LOG - 22:11:17.503Z [updateUserColumnPhaseStatus] Getting table data...
[2025-09-20 17:11:17.511] LOG - 22:11:17.503Z [updateUserColumnPhaseStatus] Getting table data...
[2025-09-20 17:11:17.511] LOG - 22:11:17.503Z [analyzePhase] resetting phaseData
[2025-09-20 17:11:17.512] LOG - 22:11:17.503Z [analyzePhase] resetting phaseData
[2025-09-20 17:11:17.512] LOG - 22:11:17.503Z [analyzePhase] set phase 1 maxActive to 1
[2025-09-20 17:11:17.512] LOG - 22:11:17.503Z [analyzePhase] set phase 1 maxActive to 1
[2025-09-20 17:11:17.512] LOG - 22:11:17.503Z [analyzePhase] increased phase 2 maxActive to 1
[2025-09-20 17:11:17.512] LOG - 22:11:17.503Z [analyzePhase] increased phase 2 maxActive to 1
[2025-09-20 17:11:17.512] LOG - 22:11:17.504Z [updateUserColumnPhaseStatus] Table data: 3 rows
[2025-09-20 17:11:17.512] LOG - 22:11:17.504Z [updateUserColumnPhaseStatus] Table data: 3 rows
[2025-09-20 17:11:17.512] LOG - 22:11:17.504Z [updateUserColumnPhaseStatus] First data row has 6 cells, we need index 2
[2025-09-20 17:11:17.512] LOG - 22:11:17.504Z [updateUserColumnPhaseStatus] First data row has 6 cells, we need index 2
[2025-09-20 17:11:17.513] LOG - 22:11:17.504Z [updateUserColumnPhaseStatus] Setting row 1 (DEMO3655059) phase=1, active=true
[2025-09-20 17:11:17.513] LOG - 22:11:17.504Z [updateUserColumnPhaseStatus] Setting row 1 (DEMO3655059) phase=1, active=true
[2025-09-20 17:11:17.513] LOG - 22:11:17.504Z [updateUserColumnPhaseStatus] Setting row 2 (DEMO3655059-1) phase=2, active=true
[2025-09-20 17:11:17.513] LOG - 22:11:17.504Z [updateUserColumnPhaseStatus] Setting row 2 (DEMO3655059-1) phase=2, active=true
[2025-09-20 17:11:17.513] LOG - 22:11:17.504Z [updateUserColumnPhaseStatus] Setting row 3 (DEMO3655059-2) phase=2, active=false
[2025-09-20 17:11:17.513] LOG - 22:11:17.504Z [updateUserColumnPhaseStatus] Setting row 3 (DEMO3655059-2) phase=2, active=false
[2025-09-20 17:11:17.513] LOG - 22:11:17.504Z [updateUserColumnPhaseStatus] Completed
[2025-09-20 17:11:17.513] LOG - 22:11:17.504Z [updateUserColumnPhaseStatus] Completed
[2025-09-20 17:11:17.526] warning - The AudioContext was not allowed to start. It must be resumed (or created) after a user gesture on the page. https://developer.chrome.com/blog/autoplay/#web_audio
[2025-09-20 17:11:17.526] LOG - 22:11:17.515Z Auto Risk Management: Initial risk assessment completed
[2025-09-20 17:11:17.526] LOG - 22:11:17.515Z Auto Risk Management: Initial risk assessment completed
[2025-09-20 17:11:18.528] LOG - 22:11:18.527Z Executing initial risk management assessment...
[2025-09-20 17:11:18.531] LOG - 22:11:18.527Z Executing initial risk management assessment...
[2025-09-20 17:11:18.532] ERROR - 22:11:18.527Z getTableData function not found
[2025-09-20 17:11:18.532] ERROR - 22:11:18.527Z getTableData function not found
[2025-09-20 17:11:18.532] ERROR - 22:11:18.527Z updateUserColumnPhaseStatus function not found
[2025-09-20 17:11:18.533] ERROR - 22:11:18.527Z updateUserColumnPhaseStatus function not found
[2025-09-20 17:11:18.533] ERROR - 22:11:18.528Z performAccountActions function not found
[2025-09-20 17:11:18.534] ERROR - 22:11:18.528Z performAccountActions function not found
[2025-09-20 17:11:18.534] LOG - 22:11:18.528Z Risk management assessment completed
[2025-09-20 17:11:18.534] LOG - 22:11:18.528Z Risk management assessment completed
[2025-09-20 17:11:18.555] LOG - 22:11:18.553Z [analyzePhase] resetting phaseData
[2025-09-20 17:11:18.555] LOG - 22:11:18.553Z [analyzePhase] resetting phaseData
[2025-09-20 17:11:18.556] LOG - 22:11:18.554Z [analyzePhase] set phase 1 maxActive to 1
[2025-09-20 17:11:18.557] LOG - 22:11:18.554Z [analyzePhase] set phase 1 maxActive to 1
[2025-09-20 17:11:18.557] LOG - 22:11:18.554Z [analyzePhase] increased phase 2 maxActive to 1
[2025-09-20 17:11:18.558] LOG - 22:11:18.554Z [analyzePhase] increased phase 2 maxActive to 1
[2025-09-20 17:11:19.057] LOG - 22:11:19.055Z [analyzePhase] resetting phaseData
[2025-09-20 17:11:19.058] LOG - 22:11:19.055Z [analyzePhase] resetting phaseData
[2025-09-20 17:11:19.059] LOG - 22:11:19.056Z [analyzePhase] set phase 1 maxActive to 1
[2025-09-20 17:11:19.060] LOG - 22:11:19.056Z [analyzePhase] set phase 1 maxActive to 1
[2025-09-20 17:11:19.061] LOG - 22:11:19.056Z [analyzePhase] increased phase 2 maxActive to 1
[2025-09-20 17:11:19.062] LOG - 22:11:19.056Z [analyzePhase] increased phase 2 maxActive to 1
[2025-09-20 17:11:19.062] LOG - 22:11:19.057Z Set DEMO3655059 qty to 20
[2025-09-20 17:11:19.063] LOG - 22:11:19.058Z Set DEMO3655059-1 qty to 10
[2025-09-20 17:11:19.064] LOG - 22:11:19.058Z [analyzePhase] resetting phaseData
[2025-09-20 17:11:19.064] LOG - 22:11:19.058Z [analyzePhase] resetting phaseData
[2025-09-20 17:11:19.064] LOG - 22:11:19.058Z [analyzePhase] set phase 1 maxActive to 1
[2025-09-20 17:11:19.064] LOG - 22:11:19.058Z [analyzePhase] set phase 1 maxActive to 1
[2025-09-20 17:11:19.064] LOG - 22:11:19.058Z [analyzePhase] increased phase 2 maxActive to 1
[2025-09-20 17:11:19.064] LOG - 22:11:19.058Z [analyzePhase] increased phase 2 maxActive to 1
