[2025-09-28 11:44:37.101] LOG - 16:44:37.099Z Starting login process for: zenex3298@gmail.com
[2025-09-28 11:44:37.102] LOG - 16:44:37.099Z Starting login process for: zenex3298@gmail.com
[2025-09-28 11:44:37.103] LOG - 16:44:37.099Z Auto login function executing for: zenex3298@gmail.com
[2025-09-28 11:44:37.104] LOG - 16:44:37.099Z Auto login function executing for: zenex3298@gmail.com
[2025-09-28 11:44:37.105] LOG - 16:44:37.100Z Login form found, filling credentials...
[2025-09-28 11:44:37.105] LOG - 16:44:37.100Z Login form found, filling credentials...
[2025-09-28 11:44:37.272] LOG - 16:44:37.129Z Test element added to DOM
[2025-09-28 11:44:37.273] LOG - 16:44:37.129Z Test element added to DOM
[2025-09-28 11:44:37.277] LOG - 16:44:37.274Z All browser alerts and confirmations have been disabled
[2025-09-28 11:44:37.278] LOG - 16:44:37.274Z All browser alerts and confirmations have been disabled
[2025-09-28 11:44:37.617] LOG - 16:44:37.614Z Clicking login button...
[2025-09-28 11:44:37.618] LOG - 16:44:37.614Z Clicking login button...
[2025-09-28 11:44:37.629] LOG - 16:44:37.625Z authentication starting
[2025-09-28 11:44:37.630] LOG - 16:44:37.625Z authentication starting
[2025-09-28 11:44:38.106] warning - The AudioContext was not allowed to start. It must be resumed (or created) after a user gesture on the page. https://developer.chrome.com/blog/autoplay/#web_audio
[2025-09-28 11:44:38.107] LOG - 16:44:38.089Z Watching for account selection page...
[2025-09-28 11:44:38.109] LOG - 16:44:38.089Z Watching for account selection page...
[2025-09-28 11:44:38.361] LOG - 16:44:38.359Z Auto Order script initialized - AUTOMATIC HOT RELOAD SUCCESS!
[2025-09-28 11:44:38.362] LOG - 16:44:38.359Z Auto Order script initialized - AUTOMATIC HOT RELOAD SUCCESS!
[2025-09-28 11:44:38.364] LOG - 16:44:38.360Z Creating UI for dashboard trading...
[2025-09-28 11:44:38.365] LOG - 16:44:38.360Z Creating UI for dashboard trading...
[2025-09-28 11:44:38.366] LOG - 16:44:38.361Z Creating UI (visible=false)
[2025-09-28 11:44:38.366] LOG - 16:44:38.361Z Creating UI (visible=false)
[2025-09-28 11:44:38.367] LOG - 16:44:38.361Z Stored values: TP=100, SL=40, Qty=3, Tick=0.25, Symbol=NQ
[2025-09-28 11:44:38.367] LOG - 16:44:38.361Z Stored values: TP=100, SL=40, Qty=3, Tick=0.25, Symbol=NQ
[2025-09-28 11:44:38.369] LOG - 16:44:38.361Z UI container added to DOM
[2025-09-28 11:44:38.369] LOG - 16:44:38.361Z UI container added to DOM
[2025-09-28 11:44:38.370] LOG - 16:44:38.362Z Setting up localStorage persistence
[2025-09-28 11:44:38.370] LOG - 16:44:38.362Z Setting up localStorage persistence
[2025-09-28 11:44:38.371] LOG - 16:44:38.362Z UI initialization complete
[2025-09-28 11:44:38.371] LOG - 16:44:38.362Z UI initialization complete
[2025-09-28 11:44:38.371] LOG - 16:44:38.362Z Creating example front-quarter symbol
[2025-09-28 11:44:38.372] LOG - 16:44:38.362Z Creating example front-quarter symbol
[2025-09-28 11:44:38.374] LOG - 16:44:38.362Z getQuarterlyCode called with date: 2025-09-28T16:44:38.362Z
[2025-09-28 11:44:38.374] LOG - 16:44:38.362Z getQuarterlyCode called with date: 2025-09-28T16:44:38.362Z
[2025-09-28 11:44:38.374] LOG - 16:44:38.362Z Current month index: 8
[2025-09-28 11:44:38.374] LOG - 16:44:38.362Z Current month index: 8
[2025-09-28 11:44:38.375] LOG - 16:44:38.362Z Starting calculation with year=2025, month=8
[2025-09-28 11:44:38.375] LOG - 16:44:38.362Z Starting calculation with year=2025, month=8
[2025-09-28 11:44:38.375] LOG - 16:44:38.362Z Calculated quarterly code: letter=Z, yearDigit=5
[2025-09-28 11:44:38.376] LOG - 16:44:38.362Z Calculated quarterly code: letter=Z, yearDigit=5
[2025-09-28 11:44:38.376] LOG - 16:44:38.362Z Example front-quarter symbol created: NQZ5
[2025-09-28 11:44:38.376] LOG - 16:44:38.362Z Example front-quarter symbol created: NQZ5
[2025-09-28 11:44:38.376] LOG - 16:44:38.369Z Auto Risk Management: Running initial risk assessment...
[2025-09-28 11:44:38.376] LOG - 16:44:38.369Z Auto Risk Management: Running initial risk assessment...
[2025-09-28 11:44:38.377] LOG - 16:44:38.370Z [updateUserColumnPhaseStatus] Starting...
[2025-09-28 11:44:38.377] LOG - 16:44:38.370Z [updateUserColumnPhaseStatus] Starting...
[2025-09-28 11:44:38.377] ERROR - 16:44:38.371Z [updateUserColumnPhaseStatus] No accountTable found
[2025-09-28 11:44:38.377] ERROR - 16:44:38.371Z [updateUserColumnPhaseStatus] No accountTable found
[2025-09-28 11:44:38.377] LOG - 16:44:38.373Z Auto Risk Management: Initial risk assessment completed
[2025-09-28 11:44:38.378] LOG - 16:44:38.373Z Auto Risk Management: Initial risk assessment completed
[2025-09-28 11:44:38.492] LOG - 16:44:38.491Z Access token will be renewed in 75 minutes; expired: Sun Sep 28 2025 13:04:38 GMT-0500 (Central Daylight Time), now: Sun Sep 28 2025 11:44:38 GMT-0500 (Central Daylight Time)
[2025-09-28 11:44:38.493] LOG - 16:44:38.491Z Access token will be renewed in 75 minutes; expired: Sun Sep 28 2025 13:04:38 GMT-0500 (Central Daylight Time), now: Sun Sep 28 2025 11:44:38 GMT-0500 (Central Daylight Time)
[2025-09-28 11:44:39.061] INFO - 16:44:39.058Z [LaunchDarkly] Closing stream connection
[2025-09-28 11:44:39.062] INFO - 16:44:39.058Z [LaunchDarkly] Closing stream connection
[2025-09-28 11:44:39.063] INFO - 16:44:39.059Z [LaunchDarkly] Opening stream connection to https://clientstream.launchdarkly.com/eval/66cdf5b9cf61891061b4e437/eyJraW5kIjoidXNlciIsImtleSI6IjQ2NTYwMjciLCJkZXZpY2UiOiJkZXNrdG9wIiwidXNlcklkIjo0NjU2MDI3LCJpcENvdW50cnkiOiJVUyIsIm9yZ05hbWUiOiJURFYiLCJuYW1lIjoiWmVuZXgzMjk4IiwibGFuZGluZ1BhcmFtcyI6IiJ9
[2025-09-28 11:44:39.064] INFO - 16:44:39.059Z [LaunchDarkly] Opening stream connection to https://clientstream.launchdarkly.com/eval/66cdf5b9cf61891061b4e437/eyJraW5kIjoidXNlciIsImtleSI6IjQ2NTYwMjciLCJkZXZpY2UiOiJkZXNrdG9wIiwidXNlcklkIjo0NjU2MDI3LCJpcENvdW50cnkiOiJVUyIsIm9yZ05hbWUiOiJURFYiLCJuYW1lIjoiWmVuZXgzMjk4IiwibGFuZGluZ1BhcmFtcyI6IiJ9
[2025-09-28 11:44:39.065] INFO - 16:44:39.059Z [LaunchDarkly] Closing stream connection
[2025-09-28 11:44:39.065] INFO - 16:44:39.059Z [LaunchDarkly] Closing stream connection
[2025-09-28 11:44:39.065] INFO - 16:44:39.059Z [LaunchDarkly] Opening stream connection to https://clientstream.launchdarkly.com/eval/66cdf5b9cf61891061b4e437/eyJraW5kIjoidXNlciIsImtleSI6IjQ2NTYwMjciLCJkZXZpY2UiOiJkZXNrdG9wIiwidXNlcklkIjo0NjU2MDI3LCJpcENvdW50cnkiOiJVUyIsIm9yZ05hbWUiOiJURFYiLCJuYW1lIjoiWmVuZXgzMjk4IiwibGFuZGluZ1BhcmFtcyI6IiJ9
[2025-09-28 11:44:39.065] INFO - 16:44:39.059Z [LaunchDarkly] Opening stream connection to https://clientstream.launchdarkly.com/eval/66cdf5b9cf61891061b4e437/eyJraW5kIjoidXNlciIsImtleSI6IjQ2NTYwMjciLCJkZXZpY2UiOiJkZXNrdG9wIiwidXNlcklkIjo0NjU2MDI3LCJpcENvdW50cnkiOiJVUyIsIm9yZ05hbWUiOiJURFYiLCJuYW1lIjoiWmVuZXgzMjk4IiwibGFuZGluZ1BhcmFtcyI6IiJ9
[2025-09-28 11:44:39.121] INFO - 16:44:39.120Z [LaunchDarkly] Closing stream connection
[2025-09-28 11:44:39.123] INFO - 16:44:39.120Z [LaunchDarkly] Closing stream connection
[2025-09-28 11:44:39.123] INFO - 16:44:39.120Z [LaunchDarkly] Opening stream connection to https://clientstream.launchdarkly.com/eval/66cdf5b9cf61891061b4e437/eyJraW5kIjoidXNlciIsImtleSI6IjQ2NTYwMjciLCJkZXZpY2UiOiJkZXNrdG9wIiwidXNlcklkIjo0NjU2MDI3LCJpcENvdW50cnkiOiJVUyIsIm9yZ05hbWUiOiJURFYiLCJuYW1lIjoiWmVuZXgzMjk4IiwibGFuZGluZ1BhcmFtcyI6IiJ9
[2025-09-28 11:44:39.123] INFO - 16:44:39.120Z [LaunchDarkly] Opening stream connection to https://clientstream.launchdarkly.com/eval/66cdf5b9cf61891061b4e437/eyJraW5kIjoidXNlciIsImtleSI6IjQ2NTYwMjciLCJkZXZpY2UiOiJkZXNrdG9wIiwidXNlcklkIjo0NjU2MDI3LCJpcENvdW50cnkiOiJVUyIsIm9yZ05hbWUiOiJURFYiLCJuYW1lIjoiWmVuZXgzMjk4IiwibGFuZGluZ1BhcmFtcyI6IiJ9
[2025-09-28 11:44:39.379] WARNING - 16:44:39.376Z Error in deferred func: TypeError: Cannot read properties of undefined (reading 'querySelector'), function(){d(a),f(function(){d(null)},0);var e=i.apply(this,arguments);return d(null),e} TypeError: Cannot read properties of undefined (reading 'querySelector'),    at <anonymous>:377:98,    at i.__trace__ (https://cdn.tradovate.com/tradovate/scripts/4418.49f1ab77.js:2:4613725),    at https://cdn.tradovate.com/tradovate/scripts/4418.49f1ab77.js:2:3547494
[2025-09-28 11:44:39.379] WARNING - 16:44:39.376Z Error in deferred func: TypeError: Cannot read properties of undefined (reading 'querySelector'), function(){d(a),f(function(){d(null)},0);var e=i.apply(this,arguments);return d(null),e}
[2025-09-28 11:44:39.380] LOG - 16:44:39.380Z Executing initial risk management assessment...
[2025-09-28 11:44:39.381] LOG - 16:44:39.380Z Executing initial risk management assessment...
[2025-09-28 11:44:39.383] ERROR - 16:44:39.380Z getTableData function not found
[2025-09-28 11:44:39.384] ERROR - 16:44:39.380Z getTableData function not found
[2025-09-28 11:44:39.384] ERROR - 16:44:39.380Z updateUserColumnPhaseStatus function not found
[2025-09-28 11:44:39.384] ERROR - 16:44:39.380Z updateUserColumnPhaseStatus function not found
[2025-09-28 11:44:39.384] ERROR - 16:44:39.381Z performAccountActions function not found
[2025-09-28 11:44:39.384] ERROR - 16:44:39.381Z performAccountActions function not found
[2025-09-28 11:44:39.385] LOG - 16:44:39.381Z Risk management assessment completed
[2025-09-28 11:44:39.385] LOG - 16:44:39.381Z Risk management assessment completed
[2025-09-28 11:44:40.092] LOG - 16:44:40.091Z Account selection page detected, clicking button...
[2025-09-28 11:44:40.093] LOG - 16:44:40.091Z Account selection page detected, clicking button...
[2025-09-28 11:44:40.299] LOG - 16:44:40.260Z Access token will be renewed in 75 minutes; expired: Sun Sep 28 2025 13:04:38 GMT-0500 (Central Daylight Time), now: Sun Sep 28 2025 11:44:40 GMT-0500 (Central Daylight Time)
[2025-09-28 11:44:40.300] LOG - 16:44:40.260Z Access token will be renewed in 75 minutes; expired: Sun Sep 28 2025 13:04:38 GMT-0500 (Central Daylight Time), now: Sun Sep 28 2025 11:44:40 GMT-0500 (Central Daylight Time)
[2025-09-28 11:44:40.997] error - Refused to connect to 'https://bat.bing.com/actionp/0?ti=26330043&Ver=2&mid=c369c438-0b9a-47c6-ad19-95d1db8c6ec1&bo=2&sid=3660cc809ad411f094ce7fdad7d91748&vid=9abf384092fe11f0b30e9fac449e4642&vids=0&msclkid=N&evt=pageHide' because it violates the following Content Security Policy directive: "connect-src wss://*.tradovate.com https://*.tradovate.com https://*.ntinnolab.com https://*.devel.ninjatrader.dev https://*.staging.ninjatrader.dev https://*.uat.ninjatrader.dev wss://*.ntinnolab.com wss://*.devel.ninjatrader.dev wss://*.staging.ninjatrader.dev wss://*.uat.ninjatrader.dev wss://*.tradovateapi.com https://*.tradovateapi.com https://*.ninjatrader.com https://cdn.walkme.com https://ec.walkme.com https://sessions.bugsnag.com https://notify.bugsnag.com https://*.plaid.com https://*.yodlee.com https://tradovate.zendesk.com https://rollout.ada.support https://static.ada.support https://ninjatrader.ada.support https://tradovate.ada.support https://ninjatrader-eap.ada.support/ https://demo-ninjatrader-gr.ada.support/ https://tradovate-gen.ada.support/ https://api.stripe.com https://apiproxy.ninjatrader.com https://apiproxy-d.ninjatrader.com https://us-autocomplete-pro.api.smartystreets.com https://international-autocomplete.api.smarty.com https://maps.googleapis.com https://accounts.google.com/ https://www.google.com https://www.googletagmanager.com/ https://*.browser-intake-datadoghq.com https://scripts.neuro-id.com https://receiver.neuroid.cloud https://logs.neuro-id.com https://firebaseinstallations.googleapis.com/ https://firebaseremoteconfig.googleapis.com/ https://logx.optimizely.com https://*.optimizely.com wss://mpsnare.iesnare.com wss://ci-mpsnare.iovation.com https://*.iovation.com/ https://*.reddit.com  https://www.redditstatic.com https://*.taboola.com https://*.launchdarkly.com https://*.alloy.co https://*.maze.co https://www.google-analytics.com https://analytics.google.com https://www.googletagmanager.com/ https://api.hubapi.com https://forms.hubspot.com https://stats.g.doubleclick.net https://alb.reddit.com https://analytics.twitter.com https://heapanalytics.com https://*.auryc.com https://*.contentsquare.net https://siteintercept.qualtrics.com https://api.userway.org/".

[2025-09-28 11:44:40.999] INFO - 16:44:40.994Z visibilitychange: hidden, gd: 1000
[2025-09-28 11:44:40.999] INFO - 16:44:40.994Z visibilitychange: hidden, gd: 1000
[2025-09-28 11:44:41.001] WARNING - 16:44:40.997Z [LaunchDarkly] Error on stream connection: {"isTrusted":true}, will continue retrying after 580 milliseconds.
[2025-09-28 11:44:41.002] WARNING - 16:44:40.997Z [LaunchDarkly] Error on stream connection: {"isTrusted":true}, will continue retrying after 580 milliseconds.
[2025-09-28 11:44:41.002] INFO - 16:44:40.997Z [LaunchDarkly] Closing stream connection
[2025-09-28 11:44:41.003] INFO - 16:44:40.997Z [LaunchDarkly] Closing stream connection
[2025-09-28 11:44:41.523] WARNING - Duplicate atom key "locale". This is a FATAL ERROR in
      production. But it is safe to ignore this warning if it occurred because of
      hot module replacement.
[2025-09-28 11:44:41.525] WARNING - Duplicate atom key "locale". This is a FATAL ERROR in
      production. But it is safe to ignore this warning if it occurred because of
      hot module replacement.
[2025-09-28 11:44:41.526] WARNING - Duplicate atom key "muiTheme". This is a FATAL ERROR in
      production. But it is safe to ignore this warning if it occurred because of
      hot module replacement.
[2025-09-28 11:44:41.527] WARNING - Duplicate atom key "muiTheme". This is a FATAL ERROR in
      production. But it is safe to ignore this warning if it occurred because of
      hot module replacement.
[2025-09-28 11:44:41.528] WARNING - Duplicate atom key "appLinksFooter". This is a FATAL ERROR in
      production. But it is safe to ignore this warning if it occurred because of
      hot module replacement.
[2025-09-28 11:44:41.529] WARNING - Duplicate atom key "appLinksFooter". This is a FATAL ERROR in
      production. But it is safe to ignore this warning if it occurred because of
      hot module replacement.
[2025-09-28 11:44:41.530] WARNING - Duplicate atom key "currentUserId2". This is a FATAL ERROR in
      production. But it is safe to ignore this warning if it occurred because of
      hot module replacement.
[2025-09-28 11:44:41.531] WARNING - Duplicate atom key "currentUserId2". This is a FATAL ERROR in
      production. But it is safe to ignore this warning if it occurred because of
      hot module replacement.
[2025-09-28 11:44:41.532] WARNING - Duplicate atom key "onboardingInProgress". This is a FATAL ERROR in
      production. But it is safe to ignore this warning if it occurred because of
      hot module replacement.
[2025-09-28 11:44:41.532] WARNING - Duplicate atom key "onboardingInProgress". This is a FATAL ERROR in
      production. But it is safe to ignore this warning if it occurred because of
      hot module replacement.
[2025-09-28 11:44:41.533] WARNING - Duplicate atom key "editing". This is a FATAL ERROR in
      production. But it is safe to ignore this warning if it occurred because of
      hot module replacement.
[2025-09-28 11:44:41.534] WARNING - Duplicate atom key "editing". This is a FATAL ERROR in
      production. But it is safe to ignore this warning if it occurred because of
      hot module replacement.
[2025-09-28 11:44:41.537] WARNING - Duplicate atom key "infoMessage". This is a FATAL ERROR in
      production. But it is safe to ignore this warning if it occurred because of
      hot module replacement.
[2025-09-28 11:44:41.540] WARNING - Duplicate atom key "infoMessage". This is a FATAL ERROR in
      production. But it is safe to ignore this warning if it occurred because of
      hot module replacement.
[2025-09-28 11:44:41.541] WARNING - Duplicate atom key "browserWarning". This is a FATAL ERROR in
      production. But it is safe to ignore this warning if it occurred because of
      hot module replacement.
[2025-09-28 11:44:41.542] WARNING - Duplicate atom key "browserWarning". This is a FATAL ERROR in
      production. But it is safe to ignore this warning if it occurred because of
      hot module replacement.
[2025-09-28 11:44:41.543] WARNING - Duplicate atom key "clockWarning". This is a FATAL ERROR in
      production. But it is safe to ignore this warning if it occurred because of
      hot module replacement.
[2025-09-28 11:44:41.544] WARNING - Duplicate atom key "clockWarning". This is a FATAL ERROR in
      production. But it is safe to ignore this warning if it occurred because of
      hot module replacement.
[2025-09-28 11:44:41.546] WARNING - Duplicate atom key "breakpoint". This is a FATAL ERROR in
      production. But it is safe to ignore this warning if it occurred because of
      hot module replacement.
[2025-09-28 11:44:41.547] WARNING - Duplicate atom key "breakpoint". This is a FATAL ERROR in
      production. But it is safe to ignore this warning if it occurred because of
      hot module replacement.
[2025-09-28 11:44:41.548] WARNING - Duplicate atom key "inMobileRange". This is a FATAL ERROR in
      production. But it is safe to ignore this warning if it occurred because of
      hot module replacement.
[2025-09-28 11:44:41.549] WARNING - Duplicate atom key "inMobileRange". This is a FATAL ERROR in
      production. But it is safe to ignore this warning if it occurred because of
      hot module replacement.
[2025-09-28 11:44:41.550] WARNING - Duplicate atom key "gridSpacing". This is a FATAL ERROR in
      production. But it is safe to ignore this warning if it occurred because of
      hot module replacement.
[2025-09-28 11:44:41.550] WARNING - Duplicate atom key "gridSpacing". This is a FATAL ERROR in
      production. But it is safe to ignore this warning if it occurred because of
      hot module replacement.
[2025-09-28 11:44:41.552] WARNING - Duplicate atom key "login". This is a FATAL ERROR in
      production. But it is safe to ignore this warning if it occurred because of
      hot module replacement.
[2025-09-28 11:44:41.553] WARNING - Duplicate atom key "login". This is a FATAL ERROR in
      production. But it is safe to ignore this warning if it occurred because of
      hot module replacement.
[2025-09-28 11:44:41.555] WARNING - Duplicate atom key "error". This is a FATAL ERROR in
      production. But it is safe to ignore this warning if it occurred because of
      hot module replacement.
[2025-09-28 11:44:41.557] WARNING - Duplicate atom key "error". This is a FATAL ERROR in
      production. But it is safe to ignore this warning if it occurred because of
      hot module replacement.
[2025-09-28 11:44:41.558] WARNING - Duplicate atom key "contactInfos2". This is a FATAL ERROR in
      production. But it is safe to ignore this warning if it occurred because of
      hot module replacement.
[2025-09-28 11:44:41.558] WARNING - Duplicate atom key "contactInfos2". This is a FATAL ERROR in
      production. But it is safe to ignore this warning if it occurred because of
      hot module replacement.
[2025-09-28 11:44:41.559] WARNING - Duplicate atom key "individualApplicantsTimestamp". This is a FATAL ERROR in
      production. But it is safe to ignore this warning if it occurred because of
      hot module replacement.
[2025-09-28 11:44:41.559] WARNING - Duplicate atom key "individualApplicantsTimestamp". This is a FATAL ERROR in
      production. But it is safe to ignore this warning if it occurred because of
      hot module replacement.
[2025-09-28 11:44:41.559] WARNING - Duplicate atom key "customerApplication". This is a FATAL ERROR in
      production. But it is safe to ignore this warning if it occurred because of
      hot module replacement.
[2025-09-28 11:44:41.559] WARNING - Duplicate atom key "customerApplication". This is a FATAL ERROR in
      production. But it is safe to ignore this warning if it occurred because of
      hot module replacement.
[2025-09-28 11:44:41.559] WARNING - Duplicate atom key "individualApplicants". This is a FATAL ERROR in
      production. But it is safe to ignore this warning if it occurred because of
      hot module replacement.
[2025-09-28 11:44:41.559] WARNING - Duplicate atom key "individualApplicants". This is a FATAL ERROR in
      production. But it is safe to ignore this warning if it occurred because of
      hot module replacement.
[2025-09-28 11:44:41.559] WARNING - Duplicate atom key "clearingHouses". This is a FATAL ERROR in
      production. But it is safe to ignore this warning if it occurred because of
      hot module replacement.
[2025-09-28 11:44:41.560] WARNING - Duplicate atom key "clearingHouses". This is a FATAL ERROR in
      production. But it is safe to ignore this warning if it occurred because of
      hot module replacement.
[2025-09-28 11:44:41.560] WARNING - Duplicate atom key "clearXClearingHouse". This is a FATAL ERROR in
      production. But it is safe to ignore this warning if it occurred because of
      hot module replacement.
[2025-09-28 11:44:41.560] WARNING - Duplicate atom key "clearXClearingHouse". This is a FATAL ERROR in
      production. But it is safe to ignore this warning if it occurred because of
      hot module replacement.
[2025-09-28 11:44:41.560] WARNING - Duplicate atom key "applicationClearingHouse". This is a FATAL ERROR in
      production. But it is safe to ignore this warning if it occurred because of
      hot module replacement.
[2025-09-28 11:44:41.560] WARNING - Duplicate atom key "applicationClearingHouse". This is a FATAL ERROR in
      production. But it is safe to ignore this warning if it occurred because of
      hot module replacement.
[2025-09-28 11:44:41.560] WARNING - Duplicate atom key "userLocation". This is a FATAL ERROR in
      production. But it is safe to ignore this warning if it occurred because of
      hot module replacement.
[2025-09-28 11:44:41.560] WARNING - Duplicate atom key "userLocation". This is a FATAL ERROR in
      production. But it is safe to ignore this warning if it occurred because of
      hot module replacement.
[2025-09-28 11:44:41.561] WARNING - Duplicate atom key "savedApplicationsTimestamp". This is a FATAL ERROR in
      production. But it is safe to ignore this warning if it occurred because of
      hot module replacement.
[2025-09-28 11:44:41.561] WARNING - Duplicate atom key "savedApplicationsTimestamp". This is a FATAL ERROR in
      production. But it is safe to ignore this warning if it occurred because of
      hot module replacement.
[2025-09-28 11:44:41.561] WARNING - Duplicate atom key "savedApplications". This is a FATAL ERROR in
      production. But it is safe to ignore this warning if it occurred because of
      hot module replacement.
[2025-09-28 11:44:41.561] WARNING - Duplicate atom key "savedApplications". This is a FATAL ERROR in
      production. But it is safe to ignore this warning if it occurred because of
      hot module replacement.
[2025-09-28 11:44:41.561] WARNING - Duplicate atom key "step". This is a FATAL ERROR in
      production. But it is safe to ignore this warning if it occurred because of
      hot module replacement.
[2025-09-28 11:44:41.561] WARNING - Duplicate atom key "step". This is a FATAL ERROR in
      production. But it is safe to ignore this warning if it occurred because of
      hot module replacement.
[2025-09-28 11:44:41.562] WARNING - Duplicate atom key "checkStates". This is a FATAL ERROR in
      production. But it is safe to ignore this warning if it occurred because of
      hot module replacement.
[2025-09-28 11:44:41.562] WARNING - Duplicate atom key "checkStates". This is a FATAL ERROR in
      production. But it is safe to ignore this warning if it occurred because of
      hot module replacement.
[2025-09-28 11:44:41.562] WARNING - Duplicate atom key "signStates". This is a FATAL ERROR in
      production. But it is safe to ignore this warning if it occurred because of
      hot module replacement.
[2025-09-28 11:44:41.562] WARNING - Duplicate atom key "signStates". This is a FATAL ERROR in
      production. But it is safe to ignore this warning if it occurred because of
      hot module replacement.
[2025-09-28 11:44:41.562] WARNING - Duplicate atom key "wizard". This is a FATAL ERROR in
      production. But it is safe to ignore this warning if it occurred because of
      hot module replacement.
[2025-09-28 11:44:41.562] WARNING - Duplicate atom key "wizard". This is a FATAL ERROR in
      production. But it is safe to ignore this warning if it occurred because of
      hot module replacement.
[2025-09-28 11:44:41.563] WARNING - Duplicate atom key "formBuilder". This is a FATAL ERROR in
      production. But it is safe to ignore this warning if it occurred because of
      hot module replacement.
[2025-09-28 11:44:41.563] WARNING - Duplicate atom key "formBuilder". This is a FATAL ERROR in
      production. But it is safe to ignore this warning if it occurred because of
      hot module replacement.
[2025-09-28 11:44:41.563] WARNING - Duplicate atom key "headerSlot". This is a FATAL ERROR in
      production. But it is safe to ignore this warning if it occurred because of
      hot module replacement.
[2025-09-28 11:44:41.563] WARNING - Duplicate atom key "headerSlot". This is a FATAL ERROR in
      production. But it is safe to ignore this warning if it occurred because of
      hot module replacement.
[2025-09-28 11:44:41.563] WARNING - Duplicate atom key "footerSlot". This is a FATAL ERROR in
      production. But it is safe to ignore this warning if it occurred because of
      hot module replacement.
[2025-09-28 11:44:41.563] WARNING - Duplicate atom key "footerSlot". This is a FATAL ERROR in
      production. But it is safe to ignore this warning if it occurred because of
      hot module replacement.
[2025-09-28 11:44:41.564] WARNING - Duplicate atom key "alloyJourneyToken". This is a FATAL ERROR in
      production. But it is safe to ignore this warning if it occurred because of
      hot module replacement.
[2025-09-28 11:44:41.564] WARNING - Duplicate atom key "alloyJourneyToken". This is a FATAL ERROR in
      production. But it is safe to ignore this warning if it occurred because of
      hot module replacement.
[2025-09-28 11:44:41.564] DEBUG - [bugsnag] Loaded!
[2025-09-28 11:44:41.564] DEBUG - [bugsnag] Loaded!
[2025-09-28 11:44:41.564] INFO - Version 3.250926.0 prod production 
[2025-09-28 11:44:41.564] INFO - Version 3.250926.0 prod production 
[2025-09-28 11:44:41.564] INFO - Time: Sun Sep 28 2025 11:44:41 GMT-0500 (Central Daylight Time)
[2025-09-28 11:44:41.565] INFO - Time:
[2025-09-28 11:44:41.672] LOG - 16:44:41.669Z Try to restore session
[2025-09-28 11:44:41.673] LOG - 16:44:41.669Z Try to restore session
[2025-09-28 11:44:41.673] LOG - 16:44:41.671Z Access token will be renewed in 75 minutes; expired: Sun Sep 28 2025 13:04:38 GMT-0500 (Central Daylight Time), now: Sun Sep 28 2025 11:44:41 GMT-0500 (Central Daylight Time)
[2025-09-28 11:44:41.673] LOG - 16:44:41.671Z Access token will be renewed in 75 minutes; expired: Sun Sep 28 2025 13:04:38 GMT-0500 (Central Daylight Time), now: Sun Sep 28 2025 11:44:41 GMT-0500 (Central Daylight Time)
[2025-09-28 11:44:41.680] WARNING - 16:44:41.679Z [LaunchDarkly] The waitForInitialization function was called without a timeout specified. In a future version a default timeout will be applied.
[2025-09-28 11:44:41.681] WARNING - 16:44:41.679Z [LaunchDarkly] The waitForInitialization function was called without a timeout specified. In a future version a default timeout will be applied.
[2025-09-28 11:44:41.694] INFO - 16:44:41.692Z chart cache state: islands=3, bars=2006
[2025-09-28 11:44:41.695] INFO - 16:44:41.692Z chart cache state: islands=3, bars=2006
[2025-09-28 11:44:41.695] INFO - 16:44:41.693Z Chart history database initialized
[2025-09-28 11:44:41.695] INFO - 16:44:41.693Z Chart history database initialized
[2025-09-28 11:44:41.734] INFO - 16:44:41.732Z [LaunchDarkly] LaunchDarkly client initialized
[2025-09-28 11:44:41.734] INFO - 16:44:41.732Z [LaunchDarkly] LaunchDarkly client initialized
[2025-09-28 11:44:41.735] INFO - 16:44:41.732Z [LaunchDarkly] Opening stream connection to https://clientstream.launchdarkly.com/eval/66cdf5b9cf61891061b4e437/eyJraW5kIjoidXNlciIsImtleSI6InVua25vd24iLCJhbm9ueW1vdXMiOmZhbHNlfQ
[2025-09-28 11:44:41.741] INFO - 16:44:41.732Z [LaunchDarkly] Opening stream connection to https://clientstream.launchdarkly.com/eval/66cdf5b9cf61891061b4e437/eyJraW5kIjoidXNlciIsImtleSI6InVua25vd24iLCJhbm9ueW1vdXMiOmZhbHNlfQ
[2025-09-28 11:44:42.456] INFO - 16:44:42.455Z [LaunchDarkly] Closing stream connection
[2025-09-28 11:44:42.458] INFO - 16:44:42.455Z [LaunchDarkly] Closing stream connection
[2025-09-28 11:44:42.458] INFO - 16:44:42.455Z [LaunchDarkly] Opening stream connection to https://clientstream.launchdarkly.com/eval/66cdf5b9cf61891061b4e437/eyJraW5kIjoidXNlciIsImtleSI6IjQ2NTYwMjciLCJkZXZpY2UiOiJkZXNrdG9wIiwidXNlcklkIjo0NjU2MDI3LCJpcENvdW50cnkiOiIiLCJvcmdOYW1lIjoiVERWIiwibmFtZSI6IlplbmV4MzI5OCIsImxhbmRpbmdQYXJhbXMiOiIifQ
[2025-09-28 11:44:42.459] INFO - 16:44:42.455Z [LaunchDarkly] Opening stream connection to https://clientstream.launchdarkly.com/eval/66cdf5b9cf61891061b4e437/eyJraW5kIjoidXNlciIsImtleSI6IjQ2NTYwMjciLCJkZXZpY2UiOiJkZXNrdG9wIiwidXNlcklkIjo0NjU2MDI3LCJpcENvdW50cnkiOiIiLCJvcmdOYW1lIjoiVERWIiwibmFtZSI6IlplbmV4MzI5OCIsImxhbmRpbmdQYXJhbXMiOiIifQ
[2025-09-28 11:44:42.518] INFO - 16:44:42.515Z [LaunchDarkly] Closing stream connection
[2025-09-28 11:44:42.518] INFO - 16:44:42.515Z [LaunchDarkly] Closing stream connection
[2025-09-28 11:44:42.518] INFO - 16:44:42.516Z [LaunchDarkly] Opening stream connection to https://clientstream.launchdarkly.com/eval/66cdf5b9cf61891061b4e437/eyJraW5kIjoidXNlciIsImtleSI6IjQ2NTYwMjciLCJkZXZpY2UiOiJkZXNrdG9wIiwidXNlcklkIjo0NjU2MDI3LCJpcENvdW50cnkiOiJVUyIsIm9yZ05hbWUiOiJURFYiLCJuYW1lIjoiWmVuZXgzMjk4IiwibGFuZGluZ1BhcmFtcyI6IiJ9
[2025-09-28 11:44:42.519] INFO - 16:44:42.516Z [LaunchDarkly] Opening stream connection to https://clientstream.launchdarkly.com/eval/66cdf5b9cf61891061b4e437/eyJraW5kIjoidXNlciIsImtleSI6IjQ2NTYwMjciLCJkZXZpY2UiOiJkZXNrdG9wIiwidXNlcklkIjo0NjU2MDI3LCJpcENvdW50cnkiOiJVUyIsIm9yZ05hbWUiOiJURFYiLCJuYW1lIjoiWmVuZXgzMjk4IiwibGFuZGluZ1BhcmFtcyI6IiJ9
[2025-09-28 11:44:42.598] LOG - 16:44:42.594Z opening https://demo.tradovateapi.com/
[2025-09-28 11:44:42.599] LOG - 16:44:42.594Z opening https://demo.tradovateapi.com/
[2025-09-28 11:44:42.603] LOG - 16:44:42.602Z Hotkeys initialized {"Shift+Digit1":["orders/selectColumns"],"Shift+Digit2":["orders/showFilters"],"Shift+Digit3":["orders/standardTableView"],"Shift+Digit4":["orders/linkedOrdersView"],"Command+Shift+Digit0":["dom-chart/exit-and-cancel"]}
[2025-09-28 11:44:42.604] LOG - 16:44:42.602Z Hotkeys initialized {"Shift+Digit1":["orders/selectColumns"],"Shift+Digit2":["orders/showFilters"],"Shift+Digit3":["orders/standardTableView"],"Shift+Digit4":["orders/linkedOrdersView"],"Command+Shift+Digit0":["dom-chart/exit-and-cancel"]}
[2025-09-28 11:44:42.795] LOG - 16:44:42.795Z websocket opened
[2025-09-28 11:44:42.796] LOG - 16:44:42.795Z websocket opened
[2025-09-28 11:44:42.926] LOG - 16:44:42.925Z opening https://md-demo.tradovateapi.com/
[2025-09-28 11:44:42.927] LOG - 16:44:42.925Z opening https://md-demo.tradovateapi.com/
[2025-09-28 11:44:42.928] LOG - 16:44:42.926Z Connection:  open
[2025-09-28 11:44:42.928] LOG - 16:44:42.926Z Connection:  open
[2025-09-28 11:44:43.912] LOG - 16:44:43.909Z WebGL:  {"isWebGL2":true,"precision":"highp","logarithmicDepthBuffer":false,"maxTextures":16,"maxVertexTextures":16,"maxTextureSize":16384,"maxCubemapSize":16384,"maxAttributes":16,"maxVertexUniforms":1024,"maxVaryings":30,"maxFragmentUniforms":1024,"vertexTextures":true,"floatFragmentTextures":true,"floatVertexTextures":true,"maxSamples":8} , devicePixelRatio:  2
[2025-09-28 11:44:43.912] LOG - 16:44:43.909Z WebGL:  {"isWebGL2":true,"precision":"highp","logarithmicDepthBuffer":false,"maxTextures":16,"maxVertexTextures":16,"maxTextureSize":16384,"maxCubemapSize":16384,"maxAttributes":16,"maxVertexUniforms":1024,"maxVaryings":30,"maxFragmentUniforms":1024,"vertexTextures":true,"floatFragmentTextures":true,"floatVertexTextures":true,"maxSamples":8} , devicePixelRatio:  2
[2025-09-28 11:44:43.914] LOG - 16:44:43.910Z Canvas size: 853 899 dpp:  2
[2025-09-28 11:44:43.914] LOG - 16:44:43.910Z Canvas size: 853 899 dpp:  2
[2025-09-28 11:44:43.921] LOG - 16:44:43.920Z Loading App-level Plugins
[2025-09-28 11:44:43.922] LOG - 16:44:43.920Z Loading App-level Plugins
[2025-09-28 11:44:43.943] LOG - 16:44:43.934Z WebGL:  {"isWebGL2":true,"precision":"highp","logarithmicDepthBuffer":false,"maxTextures":16,"maxVertexTextures":16,"maxTextureSize":16384,"maxCubemapSize":16384,"maxAttributes":16,"maxVertexUniforms":1024,"maxVaryings":30,"maxFragmentUniforms":1024,"vertexTextures":true,"floatFragmentTextures":true,"floatVertexTextures":true,"maxSamples":8} , devicePixelRatio:  2
[2025-09-28 11:44:43.949] LOG - 16:44:43.934Z WebGL:  {"isWebGL2":true,"precision":"highp","logarithmicDepthBuffer":false,"maxTextures":16,"maxVertexTextures":16,"maxTextureSize":16384,"maxCubemapSize":16384,"maxAttributes":16,"maxVertexUniforms":1024,"maxVaryings":30,"maxFragmentUniforms":1024,"vertexTextures":true,"floatFragmentTextures":true,"floatVertexTextures":true,"maxSamples":8} , devicePixelRatio:  2
[2025-09-28 11:44:43.950] LOG - 16:44:43.934Z Canvas size: 853 899 dpp:  2
[2025-09-28 11:44:43.961] LOG - 16:44:43.934Z Canvas size: 853 899 dpp:  2
[2025-09-28 11:44:44.050] LOG - 16:44:44.008Z websocket opened
[2025-09-28 11:44:44.050] LOG - 16:44:44.008Z websocket opened
[2025-09-28 11:44:44.214] LOG - 16:44:44.213Z loadAppLevelPlugins:  [object Object]
[2025-09-28 11:44:44.215] LOG - 16:44:44.213Z loadAppLevelPlugins: 
[2025-09-28 11:44:45.206] LOG - 16:44:45.204Z jailing is in progress
[2025-09-28 11:44:45.206] LOG - 16:44:45.204Z jailing is in progress
[2025-09-28 11:44:45.501] LOG - 16:44:45.500Z created chart 1
[2025-09-28 11:44:45.502] LOG - 16:44:45.500Z created chart 1
[2025-09-28 11:44:45.691] LOG - 16:44:45.674Z pending jailing done. next starts
[2025-09-28 11:44:45.692] LOG - 16:44:45.674Z pending jailing done. next starts
[2025-09-28 11:44:45.782] LOG - 16:44:45.781Z requestChart: {"symbol":"3267312","chartDescription":{"underlyingType":"Tick","elementSize":5000,"elementSizeUnit":"UnderlyingUnits","withHistogram":false},"timeRange":{"asMuchAsElements":608}}
[2025-09-28 11:44:45.783] LOG - 16:44:45.781Z requestChart: {"symbol":"3267312","chartDescription":{"underlyingType":"Tick","elementSize":5000,"elementSizeUnit":"UnderlyingUnits","withHistogram":false},"timeRange":{"asMuchAsElements":608}}
[2025-09-28 11:44:45.783] LOG - 16:44:45.781Z mdMgApi open
[2025-09-28 11:44:45.783] LOG - 16:44:45.781Z mdMgApi open
[2025-09-28 11:44:46.799] LOG - 16:44:46.798Z updating the shared isolation
[2025-09-28 11:44:46.800] LOG - 16:44:46.798Z updating the shared isolation
