[2025-09-28 11:44:37.102] LOG - 16:44:37.100Z Starting login process for: stonkz92224@gmail.com
[2025-09-28 11:44:37.103] LOG - 16:44:37.100Z Starting login process for: stonkz92224@gmail.com
[2025-09-28 11:44:37.103] LOG - 16:44:37.101Z Auto login function executing for: stonkz92224@gmail.com
[2025-09-28 11:44:37.104] LOG - 16:44:37.101Z Auto login function executing for: stonkz92224@gmail.com
[2025-09-28 11:44:37.105] LOG - 16:44:37.102Z Login form found, filling credentials...
[2025-09-28 11:44:37.105] LOG - 16:44:37.102Z Login form found, filling credentials...
[2025-09-28 11:44:37.275] LOG - 16:44:37.129Z Test element added to DOM
[2025-09-28 11:44:37.277] LOG - 16:44:37.129Z Test element added to DOM
[2025-09-28 11:44:37.280] LOG - 16:44:37.278Z All browser alerts and confirmations have been disabled
[2025-09-28 11:44:37.280] LOG - 16:44:37.278Z All browser alerts and confirmations have been disabled
[2025-09-28 11:44:37.285] LOG - 16:44:37.283Z Auto Order script initialized - AUTOMATIC HOT RELOAD SUCCESS!
[2025-09-28 11:44:37.285] LOG - 16:44:37.283Z Auto Order script initialized - AUTOMATIC HOT RELOAD SUCCESS!
[2025-09-28 11:44:37.286] LOG - 16:44:37.284Z Creating UI for dashboard trading...
[2025-09-28 11:44:37.288] LOG - 16:44:37.284Z Creating UI for dashboard trading...
[2025-09-28 11:44:37.289] LOG - 16:44:37.284Z Creating UI (visible=false)
[2025-09-28 11:44:37.289] LOG - 16:44:37.284Z Creating UI (visible=false)
[2025-09-28 11:44:37.290] LOG - 16:44:37.285Z Stored values: TP=100, SL=40, Qty=30, Tick=0.25, Symbol=NQ
[2025-09-28 11:44:37.290] LOG - 16:44:37.285Z Stored values: TP=100, SL=40, Qty=30, Tick=0.25, Symbol=NQ
[2025-09-28 11:44:37.291] LOG - 16:44:37.285Z UI container added to DOM
[2025-09-28 11:44:37.291] LOG - 16:44:37.285Z UI container added to DOM
[2025-09-28 11:44:37.292] LOG - 16:44:37.285Z Setting up localStorage persistence
[2025-09-28 11:44:37.292] LOG - 16:44:37.285Z Setting up localStorage persistence
[2025-09-28 11:44:37.293] LOG - 16:44:37.285Z UI initialization complete
[2025-09-28 11:44:37.294] LOG - 16:44:37.285Z UI initialization complete
[2025-09-28 11:44:37.296] LOG - 16:44:37.285Z Creating example front-quarter symbol
[2025-09-28 11:44:37.296] LOG - 16:44:37.285Z Creating example front-quarter symbol
[2025-09-28 11:44:37.297] LOG - 16:44:37.285Z getQuarterlyCode called with date: 2025-09-28T16:44:37.285Z
[2025-09-28 11:44:37.298] LOG - 16:44:37.285Z getQuarterlyCode called with date: 2025-09-28T16:44:37.285Z
[2025-09-28 11:44:37.298] LOG - 16:44:37.286Z Current month index: 8
[2025-09-28 11:44:37.299] LOG - 16:44:37.286Z Current month index: 8
[2025-09-28 11:44:37.299] LOG - 16:44:37.286Z Starting calculation with year=2025, month=8
[2025-09-28 11:44:37.299] LOG - 16:44:37.286Z Starting calculation with year=2025, month=8
[2025-09-28 11:44:37.300] LOG - 16:44:37.286Z Calculated quarterly code: letter=Z, yearDigit=5
[2025-09-28 11:44:37.300] LOG - 16:44:37.286Z Calculated quarterly code: letter=Z, yearDigit=5
[2025-09-28 11:44:37.300] LOG - 16:44:37.286Z Example front-quarter symbol created: NQZ5
[2025-09-28 11:44:37.300] LOG - 16:44:37.286Z Example front-quarter symbol created: NQZ5
[2025-09-28 11:44:37.300] LOG - 16:44:37.291Z Auto Risk Management: Running initial risk assessment...
[2025-09-28 11:44:37.301] LOG - 16:44:37.291Z Auto Risk Management: Running initial risk assessment...
[2025-09-28 11:44:37.301] LOG - 16:44:37.293Z [updateUserColumnPhaseStatus] Starting...
[2025-09-28 11:44:37.301] LOG - 16:44:37.293Z [updateUserColumnPhaseStatus] Starting...
[2025-09-28 11:44:37.301] ERROR - 16:44:37.293Z [updateUserColumnPhaseStatus] No accountTable found
[2025-09-28 11:44:37.301] ERROR - 16:44:37.293Z [updateUserColumnPhaseStatus] No accountTable found
[2025-09-28 11:44:37.302] LOG - 16:44:37.295Z Auto Risk Management: Initial risk assessment completed
[2025-09-28 11:44:37.302] LOG - 16:44:37.295Z Auto Risk Management: Initial risk assessment completed
[2025-09-28 11:44:37.617] LOG - 16:44:37.615Z Clicking login button...
[2025-09-28 11:44:37.618] LOG - 16:44:37.615Z Clicking login button...
[2025-09-28 11:44:37.629] LOG - 16:44:37.625Z authentication starting
[2025-09-28 11:44:37.630] LOG - 16:44:37.625Z authentication starting
[2025-09-28 11:44:38.113] warning - The AudioContext was not allowed to start. It must be resumed (or created) after a user gesture on the page. https://developer.chrome.com/blog/autoplay/#web_audio
[2025-09-28 11:44:38.116] LOG - 16:44:38.088Z Watching for account selection page...
[2025-09-28 11:44:38.116] LOG - 16:44:38.088Z Watching for account selection page...
[2025-09-28 11:44:38.349] LOG - 16:44:38.344Z Executing initial risk management assessment...
[2025-09-28 11:44:38.350] LOG - 16:44:38.344Z Executing initial risk management assessment...
[2025-09-28 11:44:38.350] ERROR - 16:44:38.344Z getTableData function not found
[2025-09-28 11:44:38.352] ERROR - 16:44:38.344Z getTableData function not found
[2025-09-28 11:44:38.352] ERROR - 16:44:38.345Z updateUserColumnPhaseStatus function not found
[2025-09-28 11:44:38.353] ERROR - 16:44:38.345Z updateUserColumnPhaseStatus function not found
[2025-09-28 11:44:38.353] ERROR - 16:44:38.345Z performAccountActions function not found
[2025-09-28 11:44:38.353] ERROR - 16:44:38.345Z performAccountActions function not found
[2025-09-28 11:44:38.353] LOG - 16:44:38.345Z Risk management assessment completed
[2025-09-28 11:44:38.353] LOG - 16:44:38.345Z Risk management assessment completed
[2025-09-28 11:44:38.493] LOG - 16:44:38.492Z Access token will be renewed in 75 minutes; expired: Sun Sep 28 2025 13:04:38 GMT-0500 (Central Daylight Time), now: Sun Sep 28 2025 11:44:38 GMT-0500 (Central Daylight Time)
[2025-09-28 11:44:38.494] LOG - 16:44:38.492Z Access token will be renewed in 75 minutes; expired: Sun Sep 28 2025 13:04:38 GMT-0500 (Central Daylight Time), now: Sun Sep 28 2025 11:44:38 GMT-0500 (Central Daylight Time)
[2025-09-28 11:44:38.602] WARNING - 16:44:38.601Z Error in deferred func: TypeError: Cannot read properties of undefined (reading 'querySelector'), function(){d(a),f(function(){d(null)},0);var e=i.apply(this,arguments);return d(null),e} TypeError: Cannot read properties of undefined (reading 'querySelector'),    at <anonymous>:377:98,    at i.__trace__ (https://cdn.tradovate.com/tradovate/scripts/4418.49f1ab77.js:2:4613725),    at https://cdn.tradovate.com/tradovate/scripts/4418.49f1ab77.js:2:3547494
[2025-09-28 11:44:38.602] WARNING - 16:44:38.601Z Error in deferred func: TypeError: Cannot read properties of undefined (reading 'querySelector'), function(){d(a),f(function(){d(null)},0);var e=i.apply(this,arguments);return d(null),e}
[2025-09-28 11:44:39.082] INFO - 16:44:39.081Z [LaunchDarkly] Closing stream connection
[2025-09-28 11:44:39.085] INFO - 16:44:39.081Z [LaunchDarkly] Closing stream connection
[2025-09-28 11:44:39.085] INFO - 16:44:39.081Z [LaunchDarkly] Opening stream connection to https://clientstream.launchdarkly.com/eval/66cdf5b9cf61891061b4e437/eyJraW5kIjoidXNlciIsImtleSI6IjM2NTUwNTkiLCJkZXZpY2UiOiJkZXNrdG9wIiwidXNlcklkIjozNjU1MDU5LCJpcENvdW50cnkiOiJVUyIsIm9yZ05hbWUiOiJURFYiLCJuYW1lIjoiU3Rvbmt6OTIyMjQiLCJsYW5kaW5nUGFyYW1zIjoiIn0
[2025-09-28 11:44:39.085] INFO - 16:44:39.081Z [LaunchDarkly] Opening stream connection to https://clientstream.launchdarkly.com/eval/66cdf5b9cf61891061b4e437/eyJraW5kIjoidXNlciIsImtleSI6IjM2NTUwNTkiLCJkZXZpY2UiOiJkZXNrdG9wIiwidXNlcklkIjozNjU1MDU5LCJpcENvdW50cnkiOiJVUyIsIm9yZ05hbWUiOiJURFYiLCJuYW1lIjoiU3Rvbmt6OTIyMjQiLCJsYW5kaW5nUGFyYW1zIjoiIn0
[2025-09-28 11:44:39.086] INFO - 16:44:39.082Z [LaunchDarkly] Closing stream connection
[2025-09-28 11:44:39.087] INFO - 16:44:39.082Z [LaunchDarkly] Closing stream connection
[2025-09-28 11:44:39.088] INFO - 16:44:39.082Z [LaunchDarkly] Opening stream connection to https://clientstream.launchdarkly.com/eval/66cdf5b9cf61891061b4e437/eyJraW5kIjoidXNlciIsImtleSI6IjM2NTUwNTkiLCJkZXZpY2UiOiJkZXNrdG9wIiwidXNlcklkIjozNjU1MDU5LCJpcENvdW50cnkiOiJVUyIsIm9yZ05hbWUiOiJURFYiLCJuYW1lIjoiU3Rvbmt6OTIyMjQiLCJsYW5kaW5nUGFyYW1zIjoiIn0
[2025-09-28 11:44:39.089] INFO - 16:44:39.082Z [LaunchDarkly] Opening stream connection to https://clientstream.launchdarkly.com/eval/66cdf5b9cf61891061b4e437/eyJraW5kIjoidXNlciIsImtleSI6IjM2NTUwNTkiLCJkZXZpY2UiOiJkZXNrdG9wIiwidXNlcklkIjozNjU1MDU5LCJpcENvdW50cnkiOiJVUyIsIm9yZ05hbWUiOiJURFYiLCJuYW1lIjoiU3Rvbmt6OTIyMjQiLCJsYW5kaW5nUGFyYW1zIjoiIn0
[2025-09-28 11:44:39.089] INFO - 16:44:39.082Z [LaunchDarkly] Closing stream connection
[2025-09-28 11:44:39.089] INFO - 16:44:39.082Z [LaunchDarkly] Closing stream connection
[2025-09-28 11:44:39.089] INFO - 16:44:39.082Z [LaunchDarkly] Opening stream connection to https://clientstream.launchdarkly.com/eval/66cdf5b9cf61891061b4e437/eyJraW5kIjoidXNlciIsImtleSI6IjM2NTUwNTkiLCJkZXZpY2UiOiJkZXNrdG9wIiwidXNlcklkIjozNjU1MDU5LCJpcENvdW50cnkiOiJVUyIsIm9yZ05hbWUiOiJURFYiLCJuYW1lIjoiU3Rvbmt6OTIyMjQiLCJsYW5kaW5nUGFyYW1zIjoiIn0
[2025-09-28 11:44:39.089] INFO - 16:44:39.082Z [LaunchDarkly] Opening stream connection to https://clientstream.launchdarkly.com/eval/66cdf5b9cf61891061b4e437/eyJraW5kIjoidXNlciIsImtleSI6IjM2NTUwNTkiLCJkZXZpY2UiOiJkZXNrdG9wIiwidXNlcklkIjozNjU1MDU5LCJpcENvdW50cnkiOiJVUyIsIm9yZ05hbWUiOiJURFYiLCJuYW1lIjoiU3Rvbmt6OTIyMjQiLCJsYW5kaW5nUGFyYW1zIjoiIn0
[2025-09-28 11:44:41.590] LOG - 16:44:41.589Z Account selection page detected, clicking button...
[2025-09-28 11:44:41.591] LOG - 16:44:41.589Z Account selection page detected, clicking button...
[2025-09-28 11:44:41.742] LOG - 16:44:41.698Z Access token will be renewed in 75 minutes; expired: Sun Sep 28 2025 13:04:38 GMT-0500 (Central Daylight Time), now: Sun Sep 28 2025 11:44:41 GMT-0500 (Central Daylight Time)
[2025-09-28 11:44:41.744] LOG - 16:44:41.698Z Access token will be renewed in 75 minutes; expired: Sun Sep 28 2025 13:04:38 GMT-0500 (Central Daylight Time), now: Sun Sep 28 2025 11:44:41 GMT-0500 (Central Daylight Time)
[2025-09-28 11:44:42.356] error - Refused to connect to 'https://bat.bing.com/actionp/0?ti=26330043&Ver=2&mid=c8a17b99-055c-4a27-aa48-b5c6190fb704&bo=2&sid=a82ace0097af11f0b51d4179c6f235dd&vid=99c3288092fe11f0bc7275adc39e6add&vids=0&msclkid=N&evt=pageHide' because it violates the following Content Security Policy directive: "connect-src wss://*.tradovate.com https://*.tradovate.com https://*.ntinnolab.com https://*.devel.ninjatrader.dev https://*.staging.ninjatrader.dev https://*.uat.ninjatrader.dev wss://*.ntinnolab.com wss://*.devel.ninjatrader.dev wss://*.staging.ninjatrader.dev wss://*.uat.ninjatrader.dev wss://*.tradovateapi.com https://*.tradovateapi.com https://*.ninjatrader.com https://cdn.walkme.com https://ec.walkme.com https://sessions.bugsnag.com https://notify.bugsnag.com https://*.plaid.com https://*.yodlee.com https://tradovate.zendesk.com https://rollout.ada.support https://static.ada.support https://ninjatrader.ada.support https://tradovate.ada.support https://ninjatrader-eap.ada.support/ https://demo-ninjatrader-gr.ada.support/ https://tradovate-gen.ada.support/ https://api.stripe.com https://apiproxy.ninjatrader.com https://apiproxy-d.ninjatrader.com https://us-autocomplete-pro.api.smartystreets.com https://international-autocomplete.api.smarty.com https://maps.googleapis.com https://accounts.google.com/ https://www.google.com https://www.googletagmanager.com/ https://*.browser-intake-datadoghq.com https://scripts.neuro-id.com https://receiver.neuroid.cloud https://logs.neuro-id.com https://firebaseinstallations.googleapis.com/ https://firebaseremoteconfig.googleapis.com/ https://logx.optimizely.com https://*.optimizely.com wss://mpsnare.iesnare.com wss://ci-mpsnare.iovation.com https://*.iovation.com/ https://*.reddit.com  https://www.redditstatic.com https://*.taboola.com https://*.launchdarkly.com https://*.alloy.co https://*.maze.co https://www.google-analytics.com https://analytics.google.com https://www.googletagmanager.com/ https://api.hubapi.com https://forms.hubspot.com https://stats.g.doubleclick.net https://alb.reddit.com https://analytics.twitter.com https://heapanalytics.com https://*.auryc.com https://*.contentsquare.net https://siteintercept.qualtrics.com https://api.userway.org/".

[2025-09-28 11:44:42.357] INFO - 16:44:42.353Z visibilitychange: hidden, gd: 1000
[2025-09-28 11:44:42.357] INFO - 16:44:42.353Z visibilitychange: hidden, gd: 1000
[2025-09-28 11:44:42.358] WARNING - 16:44:42.355Z [LaunchDarkly] Error on stream connection: {"isTrusted":true}, will continue retrying after 582 milliseconds.
[2025-09-28 11:44:42.359] WARNING - 16:44:42.355Z [LaunchDarkly] Error on stream connection: {"isTrusted":true}, will continue retrying after 582 milliseconds.
[2025-09-28 11:44:42.360] INFO - 16:44:42.355Z [LaunchDarkly] Closing stream connection
[2025-09-28 11:44:42.361] INFO - 16:44:42.355Z [LaunchDarkly] Closing stream connection
[2025-09-28 11:44:42.856] WARNING - Duplicate atom key "locale". This is a FATAL ERROR in
      production. But it is safe to ignore this warning if it occurred because of
      hot module replacement.
[2025-09-28 11:44:42.857] WARNING - Duplicate atom key "locale". This is a FATAL ERROR in
      production. But it is safe to ignore this warning if it occurred because of
      hot module replacement.
[2025-09-28 11:44:42.862] WARNING - Duplicate atom key "muiTheme". This is a FATAL ERROR in
      production. But it is safe to ignore this warning if it occurred because of
      hot module replacement.
[2025-09-28 11:44:42.862] WARNING - Duplicate atom key "muiTheme". This is a FATAL ERROR in
      production. But it is safe to ignore this warning if it occurred because of
      hot module replacement.
[2025-09-28 11:44:42.864] WARNING - Duplicate atom key "appLinksFooter". This is a FATAL ERROR in
      production. But it is safe to ignore this warning if it occurred because of
      hot module replacement.
[2025-09-28 11:44:42.866] WARNING - Duplicate atom key "appLinksFooter". This is a FATAL ERROR in
      production. But it is safe to ignore this warning if it occurred because of
      hot module replacement.
[2025-09-28 11:44:42.867] WARNING - Duplicate atom key "currentUserId2". This is a FATAL ERROR in
      production. But it is safe to ignore this warning if it occurred because of
      hot module replacement.
[2025-09-28 11:44:42.869] WARNING - Duplicate atom key "currentUserId2". This is a FATAL ERROR in
      production. But it is safe to ignore this warning if it occurred because of
      hot module replacement.
[2025-09-28 11:44:42.871] WARNING - Duplicate atom key "onboardingInProgress". This is a FATAL ERROR in
      production. But it is safe to ignore this warning if it occurred because of
      hot module replacement.
[2025-09-28 11:44:42.873] WARNING - Duplicate atom key "onboardingInProgress". This is a FATAL ERROR in
      production. But it is safe to ignore this warning if it occurred because of
      hot module replacement.
[2025-09-28 11:44:42.874] WARNING - Duplicate atom key "editing". This is a FATAL ERROR in
      production. But it is safe to ignore this warning if it occurred because of
      hot module replacement.
[2025-09-28 11:44:42.875] WARNING - Duplicate atom key "editing". This is a FATAL ERROR in
      production. But it is safe to ignore this warning if it occurred because of
      hot module replacement.
[2025-09-28 11:44:42.876] WARNING - Duplicate atom key "infoMessage". This is a FATAL ERROR in
      production. But it is safe to ignore this warning if it occurred because of
      hot module replacement.
[2025-09-28 11:44:42.877] WARNING - Duplicate atom key "infoMessage". This is a FATAL ERROR in
      production. But it is safe to ignore this warning if it occurred because of
      hot module replacement.
[2025-09-28 11:44:42.878] WARNING - Duplicate atom key "browserWarning". This is a FATAL ERROR in
      production. But it is safe to ignore this warning if it occurred because of
      hot module replacement.
[2025-09-28 11:44:42.879] WARNING - Duplicate atom key "browserWarning". This is a FATAL ERROR in
      production. But it is safe to ignore this warning if it occurred because of
      hot module replacement.
[2025-09-28 11:44:42.880] WARNING - Duplicate atom key "clockWarning". This is a FATAL ERROR in
      production. But it is safe to ignore this warning if it occurred because of
      hot module replacement.
[2025-09-28 11:44:42.881] WARNING - Duplicate atom key "clockWarning". This is a FATAL ERROR in
      production. But it is safe to ignore this warning if it occurred because of
      hot module replacement.
[2025-09-28 11:44:42.882] WARNING - Duplicate atom key "breakpoint". This is a FATAL ERROR in
      production. But it is safe to ignore this warning if it occurred because of
      hot module replacement.
[2025-09-28 11:44:42.884] WARNING - Duplicate atom key "breakpoint". This is a FATAL ERROR in
      production. But it is safe to ignore this warning if it occurred because of
      hot module replacement.
[2025-09-28 11:44:42.885] WARNING - Duplicate atom key "inMobileRange". This is a FATAL ERROR in
      production. But it is safe to ignore this warning if it occurred because of
      hot module replacement.
[2025-09-28 11:44:42.887] WARNING - Duplicate atom key "inMobileRange". This is a FATAL ERROR in
      production. But it is safe to ignore this warning if it occurred because of
      hot module replacement.
[2025-09-28 11:44:42.888] WARNING - Duplicate atom key "gridSpacing". This is a FATAL ERROR in
      production. But it is safe to ignore this warning if it occurred because of
      hot module replacement.
[2025-09-28 11:44:42.888] WARNING - Duplicate atom key "gridSpacing". This is a FATAL ERROR in
      production. But it is safe to ignore this warning if it occurred because of
      hot module replacement.
[2025-09-28 11:44:42.892] WARNING - Duplicate atom key "login". This is a FATAL ERROR in
      production. But it is safe to ignore this warning if it occurred because of
      hot module replacement.
[2025-09-28 11:44:42.893] WARNING - Duplicate atom key "login". This is a FATAL ERROR in
      production. But it is safe to ignore this warning if it occurred because of
      hot module replacement.
[2025-09-28 11:44:42.894] WARNING - Duplicate atom key "error". This is a FATAL ERROR in
      production. But it is safe to ignore this warning if it occurred because of
      hot module replacement.
[2025-09-28 11:44:42.895] WARNING - Duplicate atom key "error". This is a FATAL ERROR in
      production. But it is safe to ignore this warning if it occurred because of
      hot module replacement.
[2025-09-28 11:44:42.895] WARNING - Duplicate atom key "contactInfos2". This is a FATAL ERROR in
      production. But it is safe to ignore this warning if it occurred because of
      hot module replacement.
[2025-09-28 11:44:42.896] WARNING - Duplicate atom key "contactInfos2". This is a FATAL ERROR in
      production. But it is safe to ignore this warning if it occurred because of
      hot module replacement.
[2025-09-28 11:44:42.896] WARNING - Duplicate atom key "individualApplicantsTimestamp". This is a FATAL ERROR in
      production. But it is safe to ignore this warning if it occurred because of
      hot module replacement.
[2025-09-28 11:44:42.896] WARNING - Duplicate atom key "individualApplicantsTimestamp". This is a FATAL ERROR in
      production. But it is safe to ignore this warning if it occurred because of
      hot module replacement.
[2025-09-28 11:44:42.896] WARNING - Duplicate atom key "customerApplication". This is a FATAL ERROR in
      production. But it is safe to ignore this warning if it occurred because of
      hot module replacement.
[2025-09-28 11:44:42.896] WARNING - Duplicate atom key "customerApplication". This is a FATAL ERROR in
      production. But it is safe to ignore this warning if it occurred because of
      hot module replacement.
[2025-09-28 11:44:42.896] WARNING - Duplicate atom key "individualApplicants". This is a FATAL ERROR in
      production. But it is safe to ignore this warning if it occurred because of
      hot module replacement.
[2025-09-28 11:44:42.896] WARNING - Duplicate atom key "individualApplicants". This is a FATAL ERROR in
      production. But it is safe to ignore this warning if it occurred because of
      hot module replacement.
[2025-09-28 11:44:42.897] WARNING - Duplicate atom key "clearingHouses". This is a FATAL ERROR in
      production. But it is safe to ignore this warning if it occurred because of
      hot module replacement.
[2025-09-28 11:44:42.897] WARNING - Duplicate atom key "clearingHouses". This is a FATAL ERROR in
      production. But it is safe to ignore this warning if it occurred because of
      hot module replacement.
[2025-09-28 11:44:42.897] WARNING - Duplicate atom key "clearXClearingHouse". This is a FATAL ERROR in
      production. But it is safe to ignore this warning if it occurred because of
      hot module replacement.
[2025-09-28 11:44:42.897] WARNING - Duplicate atom key "clearXClearingHouse". This is a FATAL ERROR in
      production. But it is safe to ignore this warning if it occurred because of
      hot module replacement.
[2025-09-28 11:44:42.897] WARNING - Duplicate atom key "applicationClearingHouse". This is a FATAL ERROR in
      production. But it is safe to ignore this warning if it occurred because of
      hot module replacement.
[2025-09-28 11:44:42.897] WARNING - Duplicate atom key "applicationClearingHouse". This is a FATAL ERROR in
      production. But it is safe to ignore this warning if it occurred because of
      hot module replacement.
[2025-09-28 11:44:42.898] WARNING - Duplicate atom key "userLocation". This is a FATAL ERROR in
      production. But it is safe to ignore this warning if it occurred because of
      hot module replacement.
[2025-09-28 11:44:42.898] WARNING - Duplicate atom key "userLocation". This is a FATAL ERROR in
      production. But it is safe to ignore this warning if it occurred because of
      hot module replacement.
[2025-09-28 11:44:42.898] WARNING - Duplicate atom key "savedApplicationsTimestamp". This is a FATAL ERROR in
      production. But it is safe to ignore this warning if it occurred because of
      hot module replacement.
[2025-09-28 11:44:42.898] WARNING - Duplicate atom key "savedApplicationsTimestamp". This is a FATAL ERROR in
      production. But it is safe to ignore this warning if it occurred because of
      hot module replacement.
[2025-09-28 11:44:42.898] WARNING - Duplicate atom key "savedApplications". This is a FATAL ERROR in
      production. But it is safe to ignore this warning if it occurred because of
      hot module replacement.
[2025-09-28 11:44:42.898] WARNING - Duplicate atom key "savedApplications". This is a FATAL ERROR in
      production. But it is safe to ignore this warning if it occurred because of
      hot module replacement.
[2025-09-28 11:44:42.899] WARNING - Duplicate atom key "step". This is a FATAL ERROR in
      production. But it is safe to ignore this warning if it occurred because of
      hot module replacement.
[2025-09-28 11:44:42.899] WARNING - Duplicate atom key "step". This is a FATAL ERROR in
      production. But it is safe to ignore this warning if it occurred because of
      hot module replacement.
[2025-09-28 11:44:42.899] WARNING - Duplicate atom key "checkStates". This is a FATAL ERROR in
      production. But it is safe to ignore this warning if it occurred because of
      hot module replacement.
[2025-09-28 11:44:42.899] WARNING - Duplicate atom key "checkStates". This is a FATAL ERROR in
      production. But it is safe to ignore this warning if it occurred because of
      hot module replacement.
[2025-09-28 11:44:42.899] WARNING - Duplicate atom key "signStates". This is a FATAL ERROR in
      production. But it is safe to ignore this warning if it occurred because of
      hot module replacement.
[2025-09-28 11:44:42.899] WARNING - Duplicate atom key "signStates". This is a FATAL ERROR in
      production. But it is safe to ignore this warning if it occurred because of
      hot module replacement.
[2025-09-28 11:44:42.899] WARNING - Duplicate atom key "wizard". This is a FATAL ERROR in
      production. But it is safe to ignore this warning if it occurred because of
      hot module replacement.
[2025-09-28 11:44:42.900] WARNING - Duplicate atom key "wizard". This is a FATAL ERROR in
      production. But it is safe to ignore this warning if it occurred because of
      hot module replacement.
[2025-09-28 11:44:42.900] WARNING - Duplicate atom key "formBuilder". This is a FATAL ERROR in
      production. But it is safe to ignore this warning if it occurred because of
      hot module replacement.
[2025-09-28 11:44:42.900] WARNING - Duplicate atom key "formBuilder". This is a FATAL ERROR in
      production. But it is safe to ignore this warning if it occurred because of
      hot module replacement.
[2025-09-28 11:44:42.900] WARNING - Duplicate atom key "headerSlot". This is a FATAL ERROR in
      production. But it is safe to ignore this warning if it occurred because of
      hot module replacement.
[2025-09-28 11:44:42.900] WARNING - Duplicate atom key "headerSlot". This is a FATAL ERROR in
      production. But it is safe to ignore this warning if it occurred because of
      hot module replacement.
[2025-09-28 11:44:42.900] WARNING - Duplicate atom key "footerSlot". This is a FATAL ERROR in
      production. But it is safe to ignore this warning if it occurred because of
      hot module replacement.
[2025-09-28 11:44:42.900] WARNING - Duplicate atom key "footerSlot". This is a FATAL ERROR in
      production. But it is safe to ignore this warning if it occurred because of
      hot module replacement.
[2025-09-28 11:44:42.901] WARNING - Duplicate atom key "alloyJourneyToken". This is a FATAL ERROR in
      production. But it is safe to ignore this warning if it occurred because of
      hot module replacement.
[2025-09-28 11:44:42.901] WARNING - Duplicate atom key "alloyJourneyToken". This is a FATAL ERROR in
      production. But it is safe to ignore this warning if it occurred because of
      hot module replacement.
[2025-09-28 11:44:42.901] DEBUG - [bugsnag] Loaded!
[2025-09-28 11:44:42.901] DEBUG - [bugsnag] Loaded!
[2025-09-28 11:44:42.901] INFO - Version 3.250926.0 prod production 
[2025-09-28 11:44:42.901] INFO - Version 3.250926.0 prod production 
[2025-09-28 11:44:42.901] INFO - Time: Sun Sep 28 2025 11:44:42 GMT-0500 (Central Daylight Time)
[2025-09-28 11:44:42.902] INFO - Time:
[2025-09-28 11:44:43.010] LOG - 16:44:43.007Z Try to restore session
[2025-09-28 11:44:43.011] LOG - 16:44:43.007Z Try to restore session
[2025-09-28 11:44:43.011] LOG - 16:44:43.009Z Access token will be renewed in 75 minutes; expired: Sun Sep 28 2025 13:04:38 GMT-0500 (Central Daylight Time), now: Sun Sep 28 2025 11:44:43 GMT-0500 (Central Daylight Time)
[2025-09-28 11:44:43.011] LOG - 16:44:43.009Z Access token will be renewed in 75 minutes; expired: Sun Sep 28 2025 13:04:38 GMT-0500 (Central Daylight Time), now: Sun Sep 28 2025 11:44:43 GMT-0500 (Central Daylight Time)
[2025-09-28 11:44:43.019] WARNING - 16:44:43.017Z [LaunchDarkly] The waitForInitialization function was called without a timeout specified. In a future version a default timeout will be applied.
[2025-09-28 11:44:43.019] WARNING - 16:44:43.017Z [LaunchDarkly] The waitForInitialization function was called without a timeout specified. In a future version a default timeout will be applied.
[2025-09-28 11:44:43.027] INFO - 16:44:43.026Z chart cache state: islands=5, bars=1196
[2025-09-28 11:44:43.028] INFO - 16:44:43.026Z chart cache state: islands=5, bars=1196
[2025-09-28 11:44:43.028] INFO - 16:44:43.026Z Chart history database initialized
[2025-09-28 11:44:43.028] INFO - 16:44:43.026Z Chart history database initialized
[2025-09-28 11:44:43.074] INFO - 16:44:43.072Z [LaunchDarkly] LaunchDarkly client initialized
[2025-09-28 11:44:43.075] INFO - 16:44:43.072Z [LaunchDarkly] LaunchDarkly client initialized
[2025-09-28 11:44:43.075] INFO - 16:44:43.072Z [LaunchDarkly] Opening stream connection to https://clientstream.launchdarkly.com/eval/66cdf5b9cf61891061b4e437/eyJraW5kIjoidXNlciIsImtleSI6InVua25vd24iLCJhbm9ueW1vdXMiOmZhbHNlfQ
[2025-09-28 11:44:43.075] INFO - 16:44:43.072Z [LaunchDarkly] Opening stream connection to https://clientstream.launchdarkly.com/eval/66cdf5b9cf61891061b4e437/eyJraW5kIjoidXNlciIsImtleSI6InVua25vd24iLCJhbm9ueW1vdXMiOmZhbHNlfQ
[2025-09-28 11:44:43.931] INFO - 16:44:43.929Z [LaunchDarkly] Closing stream connection
[2025-09-28 11:44:43.932] INFO - 16:44:43.929Z [LaunchDarkly] Closing stream connection
[2025-09-28 11:44:43.932] INFO - 16:44:43.929Z [LaunchDarkly] Opening stream connection to https://clientstream.launchdarkly.com/eval/66cdf5b9cf61891061b4e437/eyJraW5kIjoidXNlciIsImtleSI6IjM2NTUwNTkiLCJkZXZpY2UiOiJkZXNrdG9wIiwidXNlcklkIjozNjU1MDU5LCJpcENvdW50cnkiOiIiLCJvcmdOYW1lIjoiVERWIiwibmFtZSI6IlN0b25rejkyMjI0IiwibGFuZGluZ1BhcmFtcyI6IiJ9
[2025-09-28 11:44:43.933] INFO - 16:44:43.929Z [LaunchDarkly] Opening stream connection to https://clientstream.launchdarkly.com/eval/66cdf5b9cf61891061b4e437/eyJraW5kIjoidXNlciIsImtleSI6IjM2NTUwNTkiLCJkZXZpY2UiOiJkZXNrdG9wIiwidXNlcklkIjozNjU1MDU5LCJpcENvdW50cnkiOiIiLCJvcmdOYW1lIjoiVERWIiwibmFtZSI6IlN0b25rejkyMjI0IiwibGFuZGluZ1BhcmFtcyI6IiJ9
[2025-09-28 11:44:44.006] INFO - 16:44:44.003Z [LaunchDarkly] Closing stream connection
[2025-09-28 11:44:44.007] INFO - 16:44:44.003Z [LaunchDarkly] Closing stream connection
[2025-09-28 11:44:44.008] INFO - 16:44:44.003Z [LaunchDarkly] Opening stream connection to https://clientstream.launchdarkly.com/eval/66cdf5b9cf61891061b4e437/eyJraW5kIjoidXNlciIsImtleSI6IjM2NTUwNTkiLCJkZXZpY2UiOiJkZXNrdG9wIiwidXNlcklkIjozNjU1MDU5LCJpcENvdW50cnkiOiJVUyIsIm9yZ05hbWUiOiJURFYiLCJuYW1lIjoiU3Rvbmt6OTIyMjQiLCJsYW5kaW5nUGFyYW1zIjoiIn0
[2025-09-28 11:44:44.008] INFO - 16:44:44.003Z [LaunchDarkly] Opening stream connection to https://clientstream.launchdarkly.com/eval/66cdf5b9cf61891061b4e437/eyJraW5kIjoidXNlciIsImtleSI6IjM2NTUwNTkiLCJkZXZpY2UiOiJkZXNrdG9wIiwidXNlcklkIjozNjU1MDU5LCJpcENvdW50cnkiOiJVUyIsIm9yZ05hbWUiOiJURFYiLCJuYW1lIjoiU3Rvbmt6OTIyMjQiLCJsYW5kaW5nUGFyYW1zIjoiIn0
[2025-09-28 11:44:45.673] LOG - 16:44:45.669Z opening https://demo.tradovateapi.com/
[2025-09-28 11:44:45.674] LOG - 16:44:45.669Z opening https://demo.tradovateapi.com/
[2025-09-28 11:44:45.679] LOG - 16:44:45.677Z Hotkeys initialized {"Shift+Digit1":["orders/selectColumns"],"Shift+Digit2":["orders/showFilters"],"Shift+Digit3":["orders/standardTableView"],"Shift+Digit4":["orders/linkedOrdersView"],"Command+Shift+Digit0":["dom-chart/exit-and-cancel"]}
[2025-09-28 11:44:45.679] LOG - 16:44:45.677Z Hotkeys initialized {"Shift+Digit1":["orders/selectColumns"],"Shift+Digit2":["orders/showFilters"],"Shift+Digit3":["orders/standardTableView"],"Shift+Digit4":["orders/linkedOrdersView"],"Command+Shift+Digit0":["dom-chart/exit-and-cancel"]}
[2025-09-28 11:44:45.865] LOG - 16:44:45.864Z websocket opened
[2025-09-28 11:44:45.865] LOG - 16:44:45.864Z websocket opened
[2025-09-28 11:44:46.098] LOG - 16:44:46.096Z opening https://md-demo.tradovateapi.com/
[2025-09-28 11:44:46.099] LOG - 16:44:46.096Z opening https://md-demo.tradovateapi.com/
[2025-09-28 11:44:46.100] LOG - 16:44:46.097Z Connection:  open
[2025-09-28 11:44:46.100] LOG - 16:44:46.097Z Connection:  open
[2025-09-28 11:44:46.159] LOG - 16:44:46.156Z WebGL:  {"isWebGL2":true,"precision":"highp","logarithmicDepthBuffer":false,"maxTextures":16,"maxVertexTextures":16,"maxTextureSize":16384,"maxCubemapSize":16384,"maxAttributes":16,"maxVertexUniforms":1024,"maxVaryings":30,"maxFragmentUniforms":1024,"vertexTextures":true,"floatFragmentTextures":true,"floatVertexTextures":true,"maxSamples":8} , devicePixelRatio:  2
[2025-09-28 11:44:46.161] LOG - 16:44:46.156Z WebGL:  {"isWebGL2":true,"precision":"highp","logarithmicDepthBuffer":false,"maxTextures":16,"maxVertexTextures":16,"maxTextureSize":16384,"maxCubemapSize":16384,"maxAttributes":16,"maxVertexUniforms":1024,"maxVaryings":30,"maxFragmentUniforms":1024,"vertexTextures":true,"floatFragmentTextures":true,"floatVertexTextures":true,"maxSamples":8} , devicePixelRatio:  2
[2025-09-28 11:44:46.161] LOG - 16:44:46.157Z Canvas size: 1119 991 dpp:  2
[2025-09-28 11:44:46.162] LOG - 16:44:46.157Z Canvas size: 1119 991 dpp:  2
[2025-09-28 11:44:46.198] LOG - 16:44:46.171Z Loading App-level Plugins
[2025-09-28 11:44:46.200] LOG - 16:44:46.171Z Loading App-level Plugins
[2025-09-28 11:44:46.200] LOG - 16:44:46.181Z WebGL:  {"isWebGL2":true,"precision":"highp","logarithmicDepthBuffer":false,"maxTextures":16,"maxVertexTextures":16,"maxTextureSize":16384,"maxCubemapSize":16384,"maxAttributes":16,"maxVertexUniforms":1024,"maxVaryings":30,"maxFragmentUniforms":1024,"vertexTextures":true,"floatFragmentTextures":true,"floatVertexTextures":true,"maxSamples":8} , devicePixelRatio:  2
[2025-09-28 11:44:46.200] LOG - 16:44:46.181Z WebGL:  {"isWebGL2":true,"precision":"highp","logarithmicDepthBuffer":false,"maxTextures":16,"maxVertexTextures":16,"maxTextureSize":16384,"maxCubemapSize":16384,"maxAttributes":16,"maxVertexUniforms":1024,"maxVaryings":30,"maxFragmentUniforms":1024,"vertexTextures":true,"floatFragmentTextures":true,"floatVertexTextures":true,"maxSamples":8} , devicePixelRatio:  2
[2025-09-28 11:44:46.201] LOG - 16:44:46.181Z Canvas size: 1119 991 dpp:  2
[2025-09-28 11:44:46.201] LOG - 16:44:46.181Z Canvas size: 1119 991 dpp:  2
[2025-09-28 11:44:46.424] LOG - 16:44:46.423Z websocket opened
[2025-09-28 11:44:46.424] LOG - 16:44:46.423Z websocket opened
[2025-09-28 11:44:46.437] LOG - 16:44:46.436Z sync to remote defaultModules
[2025-09-28 11:44:46.438] LOG - 16:44:46.436Z sync to remote defaultModules
[2025-09-28 11:44:46.641] LOG - 16:44:46.640Z loadAppLevelPlugins:  [object Object]
[2025-09-28 11:44:46.642] LOG - 16:44:46.640Z loadAppLevelPlugins: 
[2025-09-28 11:44:47.468] LOG - 16:44:47.467Z jailing is in progress
[2025-09-28 11:44:47.469] LOG - 16:44:47.467Z jailing is in progress
[2025-09-28 11:44:47.788] LOG - 16:44:47.771Z created chart 1
[2025-09-28 11:44:47.788] LOG - 16:44:47.771Z created chart 1
[2025-09-28 11:44:47.789] LOG - 16:44:47.777Z created chart 2
[2025-09-28 11:44:47.789] LOG - 16:44:47.777Z created chart 2
[2025-09-28 11:44:48.174] LOG - 16:44:48.173Z requestChart: {"symbol":"3267312","chartDescription":{"underlyingType":"Tick","elementSize":5000,"elementSizeUnit":"UnderlyingUnits","withHistogram":false},"timeRange":{"asMuchAsElements":300}}
[2025-09-28 11:44:48.175] LOG - 16:44:48.173Z requestChart: {"symbol":"3267312","chartDescription":{"underlyingType":"Tick","elementSize":5000,"elementSizeUnit":"UnderlyingUnits","withHistogram":false},"timeRange":{"asMuchAsElements":300}}
[2025-09-28 11:44:48.175] LOG - 16:44:48.173Z mdMgApi open
[2025-09-28 11:44:48.176] LOG - 16:44:48.173Z mdMgApi open
[2025-09-28 11:44:48.184] LOG - 16:44:48.183Z requestChart: {"symbol":"4086418","chartDescription":{"underlyingType":"MinuteBar","elementSize":15,"elementSizeUnit":"UnderlyingUnits","withHistogram":false},"timeRange":{"asMuchAsElements":300}}
[2025-09-28 11:44:48.184] LOG - 16:44:48.183Z requestChart: {"symbol":"4086418","chartDescription":{"underlyingType":"MinuteBar","elementSize":15,"elementSizeUnit":"UnderlyingUnits","withHistogram":false},"timeRange":{"asMuchAsElements":300}}
[2025-09-28 11:44:48.185] LOG - 16:44:48.183Z mdMgApi open
[2025-09-28 11:44:48.185] LOG - 16:44:48.183Z mdMgApi open
[2025-09-28 11:44:48.186] LOG - 16:44:48.185Z pending jailing done. next starts
[2025-09-28 11:44:48.187] LOG - 16:44:48.185Z pending jailing done. next starts
[2025-09-28 11:44:49.312] LOG - 16:44:49.310Z updating the shared isolation
[2025-09-28 11:44:49.312] LOG - 16:44:49.310Z updating the shared isolation
[2025-09-28 11:44:49.863] LOG - 16:44:49.861Z updating the shared isolation
[2025-09-28 11:44:49.863] LOG - 16:44:49.861Z updating the shared isolation
