[2025-09-20 15:46:34.741] LOG - 20:46:34.740Z Starting login process for: zenex3298@gmail.com
[2025-09-20 15:46:34.742] LOG - 20:46:34.740Z Starting login process for: zenex3298@gmail.com
[2025-09-20 15:46:34.742] LOG - 20:46:34.740Z Auto login function executing for: zenex3298@gmail.com
[2025-09-20 15:46:34.743] LOG - 20:46:34.740Z Auto login function executing for: zenex3298@gmail.com
[2025-09-20 15:46:34.743] LOG - 20:46:34.741Z Login form found, filling credentials...
[2025-09-20 15:46:34.744] LOG - 20:46:34.741Z Login form found, filling credentials...
[2025-09-20 15:46:34.898] LOG - 20:46:34.783Z Test element added to DOM
[2025-09-20 15:46:34.904] LOG - 20:46:34.783Z Test element added to DOM
[2025-09-20 15:46:34.905] LOG - 20:46:34.902Z All browser alerts and confirmations have been disabled
[2025-09-20 15:46:34.907] LOG - 20:46:34.902Z All browser alerts and confirmations have been disabled
[2025-09-20 15:46:35.256] LOG - 20:46:35.255Z Clicking login button...
[2025-09-20 15:46:35.256] LOG - 20:46:35.255Z Clicking login button...
[2025-09-20 15:46:35.268] LOG - 20:46:35.265Z authentication starting
[2025-09-20 15:46:35.268] LOG - 20:46:35.265Z authentication starting
[2025-09-20 15:46:35.579] warning - The AudioContext was not allowed to start. It must be resumed (or created) after a user gesture on the page. https://developer.chrome.com/blog/autoplay/#web_audio
[2025-09-20 15:46:35.581] LOG - 20:46:35.565Z Watching for account selection page...
[2025-09-20 15:46:35.582] LOG - 20:46:35.565Z Watching for account selection page...
[2025-09-20 15:46:35.842] LOG - 20:46:35.841Z Access token will be renewed in 75 minutes; expired: Sat Sep 20 2025 17:06:35 GMT-0500 (Central Daylight Time), now: Sat Sep 20 2025 15:46:35 GMT-0500 (Central Daylight Time)
[2025-09-20 15:46:35.842] LOG - 20:46:35.841Z Access token will be renewed in 75 minutes; expired: Sat Sep 20 2025 17:06:35 GMT-0500 (Central Daylight Time), now: Sat Sep 20 2025 15:46:35 GMT-0500 (Central Daylight Time)
[2025-09-20 15:46:36.100] error - Access to XMLHttpRequest at 'https://app.launchdarkly.com/sdk/evalx/66cdf5b9cf61891061b4e437/contexts/eyJraW5kIjoidXNlciIsImtleSI6IjQ2NTYwMjciLCJkZXZpY2UiOiJkZXNrdG9wIiwidXNlcklkIjo0NjU2MDI3LCJpcENvdW50cnkiOiJVUyIsIm9yZ05hbWUiOiJURFYiLCJuYW1lIjoiWmVuZXgzMjk4IiwibGFuZGluZ1BhcmFtcyI6IiJ9' from origin 'https://trader.tradovate.com' has been blocked by CORS policy: No 'Access-Control-Allow-Origin' header is present on the requested resource.
[2025-09-20 15:46:36.101] ERROR - 20:46:36.100Z [LaunchDarkly] network error (Error)
[2025-09-20 15:46:36.101] ERROR - 20:46:36.100Z [LaunchDarkly] network error (Error)
[2025-09-20 15:46:36.102] error - Failed to load resource: net::ERR_FAILED
[2025-09-20 15:46:36.108] ERROR - Exception: t
[2025-09-20 15:46:36.130] error - Access to XMLHttpRequest at 'https://app.launchdarkly.com/sdk/evalx/66cdf5b9cf61891061b4e437/contexts/eyJraW5kIjoidXNlciIsImtleSI6IjQ2NTYwMjciLCJkZXZpY2UiOiJkZXNrdG9wIiwidXNlcklkIjo0NjU2MDI3LCJpcENvdW50cnkiOiJVUyIsIm9yZ05hbWUiOiJURFYiLCJuYW1lIjoiWmVuZXgzMjk4IiwibGFuZGluZ1BhcmFtcyI6IiJ9' from origin 'https://trader.tradovate.com' has been blocked by CORS policy: No 'Access-Control-Allow-Origin' header is present on the requested resource.
[2025-09-20 15:46:36.132] ERROR - 20:46:36.127Z [LaunchDarkly] network error (Error)
[2025-09-20 15:46:36.134] ERROR - 20:46:36.127Z [LaunchDarkly] network error (Error)
[2025-09-20 15:46:36.134] error - Failed to load resource: net::ERR_FAILED
[2025-09-20 15:46:36.137] ERROR - Exception: t
[2025-09-20 15:46:36.568] LOG - 20:46:36.567Z Account selection page detected, clicking button...
[2025-09-20 15:46:36.568] LOG - 20:46:36.567Z Account selection page detected, clicking button...
[2025-09-20 15:46:36.732] LOG - 20:46:36.706Z Access token will be renewed in 75 minutes; expired: Sat Sep 20 2025 17:06:35 GMT-0500 (Central Daylight Time), now: Sat Sep 20 2025 15:46:36 GMT-0500 (Central Daylight Time)
[2025-09-20 15:46:36.733] LOG - 20:46:36.706Z Access token will be renewed in 75 minutes; expired: Sat Sep 20 2025 17:06:35 GMT-0500 (Central Daylight Time), now: Sat Sep 20 2025 15:46:36 GMT-0500 (Central Daylight Time)
[2025-09-20 15:46:36.805] error - Refused to connect to 'https://bat.bing.com/actionp/0?ti=26330043&Ver=2&mid=a76cc8e7-5d0d-49bc-8acf-7ccea5582a4e&bo=2&sid=49ffa650964611f0b1c77d72422fc1b9&vid=99c3288092fe11f0bc7275adc39e6add&vids=0&msclkid=N&evt=pageHide' because it violates the following Content Security Policy directive: "connect-src wss://*.tradovate.com https://*.tradovate.com https://*.ntinnolab.com https://*.devel.ninjatrader.dev https://*.staging.ninjatrader.dev https://*.uat.ninjatrader.dev wss://*.ntinnolab.com wss://*.devel.ninjatrader.dev wss://*.staging.ninjatrader.dev wss://*.uat.ninjatrader.dev wss://*.tradovateapi.com https://*.tradovateapi.com https://*.ninjatrader.com https://cdn.walkme.com https://ec.walkme.com https://sessions.bugsnag.com https://notify.bugsnag.com https://*.plaid.com https://*.yodlee.com https://tradovate.zendesk.com https://rollout.ada.support https://static.ada.support https://ninjatrader.ada.support https://tradovate.ada.support https://ninjatrader-eap.ada.support/ https://demo-ninjatrader-gr.ada.support/ https://tradovate-gen.ada.support/ https://api.stripe.com https://apiproxy.ninjatrader.com https://apiproxy-d.ninjatrader.com https://us-autocomplete-pro.api.smartystreets.com https://international-autocomplete.api.smarty.com https://maps.googleapis.com https://accounts.google.com/ https://www.google.com https://www.googletagmanager.com/ https://*.browser-intake-datadoghq.com https://scripts.neuro-id.com https://receiver.neuroid.cloud https://logs.neuro-id.com https://firebaseinstallations.googleapis.com/ https://firebaseremoteconfig.googleapis.com/ https://logx.optimizely.com https://*.optimizely.com wss://mpsnare.iesnare.com wss://ci-mpsnare.iovation.com https://*.iovation.com/ https://*.reddit.com  https://www.redditstatic.com https://*.taboola.com https://*.launchdarkly.com https://*.alloy.co https://*.maze.co https://www.google-analytics.com https://analytics.google.com https://www.googletagmanager.com/ https://api.hubapi.com https://forms.hubspot.com https://stats.g.doubleclick.net https://alb.reddit.com https://analytics.twitter.com https://heapanalytics.com https://*.auryc.com https://*.contentsquare.net https://siteintercept.qualtrics.com https://api.userway.org/".

[2025-09-20 15:46:36.806] INFO - 20:46:36.803Z visibilitychange: hidden, gd: 1000
[2025-09-20 15:46:36.806] INFO - 20:46:36.803Z visibilitychange: hidden, gd: 1000
[2025-09-20 15:46:36.807] WARNING - 20:46:36.804Z [LaunchDarkly] Error on stream connection: {"isTrusted":true}, will continue retrying after 936 milliseconds.
[2025-09-20 15:46:36.808] WARNING - 20:46:36.804Z [LaunchDarkly] Error on stream connection: {"isTrusted":true}, will continue retrying after 936 milliseconds.
[2025-09-20 15:46:36.809] INFO - 20:46:36.805Z [LaunchDarkly] Closing stream connection
[2025-09-20 15:46:36.809] INFO - 20:46:36.805Z [LaunchDarkly] Closing stream connection
[2025-09-20 15:46:36.950] WARNING - Duplicate atom key "locale". This is a FATAL ERROR in
      production. But it is safe to ignore this warning if it occurred because of
      hot module replacement.
[2025-09-20 15:46:36.951] WARNING - Duplicate atom key "locale". This is a FATAL ERROR in
      production. But it is safe to ignore this warning if it occurred because of
      hot module replacement.
[2025-09-20 15:46:36.952] WARNING - Duplicate atom key "muiTheme". This is a FATAL ERROR in
      production. But it is safe to ignore this warning if it occurred because of
      hot module replacement.
[2025-09-20 15:46:36.952] WARNING - Duplicate atom key "muiTheme". This is a FATAL ERROR in
      production. But it is safe to ignore this warning if it occurred because of
      hot module replacement.
[2025-09-20 15:46:36.953] WARNING - Duplicate atom key "appLinksFooter". This is a FATAL ERROR in
      production. But it is safe to ignore this warning if it occurred because of
      hot module replacement.
[2025-09-20 15:46:36.954] WARNING - Duplicate atom key "appLinksFooter". This is a FATAL ERROR in
      production. But it is safe to ignore this warning if it occurred because of
      hot module replacement.
[2025-09-20 15:46:36.955] WARNING - Duplicate atom key "currentUserId2". This is a FATAL ERROR in
      production. But it is safe to ignore this warning if it occurred because of
      hot module replacement.
[2025-09-20 15:46:36.956] WARNING - Duplicate atom key "currentUserId2". This is a FATAL ERROR in
      production. But it is safe to ignore this warning if it occurred because of
      hot module replacement.
[2025-09-20 15:46:36.957] WARNING - Duplicate atom key "onboardingInProgress". This is a FATAL ERROR in
      production. But it is safe to ignore this warning if it occurred because of
      hot module replacement.
[2025-09-20 15:46:36.957] WARNING - Duplicate atom key "onboardingInProgress". This is a FATAL ERROR in
      production. But it is safe to ignore this warning if it occurred because of
      hot module replacement.
[2025-09-20 15:46:36.958] WARNING - Duplicate atom key "editing". This is a FATAL ERROR in
      production. But it is safe to ignore this warning if it occurred because of
      hot module replacement.
[2025-09-20 15:46:36.960] WARNING - Duplicate atom key "editing". This is a FATAL ERROR in
      production. But it is safe to ignore this warning if it occurred because of
      hot module replacement.
[2025-09-20 15:46:36.960] WARNING - Duplicate atom key "infoMessage". This is a FATAL ERROR in
      production. But it is safe to ignore this warning if it occurred because of
      hot module replacement.
[2025-09-20 15:46:36.961] WARNING - Duplicate atom key "infoMessage". This is a FATAL ERROR in
      production. But it is safe to ignore this warning if it occurred because of
      hot module replacement.
[2025-09-20 15:46:36.962] WARNING - Duplicate atom key "browserWarning". This is a FATAL ERROR in
      production. But it is safe to ignore this warning if it occurred because of
      hot module replacement.
[2025-09-20 15:46:36.963] WARNING - Duplicate atom key "browserWarning". This is a FATAL ERROR in
      production. But it is safe to ignore this warning if it occurred because of
      hot module replacement.
[2025-09-20 15:46:36.963] WARNING - Duplicate atom key "clockWarning". This is a FATAL ERROR in
      production. But it is safe to ignore this warning if it occurred because of
      hot module replacement.
[2025-09-20 15:46:36.964] WARNING - Duplicate atom key "clockWarning". This is a FATAL ERROR in
      production. But it is safe to ignore this warning if it occurred because of
      hot module replacement.
[2025-09-20 15:46:36.965] WARNING - Duplicate atom key "breakpoint". This is a FATAL ERROR in
      production. But it is safe to ignore this warning if it occurred because of
      hot module replacement.
[2025-09-20 15:46:36.965] WARNING - Duplicate atom key "breakpoint". This is a FATAL ERROR in
      production. But it is safe to ignore this warning if it occurred because of
      hot module replacement.
[2025-09-20 15:46:36.966] WARNING - Duplicate atom key "inMobileRange". This is a FATAL ERROR in
      production. But it is safe to ignore this warning if it occurred because of
      hot module replacement.
[2025-09-20 15:46:36.967] WARNING - Duplicate atom key "inMobileRange". This is a FATAL ERROR in
      production. But it is safe to ignore this warning if it occurred because of
      hot module replacement.
[2025-09-20 15:46:36.968] WARNING - Duplicate atom key "gridSpacing". This is a FATAL ERROR in
      production. But it is safe to ignore this warning if it occurred because of
      hot module replacement.
[2025-09-20 15:46:36.968] WARNING - Duplicate atom key "gridSpacing". This is a FATAL ERROR in
      production. But it is safe to ignore this warning if it occurred because of
      hot module replacement.
[2025-09-20 15:46:36.969] WARNING - Duplicate atom key "login". This is a FATAL ERROR in
      production. But it is safe to ignore this warning if it occurred because of
      hot module replacement.
[2025-09-20 15:46:36.970] WARNING - Duplicate atom key "login". This is a FATAL ERROR in
      production. But it is safe to ignore this warning if it occurred because of
      hot module replacement.
[2025-09-20 15:46:36.971] WARNING - Duplicate atom key "error". This is a FATAL ERROR in
      production. But it is safe to ignore this warning if it occurred because of
      hot module replacement.
[2025-09-20 15:46:36.971] WARNING - Duplicate atom key "error". This is a FATAL ERROR in
      production. But it is safe to ignore this warning if it occurred because of
      hot module replacement.
[2025-09-20 15:46:36.972] WARNING - Duplicate atom key "contactInfos2". This is a FATAL ERROR in
      production. But it is safe to ignore this warning if it occurred because of
      hot module replacement.
[2025-09-20 15:46:36.973] WARNING - Duplicate atom key "contactInfos2". This is a FATAL ERROR in
      production. But it is safe to ignore this warning if it occurred because of
      hot module replacement.
[2025-09-20 15:46:36.974] WARNING - Duplicate atom key "individualApplicantsTimestamp". This is a FATAL ERROR in
      production. But it is safe to ignore this warning if it occurred because of
      hot module replacement.
[2025-09-20 15:46:36.974] WARNING - Duplicate atom key "individualApplicantsTimestamp". This is a FATAL ERROR in
      production. But it is safe to ignore this warning if it occurred because of
      hot module replacement.
[2025-09-20 15:46:36.975] WARNING - Duplicate atom key "customerApplication". This is a FATAL ERROR in
      production. But it is safe to ignore this warning if it occurred because of
      hot module replacement.
[2025-09-20 15:46:36.976] WARNING - Duplicate atom key "customerApplication". This is a FATAL ERROR in
      production. But it is safe to ignore this warning if it occurred because of
      hot module replacement.
[2025-09-20 15:46:36.976] WARNING - Duplicate atom key "individualApplicants". This is a FATAL ERROR in
      production. But it is safe to ignore this warning if it occurred because of
      hot module replacement.
[2025-09-20 15:46:36.976] WARNING - Duplicate atom key "individualApplicants". This is a FATAL ERROR in
      production. But it is safe to ignore this warning if it occurred because of
      hot module replacement.
[2025-09-20 15:46:36.976] WARNING - Duplicate atom key "clearingHouses". This is a FATAL ERROR in
      production. But it is safe to ignore this warning if it occurred because of
      hot module replacement.
[2025-09-20 15:46:36.976] WARNING - Duplicate atom key "clearingHouses". This is a FATAL ERROR in
      production. But it is safe to ignore this warning if it occurred because of
      hot module replacement.
[2025-09-20 15:46:36.976] WARNING - Duplicate atom key "clearXClearingHouse". This is a FATAL ERROR in
      production. But it is safe to ignore this warning if it occurred because of
      hot module replacement.
[2025-09-20 15:46:36.976] WARNING - Duplicate atom key "clearXClearingHouse". This is a FATAL ERROR in
      production. But it is safe to ignore this warning if it occurred because of
      hot module replacement.
[2025-09-20 15:46:36.976] WARNING - Duplicate atom key "applicationClearingHouse". This is a FATAL ERROR in
      production. But it is safe to ignore this warning if it occurred because of
      hot module replacement.
[2025-09-20 15:46:36.977] WARNING - Duplicate atom key "applicationClearingHouse". This is a FATAL ERROR in
      production. But it is safe to ignore this warning if it occurred because of
      hot module replacement.
[2025-09-20 15:46:36.977] WARNING - Duplicate atom key "userLocation". This is a FATAL ERROR in
      production. But it is safe to ignore this warning if it occurred because of
      hot module replacement.
[2025-09-20 15:46:36.977] WARNING - Duplicate atom key "userLocation". This is a FATAL ERROR in
      production. But it is safe to ignore this warning if it occurred because of
      hot module replacement.
[2025-09-20 15:46:36.977] WARNING - Duplicate atom key "savedApplicationsTimestamp". This is a FATAL ERROR in
      production. But it is safe to ignore this warning if it occurred because of
      hot module replacement.
[2025-09-20 15:46:36.977] WARNING - Duplicate atom key "savedApplicationsTimestamp". This is a FATAL ERROR in
      production. But it is safe to ignore this warning if it occurred because of
      hot module replacement.
[2025-09-20 15:46:36.977] WARNING - Duplicate atom key "savedApplications". This is a FATAL ERROR in
      production. But it is safe to ignore this warning if it occurred because of
      hot module replacement.
[2025-09-20 15:46:36.977] WARNING - Duplicate atom key "savedApplications". This is a FATAL ERROR in
      production. But it is safe to ignore this warning if it occurred because of
      hot module replacement.
[2025-09-20 15:46:36.977] WARNING - Duplicate atom key "step". This is a FATAL ERROR in
      production. But it is safe to ignore this warning if it occurred because of
      hot module replacement.
[2025-09-20 15:46:36.977] WARNING - Duplicate atom key "step". This is a FATAL ERROR in
      production. But it is safe to ignore this warning if it occurred because of
      hot module replacement.
[2025-09-20 15:46:36.978] WARNING - Duplicate atom key "checkStates". This is a FATAL ERROR in
      production. But it is safe to ignore this warning if it occurred because of
      hot module replacement.
[2025-09-20 15:46:36.978] WARNING - Duplicate atom key "checkStates". This is a FATAL ERROR in
      production. But it is safe to ignore this warning if it occurred because of
      hot module replacement.
[2025-09-20 15:46:36.978] WARNING - Duplicate atom key "signStates". This is a FATAL ERROR in
      production. But it is safe to ignore this warning if it occurred because of
      hot module replacement.
[2025-09-20 15:46:36.978] WARNING - Duplicate atom key "signStates". This is a FATAL ERROR in
      production. But it is safe to ignore this warning if it occurred because of
      hot module replacement.
[2025-09-20 15:46:36.978] WARNING - Duplicate atom key "wizard". This is a FATAL ERROR in
      production. But it is safe to ignore this warning if it occurred because of
      hot module replacement.
[2025-09-20 15:46:36.978] WARNING - Duplicate atom key "wizard". This is a FATAL ERROR in
      production. But it is safe to ignore this warning if it occurred because of
      hot module replacement.
[2025-09-20 15:46:36.978] WARNING - Duplicate atom key "formBuilder". This is a FATAL ERROR in
      production. But it is safe to ignore this warning if it occurred because of
      hot module replacement.
[2025-09-20 15:46:36.978] WARNING - Duplicate atom key "formBuilder". This is a FATAL ERROR in
      production. But it is safe to ignore this warning if it occurred because of
      hot module replacement.
[2025-09-20 15:46:36.979] WARNING - Duplicate atom key "headerSlot". This is a FATAL ERROR in
      production. But it is safe to ignore this warning if it occurred because of
      hot module replacement.
[2025-09-20 15:46:36.979] WARNING - Duplicate atom key "headerSlot". This is a FATAL ERROR in
      production. But it is safe to ignore this warning if it occurred because of
      hot module replacement.
[2025-09-20 15:46:36.979] WARNING - Duplicate atom key "footerSlot". This is a FATAL ERROR in
      production. But it is safe to ignore this warning if it occurred because of
      hot module replacement.
[2025-09-20 15:46:36.979] WARNING - Duplicate atom key "footerSlot". This is a FATAL ERROR in
      production. But it is safe to ignore this warning if it occurred because of
      hot module replacement.
[2025-09-20 15:46:36.979] WARNING - Duplicate atom key "alloyJourneyToken". This is a FATAL ERROR in
      production. But it is safe to ignore this warning if it occurred because of
      hot module replacement.
[2025-09-20 15:46:36.979] WARNING - Duplicate atom key "alloyJourneyToken". This is a FATAL ERROR in
      production. But it is safe to ignore this warning if it occurred because of
      hot module replacement.
[2025-09-20 15:46:36.979] DEBUG - [bugsnag] Loaded!
[2025-09-20 15:46:36.979] DEBUG - [bugsnag] Loaded!
[2025-09-20 15:46:36.979] INFO - Version 3.250912.0 prod production 
[2025-09-20 15:46:36.980] INFO - Version 3.250912.0 prod production 
[2025-09-20 15:46:36.980] INFO - Time: Sat Sep 20 2025 15:46:36 GMT-0500 (Central Daylight Time)
[2025-09-20 15:46:36.980] INFO - Time:
[2025-09-20 15:46:37.006] LOG - 20:46:37.005Z Try to restore session
[2025-09-20 15:46:37.007] LOG - 20:46:37.005Z Try to restore session
[2025-09-20 15:46:37.008] LOG - 20:46:37.006Z Access token will be renewed in 75 minutes; expired: Sat Sep 20 2025 17:06:35 GMT-0500 (Central Daylight Time), now: Sat Sep 20 2025 15:46:37 GMT-0500 (Central Daylight Time)
[2025-09-20 15:46:37.008] LOG - 20:46:37.006Z Access token will be renewed in 75 minutes; expired: Sat Sep 20 2025 17:06:35 GMT-0500 (Central Daylight Time), now: Sat Sep 20 2025 15:46:37 GMT-0500 (Central Daylight Time)
[2025-09-20 15:46:37.012] WARNING - 20:46:37.012Z [LaunchDarkly] The waitForInitialization function was called without a timeout specified. In a future version a default timeout will be applied.
[2025-09-20 15:46:37.015] WARNING - 20:46:37.012Z [LaunchDarkly] The waitForInitialization function was called without a timeout specified. In a future version a default timeout will be applied.
[2025-09-20 15:46:37.021] INFO - 20:46:37.020Z chart cache state: islands=3, bars=1532
[2025-09-20 15:46:37.022] INFO - 20:46:37.020Z chart cache state: islands=3, bars=1532
[2025-09-20 15:46:37.022] INFO - 20:46:37.020Z Chart history database initialized
[2025-09-20 15:46:37.022] INFO - 20:46:37.020Z Chart history database initialized
[2025-09-20 15:46:37.030] INFO - 20:46:37.029Z [LaunchDarkly] LaunchDarkly client initialized
[2025-09-20 15:46:37.030] INFO - 20:46:37.029Z [LaunchDarkly] LaunchDarkly client initialized
[2025-09-20 15:46:37.031] INFO - 20:46:37.029Z [LaunchDarkly] Opening stream connection to https://clientstream.launchdarkly.com/eval/66cdf5b9cf61891061b4e437/eyJraW5kIjoidXNlciIsImtleSI6InVua25vd24iLCJhbm9ueW1vdXMiOmZhbHNlfQ
[2025-09-20 15:46:37.031] INFO - 20:46:37.029Z [LaunchDarkly] Opening stream connection to https://clientstream.launchdarkly.com/eval/66cdf5b9cf61891061b4e437/eyJraW5kIjoidXNlciIsImtleSI6InVua25vd24iLCJhbm9ueW1vdXMiOmZhbHNlfQ
[2025-09-20 15:46:37.612] error - Access to XMLHttpRequest at 'https://app.launchdarkly.com/sdk/evalx/66cdf5b9cf61891061b4e437/contexts/eyJraW5kIjoidXNlciIsImtleSI6IjQ2NTYwMjciLCJkZXZpY2UiOiJkZXNrdG9wIiwidXNlcklkIjo0NjU2MDI3LCJpcENvdW50cnkiOiJVUyIsIm9yZ05hbWUiOiJURFYiLCJuYW1lIjoiWmVuZXgzMjk4IiwibGFuZGluZ1BhcmFtcyI6IiJ9' from origin 'https://trader.tradovate.com' has been blocked by CORS policy: No 'Access-Control-Allow-Origin' header is present on the requested resource.
[2025-09-20 15:46:37.613] ERROR - 20:46:37.612Z [LaunchDarkly] network error (Error)
[2025-09-20 15:46:37.613] ERROR - 20:46:37.612Z [LaunchDarkly] network error (Error)
[2025-09-20 15:46:37.614] error - Failed to load resource: net::ERR_FAILED
[2025-09-20 15:46:37.617] ERROR - Exception: t
[2025-09-20 15:46:37.702] LOG - 20:46:37.699Z opening https://demo.tradovateapi.com/
[2025-09-20 15:46:37.704] LOG - 20:46:37.699Z opening https://demo.tradovateapi.com/
[2025-09-20 15:46:37.709] LOG - 20:46:37.707Z Hotkeys initialized {"Shift+Digit1":["orders/selectColumns"],"Shift+Digit2":["orders/showFilters"],"Shift+Digit3":["orders/standardTableView"],"Shift+Digit4":["orders/linkedOrdersView"],"Command+Shift+Digit0":["dom-chart/exit-and-cancel"]}
[2025-09-20 15:46:37.709] LOG - 20:46:37.707Z Hotkeys initialized {"Shift+Digit1":["orders/selectColumns"],"Shift+Digit2":["orders/showFilters"],"Shift+Digit3":["orders/standardTableView"],"Shift+Digit4":["orders/linkedOrdersView"],"Command+Shift+Digit0":["dom-chart/exit-and-cancel"]}
[2025-09-20 15:46:37.778] LOG - 20:46:37.778Z websocket opened
[2025-09-20 15:46:37.779] LOG - 20:46:37.778Z websocket opened
[2025-09-20 15:46:37.838] LOG - 20:46:37.836Z opening https://md-demo.tradovateapi.com/
[2025-09-20 15:46:37.839] LOG - 20:46:37.836Z opening https://md-demo.tradovateapi.com/
[2025-09-20 15:46:37.839] LOG - 20:46:37.837Z Connection:  open
[2025-09-20 15:46:37.839] LOG - 20:46:37.837Z Connection:  open
[2025-09-20 15:46:38.812] LOG - 20:46:38.810Z WebGL:  {"isWebGL2":true,"precision":"highp","logarithmicDepthBuffer":false,"maxTextures":16,"maxVertexTextures":16,"maxTextureSize":16384,"maxCubemapSize":16384,"maxAttributes":16,"maxVertexUniforms":1024,"maxVaryings":30,"maxFragmentUniforms":1024,"vertexTextures":true,"floatFragmentTextures":true,"floatVertexTextures":true,"maxSamples":8} , devicePixelRatio:  2
[2025-09-20 15:46:38.816] LOG - 20:46:38.811Z Canvas size: 500 948 dpp:  2
[2025-09-20 15:46:38.827] LOG - 20:46:38.822Z Loading App-level Plugins
[2025-09-20 15:46:38.835] LOG - 20:46:38.822Z Loading App-level Plugins
[2025-09-20 15:46:38.840] LOG - 20:46:38.831Z WebGL:  {"isWebGL2":true,"precision":"highp","logarithmicDepthBuffer":false,"maxTextures":16,"maxVertexTextures":16,"maxTextureSize":16384,"maxCubemapSize":16384,"maxAttributes":16,"maxVertexUniforms":1024,"maxVaryings":30,"maxFragmentUniforms":1024,"vertexTextures":true,"floatFragmentTextures":true,"floatVertexTextures":true,"maxSamples":8} , devicePixelRatio:  2
[2025-09-20 15:46:38.841] LOG - 20:46:38.832Z Canvas size: 500 948 dpp:  2
[2025-09-20 15:46:38.923] LOG - 20:46:38.892Z websocket opened
[2025-09-20 15:46:38.924] LOG - 20:46:38.892Z websocket opened
[2025-09-20 15:46:39.152] LOG - 20:46:39.151Z loadAppLevelPlugins:  [object Object]
[2025-09-20 15:46:39.152] LOG - 20:46:39.151Z loadAppLevelPlugins: 
[2025-09-20 15:46:39.878] LOG - 20:46:39.876Z jailing is in progress
[2025-09-20 15:46:39.878] LOG - 20:46:39.876Z jailing is in progress
[2025-09-20 15:46:40.014] LOG - 20:46:40.011Z pending jailing done. next starts
[2025-09-20 15:46:40.015] LOG - 20:46:40.011Z pending jailing done. next starts
[2025-09-20 15:46:40.940] LOG - 20:46:40.939Z created chart 1
[2025-09-20 15:46:41.153] LOG - 20:46:41.152Z updating the shared isolation
[2025-09-20 15:46:41.153] LOG - 20:46:41.152Z updating the shared isolation
[2025-09-20 15:46:41.204] LOG - 20:46:41.186Z requestChart: {"symbol":"3267312","chartDescription":{"underlyingType":"Tick","elementSize":5000,"elementSizeUnit":"UnderlyingUnits","withHistogram":false},"timeRange":{"asMuchAsElements":300}}
[2025-09-20 15:46:41.205] LOG - 20:46:41.186Z requestChart: {"symbol":"3267312","chartDescription":{"underlyingType":"Tick","elementSize":5000,"elementSizeUnit":"UnderlyingUnits","withHistogram":false},"timeRange":{"asMuchAsElements":300}}
[2025-09-20 15:46:41.205] LOG - 20:46:41.186Z mdMgApi open
[2025-09-20 15:46:41.205] LOG - 20:46:41.186Z mdMgApi open
[2025-09-20 15:46:45.918] LOG - 20:46:45.916Z Auto Order script initialized
[2025-09-20 15:46:45.919] LOG - 20:46:45.916Z Auto Order script initialized
[2025-09-20 15:46:45.919] LOG - 20:46:45.917Z Creating UI...
[2025-09-20 15:46:45.919] LOG - 20:46:45.917Z Creating UI...
[2025-09-20 15:46:45.920] LOG - 20:46:45.918Z Creating UI
[2025-09-20 15:46:45.920] LOG - 20:46:45.918Z Creating UI
[2025-09-20 15:46:45.920] LOG - 20:46:45.918Z Stored values: TP=120, SL=40, Qty=1, Tick=0.25, Symbol=NQ
[2025-09-20 15:46:45.920] LOG - 20:46:45.918Z Stored values: TP=120, SL=40, Qty=1, Tick=0.25, Symbol=NQ
[2025-09-20 15:46:45.920] LOG - 20:46:45.920Z UI container added to DOM
[2025-09-20 15:46:45.921] LOG - 20:46:45.920Z UI container added to DOM
[2025-09-20 15:46:45.922] LOG - 20:46:45.920Z Setting up UI event handlers
[2025-09-20 15:46:45.922] LOG - 20:46:45.920Z Setting up UI event handlers
[2025-09-20 15:46:45.923] LOG - 20:46:45.920Z Setting up persistent settings
[2025-09-20 15:46:45.924] LOG - 20:46:45.920Z Setting up persistent settings
[2025-09-20 15:46:45.924] LOG - 20:46:45.920Z Setting up drag functionality
[2025-09-20 15:46:45.925] LOG - 20:46:45.920Z Setting up drag functionality
[2025-09-20 15:46:45.925] LOG - 20:46:45.920Z Setting up trade buttons
[2025-09-20 15:46:45.926] LOG - 20:46:45.920Z Setting up trade buttons
[2025-09-20 15:46:45.926] LOG - 20:46:45.921Z UI creation complete
[2025-09-20 15:46:45.927] LOG - 20:46:45.921Z UI creation complete
[2025-09-20 15:46:45.928] LOG - 20:46:45.921Z Creating example front-quarter symbol
[2025-09-20 15:46:45.929] LOG - 20:46:45.921Z Creating example front-quarter symbol
[2025-09-20 15:46:45.930] LOG - 20:46:45.921Z getQuarterlyCode called with date: 2025-09-20T20:46:45.921Z
[2025-09-20 15:46:45.931] LOG - 20:46:45.921Z getQuarterlyCode called with date: 2025-09-20T20:46:45.921Z
[2025-09-20 15:46:45.932] LOG - 20:46:45.921Z Current month index: 8
[2025-09-20 15:46:45.932] LOG - 20:46:45.921Z Current month index: 8
[2025-09-20 15:46:45.933] LOG - 20:46:45.921Z Starting calculation with year=2025, month=8
[2025-09-20 15:46:45.934] LOG - 20:46:45.921Z Starting calculation with year=2025, month=8
[2025-09-20 15:46:45.934] LOG - 20:46:45.921Z Calculated quarterly code: letter=Z, yearDigit=5
[2025-09-20 15:46:45.935] LOG - 20:46:45.921Z Calculated quarterly code: letter=Z, yearDigit=5
[2025-09-20 15:46:45.935] LOG - 20:46:45.921Z Example front-quarter symbol created: NQZ5
[2025-09-20 15:46:45.936] LOG - 20:46:45.921Z Example front-quarter symbol created: NQZ5
[2025-09-20 15:46:45.937] LOG - 20:46:45.927Z Auto Risk Management: Running initial risk assessment...
[2025-09-20 15:46:45.937] LOG - 20:46:45.927Z Auto Risk Management: Running initial risk assessment...
[2025-09-20 15:46:45.938] LOG - 20:46:45.928Z [analyzePhase] resetting phaseData
[2025-09-20 15:46:45.938] LOG - 20:46:45.928Z [analyzePhase] resetting phaseData
[2025-09-20 15:46:45.939] LOG - 20:46:45.928Z [analyzePhase] set phase 1 maxActive to 1
[2025-09-20 15:46:45.939] LOG - 20:46:45.928Z [analyzePhase] set phase 1 maxActive to 1
[2025-09-20 15:46:45.940] LOG - 20:46:45.928Z [analyzePhase] increased phase 2 maxActive to 1
[2025-09-20 15:46:45.940] LOG - 20:46:45.928Z [analyzePhase] increased phase 2 maxActive to 1
[2025-09-20 15:46:45.940] LOG - 20:46:45.928Z [updateUserColumnPhaseStatus] Starting...
[2025-09-20 15:46:45.940] LOG - 20:46:45.928Z [updateUserColumnPhaseStatus] Starting...
[2025-09-20 15:46:45.940] LOG - 20:46:45.929Z [updateUserColumnPhaseStatus] Found 1 rows
[2025-09-20 15:46:45.940] LOG - 20:46:45.929Z [updateUserColumnPhaseStatus] Found 1 rows
[2025-09-20 15:46:45.940] LOG - 20:46:45.929Z [updateUserColumnPhaseStatus] Header cells: Account ▲,Total Available Margin,User,Dist Drawdown Net Liq,Dollar Open P L,Dollar Total P L
[2025-09-20 15:46:45.940] LOG - 20:46:45.929Z [updateUserColumnPhaseStatus] Header cells:
[2025-09-20 15:46:45.941] LOG - 20:46:45.929Z [updateUserColumnPhaseStatus] Found User column at index 2
[2025-09-20 15:46:45.941] LOG - 20:46:45.929Z [updateUserColumnPhaseStatus] Found User column at index 2
[2025-09-20 15:46:45.941] LOG - 20:46:45.929Z [updateUserColumnPhaseStatus] Getting table data...
[2025-09-20 15:46:45.941] LOG - 20:46:45.929Z [updateUserColumnPhaseStatus] Getting table data...
[2025-09-20 15:46:45.941] LOG - 20:46:45.929Z [analyzePhase] resetting phaseData
[2025-09-20 15:46:45.941] LOG - 20:46:45.929Z [analyzePhase] resetting phaseData
[2025-09-20 15:46:45.941] LOG - 20:46:45.929Z [analyzePhase] set phase 1 maxActive to 1
[2025-09-20 15:46:45.941] LOG - 20:46:45.929Z [analyzePhase] set phase 1 maxActive to 1
[2025-09-20 15:46:45.942] LOG - 20:46:45.930Z [analyzePhase] increased phase 2 maxActive to 1
[2025-09-20 15:46:45.942] LOG - 20:46:45.930Z [analyzePhase] increased phase 2 maxActive to 1
[2025-09-20 15:46:45.942] LOG - 20:46:45.930Z [updateUserColumnPhaseStatus] Table data: 0 rows
[2025-09-20 15:46:45.942] LOG - 20:46:45.930Z [updateUserColumnPhaseStatus] Table data: 0 rows
[2025-09-20 15:46:45.942] ERROR - 20:46:45.930Z [updateUserColumnPhaseStatus] No data from getTableData()
[2025-09-20 15:46:45.942] ERROR - 20:46:45.930Z [updateUserColumnPhaseStatus] No data from getTableData()
[2025-09-20 15:46:45.958] warning - The AudioContext was not allowed to start. It must be resumed (or created) after a user gesture on the page. https://developer.chrome.com/blog/autoplay/#web_audio
[2025-09-20 15:46:45.959] LOG - 20:46:45.948Z Auto Risk Management: Initial risk assessment completed
[2025-09-20 15:46:45.959] LOG - 20:46:45.948Z Auto Risk Management: Initial risk assessment completed
[2025-09-20 15:46:46.951] LOG - 20:46:46.949Z [analyzePhase] resetting phaseData
[2025-09-20 15:46:46.952] LOG - 20:46:46.949Z [analyzePhase] resetting phaseData
[2025-09-20 15:46:46.953] LOG - 20:46:46.950Z [analyzePhase] set phase 1 maxActive to 1
[2025-09-20 15:46:46.953] LOG - 20:46:46.950Z [analyzePhase] set phase 1 maxActive to 1
[2025-09-20 15:46:46.953] LOG - 20:46:46.950Z [analyzePhase] increased phase 2 maxActive to 1
[2025-09-20 15:46:46.953] LOG - 20:46:46.950Z [analyzePhase] increased phase 2 maxActive to 1
[2025-09-20 15:46:46.954] WARNING - 20:46:46.950Z Error in deferred func: TypeError: Cannot read properties of undefined (reading 'querySelector'), function(){d(a),f(function(){d(null)},0);var e=i.apply(this,arguments);return d(null),e} TypeError: Cannot read properties of undefined (reading 'querySelector'),    at <anonymous>:377:98,    at i.__trace__ (https://cdn.tradovate.com/tradovate/scripts/8623.bc07fac1.js:2:4608552),    at https://cdn.tradovate.com/tradovate/scripts/8623.bc07fac1.js:2:3545147
[2025-09-20 15:46:46.954] WARNING - 20:46:46.950Z Error in deferred func: TypeError: Cannot read properties of undefined (reading 'querySelector'), function(){d(a),f(function(){d(null)},0);var e=i.apply(this,arguments);return d(null),e}
[2025-09-20 15:46:46.963] LOG - 20:46:46.962Z Executing initial risk management assessment...
[2025-09-20 15:46:46.964] LOG - 20:46:46.962Z Executing initial risk management assessment...
[2025-09-20 15:46:46.966] ERROR - 20:46:46.962Z getTableData function not found
[2025-09-20 15:46:46.967] ERROR - 20:46:46.962Z getTableData function not found
[2025-09-20 15:46:46.967] ERROR - 20:46:46.962Z updateUserColumnPhaseStatus function not found
[2025-09-20 15:46:46.968] ERROR - 20:46:46.962Z updateUserColumnPhaseStatus function not found
[2025-09-20 15:46:46.968] ERROR - 20:46:46.963Z performAccountActions function not found
[2025-09-20 15:46:46.969] ERROR - 20:46:46.963Z performAccountActions function not found
[2025-09-20 15:46:46.969] LOG - 20:46:46.963Z Risk management assessment completed
[2025-09-20 15:46:46.970] LOG - 20:46:46.963Z Risk management assessment completed
[2025-09-20 15:46:58.545] LOG - 20:46:58.543Z Quantity input changed to: 1
[2025-09-20 15:46:58.547] LOG - 20:46:58.543Z Quantity input changed to: 1
[2025-09-20 15:46:58.548] LOG - 20:46:58.544Z TP input changed to: 100
[2025-09-20 15:46:58.548] LOG - 20:46:58.544Z TP input changed to: 100
[2025-09-20 15:46:58.549] LOG - 20:46:58.544Z SL input changed to: 40
[2025-09-20 15:46:58.550] LOG - 20:46:58.544Z SL input changed to: 40
[2025-09-20 15:46:58.550] LOG - 20:46:58.545Z Calculated TP: 120 (SL × 3)
[2025-09-20 15:46:58.551] LOG - 20:46:58.545Z Calculated TP: 120 (SL × 3)
[2025-09-20 15:46:58.551] LOG - 20:46:58.545Z Tick size input changed to: 0.25
[2025-09-20 15:46:58.551] LOG - 20:46:58.545Z Tick size input changed to: 0.25
[2025-09-20 15:46:58.551] LOG - 20:46:58.545Z Trade control updates complete: [object Object]
[2025-09-20 15:46:58.552] LOG - 20:46:58.545Z Trade control updates complete:
[2025-09-20 15:47:01.085] LOG - 20:47:01.084Z autoTrade called with: symbol=NQ, qty=1, action=Sell, TP=100, SL=40, tickSize=0.25
[2025-09-20 15:47:01.086] LOG - 20:47:01.084Z autoTrade called with: symbol=NQ, qty=1, action=Sell, TP=100, SL=40, tickSize=0.25
[2025-09-20 15:47:01.086] LOG - 20:47:01.084Z Using symbol: NQ
[2025-09-20 15:47:01.087] LOG - 20:47:01.084Z Using symbol: NQ
[2025-09-20 15:47:01.089] LOG - 20:47:01.084Z Root symbol: NQ
[2025-09-20 15:47:01.089] LOG - 20:47:01.084Z Root symbol: NQ
[2025-09-20 15:47:01.090] LOG - 20:47:01.084Z Using tick size 0.25 (from dictionary)
[2025-09-20 15:47:01.091] LOG - 20:47:01.084Z Using tick size 0.25 (from dictionary)
[2025-09-20 15:47:01.092] LOG - 20:47:01.084Z Using SL: 40 ticks, TP: 100 ticks
[2025-09-20 15:47:01.093] LOG - 20:47:01.084Z Using SL: 40 ticks, TP: 100 ticks
[2025-09-20 15:47:01.094] LOG - 20:47:01.084Z Getting market data for NQ
[2025-09-20 15:47:01.094] LOG - 20:47:01.084Z Getting market data for NQ
[2025-09-20 15:47:01.095] LOG - 20:47:01.085Z getMarketData called for: "NQ"
[2025-09-20 15:47:01.096] LOG - 20:47:01.085Z getMarketData called for: "NQ"
[2025-09-20 15:47:01.097] LOG - 20:47:01.085Z getFrontQuarter called for root: "NQ"
[2025-09-20 15:47:01.098] LOG - 20:47:01.085Z getFrontQuarter called for root: "NQ"
[2025-09-20 15:47:01.099] LOG - 20:47:01.085Z getQuarterlyCode called with date: 2025-09-20T20:47:01.085Z
[2025-09-20 15:47:01.100] LOG - 20:47:01.085Z getQuarterlyCode called with date: 2025-09-20T20:47:01.085Z
[2025-09-20 15:47:01.101] LOG - 20:47:01.085Z Current month index: 8
[2025-09-20 15:47:01.102] LOG - 20:47:01.085Z Current month index: 8
[2025-09-20 15:47:01.103] LOG - 20:47:01.085Z Starting calculation with year=2025, month=8
[2025-09-20 15:47:01.104] LOG - 20:47:01.085Z Starting calculation with year=2025, month=8
[2025-09-20 15:47:01.105] LOG - 20:47:01.085Z Calculated quarterly code: letter=Z, yearDigit=5
[2025-09-20 15:47:01.106] LOG - 20:47:01.085Z Calculated quarterly code: letter=Z, yearDigit=5
[2025-09-20 15:47:01.107] LOG - 20:47:01.085Z Got quarterly code: letter=Z, yearDigit=5
[2025-09-20 15:47:01.108] LOG - 20:47:01.085Z Got quarterly code: letter=Z, yearDigit=5
[2025-09-20 15:47:01.108] LOG - 20:47:01.085Z Returning front quarter symbol: "NQZ5"
[2025-09-20 15:47:01.109] LOG - 20:47:01.085Z Returning front quarter symbol: "NQZ5"
[2025-09-20 15:47:01.110] LOG - 20:47:01.085Z Using symbol: "NQZ5" for market data lookup
[2025-09-20 15:47:01.110] LOG - 20:47:01.085Z Using symbol: "NQZ5" for market data lookup
[2025-09-20 15:47:01.111] LOG - 20:47:01.086Z Extracted prices for NQZ5: bid=, offer=
[2025-09-20 15:47:01.112] LOG - 20:47:01.086Z Extracted prices for NQZ5: bid=, offer=
[2025-09-20 15:47:01.113] LOG - 20:47:01.086Z Market data: [object Object]
[2025-09-20 15:47:01.114] LOG - 20:47:01.086Z Market data:
[2025-09-20 15:47:01.114] LOG - 20:47:01.086Z Market price: NaN (bid price)
[2025-09-20 15:47:01.115] LOG - 20:47:01.086Z Market price: NaN (bid price)
[2025-09-20 15:47:01.115] LOG - 20:47:01.086Z No custom entry price provided, using market order at NaN
[2025-09-20 15:47:01.116] LOG - 20:47:01.086Z No custom entry price provided, using market order at NaN
[2025-09-20 15:47:01.116] LOG - 20:47:01.086Z Using price precision: 2 decimal places
[2025-09-20 15:47:01.117] LOG - 20:47:01.086Z Using price precision: 2 decimal places
[2025-09-20 15:47:01.117] LOG - 20:47:01.086Z Calculated SL price: NaN (entry + 40 ticks)
[2025-09-20 15:47:01.118] LOG - 20:47:01.086Z Calculated SL price: NaN (entry + 40 ticks)
[2025-09-20 15:47:01.119] LOG - 20:47:01.086Z Calculated TP price: NaN (entry - 100 ticks)
[2025-09-20 15:47:01.119] LOG - 20:47:01.086Z Calculated TP price: NaN (entry - 100 ticks)
[2025-09-20 15:47:01.120] LOG - 20:47:01.086Z Trade data prepared: [object Object]
[2025-09-20 15:47:01.120] LOG - 20:47:01.086Z Trade data prepared:
[2025-09-20 15:47:01.121] LOG - 20:47:01.086Z Submitting bracket orders
[2025-09-20 15:47:01.121] LOG - 20:47:01.086Z Submitting bracket orders
[2025-09-20 15:47:01.122] LOG - 20:47:01.086Z Creating bracket orders with data: [object Object]
[2025-09-20 15:47:01.122] LOG - 20:47:01.086Z Creating bracket orders with data:
[2025-09-20 15:47:01.123] LOG - 20:47:01.087Z TP enabled: true, SL enabled: true
[2025-09-20 15:47:01.123] LOG - 20:47:01.087Z TP enabled: true, SL enabled: true
[2025-09-20 15:47:01.124] LOG - 20:47:01.087Z Submitting initial MARKET order
[2025-09-20 15:47:01.124] LOG - 20:47:01.087Z Submitting initial MARKET order
[2025-09-20 15:47:01.124] LOG - 20:47:01.087Z Setting common order fields
[2025-09-20 15:47:01.125] LOG - 20:47:01.087Z Setting common order fields
[2025-09-20 15:47:01.125] LOG - 20:47:01.087Z Setting action to: Sell
[2025-09-20 15:47:01.125] LOG - 20:47:01.087Z Setting action to: Sell
[2025-09-20 15:47:01.125] LOG - 20:47:01.087Z Found 9 action labels
[2025-09-20 15:47:01.125] LOG - 20:47:01.087Z Found 9 action labels
[2025-09-20 15:47:01.125] LOG - 20:47:01.087Z Clicking Sell label
[2025-09-20 15:47:01.125] LOG - 20:47:01.087Z Clicking Sell label
[2025-09-20 15:47:01.126] LOG - 20:47:01.100Z Setting quantity to: 1
[2025-09-20 15:47:01.126] LOG - 20:47:01.100Z Setting quantity to: 1
[2025-09-20 15:47:01.126] LOG - 20:47:01.102Z Delaying for 250ms
[2025-09-20 15:47:01.126] LOG - 20:47:01.102Z Delaying for 250ms
[2025-09-20 15:47:01.362] LOG - 20:47:01.362Z Delaying for 200ms
[2025-09-20 15:47:01.363] LOG - 20:47:01.362Z Delaying for 200ms
[2025-09-20 15:47:01.586] LOG - 20:47:01.563Z 
[2025-09-20 15:47:01.588] LOG - 20:47:01.563Z
[2025-09-20 15:47:01.588] LOG - 20:47:01.563Z 🔄 CAPTURING TRADOVATE ORDER FEEDBACK...
[2025-09-20 15:47:01.590] LOG - 20:47:01.563Z 🔄 CAPTURING TRADOVATE ORDER FEEDBACK...
[2025-09-20 15:47:01.590] LOG - 20:47:01.563Z Delaying for 500ms
[2025-09-20 15:47:01.603] LOG - 20:47:01.563Z Delaying for 500ms
[2025-09-20 15:47:02.067] LOG - 20:47:02.065Z ❌ Order history div not found - no feedback to capture
[2025-09-20 15:47:02.068] LOG - 20:47:02.065Z ❌ Order history div not found - no feedback to capture
[2025-09-20 15:47:02.068] LOG - 20:47:02.065Z Delaying for 200ms
[2025-09-20 15:47:02.068] LOG - 20:47:02.065Z Delaying for 200ms
[2025-09-20 15:47:02.269] LOG - 20:47:02.266Z Flipping action to Buy for TP/SL orders
[2025-09-20 15:47:02.271] LOG - 20:47:02.266Z Flipping action to Buy for TP/SL orders
[2025-09-20 15:47:02.271] LOG - 20:47:02.266Z Creating take profit order at NaN
[2025-09-20 15:47:02.272] LOG - 20:47:02.266Z Creating take profit order at NaN
[2025-09-20 15:47:02.274] LOG - 20:47:02.266Z Setting common order fields
[2025-09-20 15:47:02.275] LOG - 20:47:02.266Z Setting common order fields
[2025-09-20 15:47:02.275] LOG - 20:47:02.266Z Setting action to: Buy
[2025-09-20 15:47:02.276] LOG - 20:47:02.266Z Setting action to: Buy
[2025-09-20 15:47:02.277] LOG - 20:47:02.266Z Found 9 action labels
[2025-09-20 15:47:02.277] LOG - 20:47:02.266Z Found 9 action labels
[2025-09-20 15:47:02.278] LOG - 20:47:02.267Z Clicking Buy label
[2025-09-20 15:47:02.279] LOG - 20:47:02.267Z Clicking Buy label
[2025-09-20 15:47:02.280] LOG - 20:47:02.277Z Setting quantity to: 1
[2025-09-20 15:47:02.280] LOG - 20:47:02.277Z Setting quantity to: 1
[2025-09-20 15:47:02.281] LOG - 20:47:02.279Z Delaying for 250ms
[2025-09-20 15:47:02.281] LOG - 20:47:02.279Z Delaying for 250ms
[2025-09-20 15:47:02.551] LOG - 20:47:02.550Z Delaying for 250ms
[2025-09-20 15:47:02.551] LOG - 20:47:02.550Z Delaying for 250ms
[2025-09-20 15:47:02.811] LOG - 20:47:02.810Z Delaying for 250ms
[2025-09-20 15:47:02.811] LOG - 20:47:02.810Z Delaying for 250ms
[2025-09-20 15:47:03.071] LOG - 20:47:03.070Z Delaying for 250ms
[2025-09-20 15:47:03.071] LOG - 20:47:03.070Z Delaying for 250ms
[2025-09-20 15:47:03.374] LOG - 20:47:03.340Z Delaying for 200ms
[2025-09-20 15:47:03.376] LOG - 20:47:03.340Z Delaying for 200ms
[2025-09-20 15:47:03.543] LOG - 20:47:03.541Z 
[2025-09-20 15:47:03.551] LOG - 20:47:03.541Z
[2025-09-20 15:47:03.551] LOG - 20:47:03.542Z 🔄 CAPTURING TRADOVATE ORDER FEEDBACK...
[2025-09-20 15:47:03.551] LOG - 20:47:03.542Z 🔄 CAPTURING TRADOVATE ORDER FEEDBACK...
[2025-09-20 15:47:03.551] LOG - 20:47:03.542Z Delaying for 500ms
[2025-09-20 15:47:03.552] LOG - 20:47:03.542Z Delaying for 500ms
[2025-09-20 15:47:04.044] LOG - 20:47:04.043Z ❌ Order history div not found - no feedback to capture
[2025-09-20 15:47:04.045] LOG - 20:47:04.043Z ❌ Order history div not found - no feedback to capture
[2025-09-20 15:47:04.045] LOG - 20:47:04.043Z Delaying for 200ms
[2025-09-20 15:47:04.045] LOG - 20:47:04.043Z Delaying for 200ms
[2025-09-20 15:47:04.246] LOG - 20:47:04.244Z Creating stop loss order at NaN
[2025-09-20 15:47:04.248] LOG - 20:47:04.244Z Creating stop loss order at NaN
[2025-09-20 15:47:04.248] LOG - 20:47:04.245Z Setting common order fields
[2025-09-20 15:47:04.248] LOG - 20:47:04.245Z Setting common order fields
[2025-09-20 15:47:04.249] LOG - 20:47:04.245Z Setting action to: Buy
[2025-09-20 15:47:04.249] LOG - 20:47:04.245Z Setting action to: Buy
[2025-09-20 15:47:04.249] LOG - 20:47:04.245Z Found 9 action labels
[2025-09-20 15:47:04.249] LOG - 20:47:04.245Z Found 9 action labels
[2025-09-20 15:47:04.250] LOG - 20:47:04.245Z Clicking Buy label
[2025-09-20 15:47:04.250] LOG - 20:47:04.245Z Clicking Buy label
[2025-09-20 15:47:04.250] LOG - 20:47:04.246Z Setting quantity to: 1
[2025-09-20 15:47:04.250] LOG - 20:47:04.246Z Setting quantity to: 1
[2025-09-20 15:47:04.250] LOG - 20:47:04.247Z Delaying for 250ms
[2025-09-20 15:47:04.250] LOG - 20:47:04.247Z Delaying for 250ms
[2025-09-20 15:47:04.520] LOG - 20:47:04.519Z Delaying for 250ms
[2025-09-20 15:47:04.520] LOG - 20:47:04.519Z Delaying for 250ms
[2025-09-20 15:47:04.779] LOG - 20:47:04.778Z Delaying for 250ms
[2025-09-20 15:47:04.779] LOG - 20:47:04.778Z Delaying for 250ms
[2025-09-20 15:47:05.037] LOG - 20:47:05.036Z Delaying for 250ms
[2025-09-20 15:47:05.038] LOG - 20:47:05.036Z Delaying for 250ms
[2025-09-20 15:47:05.304] LOG - 20:47:05.303Z Delaying for 200ms
[2025-09-20 15:47:05.304] LOG - 20:47:05.303Z Delaying for 200ms
[2025-09-20 15:47:05.510] LOG - 20:47:05.507Z 
[2025-09-20 15:47:05.510] LOG - 20:47:05.507Z
[2025-09-20 15:47:05.511] LOG - 20:47:05.507Z 🔄 CAPTURING TRADOVATE ORDER FEEDBACK...
[2025-09-20 15:47:05.511] LOG - 20:47:05.507Z 🔄 CAPTURING TRADOVATE ORDER FEEDBACK...
[2025-09-20 15:47:05.511] LOG - 20:47:05.508Z Delaying for 500ms
[2025-09-20 15:47:05.511] LOG - 20:47:05.508Z Delaying for 500ms
[2025-09-20 15:47:06.010] LOG - 20:47:06.008Z ❌ Order history div not found - no feedback to capture
[2025-09-20 15:47:06.011] LOG - 20:47:06.008Z ❌ Order history div not found - no feedback to capture
[2025-09-20 15:47:06.011] LOG - 20:47:06.009Z Delaying for 200ms
[2025-09-20 15:47:06.011] LOG - 20:47:06.009Z Delaying for 200ms
[2025-09-20 15:47:06.211] LOG - 20:47:06.209Z Bracket order creation complete
[2025-09-20 15:47:06.211] LOG - 20:47:06.209Z Bracket order creation complete
