[2025-09-20 15:30:05.561] LOG - 20:30:05.559Z Starting login process for: zenex3298@gmail.com
[2025-09-20 15:30:05.562] LOG - 20:30:05.559Z Starting login process for: zenex3298@gmail.com
[2025-09-20 15:30:05.563] LOG - 20:30:05.560Z Auto login function executing for: zenex3298@gmail.com
[2025-09-20 15:30:05.563] LOG - 20:30:05.560Z Auto login function executing for: zenex3298@gmail.com
[2025-09-20 15:30:05.564] LOG - 20:30:05.560Z Login form found, filling credentials...
[2025-09-20 15:30:05.564] LOG - 20:30:05.560Z Login form found, filling credentials...
[2025-09-20 15:30:05.686] LOG - 20:30:05.586Z Test element added to DOM
[2025-09-20 15:30:05.687] LOG - 20:30:05.586Z Test element added to DOM
[2025-09-20 15:30:05.689] LOG - 20:30:05.687Z All browser alerts and confirmations have been disabled
[2025-09-20 15:30:05.690] LOG - 20:30:05.687Z All browser alerts and confirmations have been disabled
[2025-09-20 15:30:06.074] LOG - 20:30:06.072Z Clicking login button...
[2025-09-20 15:30:06.074] LOG - 20:30:06.072Z Clicking login button...
[2025-09-20 15:30:06.084] LOG - 20:30:06.081Z authentication starting
[2025-09-20 15:30:06.084] LOG - 20:30:06.081Z authentication starting
[2025-09-20 15:30:06.387] warning - The AudioContext was not allowed to start. It must be resumed (or created) after a user gesture on the page. https://developer.chrome.com/blog/autoplay/#web_audio
[2025-09-20 15:30:06.388] LOG - 20:30:06.371Z Watching for account selection page...
[2025-09-20 15:30:06.390] LOG - 20:30:06.371Z Watching for account selection page...
[2025-09-20 15:30:06.654] LOG - 20:30:06.652Z Access token will be renewed in 75 minutes; expired: Sat Sep 20 2025 16:50:06 GMT-0500 (Central Daylight Time), now: Sat Sep 20 2025 15:30:06 GMT-0500 (Central Daylight Time)
[2025-09-20 15:30:06.654] LOG - 20:30:06.652Z Access token will be renewed in 75 minutes; expired: Sat Sep 20 2025 16:50:06 GMT-0500 (Central Daylight Time), now: Sat Sep 20 2025 15:30:06 GMT-0500 (Central Daylight Time)
[2025-09-20 15:30:06.959] error - Access to XMLHttpRequest at 'https://app.launchdarkly.com/sdk/evalx/66cdf5b9cf61891061b4e437/contexts/eyJraW5kIjoidXNlciIsImtleSI6IjQ2NTYwMjciLCJkZXZpY2UiOiJkZXNrdG9wIiwidXNlcklkIjo0NjU2MDI3LCJpcENvdW50cnkiOiJVUyIsIm9yZ05hbWUiOiJURFYiLCJuYW1lIjoiWmVuZXgzMjk4IiwibGFuZGluZ1BhcmFtcyI6IiJ9' from origin 'https://trader.tradovate.com' has been blocked by CORS policy: No 'Access-Control-Allow-Origin' header is present on the requested resource.
[2025-09-20 15:30:06.960] ERROR - 20:30:06.959Z [LaunchDarkly] network error (Error)
[2025-09-20 15:30:06.960] ERROR - 20:30:06.959Z [LaunchDarkly] network error (Error)
[2025-09-20 15:30:06.961] error - Failed to load resource: net::ERR_FAILED
[2025-09-20 15:30:06.972] ERROR - Exception: t
[2025-09-20 15:30:07.000] error - Access to XMLHttpRequest at 'https://app.launchdarkly.com/sdk/evalx/66cdf5b9cf61891061b4e437/contexts/eyJraW5kIjoidXNlciIsImtleSI6IjQ2NTYwMjciLCJkZXZpY2UiOiJkZXNrdG9wIiwidXNlcklkIjo0NjU2MDI3LCJpcENvdW50cnkiOiJVUyIsIm9yZ05hbWUiOiJURFYiLCJuYW1lIjoiWmVuZXgzMjk4IiwibGFuZGluZ1BhcmFtcyI6IiJ9' from origin 'https://trader.tradovate.com' has been blocked by CORS policy: No 'Access-Control-Allow-Origin' header is present on the requested resource.
[2025-09-20 15:30:07.001] ERROR - 20:30:06.999Z [LaunchDarkly] network error (Error)
[2025-09-20 15:30:07.001] ERROR - 20:30:06.999Z [LaunchDarkly] network error (Error)
[2025-09-20 15:30:07.001] error - Failed to load resource: net::ERR_FAILED
[2025-09-20 15:30:07.002] ERROR - Exception: t
[2025-09-20 15:30:07.372] LOG - 20:30:07.371Z Account selection page detected, clicking button...
[2025-09-20 15:30:07.372] LOG - 20:30:07.371Z Account selection page detected, clicking button...
[2025-09-20 15:30:07.528] LOG - 20:30:07.504Z Access token will be renewed in 75 minutes; expired: Sat Sep 20 2025 16:50:06 GMT-0500 (Central Daylight Time), now: Sat Sep 20 2025 15:30:07 GMT-0500 (Central Daylight Time)
[2025-09-20 15:30:07.528] LOG - 20:30:07.504Z Access token will be renewed in 75 minutes; expired: Sat Sep 20 2025 16:50:06 GMT-0500 (Central Daylight Time), now: Sat Sep 20 2025 15:30:07 GMT-0500 (Central Daylight Time)
[2025-09-20 15:30:07.599] error - Refused to connect to 'https://bat.bing.com/actionp/0?ti=26330043&Ver=2&mid=8bb17892-562c-414a-a438-3ef22f71762a&bo=2&sid=49ffa650964611f0b1c77d72422fc1b9&vid=99c3288092fe11f0bc7275adc39e6add&vids=0&msclkid=N&evt=pageHide' because it violates the following Content Security Policy directive: "connect-src wss://*.tradovate.com https://*.tradovate.com https://*.ntinnolab.com https://*.devel.ninjatrader.dev https://*.staging.ninjatrader.dev https://*.uat.ninjatrader.dev wss://*.ntinnolab.com wss://*.devel.ninjatrader.dev wss://*.staging.ninjatrader.dev wss://*.uat.ninjatrader.dev wss://*.tradovateapi.com https://*.tradovateapi.com https://*.ninjatrader.com https://cdn.walkme.com https://ec.walkme.com https://sessions.bugsnag.com https://notify.bugsnag.com https://*.plaid.com https://*.yodlee.com https://tradovate.zendesk.com https://rollout.ada.support https://static.ada.support https://ninjatrader.ada.support https://tradovate.ada.support https://ninjatrader-eap.ada.support/ https://demo-ninjatrader-gr.ada.support/ https://tradovate-gen.ada.support/ https://api.stripe.com https://apiproxy.ninjatrader.com https://apiproxy-d.ninjatrader.com https://us-autocomplete-pro.api.smartystreets.com https://international-autocomplete.api.smarty.com https://maps.googleapis.com https://accounts.google.com/ https://www.google.com https://www.googletagmanager.com/ https://*.browser-intake-datadoghq.com https://scripts.neuro-id.com https://receiver.neuroid.cloud https://logs.neuro-id.com https://firebaseinstallations.googleapis.com/ https://firebaseremoteconfig.googleapis.com/ https://logx.optimizely.com https://*.optimizely.com wss://mpsnare.iesnare.com wss://ci-mpsnare.iovation.com https://*.iovation.com/ https://*.reddit.com  https://www.redditstatic.com https://*.taboola.com https://*.launchdarkly.com https://*.alloy.co https://*.maze.co https://www.google-analytics.com https://analytics.google.com https://www.googletagmanager.com/ https://api.hubapi.com https://forms.hubspot.com https://stats.g.doubleclick.net https://alb.reddit.com https://analytics.twitter.com https://heapanalytics.com https://*.auryc.com https://*.contentsquare.net https://siteintercept.qualtrics.com https://api.userway.org/".

[2025-09-20 15:30:07.600] INFO - 20:30:07.598Z visibilitychange: hidden, gd: 1000
[2025-09-20 15:30:07.601] INFO - 20:30:07.598Z visibilitychange: hidden, gd: 1000
[2025-09-20 15:30:07.601] WARNING - 20:30:07.599Z [LaunchDarkly] Error on stream connection: {"isTrusted":true}, will continue retrying after 743 milliseconds.
[2025-09-20 15:30:07.602] WARNING - 20:30:07.599Z [LaunchDarkly] Error on stream connection: {"isTrusted":true}, will continue retrying after 743 milliseconds.
[2025-09-20 15:30:07.602] INFO - 20:30:07.599Z [LaunchDarkly] Closing stream connection
[2025-09-20 15:30:07.603] INFO - 20:30:07.599Z [LaunchDarkly] Closing stream connection
[2025-09-20 15:30:07.952] WARNING - Duplicate atom key "locale". This is a FATAL ERROR in
      production. But it is safe to ignore this warning if it occurred because of
      hot module replacement.
[2025-09-20 15:30:07.953] WARNING - Duplicate atom key "locale". This is a FATAL ERROR in
      production. But it is safe to ignore this warning if it occurred because of
      hot module replacement.
[2025-09-20 15:30:07.956] WARNING - Duplicate atom key "muiTheme". This is a FATAL ERROR in
      production. But it is safe to ignore this warning if it occurred because of
      hot module replacement.
[2025-09-20 15:30:07.957] WARNING - Duplicate atom key "muiTheme". This is a FATAL ERROR in
      production. But it is safe to ignore this warning if it occurred because of
      hot module replacement.
[2025-09-20 15:30:07.958] WARNING - Duplicate atom key "appLinksFooter". This is a FATAL ERROR in
      production. But it is safe to ignore this warning if it occurred because of
      hot module replacement.
[2025-09-20 15:30:07.959] WARNING - Duplicate atom key "appLinksFooter". This is a FATAL ERROR in
      production. But it is safe to ignore this warning if it occurred because of
      hot module replacement.
[2025-09-20 15:30:07.960] WARNING - Duplicate atom key "currentUserId2". This is a FATAL ERROR in
      production. But it is safe to ignore this warning if it occurred because of
      hot module replacement.
[2025-09-20 15:30:07.961] WARNING - Duplicate atom key "currentUserId2". This is a FATAL ERROR in
      production. But it is safe to ignore this warning if it occurred because of
      hot module replacement.
[2025-09-20 15:30:07.962] WARNING - Duplicate atom key "onboardingInProgress". This is a FATAL ERROR in
      production. But it is safe to ignore this warning if it occurred because of
      hot module replacement.
[2025-09-20 15:30:07.963] WARNING - Duplicate atom key "onboardingInProgress". This is a FATAL ERROR in
      production. But it is safe to ignore this warning if it occurred because of
      hot module replacement.
[2025-09-20 15:30:07.964] WARNING - Duplicate atom key "editing". This is a FATAL ERROR in
      production. But it is safe to ignore this warning if it occurred because of
      hot module replacement.
[2025-09-20 15:30:07.966] WARNING - Duplicate atom key "editing". This is a FATAL ERROR in
      production. But it is safe to ignore this warning if it occurred because of
      hot module replacement.
[2025-09-20 15:30:07.966] WARNING - Duplicate atom key "infoMessage". This is a FATAL ERROR in
      production. But it is safe to ignore this warning if it occurred because of
      hot module replacement.
[2025-09-20 15:30:07.967] WARNING - Duplicate atom key "infoMessage". This is a FATAL ERROR in
      production. But it is safe to ignore this warning if it occurred because of
      hot module replacement.
[2025-09-20 15:30:07.969] WARNING - Duplicate atom key "browserWarning". This is a FATAL ERROR in
      production. But it is safe to ignore this warning if it occurred because of
      hot module replacement.
[2025-09-20 15:30:07.970] WARNING - Duplicate atom key "browserWarning". This is a FATAL ERROR in
      production. But it is safe to ignore this warning if it occurred because of
      hot module replacement.
[2025-09-20 15:30:07.971] WARNING - Duplicate atom key "clockWarning". This is a FATAL ERROR in
      production. But it is safe to ignore this warning if it occurred because of
      hot module replacement.
[2025-09-20 15:30:07.972] WARNING - Duplicate atom key "clockWarning". This is a FATAL ERROR in
      production. But it is safe to ignore this warning if it occurred because of
      hot module replacement.
[2025-09-20 15:30:07.973] WARNING - Duplicate atom key "breakpoint". This is a FATAL ERROR in
      production. But it is safe to ignore this warning if it occurred because of
      hot module replacement.
[2025-09-20 15:30:07.973] WARNING - Duplicate atom key "breakpoint". This is a FATAL ERROR in
      production. But it is safe to ignore this warning if it occurred because of
      hot module replacement.
[2025-09-20 15:30:07.974] WARNING - Duplicate atom key "inMobileRange". This is a FATAL ERROR in
      production. But it is safe to ignore this warning if it occurred because of
      hot module replacement.
[2025-09-20 15:30:07.975] WARNING - Duplicate atom key "inMobileRange". This is a FATAL ERROR in
      production. But it is safe to ignore this warning if it occurred because of
      hot module replacement.
[2025-09-20 15:30:07.976] WARNING - Duplicate atom key "gridSpacing". This is a FATAL ERROR in
      production. But it is safe to ignore this warning if it occurred because of
      hot module replacement.
[2025-09-20 15:30:07.977] WARNING - Duplicate atom key "gridSpacing". This is a FATAL ERROR in
      production. But it is safe to ignore this warning if it occurred because of
      hot module replacement.
[2025-09-20 15:30:07.977] WARNING - Duplicate atom key "login". This is a FATAL ERROR in
      production. But it is safe to ignore this warning if it occurred because of
      hot module replacement.
[2025-09-20 15:30:07.977] WARNING - Duplicate atom key "login". This is a FATAL ERROR in
      production. But it is safe to ignore this warning if it occurred because of
      hot module replacement.
[2025-09-20 15:30:07.977] WARNING - Duplicate atom key "error". This is a FATAL ERROR in
      production. But it is safe to ignore this warning if it occurred because of
      hot module replacement.
[2025-09-20 15:30:07.978] WARNING - Duplicate atom key "error". This is a FATAL ERROR in
      production. But it is safe to ignore this warning if it occurred because of
      hot module replacement.
[2025-09-20 15:30:07.978] WARNING - Duplicate atom key "contactInfos2". This is a FATAL ERROR in
      production. But it is safe to ignore this warning if it occurred because of
      hot module replacement.
[2025-09-20 15:30:07.978] WARNING - Duplicate atom key "contactInfos2". This is a FATAL ERROR in
      production. But it is safe to ignore this warning if it occurred because of
      hot module replacement.
[2025-09-20 15:30:07.978] WARNING - Duplicate atom key "individualApplicantsTimestamp". This is a FATAL ERROR in
      production. But it is safe to ignore this warning if it occurred because of
      hot module replacement.
[2025-09-20 15:30:07.978] WARNING - Duplicate atom key "individualApplicantsTimestamp". This is a FATAL ERROR in
      production. But it is safe to ignore this warning if it occurred because of
      hot module replacement.
[2025-09-20 15:30:07.978] WARNING - Duplicate atom key "customerApplication". This is a FATAL ERROR in
      production. But it is safe to ignore this warning if it occurred because of
      hot module replacement.
[2025-09-20 15:30:07.978] WARNING - Duplicate atom key "customerApplication". This is a FATAL ERROR in
      production. But it is safe to ignore this warning if it occurred because of
      hot module replacement.
[2025-09-20 15:30:07.978] WARNING - Duplicate atom key "individualApplicants". This is a FATAL ERROR in
      production. But it is safe to ignore this warning if it occurred because of
      hot module replacement.
[2025-09-20 15:30:07.978] WARNING - Duplicate atom key "individualApplicants". This is a FATAL ERROR in
      production. But it is safe to ignore this warning if it occurred because of
      hot module replacement.
[2025-09-20 15:30:07.979] WARNING - Duplicate atom key "clearingHouses". This is a FATAL ERROR in
      production. But it is safe to ignore this warning if it occurred because of
      hot module replacement.
[2025-09-20 15:30:07.979] WARNING - Duplicate atom key "clearingHouses". This is a FATAL ERROR in
      production. But it is safe to ignore this warning if it occurred because of
      hot module replacement.
[2025-09-20 15:30:07.979] WARNING - Duplicate atom key "clearXClearingHouse". This is a FATAL ERROR in
      production. But it is safe to ignore this warning if it occurred because of
      hot module replacement.
[2025-09-20 15:30:07.979] WARNING - Duplicate atom key "clearXClearingHouse". This is a FATAL ERROR in
      production. But it is safe to ignore this warning if it occurred because of
      hot module replacement.
[2025-09-20 15:30:07.979] WARNING - Duplicate atom key "applicationClearingHouse". This is a FATAL ERROR in
      production. But it is safe to ignore this warning if it occurred because of
      hot module replacement.
[2025-09-20 15:30:07.979] WARNING - Duplicate atom key "applicationClearingHouse". This is a FATAL ERROR in
      production. But it is safe to ignore this warning if it occurred because of
      hot module replacement.
[2025-09-20 15:30:07.979] WARNING - Duplicate atom key "userLocation". This is a FATAL ERROR in
      production. But it is safe to ignore this warning if it occurred because of
      hot module replacement.
[2025-09-20 15:30:07.979] WARNING - Duplicate atom key "userLocation". This is a FATAL ERROR in
      production. But it is safe to ignore this warning if it occurred because of
      hot module replacement.
[2025-09-20 15:30:07.979] WARNING - Duplicate atom key "savedApplicationsTimestamp". This is a FATAL ERROR in
      production. But it is safe to ignore this warning if it occurred because of
      hot module replacement.
[2025-09-20 15:30:07.980] WARNING - Duplicate atom key "savedApplicationsTimestamp". This is a FATAL ERROR in
      production. But it is safe to ignore this warning if it occurred because of
      hot module replacement.
[2025-09-20 15:30:07.980] WARNING - Duplicate atom key "savedApplications". This is a FATAL ERROR in
      production. But it is safe to ignore this warning if it occurred because of
      hot module replacement.
[2025-09-20 15:30:07.980] WARNING - Duplicate atom key "savedApplications". This is a FATAL ERROR in
      production. But it is safe to ignore this warning if it occurred because of
      hot module replacement.
[2025-09-20 15:30:07.980] WARNING - Duplicate atom key "step". This is a FATAL ERROR in
      production. But it is safe to ignore this warning if it occurred because of
      hot module replacement.
[2025-09-20 15:30:07.980] WARNING - Duplicate atom key "step". This is a FATAL ERROR in
      production. But it is safe to ignore this warning if it occurred because of
      hot module replacement.
[2025-09-20 15:30:07.980] WARNING - Duplicate atom key "checkStates". This is a FATAL ERROR in
      production. But it is safe to ignore this warning if it occurred because of
      hot module replacement.
[2025-09-20 15:30:07.980] WARNING - Duplicate atom key "checkStates". This is a FATAL ERROR in
      production. But it is safe to ignore this warning if it occurred because of
      hot module replacement.
[2025-09-20 15:30:07.980] WARNING - Duplicate atom key "signStates". This is a FATAL ERROR in
      production. But it is safe to ignore this warning if it occurred because of
      hot module replacement.
[2025-09-20 15:30:07.981] WARNING - Duplicate atom key "signStates". This is a FATAL ERROR in
      production. But it is safe to ignore this warning if it occurred because of
      hot module replacement.
[2025-09-20 15:30:07.981] WARNING - Duplicate atom key "wizard". This is a FATAL ERROR in
      production. But it is safe to ignore this warning if it occurred because of
      hot module replacement.
[2025-09-20 15:30:07.981] WARNING - Duplicate atom key "wizard". This is a FATAL ERROR in
      production. But it is safe to ignore this warning if it occurred because of
      hot module replacement.
[2025-09-20 15:30:07.981] WARNING - Duplicate atom key "formBuilder". This is a FATAL ERROR in
      production. But it is safe to ignore this warning if it occurred because of
      hot module replacement.
[2025-09-20 15:30:07.981] WARNING - Duplicate atom key "formBuilder". This is a FATAL ERROR in
      production. But it is safe to ignore this warning if it occurred because of
      hot module replacement.
[2025-09-20 15:30:07.981] WARNING - Duplicate atom key "headerSlot". This is a FATAL ERROR in
      production. But it is safe to ignore this warning if it occurred because of
      hot module replacement.
[2025-09-20 15:30:07.981] WARNING - Duplicate atom key "headerSlot". This is a FATAL ERROR in
      production. But it is safe to ignore this warning if it occurred because of
      hot module replacement.
[2025-09-20 15:30:07.981] WARNING - Duplicate atom key "footerSlot". This is a FATAL ERROR in
      production. But it is safe to ignore this warning if it occurred because of
      hot module replacement.
[2025-09-20 15:30:07.982] WARNING - Duplicate atom key "footerSlot". This is a FATAL ERROR in
      production. But it is safe to ignore this warning if it occurred because of
      hot module replacement.
[2025-09-20 15:30:07.982] WARNING - Duplicate atom key "alloyJourneyToken". This is a FATAL ERROR in
      production. But it is safe to ignore this warning if it occurred because of
      hot module replacement.
[2025-09-20 15:30:07.982] WARNING - Duplicate atom key "alloyJourneyToken". This is a FATAL ERROR in
      production. But it is safe to ignore this warning if it occurred because of
      hot module replacement.
[2025-09-20 15:30:07.982] DEBUG - [bugsnag] Loaded!
[2025-09-20 15:30:07.982] DEBUG - [bugsnag] Loaded!
[2025-09-20 15:30:07.982] INFO - Version 3.250912.0 prod production 
[2025-09-20 15:30:07.982] INFO - Version 3.250912.0 prod production 
[2025-09-20 15:30:07.982] INFO - Time: Sat Sep 20 2025 15:30:07 GMT-0500 (Central Daylight Time)
[2025-09-20 15:30:07.982] INFO - Time:
[2025-09-20 15:30:08.040] LOG - 20:30:08.038Z Try to restore session
[2025-09-20 15:30:08.041] LOG - 20:30:08.038Z Try to restore session
[2025-09-20 15:30:08.041] LOG - 20:30:08.039Z Access token will be renewed in 75 minutes; expired: Sat Sep 20 2025 16:50:06 GMT-0500 (Central Daylight Time), now: Sat Sep 20 2025 15:30:08 GMT-0500 (Central Daylight Time)
[2025-09-20 15:30:08.041] LOG - 20:30:08.039Z Access token will be renewed in 75 minutes; expired: Sat Sep 20 2025 16:50:06 GMT-0500 (Central Daylight Time), now: Sat Sep 20 2025 15:30:08 GMT-0500 (Central Daylight Time)
[2025-09-20 15:30:08.046] WARNING - 20:30:08.045Z [LaunchDarkly] The waitForInitialization function was called without a timeout specified. In a future version a default timeout will be applied.
[2025-09-20 15:30:08.047] WARNING - 20:30:08.045Z [LaunchDarkly] The waitForInitialization function was called without a timeout specified. In a future version a default timeout will be applied.
[2025-09-20 15:30:08.055] INFO - 20:30:08.053Z chart cache state: islands=3, bars=1532
[2025-09-20 15:30:08.055] INFO - 20:30:08.053Z chart cache state: islands=3, bars=1532
[2025-09-20 15:30:08.055] INFO - 20:30:08.054Z Chart history database initialized
[2025-09-20 15:30:08.055] INFO - 20:30:08.054Z Chart history database initialized
[2025-09-20 15:30:08.061] INFO - 20:30:08.060Z [LaunchDarkly] LaunchDarkly client initialized
[2025-09-20 15:30:08.062] INFO - 20:30:08.060Z [LaunchDarkly] LaunchDarkly client initialized
[2025-09-20 15:30:08.062] INFO - 20:30:08.060Z [LaunchDarkly] Opening stream connection to https://clientstream.launchdarkly.com/eval/66cdf5b9cf61891061b4e437/eyJraW5kIjoidXNlciIsImtleSI6InVua25vd24iLCJhbm9ueW1vdXMiOmZhbHNlfQ
[2025-09-20 15:30:08.062] INFO - 20:30:08.060Z [LaunchDarkly] Opening stream connection to https://clientstream.launchdarkly.com/eval/66cdf5b9cf61891061b4e437/eyJraW5kIjoidXNlciIsImtleSI6InVua25vd24iLCJhbm9ueW1vdXMiOmZhbHNlfQ
[2025-09-20 15:30:08.527] error - Access to XMLHttpRequest at 'https://app.launchdarkly.com/sdk/evalx/66cdf5b9cf61891061b4e437/contexts/eyJraW5kIjoidXNlciIsImtleSI6IjQ2NTYwMjciLCJkZXZpY2UiOiJkZXNrdG9wIiwidXNlcklkIjo0NjU2MDI3LCJpcENvdW50cnkiOiJVUyIsIm9yZ05hbWUiOiJURFYiLCJuYW1lIjoiWmVuZXgzMjk4IiwibGFuZGluZ1BhcmFtcyI6IiJ9' from origin 'https://trader.tradovate.com' has been blocked by CORS policy: No 'Access-Control-Allow-Origin' header is present on the requested resource.
[2025-09-20 15:30:08.528] ERROR - 20:30:08.527Z [LaunchDarkly] network error (Error)
[2025-09-20 15:30:08.528] ERROR - 20:30:08.527Z [LaunchDarkly] network error (Error)
[2025-09-20 15:30:08.529] error - Failed to load resource: net::ERR_FAILED
[2025-09-20 15:30:08.533] ERROR - Exception: t
[2025-09-20 15:30:08.602] LOG - 20:30:08.597Z opening https://demo.tradovateapi.com/
[2025-09-20 15:30:08.602] LOG - 20:30:08.597Z opening https://demo.tradovateapi.com/
[2025-09-20 15:30:08.607] LOG - 20:30:08.606Z Hotkeys initialized {"Shift+Digit1":["orders/selectColumns"],"Shift+Digit2":["orders/showFilters"],"Shift+Digit3":["orders/standardTableView"],"Shift+Digit4":["orders/linkedOrdersView"],"Command+Shift+Digit0":["dom-chart/exit-and-cancel"]}
[2025-09-20 15:30:08.607] LOG - 20:30:08.606Z Hotkeys initialized {"Shift+Digit1":["orders/selectColumns"],"Shift+Digit2":["orders/showFilters"],"Shift+Digit3":["orders/standardTableView"],"Shift+Digit4":["orders/linkedOrdersView"],"Command+Shift+Digit0":["dom-chart/exit-and-cancel"]}
[2025-09-20 15:30:08.672] LOG - 20:30:08.671Z websocket opened
[2025-09-20 15:30:08.672] LOG - 20:30:08.671Z websocket opened
[2025-09-20 15:30:08.727] LOG - 20:30:08.725Z opening https://md-demo.tradovateapi.com/
[2025-09-20 15:30:08.727] LOG - 20:30:08.725Z opening https://md-demo.tradovateapi.com/
[2025-09-20 15:30:08.728] LOG - 20:30:08.726Z Connection:  open
[2025-09-20 15:30:08.728] LOG - 20:30:08.726Z Connection:  open
[2025-09-20 15:30:09.696] LOG - 20:30:09.694Z WebGL:  {"isWebGL2":true,"precision":"highp","logarithmicDepthBuffer":false,"maxTextures":16,"maxVertexTextures":16,"maxTextureSize":16384,"maxCubemapSize":16384,"maxAttributes":16,"maxVertexUniforms":1024,"maxVaryings":30,"maxFragmentUniforms":1024,"vertexTextures":true,"floatFragmentTextures":true,"floatVertexTextures":true,"maxSamples":8} , devicePixelRatio:  2
[2025-09-20 15:30:09.699] LOG - 20:30:09.694Z Canvas size: 500 948 dpp:  2
[2025-09-20 15:30:09.713] LOG - 20:30:09.705Z Loading App-level Plugins
[2025-09-20 15:30:09.721] LOG - 20:30:09.705Z Loading App-level Plugins
[2025-09-20 15:30:09.723] LOG - 20:30:09.717Z WebGL:  {"isWebGL2":true,"precision":"highp","logarithmicDepthBuffer":false,"maxTextures":16,"maxVertexTextures":16,"maxTextureSize":16384,"maxCubemapSize":16384,"maxAttributes":16,"maxVertexUniforms":1024,"maxVaryings":30,"maxFragmentUniforms":1024,"vertexTextures":true,"floatFragmentTextures":true,"floatVertexTextures":true,"maxSamples":8} , devicePixelRatio:  2
[2025-09-20 15:30:09.723] LOG - 20:30:09.717Z Canvas size: 500 948 dpp:  2
[2025-09-20 15:30:09.808] LOG - 20:30:09.773Z websocket opened
[2025-09-20 15:30:09.808] LOG - 20:30:09.773Z websocket opened
[2025-09-20 15:30:09.990] LOG - 20:30:09.989Z loadAppLevelPlugins:  [object Object]
[2025-09-20 15:30:09.990] LOG - 20:30:09.989Z loadAppLevelPlugins: 
[2025-09-20 15:30:10.728] LOG - 20:30:10.727Z jailing is in progress
[2025-09-20 15:30:10.729] LOG - 20:30:10.727Z jailing is in progress
[2025-09-20 15:30:10.882] LOG - 20:30:10.881Z pending jailing done. next starts
[2025-09-20 15:30:10.882] LOG - 20:30:10.881Z pending jailing done. next starts
[2025-09-20 15:30:11.811] LOG - 20:30:11.809Z created chart 1
[2025-09-20 15:30:12.044] LOG - 20:30:12.043Z updating the shared isolation
[2025-09-20 15:30:12.045] LOG - 20:30:12.043Z updating the shared isolation
[2025-09-20 15:30:12.055] LOG - 20:30:12.054Z requestChart: {"symbol":"3267312","chartDescription":{"underlyingType":"Tick","elementSize":5000,"elementSizeUnit":"UnderlyingUnits","withHistogram":false},"timeRange":{"asMuchAsElements":300}}
[2025-09-20 15:30:12.114] LOG - 20:30:12.054Z requestChart: {"symbol":"3267312","chartDescription":{"underlyingType":"Tick","elementSize":5000,"elementSizeUnit":"UnderlyingUnits","withHistogram":false},"timeRange":{"asMuchAsElements":300}}
[2025-09-20 15:30:12.115] LOG - 20:30:12.054Z mdMgApi open
[2025-09-20 15:30:12.121] LOG - 20:30:12.054Z mdMgApi open
[2025-09-20 15:30:16.614] LOG - 20:30:16.613Z Auto Order script initialized
[2025-09-20 15:30:16.615] LOG - 20:30:16.613Z Auto Order script initialized
[2025-09-20 15:30:16.615] LOG - 20:30:16.614Z Creating UI...
[2025-09-20 15:30:16.616] LOG - 20:30:16.614Z Creating UI...
[2025-09-20 15:30:16.616] LOG - 20:30:16.614Z Creating UI
[2025-09-20 15:30:16.616] LOG - 20:30:16.614Z Creating UI
[2025-09-20 15:30:16.617] LOG - 20:30:16.615Z Stored values: TP=120, SL=40, Qty=1, Tick=0.25, Symbol=NQ
[2025-09-20 15:30:16.617] LOG - 20:30:16.615Z Stored values: TP=120, SL=40, Qty=1, Tick=0.25, Symbol=NQ
[2025-09-20 15:30:16.618] LOG - 20:30:16.616Z UI container added to DOM
[2025-09-20 15:30:16.618] LOG - 20:30:16.616Z UI container added to DOM
[2025-09-20 15:30:16.619] LOG - 20:30:16.616Z Setting up UI event handlers
[2025-09-20 15:30:16.619] LOG - 20:30:16.616Z Setting up UI event handlers
[2025-09-20 15:30:16.621] LOG - 20:30:16.616Z Setting up persistent settings
[2025-09-20 15:30:16.621] LOG - 20:30:16.616Z Setting up persistent settings
[2025-09-20 15:30:16.622] LOG - 20:30:16.616Z Setting up drag functionality
[2025-09-20 15:30:16.622] LOG - 20:30:16.616Z Setting up drag functionality
[2025-09-20 15:30:16.623] LOG - 20:30:16.617Z Setting up trade buttons
[2025-09-20 15:30:16.624] LOG - 20:30:16.617Z Setting up trade buttons
[2025-09-20 15:30:16.624] LOG - 20:30:16.617Z UI creation complete
[2025-09-20 15:30:16.625] LOG - 20:30:16.617Z UI creation complete
[2025-09-20 15:30:16.626] LOG - 20:30:16.617Z Creating example front-quarter symbol
[2025-09-20 15:30:16.627] LOG - 20:30:16.617Z Creating example front-quarter symbol
[2025-09-20 15:30:16.628] LOG - 20:30:16.617Z getQuarterlyCode called with date: 2025-09-20T20:30:16.617Z
[2025-09-20 15:30:16.628] LOG - 20:30:16.617Z getQuarterlyCode called with date: 2025-09-20T20:30:16.617Z
[2025-09-20 15:30:16.629] LOG - 20:30:16.617Z Current month index: 8
[2025-09-20 15:30:16.630] LOG - 20:30:16.617Z Current month index: 8
[2025-09-20 15:30:16.630] LOG - 20:30:16.617Z Starting calculation with year=2025, month=8
[2025-09-20 15:30:16.631] LOG - 20:30:16.617Z Starting calculation with year=2025, month=8
[2025-09-20 15:30:16.632] LOG - 20:30:16.617Z Calculated quarterly code: letter=Z, yearDigit=5
[2025-09-20 15:30:16.633] LOG - 20:30:16.617Z Calculated quarterly code: letter=Z, yearDigit=5
[2025-09-20 15:30:16.633] LOG - 20:30:16.617Z Example front-quarter symbol created: NQZ5
[2025-09-20 15:30:16.633] LOG - 20:30:16.617Z Example front-quarter symbol created: NQZ5
[2025-09-20 15:30:16.633] LOG - 20:30:16.622Z Auto Risk Management: Running initial risk assessment...
[2025-09-20 15:30:16.633] LOG - 20:30:16.622Z Auto Risk Management: Running initial risk assessment...
[2025-09-20 15:30:16.633] LOG - 20:30:16.623Z [analyzePhase] resetting phaseData
[2025-09-20 15:30:16.633] LOG - 20:30:16.623Z [analyzePhase] resetting phaseData
[2025-09-20 15:30:16.634] LOG - 20:30:16.623Z [analyzePhase] set phase 1 maxActive to 1
[2025-09-20 15:30:16.634] LOG - 20:30:16.623Z [analyzePhase] set phase 1 maxActive to 1
[2025-09-20 15:30:16.634] LOG - 20:30:16.623Z [analyzePhase] increased phase 2 maxActive to 1
[2025-09-20 15:30:16.634] LOG - 20:30:16.623Z [analyzePhase] increased phase 2 maxActive to 1
[2025-09-20 15:30:16.634] LOG - 20:30:16.624Z [updateUserColumnPhaseStatus] Starting...
[2025-09-20 15:30:16.635] LOG - 20:30:16.624Z [updateUserColumnPhaseStatus] Starting...
[2025-09-20 15:30:16.635] LOG - 20:30:16.624Z [updateUserColumnPhaseStatus] Found 1 rows
[2025-09-20 15:30:16.635] LOG - 20:30:16.624Z [updateUserColumnPhaseStatus] Found 1 rows
[2025-09-20 15:30:16.635] LOG - 20:30:16.624Z [updateUserColumnPhaseStatus] Header cells: Account ▲,Total Available Margin,User,Dist Drawdown Net Liq,Dollar Open P L,Dollar Total P L
[2025-09-20 15:30:16.635] LOG - 20:30:16.624Z [updateUserColumnPhaseStatus] Header cells:
[2025-09-20 15:30:16.635] LOG - 20:30:16.624Z [updateUserColumnPhaseStatus] Found User column at index 2
[2025-09-20 15:30:16.635] LOG - 20:30:16.624Z [updateUserColumnPhaseStatus] Found User column at index 2
[2025-09-20 15:30:16.635] LOG - 20:30:16.624Z [updateUserColumnPhaseStatus] Getting table data...
[2025-09-20 15:30:16.636] LOG - 20:30:16.624Z [updateUserColumnPhaseStatus] Getting table data...
[2025-09-20 15:30:16.636] LOG - 20:30:16.624Z [analyzePhase] resetting phaseData
[2025-09-20 15:30:16.636] LOG - 20:30:16.624Z [analyzePhase] resetting phaseData
[2025-09-20 15:30:16.636] LOG - 20:30:16.624Z [analyzePhase] set phase 1 maxActive to 1
[2025-09-20 15:30:16.636] LOG - 20:30:16.624Z [analyzePhase] set phase 1 maxActive to 1
[2025-09-20 15:30:16.636] LOG - 20:30:16.624Z [analyzePhase] increased phase 2 maxActive to 1
[2025-09-20 15:30:16.636] LOG - 20:30:16.624Z [analyzePhase] increased phase 2 maxActive to 1
[2025-09-20 15:30:16.636] LOG - 20:30:16.625Z [updateUserColumnPhaseStatus] Table data: 0 rows
[2025-09-20 15:30:16.636] LOG - 20:30:16.625Z [updateUserColumnPhaseStatus] Table data: 0 rows
[2025-09-20 15:30:16.637] ERROR - 20:30:16.625Z [updateUserColumnPhaseStatus] No data from getTableData()
[2025-09-20 15:30:16.637] ERROR - 20:30:16.625Z [updateUserColumnPhaseStatus] No data from getTableData()
[2025-09-20 15:30:16.656] warning - The AudioContext was not allowed to start. It must be resumed (or created) after a user gesture on the page. https://developer.chrome.com/blog/autoplay/#web_audio
[2025-09-20 15:30:16.657] LOG - 20:30:16.644Z Auto Risk Management: Initial risk assessment completed
[2025-09-20 15:30:16.658] LOG - 20:30:16.644Z Auto Risk Management: Initial risk assessment completed
[2025-09-20 15:30:17.648] LOG - 20:30:17.647Z [analyzePhase] resetting phaseData
[2025-09-20 15:30:17.650] LOG - 20:30:17.647Z [analyzePhase] resetting phaseData
[2025-09-20 15:30:17.651] LOG - 20:30:17.647Z [analyzePhase] set phase 1 maxActive to 1
[2025-09-20 15:30:17.651] LOG - 20:30:17.647Z [analyzePhase] set phase 1 maxActive to 1
[2025-09-20 15:30:17.651] LOG - 20:30:17.647Z [analyzePhase] increased phase 2 maxActive to 1
[2025-09-20 15:30:17.651] LOG - 20:30:17.647Z [analyzePhase] increased phase 2 maxActive to 1
[2025-09-20 15:30:17.651] WARNING - 20:30:17.647Z Error in deferred func: TypeError: Cannot read properties of undefined (reading 'querySelector'), function(){d(a),f(function(){d(null)},0);var e=i.apply(this,arguments);return d(null),e} TypeError: Cannot read properties of undefined (reading 'querySelector'),    at <anonymous>:377:98,    at i.__trace__ (https://cdn.tradovate.com/tradovate/scripts/8623.bc07fac1.js:2:4608552),    at https://cdn.tradovate.com/tradovate/scripts/8623.bc07fac1.js:2:3545147
[2025-09-20 15:30:17.652] WARNING - 20:30:17.647Z Error in deferred func: TypeError: Cannot read properties of undefined (reading 'querySelector'), function(){d(a),f(function(){d(null)},0);var e=i.apply(this,arguments);return d(null),e}
[2025-09-20 15:30:17.661] LOG - 20:30:17.660Z Executing initial risk management assessment...
[2025-09-20 15:30:17.661] LOG - 20:30:17.660Z Executing initial risk management assessment...
[2025-09-20 15:30:17.662] ERROR - 20:30:17.660Z getTableData function not found
[2025-09-20 15:30:17.663] ERROR - 20:30:17.660Z getTableData function not found
[2025-09-20 15:30:17.665] ERROR - 20:30:17.660Z updateUserColumnPhaseStatus function not found
[2025-09-20 15:30:17.666] ERROR - 20:30:17.660Z updateUserColumnPhaseStatus function not found
[2025-09-20 15:30:17.666] ERROR - 20:30:17.660Z performAccountActions function not found
[2025-09-20 15:30:17.667] ERROR - 20:30:17.660Z performAccountActions function not found
[2025-09-20 15:30:17.667] LOG - 20:30:17.660Z Risk management assessment completed
[2025-09-20 15:30:17.668] LOG - 20:30:17.660Z Risk management assessment completed
[2025-09-20 15:30:31.675] INFO - 20:30:31.670Z visibilitychange: hidden, gd: 1000
