[2025-09-24 15:29:02.262] LOG - 20:29:02.259Z Starting login process for: zenex3298@gmail.com
[2025-09-24 15:29:02.262] LOG - 20:29:02.259Z Starting login process for: zenex3298@gmail.com
[2025-09-24 15:29:02.263] LOG - 20:29:02.260Z Auto login function executing for: zenex3298@gmail.com
[2025-09-24 15:29:02.264] LOG - 20:29:02.260Z Auto login function executing for: zenex3298@gmail.com
[2025-09-24 15:29:02.264] LOG - 20:29:02.260Z Login form found, filling credentials...
[2025-09-24 15:29:02.264] LOG - 20:29:02.260Z Login form found, filling credentials...
[2025-09-24 15:29:02.405] LOG - 20:29:02.294Z Test element added to DOM
[2025-09-24 15:29:02.405] LOG - 20:29:02.294Z Test element added to DOM
[2025-09-24 15:29:02.417] LOG - 20:29:02.409Z All browser alerts and confirmations have been disabled
[2025-09-24 15:29:02.419] LOG - 20:29:02.409Z All browser alerts and confirmations have been disabled
[2025-09-24 15:29:02.777] LOG - 20:29:02.776Z Clicking login button...
[2025-09-24 15:29:02.777] LOG - 20:29:02.776Z Clicking login button...
[2025-09-24 15:29:02.787] LOG - 20:29:02.785Z authentication starting
[2025-09-24 15:29:02.789] LOG - 20:29:02.785Z authentication starting
[2025-09-24 15:29:03.241] warning - The AudioContext was not allowed to start. It must be resumed (or created) after a user gesture on the page. https://developer.chrome.com/blog/autoplay/#web_audio
[2025-09-24 15:29:03.244] LOG - 20:29:03.224Z Watching for account selection page...
[2025-09-24 15:29:03.245] LOG - 20:29:03.224Z Watching for account selection page...
[2025-09-24 15:29:03.560] LOG - 20:29:03.558Z Access token will be renewed in 75 minutes; expired: Wed Sep 24 2025 16:49:03 GMT-0500 (Central Daylight Time), now: Wed Sep 24 2025 15:29:03 GMT-0500 (Central Daylight Time)
[2025-09-24 15:29:03.562] LOG - 20:29:03.558Z Access token will be renewed in 75 minutes; expired: Wed Sep 24 2025 16:49:03 GMT-0500 (Central Daylight Time), now: Wed Sep 24 2025 15:29:03 GMT-0500 (Central Daylight Time)
[2025-09-24 15:29:03.838] INFO - 20:29:03.836Z [LaunchDarkly] Closing stream connection
[2025-09-24 15:29:03.843] INFO - 20:29:03.836Z [LaunchDarkly] Closing stream connection
[2025-09-24 15:29:03.845] INFO - 20:29:03.837Z [LaunchDarkly] Opening stream connection to https://clientstream.launchdarkly.com/eval/66cdf5b9cf61891061b4e437/eyJraW5kIjoidXNlciIsImtleSI6IjQ2NTYwMjciLCJkZXZpY2UiOiJkZXNrdG9wIiwidXNlcklkIjo0NjU2MDI3LCJpcENvdW50cnkiOiJVUyIsIm9yZ05hbWUiOiJURFYiLCJuYW1lIjoiWmVuZXgzMjk4IiwibGFuZGluZ1BhcmFtcyI6IiJ9
[2025-09-24 15:29:03.846] INFO - 20:29:03.837Z [LaunchDarkly] Opening stream connection to https://clientstream.launchdarkly.com/eval/66cdf5b9cf61891061b4e437/eyJraW5kIjoidXNlciIsImtleSI6IjQ2NTYwMjciLCJkZXZpY2UiOiJkZXNrdG9wIiwidXNlcklkIjo0NjU2MDI3LCJpcENvdW50cnkiOiJVUyIsIm9yZ05hbWUiOiJURFYiLCJuYW1lIjoiWmVuZXgzMjk4IiwibGFuZGluZ1BhcmFtcyI6IiJ9
[2025-09-24 15:29:03.896] INFO - 20:29:03.895Z [LaunchDarkly] Closing stream connection
[2025-09-24 15:29:03.898] INFO - 20:29:03.895Z [LaunchDarkly] Closing stream connection
[2025-09-24 15:29:03.899] INFO - 20:29:03.895Z [LaunchDarkly] Opening stream connection to https://clientstream.launchdarkly.com/eval/66cdf5b9cf61891061b4e437/eyJraW5kIjoidXNlciIsImtleSI6IjQ2NTYwMjciLCJkZXZpY2UiOiJkZXNrdG9wIiwidXNlcklkIjo0NjU2MDI3LCJpcENvdW50cnkiOiJVUyIsIm9yZ05hbWUiOiJURFYiLCJuYW1lIjoiWmVuZXgzMjk4IiwibGFuZGluZ1BhcmFtcyI6IiJ9
[2025-09-24 15:29:03.900] INFO - 20:29:03.895Z [LaunchDarkly] Opening stream connection to https://clientstream.launchdarkly.com/eval/66cdf5b9cf61891061b4e437/eyJraW5kIjoidXNlciIsImtleSI6IjQ2NTYwMjciLCJkZXZpY2UiOiJkZXNrdG9wIiwidXNlcklkIjo0NjU2MDI3LCJpcENvdW50cnkiOiJVUyIsIm9yZ05hbWUiOiJURFYiLCJuYW1lIjoiWmVuZXgzMjk4IiwibGFuZGluZ1BhcmFtcyI6IiJ9
[2025-09-24 15:29:04.744] LOG - 20:29:04.743Z Account selection page detected, clicking button...
[2025-09-24 15:29:04.744] LOG - 20:29:04.743Z Account selection page detected, clicking button...
[2025-09-24 15:29:04.902] LOG - 20:29:04.878Z Access token will be renewed in 75 minutes; expired: Wed Sep 24 2025 16:49:03 GMT-0500 (Central Daylight Time), now: Wed Sep 24 2025 15:29:04 GMT-0500 (Central Daylight Time)
[2025-09-24 15:29:04.902] LOG - 20:29:04.878Z Access token will be renewed in 75 minutes; expired: Wed Sep 24 2025 16:49:03 GMT-0500 (Central Daylight Time), now: Wed Sep 24 2025 15:29:04 GMT-0500 (Central Daylight Time)
[2025-09-24 15:29:04.963] error - Refused to connect to 'https://bat.bing.com/actionp/0?ti=26330043&Ver=2&mid=dbd5eda2-37cb-4cd1-89f6-c22dffbc72b8&bo=2&sid=e921826097c611f09785499b91a2dd7e&vid=9abf384092fe11f0b30e9fac449e4642&vids=0&msclkid=N&evt=pageHide' because it violates the following Content Security Policy directive: "connect-src wss://*.tradovate.com https://*.tradovate.com https://*.ntinnolab.com https://*.devel.ninjatrader.dev https://*.staging.ninjatrader.dev https://*.uat.ninjatrader.dev wss://*.ntinnolab.com wss://*.devel.ninjatrader.dev wss://*.staging.ninjatrader.dev wss://*.uat.ninjatrader.dev wss://*.tradovateapi.com https://*.tradovateapi.com https://*.ninjatrader.com https://cdn.walkme.com https://ec.walkme.com https://sessions.bugsnag.com https://notify.bugsnag.com https://*.plaid.com https://*.yodlee.com https://tradovate.zendesk.com https://rollout.ada.support https://static.ada.support https://ninjatrader.ada.support https://tradovate.ada.support https://ninjatrader-eap.ada.support/ https://demo-ninjatrader-gr.ada.support/ https://tradovate-gen.ada.support/ https://api.stripe.com https://apiproxy.ninjatrader.com https://apiproxy-d.ninjatrader.com https://us-autocomplete-pro.api.smartystreets.com https://international-autocomplete.api.smarty.com https://maps.googleapis.com https://accounts.google.com/ https://www.google.com https://www.googletagmanager.com/ https://*.browser-intake-datadoghq.com https://scripts.neuro-id.com https://receiver.neuroid.cloud https://logs.neuro-id.com https://firebaseinstallations.googleapis.com/ https://firebaseremoteconfig.googleapis.com/ https://logx.optimizely.com https://*.optimizely.com wss://mpsnare.iesnare.com wss://ci-mpsnare.iovation.com https://*.iovation.com/ https://*.reddit.com  https://www.redditstatic.com https://*.taboola.com https://*.launchdarkly.com https://*.alloy.co https://*.maze.co https://www.google-analytics.com https://analytics.google.com https://www.googletagmanager.com/ https://api.hubapi.com https://forms.hubspot.com https://stats.g.doubleclick.net https://alb.reddit.com https://analytics.twitter.com https://heapanalytics.com https://*.auryc.com https://*.contentsquare.net https://siteintercept.qualtrics.com https://api.userway.org/".

[2025-09-24 15:29:04.964] INFO - 20:29:04.964Z visibilitychange: hidden, gd: 1000
[2025-09-24 15:29:04.965] INFO - 20:29:04.964Z visibilitychange: hidden, gd: 1000
[2025-09-24 15:29:04.969] WARNING - 20:29:04.965Z [LaunchDarkly] Error on stream connection: {"isTrusted":true}, will continue retrying after 727 milliseconds.
[2025-09-24 15:29:04.969] WARNING - 20:29:04.965Z [LaunchDarkly] Error on stream connection: {"isTrusted":true}, will continue retrying after 727 milliseconds.
[2025-09-24 15:29:04.971] INFO - 20:29:04.965Z [LaunchDarkly] Closing stream connection
[2025-09-24 15:29:04.971] INFO - 20:29:04.965Z [LaunchDarkly] Closing stream connection
[2025-09-24 15:29:05.142] WARNING - Duplicate atom key "locale". This is a FATAL ERROR in
      production. But it is safe to ignore this warning if it occurred because of
      hot module replacement.
[2025-09-24 15:29:05.145] WARNING - Duplicate atom key "locale". This is a FATAL ERROR in
      production. But it is safe to ignore this warning if it occurred because of
      hot module replacement.
[2025-09-24 15:29:05.146] WARNING - Duplicate atom key "muiTheme". This is a FATAL ERROR in
      production. But it is safe to ignore this warning if it occurred because of
      hot module replacement.
[2025-09-24 15:29:05.148] WARNING - Duplicate atom key "muiTheme". This is a FATAL ERROR in
      production. But it is safe to ignore this warning if it occurred because of
      hot module replacement.
[2025-09-24 15:29:05.149] WARNING - Duplicate atom key "appLinksFooter". This is a FATAL ERROR in
      production. But it is safe to ignore this warning if it occurred because of
      hot module replacement.
[2025-09-24 15:29:05.150] WARNING - Duplicate atom key "appLinksFooter". This is a FATAL ERROR in
      production. But it is safe to ignore this warning if it occurred because of
      hot module replacement.
[2025-09-24 15:29:05.151] WARNING - Duplicate atom key "currentUserId2". This is a FATAL ERROR in
      production. But it is safe to ignore this warning if it occurred because of
      hot module replacement.
[2025-09-24 15:29:05.153] WARNING - Duplicate atom key "currentUserId2". This is a FATAL ERROR in
      production. But it is safe to ignore this warning if it occurred because of
      hot module replacement.
[2025-09-24 15:29:05.158] WARNING - Duplicate atom key "onboardingInProgress". This is a FATAL ERROR in
      production. But it is safe to ignore this warning if it occurred because of
      hot module replacement.
[2025-09-24 15:29:05.160] WARNING - Duplicate atom key "onboardingInProgress". This is a FATAL ERROR in
      production. But it is safe to ignore this warning if it occurred because of
      hot module replacement.
[2025-09-24 15:29:05.162] WARNING - Duplicate atom key "editing". This is a FATAL ERROR in
      production. But it is safe to ignore this warning if it occurred because of
      hot module replacement.
[2025-09-24 15:29:05.163] WARNING - Duplicate atom key "editing". This is a FATAL ERROR in
      production. But it is safe to ignore this warning if it occurred because of
      hot module replacement.
[2025-09-24 15:29:05.165] WARNING - Duplicate atom key "infoMessage". This is a FATAL ERROR in
      production. But it is safe to ignore this warning if it occurred because of
      hot module replacement.
[2025-09-24 15:29:05.167] WARNING - Duplicate atom key "infoMessage". This is a FATAL ERROR in
      production. But it is safe to ignore this warning if it occurred because of
      hot module replacement.
[2025-09-24 15:29:05.168] WARNING - Duplicate atom key "browserWarning". This is a FATAL ERROR in
      production. But it is safe to ignore this warning if it occurred because of
      hot module replacement.
[2025-09-24 15:29:05.170] WARNING - Duplicate atom key "browserWarning". This is a FATAL ERROR in
      production. But it is safe to ignore this warning if it occurred because of
      hot module replacement.
[2025-09-24 15:29:05.172] WARNING - Duplicate atom key "clockWarning". This is a FATAL ERROR in
      production. But it is safe to ignore this warning if it occurred because of
      hot module replacement.
[2025-09-24 15:29:05.172] WARNING - Duplicate atom key "clockWarning". This is a FATAL ERROR in
      production. But it is safe to ignore this warning if it occurred because of
      hot module replacement.
[2025-09-24 15:29:05.173] WARNING - Duplicate atom key "breakpoint". This is a FATAL ERROR in
      production. But it is safe to ignore this warning if it occurred because of
      hot module replacement.
[2025-09-24 15:29:05.174] WARNING - Duplicate atom key "breakpoint". This is a FATAL ERROR in
      production. But it is safe to ignore this warning if it occurred because of
      hot module replacement.
[2025-09-24 15:29:05.175] WARNING - Duplicate atom key "inMobileRange". This is a FATAL ERROR in
      production. But it is safe to ignore this warning if it occurred because of
      hot module replacement.
[2025-09-24 15:29:05.176] WARNING - Duplicate atom key "inMobileRange". This is a FATAL ERROR in
      production. But it is safe to ignore this warning if it occurred because of
      hot module replacement.
[2025-09-24 15:29:05.177] WARNING - Duplicate atom key "gridSpacing". This is a FATAL ERROR in
      production. But it is safe to ignore this warning if it occurred because of
      hot module replacement.
[2025-09-24 15:29:05.178] WARNING - Duplicate atom key "gridSpacing". This is a FATAL ERROR in
      production. But it is safe to ignore this warning if it occurred because of
      hot module replacement.
[2025-09-24 15:29:05.178] WARNING - Duplicate atom key "login". This is a FATAL ERROR in
      production. But it is safe to ignore this warning if it occurred because of
      hot module replacement.
[2025-09-24 15:29:05.179] WARNING - Duplicate atom key "login". This is a FATAL ERROR in
      production. But it is safe to ignore this warning if it occurred because of
      hot module replacement.
[2025-09-24 15:29:05.179] WARNING - Duplicate atom key "error". This is a FATAL ERROR in
      production. But it is safe to ignore this warning if it occurred because of
      hot module replacement.
[2025-09-24 15:29:05.179] WARNING - Duplicate atom key "error". This is a FATAL ERROR in
      production. But it is safe to ignore this warning if it occurred because of
      hot module replacement.
[2025-09-24 15:29:05.179] WARNING - Duplicate atom key "contactInfos2". This is a FATAL ERROR in
      production. But it is safe to ignore this warning if it occurred because of
      hot module replacement.
[2025-09-24 15:29:05.179] WARNING - Duplicate atom key "contactInfos2". This is a FATAL ERROR in
      production. But it is safe to ignore this warning if it occurred because of
      hot module replacement.
[2025-09-24 15:29:05.179] WARNING - Duplicate atom key "individualApplicantsTimestamp". This is a FATAL ERROR in
      production. But it is safe to ignore this warning if it occurred because of
      hot module replacement.
[2025-09-24 15:29:05.180] WARNING - Duplicate atom key "individualApplicantsTimestamp". This is a FATAL ERROR in
      production. But it is safe to ignore this warning if it occurred because of
      hot module replacement.
[2025-09-24 15:29:05.180] WARNING - Duplicate atom key "customerApplication". This is a FATAL ERROR in
      production. But it is safe to ignore this warning if it occurred because of
      hot module replacement.
[2025-09-24 15:29:05.180] WARNING - Duplicate atom key "customerApplication". This is a FATAL ERROR in
      production. But it is safe to ignore this warning if it occurred because of
      hot module replacement.
[2025-09-24 15:29:05.180] WARNING - Duplicate atom key "individualApplicants". This is a FATAL ERROR in
      production. But it is safe to ignore this warning if it occurred because of
      hot module replacement.
[2025-09-24 15:29:05.181] WARNING - Duplicate atom key "individualApplicants". This is a FATAL ERROR in
      production. But it is safe to ignore this warning if it occurred because of
      hot module replacement.
[2025-09-24 15:29:05.181] WARNING - Duplicate atom key "clearingHouses". This is a FATAL ERROR in
      production. But it is safe to ignore this warning if it occurred because of
      hot module replacement.
[2025-09-24 15:29:05.181] WARNING - Duplicate atom key "clearingHouses". This is a FATAL ERROR in
      production. But it is safe to ignore this warning if it occurred because of
      hot module replacement.
[2025-09-24 15:29:05.182] WARNING - Duplicate atom key "clearXClearingHouse". This is a FATAL ERROR in
      production. But it is safe to ignore this warning if it occurred because of
      hot module replacement.
[2025-09-24 15:29:05.182] WARNING - Duplicate atom key "clearXClearingHouse". This is a FATAL ERROR in
      production. But it is safe to ignore this warning if it occurred because of
      hot module replacement.
[2025-09-24 15:29:05.182] WARNING - Duplicate atom key "applicationClearingHouse". This is a FATAL ERROR in
      production. But it is safe to ignore this warning if it occurred because of
      hot module replacement.
[2025-09-24 15:29:05.182] WARNING - Duplicate atom key "applicationClearingHouse". This is a FATAL ERROR in
      production. But it is safe to ignore this warning if it occurred because of
      hot module replacement.
[2025-09-24 15:29:05.183] WARNING - Duplicate atom key "userLocation". This is a FATAL ERROR in
      production. But it is safe to ignore this warning if it occurred because of
      hot module replacement.
[2025-09-24 15:29:05.183] WARNING - Duplicate atom key "userLocation". This is a FATAL ERROR in
      production. But it is safe to ignore this warning if it occurred because of
      hot module replacement.
[2025-09-24 15:29:05.183] WARNING - Duplicate atom key "savedApplicationsTimestamp". This is a FATAL ERROR in
      production. But it is safe to ignore this warning if it occurred because of
      hot module replacement.
[2025-09-24 15:29:05.184] WARNING - Duplicate atom key "savedApplicationsTimestamp". This is a FATAL ERROR in
      production. But it is safe to ignore this warning if it occurred because of
      hot module replacement.
[2025-09-24 15:29:05.184] WARNING - Duplicate atom key "savedApplications". This is a FATAL ERROR in
      production. But it is safe to ignore this warning if it occurred because of
      hot module replacement.
[2025-09-24 15:29:05.184] WARNING - Duplicate atom key "savedApplications". This is a FATAL ERROR in
      production. But it is safe to ignore this warning if it occurred because of
      hot module replacement.
[2025-09-24 15:29:05.185] WARNING - Duplicate atom key "step". This is a FATAL ERROR in
      production. But it is safe to ignore this warning if it occurred because of
      hot module replacement.
[2025-09-24 15:29:05.185] WARNING - Duplicate atom key "step". This is a FATAL ERROR in
      production. But it is safe to ignore this warning if it occurred because of
      hot module replacement.
[2025-09-24 15:29:05.185] WARNING - Duplicate atom key "checkStates". This is a FATAL ERROR in
      production. But it is safe to ignore this warning if it occurred because of
      hot module replacement.
[2025-09-24 15:29:05.185] WARNING - Duplicate atom key "checkStates". This is a FATAL ERROR in
      production. But it is safe to ignore this warning if it occurred because of
      hot module replacement.
[2025-09-24 15:29:05.186] WARNING - Duplicate atom key "signStates". This is a FATAL ERROR in
      production. But it is safe to ignore this warning if it occurred because of
      hot module replacement.
[2025-09-24 15:29:05.186] WARNING - Duplicate atom key "signStates". This is a FATAL ERROR in
      production. But it is safe to ignore this warning if it occurred because of
      hot module replacement.
[2025-09-24 15:29:05.186] WARNING - Duplicate atom key "wizard". This is a FATAL ERROR in
      production. But it is safe to ignore this warning if it occurred because of
      hot module replacement.
[2025-09-24 15:29:05.186] WARNING - Duplicate atom key "wizard". This is a FATAL ERROR in
      production. But it is safe to ignore this warning if it occurred because of
      hot module replacement.
[2025-09-24 15:29:05.187] WARNING - Duplicate atom key "formBuilder". This is a FATAL ERROR in
      production. But it is safe to ignore this warning if it occurred because of
      hot module replacement.
[2025-09-24 15:29:05.187] WARNING - Duplicate atom key "formBuilder". This is a FATAL ERROR in
      production. But it is safe to ignore this warning if it occurred because of
      hot module replacement.
[2025-09-24 15:29:05.189] WARNING - Duplicate atom key "headerSlot". This is a FATAL ERROR in
      production. But it is safe to ignore this warning if it occurred because of
      hot module replacement.
[2025-09-24 15:29:05.190] WARNING - Duplicate atom key "headerSlot". This is a FATAL ERROR in
      production. But it is safe to ignore this warning if it occurred because of
      hot module replacement.
[2025-09-24 15:29:05.190] WARNING - Duplicate atom key "footerSlot". This is a FATAL ERROR in
      production. But it is safe to ignore this warning if it occurred because of
      hot module replacement.
[2025-09-24 15:29:05.191] WARNING - Duplicate atom key "footerSlot". This is a FATAL ERROR in
      production. But it is safe to ignore this warning if it occurred because of
      hot module replacement.
[2025-09-24 15:29:05.191] WARNING - Duplicate atom key "alloyJourneyToken". This is a FATAL ERROR in
      production. But it is safe to ignore this warning if it occurred because of
      hot module replacement.
[2025-09-24 15:29:05.192] WARNING - Duplicate atom key "alloyJourneyToken". This is a FATAL ERROR in
      production. But it is safe to ignore this warning if it occurred because of
      hot module replacement.
[2025-09-24 15:29:05.192] DEBUG - [bugsnag] Loaded!
[2025-09-24 15:29:05.192] DEBUG - [bugsnag] Loaded!
[2025-09-24 15:29:05.193] INFO - Version 3.250919.0 prod production 
[2025-09-24 15:29:05.193] INFO - Version 3.250919.0 prod production 
[2025-09-24 15:29:05.193] INFO - Time: Wed Sep 24 2025 15:29:05 GMT-0500 (Central Daylight Time)
[2025-09-24 15:29:05.193] INFO - Time:
[2025-09-24 15:29:05.245] LOG - 20:29:05.243Z Try to restore session
[2025-09-24 15:29:05.246] LOG - 20:29:05.243Z Try to restore session
[2025-09-24 15:29:05.246] LOG - 20:29:05.244Z Access token will be renewed in 75 minutes; expired: Wed Sep 24 2025 16:49:03 GMT-0500 (Central Daylight Time), now: Wed Sep 24 2025 15:29:05 GMT-0500 (Central Daylight Time)
[2025-09-24 15:29:05.246] LOG - 20:29:05.244Z Access token will be renewed in 75 minutes; expired: Wed Sep 24 2025 16:49:03 GMT-0500 (Central Daylight Time), now: Wed Sep 24 2025 15:29:05 GMT-0500 (Central Daylight Time)
[2025-09-24 15:29:05.253] WARNING - 20:29:05.251Z [LaunchDarkly] The waitForInitialization function was called without a timeout specified. In a future version a default timeout will be applied.
[2025-09-24 15:29:05.253] WARNING - 20:29:05.251Z [LaunchDarkly] The waitForInitialization function was called without a timeout specified. In a future version a default timeout will be applied.
[2025-09-24 15:29:05.258] INFO - 20:29:05.257Z chart cache state: islands=1, bars=462
[2025-09-24 15:29:05.259] INFO - 20:29:05.257Z chart cache state: islands=1, bars=462
[2025-09-24 15:29:05.260] INFO - 20:29:05.257Z Chart history database initialized
[2025-09-24 15:29:05.260] INFO - 20:29:05.257Z Chart history database initialized
[2025-09-24 15:29:05.268] INFO - 20:29:05.267Z [LaunchDarkly] LaunchDarkly client initialized
[2025-09-24 15:29:05.271] INFO - 20:29:05.267Z [LaunchDarkly] LaunchDarkly client initialized
[2025-09-24 15:29:05.272] INFO - 20:29:05.267Z [LaunchDarkly] Opening stream connection to https://clientstream.launchdarkly.com/eval/66cdf5b9cf61891061b4e437/eyJraW5kIjoidXNlciIsImtleSI6InVua25vd24iLCJhbm9ueW1vdXMiOmZhbHNlfQ
[2025-09-24 15:29:05.273] INFO - 20:29:05.267Z [LaunchDarkly] Opening stream connection to https://clientstream.launchdarkly.com/eval/66cdf5b9cf61891061b4e437/eyJraW5kIjoidXNlciIsImtleSI6InVua25vd24iLCJhbm9ueW1vdXMiOmZhbHNlfQ
[2025-09-24 15:29:05.860] INFO - 20:29:05.859Z [LaunchDarkly] Closing stream connection
[2025-09-24 15:29:05.862] INFO - 20:29:05.859Z [LaunchDarkly] Closing stream connection
[2025-09-24 15:29:05.862] INFO - 20:29:05.859Z [LaunchDarkly] Opening stream connection to https://clientstream.launchdarkly.com/eval/66cdf5b9cf61891061b4e437/eyJraW5kIjoidXNlciIsImtleSI6IjQ2NTYwMjciLCJkZXZpY2UiOiJkZXNrdG9wIiwidXNlcklkIjo0NjU2MDI3LCJpcENvdW50cnkiOiIiLCJvcmdOYW1lIjoiVERWIiwibmFtZSI6IlplbmV4MzI5OCIsImxhbmRpbmdQYXJhbXMiOiIifQ
[2025-09-24 15:29:05.863] INFO - 20:29:05.859Z [LaunchDarkly] Opening stream connection to https://clientstream.launchdarkly.com/eval/66cdf5b9cf61891061b4e437/eyJraW5kIjoidXNlciIsImtleSI6IjQ2NTYwMjciLCJkZXZpY2UiOiJkZXNrdG9wIiwidXNlcklkIjo0NjU2MDI3LCJpcENvdW50cnkiOiIiLCJvcmdOYW1lIjoiVERWIiwibmFtZSI6IlplbmV4MzI5OCIsImxhbmRpbmdQYXJhbXMiOiIifQ
[2025-09-24 15:29:06.016] LOG - 20:29:06.012Z opening https://demo.tradovateapi.com/
[2025-09-24 15:29:06.016] LOG - 20:29:06.012Z opening https://demo.tradovateapi.com/
[2025-09-24 15:29:06.021] LOG - 20:29:06.020Z Hotkeys initialized {"Shift+Digit1":["orders/selectColumns"],"Shift+Digit2":["orders/showFilters"],"Shift+Digit3":["orders/standardTableView"],"Shift+Digit4":["orders/linkedOrdersView"],"Command+Shift+Digit0":["dom-chart/exit-and-cancel"]}
[2025-09-24 15:29:06.021] LOG - 20:29:06.020Z Hotkeys initialized {"Shift+Digit1":["orders/selectColumns"],"Shift+Digit2":["orders/showFilters"],"Shift+Digit3":["orders/standardTableView"],"Shift+Digit4":["orders/linkedOrdersView"],"Command+Shift+Digit0":["dom-chart/exit-and-cancel"]}
[2025-09-24 15:29:06.090] LOG - 20:29:06.088Z websocket opened
[2025-09-24 15:29:06.090] LOG - 20:29:06.088Z websocket opened
[2025-09-24 15:29:06.148] LOG - 20:29:06.146Z opening https://md-demo.tradovateapi.com/
[2025-09-24 15:29:06.150] LOG - 20:29:06.146Z opening https://md-demo.tradovateapi.com/
[2025-09-24 15:29:06.152] LOG - 20:29:06.147Z Connection:  open
[2025-09-24 15:29:06.152] LOG - 20:29:06.147Z Connection:  open
[2025-09-24 15:29:07.121] LOG - 20:29:07.120Z WebGL:  {"isWebGL2":true,"precision":"highp","logarithmicDepthBuffer":false,"maxTextures":16,"maxVertexTextures":16,"maxTextureSize":16384,"maxCubemapSize":16384,"maxAttributes":16,"maxVertexUniforms":1024,"maxVaryings":30,"maxFragmentUniforms":1024,"vertexTextures":true,"floatFragmentTextures":true,"floatVertexTextures":true,"maxSamples":8} , devicePixelRatio:  2
[2025-09-24 15:29:07.127] LOG - 20:29:07.121Z Canvas size: 501 897 dpp:  2
[2025-09-24 15:29:07.129] LOG - 20:29:07.129Z Loading App-level Plugins
[2025-09-24 15:29:07.130] LOG - 20:29:07.129Z Loading App-level Plugins
[2025-09-24 15:29:07.141] LOG - 20:29:07.139Z WebGL:  {"isWebGL2":true,"precision":"highp","logarithmicDepthBuffer":false,"maxTextures":16,"maxVertexTextures":16,"maxTextureSize":16384,"maxCubemapSize":16384,"maxAttributes":16,"maxVertexUniforms":1024,"maxVaryings":30,"maxFragmentUniforms":1024,"vertexTextures":true,"floatFragmentTextures":true,"floatVertexTextures":true,"maxSamples":8} , devicePixelRatio:  2
[2025-09-24 15:29:07.142] LOG - 20:29:07.139Z Canvas size: 501 897 dpp:  2
[2025-09-24 15:29:07.234] LOG - 20:29:07.201Z websocket opened
[2025-09-24 15:29:07.235] LOG - 20:29:07.201Z websocket opened
[2025-09-24 15:29:07.417] LOG - 20:29:07.416Z loadAppLevelPlugins:  [object Object]
[2025-09-24 15:29:07.418] LOG - 20:29:07.416Z loadAppLevelPlugins: 
[2025-09-24 15:29:08.211] LOG - 20:29:08.200Z jailing is in progress
[2025-09-24 15:29:08.211] LOG - 20:29:08.200Z jailing is in progress
[2025-09-24 15:29:08.354] LOG - 20:29:08.352Z pending jailing done. next starts
[2025-09-24 15:29:08.355] LOG - 20:29:08.352Z pending jailing done. next starts
[2025-09-24 15:29:09.296] LOG - 20:29:09.294Z created chart 1
[2025-09-24 15:29:09.543] LOG - 20:29:09.542Z updating the shared isolation
[2025-09-24 15:29:09.543] LOG - 20:29:09.542Z updating the shared isolation
[2025-09-24 15:29:09.555] LOG - 20:29:09.553Z requestChart: {"symbol":"3267312","chartDescription":{"underlyingType":"Tick","elementSize":5000,"elementSizeUnit":"UnderlyingUnits","withHistogram":false},"timeRange":{"asMuchAsElements":300}}
[2025-09-24 15:29:09.556] LOG - 20:29:09.553Z requestChart: {"symbol":"3267312","chartDescription":{"underlyingType":"Tick","elementSize":5000,"elementSizeUnit":"UnderlyingUnits","withHistogram":false},"timeRange":{"asMuchAsElements":300}}
[2025-09-24 15:29:09.556] LOG - 20:29:09.553Z mdMgApi open
[2025-09-24 15:29:09.556] LOG - 20:29:09.553Z mdMgApi open
[2025-09-24 15:29:13.600] LOG - 20:29:13.598Z Auto Order script initialized - AUTOMATIC HOT RELOAD SUCCESS!
[2025-09-24 15:29:13.601] LOG - 20:29:13.598Z Auto Order script initialized - AUTOMATIC HOT RELOAD SUCCESS!
[2025-09-24 15:29:13.601] LOG - 20:29:13.599Z Creating UI...
[2025-09-24 15:29:13.602] LOG - 20:29:13.599Z Creating UI...
[2025-09-24 15:29:13.602] LOG - 20:29:13.600Z Creating UI
[2025-09-24 15:29:13.602] LOG - 20:29:13.600Z Creating UI
[2025-09-24 15:29:13.602] LOG - 20:29:13.600Z Stored values: TP=60, SL=20, Qty=10, Tick=0.25, Symbol=NQ
[2025-09-24 15:29:13.602] LOG - 20:29:13.600Z Stored values: TP=60, SL=20, Qty=10, Tick=0.25, Symbol=NQ
[2025-09-24 15:29:13.604] LOG - 20:29:13.602Z UI container added to DOM
[2025-09-24 15:29:13.605] LOG - 20:29:13.602Z UI container added to DOM
[2025-09-24 15:29:13.605] LOG - 20:29:13.602Z Setting up UI event handlers
[2025-09-24 15:29:13.606] LOG - 20:29:13.602Z Setting up UI event handlers
[2025-09-24 15:29:13.607] LOG - 20:29:13.602Z Setting up persistent settings
[2025-09-24 15:29:13.607] LOG - 20:29:13.602Z Setting up persistent settings
[2025-09-24 15:29:13.608] LOG - 20:29:13.602Z Setting up drag functionality
[2025-09-24 15:29:13.609] LOG - 20:29:13.602Z Setting up drag functionality
[2025-09-24 15:29:13.609] LOG - 20:29:13.602Z Setting up trade buttons
[2025-09-24 15:29:13.610] LOG - 20:29:13.602Z Setting up trade buttons
[2025-09-24 15:29:13.610] LOG - 20:29:13.603Z UI creation complete
[2025-09-24 15:29:13.610] LOG - 20:29:13.603Z UI creation complete
[2025-09-24 15:29:13.610] LOG - 20:29:13.603Z Creating example front-quarter symbol
[2025-09-24 15:29:13.610] LOG - 20:29:13.603Z Creating example front-quarter symbol
[2025-09-24 15:29:13.610] LOG - 20:29:13.603Z getQuarterlyCode called with date: 2025-09-24T20:29:13.603Z
[2025-09-24 15:29:13.611] LOG - 20:29:13.603Z getQuarterlyCode called with date: 2025-09-24T20:29:13.603Z
[2025-09-24 15:29:13.611] LOG - 20:29:13.603Z Current month index: 8
[2025-09-24 15:29:13.611] LOG - 20:29:13.603Z Current month index: 8
[2025-09-24 15:29:13.611] LOG - 20:29:13.603Z Starting calculation with year=2025, month=8
[2025-09-24 15:29:13.611] LOG - 20:29:13.603Z Starting calculation with year=2025, month=8
[2025-09-24 15:29:13.611] LOG - 20:29:13.603Z Calculated quarterly code: letter=Z, yearDigit=5
[2025-09-24 15:29:13.611] LOG - 20:29:13.603Z Calculated quarterly code: letter=Z, yearDigit=5
[2025-09-24 15:29:13.612] LOG - 20:29:13.603Z Example front-quarter symbol created: NQZ5
[2025-09-24 15:29:13.612] LOG - 20:29:13.603Z Example front-quarter symbol created: NQZ5
[2025-09-24 15:29:13.622] LOG - 20:29:13.620Z Auto Risk Management: Running initial risk assessment...
[2025-09-24 15:29:13.625] LOG - 20:29:13.620Z Auto Risk Management: Running initial risk assessment...
[2025-09-24 15:29:13.627] LOG - 20:29:13.622Z [analyzePhase] resetting phaseData
[2025-09-24 15:29:13.628] LOG - 20:29:13.622Z [analyzePhase] resetting phaseData
[2025-09-24 15:29:13.629] LOG - 20:29:13.622Z [analyzePhase] set phase 1 maxActive to 1
[2025-09-24 15:29:13.631] LOG - 20:29:13.622Z [analyzePhase] set phase 1 maxActive to 1
[2025-09-24 15:29:13.632] LOG - 20:29:13.622Z [analyzePhase] increased phase 2 maxActive to 1
[2025-09-24 15:29:13.633] LOG - 20:29:13.622Z [analyzePhase] increased phase 2 maxActive to 1
[2025-09-24 15:29:13.634] LOG - 20:29:13.622Z [updateUserColumnPhaseStatus] Starting...
[2025-09-24 15:29:13.636] LOG - 20:29:13.622Z [updateUserColumnPhaseStatus] Starting...
[2025-09-24 15:29:13.638] LOG - 20:29:13.623Z [updateUserColumnPhaseStatus] Found 1 rows
[2025-09-24 15:29:13.645] LOG - 20:29:13.623Z [updateUserColumnPhaseStatus] Found 1 rows
[2025-09-24 15:29:13.645] LOG - 20:29:13.623Z [updateUserColumnPhaseStatus] Header cells: Account ▲,Total Available Margin,User,Dist Drawdown Net Liq,Dollar Open P L,Dollar Total P L
[2025-09-24 15:29:13.645] LOG - 20:29:13.623Z [updateUserColumnPhaseStatus] Header cells:
[2025-09-24 15:29:13.646] LOG - 20:29:13.623Z [updateUserColumnPhaseStatus] Found User column at index 2
[2025-09-24 15:29:13.646] LOG - 20:29:13.623Z [updateUserColumnPhaseStatus] Found User column at index 2
[2025-09-24 15:29:13.646] LOG - 20:29:13.623Z [updateUserColumnPhaseStatus] Getting table data...
[2025-09-24 15:29:13.646] LOG - 20:29:13.623Z [updateUserColumnPhaseStatus] Getting table data...
[2025-09-24 15:29:13.647] LOG - 20:29:13.623Z [analyzePhase] resetting phaseData
[2025-09-24 15:29:13.648] LOG - 20:29:13.623Z [analyzePhase] resetting phaseData
[2025-09-24 15:29:13.648] LOG - 20:29:13.623Z [analyzePhase] set phase 1 maxActive to 1
[2025-09-24 15:29:13.648] LOG - 20:29:13.623Z [analyzePhase] set phase 1 maxActive to 1
[2025-09-24 15:29:13.650] LOG - 20:29:13.623Z [analyzePhase] increased phase 2 maxActive to 1
[2025-09-24 15:29:13.664] LOG - 20:29:13.623Z [analyzePhase] increased phase 2 maxActive to 1
[2025-09-24 15:29:13.667] LOG - 20:29:13.624Z [updateUserColumnPhaseStatus] Table data: 0 rows
[2025-09-24 15:29:13.669] LOG - 20:29:13.624Z [updateUserColumnPhaseStatus] Table data: 0 rows
[2025-09-24 15:29:13.670] ERROR - 20:29:13.624Z [updateUserColumnPhaseStatus] No data from getTableData()
[2025-09-24 15:29:13.671] ERROR - 20:29:13.624Z [updateUserColumnPhaseStatus] No data from getTableData()
[2025-09-24 15:29:13.671] warning - The AudioContext was not allowed to start. It must be resumed (or created) after a user gesture on the page. https://developer.chrome.com/blog/autoplay/#web_audio
[2025-09-24 15:29:13.671] LOG - 20:29:13.645Z Auto Risk Management: Initial risk assessment completed
[2025-09-24 15:29:13.672] LOG - 20:29:13.645Z Auto Risk Management: Initial risk assessment completed
[2025-09-24 15:29:14.649] LOG - 20:29:14.647Z [analyzePhase] resetting phaseData
[2025-09-24 15:29:14.650] LOG - 20:29:14.647Z [analyzePhase] resetting phaseData
[2025-09-24 15:29:14.650] LOG - 20:29:14.647Z [analyzePhase] set phase 1 maxActive to 1
[2025-09-24 15:29:14.650] LOG - 20:29:14.647Z [analyzePhase] set phase 1 maxActive to 1
[2025-09-24 15:29:14.650] LOG - 20:29:14.647Z [analyzePhase] increased phase 2 maxActive to 1
[2025-09-24 15:29:14.651] LOG - 20:29:14.647Z [analyzePhase] increased phase 2 maxActive to 1
[2025-09-24 15:29:14.651] WARNING - 20:29:14.647Z Error in deferred func: TypeError: Cannot read properties of undefined (reading 'querySelector'), function(){d(a),f(function(){d(null)},0);var e=i.apply(this,arguments);return d(null),e} TypeError: Cannot read properties of undefined (reading 'querySelector'),    at <anonymous>:377:98,    at i.__trace__ (https://cdn.tradovate.com/tradovate/scripts/4418.33639a7d.js:2:4608573),    at https://cdn.tradovate.com/tradovate/scripts/4418.33639a7d.js:2:3542342
[2025-09-24 15:29:14.651] WARNING - 20:29:14.647Z Error in deferred func: TypeError: Cannot read properties of undefined (reading 'querySelector'), function(){d(a),f(function(){d(null)},0);var e=i.apply(this,arguments);return d(null),e}
[2025-09-24 15:29:14.674] LOG - 20:29:14.673Z Executing initial risk management assessment...
[2025-09-24 15:29:14.675] LOG - 20:29:14.673Z Executing initial risk management assessment...
[2025-09-24 15:29:14.676] ERROR - 20:29:14.673Z getTableData function not found
[2025-09-24 15:29:14.677] ERROR - 20:29:14.673Z getTableData function not found
[2025-09-24 15:29:14.677] ERROR - 20:29:14.674Z updateUserColumnPhaseStatus function not found
[2025-09-24 15:29:14.678] ERROR - 20:29:14.674Z updateUserColumnPhaseStatus function not found
[2025-09-24 15:29:14.679] ERROR - 20:29:14.674Z performAccountActions function not found
[2025-09-24 15:29:14.680] ERROR - 20:29:14.674Z performAccountActions function not found
[2025-09-24 15:29:14.681] LOG - 20:29:14.674Z Risk management assessment completed
[2025-09-24 15:29:14.681] LOG - 20:29:14.674Z Risk management assessment completed
[2025-09-24 15:29:37.524] LOG - 20:29:37.522Z Quantity input changed to: 10
[2025-09-24 15:29:37.526] LOG - 20:29:37.522Z Quantity input changed to: 10
[2025-09-24 15:29:37.527] LOG - 20:29:37.524Z TP input changed to: 6
[2025-09-24 15:29:37.528] LOG - 20:29:37.524Z TP input changed to: 6
[2025-09-24 15:29:37.529] LOG - 20:29:37.524Z SL input changed to: 2
[2025-09-24 15:29:37.529] LOG - 20:29:37.524Z SL input changed to: 2
[2025-09-24 15:29:37.530] LOG - 20:29:37.525Z Calculated TP: 6 (SL × 3)
[2025-09-24 15:29:37.531] LOG - 20:29:37.525Z Calculated TP: 6 (SL × 3)
[2025-09-24 15:29:37.531] LOG - 20:29:37.525Z Tick size input changed to: 0.25
[2025-09-24 15:29:37.532] LOG - 20:29:37.525Z Tick size input changed to: 0.25
[2025-09-24 15:29:37.532] LOG - 20:29:37.525Z Trade control updates complete: [object Object]
[2025-09-24 15:29:37.533] LOG - 20:29:37.525Z Trade control updates complete:
[2025-09-24 15:29:37.725] LOG - 20:29:37.723Z Quantity input changed to: 10
[2025-09-24 15:29:37.727] LOG - 20:29:37.723Z Quantity input changed to: 10
[2025-09-24 15:29:37.728] LOG - 20:29:37.723Z TP input changed to: 60
[2025-09-24 15:29:37.729] LOG - 20:29:37.723Z TP input changed to: 60
[2025-09-24 15:29:37.730] LOG - 20:29:37.724Z SL input changed to: 20
[2025-09-24 15:29:37.730] LOG - 20:29:37.724Z SL input changed to: 20
[2025-09-24 15:29:37.731] LOG - 20:29:37.724Z Calculated TP: 60 (SL × 3)
[2025-09-24 15:29:37.732] LOG - 20:29:37.724Z Calculated TP: 60 (SL × 3)
[2025-09-24 15:29:37.732] LOG - 20:29:37.724Z Tick size input changed to: 0.25
[2025-09-24 15:29:37.732] LOG - 20:29:37.724Z Tick size input changed to: 0.25
[2025-09-24 15:29:37.733] LOG - 20:29:37.724Z Trade control updates complete: [object Object]
[2025-09-24 15:29:37.733] LOG - 20:29:37.724Z Trade control updates complete:
[2025-09-24 15:29:58.479] warning - The AudioContext was not allowed to start. It must be resumed (or created) after a user gesture on the page. https://developer.chrome.com/blog/autoplay/#web_audio
[2025-09-24 15:30:05.274] INFO - 20:30:05.272Z time stats. avg diff: -90, min: -90, max: -90, roundtrip: 21 msec, #1
[2025-09-24 15:30:05.275] INFO - 20:30:05.272Z time stats. avg diff: -90, min: -90, max: -90, roundtrip: 21 msec, #1
[2025-09-24 15:30:34.192] LOG - 20:30:34.190Z Quantity input changed to: 1
[2025-09-24 15:30:34.192] LOG - 20:30:34.190Z Quantity input changed to: 1
[2025-09-24 15:30:34.193] LOG - 20:30:34.192Z TP input changed to: 6
[2025-09-24 15:30:34.195] LOG - 20:30:34.192Z TP input changed to: 6
[2025-09-24 15:30:34.196] LOG - 20:30:34.193Z SL input changed to: 2
[2025-09-24 15:30:34.196] LOG - 20:30:34.193Z SL input changed to: 2
[2025-09-24 15:30:34.197] LOG - 20:30:34.193Z Calculated TP: 6 (SL × 3)
[2025-09-24 15:30:34.197] LOG - 20:30:34.193Z Calculated TP: 6 (SL × 3)
[2025-09-24 15:30:34.197] LOG - 20:30:34.193Z Tick size input changed to: 0.25
[2025-09-24 15:30:34.197] LOG - 20:30:34.193Z Tick size input changed to: 0.25
[2025-09-24 15:30:34.197] LOG - 20:30:34.193Z Trade control updates complete: [object Object]
[2025-09-24 15:30:34.198] LOG - 20:30:34.193Z Trade control updates complete:
[2025-09-24 15:30:34.312] LOG - 20:30:34.311Z Quantity input changed to: 1
[2025-09-24 15:30:34.313] LOG - 20:30:34.311Z Quantity input changed to: 1
[2025-09-24 15:30:34.314] LOG - 20:30:34.312Z TP input changed to: 60
[2025-09-24 15:30:34.315] LOG - 20:30:34.312Z TP input changed to: 60
[2025-09-24 15:30:34.316] LOG - 20:30:34.312Z SL input changed to: 20
[2025-09-24 15:30:34.316] LOG - 20:30:34.312Z SL input changed to: 20
[2025-09-24 15:30:34.317] LOG - 20:30:34.312Z Calculated TP: 60 (SL × 3)
[2025-09-24 15:30:34.317] LOG - 20:30:34.312Z Calculated TP: 60 (SL × 3)
[2025-09-24 15:30:34.317] LOG - 20:30:34.312Z Tick size input changed to: 0.25
[2025-09-24 15:30:34.317] LOG - 20:30:34.312Z Tick size input changed to: 0.25
[2025-09-24 15:30:34.318] LOG - 20:30:34.312Z Trade control updates complete: [object Object]
[2025-09-24 15:30:34.318] LOG - 20:30:34.312Z Trade control updates complete:
[2025-09-24 15:30:35.295] LOG - 20:30:35.294Z Quantity input changed to: 1
[2025-09-24 15:30:35.296] LOG - 20:30:35.294Z Quantity input changed to: 1
[2025-09-24 15:30:35.296] LOG - 20:30:35.294Z TP input changed to: 60
[2025-09-24 15:30:35.297] LOG - 20:30:35.294Z TP input changed to: 60
[2025-09-24 15:30:35.298] LOG - 20:30:35.295Z SL input changed to: 20
[2025-09-24 15:30:35.298] LOG - 20:30:35.295Z SL input changed to: 20
[2025-09-24 15:30:35.299] LOG - 20:30:35.295Z Calculated TP: 60 (SL × 3)
[2025-09-24 15:30:35.300] LOG - 20:30:35.295Z Calculated TP: 60 (SL × 3)
[2025-09-24 15:30:35.300] LOG - 20:30:35.295Z Tick size input changed to: 0.25
[2025-09-24 15:30:35.300] LOG - 20:30:35.295Z Tick size input changed to: 0.25
[2025-09-24 15:30:35.300] LOG - 20:30:35.295Z Trade control updates complete: [object Object]
[2025-09-24 15:30:35.300] LOG - 20:30:35.295Z Trade control updates complete:
[2025-09-24 15:30:35.810] LOG - 20:30:35.809Z Quantity input changed to: 9
[2025-09-24 15:30:35.811] LOG - 20:30:35.809Z Quantity input changed to: 9
[2025-09-24 15:30:35.811] LOG - 20:30:35.809Z TP input changed to: 60
[2025-09-24 15:30:35.813] LOG - 20:30:35.809Z TP input changed to: 60
[2025-09-24 15:30:35.813] LOG - 20:30:35.809Z SL input changed to: 20
[2025-09-24 15:30:35.814] LOG - 20:30:35.809Z SL input changed to: 20
[2025-09-24 15:30:35.814] LOG - 20:30:35.809Z Calculated TP: 60 (SL × 3)
[2025-09-24 15:30:35.814] LOG - 20:30:35.809Z Calculated TP: 60 (SL × 3)
[2025-09-24 15:30:35.814] LOG - 20:30:35.810Z Tick size input changed to: 0.25
[2025-09-24 15:30:35.815] LOG - 20:30:35.810Z Tick size input changed to: 0.25
[2025-09-24 15:30:35.815] LOG - 20:30:35.810Z Trade control updates complete: [object Object]
[2025-09-24 15:30:35.815] LOG - 20:30:35.810Z Trade control updates complete:
[2025-09-24 15:30:36.196] LOG - 20:30:36.195Z Quantity input changed to: 9
[2025-09-24 15:30:36.198] LOG - 20:30:36.195Z Quantity input changed to: 9
[2025-09-24 15:30:36.199] LOG - 20:30:36.195Z TP input changed to: 60
[2025-09-24 15:30:36.200] LOG - 20:30:36.195Z TP input changed to: 60
[2025-09-24 15:30:36.200] LOG - 20:30:36.195Z SL input changed to: 20
[2025-09-24 15:30:36.200] LOG - 20:30:36.195Z SL input changed to: 20
[2025-09-24 15:30:36.201] LOG - 20:30:36.195Z Calculated TP: 60 (SL × 3)
[2025-09-24 15:30:36.201] LOG - 20:30:36.195Z Calculated TP: 60 (SL × 3)
[2025-09-24 15:30:36.201] LOG - 20:30:36.195Z Tick size input changed to: 0.25
[2025-09-24 15:30:36.201] LOG - 20:30:36.195Z Tick size input changed to: 0.25
[2025-09-24 15:30:36.201] LOG - 20:30:36.196Z Trade control updates complete: [object Object]
[2025-09-24 15:30:36.201] LOG - 20:30:36.196Z Trade control updates complete:
[2025-09-24 15:30:38.196] LOG - 20:30:38.194Z Quantity input changed to: 9
[2025-09-24 15:30:38.198] LOG - 20:30:38.194Z Quantity input changed to: 9
[2025-09-24 15:30:38.215] LOG - 20:30:38.194Z TP input changed to: 6
[2025-09-24 15:30:38.215] LOG - 20:30:38.194Z TP input changed to: 6
[2025-09-24 15:30:38.251] LOG - 20:30:38.194Z SL input changed to: 2
[2025-09-24 15:30:38.251] LOG - 20:30:38.194Z SL input changed to: 2
[2025-09-24 15:30:38.251] LOG - 20:30:38.194Z Calculated TP: 6 (SL × 3)
[2025-09-24 15:30:38.252] LOG - 20:30:38.194Z Calculated TP: 6 (SL × 3)
[2025-09-24 15:30:38.252] LOG - 20:30:38.195Z Tick size input changed to: 0.25
[2025-09-24 15:30:38.252] LOG - 20:30:38.195Z Tick size input changed to: 0.25
[2025-09-24 15:30:38.252] LOG - 20:30:38.195Z Trade control updates complete: [object Object]
[2025-09-24 15:30:38.252] LOG - 20:30:38.195Z Trade control updates complete:
[2025-09-24 15:30:38.343] LOG - 20:30:38.342Z Quantity input changed to: 9
[2025-09-24 15:30:38.344] LOG - 20:30:38.342Z Quantity input changed to: 9
[2025-09-24 15:30:38.345] LOG - 20:30:38.343Z TP input changed to: 60
[2025-09-24 15:30:38.346] LOG - 20:30:38.343Z TP input changed to: 60
[2025-09-24 15:30:38.347] LOG - 20:30:38.343Z SL input changed to: 20
[2025-09-24 15:30:38.347] LOG - 20:30:38.343Z SL input changed to: 20
[2025-09-24 15:30:38.348] LOG - 20:30:38.343Z Calculated TP: 60 (SL × 3)
[2025-09-24 15:30:38.348] LOG - 20:30:38.343Z Calculated TP: 60 (SL × 3)
[2025-09-24 15:30:38.348] LOG - 20:30:38.343Z Tick size input changed to: 0.25
[2025-09-24 15:30:38.348] LOG - 20:30:38.343Z Tick size input changed to: 0.25
[2025-09-24 15:30:38.348] LOG - 20:30:38.343Z Trade control updates complete: [object Object]
[2025-09-24 15:30:38.348] LOG - 20:30:38.343Z Trade control updates complete:
[2025-09-24 15:31:07.156] LOG - 20:31:07.155Z WebGL:  {"geometries":63,"textures":1} 6 , devicePixelRatio:  2
[2025-09-24 15:33:07.100] LOG - 20:33:07.098Z WebGL:  {"geometries":63,"textures":1} 6 , devicePixelRatio:  2
