[2025-09-20 17:42:46.541] LOG - 22:42:46.539Z Starting login process for: stonkz92224@gmail.com
[2025-09-20 17:42:46.541] LOG - 22:42:46.539Z Starting login process for: stonkz92224@gmail.com
[2025-09-20 17:42:46.542] LOG - 22:42:46.539Z Auto login function executing for: stonkz92224@gmail.com
[2025-09-20 17:42:46.542] LOG - 22:42:46.539Z Auto login function executing for: stonkz92224@gmail.com
[2025-09-20 17:42:46.542] LOG - 22:42:46.540Z Login form found, filling credentials...
[2025-09-20 17:42:46.543] LOG - 22:42:46.540Z Login form found, filling credentials...
[2025-09-20 17:42:46.675] LOG - 22:42:46.567Z Test element added to DOM
[2025-09-20 17:42:46.677] LOG - 22:42:46.567Z Test element added to DOM
[2025-09-20 17:42:46.682] LOG - 22:42:46.681Z All browser alerts and confirmations have been disabled
[2025-09-20 17:42:46.682] LOG - 22:42:46.681Z All browser alerts and confirmations have been disabled
[2025-09-20 17:42:47.055] LOG - 22:42:47.052Z Clicking login button...
[2025-09-20 17:42:47.056] LOG - 22:42:47.052Z Clicking login button...
[2025-09-20 17:42:47.064] LOG - 22:42:47.061Z authentication starting
[2025-09-20 17:42:47.066] LOG - 22:42:47.061Z authentication starting
[2025-09-20 17:42:47.431] warning - The AudioContext was not allowed to start. It must be resumed (or created) after a user gesture on the page. https://developer.chrome.com/blog/autoplay/#web_audio
[2025-09-20 17:42:47.432] LOG - 22:42:47.413Z Watching for account selection page...
[2025-09-20 17:42:47.432] LOG - 22:42:47.413Z Watching for account selection page...
[2025-09-20 17:42:47.742] LOG - 22:42:47.741Z Access token will be renewed in 75 minutes; expired: Sat Sep 20 2025 19:02:47 GMT-0500 (Central Daylight Time), now: Sat Sep 20 2025 17:42:47 GMT-0500 (Central Daylight Time)
[2025-09-20 17:42:47.743] LOG - 22:42:47.741Z Access token will be renewed in 75 minutes; expired: Sat Sep 20 2025 19:02:47 GMT-0500 (Central Daylight Time), now: Sat Sep 20 2025 17:42:47 GMT-0500 (Central Daylight Time)
[2025-09-20 17:42:48.092] error - Access to XMLHttpRequest at 'https://app.launchdarkly.com/sdk/evalx/66cdf5b9cf61891061b4e437/contexts/eyJraW5kIjoidXNlciIsImtleSI6IjM2NTUwNTkiLCJkZXZpY2UiOiJkZXNrdG9wIiwidXNlcklkIjozNjU1MDU5LCJpcENvdW50cnkiOiJVUyIsIm9yZ05hbWUiOiJURFYiLCJuYW1lIjoiU3Rvbmt6OTIyMjQiLCJsYW5kaW5nUGFyYW1zIjoiIn0' from origin 'https://trader.tradovate.com' has been blocked by CORS policy: No 'Access-Control-Allow-Origin' header is present on the requested resource.
[2025-09-20 17:42:48.093] ERROR - 22:42:48.092Z [LaunchDarkly] network error (Error)
[2025-09-20 17:42:48.093] ERROR - 22:42:48.092Z [LaunchDarkly] network error (Error)
[2025-09-20 17:42:48.094] ERROR - 22:42:48.093Z [LaunchDarkly] network error (Error)
[2025-09-20 17:42:48.095] ERROR - 22:42:48.093Z [LaunchDarkly] network error (Error)
[2025-09-20 17:42:48.095] error - Failed to load resource: net::ERR_FAILED
[2025-09-20 17:42:48.100] ERROR - Exception: t
[2025-09-20 17:42:48.102] ERROR - Exception: t
[2025-09-20 17:42:48.129] error - Access to XMLHttpRequest at 'https://app.launchdarkly.com/sdk/evalx/66cdf5b9cf61891061b4e437/contexts/eyJraW5kIjoidXNlciIsImtleSI6IjM2NTUwNTkiLCJkZXZpY2UiOiJkZXNrdG9wIiwidXNlcklkIjozNjU1MDU5LCJpcENvdW50cnkiOiJVUyIsIm9yZ05hbWUiOiJURFYiLCJuYW1lIjoiU3Rvbmt6OTIyMjQiLCJsYW5kaW5nUGFyYW1zIjoiIn0' from origin 'https://trader.tradovate.com' has been blocked by CORS policy: No 'Access-Control-Allow-Origin' header is present on the requested resource.
[2025-09-20 17:42:48.130] ERROR - 22:42:48.129Z [LaunchDarkly] network error (Error)
[2025-09-20 17:42:48.131] ERROR - 22:42:48.129Z [LaunchDarkly] network error (Error)
[2025-09-20 17:42:48.131] error - Failed to load resource: net::ERR_FAILED
[2025-09-20 17:42:48.132] ERROR - Exception: t
[2025-09-20 17:42:49.416] LOG - 22:42:49.414Z Account selection page detected, clicking button...
[2025-09-20 17:42:49.417] LOG - 22:42:49.414Z Account selection page detected, clicking button...
[2025-09-20 17:42:49.548] LOG - 22:42:49.525Z Access token will be renewed in 75 minutes; expired: Sat Sep 20 2025 19:02:47 GMT-0500 (Central Daylight Time), now: Sat Sep 20 2025 17:42:49 GMT-0500 (Central Daylight Time)
[2025-09-20 17:42:49.549] LOG - 22:42:49.525Z Access token will be renewed in 75 minutes; expired: Sat Sep 20 2025 19:02:47 GMT-0500 (Central Daylight Time), now: Sat Sep 20 2025 17:42:49 GMT-0500 (Central Daylight Time)
[2025-09-20 17:42:49.622] error - Refused to connect to 'https://bat.bing.com/actionp/0?ti=26330043&Ver=2&mid=c13b8a4f-8ef8-4542-bb6b-a48f4122d408&bo=2&sid=2801add0965411f09165ab2c93c38bf7&vid=2801c1c0965411f0afa211e8ba13cf6d&vids=0&msclkid=N&evt=pageHide' because it violates the following Content Security Policy directive: "connect-src wss://*.tradovate.com https://*.tradovate.com https://*.ntinnolab.com https://*.devel.ninjatrader.dev https://*.staging.ninjatrader.dev https://*.uat.ninjatrader.dev wss://*.ntinnolab.com wss://*.devel.ninjatrader.dev wss://*.staging.ninjatrader.dev wss://*.uat.ninjatrader.dev wss://*.tradovateapi.com https://*.tradovateapi.com https://*.ninjatrader.com https://cdn.walkme.com https://ec.walkme.com https://sessions.bugsnag.com https://notify.bugsnag.com https://*.plaid.com https://*.yodlee.com https://tradovate.zendesk.com https://rollout.ada.support https://static.ada.support https://ninjatrader.ada.support https://tradovate.ada.support https://ninjatrader-eap.ada.support/ https://demo-ninjatrader-gr.ada.support/ https://tradovate-gen.ada.support/ https://api.stripe.com https://apiproxy.ninjatrader.com https://apiproxy-d.ninjatrader.com https://us-autocomplete-pro.api.smartystreets.com https://international-autocomplete.api.smarty.com https://maps.googleapis.com https://accounts.google.com/ https://www.google.com https://www.googletagmanager.com/ https://*.browser-intake-datadoghq.com https://scripts.neuro-id.com https://receiver.neuroid.cloud https://logs.neuro-id.com https://firebaseinstallations.googleapis.com/ https://firebaseremoteconfig.googleapis.com/ https://logx.optimizely.com https://*.optimizely.com wss://mpsnare.iesnare.com wss://ci-mpsnare.iovation.com https://*.iovation.com/ https://*.reddit.com  https://www.redditstatic.com https://*.taboola.com https://*.launchdarkly.com https://*.alloy.co https://*.maze.co https://www.google-analytics.com https://analytics.google.com https://www.googletagmanager.com/ https://api.hubapi.com https://forms.hubspot.com https://stats.g.doubleclick.net https://alb.reddit.com https://analytics.twitter.com https://heapanalytics.com https://*.auryc.com https://*.contentsquare.net https://siteintercept.qualtrics.com https://api.userway.org/".

[2025-09-20 17:42:49.623] INFO - 22:42:49.617Z visibilitychange: hidden, gd: 1000
[2025-09-20 17:42:49.626] INFO - 22:42:49.617Z visibilitychange: hidden, gd: 1000
[2025-09-20 17:42:49.628] WARNING - 22:42:49.618Z [LaunchDarkly] Error on stream connection: {"isTrusted":true}, will continue retrying after 720 milliseconds.
[2025-09-20 17:42:49.628] WARNING - 22:42:49.618Z [LaunchDarkly] Error on stream connection: {"isTrusted":true}, will continue retrying after 720 milliseconds.
[2025-09-20 17:42:49.629] INFO - 22:42:49.618Z [LaunchDarkly] Closing stream connection
[2025-09-20 17:42:49.631] INFO - 22:42:49.618Z [LaunchDarkly] Closing stream connection
[2025-09-20 17:42:49.787] WARNING - Duplicate atom key "locale". This is a FATAL ERROR in
      production. But it is safe to ignore this warning if it occurred because of
      hot module replacement.
[2025-09-20 17:42:49.790] WARNING - Duplicate atom key "locale". This is a FATAL ERROR in
      production. But it is safe to ignore this warning if it occurred because of
      hot module replacement.
[2025-09-20 17:42:49.792] WARNING - Duplicate atom key "muiTheme". This is a FATAL ERROR in
      production. But it is safe to ignore this warning if it occurred because of
      hot module replacement.
[2025-09-20 17:42:49.794] WARNING - Duplicate atom key "muiTheme". This is a FATAL ERROR in
      production. But it is safe to ignore this warning if it occurred because of
      hot module replacement.
[2025-09-20 17:42:49.795] WARNING - Duplicate atom key "appLinksFooter". This is a FATAL ERROR in
      production. But it is safe to ignore this warning if it occurred because of
      hot module replacement.
[2025-09-20 17:42:49.796] WARNING - Duplicate atom key "appLinksFooter". This is a FATAL ERROR in
      production. But it is safe to ignore this warning if it occurred because of
      hot module replacement.
[2025-09-20 17:42:49.797] WARNING - Duplicate atom key "currentUserId2". This is a FATAL ERROR in
      production. But it is safe to ignore this warning if it occurred because of
      hot module replacement.
[2025-09-20 17:42:49.797] WARNING - Duplicate atom key "currentUserId2". This is a FATAL ERROR in
      production. But it is safe to ignore this warning if it occurred because of
      hot module replacement.
[2025-09-20 17:42:49.798] WARNING - Duplicate atom key "onboardingInProgress". This is a FATAL ERROR in
      production. But it is safe to ignore this warning if it occurred because of
      hot module replacement.
[2025-09-20 17:42:49.799] WARNING - Duplicate atom key "onboardingInProgress". This is a FATAL ERROR in
      production. But it is safe to ignore this warning if it occurred because of
      hot module replacement.
[2025-09-20 17:42:49.800] WARNING - Duplicate atom key "editing". This is a FATAL ERROR in
      production. But it is safe to ignore this warning if it occurred because of
      hot module replacement.
[2025-09-20 17:42:49.801] WARNING - Duplicate atom key "editing". This is a FATAL ERROR in
      production. But it is safe to ignore this warning if it occurred because of
      hot module replacement.
[2025-09-20 17:42:49.802] WARNING - Duplicate atom key "infoMessage". This is a FATAL ERROR in
      production. But it is safe to ignore this warning if it occurred because of
      hot module replacement.
[2025-09-20 17:42:49.803] WARNING - Duplicate atom key "infoMessage". This is a FATAL ERROR in
      production. But it is safe to ignore this warning if it occurred because of
      hot module replacement.
[2025-09-20 17:42:49.803] WARNING - Duplicate atom key "browserWarning". This is a FATAL ERROR in
      production. But it is safe to ignore this warning if it occurred because of
      hot module replacement.
[2025-09-20 17:42:49.804] WARNING - Duplicate atom key "browserWarning". This is a FATAL ERROR in
      production. But it is safe to ignore this warning if it occurred because of
      hot module replacement.
[2025-09-20 17:42:49.805] WARNING - Duplicate atom key "clockWarning". This is a FATAL ERROR in
      production. But it is safe to ignore this warning if it occurred because of
      hot module replacement.
[2025-09-20 17:42:49.807] WARNING - Duplicate atom key "clockWarning". This is a FATAL ERROR in
      production. But it is safe to ignore this warning if it occurred because of
      hot module replacement.
[2025-09-20 17:42:49.808] WARNING - Duplicate atom key "breakpoint". This is a FATAL ERROR in
      production. But it is safe to ignore this warning if it occurred because of
      hot module replacement.
[2025-09-20 17:42:49.809] WARNING - Duplicate atom key "breakpoint". This is a FATAL ERROR in
      production. But it is safe to ignore this warning if it occurred because of
      hot module replacement.
[2025-09-20 17:42:49.810] WARNING - Duplicate atom key "inMobileRange". This is a FATAL ERROR in
      production. But it is safe to ignore this warning if it occurred because of
      hot module replacement.
[2025-09-20 17:42:49.811] WARNING - Duplicate atom key "inMobileRange". This is a FATAL ERROR in
      production. But it is safe to ignore this warning if it occurred because of
      hot module replacement.
[2025-09-20 17:42:49.812] WARNING - Duplicate atom key "gridSpacing". This is a FATAL ERROR in
      production. But it is safe to ignore this warning if it occurred because of
      hot module replacement.
[2025-09-20 17:42:49.814] WARNING - Duplicate atom key "gridSpacing". This is a FATAL ERROR in
      production. But it is safe to ignore this warning if it occurred because of
      hot module replacement.
[2025-09-20 17:42:49.814] WARNING - Duplicate atom key "login". This is a FATAL ERROR in
      production. But it is safe to ignore this warning if it occurred because of
      hot module replacement.
[2025-09-20 17:42:49.815] WARNING - Duplicate atom key "login". This is a FATAL ERROR in
      production. But it is safe to ignore this warning if it occurred because of
      hot module replacement.
[2025-09-20 17:42:49.816] WARNING - Duplicate atom key "error". This is a FATAL ERROR in
      production. But it is safe to ignore this warning if it occurred because of
      hot module replacement.
[2025-09-20 17:42:49.817] WARNING - Duplicate atom key "error". This is a FATAL ERROR in
      production. But it is safe to ignore this warning if it occurred because of
      hot module replacement.
[2025-09-20 17:42:49.818] WARNING - Duplicate atom key "contactInfos2". This is a FATAL ERROR in
      production. But it is safe to ignore this warning if it occurred because of
      hot module replacement.
[2025-09-20 17:42:49.819] WARNING - Duplicate atom key "contactInfos2". This is a FATAL ERROR in
      production. But it is safe to ignore this warning if it occurred because of
      hot module replacement.
[2025-09-20 17:42:49.819] WARNING - Duplicate atom key "individualApplicantsTimestamp". This is a FATAL ERROR in
      production. But it is safe to ignore this warning if it occurred because of
      hot module replacement.
[2025-09-20 17:42:49.820] WARNING - Duplicate atom key "individualApplicantsTimestamp". This is a FATAL ERROR in
      production. But it is safe to ignore this warning if it occurred because of
      hot module replacement.
[2025-09-20 17:42:49.820] WARNING - Duplicate atom key "customerApplication". This is a FATAL ERROR in
      production. But it is safe to ignore this warning if it occurred because of
      hot module replacement.
[2025-09-20 17:42:49.820] WARNING - Duplicate atom key "customerApplication". This is a FATAL ERROR in
      production. But it is safe to ignore this warning if it occurred because of
      hot module replacement.
[2025-09-20 17:42:49.820] WARNING - Duplicate atom key "individualApplicants". This is a FATAL ERROR in
      production. But it is safe to ignore this warning if it occurred because of
      hot module replacement.
[2025-09-20 17:42:49.820] WARNING - Duplicate atom key "individualApplicants". This is a FATAL ERROR in
      production. But it is safe to ignore this warning if it occurred because of
      hot module replacement.
[2025-09-20 17:42:49.820] WARNING - Duplicate atom key "clearingHouses". This is a FATAL ERROR in
      production. But it is safe to ignore this warning if it occurred because of
      hot module replacement.
[2025-09-20 17:42:49.821] WARNING - Duplicate atom key "clearingHouses". This is a FATAL ERROR in
      production. But it is safe to ignore this warning if it occurred because of
      hot module replacement.
[2025-09-20 17:42:49.821] WARNING - Duplicate atom key "clearXClearingHouse". This is a FATAL ERROR in
      production. But it is safe to ignore this warning if it occurred because of
      hot module replacement.
[2025-09-20 17:42:49.821] WARNING - Duplicate atom key "clearXClearingHouse". This is a FATAL ERROR in
      production. But it is safe to ignore this warning if it occurred because of
      hot module replacement.
[2025-09-20 17:42:49.821] WARNING - Duplicate atom key "applicationClearingHouse". This is a FATAL ERROR in
      production. But it is safe to ignore this warning if it occurred because of
      hot module replacement.
[2025-09-20 17:42:49.821] WARNING - Duplicate atom key "applicationClearingHouse". This is a FATAL ERROR in
      production. But it is safe to ignore this warning if it occurred because of
      hot module replacement.
[2025-09-20 17:42:49.821] WARNING - Duplicate atom key "userLocation". This is a FATAL ERROR in
      production. But it is safe to ignore this warning if it occurred because of
      hot module replacement.
[2025-09-20 17:42:49.821] WARNING - Duplicate atom key "userLocation". This is a FATAL ERROR in
      production. But it is safe to ignore this warning if it occurred because of
      hot module replacement.
[2025-09-20 17:42:49.821] WARNING - Duplicate atom key "savedApplicationsTimestamp". This is a FATAL ERROR in
      production. But it is safe to ignore this warning if it occurred because of
      hot module replacement.
[2025-09-20 17:42:49.822] WARNING - Duplicate atom key "savedApplicationsTimestamp". This is a FATAL ERROR in
      production. But it is safe to ignore this warning if it occurred because of
      hot module replacement.
[2025-09-20 17:42:49.822] WARNING - Duplicate atom key "savedApplications". This is a FATAL ERROR in
      production. But it is safe to ignore this warning if it occurred because of
      hot module replacement.
[2025-09-20 17:42:49.822] WARNING - Duplicate atom key "savedApplications". This is a FATAL ERROR in
      production. But it is safe to ignore this warning if it occurred because of
      hot module replacement.
[2025-09-20 17:42:49.822] WARNING - Duplicate atom key "step". This is a FATAL ERROR in
      production. But it is safe to ignore this warning if it occurred because of
      hot module replacement.
[2025-09-20 17:42:49.822] WARNING - Duplicate atom key "step". This is a FATAL ERROR in
      production. But it is safe to ignore this warning if it occurred because of
      hot module replacement.
[2025-09-20 17:42:49.822] WARNING - Duplicate atom key "checkStates". This is a FATAL ERROR in
      production. But it is safe to ignore this warning if it occurred because of
      hot module replacement.
[2025-09-20 17:42:49.823] WARNING - Duplicate atom key "checkStates". This is a FATAL ERROR in
      production. But it is safe to ignore this warning if it occurred because of
      hot module replacement.
[2025-09-20 17:42:49.823] WARNING - Duplicate atom key "signStates". This is a FATAL ERROR in
      production. But it is safe to ignore this warning if it occurred because of
      hot module replacement.
[2025-09-20 17:42:49.823] WARNING - Duplicate atom key "signStates". This is a FATAL ERROR in
      production. But it is safe to ignore this warning if it occurred because of
      hot module replacement.
[2025-09-20 17:42:49.823] WARNING - Duplicate atom key "wizard". This is a FATAL ERROR in
      production. But it is safe to ignore this warning if it occurred because of
      hot module replacement.
[2025-09-20 17:42:49.823] WARNING - Duplicate atom key "wizard". This is a FATAL ERROR in
      production. But it is safe to ignore this warning if it occurred because of
      hot module replacement.
[2025-09-20 17:42:49.823] WARNING - Duplicate atom key "formBuilder". This is a FATAL ERROR in
      production. But it is safe to ignore this warning if it occurred because of
      hot module replacement.
[2025-09-20 17:42:49.823] WARNING - Duplicate atom key "formBuilder". This is a FATAL ERROR in
      production. But it is safe to ignore this warning if it occurred because of
      hot module replacement.
[2025-09-20 17:42:49.823] WARNING - Duplicate atom key "headerSlot". This is a FATAL ERROR in
      production. But it is safe to ignore this warning if it occurred because of
      hot module replacement.
[2025-09-20 17:42:49.824] WARNING - Duplicate atom key "headerSlot". This is a FATAL ERROR in
      production. But it is safe to ignore this warning if it occurred because of
      hot module replacement.
[2025-09-20 17:42:49.824] WARNING - Duplicate atom key "footerSlot". This is a FATAL ERROR in
      production. But it is safe to ignore this warning if it occurred because of
      hot module replacement.
[2025-09-20 17:42:49.824] WARNING - Duplicate atom key "footerSlot". This is a FATAL ERROR in
      production. But it is safe to ignore this warning if it occurred because of
      hot module replacement.
[2025-09-20 17:42:49.824] WARNING - Duplicate atom key "alloyJourneyToken". This is a FATAL ERROR in
      production. But it is safe to ignore this warning if it occurred because of
      hot module replacement.
[2025-09-20 17:42:49.824] WARNING - Duplicate atom key "alloyJourneyToken". This is a FATAL ERROR in
      production. But it is safe to ignore this warning if it occurred because of
      hot module replacement.
[2025-09-20 17:42:49.824] DEBUG - [bugsnag] Loaded!
[2025-09-20 17:42:49.824] DEBUG - [bugsnag] Loaded!
[2025-09-20 17:42:49.824] INFO - Version 3.250912.0 prod production 
[2025-09-20 17:42:49.825] INFO - Version 3.250912.0 prod production 
[2025-09-20 17:42:49.825] INFO - Time: Sat Sep 20 2025 17:42:49 GMT-0500 (Central Daylight Time)
[2025-09-20 17:42:49.825] INFO - Time:
[2025-09-20 17:42:49.855] LOG - 22:42:49.853Z Try to restore session
[2025-09-20 17:42:49.855] LOG - 22:42:49.853Z Try to restore session
[2025-09-20 17:42:49.856] LOG - 22:42:49.854Z Access token will be renewed in 75 minutes; expired: Sat Sep 20 2025 19:02:47 GMT-0500 (Central Daylight Time), now: Sat Sep 20 2025 17:42:49 GMT-0500 (Central Daylight Time)
[2025-09-20 17:42:49.856] LOG - 22:42:49.854Z Access token will be renewed in 75 minutes; expired: Sat Sep 20 2025 19:02:47 GMT-0500 (Central Daylight Time), now: Sat Sep 20 2025 17:42:49 GMT-0500 (Central Daylight Time)
[2025-09-20 17:42:49.862] WARNING - 22:42:49.860Z [LaunchDarkly] The waitForInitialization function was called without a timeout specified. In a future version a default timeout will be applied.
[2025-09-20 17:42:49.863] WARNING - 22:42:49.860Z [LaunchDarkly] The waitForInitialization function was called without a timeout specified. In a future version a default timeout will be applied.
[2025-09-20 17:42:49.864] INFO - 22:42:49.863Z chart cache state: islands=1, bars=395
[2025-09-20 17:42:49.865] INFO - 22:42:49.863Z chart cache state: islands=1, bars=395
[2025-09-20 17:42:49.865] INFO - 22:42:49.863Z Chart history database initialized
[2025-09-20 17:42:49.866] INFO - 22:42:49.863Z Chart history database initialized
[2025-09-20 17:42:49.879] INFO - 22:42:49.876Z [LaunchDarkly] LaunchDarkly client initialized
[2025-09-20 17:42:49.879] INFO - 22:42:49.876Z [LaunchDarkly] LaunchDarkly client initialized
[2025-09-20 17:42:49.879] INFO - 22:42:49.877Z [LaunchDarkly] Opening stream connection to https://clientstream.launchdarkly.com/eval/66cdf5b9cf61891061b4e437/eyJraW5kIjoidXNlciIsImtleSI6InVua25vd24iLCJhbm9ueW1vdXMiOmZhbHNlfQ
[2025-09-20 17:42:49.880] INFO - 22:42:49.877Z [LaunchDarkly] Opening stream connection to https://clientstream.launchdarkly.com/eval/66cdf5b9cf61891061b4e437/eyJraW5kIjoidXNlciIsImtleSI6InVua25vd24iLCJhbm9ueW1vdXMiOmZhbHNlfQ
[2025-09-20 17:42:50.413] error - Access to XMLHttpRequest at 'https://app.launchdarkly.com/sdk/evalx/66cdf5b9cf61891061b4e437/contexts/eyJraW5kIjoidXNlciIsImtleSI6IjM2NTUwNTkiLCJkZXZpY2UiOiJkZXNrdG9wIiwidXNlcklkIjozNjU1MDU5LCJpcENvdW50cnkiOiJVUyIsIm9yZ05hbWUiOiJURFYiLCJuYW1lIjoiU3Rvbmt6OTIyMjQiLCJsYW5kaW5nUGFyYW1zIjoiIn0' from origin 'https://trader.tradovate.com' has been blocked by CORS policy: No 'Access-Control-Allow-Origin' header is present on the requested resource.
[2025-09-20 17:42:50.414] ERROR - 22:42:50.413Z [LaunchDarkly] network error (Error)
[2025-09-20 17:42:50.415] ERROR - 22:42:50.413Z [LaunchDarkly] network error (Error)
[2025-09-20 17:42:50.416] error - Failed to load resource: net::ERR_FAILED
[2025-09-20 17:42:50.419] ERROR - Exception: t
[2025-09-20 17:42:50.501] error - Access to XMLHttpRequest at 'https://app.launchdarkly.com/sdk/evalx/66cdf5b9cf61891061b4e437/contexts/eyJraW5kIjoidXNlciIsImtleSI6IjM2NTUwNTkiLCJkZXZpY2UiOiJkZXNrdG9wIiwidXNlcklkIjozNjU1MDU5LCJpcENvdW50cnkiOiJVUyIsIm9yZ05hbWUiOiJURFYiLCJuYW1lIjoiU3Rvbmt6OTIyMjQiLCJsYW5kaW5nUGFyYW1zIjoiIn0' from origin 'https://trader.tradovate.com' has been blocked by CORS policy: No 'Access-Control-Allow-Origin' header is present on the requested resource.
[2025-09-20 17:42:50.501] ERROR - 22:42:50.499Z [LaunchDarkly] network error (Error)
[2025-09-20 17:42:50.501] ERROR - 22:42:50.499Z [LaunchDarkly] network error (Error)
[2025-09-20 17:42:50.502] error - Failed to load resource: net::ERR_FAILED
[2025-09-20 17:42:50.503] ERROR - Exception: t
[2025-09-20 17:42:51.192] LOG - 22:42:51.188Z opening https://demo.tradovateapi.com/
[2025-09-20 17:42:51.192] LOG - 22:42:51.188Z opening https://demo.tradovateapi.com/
[2025-09-20 17:42:51.196] LOG - 22:42:51.195Z Hotkeys initialized {"Shift+Digit1":["orders/selectColumns"],"Shift+Digit2":["orders/showFilters"],"Shift+Digit3":["orders/standardTableView"],"Shift+Digit4":["orders/linkedOrdersView"],"Command+Shift+Digit0":["dom-chart/exit-and-cancel"]}
[2025-09-20 17:42:51.196] LOG - 22:42:51.195Z Hotkeys initialized {"Shift+Digit1":["orders/selectColumns"],"Shift+Digit2":["orders/showFilters"],"Shift+Digit3":["orders/standardTableView"],"Shift+Digit4":["orders/linkedOrdersView"],"Command+Shift+Digit0":["dom-chart/exit-and-cancel"]}
[2025-09-20 17:42:51.265] LOG - 22:42:51.264Z websocket opened
[2025-09-20 17:42:51.265] LOG - 22:42:51.264Z websocket opened
[2025-09-20 17:42:51.337] LOG - 22:42:51.336Z opening https://md-demo.tradovateapi.com/
[2025-09-20 17:42:51.338] LOG - 22:42:51.336Z opening https://md-demo.tradovateapi.com/
[2025-09-20 17:42:51.339] LOG - 22:42:51.337Z Connection:  open
[2025-09-20 17:42:51.339] LOG - 22:42:51.337Z Connection:  open
[2025-09-20 17:42:51.386] LOG - 22:42:51.385Z WebGL:  {"isWebGL2":true,"precision":"highp","logarithmicDepthBuffer":false,"maxTextures":16,"maxVertexTextures":16,"maxTextureSize":16384,"maxCubemapSize":16384,"maxAttributes":16,"maxVertexUniforms":1024,"maxVaryings":30,"maxFragmentUniforms":1024,"vertexTextures":true,"floatFragmentTextures":true,"floatVertexTextures":true,"maxSamples":8} , devicePixelRatio:  2
[2025-09-20 17:42:51.389] LOG - 22:42:51.385Z Canvas size: 1258 933 dpp:  2
[2025-09-20 17:42:51.435] LOG - 22:42:51.395Z Loading App-level Plugins
[2025-09-20 17:42:51.437] LOG - 22:42:51.395Z Loading App-level Plugins
[2025-09-20 17:42:51.437] LOG - 22:42:51.404Z WebGL:  {"isWebGL2":true,"precision":"highp","logarithmicDepthBuffer":false,"maxTextures":16,"maxVertexTextures":16,"maxTextureSize":16384,"maxCubemapSize":16384,"maxAttributes":16,"maxVertexUniforms":1024,"maxVaryings":30,"maxFragmentUniforms":1024,"vertexTextures":true,"floatFragmentTextures":true,"floatVertexTextures":true,"maxSamples":8} , devicePixelRatio:  2
[2025-09-20 17:42:51.439] LOG - 22:42:51.405Z Canvas size: 1258 933 dpp:  2
[2025-09-20 17:42:51.482] LOG - 22:42:51.468Z websocket opened
[2025-09-20 17:42:51.482] LOG - 22:42:51.468Z websocket opened
[2025-09-20 17:42:51.693] LOG - 22:42:51.689Z sync to remote accountGroups
[2025-09-20 17:42:51.694] LOG - 22:42:51.689Z sync to remote accountGroups
[2025-09-20 17:42:51.703] LOG - 22:42:51.702Z loadAppLevelPlugins:  [object Object]
[2025-09-20 17:42:51.703] LOG - 22:42:51.702Z loadAppLevelPlugins: 
[2025-09-20 17:42:52.505] LOG - 22:42:52.504Z jailing is in progress
[2025-09-20 17:42:52.506] LOG - 22:42:52.504Z jailing is in progress
[2025-09-20 17:42:52.532] LOG - 22:42:52.509Z created chart 1
[2025-09-20 17:42:52.702] LOG - 22:42:52.701Z requestChart: {"symbol":"3267312","chartDescription":{"underlyingType":"Tick","elementSize":5000,"elementSizeUnit":"UnderlyingUnits","withHistogram":false},"timeRange":{"asMuchAsElements":392}}
[2025-09-20 17:42:52.702] LOG - 22:42:52.701Z requestChart: {"symbol":"3267312","chartDescription":{"underlyingType":"Tick","elementSize":5000,"elementSizeUnit":"UnderlyingUnits","withHistogram":false},"timeRange":{"asMuchAsElements":392}}
[2025-09-20 17:42:52.705] LOG - 22:42:52.701Z mdMgApi open
[2025-09-20 17:42:52.705] LOG - 22:42:52.701Z mdMgApi open
[2025-09-20 17:42:52.802] LOG - 22:42:52.801Z pending jailing done. next starts
[2025-09-20 17:42:52.802] LOG - 22:42:52.801Z pending jailing done. next starts
[2025-09-20 17:42:53.899] LOG - 22:42:53.898Z updating the shared isolation
[2025-09-20 17:42:53.899] LOG - 22:42:53.898Z updating the shared isolation
[2025-09-20 17:42:54.250] LOG - 22:42:54.249Z updating the shared isolation
[2025-09-20 17:42:54.251] LOG - 22:42:54.249Z updating the shared isolation
[2025-09-20 17:42:56.491] LOG - 22:42:56.490Z Auto Order script initialized - AUTOMATIC HOT RELOAD SUCCESS!
[2025-09-20 17:42:56.492] LOG - 22:42:56.490Z Auto Order script initialized - AUTOMATIC HOT RELOAD SUCCESS!
[2025-09-20 17:42:56.493] LOG - 22:42:56.491Z Creating UI...
[2025-09-20 17:42:56.493] LOG - 22:42:56.491Z Creating UI...
[2025-09-20 17:42:56.493] LOG - 22:42:56.491Z Creating UI
[2025-09-20 17:42:56.493] LOG - 22:42:56.491Z Creating UI
[2025-09-20 17:42:56.494] LOG - 22:42:56.491Z Stored values: TP=120, SL=40, Qty=30, Tick=0.25, Symbol=NQ
[2025-09-20 17:42:56.496] LOG - 22:42:56.491Z Stored values: TP=120, SL=40, Qty=30, Tick=0.25, Symbol=NQ
[2025-09-20 17:42:56.496] LOG - 22:42:56.493Z UI container added to DOM
[2025-09-20 17:42:56.497] LOG - 22:42:56.493Z UI container added to DOM
[2025-09-20 17:42:56.498] LOG - 22:42:56.493Z Setting up UI event handlers
[2025-09-20 17:42:56.499] LOG - 22:42:56.493Z Setting up UI event handlers
[2025-09-20 17:42:56.500] LOG - 22:42:56.493Z Setting up persistent settings
[2025-09-20 17:42:56.500] LOG - 22:42:56.493Z Setting up persistent settings
[2025-09-20 17:42:56.501] LOG - 22:42:56.494Z Setting up drag functionality
[2025-09-20 17:42:56.501] LOG - 22:42:56.494Z Setting up drag functionality
[2025-09-20 17:42:56.502] LOG - 22:42:56.494Z Setting up trade buttons
[2025-09-20 17:42:56.502] LOG - 22:42:56.494Z Setting up trade buttons
[2025-09-20 17:42:56.502] LOG - 22:42:56.494Z UI creation complete
[2025-09-20 17:42:56.503] LOG - 22:42:56.494Z UI creation complete
[2025-09-20 17:42:56.503] LOG - 22:42:56.494Z Creating example front-quarter symbol
[2025-09-20 17:42:56.503] LOG - 22:42:56.494Z Creating example front-quarter symbol
[2025-09-20 17:42:56.503] LOG - 22:42:56.494Z getQuarterlyCode called with date: 2025-09-20T22:42:56.494Z
[2025-09-20 17:42:56.503] LOG - 22:42:56.494Z getQuarterlyCode called with date: 2025-09-20T22:42:56.494Z
[2025-09-20 17:42:56.503] LOG - 22:42:56.494Z Current month index: 8
[2025-09-20 17:42:56.503] LOG - 22:42:56.494Z Current month index: 8
[2025-09-20 17:42:56.503] LOG - 22:42:56.495Z Starting calculation with year=2025, month=8
[2025-09-20 17:42:56.504] LOG - 22:42:56.495Z Starting calculation with year=2025, month=8
[2025-09-20 17:42:56.504] LOG - 22:42:56.495Z Calculated quarterly code: letter=Z, yearDigit=5
[2025-09-20 17:42:56.504] LOG - 22:42:56.495Z Calculated quarterly code: letter=Z, yearDigit=5
[2025-09-20 17:42:56.504] LOG - 22:42:56.495Z Example front-quarter symbol created: NQZ5
[2025-09-20 17:42:56.504] LOG - 22:42:56.495Z Example front-quarter symbol created: NQZ5
[2025-09-20 17:42:56.512] LOG - 22:42:56.510Z Auto Risk Management: Running initial risk assessment...
[2025-09-20 17:42:56.514] LOG - 22:42:56.510Z Auto Risk Management: Running initial risk assessment...
[2025-09-20 17:42:56.515] LOG - 22:42:56.511Z [analyzePhase] resetting phaseData
[2025-09-20 17:42:56.516] LOG - 22:42:56.511Z [analyzePhase] resetting phaseData
[2025-09-20 17:42:56.517] LOG - 22:42:56.512Z [analyzePhase] set phase 1 maxActive to 1
[2025-09-20 17:42:56.518] LOG - 22:42:56.512Z [analyzePhase] set phase 1 maxActive to 1
[2025-09-20 17:42:56.518] LOG - 22:42:56.512Z [analyzePhase] increased phase 2 maxActive to 1
[2025-09-20 17:42:56.519] LOG - 22:42:56.512Z [analyzePhase] increased phase 2 maxActive to 1
[2025-09-20 17:42:56.521] LOG - 22:42:56.513Z [updateUserColumnPhaseStatus] Starting...
[2025-09-20 17:42:56.521] LOG - 22:42:56.513Z [updateUserColumnPhaseStatus] Starting...
[2025-09-20 17:42:56.522] LOG - 22:42:56.513Z [updateUserColumnPhaseStatus] Found 4 rows
[2025-09-20 17:42:56.523] LOG - 22:42:56.513Z [updateUserColumnPhaseStatus] Found 4 rows
[2025-09-20 17:42:56.523] LOG - 22:42:56.513Z [updateUserColumnPhaseStatus] Header cells: Account ▲,Total Available Margin,User,Dist Drawdown Net Liq,Dollar Open P L,Dollar Total P L
[2025-09-20 17:42:56.523] LOG - 22:42:56.513Z [updateUserColumnPhaseStatus] Header cells:
[2025-09-20 17:42:56.523] LOG - 22:42:56.514Z [updateUserColumnPhaseStatus] Found User column at index 2
[2025-09-20 17:42:56.523] LOG - 22:42:56.514Z [updateUserColumnPhaseStatus] Found User column at index 2
[2025-09-20 17:42:56.523] LOG - 22:42:56.514Z [updateUserColumnPhaseStatus] Getting table data...
[2025-09-20 17:42:56.524] LOG - 22:42:56.514Z [updateUserColumnPhaseStatus] Getting table data...
[2025-09-20 17:42:56.524] LOG - 22:42:56.514Z [analyzePhase] resetting phaseData
[2025-09-20 17:42:56.524] LOG - 22:42:56.514Z [analyzePhase] resetting phaseData
[2025-09-20 17:42:56.524] LOG - 22:42:56.514Z [analyzePhase] set phase 1 maxActive to 1
[2025-09-20 17:42:56.524] LOG - 22:42:56.514Z [analyzePhase] set phase 1 maxActive to 1
[2025-09-20 17:42:56.524] LOG - 22:42:56.515Z [analyzePhase] increased phase 2 maxActive to 1
[2025-09-20 17:42:56.525] LOG - 22:42:56.515Z [analyzePhase] increased phase 2 maxActive to 1
[2025-09-20 17:42:56.525] LOG - 22:42:56.515Z [updateUserColumnPhaseStatus] Table data: 3 rows
[2025-09-20 17:42:56.525] LOG - 22:42:56.515Z [updateUserColumnPhaseStatus] Table data: 3 rows
[2025-09-20 17:42:56.525] LOG - 22:42:56.515Z [updateUserColumnPhaseStatus] First data row has 6 cells, we need index 2
[2025-09-20 17:42:56.525] LOG - 22:42:56.515Z [updateUserColumnPhaseStatus] First data row has 6 cells, we need index 2
[2025-09-20 17:42:56.525] LOG - 22:42:56.515Z [updateUserColumnPhaseStatus] Setting row 1 (DEMO3655059) phase=1, active=true
[2025-09-20 17:42:56.525] LOG - 22:42:56.515Z [updateUserColumnPhaseStatus] Setting row 1 (DEMO3655059) phase=1, active=true
[2025-09-20 17:42:56.525] LOG - 22:42:56.515Z [updateUserColumnPhaseStatus] Setting row 2 (DEMO3655059-1) phase=2, active=true
[2025-09-20 17:42:56.526] LOG - 22:42:56.515Z [updateUserColumnPhaseStatus] Setting row 2 (DEMO3655059-1) phase=2, active=true
[2025-09-20 17:42:56.526] LOG - 22:42:56.516Z [updateUserColumnPhaseStatus] Setting row 3 (DEMO3655059-2) phase=2, active=false
[2025-09-20 17:42:56.526] LOG - 22:42:56.516Z [updateUserColumnPhaseStatus] Setting row 3 (DEMO3655059-2) phase=2, active=false
[2025-09-20 17:42:56.526] LOG - 22:42:56.516Z [updateUserColumnPhaseStatus] Completed
[2025-09-20 17:42:56.526] LOG - 22:42:56.516Z [updateUserColumnPhaseStatus] Completed
[2025-09-20 17:42:56.540] warning - The AudioContext was not allowed to start. It must be resumed (or created) after a user gesture on the page. https://developer.chrome.com/blog/autoplay/#web_audio
[2025-09-20 17:42:56.540] LOG - 22:42:56.528Z Auto Risk Management: Initial risk assessment completed
[2025-09-20 17:42:56.540] LOG - 22:42:56.528Z Auto Risk Management: Initial risk assessment completed
[2025-09-20 17:42:57.547] LOG - 22:42:57.545Z Executing initial risk management assessment...
[2025-09-20 17:42:57.548] LOG - 22:42:57.545Z Executing initial risk management assessment...
[2025-09-20 17:42:57.549] ERROR - 22:42:57.546Z getTableData function not found
[2025-09-20 17:42:57.550] ERROR - 22:42:57.546Z getTableData function not found
[2025-09-20 17:42:57.552] ERROR - 22:42:57.546Z updateUserColumnPhaseStatus function not found
[2025-09-20 17:42:57.553] ERROR - 22:42:57.546Z updateUserColumnPhaseStatus function not found
[2025-09-20 17:42:57.554] ERROR - 22:42:57.546Z performAccountActions function not found
[2025-09-20 17:42:57.554] ERROR - 22:42:57.546Z performAccountActions function not found
[2025-09-20 17:42:57.554] LOG - 22:42:57.547Z Risk management assessment completed
[2025-09-20 17:42:57.554] LOG - 22:42:57.547Z Risk management assessment completed
[2025-09-20 17:42:57.572] LOG - 22:42:57.571Z [analyzePhase] resetting phaseData
[2025-09-20 17:42:57.573] LOG - 22:42:57.571Z [analyzePhase] resetting phaseData
[2025-09-20 17:42:57.574] LOG - 22:42:57.571Z [analyzePhase] set phase 1 maxActive to 1
[2025-09-20 17:42:57.574] LOG - 22:42:57.571Z [analyzePhase] set phase 1 maxActive to 1
[2025-09-20 17:42:57.575] LOG - 22:42:57.572Z [analyzePhase] increased phase 2 maxActive to 1
[2025-09-20 17:42:57.575] LOG - 22:42:57.572Z [analyzePhase] increased phase 2 maxActive to 1
[2025-09-20 17:42:58.075] LOG - 22:42:58.073Z [analyzePhase] resetting phaseData
[2025-09-20 17:42:58.076] LOG - 22:42:58.073Z [analyzePhase] resetting phaseData
[2025-09-20 17:42:58.078] LOG - 22:42:58.074Z [analyzePhase] set phase 1 maxActive to 1
[2025-09-20 17:42:58.078] LOG - 22:42:58.074Z [analyzePhase] set phase 1 maxActive to 1
[2025-09-20 17:42:58.079] LOG - 22:42:58.074Z [analyzePhase] increased phase 2 maxActive to 1
[2025-09-20 17:42:58.080] LOG - 22:42:58.074Z [analyzePhase] increased phase 2 maxActive to 1
[2025-09-20 17:42:58.081] LOG - 22:42:58.076Z Set DEMO3655059 qty to 20
[2025-09-20 17:42:58.082] LOG - 22:42:58.076Z Set DEMO3655059-1 qty to 10
[2025-09-20 17:42:58.082] LOG - 22:42:58.076Z [analyzePhase] resetting phaseData
[2025-09-20 17:42:58.082] LOG - 22:42:58.076Z [analyzePhase] resetting phaseData
[2025-09-20 17:42:58.083] LOG - 22:42:58.076Z [analyzePhase] set phase 1 maxActive to 1
[2025-09-20 17:42:58.083] LOG - 22:42:58.076Z [analyzePhase] set phase 1 maxActive to 1
[2025-09-20 17:42:58.083] LOG - 22:42:58.077Z [analyzePhase] increased phase 2 maxActive to 1
[2025-09-20 17:42:58.083] LOG - 22:42:58.077Z [analyzePhase] increased phase 2 maxActive to 1
[2025-09-20 17:42:59.616] LOG - 22:42:59.614Z Updated master quantity to 30
[2025-09-20 17:42:59.618] LOG - 22:42:59.615Z Quantity input changed to: 30
[2025-09-20 17:42:59.618] LOG - 22:42:59.615Z Quantity input changed to: 30
[2025-09-20 17:42:59.618] LOG - 22:42:59.615Z Updated bracket trade quantity to 30
[2025-09-20 17:43:31.020] INFO - 22:43:30.986Z visibilitychange: hidden, gd: 1000
[2025-09-20 17:43:31.023] INFO - 22:43:30.986Z visibilitychange: hidden, gd: 1000
