[2025-09-20 17:45:17.898] LOG - 22:45:17.896Z Starting login process for: zenex3298@gmail.com
[2025-09-20 17:45:17.900] LOG - 22:45:17.896Z Starting login process for: zenex3298@gmail.com
[2025-09-20 17:45:17.901] LOG - 22:45:17.897Z Auto login function executing for: zenex3298@gmail.com
[2025-09-20 17:45:17.902] LOG - 22:45:17.897Z Auto login function executing for: zenex3298@gmail.com
[2025-09-20 17:45:17.902] LOG - 22:45:17.897Z Login form found, filling credentials...
[2025-09-20 17:45:17.902] LOG - 22:45:17.897Z Login form found, filling credentials...
[2025-09-20 17:45:18.047] LOG - 22:45:17.927Z Test element added to DOM
[2025-09-20 17:45:18.047] LOG - 22:45:17.927Z Test element added to DOM
[2025-09-20 17:45:18.051] LOG - 22:45:18.049Z All browser alerts and confirmations have been disabled
[2025-09-20 17:45:18.052] LOG - 22:45:18.049Z All browser alerts and confirmations have been disabled
[2025-09-20 17:45:18.412] LOG - 22:45:18.411Z Clicking login button...
[2025-09-20 17:45:18.412] LOG - 22:45:18.411Z Clicking login button...
[2025-09-20 17:45:18.423] LOG - 22:45:18.420Z authentication starting
[2025-09-20 17:45:18.424] LOG - 22:45:18.420Z authentication starting
[2025-09-20 17:45:18.758] warning - The AudioContext was not allowed to start. It must be resumed (or created) after a user gesture on the page. https://developer.chrome.com/blog/autoplay/#web_audio
[2025-09-20 17:45:18.760] LOG - 22:45:18.746Z Watching for account selection page...
[2025-09-20 17:45:18.764] LOG - 22:45:18.746Z Watching for account selection page...
[2025-09-20 17:45:19.058] LOG - 22:45:19.057Z Access token will be renewed in 75 minutes; expired: Sat Sep 20 2025 19:05:19 GMT-0500 (Central Daylight Time), now: Sat Sep 20 2025 17:45:19 GMT-0500 (Central Daylight Time)
[2025-09-20 17:45:19.058] LOG - 22:45:19.057Z Access token will be renewed in 75 minutes; expired: Sat Sep 20 2025 19:05:19 GMT-0500 (Central Daylight Time), now: Sat Sep 20 2025 17:45:19 GMT-0500 (Central Daylight Time)
[2025-09-20 17:45:19.419] error - Access to XMLHttpRequest at 'https://app.launchdarkly.com/sdk/evalx/66cdf5b9cf61891061b4e437/contexts/eyJraW5kIjoidXNlciIsImtleSI6IjQ2NTYwMjciLCJkZXZpY2UiOiJkZXNrdG9wIiwidXNlcklkIjo0NjU2MDI3LCJpcENvdW50cnkiOiJVUyIsIm9yZ05hbWUiOiJURFYiLCJuYW1lIjoiWmVuZXgzMjk4IiwibGFuZGluZ1BhcmFtcyI6IiJ9' from origin 'https://trader.tradovate.com' has been blocked by CORS policy: No 'Access-Control-Allow-Origin' header is present on the requested resource.
[2025-09-20 17:45:19.419] error - Failed to load resource: net::ERR_FAILED
[2025-09-20 17:45:19.438] error - Access to XMLHttpRequest at 'https://app.launchdarkly.com/sdk/evalx/66cdf5b9cf61891061b4e437/contexts/eyJraW5kIjoidXNlciIsImtleSI6IjQ2NTYwMjciLCJkZXZpY2UiOiJkZXNrdG9wIiwidXNlcklkIjo0NjU2MDI3LCJpcENvdW50cnkiOiJVUyIsIm9yZ05hbWUiOiJURFYiLCJuYW1lIjoiWmVuZXgzMjk4IiwibGFuZGluZ1BhcmFtcyI6IiJ9' from origin 'https://trader.tradovate.com' has been blocked by CORS policy: No 'Access-Control-Allow-Origin' header is present on the requested resource.
[2025-09-20 17:45:19.440] ERROR - 22:45:19.433Z [LaunchDarkly] network error (Error)
[2025-09-20 17:45:19.440] ERROR - 22:45:19.433Z [LaunchDarkly] network error (Error)
[2025-09-20 17:45:19.440] ERROR - 22:45:19.434Z [LaunchDarkly] network error (Error)
[2025-09-20 17:45:19.440] ERROR - 22:45:19.434Z [LaunchDarkly] network error (Error)
[2025-09-20 17:45:19.441] error - Failed to load resource: net::ERR_FAILED
[2025-09-20 17:45:19.446] ERROR - Exception: t
[2025-09-20 17:45:19.447] ERROR - Exception: t
[2025-09-20 17:45:19.752] LOG - 22:45:19.752Z Account selection page detected, clicking button...
[2025-09-20 17:45:19.753] LOG - 22:45:19.752Z Account selection page detected, clicking button...
[2025-09-20 17:45:19.913] LOG - 22:45:19.887Z Access token will be renewed in 75 minutes; expired: Sat Sep 20 2025 19:05:19 GMT-0500 (Central Daylight Time), now: Sat Sep 20 2025 17:45:19 GMT-0500 (Central Daylight Time)
[2025-09-20 17:45:19.913] LOG - 22:45:19.887Z Access token will be renewed in 75 minutes; expired: Sat Sep 20 2025 19:05:19 GMT-0500 (Central Daylight Time), now: Sat Sep 20 2025 17:45:19 GMT-0500 (Central Daylight Time)
[2025-09-20 17:45:20.006] error - Refused to connect to 'https://bat.bing.com/actionp/0?ti=26330043&Ver=2&mid=1a8bb6f2-cf37-4926-aa4d-8973e1c47e5f&bo=2&sid=49ffa650964611f0b1c77d72422fc1b9&vid=99c3288092fe11f0bc7275adc39e6add&vids=0&msclkid=N&evt=pageHide' because it violates the following Content Security Policy directive: "connect-src wss://*.tradovate.com https://*.tradovate.com https://*.ntinnolab.com https://*.devel.ninjatrader.dev https://*.staging.ninjatrader.dev https://*.uat.ninjatrader.dev wss://*.ntinnolab.com wss://*.devel.ninjatrader.dev wss://*.staging.ninjatrader.dev wss://*.uat.ninjatrader.dev wss://*.tradovateapi.com https://*.tradovateapi.com https://*.ninjatrader.com https://cdn.walkme.com https://ec.walkme.com https://sessions.bugsnag.com https://notify.bugsnag.com https://*.plaid.com https://*.yodlee.com https://tradovate.zendesk.com https://rollout.ada.support https://static.ada.support https://ninjatrader.ada.support https://tradovate.ada.support https://ninjatrader-eap.ada.support/ https://demo-ninjatrader-gr.ada.support/ https://tradovate-gen.ada.support/ https://api.stripe.com https://apiproxy.ninjatrader.com https://apiproxy-d.ninjatrader.com https://us-autocomplete-pro.api.smartystreets.com https://international-autocomplete.api.smarty.com https://maps.googleapis.com https://accounts.google.com/ https://www.google.com https://www.googletagmanager.com/ https://*.browser-intake-datadoghq.com https://scripts.neuro-id.com https://receiver.neuroid.cloud https://logs.neuro-id.com https://firebaseinstallations.googleapis.com/ https://firebaseremoteconfig.googleapis.com/ https://logx.optimizely.com https://*.optimizely.com wss://mpsnare.iesnare.com wss://ci-mpsnare.iovation.com https://*.iovation.com/ https://*.reddit.com  https://www.redditstatic.com https://*.taboola.com https://*.launchdarkly.com https://*.alloy.co https://*.maze.co https://www.google-analytics.com https://analytics.google.com https://www.googletagmanager.com/ https://api.hubapi.com https://forms.hubspot.com https://stats.g.doubleclick.net https://alb.reddit.com https://analytics.twitter.com https://heapanalytics.com https://*.auryc.com https://*.contentsquare.net https://siteintercept.qualtrics.com https://api.userway.org/".

[2025-09-20 17:45:20.007] INFO - 22:45:20.003Z visibilitychange: hidden, gd: 1000
[2025-09-20 17:45:20.008] INFO - 22:45:20.003Z visibilitychange: hidden, gd: 1000
[2025-09-20 17:45:20.008] WARNING - 22:45:20.007Z [LaunchDarkly] Error on stream connection: {"isTrusted":true}, will continue retrying after 707 milliseconds.
[2025-09-20 17:45:20.009] WARNING - 22:45:20.007Z [LaunchDarkly] Error on stream connection: {"isTrusted":true}, will continue retrying after 707 milliseconds.
[2025-09-20 17:45:20.010] INFO - 22:45:20.007Z [LaunchDarkly] Closing stream connection
[2025-09-20 17:45:20.011] INFO - 22:45:20.007Z [LaunchDarkly] Closing stream connection
[2025-09-20 17:45:20.404] WARNING - Duplicate atom key "locale". This is a FATAL ERROR in
      production. But it is safe to ignore this warning if it occurred because of
      hot module replacement.
[2025-09-20 17:45:20.406] WARNING - Duplicate atom key "locale". This is a FATAL ERROR in
      production. But it is safe to ignore this warning if it occurred because of
      hot module replacement.
[2025-09-20 17:45:20.406] WARNING - Duplicate atom key "muiTheme". This is a FATAL ERROR in
      production. But it is safe to ignore this warning if it occurred because of
      hot module replacement.
[2025-09-20 17:45:20.407] WARNING - Duplicate atom key "muiTheme". This is a FATAL ERROR in
      production. But it is safe to ignore this warning if it occurred because of
      hot module replacement.
[2025-09-20 17:45:20.408] WARNING - Duplicate atom key "appLinksFooter". This is a FATAL ERROR in
      production. But it is safe to ignore this warning if it occurred because of
      hot module replacement.
[2025-09-20 17:45:20.408] WARNING - Duplicate atom key "appLinksFooter". This is a FATAL ERROR in
      production. But it is safe to ignore this warning if it occurred because of
      hot module replacement.
[2025-09-20 17:45:20.409] WARNING - Duplicate atom key "currentUserId2". This is a FATAL ERROR in
      production. But it is safe to ignore this warning if it occurred because of
      hot module replacement.
[2025-09-20 17:45:20.411] WARNING - Duplicate atom key "currentUserId2". This is a FATAL ERROR in
      production. But it is safe to ignore this warning if it occurred because of
      hot module replacement.
[2025-09-20 17:45:20.411] WARNING - Duplicate atom key "onboardingInProgress". This is a FATAL ERROR in
      production. But it is safe to ignore this warning if it occurred because of
      hot module replacement.
[2025-09-20 17:45:20.413] WARNING - Duplicate atom key "onboardingInProgress". This is a FATAL ERROR in
      production. But it is safe to ignore this warning if it occurred because of
      hot module replacement.
[2025-09-20 17:45:20.415] WARNING - Duplicate atom key "editing". This is a FATAL ERROR in
      production. But it is safe to ignore this warning if it occurred because of
      hot module replacement.
[2025-09-20 17:45:20.416] WARNING - Duplicate atom key "editing". This is a FATAL ERROR in
      production. But it is safe to ignore this warning if it occurred because of
      hot module replacement.
[2025-09-20 17:45:20.418] WARNING - Duplicate atom key "infoMessage". This is a FATAL ERROR in
      production. But it is safe to ignore this warning if it occurred because of
      hot module replacement.
[2025-09-20 17:45:20.419] WARNING - Duplicate atom key "infoMessage". This is a FATAL ERROR in
      production. But it is safe to ignore this warning if it occurred because of
      hot module replacement.
[2025-09-20 17:45:20.421] WARNING - Duplicate atom key "browserWarning". This is a FATAL ERROR in
      production. But it is safe to ignore this warning if it occurred because of
      hot module replacement.
[2025-09-20 17:45:20.424] WARNING - Duplicate atom key "browserWarning". This is a FATAL ERROR in
      production. But it is safe to ignore this warning if it occurred because of
      hot module replacement.
[2025-09-20 17:45:20.428] WARNING - Duplicate atom key "clockWarning". This is a FATAL ERROR in
      production. But it is safe to ignore this warning if it occurred because of
      hot module replacement.
[2025-09-20 17:45:20.430] WARNING - Duplicate atom key "clockWarning". This is a FATAL ERROR in
      production. But it is safe to ignore this warning if it occurred because of
      hot module replacement.
[2025-09-20 17:45:20.432] WARNING - Duplicate atom key "breakpoint". This is a FATAL ERROR in
      production. But it is safe to ignore this warning if it occurred because of
      hot module replacement.
[2025-09-20 17:45:20.433] WARNING - Duplicate atom key "breakpoint". This is a FATAL ERROR in
      production. But it is safe to ignore this warning if it occurred because of
      hot module replacement.
[2025-09-20 17:45:20.434] WARNING - Duplicate atom key "inMobileRange". This is a FATAL ERROR in
      production. But it is safe to ignore this warning if it occurred because of
      hot module replacement.
[2025-09-20 17:45:20.437] WARNING - Duplicate atom key "inMobileRange". This is a FATAL ERROR in
      production. But it is safe to ignore this warning if it occurred because of
      hot module replacement.
[2025-09-20 17:45:20.438] WARNING - Duplicate atom key "gridSpacing". This is a FATAL ERROR in
      production. But it is safe to ignore this warning if it occurred because of
      hot module replacement.
[2025-09-20 17:45:20.440] WARNING - Duplicate atom key "gridSpacing". This is a FATAL ERROR in
      production. But it is safe to ignore this warning if it occurred because of
      hot module replacement.
[2025-09-20 17:45:20.440] WARNING - Duplicate atom key "login". This is a FATAL ERROR in
      production. But it is safe to ignore this warning if it occurred because of
      hot module replacement.
[2025-09-20 17:45:20.441] WARNING - Duplicate atom key "login". This is a FATAL ERROR in
      production. But it is safe to ignore this warning if it occurred because of
      hot module replacement.
[2025-09-20 17:45:20.441] WARNING - Duplicate atom key "error". This is a FATAL ERROR in
      production. But it is safe to ignore this warning if it occurred because of
      hot module replacement.
[2025-09-20 17:45:20.441] WARNING - Duplicate atom key "error". This is a FATAL ERROR in
      production. But it is safe to ignore this warning if it occurred because of
      hot module replacement.
[2025-09-20 17:45:20.441] WARNING - Duplicate atom key "contactInfos2". This is a FATAL ERROR in
      production. But it is safe to ignore this warning if it occurred because of
      hot module replacement.
[2025-09-20 17:45:20.442] WARNING - Duplicate atom key "contactInfos2". This is a FATAL ERROR in
      production. But it is safe to ignore this warning if it occurred because of
      hot module replacement.
[2025-09-20 17:45:20.442] WARNING - Duplicate atom key "individualApplicantsTimestamp". This is a FATAL ERROR in
      production. But it is safe to ignore this warning if it occurred because of
      hot module replacement.
[2025-09-20 17:45:20.442] WARNING - Duplicate atom key "individualApplicantsTimestamp". This is a FATAL ERROR in
      production. But it is safe to ignore this warning if it occurred because of
      hot module replacement.
[2025-09-20 17:45:20.443] WARNING - Duplicate atom key "customerApplication". This is a FATAL ERROR in
      production. But it is safe to ignore this warning if it occurred because of
      hot module replacement.
[2025-09-20 17:45:20.443] WARNING - Duplicate atom key "customerApplication". This is a FATAL ERROR in
      production. But it is safe to ignore this warning if it occurred because of
      hot module replacement.
[2025-09-20 17:45:20.443] WARNING - Duplicate atom key "individualApplicants". This is a FATAL ERROR in
      production. But it is safe to ignore this warning if it occurred because of
      hot module replacement.
[2025-09-20 17:45:20.443] WARNING - Duplicate atom key "individualApplicants". This is a FATAL ERROR in
      production. But it is safe to ignore this warning if it occurred because of
      hot module replacement.
[2025-09-20 17:45:20.444] WARNING - Duplicate atom key "clearingHouses". This is a FATAL ERROR in
      production. But it is safe to ignore this warning if it occurred because of
      hot module replacement.
[2025-09-20 17:45:20.444] WARNING - Duplicate atom key "clearingHouses". This is a FATAL ERROR in
      production. But it is safe to ignore this warning if it occurred because of
      hot module replacement.
[2025-09-20 17:45:20.444] WARNING - Duplicate atom key "clearXClearingHouse". This is a FATAL ERROR in
      production. But it is safe to ignore this warning if it occurred because of
      hot module replacement.
[2025-09-20 17:45:20.444] WARNING - Duplicate atom key "clearXClearingHouse". This is a FATAL ERROR in
      production. But it is safe to ignore this warning if it occurred because of
      hot module replacement.
[2025-09-20 17:45:20.444] WARNING - Duplicate atom key "applicationClearingHouse". This is a FATAL ERROR in
      production. But it is safe to ignore this warning if it occurred because of
      hot module replacement.
[2025-09-20 17:45:20.444] WARNING - Duplicate atom key "applicationClearingHouse". This is a FATAL ERROR in
      production. But it is safe to ignore this warning if it occurred because of
      hot module replacement.
[2025-09-20 17:45:20.444] WARNING - Duplicate atom key "userLocation". This is a FATAL ERROR in
      production. But it is safe to ignore this warning if it occurred because of
      hot module replacement.
[2025-09-20 17:45:20.445] WARNING - Duplicate atom key "userLocation". This is a FATAL ERROR in
      production. But it is safe to ignore this warning if it occurred because of
      hot module replacement.
[2025-09-20 17:45:20.445] WARNING - Duplicate atom key "savedApplicationsTimestamp". This is a FATAL ERROR in
      production. But it is safe to ignore this warning if it occurred because of
      hot module replacement.
[2025-09-20 17:45:20.445] WARNING - Duplicate atom key "savedApplicationsTimestamp". This is a FATAL ERROR in
      production. But it is safe to ignore this warning if it occurred because of
      hot module replacement.
[2025-09-20 17:45:20.445] WARNING - Duplicate atom key "savedApplications". This is a FATAL ERROR in
      production. But it is safe to ignore this warning if it occurred because of
      hot module replacement.
[2025-09-20 17:45:20.445] WARNING - Duplicate atom key "savedApplications". This is a FATAL ERROR in
      production. But it is safe to ignore this warning if it occurred because of
      hot module replacement.
[2025-09-20 17:45:20.445] WARNING - Duplicate atom key "step". This is a FATAL ERROR in
      production. But it is safe to ignore this warning if it occurred because of
      hot module replacement.
[2025-09-20 17:45:20.446] WARNING - Duplicate atom key "step". This is a FATAL ERROR in
      production. But it is safe to ignore this warning if it occurred because of
      hot module replacement.
[2025-09-20 17:45:20.446] WARNING - Duplicate atom key "checkStates". This is a FATAL ERROR in
      production. But it is safe to ignore this warning if it occurred because of
      hot module replacement.
[2025-09-20 17:45:20.446] WARNING - Duplicate atom key "checkStates". This is a FATAL ERROR in
      production. But it is safe to ignore this warning if it occurred because of
      hot module replacement.
[2025-09-20 17:45:20.446] WARNING - Duplicate atom key "signStates". This is a FATAL ERROR in
      production. But it is safe to ignore this warning if it occurred because of
      hot module replacement.
[2025-09-20 17:45:20.446] WARNING - Duplicate atom key "signStates". This is a FATAL ERROR in
      production. But it is safe to ignore this warning if it occurred because of
      hot module replacement.
[2025-09-20 17:45:20.446] WARNING - Duplicate atom key "wizard". This is a FATAL ERROR in
      production. But it is safe to ignore this warning if it occurred because of
      hot module replacement.
[2025-09-20 17:45:20.446] WARNING - Duplicate atom key "wizard". This is a FATAL ERROR in
      production. But it is safe to ignore this warning if it occurred because of
      hot module replacement.
[2025-09-20 17:45:20.447] WARNING - Duplicate atom key "formBuilder". This is a FATAL ERROR in
      production. But it is safe to ignore this warning if it occurred because of
      hot module replacement.
[2025-09-20 17:45:20.447] WARNING - Duplicate atom key "formBuilder". This is a FATAL ERROR in
      production. But it is safe to ignore this warning if it occurred because of
      hot module replacement.
[2025-09-20 17:45:20.447] WARNING - Duplicate atom key "headerSlot". This is a FATAL ERROR in
      production. But it is safe to ignore this warning if it occurred because of
      hot module replacement.
[2025-09-20 17:45:20.447] WARNING - Duplicate atom key "headerSlot". This is a FATAL ERROR in
      production. But it is safe to ignore this warning if it occurred because of
      hot module replacement.
[2025-09-20 17:45:20.447] WARNING - Duplicate atom key "footerSlot". This is a FATAL ERROR in
      production. But it is safe to ignore this warning if it occurred because of
      hot module replacement.
[2025-09-20 17:45:20.448] WARNING - Duplicate atom key "footerSlot". This is a FATAL ERROR in
      production. But it is safe to ignore this warning if it occurred because of
      hot module replacement.
[2025-09-20 17:45:20.448] WARNING - Duplicate atom key "alloyJourneyToken". This is a FATAL ERROR in
      production. But it is safe to ignore this warning if it occurred because of
      hot module replacement.
[2025-09-20 17:45:20.448] WARNING - Duplicate atom key "alloyJourneyToken". This is a FATAL ERROR in
      production. But it is safe to ignore this warning if it occurred because of
      hot module replacement.
[2025-09-20 17:45:20.448] DEBUG - [bugsnag] Loaded!
[2025-09-20 17:45:20.448] DEBUG - [bugsnag] Loaded!
[2025-09-20 17:45:20.449] INFO - Version 3.250912.0 prod production 
[2025-09-20 17:45:20.449] INFO - Version 3.250912.0 prod production 
[2025-09-20 17:45:20.449] INFO - Time: Sat Sep 20 2025 17:45:20 GMT-0500 (Central Daylight Time)
[2025-09-20 17:45:20.449] INFO - Time:
[2025-09-20 17:45:20.511] LOG - 22:45:20.508Z Try to restore session
[2025-09-20 17:45:20.512] LOG - 22:45:20.508Z Try to restore session
[2025-09-20 17:45:20.512] LOG - 22:45:20.510Z Access token will be renewed in 75 minutes; expired: Sat Sep 20 2025 19:05:19 GMT-0500 (Central Daylight Time), now: Sat Sep 20 2025 17:45:20 GMT-0500 (Central Daylight Time)
[2025-09-20 17:45:20.512] LOG - 22:45:20.510Z Access token will be renewed in 75 minutes; expired: Sat Sep 20 2025 19:05:19 GMT-0500 (Central Daylight Time), now: Sat Sep 20 2025 17:45:20 GMT-0500 (Central Daylight Time)
[2025-09-20 17:45:20.520] WARNING - 22:45:20.519Z [LaunchDarkly] The waitForInitialization function was called without a timeout specified. In a future version a default timeout will be applied.
[2025-09-20 17:45:20.522] WARNING - 22:45:20.519Z [LaunchDarkly] The waitForInitialization function was called without a timeout specified. In a future version a default timeout will be applied.
[2025-09-20 17:45:20.528] INFO - 22:45:20.526Z chart cache state: islands=3, bars=1532
[2025-09-20 17:45:20.529] INFO - 22:45:20.526Z chart cache state: islands=3, bars=1532
[2025-09-20 17:45:20.529] INFO - 22:45:20.527Z Chart history database initialized
[2025-09-20 17:45:20.529] INFO - 22:45:20.527Z Chart history database initialized
[2025-09-20 17:45:20.536] INFO - 22:45:20.535Z [LaunchDarkly] LaunchDarkly client initialized
[2025-09-20 17:45:20.539] INFO - 22:45:20.535Z [LaunchDarkly] LaunchDarkly client initialized
[2025-09-20 17:45:20.539] INFO - 22:45:20.536Z [LaunchDarkly] Opening stream connection to https://clientstream.launchdarkly.com/eval/66cdf5b9cf61891061b4e437/eyJraW5kIjoidXNlciIsImtleSI6InVua25vd24iLCJhbm9ueW1vdXMiOmZhbHNlfQ
[2025-09-20 17:45:20.539] INFO - 22:45:20.536Z [LaunchDarkly] Opening stream connection to https://clientstream.launchdarkly.com/eval/66cdf5b9cf61891061b4e437/eyJraW5kIjoidXNlciIsImtleSI6InVua25vd24iLCJhbm9ueW1vdXMiOmZhbHNlfQ
[2025-09-20 17:45:21.046] error - Access to XMLHttpRequest at 'https://app.launchdarkly.com/sdk/evalx/66cdf5b9cf61891061b4e437/contexts/eyJraW5kIjoidXNlciIsImtleSI6IjQ2NTYwMjciLCJkZXZpY2UiOiJkZXNrdG9wIiwidXNlcklkIjo0NjU2MDI3LCJpcENvdW50cnkiOiJVUyIsIm9yZ05hbWUiOiJURFYiLCJuYW1lIjoiWmVuZXgzMjk4IiwibGFuZGluZ1BhcmFtcyI6IiJ9' from origin 'https://trader.tradovate.com' has been blocked by CORS policy: No 'Access-Control-Allow-Origin' header is present on the requested resource.
[2025-09-20 17:45:21.047] ERROR - 22:45:21.046Z [LaunchDarkly] network error (Error)
[2025-09-20 17:45:21.047] ERROR - 22:45:21.046Z [LaunchDarkly] network error (Error)
[2025-09-20 17:45:21.049] error - Failed to load resource: net::ERR_FAILED
[2025-09-20 17:45:21.052] ERROR - Exception: t
[2025-09-20 17:45:21.141] LOG - 22:45:21.137Z opening https://demo.tradovateapi.com/
[2025-09-20 17:45:21.142] LOG - 22:45:21.137Z opening https://demo.tradovateapi.com/
[2025-09-20 17:45:21.146] LOG - 22:45:21.145Z Hotkeys initialized {"Shift+Digit1":["orders/selectColumns"],"Shift+Digit2":["orders/showFilters"],"Shift+Digit3":["orders/standardTableView"],"Shift+Digit4":["orders/linkedOrdersView"],"Command+Shift+Digit0":["dom-chart/exit-and-cancel"]}
[2025-09-20 17:45:21.146] LOG - 22:45:21.145Z Hotkeys initialized {"Shift+Digit1":["orders/selectColumns"],"Shift+Digit2":["orders/showFilters"],"Shift+Digit3":["orders/standardTableView"],"Shift+Digit4":["orders/linkedOrdersView"],"Command+Shift+Digit0":["dom-chart/exit-and-cancel"]}
[2025-09-20 17:45:21.211] LOG - 22:45:21.210Z websocket opened
[2025-09-20 17:45:21.211] LOG - 22:45:21.210Z websocket opened
[2025-09-20 17:45:21.269] LOG - 22:45:21.267Z opening https://md-demo.tradovateapi.com/
[2025-09-20 17:45:21.271] LOG - 22:45:21.267Z opening https://md-demo.tradovateapi.com/
[2025-09-20 17:45:21.273] LOG - 22:45:21.268Z Connection:  open
[2025-09-20 17:45:21.273] LOG - 22:45:21.268Z Connection:  open
[2025-09-20 17:45:22.249] LOG - 22:45:22.247Z WebGL:  {"isWebGL2":true,"precision":"highp","logarithmicDepthBuffer":false,"maxTextures":16,"maxVertexTextures":16,"maxTextureSize":16384,"maxCubemapSize":16384,"maxAttributes":16,"maxVertexUniforms":1024,"maxVaryings":30,"maxFragmentUniforms":1024,"vertexTextures":true,"floatFragmentTextures":true,"floatVertexTextures":true,"maxSamples":8} , devicePixelRatio:  2
[2025-09-20 17:45:22.269] LOG - 22:45:22.247Z Canvas size: 500 932 dpp:  2
[2025-09-20 17:45:22.277] LOG - 22:45:22.257Z Loading App-level Plugins
[2025-09-20 17:45:22.278] LOG - 22:45:22.257Z Loading App-level Plugins
[2025-09-20 17:45:22.279] LOG - 22:45:22.270Z WebGL:  {"isWebGL2":true,"precision":"highp","logarithmicDepthBuffer":false,"maxTextures":16,"maxVertexTextures":16,"maxTextureSize":16384,"maxCubemapSize":16384,"maxAttributes":16,"maxVertexUniforms":1024,"maxVaryings":30,"maxFragmentUniforms":1024,"vertexTextures":true,"floatFragmentTextures":true,"floatVertexTextures":true,"maxSamples":8} , devicePixelRatio:  2
[2025-09-20 17:45:22.280] LOG - 22:45:22.270Z Canvas size: 500 932 dpp:  2
[2025-09-20 17:45:22.369] LOG - 22:45:22.328Z websocket opened
[2025-09-20 17:45:22.370] LOG - 22:45:22.328Z websocket opened
[2025-09-20 17:45:22.600] LOG - 22:45:22.599Z loadAppLevelPlugins:  [object Object]
[2025-09-20 17:45:22.600] LOG - 22:45:22.599Z loadAppLevelPlugins: 
[2025-09-20 17:45:23.340] LOG - 22:45:23.339Z jailing is in progress
[2025-09-20 17:45:23.340] LOG - 22:45:23.339Z jailing is in progress
[2025-09-20 17:45:23.579] LOG - 22:45:23.578Z pending jailing done. next starts
[2025-09-20 17:45:23.579] LOG - 22:45:23.578Z pending jailing done. next starts
[2025-09-20 17:45:24.447] LOG - 22:45:24.446Z created chart 1
[2025-09-20 17:45:24.687] LOG - 22:45:24.686Z updating the shared isolation
[2025-09-20 17:45:24.687] LOG - 22:45:24.686Z updating the shared isolation
[2025-09-20 17:45:24.694] LOG - 22:45:24.691Z requestChart: {"symbol":"3267312","chartDescription":{"underlyingType":"Tick","elementSize":5000,"elementSizeUnit":"UnderlyingUnits","withHistogram":false},"timeRange":{"asMuchAsElements":300}}
[2025-09-20 17:45:24.695] LOG - 22:45:24.691Z requestChart: {"symbol":"3267312","chartDescription":{"underlyingType":"Tick","elementSize":5000,"elementSizeUnit":"UnderlyingUnits","withHistogram":false},"timeRange":{"asMuchAsElements":300}}
[2025-09-20 17:45:24.695] LOG - 22:45:24.691Z mdMgApi open
[2025-09-20 17:45:24.696] LOG - 22:45:24.691Z mdMgApi open
[2025-09-20 17:45:27.056] INFO - 22:45:27.026Z visibilitychange: hidden, gd: 1000
[2025-09-20 17:45:27.061] INFO - 22:45:27.026Z visibilitychange: hidden, gd: 1000
