[2025-09-20 17:34:50.681] LOG - 22:34:50.679Z Starting login process for: zenex3298@gmail.com
[2025-09-20 17:34:50.682] LOG - 22:34:50.679Z Starting login process for: zenex3298@gmail.com
[2025-09-20 17:34:50.683] LOG - 22:34:50.680Z Auto login function executing for: zenex3298@gmail.com
[2025-09-20 17:34:50.684] LOG - 22:34:50.680Z Auto login function executing for: zenex3298@gmail.com
[2025-09-20 17:34:50.684] LOG - 22:34:50.680Z Login form found, filling credentials...
[2025-09-20 17:34:50.685] LOG - 22:34:50.680Z Login form found, filling credentials...
[2025-09-20 17:34:50.835] LOG - 22:34:50.713Z Test element added to DOM
[2025-09-20 17:34:50.836] LOG - 22:34:50.713Z Test element added to DOM
[2025-09-20 17:34:50.840] LOG - 22:34:50.838Z All browser alerts and confirmations have been disabled
[2025-09-20 17:34:50.841] LOG - 22:34:50.838Z All browser alerts and confirmations have been disabled
[2025-09-20 17:34:51.198] LOG - 22:34:51.196Z Clicking login button...
[2025-09-20 17:34:51.198] LOG - 22:34:51.196Z Clicking login button...
[2025-09-20 17:34:51.210] LOG - 22:34:51.207Z authentication starting
[2025-09-20 17:34:51.211] LOG - 22:34:51.207Z authentication starting
[2025-09-20 17:34:51.585] warning - The AudioContext was not allowed to start. It must be resumed (or created) after a user gesture on the page. https://developer.chrome.com/blog/autoplay/#web_audio
[2025-09-20 17:34:51.587] LOG - 22:34:51.571Z Watching for account selection page...
[2025-09-20 17:34:51.591] LOG - 22:34:51.571Z Watching for account selection page...
[2025-09-20 17:34:51.889] LOG - 22:34:51.886Z Access token will be renewed in 75 minutes; expired: Sat Sep 20 2025 18:54:51 GMT-0500 (Central Daylight Time), now: Sat Sep 20 2025 17:34:51 GMT-0500 (Central Daylight Time)
[2025-09-20 17:34:51.891] LOG - 22:34:51.886Z Access token will be renewed in 75 minutes; expired: Sat Sep 20 2025 18:54:51 GMT-0500 (Central Daylight Time), now: Sat Sep 20 2025 17:34:51 GMT-0500 (Central Daylight Time)
[2025-09-20 17:34:52.206] error - Access to XMLHttpRequest at 'https://app.launchdarkly.com/sdk/evalx/66cdf5b9cf61891061b4e437/contexts/eyJraW5kIjoidXNlciIsImtleSI6IjQ2NTYwMjciLCJkZXZpY2UiOiJkZXNrdG9wIiwidXNlcklkIjo0NjU2MDI3LCJpcENvdW50cnkiOiJVUyIsIm9yZ05hbWUiOiJURFYiLCJuYW1lIjoiWmVuZXgzMjk4IiwibGFuZGluZ1BhcmFtcyI6IiJ9' from origin 'https://trader.tradovate.com' has been blocked by CORS policy: No 'Access-Control-Allow-Origin' header is present on the requested resource.
[2025-09-20 17:34:52.206] ERROR - 22:34:52.206Z [LaunchDarkly] network error (Error)
[2025-09-20 17:34:52.207] ERROR - 22:34:52.206Z [LaunchDarkly] network error (Error)
[2025-09-20 17:34:52.208] ERROR - 22:34:52.207Z [LaunchDarkly] network error (Error)
[2025-09-20 17:34:52.209] ERROR - 22:34:52.207Z [LaunchDarkly] network error (Error)
[2025-09-20 17:34:52.210] error - Failed to load resource: net::ERR_FAILED
[2025-09-20 17:34:52.217] ERROR - Exception: t
[2025-09-20 17:34:52.218] ERROR - Exception: t
[2025-09-20 17:34:52.573] LOG - 22:34:52.572Z Account selection page detected, clicking button...
[2025-09-20 17:34:52.574] LOG - 22:34:52.572Z Account selection page detected, clicking button...
[2025-09-20 17:34:52.740] LOG - 22:34:52.716Z Access token will be renewed in 75 minutes; expired: Sat Sep 20 2025 18:54:51 GMT-0500 (Central Daylight Time), now: Sat Sep 20 2025 17:34:52 GMT-0500 (Central Daylight Time)
[2025-09-20 17:34:52.740] LOG - 22:34:52.716Z Access token will be renewed in 75 minutes; expired: Sat Sep 20 2025 18:54:51 GMT-0500 (Central Daylight Time), now: Sat Sep 20 2025 17:34:52 GMT-0500 (Central Daylight Time)
[2025-09-20 17:34:52.803] error - Refused to connect to 'https://bat.bing.com/actionp/0?ti=26330043&Ver=2&mid=6515e031-681d-4d14-a08b-abb48642beb1&bo=2&sid=49ffa650964611f0b1c77d72422fc1b9&vid=99c3288092fe11f0bc7275adc39e6add&vids=0&msclkid=N&evt=pageHide' because it violates the following Content Security Policy directive: "connect-src wss://*.tradovate.com https://*.tradovate.com https://*.ntinnolab.com https://*.devel.ninjatrader.dev https://*.staging.ninjatrader.dev https://*.uat.ninjatrader.dev wss://*.ntinnolab.com wss://*.devel.ninjatrader.dev wss://*.staging.ninjatrader.dev wss://*.uat.ninjatrader.dev wss://*.tradovateapi.com https://*.tradovateapi.com https://*.ninjatrader.com https://cdn.walkme.com https://ec.walkme.com https://sessions.bugsnag.com https://notify.bugsnag.com https://*.plaid.com https://*.yodlee.com https://tradovate.zendesk.com https://rollout.ada.support https://static.ada.support https://ninjatrader.ada.support https://tradovate.ada.support https://ninjatrader-eap.ada.support/ https://demo-ninjatrader-gr.ada.support/ https://tradovate-gen.ada.support/ https://api.stripe.com https://apiproxy.ninjatrader.com https://apiproxy-d.ninjatrader.com https://us-autocomplete-pro.api.smartystreets.com https://international-autocomplete.api.smarty.com https://maps.googleapis.com https://accounts.google.com/ https://www.google.com https://www.googletagmanager.com/ https://*.browser-intake-datadoghq.com https://scripts.neuro-id.com https://receiver.neuroid.cloud https://logs.neuro-id.com https://firebaseinstallations.googleapis.com/ https://firebaseremoteconfig.googleapis.com/ https://logx.optimizely.com https://*.optimizely.com wss://mpsnare.iesnare.com wss://ci-mpsnare.iovation.com https://*.iovation.com/ https://*.reddit.com  https://www.redditstatic.com https://*.taboola.com https://*.launchdarkly.com https://*.alloy.co https://*.maze.co https://www.google-analytics.com https://analytics.google.com https://www.googletagmanager.com/ https://api.hubapi.com https://forms.hubspot.com https://stats.g.doubleclick.net https://alb.reddit.com https://analytics.twitter.com https://heapanalytics.com https://*.auryc.com https://*.contentsquare.net https://siteintercept.qualtrics.com https://api.userway.org/".

[2025-09-20 17:34:52.806] INFO - 22:34:52.801Z visibilitychange: hidden, gd: 1000
[2025-09-20 17:34:52.807] INFO - 22:34:52.801Z visibilitychange: hidden, gd: 1000
[2025-09-20 17:34:52.807] WARNING - 22:34:52.803Z [LaunchDarkly] Error on stream connection: {"isTrusted":true}, will continue retrying after 659 milliseconds.
[2025-09-20 17:34:52.808] WARNING - 22:34:52.803Z [LaunchDarkly] Error on stream connection: {"isTrusted":true}, will continue retrying after 659 milliseconds.
[2025-09-20 17:34:52.808] INFO - 22:34:52.804Z [LaunchDarkly] Closing stream connection
[2025-09-20 17:34:52.808] INFO - 22:34:52.804Z [LaunchDarkly] Closing stream connection
[2025-09-20 17:34:53.187] WARNING - Duplicate atom key "locale". This is a FATAL ERROR in
      production. But it is safe to ignore this warning if it occurred because of
      hot module replacement.
[2025-09-20 17:34:53.189] WARNING - Duplicate atom key "locale". This is a FATAL ERROR in
      production. But it is safe to ignore this warning if it occurred because of
      hot module replacement.
[2025-09-20 17:34:53.195] WARNING - Duplicate atom key "muiTheme". This is a FATAL ERROR in
      production. But it is safe to ignore this warning if it occurred because of
      hot module replacement.
[2025-09-20 17:34:53.199] WARNING - Duplicate atom key "muiTheme". This is a FATAL ERROR in
      production. But it is safe to ignore this warning if it occurred because of
      hot module replacement.
[2025-09-20 17:34:53.201] WARNING - Duplicate atom key "appLinksFooter". This is a FATAL ERROR in
      production. But it is safe to ignore this warning if it occurred because of
      hot module replacement.
[2025-09-20 17:34:53.202] WARNING - Duplicate atom key "appLinksFooter". This is a FATAL ERROR in
      production. But it is safe to ignore this warning if it occurred because of
      hot module replacement.
[2025-09-20 17:34:53.204] WARNING - Duplicate atom key "currentUserId2". This is a FATAL ERROR in
      production. But it is safe to ignore this warning if it occurred because of
      hot module replacement.
[2025-09-20 17:34:53.207] WARNING - Duplicate atom key "currentUserId2". This is a FATAL ERROR in
      production. But it is safe to ignore this warning if it occurred because of
      hot module replacement.
[2025-09-20 17:34:53.208] WARNING - Duplicate atom key "onboardingInProgress". This is a FATAL ERROR in
      production. But it is safe to ignore this warning if it occurred because of
      hot module replacement.
[2025-09-20 17:34:53.209] WARNING - Duplicate atom key "onboardingInProgress". This is a FATAL ERROR in
      production. But it is safe to ignore this warning if it occurred because of
      hot module replacement.
[2025-09-20 17:34:53.211] WARNING - Duplicate atom key "editing". This is a FATAL ERROR in
      production. But it is safe to ignore this warning if it occurred because of
      hot module replacement.
[2025-09-20 17:34:53.212] WARNING - Duplicate atom key "editing". This is a FATAL ERROR in
      production. But it is safe to ignore this warning if it occurred because of
      hot module replacement.
[2025-09-20 17:34:53.213] WARNING - Duplicate atom key "infoMessage". This is a FATAL ERROR in
      production. But it is safe to ignore this warning if it occurred because of
      hot module replacement.
[2025-09-20 17:34:53.214] WARNING - Duplicate atom key "infoMessage". This is a FATAL ERROR in
      production. But it is safe to ignore this warning if it occurred because of
      hot module replacement.
[2025-09-20 17:34:53.215] WARNING - Duplicate atom key "browserWarning". This is a FATAL ERROR in
      production. But it is safe to ignore this warning if it occurred because of
      hot module replacement.
[2025-09-20 17:34:53.217] WARNING - Duplicate atom key "browserWarning". This is a FATAL ERROR in
      production. But it is safe to ignore this warning if it occurred because of
      hot module replacement.
[2025-09-20 17:34:53.219] WARNING - Duplicate atom key "clockWarning". This is a FATAL ERROR in
      production. But it is safe to ignore this warning if it occurred because of
      hot module replacement.
[2025-09-20 17:34:53.220] WARNING - Duplicate atom key "clockWarning". This is a FATAL ERROR in
      production. But it is safe to ignore this warning if it occurred because of
      hot module replacement.
[2025-09-20 17:34:53.221] WARNING - Duplicate atom key "breakpoint". This is a FATAL ERROR in
      production. But it is safe to ignore this warning if it occurred because of
      hot module replacement.
[2025-09-20 17:34:53.222] WARNING - Duplicate atom key "breakpoint". This is a FATAL ERROR in
      production. But it is safe to ignore this warning if it occurred because of
      hot module replacement.
[2025-09-20 17:34:53.224] WARNING - Duplicate atom key "inMobileRange". This is a FATAL ERROR in
      production. But it is safe to ignore this warning if it occurred because of
      hot module replacement.
[2025-09-20 17:34:53.225] WARNING - Duplicate atom key "inMobileRange". This is a FATAL ERROR in
      production. But it is safe to ignore this warning if it occurred because of
      hot module replacement.
[2025-09-20 17:34:53.227] WARNING - Duplicate atom key "gridSpacing". This is a FATAL ERROR in
      production. But it is safe to ignore this warning if it occurred because of
      hot module replacement.
[2025-09-20 17:34:53.228] WARNING - Duplicate atom key "gridSpacing". This is a FATAL ERROR in
      production. But it is safe to ignore this warning if it occurred because of
      hot module replacement.
[2025-09-20 17:34:53.229] WARNING - Duplicate atom key "login". This is a FATAL ERROR in
      production. But it is safe to ignore this warning if it occurred because of
      hot module replacement.
[2025-09-20 17:34:53.230] WARNING - Duplicate atom key "login". This is a FATAL ERROR in
      production. But it is safe to ignore this warning if it occurred because of
      hot module replacement.
[2025-09-20 17:34:53.231] WARNING - Duplicate atom key "error". This is a FATAL ERROR in
      production. But it is safe to ignore this warning if it occurred because of
      hot module replacement.
[2025-09-20 17:34:53.232] WARNING - Duplicate atom key "error". This is a FATAL ERROR in
      production. But it is safe to ignore this warning if it occurred because of
      hot module replacement.
[2025-09-20 17:34:53.232] WARNING - Duplicate atom key "contactInfos2". This is a FATAL ERROR in
      production. But it is safe to ignore this warning if it occurred because of
      hot module replacement.
[2025-09-20 17:34:53.232] WARNING - Duplicate atom key "contactInfos2". This is a FATAL ERROR in
      production. But it is safe to ignore this warning if it occurred because of
      hot module replacement.
[2025-09-20 17:34:53.233] WARNING - Duplicate atom key "individualApplicantsTimestamp". This is a FATAL ERROR in
      production. But it is safe to ignore this warning if it occurred because of
      hot module replacement.
[2025-09-20 17:34:53.233] WARNING - Duplicate atom key "individualApplicantsTimestamp". This is a FATAL ERROR in
      production. But it is safe to ignore this warning if it occurred because of
      hot module replacement.
[2025-09-20 17:34:53.233] WARNING - Duplicate atom key "customerApplication". This is a FATAL ERROR in
      production. But it is safe to ignore this warning if it occurred because of
      hot module replacement.
[2025-09-20 17:34:53.233] WARNING - Duplicate atom key "customerApplication". This is a FATAL ERROR in
      production. But it is safe to ignore this warning if it occurred because of
      hot module replacement.
[2025-09-20 17:34:53.233] WARNING - Duplicate atom key "individualApplicants". This is a FATAL ERROR in
      production. But it is safe to ignore this warning if it occurred because of
      hot module replacement.
[2025-09-20 17:34:53.233] WARNING - Duplicate atom key "individualApplicants". This is a FATAL ERROR in
      production. But it is safe to ignore this warning if it occurred because of
      hot module replacement.
[2025-09-20 17:34:53.233] WARNING - Duplicate atom key "clearingHouses". This is a FATAL ERROR in
      production. But it is safe to ignore this warning if it occurred because of
      hot module replacement.
[2025-09-20 17:34:53.234] WARNING - Duplicate atom key "clearingHouses". This is a FATAL ERROR in
      production. But it is safe to ignore this warning if it occurred because of
      hot module replacement.
[2025-09-20 17:34:53.234] WARNING - Duplicate atom key "clearXClearingHouse". This is a FATAL ERROR in
      production. But it is safe to ignore this warning if it occurred because of
      hot module replacement.
[2025-09-20 17:34:53.234] WARNING - Duplicate atom key "clearXClearingHouse". This is a FATAL ERROR in
      production. But it is safe to ignore this warning if it occurred because of
      hot module replacement.
[2025-09-20 17:34:53.234] WARNING - Duplicate atom key "applicationClearingHouse". This is a FATAL ERROR in
      production. But it is safe to ignore this warning if it occurred because of
      hot module replacement.
[2025-09-20 17:34:53.234] WARNING - Duplicate atom key "applicationClearingHouse". This is a FATAL ERROR in
      production. But it is safe to ignore this warning if it occurred because of
      hot module replacement.
[2025-09-20 17:34:53.234] WARNING - Duplicate atom key "userLocation". This is a FATAL ERROR in
      production. But it is safe to ignore this warning if it occurred because of
      hot module replacement.
[2025-09-20 17:34:53.235] WARNING - Duplicate atom key "userLocation". This is a FATAL ERROR in
      production. But it is safe to ignore this warning if it occurred because of
      hot module replacement.
[2025-09-20 17:34:53.235] WARNING - Duplicate atom key "savedApplicationsTimestamp". This is a FATAL ERROR in
      production. But it is safe to ignore this warning if it occurred because of
      hot module replacement.
[2025-09-20 17:34:53.235] WARNING - Duplicate atom key "savedApplicationsTimestamp". This is a FATAL ERROR in
      production. But it is safe to ignore this warning if it occurred because of
      hot module replacement.
[2025-09-20 17:34:53.235] WARNING - Duplicate atom key "savedApplications". This is a FATAL ERROR in
      production. But it is safe to ignore this warning if it occurred because of
      hot module replacement.
[2025-09-20 17:34:53.235] WARNING - Duplicate atom key "savedApplications". This is a FATAL ERROR in
      production. But it is safe to ignore this warning if it occurred because of
      hot module replacement.
[2025-09-20 17:34:53.235] WARNING - Duplicate atom key "step". This is a FATAL ERROR in
      production. But it is safe to ignore this warning if it occurred because of
      hot module replacement.
[2025-09-20 17:34:53.236] WARNING - Duplicate atom key "step". This is a FATAL ERROR in
      production. But it is safe to ignore this warning if it occurred because of
      hot module replacement.
[2025-09-20 17:34:53.236] WARNING - Duplicate atom key "checkStates". This is a FATAL ERROR in
      production. But it is safe to ignore this warning if it occurred because of
      hot module replacement.
[2025-09-20 17:34:53.236] WARNING - Duplicate atom key "checkStates". This is a FATAL ERROR in
      production. But it is safe to ignore this warning if it occurred because of
      hot module replacement.
[2025-09-20 17:34:53.236] WARNING - Duplicate atom key "signStates". This is a FATAL ERROR in
      production. But it is safe to ignore this warning if it occurred because of
      hot module replacement.
[2025-09-20 17:34:53.236] WARNING - Duplicate atom key "signStates". This is a FATAL ERROR in
      production. But it is safe to ignore this warning if it occurred because of
      hot module replacement.
[2025-09-20 17:34:53.236] WARNING - Duplicate atom key "wizard". This is a FATAL ERROR in
      production. But it is safe to ignore this warning if it occurred because of
      hot module replacement.
[2025-09-20 17:34:53.237] WARNING - Duplicate atom key "wizard". This is a FATAL ERROR in
      production. But it is safe to ignore this warning if it occurred because of
      hot module replacement.
[2025-09-20 17:34:53.237] WARNING - Duplicate atom key "formBuilder". This is a FATAL ERROR in
      production. But it is safe to ignore this warning if it occurred because of
      hot module replacement.
[2025-09-20 17:34:53.237] WARNING - Duplicate atom key "formBuilder". This is a FATAL ERROR in
      production. But it is safe to ignore this warning if it occurred because of
      hot module replacement.
[2025-09-20 17:34:53.237] WARNING - Duplicate atom key "headerSlot". This is a FATAL ERROR in
      production. But it is safe to ignore this warning if it occurred because of
      hot module replacement.
[2025-09-20 17:34:53.237] WARNING - Duplicate atom key "headerSlot". This is a FATAL ERROR in
      production. But it is safe to ignore this warning if it occurred because of
      hot module replacement.
[2025-09-20 17:34:53.237] WARNING - Duplicate atom key "footerSlot". This is a FATAL ERROR in
      production. But it is safe to ignore this warning if it occurred because of
      hot module replacement.
[2025-09-20 17:34:53.237] WARNING - Duplicate atom key "footerSlot". This is a FATAL ERROR in
      production. But it is safe to ignore this warning if it occurred because of
      hot module replacement.
[2025-09-20 17:34:53.238] WARNING - Duplicate atom key "alloyJourneyToken". This is a FATAL ERROR in
      production. But it is safe to ignore this warning if it occurred because of
      hot module replacement.
[2025-09-20 17:34:53.238] WARNING - Duplicate atom key "alloyJourneyToken". This is a FATAL ERROR in
      production. But it is safe to ignore this warning if it occurred because of
      hot module replacement.
[2025-09-20 17:34:53.238] DEBUG - [bugsnag] Loaded!
[2025-09-20 17:34:53.238] DEBUG - [bugsnag] Loaded!
[2025-09-20 17:34:53.238] INFO - Version 3.250912.0 prod production 
[2025-09-20 17:34:53.238] INFO - Version 3.250912.0 prod production 
[2025-09-20 17:34:53.238] INFO - Time: Sat Sep 20 2025 17:34:53 GMT-0500 (Central Daylight Time)
[2025-09-20 17:34:53.239] INFO - Time:
[2025-09-20 17:34:53.289] LOG - 22:34:53.287Z Try to restore session
[2025-09-20 17:34:53.291] LOG - 22:34:53.287Z Try to restore session
[2025-09-20 17:34:53.291] LOG - 22:34:53.289Z Access token will be renewed in 75 minutes; expired: Sat Sep 20 2025 18:54:51 GMT-0500 (Central Daylight Time), now: Sat Sep 20 2025 17:34:53 GMT-0500 (Central Daylight Time)
[2025-09-20 17:34:53.291] LOG - 22:34:53.289Z Access token will be renewed in 75 minutes; expired: Sat Sep 20 2025 18:54:51 GMT-0500 (Central Daylight Time), now: Sat Sep 20 2025 17:34:53 GMT-0500 (Central Daylight Time)
[2025-09-20 17:34:53.297] WARNING - 22:34:53.296Z [LaunchDarkly] The waitForInitialization function was called without a timeout specified. In a future version a default timeout will be applied.
[2025-09-20 17:34:53.298] WARNING - 22:34:53.296Z [LaunchDarkly] The waitForInitialization function was called without a timeout specified. In a future version a default timeout will be applied.
[2025-09-20 17:34:53.311] INFO - 22:34:53.308Z chart cache state: islands=3, bars=1532
[2025-09-20 17:34:53.312] INFO - 22:34:53.308Z chart cache state: islands=3, bars=1532
[2025-09-20 17:34:53.312] INFO - 22:34:53.310Z Chart history database initialized
[2025-09-20 17:34:53.313] INFO - 22:34:53.310Z Chart history database initialized
[2025-09-20 17:34:53.314] INFO - 22:34:53.310Z [LaunchDarkly] LaunchDarkly client initialized
[2025-09-20 17:34:53.315] INFO - 22:34:53.310Z [LaunchDarkly] LaunchDarkly client initialized
[2025-09-20 17:34:53.315] INFO - 22:34:53.311Z [LaunchDarkly] Opening stream connection to https://clientstream.launchdarkly.com/eval/66cdf5b9cf61891061b4e437/eyJraW5kIjoidXNlciIsImtleSI6InVua25vd24iLCJhbm9ueW1vdXMiOmZhbHNlfQ
[2025-09-20 17:34:53.316] INFO - 22:34:53.311Z [LaunchDarkly] Opening stream connection to https://clientstream.launchdarkly.com/eval/66cdf5b9cf61891061b4e437/eyJraW5kIjoidXNlciIsImtleSI6InVua25vd24iLCJhbm9ueW1vdXMiOmZhbHNlfQ
[2025-09-20 17:34:53.824] error - Access to XMLHttpRequest at 'https://app.launchdarkly.com/sdk/evalx/66cdf5b9cf61891061b4e437/contexts/eyJraW5kIjoidXNlciIsImtleSI6IjQ2NTYwMjciLCJkZXZpY2UiOiJkZXNrdG9wIiwidXNlcklkIjo0NjU2MDI3LCJpcENvdW50cnkiOiJVUyIsIm9yZ05hbWUiOiJURFYiLCJuYW1lIjoiWmVuZXgzMjk4IiwibGFuZGluZ1BhcmFtcyI6IiJ9' from origin 'https://trader.tradovate.com' has been blocked by CORS policy: No 'Access-Control-Allow-Origin' header is present on the requested resource.
[2025-09-20 17:34:53.825] ERROR - 22:34:53.824Z [LaunchDarkly] network error (Error)
[2025-09-20 17:34:53.825] ERROR - 22:34:53.824Z [LaunchDarkly] network error (Error)
[2025-09-20 17:34:53.826] error - Failed to load resource: net::ERR_FAILED
[2025-09-20 17:34:53.830] ERROR - Exception: t
[2025-09-20 17:34:53.932] LOG - 22:34:53.928Z opening https://demo.tradovateapi.com/
[2025-09-20 17:34:53.932] LOG - 22:34:53.928Z opening https://demo.tradovateapi.com/
[2025-09-20 17:34:53.937] LOG - 22:34:53.935Z Hotkeys initialized {"Shift+Digit1":["orders/selectColumns"],"Shift+Digit2":["orders/showFilters"],"Shift+Digit3":["orders/standardTableView"],"Shift+Digit4":["orders/linkedOrdersView"],"Command+Shift+Digit0":["dom-chart/exit-and-cancel"]}
[2025-09-20 17:34:53.939] LOG - 22:34:53.935Z Hotkeys initialized {"Shift+Digit1":["orders/selectColumns"],"Shift+Digit2":["orders/showFilters"],"Shift+Digit3":["orders/standardTableView"],"Shift+Digit4":["orders/linkedOrdersView"],"Command+Shift+Digit0":["dom-chart/exit-and-cancel"]}
[2025-09-20 17:34:54.002] LOG - 22:34:54.002Z websocket opened
[2025-09-20 17:34:54.003] LOG - 22:34:54.002Z websocket opened
[2025-09-20 17:34:54.056] LOG - 22:34:54.055Z opening https://md-demo.tradovateapi.com/
[2025-09-20 17:34:54.057] LOG - 22:34:54.055Z opening https://md-demo.tradovateapi.com/
[2025-09-20 17:34:54.058] LOG - 22:34:54.056Z Connection:  open
[2025-09-20 17:34:54.058] LOG - 22:34:54.056Z Connection:  open
[2025-09-20 17:34:55.025] LOG - 22:34:55.022Z WebGL:  {"isWebGL2":true,"precision":"highp","logarithmicDepthBuffer":false,"maxTextures":16,"maxVertexTextures":16,"maxTextureSize":16384,"maxCubemapSize":16384,"maxAttributes":16,"maxVertexUniforms":1024,"maxVaryings":30,"maxFragmentUniforms":1024,"vertexTextures":true,"floatFragmentTextures":true,"floatVertexTextures":true,"maxSamples":8} , devicePixelRatio:  2
[2025-09-20 17:34:55.051] LOG - 22:34:55.023Z Canvas size: 500 932 dpp:  2
[2025-09-20 17:34:55.054] LOG - 22:34:55.032Z Loading App-level Plugins
[2025-09-20 17:34:55.054] LOG - 22:34:55.032Z Loading App-level Plugins
[2025-09-20 17:34:55.054] LOG - 22:34:55.045Z WebGL:  {"isWebGL2":true,"precision":"highp","logarithmicDepthBuffer":false,"maxTextures":16,"maxVertexTextures":16,"maxTextureSize":16384,"maxCubemapSize":16384,"maxAttributes":16,"maxVertexUniforms":1024,"maxVaryings":30,"maxFragmentUniforms":1024,"vertexTextures":true,"floatFragmentTextures":true,"floatVertexTextures":true,"maxSamples":8} , devicePixelRatio:  2
[2025-09-20 17:34:55.055] LOG - 22:34:55.046Z Canvas size: 500 932 dpp:  2
[2025-09-20 17:34:55.135] LOG - 22:34:55.101Z websocket opened
[2025-09-20 17:34:55.136] LOG - 22:34:55.101Z websocket opened
[2025-09-20 17:34:55.357] LOG - 22:34:55.356Z loadAppLevelPlugins:  [object Object]
[2025-09-20 17:34:55.358] LOG - 22:34:55.356Z loadAppLevelPlugins: 
[2025-09-20 17:34:56.068] LOG - 22:34:56.067Z jailing is in progress
[2025-09-20 17:34:56.068] LOG - 22:34:56.067Z jailing is in progress
[2025-09-20 17:34:56.225] LOG - 22:34:56.224Z pending jailing done. next starts
[2025-09-20 17:34:56.226] LOG - 22:34:56.224Z pending jailing done. next starts
[2025-09-20 17:34:57.140] LOG - 22:34:57.121Z created chart 1
[2025-09-20 17:34:57.318] LOG - 22:34:57.317Z updating the shared isolation
[2025-09-20 17:34:57.319] LOG - 22:34:57.317Z updating the shared isolation
[2025-09-20 17:34:57.325] LOG - 22:34:57.323Z requestChart: {"symbol":"3267312","chartDescription":{"underlyingType":"Tick","elementSize":5000,"elementSizeUnit":"UnderlyingUnits","withHistogram":false},"timeRange":{"asMuchAsElements":300}}
[2025-09-20 17:34:57.326] LOG - 22:34:57.323Z requestChart: {"symbol":"3267312","chartDescription":{"underlyingType":"Tick","elementSize":5000,"elementSizeUnit":"UnderlyingUnits","withHistogram":false},"timeRange":{"asMuchAsElements":300}}
[2025-09-20 17:34:57.327] LOG - 22:34:57.323Z mdMgApi open
[2025-09-20 17:34:57.327] LOG - 22:34:57.323Z mdMgApi open
[2025-09-20 17:35:01.820] LOG - 22:35:01.818Z Auto Order script initialized - AUTOMATIC HOT RELOAD SUCCESS!
[2025-09-20 17:35:01.821] LOG - 22:35:01.818Z Auto Order script initialized - AUTOMATIC HOT RELOAD SUCCESS!
[2025-09-20 17:35:01.821] LOG - 22:35:01.819Z Creating UI...
[2025-09-20 17:35:01.821] LOG - 22:35:01.819Z Creating UI...
[2025-09-20 17:35:01.822] LOG - 22:35:01.819Z Creating UI
[2025-09-20 17:35:01.822] LOG - 22:35:01.819Z Creating UI
[2025-09-20 17:35:01.822] LOG - 22:35:01.820Z Stored values: TP=120, SL=40, Qty=2, Tick=0.25, Symbol=NQ
[2025-09-20 17:35:01.822] LOG - 22:35:01.820Z Stored values: TP=120, SL=40, Qty=2, Tick=0.25, Symbol=NQ
[2025-09-20 17:35:01.823] LOG - 22:35:01.822Z UI container added to DOM
[2025-09-20 17:35:01.824] LOG - 22:35:01.822Z UI container added to DOM
[2025-09-20 17:35:01.824] LOG - 22:35:01.822Z Setting up UI event handlers
[2025-09-20 17:35:01.825] LOG - 22:35:01.822Z Setting up UI event handlers
[2025-09-20 17:35:01.827] LOG - 22:35:01.822Z Setting up persistent settings
[2025-09-20 17:35:01.827] LOG - 22:35:01.822Z Setting up persistent settings
[2025-09-20 17:35:01.828] LOG - 22:35:01.822Z Setting up drag functionality
[2025-09-20 17:35:01.829] LOG - 22:35:01.822Z Setting up drag functionality
[2025-09-20 17:35:01.830] LOG - 22:35:01.822Z Setting up trade buttons
[2025-09-20 17:35:01.831] LOG - 22:35:01.822Z Setting up trade buttons
[2025-09-20 17:35:01.832] LOG - 22:35:01.822Z UI creation complete
[2025-09-20 17:35:01.833] LOG - 22:35:01.822Z UI creation complete
[2025-09-20 17:35:01.833] LOG - 22:35:01.822Z Creating example front-quarter symbol
[2025-09-20 17:35:01.833] LOG - 22:35:01.822Z Creating example front-quarter symbol
[2025-09-20 17:35:01.834] LOG - 22:35:01.823Z getQuarterlyCode called with date: 2025-09-20T22:35:01.823Z
[2025-09-20 17:35:01.834] LOG - 22:35:01.823Z getQuarterlyCode called with date: 2025-09-20T22:35:01.823Z
[2025-09-20 17:35:01.834] LOG - 22:35:01.823Z Current month index: 8
[2025-09-20 17:35:01.834] LOG - 22:35:01.823Z Current month index: 8
[2025-09-20 17:35:01.834] LOG - 22:35:01.823Z Starting calculation with year=2025, month=8
[2025-09-20 17:35:01.834] LOG - 22:35:01.823Z Starting calculation with year=2025, month=8
[2025-09-20 17:35:01.835] LOG - 22:35:01.823Z Calculated quarterly code: letter=Z, yearDigit=5
[2025-09-20 17:35:01.835] LOG - 22:35:01.823Z Calculated quarterly code: letter=Z, yearDigit=5
[2025-09-20 17:35:01.835] LOG - 22:35:01.823Z Example front-quarter symbol created: NQZ5
[2025-09-20 17:35:01.835] LOG - 22:35:01.823Z Example front-quarter symbol created: NQZ5
[2025-09-20 17:35:01.841] LOG - 22:35:01.839Z Auto Risk Management: Running initial risk assessment...
[2025-09-20 17:35:01.843] LOG - 22:35:01.839Z Auto Risk Management: Running initial risk assessment...
[2025-09-20 17:35:01.845] LOG - 22:35:01.841Z [analyzePhase] resetting phaseData
[2025-09-20 17:35:01.846] LOG - 22:35:01.841Z [analyzePhase] resetting phaseData
[2025-09-20 17:35:01.847] LOG - 22:35:01.841Z [analyzePhase] set phase 1 maxActive to 1
[2025-09-20 17:35:01.847] LOG - 22:35:01.841Z [analyzePhase] set phase 1 maxActive to 1
[2025-09-20 17:35:01.848] LOG - 22:35:01.841Z [analyzePhase] increased phase 2 maxActive to 1
[2025-09-20 17:35:01.849] LOG - 22:35:01.841Z [analyzePhase] increased phase 2 maxActive to 1
[2025-09-20 17:35:01.850] LOG - 22:35:01.841Z [updateUserColumnPhaseStatus] Starting...
[2025-09-20 17:35:01.851] LOG - 22:35:01.841Z [updateUserColumnPhaseStatus] Starting...
[2025-09-20 17:35:01.851] LOG - 22:35:01.841Z [updateUserColumnPhaseStatus] Found 1 rows
[2025-09-20 17:35:01.851] LOG - 22:35:01.841Z [updateUserColumnPhaseStatus] Found 1 rows
[2025-09-20 17:35:01.851] LOG - 22:35:01.842Z [updateUserColumnPhaseStatus] Header cells: Account ▲,Total Available Margin,User,Dist Drawdown Net Liq,Dollar Open P L,Dollar Total P L
[2025-09-20 17:35:01.851] LOG - 22:35:01.842Z [updateUserColumnPhaseStatus] Header cells:
[2025-09-20 17:35:01.852] LOG - 22:35:01.842Z [updateUserColumnPhaseStatus] Found User column at index 2
[2025-09-20 17:35:01.852] LOG - 22:35:01.842Z [updateUserColumnPhaseStatus] Found User column at index 2
[2025-09-20 17:35:01.852] LOG - 22:35:01.842Z [updateUserColumnPhaseStatus] Getting table data...
[2025-09-20 17:35:01.852] LOG - 22:35:01.842Z [updateUserColumnPhaseStatus] Getting table data...
[2025-09-20 17:35:01.852] LOG - 22:35:01.842Z [analyzePhase] resetting phaseData
[2025-09-20 17:35:01.852] LOG - 22:35:01.842Z [analyzePhase] resetting phaseData
[2025-09-20 17:35:01.852] LOG - 22:35:01.842Z [analyzePhase] set phase 1 maxActive to 1
[2025-09-20 17:35:01.853] LOG - 22:35:01.842Z [analyzePhase] set phase 1 maxActive to 1
[2025-09-20 17:35:01.853] LOG - 22:35:01.842Z [analyzePhase] increased phase 2 maxActive to 1
[2025-09-20 17:35:01.853] LOG - 22:35:01.842Z [analyzePhase] increased phase 2 maxActive to 1
[2025-09-20 17:35:01.853] LOG - 22:35:01.842Z [updateUserColumnPhaseStatus] Table data: 0 rows
[2025-09-20 17:35:01.853] LOG - 22:35:01.842Z [updateUserColumnPhaseStatus] Table data: 0 rows
[2025-09-20 17:35:01.853] ERROR - 22:35:01.842Z [updateUserColumnPhaseStatus] No data from getTableData()
[2025-09-20 17:35:01.853] ERROR - 22:35:01.842Z [updateUserColumnPhaseStatus] No data from getTableData()
[2025-09-20 17:35:01.868] warning - The AudioContext was not allowed to start. It must be resumed (or created) after a user gesture on the page. https://developer.chrome.com/blog/autoplay/#web_audio
[2025-09-20 17:35:01.868] LOG - 22:35:01.855Z Auto Risk Management: Initial risk assessment completed
[2025-09-20 17:35:01.868] LOG - 22:35:01.855Z Auto Risk Management: Initial risk assessment completed
[2025-09-20 17:35:02.859] LOG - 22:35:02.858Z [analyzePhase] resetting phaseData
[2025-09-20 17:35:02.860] LOG - 22:35:02.858Z [analyzePhase] resetting phaseData
[2025-09-20 17:35:02.862] LOG - 22:35:02.858Z [analyzePhase] set phase 1 maxActive to 1
[2025-09-20 17:35:02.862] LOG - 22:35:02.858Z [analyzePhase] set phase 1 maxActive to 1
[2025-09-20 17:35:02.862] LOG - 22:35:02.858Z [analyzePhase] increased phase 2 maxActive to 1
[2025-09-20 17:35:02.862] LOG - 22:35:02.858Z [analyzePhase] increased phase 2 maxActive to 1
[2025-09-20 17:35:02.862] WARNING - 22:35:02.859Z Error in deferred func: TypeError: Cannot read properties of undefined (reading 'querySelector'), function(){d(a),f(function(){d(null)},0);var e=i.apply(this,arguments);return d(null),e} TypeError: Cannot read properties of undefined (reading 'querySelector'),    at <anonymous>:377:98,    at i.__trace__ (https://cdn.tradovate.com/tradovate/scripts/8623.bc07fac1.js:2:4608552),    at https://cdn.tradovate.com/tradovate/scripts/8623.bc07fac1.js:2:3545147
[2025-09-20 17:35:02.862] WARNING - 22:35:02.859Z Error in deferred func: TypeError: Cannot read properties of undefined (reading 'querySelector'), function(){d(a),f(function(){d(null)},0);var e=i.apply(this,arguments);return d(null),e}
[2025-09-20 17:35:02.876] LOG - 22:35:02.873Z Executing initial risk management assessment...
[2025-09-20 17:35:02.878] LOG - 22:35:02.873Z Executing initial risk management assessment...
[2025-09-20 17:35:02.881] ERROR - 22:35:02.873Z getTableData function not found
[2025-09-20 17:35:02.881] ERROR - 22:35:02.873Z getTableData function not found
[2025-09-20 17:35:02.882] ERROR - 22:35:02.874Z updateUserColumnPhaseStatus function not found
[2025-09-20 17:35:02.882] ERROR - 22:35:02.874Z updateUserColumnPhaseStatus function not found
[2025-09-20 17:35:02.883] ERROR - 22:35:02.875Z performAccountActions function not found
[2025-09-20 17:35:02.884] ERROR - 22:35:02.875Z performAccountActions function not found
[2025-09-20 17:35:02.884] LOG - 22:35:02.875Z Risk management assessment completed
[2025-09-20 17:35:02.885] LOG - 22:35:02.875Z Risk management assessment completed
