[2025-09-20 17:34:50.682] LOG - 22:34:50.680Z Starting login process for: stonkz92224@gmail.com
[2025-09-20 17:34:50.683] LOG - 22:34:50.680Z Starting login process for: stonkz92224@gmail.com
[2025-09-20 17:34:50.684] LOG - 22:34:50.680Z Auto login function executing for: stonkz92224@gmail.com
[2025-09-20 17:34:50.684] LOG - 22:34:50.680Z Auto login function executing for: stonkz92224@gmail.com
[2025-09-20 17:34:50.685] LOG - 22:34:50.680Z Login form found, filling credentials...
[2025-09-20 17:34:50.685] LOG - 22:34:50.680Z Login form found, filling credentials...
[2025-09-20 17:34:50.831] LOG - 22:34:50.710Z Test element added to DOM
[2025-09-20 17:34:50.832] LOG - 22:34:50.710Z Test element added to DOM
[2025-09-20 17:34:50.837] LOG - 22:34:50.834Z All browser alerts and confirmations have been disabled
[2025-09-20 17:34:50.839] LOG - 22:34:50.834Z All browser alerts and confirmations have been disabled
[2025-09-20 17:34:51.211] LOG - 22:34:51.193Z Clicking login button...
[2025-09-20 17:34:51.213] LOG - 22:34:51.193Z Clicking login button...
[2025-09-20 17:34:51.213] LOG - 22:34:51.203Z authentication starting
[2025-09-20 17:34:51.214] LOG - 22:34:51.203Z authentication starting
[2025-09-20 17:34:51.591] warning - The AudioContext was not allowed to start. It must be resumed (or created) after a user gesture on the page. https://developer.chrome.com/blog/autoplay/#web_audio
[2025-09-20 17:34:51.592] LOG - 22:34:51.571Z Watching for account selection page...
[2025-09-20 17:34:51.593] LOG - 22:34:51.571Z Watching for account selection page...
[2025-09-20 17:34:51.880] LOG - 22:34:51.879Z Access token will be renewed in 75 minutes; expired: Sat Sep 20 2025 18:54:51 GMT-0500 (Central Daylight Time), now: Sat Sep 20 2025 17:34:51 GMT-0500 (Central Daylight Time)
[2025-09-20 17:34:51.880] LOG - 22:34:51.879Z Access token will be renewed in 75 minutes; expired: Sat Sep 20 2025 18:54:51 GMT-0500 (Central Daylight Time), now: Sat Sep 20 2025 17:34:51 GMT-0500 (Central Daylight Time)
[2025-09-20 17:34:52.207] error - Access to XMLHttpRequest at 'https://app.launchdarkly.com/sdk/evalx/66cdf5b9cf61891061b4e437/contexts/eyJraW5kIjoidXNlciIsImtleSI6IjM2NTUwNTkiLCJkZXZpY2UiOiJkZXNrdG9wIiwidXNlcklkIjozNjU1MDU5LCJpcENvdW50cnkiOiJVUyIsIm9yZ05hbWUiOiJURFYiLCJuYW1lIjoiU3Rvbmt6OTIyMjQiLCJsYW5kaW5nUGFyYW1zIjoiIn0' from origin 'https://trader.tradovate.com' has been blocked by CORS policy: No 'Access-Control-Allow-Origin' header is present on the requested resource.
[2025-09-20 17:34:52.208] ERROR - 22:34:52.207Z [LaunchDarkly] network error (Error)
[2025-09-20 17:34:52.210] ERROR - 22:34:52.207Z [LaunchDarkly] network error (Error)
[2025-09-20 17:34:52.211] ERROR - 22:34:52.209Z [LaunchDarkly] network error (Error)
[2025-09-20 17:34:52.211] ERROR - 22:34:52.209Z [LaunchDarkly] network error (Error)
[2025-09-20 17:34:52.211] error - Failed to load resource: net::ERR_FAILED
[2025-09-20 17:34:52.215] ERROR - Exception: t
[2025-09-20 17:34:52.216] ERROR - Exception: t
[2025-09-20 17:34:52.287] error - Access to XMLHttpRequest at 'https://app.launchdarkly.com/sdk/evalx/66cdf5b9cf61891061b4e437/contexts/eyJraW5kIjoidXNlciIsImtleSI6IjM2NTUwNTkiLCJkZXZpY2UiOiJkZXNrdG9wIiwidXNlcklkIjozNjU1MDU5LCJpcENvdW50cnkiOiJVUyIsIm9yZ05hbWUiOiJURFYiLCJuYW1lIjoiU3Rvbmt6OTIyMjQiLCJsYW5kaW5nUGFyYW1zIjoiIn0' from origin 'https://trader.tradovate.com' has been blocked by CORS policy: No 'Access-Control-Allow-Origin' header is present on the requested resource.
[2025-09-20 17:34:52.288] ERROR - 22:34:52.287Z [LaunchDarkly] network error (Error)
[2025-09-20 17:34:52.288] ERROR - 22:34:52.287Z [LaunchDarkly] network error (Error)
[2025-09-20 17:34:52.288] error - Failed to load resource: net::ERR_FAILED
[2025-09-20 17:34:52.289] ERROR - Exception: t
[2025-09-20 17:34:53.360] error - Access to XMLHttpRequest at 'https://app.launchdarkly.com/sdk/evalx/66cdf5b9cf61891061b4e437/contexts/eyJraW5kIjoidXNlciIsImtleSI6IjM2NTUwNTkiLCJkZXZpY2UiOiJkZXNrdG9wIiwidXNlcklkIjozNjU1MDU5LCJpcENvdW50cnkiOiJVUyIsIm9yZ05hbWUiOiJURFYiLCJuYW1lIjoiU3Rvbmt6OTIyMjQiLCJsYW5kaW5nUGFyYW1zIjoiIn0' from origin 'https://trader.tradovate.com' has been blocked by CORS policy: No 'Access-Control-Allow-Origin' header is present on the requested resource.
[2025-09-20 17:34:53.362] ERROR - 22:34:53.359Z [LaunchDarkly] network error (Error)
[2025-09-20 17:34:53.362] ERROR - 22:34:53.359Z [LaunchDarkly] network error (Error)
[2025-09-20 17:34:53.363] error - Failed to load resource: net::ERR_FAILED
[2025-09-20 17:34:53.363] ERROR - Exception: t
[2025-09-20 17:34:53.574] LOG - 22:34:53.572Z Account selection page detected, clicking button...
[2025-09-20 17:34:53.574] LOG - 22:34:53.572Z Account selection page detected, clicking button...
[2025-09-20 17:34:53.742] LOG - 22:34:53.683Z Access token will be renewed in 75 minutes; expired: Sat Sep 20 2025 18:54:51 GMT-0500 (Central Daylight Time), now: Sat Sep 20 2025 17:34:53 GMT-0500 (Central Daylight Time)
[2025-09-20 17:34:53.742] LOG - 22:34:53.683Z Access token will be renewed in 75 minutes; expired: Sat Sep 20 2025 18:54:51 GMT-0500 (Central Daylight Time), now: Sat Sep 20 2025 17:34:53 GMT-0500 (Central Daylight Time)
[2025-09-20 17:34:53.939] error - Refused to connect to 'https://bat.bing.com/actionp/0?ti=26330043&Ver=2&mid=fd81bd1a-e180-49be-9e4a-1ad5dee7ef04&bo=2&sid=2801add0965411f09165ab2c93c38bf7&vid=2801c1c0965411f0afa211e8ba13cf6d&vids=0&msclkid=N&evt=pageHide' because it violates the following Content Security Policy directive: "connect-src wss://*.tradovate.com https://*.tradovate.com https://*.ntinnolab.com https://*.devel.ninjatrader.dev https://*.staging.ninjatrader.dev https://*.uat.ninjatrader.dev wss://*.ntinnolab.com wss://*.devel.ninjatrader.dev wss://*.staging.ninjatrader.dev wss://*.uat.ninjatrader.dev wss://*.tradovateapi.com https://*.tradovateapi.com https://*.ninjatrader.com https://cdn.walkme.com https://ec.walkme.com https://sessions.bugsnag.com https://notify.bugsnag.com https://*.plaid.com https://*.yodlee.com https://tradovate.zendesk.com https://rollout.ada.support https://static.ada.support https://ninjatrader.ada.support https://tradovate.ada.support https://ninjatrader-eap.ada.support/ https://demo-ninjatrader-gr.ada.support/ https://tradovate-gen.ada.support/ https://api.stripe.com https://apiproxy.ninjatrader.com https://apiproxy-d.ninjatrader.com https://us-autocomplete-pro.api.smartystreets.com https://international-autocomplete.api.smarty.com https://maps.googleapis.com https://accounts.google.com/ https://www.google.com https://www.googletagmanager.com/ https://*.browser-intake-datadoghq.com https://scripts.neuro-id.com https://receiver.neuroid.cloud https://logs.neuro-id.com https://firebaseinstallations.googleapis.com/ https://firebaseremoteconfig.googleapis.com/ https://logx.optimizely.com https://*.optimizely.com wss://mpsnare.iesnare.com wss://ci-mpsnare.iovation.com https://*.iovation.com/ https://*.reddit.com  https://www.redditstatic.com https://*.taboola.com https://*.launchdarkly.com https://*.alloy.co https://*.maze.co https://www.google-analytics.com https://analytics.google.com https://www.googletagmanager.com/ https://api.hubapi.com https://forms.hubspot.com https://stats.g.doubleclick.net https://alb.reddit.com https://analytics.twitter.com https://heapanalytics.com https://*.auryc.com https://*.contentsquare.net https://siteintercept.qualtrics.com https://api.userway.org/".

[2025-09-20 17:34:53.940] INFO - 22:34:53.816Z visibilitychange: hidden, gd: 1000
[2025-09-20 17:34:53.941] INFO - 22:34:53.816Z visibilitychange: hidden, gd: 1000
[2025-09-20 17:34:53.942] WARNING - 22:34:53.818Z [LaunchDarkly] Error on stream connection: {"isTrusted":true}, will continue retrying after 976 milliseconds.
[2025-09-20 17:34:53.942] WARNING - 22:34:53.818Z [LaunchDarkly] Error on stream connection: {"isTrusted":true}, will continue retrying after 976 milliseconds.
[2025-09-20 17:34:53.942] INFO - 22:34:53.818Z [LaunchDarkly] Closing stream connection
[2025-09-20 17:34:53.942] INFO - 22:34:53.818Z [LaunchDarkly] Closing stream connection
[2025-09-20 17:34:54.417] WARNING - Duplicate atom key "locale". This is a FATAL ERROR in
      production. But it is safe to ignore this warning if it occurred because of
      hot module replacement.
[2025-09-20 17:34:54.419] WARNING - Duplicate atom key "locale". This is a FATAL ERROR in
      production. But it is safe to ignore this warning if it occurred because of
      hot module replacement.
[2025-09-20 17:34:54.420] WARNING - Duplicate atom key "muiTheme". This is a FATAL ERROR in
      production. But it is safe to ignore this warning if it occurred because of
      hot module replacement.
[2025-09-20 17:34:54.422] WARNING - Duplicate atom key "muiTheme". This is a FATAL ERROR in
      production. But it is safe to ignore this warning if it occurred because of
      hot module replacement.
[2025-09-20 17:34:54.422] WARNING - Duplicate atom key "appLinksFooter". This is a FATAL ERROR in
      production. But it is safe to ignore this warning if it occurred because of
      hot module replacement.
[2025-09-20 17:34:54.423] WARNING - Duplicate atom key "appLinksFooter". This is a FATAL ERROR in
      production. But it is safe to ignore this warning if it occurred because of
      hot module replacement.
[2025-09-20 17:34:54.425] WARNING - Duplicate atom key "currentUserId2". This is a FATAL ERROR in
      production. But it is safe to ignore this warning if it occurred because of
      hot module replacement.
[2025-09-20 17:34:54.426] WARNING - Duplicate atom key "currentUserId2". This is a FATAL ERROR in
      production. But it is safe to ignore this warning if it occurred because of
      hot module replacement.
[2025-09-20 17:34:54.427] WARNING - Duplicate atom key "onboardingInProgress". This is a FATAL ERROR in
      production. But it is safe to ignore this warning if it occurred because of
      hot module replacement.
[2025-09-20 17:34:54.428] WARNING - Duplicate atom key "onboardingInProgress". This is a FATAL ERROR in
      production. But it is safe to ignore this warning if it occurred because of
      hot module replacement.
[2025-09-20 17:34:54.429] WARNING - Duplicate atom key "editing". This is a FATAL ERROR in
      production. But it is safe to ignore this warning if it occurred because of
      hot module replacement.
[2025-09-20 17:34:54.430] WARNING - Duplicate atom key "editing". This is a FATAL ERROR in
      production. But it is safe to ignore this warning if it occurred because of
      hot module replacement.
[2025-09-20 17:34:54.431] WARNING - Duplicate atom key "infoMessage". This is a FATAL ERROR in
      production. But it is safe to ignore this warning if it occurred because of
      hot module replacement.
[2025-09-20 17:34:54.435] WARNING - Duplicate atom key "infoMessage". This is a FATAL ERROR in
      production. But it is safe to ignore this warning if it occurred because of
      hot module replacement.
[2025-09-20 17:34:54.436] WARNING - Duplicate atom key "browserWarning". This is a FATAL ERROR in
      production. But it is safe to ignore this warning if it occurred because of
      hot module replacement.
[2025-09-20 17:34:54.437] WARNING - Duplicate atom key "browserWarning". This is a FATAL ERROR in
      production. But it is safe to ignore this warning if it occurred because of
      hot module replacement.
[2025-09-20 17:34:54.438] WARNING - Duplicate atom key "clockWarning". This is a FATAL ERROR in
      production. But it is safe to ignore this warning if it occurred because of
      hot module replacement.
[2025-09-20 17:34:54.439] WARNING - Duplicate atom key "clockWarning". This is a FATAL ERROR in
      production. But it is safe to ignore this warning if it occurred because of
      hot module replacement.
[2025-09-20 17:34:54.440] WARNING - Duplicate atom key "breakpoint". This is a FATAL ERROR in
      production. But it is safe to ignore this warning if it occurred because of
      hot module replacement.
[2025-09-20 17:34:54.447] WARNING - Duplicate atom key "breakpoint". This is a FATAL ERROR in
      production. But it is safe to ignore this warning if it occurred because of
      hot module replacement.
[2025-09-20 17:34:54.447] WARNING - Duplicate atom key "inMobileRange". This is a FATAL ERROR in
      production. But it is safe to ignore this warning if it occurred because of
      hot module replacement.
[2025-09-20 17:34:54.447] WARNING - Duplicate atom key "inMobileRange". This is a FATAL ERROR in
      production. But it is safe to ignore this warning if it occurred because of
      hot module replacement.
[2025-09-20 17:34:54.447] WARNING - Duplicate atom key "gridSpacing". This is a FATAL ERROR in
      production. But it is safe to ignore this warning if it occurred because of
      hot module replacement.
[2025-09-20 17:34:54.447] WARNING - Duplicate atom key "gridSpacing". This is a FATAL ERROR in
      production. But it is safe to ignore this warning if it occurred because of
      hot module replacement.
[2025-09-20 17:34:54.448] WARNING - Duplicate atom key "login". This is a FATAL ERROR in
      production. But it is safe to ignore this warning if it occurred because of
      hot module replacement.
[2025-09-20 17:34:54.448] WARNING - Duplicate atom key "login". This is a FATAL ERROR in
      production. But it is safe to ignore this warning if it occurred because of
      hot module replacement.
[2025-09-20 17:34:54.448] WARNING - Duplicate atom key "error". This is a FATAL ERROR in
      production. But it is safe to ignore this warning if it occurred because of
      hot module replacement.
[2025-09-20 17:34:54.448] WARNING - Duplicate atom key "error". This is a FATAL ERROR in
      production. But it is safe to ignore this warning if it occurred because of
      hot module replacement.
[2025-09-20 17:34:54.448] WARNING - Duplicate atom key "contactInfos2". This is a FATAL ERROR in
      production. But it is safe to ignore this warning if it occurred because of
      hot module replacement.
[2025-09-20 17:34:54.448] WARNING - Duplicate atom key "contactInfos2". This is a FATAL ERROR in
      production. But it is safe to ignore this warning if it occurred because of
      hot module replacement.
[2025-09-20 17:34:54.449] WARNING - Duplicate atom key "individualApplicantsTimestamp". This is a FATAL ERROR in
      production. But it is safe to ignore this warning if it occurred because of
      hot module replacement.
[2025-09-20 17:34:54.449] WARNING - Duplicate atom key "individualApplicantsTimestamp". This is a FATAL ERROR in
      production. But it is safe to ignore this warning if it occurred because of
      hot module replacement.
[2025-09-20 17:34:54.449] WARNING - Duplicate atom key "customerApplication". This is a FATAL ERROR in
      production. But it is safe to ignore this warning if it occurred because of
      hot module replacement.
[2025-09-20 17:34:54.449] WARNING - Duplicate atom key "customerApplication". This is a FATAL ERROR in
      production. But it is safe to ignore this warning if it occurred because of
      hot module replacement.
[2025-09-20 17:34:54.449] WARNING - Duplicate atom key "individualApplicants". This is a FATAL ERROR in
      production. But it is safe to ignore this warning if it occurred because of
      hot module replacement.
[2025-09-20 17:34:54.449] WARNING - Duplicate atom key "individualApplicants". This is a FATAL ERROR in
      production. But it is safe to ignore this warning if it occurred because of
      hot module replacement.
[2025-09-20 17:34:54.449] WARNING - Duplicate atom key "clearingHouses". This is a FATAL ERROR in
      production. But it is safe to ignore this warning if it occurred because of
      hot module replacement.
[2025-09-20 17:34:54.450] WARNING - Duplicate atom key "clearingHouses". This is a FATAL ERROR in
      production. But it is safe to ignore this warning if it occurred because of
      hot module replacement.
[2025-09-20 17:34:54.450] WARNING - Duplicate atom key "clearXClearingHouse". This is a FATAL ERROR in
      production. But it is safe to ignore this warning if it occurred because of
      hot module replacement.
[2025-09-20 17:34:54.450] WARNING - Duplicate atom key "clearXClearingHouse". This is a FATAL ERROR in
      production. But it is safe to ignore this warning if it occurred because of
      hot module replacement.
[2025-09-20 17:34:54.450] WARNING - Duplicate atom key "applicationClearingHouse". This is a FATAL ERROR in
      production. But it is safe to ignore this warning if it occurred because of
      hot module replacement.
[2025-09-20 17:34:54.450] WARNING - Duplicate atom key "applicationClearingHouse". This is a FATAL ERROR in
      production. But it is safe to ignore this warning if it occurred because of
      hot module replacement.
[2025-09-20 17:34:54.450] WARNING - Duplicate atom key "userLocation". This is a FATAL ERROR in
      production. But it is safe to ignore this warning if it occurred because of
      hot module replacement.
[2025-09-20 17:34:54.450] WARNING - Duplicate atom key "userLocation". This is a FATAL ERROR in
      production. But it is safe to ignore this warning if it occurred because of
      hot module replacement.
[2025-09-20 17:34:54.451] WARNING - Duplicate atom key "savedApplicationsTimestamp". This is a FATAL ERROR in
      production. But it is safe to ignore this warning if it occurred because of
      hot module replacement.
[2025-09-20 17:34:54.451] WARNING - Duplicate atom key "savedApplicationsTimestamp". This is a FATAL ERROR in
      production. But it is safe to ignore this warning if it occurred because of
      hot module replacement.
[2025-09-20 17:34:54.451] WARNING - Duplicate atom key "savedApplications". This is a FATAL ERROR in
      production. But it is safe to ignore this warning if it occurred because of
      hot module replacement.
[2025-09-20 17:34:54.451] WARNING - Duplicate atom key "savedApplications". This is a FATAL ERROR in
      production. But it is safe to ignore this warning if it occurred because of
      hot module replacement.
[2025-09-20 17:34:54.451] WARNING - Duplicate atom key "step". This is a FATAL ERROR in
      production. But it is safe to ignore this warning if it occurred because of
      hot module replacement.
[2025-09-20 17:34:54.451] WARNING - Duplicate atom key "step". This is a FATAL ERROR in
      production. But it is safe to ignore this warning if it occurred because of
      hot module replacement.
[2025-09-20 17:34:54.452] WARNING - Duplicate atom key "checkStates". This is a FATAL ERROR in
      production. But it is safe to ignore this warning if it occurred because of
      hot module replacement.
[2025-09-20 17:34:54.452] WARNING - Duplicate atom key "checkStates". This is a FATAL ERROR in
      production. But it is safe to ignore this warning if it occurred because of
      hot module replacement.
[2025-09-20 17:34:54.452] WARNING - Duplicate atom key "signStates". This is a FATAL ERROR in
      production. But it is safe to ignore this warning if it occurred because of
      hot module replacement.
[2025-09-20 17:34:54.452] WARNING - Duplicate atom key "signStates". This is a FATAL ERROR in
      production. But it is safe to ignore this warning if it occurred because of
      hot module replacement.
[2025-09-20 17:34:54.452] WARNING - Duplicate atom key "wizard". This is a FATAL ERROR in
      production. But it is safe to ignore this warning if it occurred because of
      hot module replacement.
[2025-09-20 17:34:54.452] WARNING - Duplicate atom key "wizard". This is a FATAL ERROR in
      production. But it is safe to ignore this warning if it occurred because of
      hot module replacement.
[2025-09-20 17:34:54.452] WARNING - Duplicate atom key "formBuilder". This is a FATAL ERROR in
      production. But it is safe to ignore this warning if it occurred because of
      hot module replacement.
[2025-09-20 17:34:54.453] WARNING - Duplicate atom key "formBuilder". This is a FATAL ERROR in
      production. But it is safe to ignore this warning if it occurred because of
      hot module replacement.
[2025-09-20 17:34:54.453] WARNING - Duplicate atom key "headerSlot". This is a FATAL ERROR in
      production. But it is safe to ignore this warning if it occurred because of
      hot module replacement.
[2025-09-20 17:34:54.453] WARNING - Duplicate atom key "headerSlot". This is a FATAL ERROR in
      production. But it is safe to ignore this warning if it occurred because of
      hot module replacement.
[2025-09-20 17:34:54.453] WARNING - Duplicate atom key "footerSlot". This is a FATAL ERROR in
      production. But it is safe to ignore this warning if it occurred because of
      hot module replacement.
[2025-09-20 17:34:54.453] WARNING - Duplicate atom key "footerSlot". This is a FATAL ERROR in
      production. But it is safe to ignore this warning if it occurred because of
      hot module replacement.
[2025-09-20 17:34:54.453] WARNING - Duplicate atom key "alloyJourneyToken". This is a FATAL ERROR in
      production. But it is safe to ignore this warning if it occurred because of
      hot module replacement.
[2025-09-20 17:34:54.453] WARNING - Duplicate atom key "alloyJourneyToken". This is a FATAL ERROR in
      production. But it is safe to ignore this warning if it occurred because of
      hot module replacement.
[2025-09-20 17:34:54.454] DEBUG - [bugsnag] Loaded!
[2025-09-20 17:34:54.454] DEBUG - [bugsnag] Loaded!
[2025-09-20 17:34:54.454] INFO - Version 3.250912.0 prod production 
[2025-09-20 17:34:54.454] INFO - Version 3.250912.0 prod production 
[2025-09-20 17:34:54.454] INFO - Time: Sat Sep 20 2025 17:34:54 GMT-0500 (Central Daylight Time)
[2025-09-20 17:34:54.454] INFO - Time:
[2025-09-20 17:34:54.591] LOG - 22:34:54.589Z Try to restore session
[2025-09-20 17:34:54.592] LOG - 22:34:54.589Z Try to restore session
[2025-09-20 17:34:54.592] LOG - 22:34:54.590Z Access token will be renewed in 75 minutes; expired: Sat Sep 20 2025 18:54:51 GMT-0500 (Central Daylight Time), now: Sat Sep 20 2025 17:34:54 GMT-0500 (Central Daylight Time)
[2025-09-20 17:34:54.592] LOG - 22:34:54.590Z Access token will be renewed in 75 minutes; expired: Sat Sep 20 2025 18:54:51 GMT-0500 (Central Daylight Time), now: Sat Sep 20 2025 17:34:54 GMT-0500 (Central Daylight Time)
[2025-09-20 17:34:54.597] WARNING - 22:34:54.595Z [LaunchDarkly] The waitForInitialization function was called without a timeout specified. In a future version a default timeout will be applied.
[2025-09-20 17:34:54.598] WARNING - 22:34:54.595Z [LaunchDarkly] The waitForInitialization function was called without a timeout specified. In a future version a default timeout will be applied.
[2025-09-20 17:34:54.605] INFO - 22:34:54.604Z chart cache state: islands=1, bars=395
[2025-09-20 17:34:54.606] INFO - 22:34:54.604Z chart cache state: islands=1, bars=395
[2025-09-20 17:34:54.606] INFO - 22:34:54.604Z Chart history database initialized
[2025-09-20 17:34:54.606] INFO - 22:34:54.604Z Chart history database initialized
[2025-09-20 17:34:54.656] INFO - 22:34:54.655Z [LaunchDarkly] LaunchDarkly client initialized
[2025-09-20 17:34:54.657] INFO - 22:34:54.655Z [LaunchDarkly] LaunchDarkly client initialized
[2025-09-20 17:34:54.657] INFO - 22:34:54.655Z [LaunchDarkly] Opening stream connection to https://clientstream.launchdarkly.com/eval/66cdf5b9cf61891061b4e437/eyJraW5kIjoidXNlciIsImtleSI6InVua25vd24iLCJhbm9ueW1vdXMiOmZhbHNlfQ
[2025-09-20 17:34:54.657] INFO - 22:34:54.655Z [LaunchDarkly] Opening stream connection to https://clientstream.launchdarkly.com/eval/66cdf5b9cf61891061b4e437/eyJraW5kIjoidXNlciIsImtleSI6InVua25vd24iLCJhbm9ueW1vdXMiOmZhbHNlfQ
[2025-09-20 17:34:55.203] error - Access to XMLHttpRequest at 'https://app.launchdarkly.com/sdk/evalx/66cdf5b9cf61891061b4e437/contexts/eyJraW5kIjoidXNlciIsImtleSI6IjM2NTUwNTkiLCJkZXZpY2UiOiJkZXNrdG9wIiwidXNlcklkIjozNjU1MDU5LCJpcENvdW50cnkiOiJVUyIsIm9yZ05hbWUiOiJURFYiLCJuYW1lIjoiU3Rvbmt6OTIyMjQiLCJsYW5kaW5nUGFyYW1zIjoiIn0' from origin 'https://trader.tradovate.com' has been blocked by CORS policy: No 'Access-Control-Allow-Origin' header is present on the requested resource.
[2025-09-20 17:34:55.207] ERROR - 22:34:55.202Z [LaunchDarkly] network error (Error)
[2025-09-20 17:34:55.207] ERROR - 22:34:55.202Z [LaunchDarkly] network error (Error)
[2025-09-20 17:34:55.207] error - Failed to load resource: net::ERR_FAILED
[2025-09-20 17:34:55.211] ERROR - Exception: t
[2025-09-20 17:34:55.343] error - Access to XMLHttpRequest at 'https://app.launchdarkly.com/sdk/evalx/66cdf5b9cf61891061b4e437/contexts/eyJraW5kIjoidXNlciIsImtleSI6IjM2NTUwNTkiLCJkZXZpY2UiOiJkZXNrdG9wIiwidXNlcklkIjozNjU1MDU5LCJpcENvdW50cnkiOiJVUyIsIm9yZ05hbWUiOiJURFYiLCJuYW1lIjoiU3Rvbmt6OTIyMjQiLCJsYW5kaW5nUGFyYW1zIjoiIn0' from origin 'https://trader.tradovate.com' has been blocked by CORS policy: No 'Access-Control-Allow-Origin' header is present on the requested resource.
[2025-09-20 17:34:55.344] ERROR - 22:34:55.342Z [LaunchDarkly] network error (Error)
[2025-09-20 17:34:55.345] ERROR - 22:34:55.342Z [LaunchDarkly] network error (Error)
[2025-09-20 17:34:55.345] error - Failed to load resource: net::ERR_FAILED
[2025-09-20 17:34:55.345] ERROR - Exception: t
[2025-09-20 17:34:55.953] LOG - 22:34:55.950Z opening https://demo.tradovateapi.com/
[2025-09-20 17:34:55.953] LOG - 22:34:55.950Z opening https://demo.tradovateapi.com/
[2025-09-20 17:34:55.957] LOG - 22:34:55.956Z Hotkeys initialized {"Shift+Digit1":["orders/selectColumns"],"Shift+Digit2":["orders/showFilters"],"Shift+Digit3":["orders/standardTableView"],"Shift+Digit4":["orders/linkedOrdersView"],"Command+Shift+Digit0":["dom-chart/exit-and-cancel"]}
[2025-09-20 17:34:55.957] LOG - 22:34:55.956Z Hotkeys initialized {"Shift+Digit1":["orders/selectColumns"],"Shift+Digit2":["orders/showFilters"],"Shift+Digit3":["orders/standardTableView"],"Shift+Digit4":["orders/linkedOrdersView"],"Command+Shift+Digit0":["dom-chart/exit-and-cancel"]}
[2025-09-20 17:34:56.029] LOG - 22:34:56.028Z websocket opened
[2025-09-20 17:34:56.029] LOG - 22:34:56.028Z websocket opened
[2025-09-20 17:34:56.128] LOG - 22:34:56.104Z opening https://md-demo.tradovateapi.com/
[2025-09-20 17:34:56.129] LOG - 22:34:56.104Z opening https://md-demo.tradovateapi.com/
[2025-09-20 17:34:56.130] LOG - 22:34:56.105Z Connection:  open
[2025-09-20 17:34:56.130] LOG - 22:34:56.105Z Connection:  open
[2025-09-20 17:34:56.168] LOG - 22:34:56.163Z WebGL:  {"isWebGL2":true,"precision":"highp","logarithmicDepthBuffer":false,"maxTextures":16,"maxVertexTextures":16,"maxTextureSize":16384,"maxCubemapSize":16384,"maxAttributes":16,"maxVertexUniforms":1024,"maxVaryings":30,"maxFragmentUniforms":1024,"vertexTextures":true,"floatFragmentTextures":true,"floatVertexTextures":true,"maxSamples":8} , devicePixelRatio:  2
[2025-09-20 17:34:56.171] LOG - 22:34:56.163Z Canvas size: 1258 933 dpp:  2
[2025-09-20 17:34:56.213] LOG - 22:34:56.181Z Loading App-level Plugins
[2025-09-20 17:34:56.216] LOG - 22:34:56.181Z Loading App-level Plugins
[2025-09-20 17:34:56.217] LOG - 22:34:56.191Z WebGL:  {"isWebGL2":true,"precision":"highp","logarithmicDepthBuffer":false,"maxTextures":16,"maxVertexTextures":16,"maxTextureSize":16384,"maxCubemapSize":16384,"maxAttributes":16,"maxVertexUniforms":1024,"maxVaryings":30,"maxFragmentUniforms":1024,"vertexTextures":true,"floatFragmentTextures":true,"floatVertexTextures":true,"maxSamples":8} , devicePixelRatio:  2
[2025-09-20 17:34:56.219] LOG - 22:34:56.191Z Canvas size: 1258 933 dpp:  2
[2025-09-20 17:34:56.291] LOG - 22:34:56.266Z websocket opened
[2025-09-20 17:34:56.292] LOG - 22:34:56.266Z websocket opened
[2025-09-20 17:34:56.387] LOG - 22:34:56.328Z sync to remote accountGroups
[2025-09-20 17:34:56.388] LOG - 22:34:56.328Z sync to remote accountGroups
[2025-09-20 17:34:56.389] LOG - 22:34:56.336Z loadAppLevelPlugins:  [object Object]
[2025-09-20 17:34:56.389] LOG - 22:34:56.336Z loadAppLevelPlugins: 
[2025-09-20 17:34:57.265] LOG - 22:34:57.265Z jailing is in progress
[2025-09-20 17:34:57.265] LOG - 22:34:57.265Z jailing is in progress
[2025-09-20 17:34:57.324] LOG - 22:34:57.322Z created chart 1
[2025-09-20 17:34:57.536] LOG - 22:34:57.535Z pending jailing done. next starts
[2025-09-20 17:34:57.536] LOG - 22:34:57.535Z pending jailing done. next starts
[2025-09-20 17:34:57.539] LOG - 22:34:57.538Z requestChart: {"symbol":"3267312","chartDescription":{"underlyingType":"Tick","elementSize":5000,"elementSizeUnit":"UnderlyingUnits","withHistogram":false},"timeRange":{"asMuchAsElements":392}}
[2025-09-20 17:34:57.539] LOG - 22:34:57.538Z requestChart: {"symbol":"3267312","chartDescription":{"underlyingType":"Tick","elementSize":5000,"elementSizeUnit":"UnderlyingUnits","withHistogram":false},"timeRange":{"asMuchAsElements":392}}
[2025-09-20 17:34:57.540] LOG - 22:34:57.538Z mdMgApi open
[2025-09-20 17:34:57.540] LOG - 22:34:57.538Z mdMgApi open
[2025-09-20 17:34:58.634] LOG - 22:34:58.633Z updating the shared isolation
[2025-09-20 17:34:58.634] LOG - 22:34:58.633Z updating the shared isolation
[2025-09-20 17:34:58.957] LOG - 22:34:58.956Z updating the shared isolation
[2025-09-20 17:34:58.957] LOG - 22:34:58.956Z updating the shared isolation
[2025-09-20 17:35:00.743] LOG - 22:35:00.735Z Auto Order script initialized - AUTOMATIC HOT RELOAD SUCCESS!
[2025-09-20 17:35:00.744] LOG - 22:35:00.735Z Auto Order script initialized - AUTOMATIC HOT RELOAD SUCCESS!
[2025-09-20 17:35:00.745] LOG - 22:35:00.736Z Creating UI...
[2025-09-20 17:35:00.745] LOG - 22:35:00.736Z Creating UI...
[2025-09-20 17:35:00.747] LOG - 22:35:00.736Z Creating UI
[2025-09-20 17:35:00.748] LOG - 22:35:00.736Z Creating UI
[2025-09-20 17:35:00.749] LOG - 22:35:00.737Z Stored values: TP=120, SL=40, Qty=30, Tick=0.25, Symbol=NQ
[2025-09-20 17:35:00.749] LOG - 22:35:00.737Z Stored values: TP=120, SL=40, Qty=30, Tick=0.25, Symbol=NQ
[2025-09-20 17:35:00.750] LOG - 22:35:00.739Z UI container added to DOM
[2025-09-20 17:35:00.751] LOG - 22:35:00.739Z UI container added to DOM
[2025-09-20 17:35:00.751] LOG - 22:35:00.739Z Setting up UI event handlers
[2025-09-20 17:35:00.752] LOG - 22:35:00.739Z Setting up UI event handlers
[2025-09-20 17:35:00.753] LOG - 22:35:00.739Z Setting up persistent settings
[2025-09-20 17:35:00.754] LOG - 22:35:00.739Z Setting up persistent settings
[2025-09-20 17:35:00.754] LOG - 22:35:00.739Z Setting up drag functionality
[2025-09-20 17:35:00.754] LOG - 22:35:00.739Z Setting up drag functionality
[2025-09-20 17:35:00.754] LOG - 22:35:00.739Z Setting up trade buttons
[2025-09-20 17:35:00.754] LOG - 22:35:00.739Z Setting up trade buttons
[2025-09-20 17:35:00.754] LOG - 22:35:00.739Z UI creation complete
[2025-09-20 17:35:00.755] LOG - 22:35:00.739Z UI creation complete
[2025-09-20 17:35:00.755] LOG - 22:35:00.739Z Creating example front-quarter symbol
[2025-09-20 17:35:00.755] LOG - 22:35:00.739Z Creating example front-quarter symbol
[2025-09-20 17:35:00.755] LOG - 22:35:00.740Z getQuarterlyCode called with date: 2025-09-20T22:35:00.740Z
[2025-09-20 17:35:00.755] LOG - 22:35:00.740Z getQuarterlyCode called with date: 2025-09-20T22:35:00.740Z
[2025-09-20 17:35:00.755] LOG - 22:35:00.740Z Current month index: 8
[2025-09-20 17:35:00.755] LOG - 22:35:00.740Z Current month index: 8
[2025-09-20 17:35:00.756] LOG - 22:35:00.740Z Starting calculation with year=2025, month=8
[2025-09-20 17:35:00.756] LOG - 22:35:00.740Z Starting calculation with year=2025, month=8
[2025-09-20 17:35:00.756] LOG - 22:35:00.740Z Calculated quarterly code: letter=Z, yearDigit=5
[2025-09-20 17:35:00.756] LOG - 22:35:00.740Z Calculated quarterly code: letter=Z, yearDigit=5
[2025-09-20 17:35:00.756] LOG - 22:35:00.740Z Example front-quarter symbol created: NQZ5
[2025-09-20 17:35:00.757] LOG - 22:35:00.740Z Example front-quarter symbol created: NQZ5
[2025-09-20 17:35:00.769] LOG - 22:35:00.767Z Auto Risk Management: Running initial risk assessment...
[2025-09-20 17:35:00.771] LOG - 22:35:00.767Z Auto Risk Management: Running initial risk assessment...
[2025-09-20 17:35:00.773] LOG - 22:35:00.769Z [analyzePhase] resetting phaseData
[2025-09-20 17:35:00.773] LOG - 22:35:00.769Z [analyzePhase] resetting phaseData
[2025-09-20 17:35:00.775] LOG - 22:35:00.769Z [analyzePhase] set phase 1 maxActive to 1
[2025-09-20 17:35:00.776] LOG - 22:35:00.769Z [analyzePhase] set phase 1 maxActive to 1
[2025-09-20 17:35:00.776] LOG - 22:35:00.769Z [analyzePhase] increased phase 2 maxActive to 1
[2025-09-20 17:35:00.777] LOG - 22:35:00.769Z [analyzePhase] increased phase 2 maxActive to 1
[2025-09-20 17:35:00.778] LOG - 22:35:00.770Z [updateUserColumnPhaseStatus] Starting...
[2025-09-20 17:35:00.779] LOG - 22:35:00.770Z [updateUserColumnPhaseStatus] Starting...
[2025-09-20 17:35:00.780] LOG - 22:35:00.770Z [updateUserColumnPhaseStatus] Found 4 rows
[2025-09-20 17:35:00.780] LOG - 22:35:00.770Z [updateUserColumnPhaseStatus] Found 4 rows
[2025-09-20 17:35:00.781] LOG - 22:35:00.770Z [updateUserColumnPhaseStatus] Header cells: Account ▲,Total Available Margin,User,Dist Drawdown Net Liq,Dollar Open P L,Dollar Total P L
[2025-09-20 17:35:00.782] LOG - 22:35:00.770Z [updateUserColumnPhaseStatus] Header cells:
[2025-09-20 17:35:00.782] LOG - 22:35:00.770Z [updateUserColumnPhaseStatus] Found User column at index 2
[2025-09-20 17:35:00.782] LOG - 22:35:00.770Z [updateUserColumnPhaseStatus] Found User column at index 2
[2025-09-20 17:35:00.783] LOG - 22:35:00.771Z [updateUserColumnPhaseStatus] Getting table data...
[2025-09-20 17:35:00.783] LOG - 22:35:00.771Z [updateUserColumnPhaseStatus] Getting table data...
[2025-09-20 17:35:00.783] LOG - 22:35:00.771Z [analyzePhase] resetting phaseData
[2025-09-20 17:35:00.783] LOG - 22:35:00.771Z [analyzePhase] resetting phaseData
[2025-09-20 17:35:00.783] LOG - 22:35:00.771Z [analyzePhase] set phase 1 maxActive to 1
[2025-09-20 17:35:00.783] LOG - 22:35:00.771Z [analyzePhase] set phase 1 maxActive to 1
[2025-09-20 17:35:00.783] LOG - 22:35:00.771Z [analyzePhase] increased phase 2 maxActive to 1
[2025-09-20 17:35:00.784] LOG - 22:35:00.771Z [analyzePhase] increased phase 2 maxActive to 1
[2025-09-20 17:35:00.784] LOG - 22:35:00.771Z [updateUserColumnPhaseStatus] Table data: 3 rows
[2025-09-20 17:35:00.784] LOG - 22:35:00.771Z [updateUserColumnPhaseStatus] Table data: 3 rows
[2025-09-20 17:35:00.784] LOG - 22:35:00.771Z [updateUserColumnPhaseStatus] First data row has 6 cells, we need index 2
[2025-09-20 17:35:00.784] LOG - 22:35:00.771Z [updateUserColumnPhaseStatus] First data row has 6 cells, we need index 2
[2025-09-20 17:35:00.784] LOG - 22:35:00.772Z [updateUserColumnPhaseStatus] Setting row 1 (DEMO3655059) phase=1, active=true
[2025-09-20 17:35:00.784] LOG - 22:35:00.772Z [updateUserColumnPhaseStatus] Setting row 1 (DEMO3655059) phase=1, active=true
[2025-09-20 17:35:00.785] LOG - 22:35:00.772Z [updateUserColumnPhaseStatus] Setting row 2 (DEMO3655059-1) phase=2, active=true
[2025-09-20 17:35:00.785] LOG - 22:35:00.772Z [updateUserColumnPhaseStatus] Setting row 2 (DEMO3655059-1) phase=2, active=true
[2025-09-20 17:35:00.785] LOG - 22:35:00.772Z [updateUserColumnPhaseStatus] Setting row 3 (DEMO3655059-2) phase=2, active=false
[2025-09-20 17:35:00.785] LOG - 22:35:00.772Z [updateUserColumnPhaseStatus] Setting row 3 (DEMO3655059-2) phase=2, active=false
[2025-09-20 17:35:00.785] LOG - 22:35:00.772Z [updateUserColumnPhaseStatus] Completed
[2025-09-20 17:35:00.785] LOG - 22:35:00.772Z [updateUserColumnPhaseStatus] Completed
[2025-09-20 17:35:00.799] warning - The AudioContext was not allowed to start. It must be resumed (or created) after a user gesture on the page. https://developer.chrome.com/blog/autoplay/#web_audio
[2025-09-20 17:35:00.800] LOG - 22:35:00.786Z Auto Risk Management: Initial risk assessment completed
[2025-09-20 17:35:00.800] LOG - 22:35:00.786Z Auto Risk Management: Initial risk assessment completed
[2025-09-20 17:35:01.806] LOG - 22:35:01.804Z Executing initial risk management assessment...
[2025-09-20 17:35:01.808] LOG - 22:35:01.804Z Executing initial risk management assessment...
[2025-09-20 17:35:01.810] ERROR - 22:35:01.804Z getTableData function not found
[2025-09-20 17:35:01.812] ERROR - 22:35:01.804Z getTableData function not found
[2025-09-20 17:35:01.812] ERROR - 22:35:01.805Z updateUserColumnPhaseStatus function not found
[2025-09-20 17:35:01.812] ERROR - 22:35:01.805Z updateUserColumnPhaseStatus function not found
[2025-09-20 17:35:01.812] ERROR - 22:35:01.805Z performAccountActions function not found
[2025-09-20 17:35:01.813] ERROR - 22:35:01.805Z performAccountActions function not found
[2025-09-20 17:35:01.813] LOG - 22:35:01.806Z Risk management assessment completed
[2025-09-20 17:35:01.813] LOG - 22:35:01.806Z Risk management assessment completed
[2025-09-20 17:35:01.830] LOG - 22:35:01.828Z [analyzePhase] resetting phaseData
[2025-09-20 17:35:01.831] LOG - 22:35:01.828Z [analyzePhase] resetting phaseData
[2025-09-20 17:35:01.832] LOG - 22:35:01.829Z [analyzePhase] set phase 1 maxActive to 1
[2025-09-20 17:35:01.833] LOG - 22:35:01.829Z [analyzePhase] set phase 1 maxActive to 1
[2025-09-20 17:35:01.833] LOG - 22:35:01.829Z [analyzePhase] increased phase 2 maxActive to 1
[2025-09-20 17:35:01.833] LOG - 22:35:01.829Z [analyzePhase] increased phase 2 maxActive to 1
[2025-09-20 17:35:02.332] LOG - 22:35:02.330Z [analyzePhase] resetting phaseData
[2025-09-20 17:35:02.333] LOG - 22:35:02.330Z [analyzePhase] resetting phaseData
[2025-09-20 17:35:02.334] LOG - 22:35:02.330Z [analyzePhase] set phase 1 maxActive to 1
[2025-09-20 17:35:02.335] LOG - 22:35:02.330Z [analyzePhase] set phase 1 maxActive to 1
[2025-09-20 17:35:02.336] LOG - 22:35:02.331Z [analyzePhase] increased phase 2 maxActive to 1
[2025-09-20 17:35:02.336] LOG - 22:35:02.331Z [analyzePhase] increased phase 2 maxActive to 1
[2025-09-20 17:35:02.337] LOG - 22:35:02.332Z Set DEMO3655059 qty to 20
[2025-09-20 17:35:02.338] LOG - 22:35:02.333Z Set DEMO3655059-1 qty to 10
[2025-09-20 17:35:02.339] LOG - 22:35:02.333Z [analyzePhase] resetting phaseData
[2025-09-20 17:35:02.339] LOG - 22:35:02.333Z [analyzePhase] resetting phaseData
[2025-09-20 17:35:02.339] LOG - 22:35:02.333Z [analyzePhase] set phase 1 maxActive to 1
[2025-09-20 17:35:02.339] LOG - 22:35:02.333Z [analyzePhase] set phase 1 maxActive to 1
[2025-09-20 17:35:02.340] LOG - 22:35:02.333Z [analyzePhase] increased phase 2 maxActive to 1
[2025-09-20 17:35:02.340] LOG - 22:35:02.333Z [analyzePhase] increased phase 2 maxActive to 1
