[2025-09-27 10:36:40.206] LOG - 15:36:40.203Z Starting login process for: stonkz92224@gmail.com
[2025-09-27 10:36:40.209] LOG - 15:36:40.203Z Starting login process for: stonkz92224@gmail.com
[2025-09-27 10:36:40.211] LOG - 15:36:40.204Z Auto login function executing for: stonkz92224@gmail.com
[2025-09-27 10:36:40.211] LOG - 15:36:40.204Z Auto login function executing for: stonkz92224@gmail.com
[2025-09-27 10:36:40.211] LOG - 15:36:40.204Z Login form found, filling credentials...
[2025-09-27 10:36:40.212] LOG - 15:36:40.204Z Login form found, filling credentials...
[2025-09-27 10:36:40.410] LOG - 15:36:40.233Z Test element added to DOM
[2025-09-27 10:36:40.411] LOG - 15:36:40.233Z Test element added to DOM
[2025-09-27 10:36:40.414] LOG - 15:36:40.413Z All browser alerts and confirmations have been disabled
[2025-09-27 10:36:40.415] LOG - 15:36:40.413Z All browser alerts and confirmations have been disabled
[2025-09-27 10:36:40.719] LOG - 15:36:40.718Z Clicking login button...
[2025-09-27 10:36:40.720] LOG - 15:36:40.718Z Clicking login button...
[2025-09-27 10:36:40.735] LOG - 15:36:40.732Z authentication starting
[2025-09-27 10:36:40.736] LOG - 15:36:40.732Z authentication starting
[2025-09-27 10:36:41.149] warning - The AudioContext was not allowed to start. It must be resumed (or created) after a user gesture on the page. https://developer.chrome.com/blog/autoplay/#web_audio
[2025-09-27 10:36:41.152] LOG - 15:36:41.130Z Watching for account selection page...
[2025-09-27 10:36:41.153] LOG - 15:36:41.130Z Watching for account selection page...
[2025-09-27 10:36:41.370] LOG - 15:36:41.367Z Access token will be renewed in 75 minutes; expired: Sat Sep 27 2025 11:56:41 GMT-0500 (Central Daylight Time), now: Sat Sep 27 2025 10:36:41 GMT-0500 (Central Daylight Time)
[2025-09-27 10:36:41.370] LOG - 15:36:41.367Z Access token will be renewed in 75 minutes; expired: Sat Sep 27 2025 11:56:41 GMT-0500 (Central Daylight Time), now: Sat Sep 27 2025 10:36:41 GMT-0500 (Central Daylight Time)
[2025-09-27 10:36:41.783] INFO - 15:36:41.762Z [LaunchDarkly] Closing stream connection
[2025-09-27 10:36:41.783] INFO - 15:36:41.762Z [LaunchDarkly] Closing stream connection
[2025-09-27 10:36:41.784] INFO - 15:36:41.762Z [LaunchDarkly] Opening stream connection to https://clientstream.launchdarkly.com/eval/66cdf5b9cf61891061b4e437/eyJraW5kIjoidXNlciIsImtleSI6IjM2NTUwNTkiLCJkZXZpY2UiOiJkZXNrdG9wIiwidXNlcklkIjozNjU1MDU5LCJpcENvdW50cnkiOiJVUyIsIm9yZ05hbWUiOiJURFYiLCJuYW1lIjoiU3Rvbmt6OTIyMjQiLCJsYW5kaW5nUGFyYW1zIjoiIn0
[2025-09-27 10:36:41.784] INFO - 15:36:41.762Z [LaunchDarkly] Opening stream connection to https://clientstream.launchdarkly.com/eval/66cdf5b9cf61891061b4e437/eyJraW5kIjoidXNlciIsImtleSI6IjM2NTUwNTkiLCJkZXZpY2UiOiJkZXNrdG9wIiwidXNlcklkIjozNjU1MDU5LCJpcENvdW50cnkiOiJVUyIsIm9yZ05hbWUiOiJURFYiLCJuYW1lIjoiU3Rvbmt6OTIyMjQiLCJsYW5kaW5nUGFyYW1zIjoiIn0
[2025-09-27 10:36:41.971] INFO - 15:36:41.968Z [LaunchDarkly] Closing stream connection
[2025-09-27 10:36:41.974] INFO - 15:36:41.968Z [LaunchDarkly] Closing stream connection
[2025-09-27 10:36:41.976] INFO - 15:36:41.968Z [LaunchDarkly] Opening stream connection to https://clientstream.launchdarkly.com/eval/66cdf5b9cf61891061b4e437/eyJraW5kIjoidXNlciIsImtleSI6IjM2NTUwNTkiLCJkZXZpY2UiOiJkZXNrdG9wIiwidXNlcklkIjozNjU1MDU5LCJpcENvdW50cnkiOiJVUyIsIm9yZ05hbWUiOiJURFYiLCJuYW1lIjoiU3Rvbmt6OTIyMjQiLCJsYW5kaW5nUGFyYW1zIjoiIn0
[2025-09-27 10:36:41.977] INFO - 15:36:41.968Z [LaunchDarkly] Opening stream connection to https://clientstream.launchdarkly.com/eval/66cdf5b9cf61891061b4e437/eyJraW5kIjoidXNlciIsImtleSI6IjM2NTUwNTkiLCJkZXZpY2UiOiJkZXNrdG9wIiwidXNlcklkIjozNjU1MDU5LCJpcENvdW50cnkiOiJVUyIsIm9yZ05hbWUiOiJURFYiLCJuYW1lIjoiU3Rvbmt6OTIyMjQiLCJsYW5kaW5nUGFyYW1zIjoiIn0
[2025-09-27 10:36:41.994] INFO - 15:36:41.991Z [LaunchDarkly] Closing stream connection
[2025-09-27 10:36:41.995] INFO - 15:36:41.991Z [LaunchDarkly] Closing stream connection
[2025-09-27 10:36:41.996] INFO - 15:36:41.992Z [LaunchDarkly] Opening stream connection to https://clientstream.launchdarkly.com/eval/66cdf5b9cf61891061b4e437/eyJraW5kIjoidXNlciIsImtleSI6IjM2NTUwNTkiLCJkZXZpY2UiOiJkZXNrdG9wIiwidXNlcklkIjozNjU1MDU5LCJpcENvdW50cnkiOiJVUyIsIm9yZ05hbWUiOiJURFYiLCJuYW1lIjoiU3Rvbmt6OTIyMjQiLCJsYW5kaW5nUGFyYW1zIjoiIn0
[2025-09-27 10:36:41.996] INFO - 15:36:41.992Z [LaunchDarkly] Opening stream connection to https://clientstream.launchdarkly.com/eval/66cdf5b9cf61891061b4e437/eyJraW5kIjoidXNlciIsImtleSI6IjM2NTUwNTkiLCJkZXZpY2UiOiJkZXNrdG9wIiwidXNlcklkIjozNjU1MDU5LCJpcENvdW50cnkiOiJVUyIsIm9yZ05hbWUiOiJURFYiLCJuYW1lIjoiU3Rvbmt6OTIyMjQiLCJsYW5kaW5nUGFyYW1zIjoiIn0
[2025-09-27 10:36:43.133] LOG - 15:36:43.132Z Account selection page detected, clicking button...
[2025-09-27 10:36:43.134] LOG - 15:36:43.132Z Account selection page detected, clicking button...
[2025-09-27 10:36:43.300] LOG - 15:36:43.246Z Access token will be renewed in 75 minutes; expired: Sat Sep 27 2025 11:56:41 GMT-0500 (Central Daylight Time), now: Sat Sep 27 2025 10:36:43 GMT-0500 (Central Daylight Time)
[2025-09-27 10:36:43.307] LOG - 15:36:43.246Z Access token will be renewed in 75 minutes; expired: Sat Sep 27 2025 11:56:41 GMT-0500 (Central Daylight Time), now: Sat Sep 27 2025 10:36:43 GMT-0500 (Central Daylight Time)
[2025-09-27 10:36:43.368] error - Refused to connect to 'https://bat.bing.com/actionp/0?ti=26330043&Ver=2&mid=e36b4c80-7000-44f4-91eb-c360e71bee6b&bo=2&sid=a82ace0097af11f0b51d4179c6f235dd&vid=99c3288092fe11f0bc7275adc39e6add&vids=0&msclkid=N&evt=pageHide' because it violates the following Content Security Policy directive: "connect-src wss://*.tradovate.com https://*.tradovate.com https://*.ntinnolab.com https://*.devel.ninjatrader.dev https://*.staging.ninjatrader.dev https://*.uat.ninjatrader.dev wss://*.ntinnolab.com wss://*.devel.ninjatrader.dev wss://*.staging.ninjatrader.dev wss://*.uat.ninjatrader.dev wss://*.tradovateapi.com https://*.tradovateapi.com https://*.ninjatrader.com https://cdn.walkme.com https://ec.walkme.com https://sessions.bugsnag.com https://notify.bugsnag.com https://*.plaid.com https://*.yodlee.com https://tradovate.zendesk.com https://rollout.ada.support https://static.ada.support https://ninjatrader.ada.support https://tradovate.ada.support https://ninjatrader-eap.ada.support/ https://demo-ninjatrader-gr.ada.support/ https://tradovate-gen.ada.support/ https://api.stripe.com https://apiproxy.ninjatrader.com https://apiproxy-d.ninjatrader.com https://us-autocomplete-pro.api.smartystreets.com https://international-autocomplete.api.smarty.com https://maps.googleapis.com https://accounts.google.com/ https://www.google.com https://www.googletagmanager.com/ https://*.browser-intake-datadoghq.com https://scripts.neuro-id.com https://receiver.neuroid.cloud https://logs.neuro-id.com https://firebaseinstallations.googleapis.com/ https://firebaseremoteconfig.googleapis.com/ https://logx.optimizely.com https://*.optimizely.com wss://mpsnare.iesnare.com wss://ci-mpsnare.iovation.com https://*.iovation.com/ https://*.reddit.com  https://www.redditstatic.com https://*.taboola.com https://*.launchdarkly.com https://*.alloy.co https://*.maze.co https://www.google-analytics.com https://analytics.google.com https://www.googletagmanager.com/ https://api.hubapi.com https://forms.hubspot.com https://stats.g.doubleclick.net https://alb.reddit.com https://analytics.twitter.com https://heapanalytics.com https://*.auryc.com https://*.contentsquare.net https://siteintercept.qualtrics.com https://api.userway.org/".

[2025-09-27 10:36:43.373] INFO - 15:36:43.342Z visibilitychange: hidden, gd: 1000
[2025-09-27 10:36:43.375] INFO - 15:36:43.342Z visibilitychange: hidden, gd: 1000
[2025-09-27 10:36:43.375] WARNING - 15:36:43.344Z [LaunchDarkly] Error on stream connection: {"isTrusted":true}, will continue retrying after 904 milliseconds.
[2025-09-27 10:36:43.376] WARNING - 15:36:43.344Z [LaunchDarkly] Error on stream connection: {"isTrusted":true}, will continue retrying after 904 milliseconds.
[2025-09-27 10:36:43.376] INFO - 15:36:43.345Z [LaunchDarkly] Closing stream connection
[2025-09-27 10:36:43.377] INFO - 15:36:43.345Z [LaunchDarkly] Closing stream connection
[2025-09-27 10:36:43.602] WARNING - Duplicate atom key "locale". This is a FATAL ERROR in
      production. But it is safe to ignore this warning if it occurred because of
      hot module replacement.
[2025-09-27 10:36:43.606] WARNING - Duplicate atom key "locale". This is a FATAL ERROR in
      production. But it is safe to ignore this warning if it occurred because of
      hot module replacement.
[2025-09-27 10:36:43.608] WARNING - Duplicate atom key "muiTheme". This is a FATAL ERROR in
      production. But it is safe to ignore this warning if it occurred because of
      hot module replacement.
[2025-09-27 10:36:43.608] WARNING - Duplicate atom key "muiTheme". This is a FATAL ERROR in
      production. But it is safe to ignore this warning if it occurred because of
      hot module replacement.
[2025-09-27 10:36:43.610] WARNING - Duplicate atom key "appLinksFooter". This is a FATAL ERROR in
      production. But it is safe to ignore this warning if it occurred because of
      hot module replacement.
[2025-09-27 10:36:43.611] WARNING - Duplicate atom key "appLinksFooter". This is a FATAL ERROR in
      production. But it is safe to ignore this warning if it occurred because of
      hot module replacement.
[2025-09-27 10:36:43.612] WARNING - Duplicate atom key "currentUserId2". This is a FATAL ERROR in
      production. But it is safe to ignore this warning if it occurred because of
      hot module replacement.
[2025-09-27 10:36:43.614] WARNING - Duplicate atom key "currentUserId2". This is a FATAL ERROR in
      production. But it is safe to ignore this warning if it occurred because of
      hot module replacement.
[2025-09-27 10:36:43.616] WARNING - Duplicate atom key "onboardingInProgress". This is a FATAL ERROR in
      production. But it is safe to ignore this warning if it occurred because of
      hot module replacement.
[2025-09-27 10:36:43.617] WARNING - Duplicate atom key "onboardingInProgress". This is a FATAL ERROR in
      production. But it is safe to ignore this warning if it occurred because of
      hot module replacement.
[2025-09-27 10:36:43.619] WARNING - Duplicate atom key "editing". This is a FATAL ERROR in
      production. But it is safe to ignore this warning if it occurred because of
      hot module replacement.
[2025-09-27 10:36:43.621] WARNING - Duplicate atom key "editing". This is a FATAL ERROR in
      production. But it is safe to ignore this warning if it occurred because of
      hot module replacement.
[2025-09-27 10:36:43.623] WARNING - Duplicate atom key "infoMessage". This is a FATAL ERROR in
      production. But it is safe to ignore this warning if it occurred because of
      hot module replacement.
[2025-09-27 10:36:43.627] WARNING - Duplicate atom key "infoMessage". This is a FATAL ERROR in
      production. But it is safe to ignore this warning if it occurred because of
      hot module replacement.
[2025-09-27 10:36:43.630] WARNING - Duplicate atom key "browserWarning". This is a FATAL ERROR in
      production. But it is safe to ignore this warning if it occurred because of
      hot module replacement.
[2025-09-27 10:36:43.635] WARNING - Duplicate atom key "browserWarning". This is a FATAL ERROR in
      production. But it is safe to ignore this warning if it occurred because of
      hot module replacement.
[2025-09-27 10:36:43.636] WARNING - Duplicate atom key "clockWarning". This is a FATAL ERROR in
      production. But it is safe to ignore this warning if it occurred because of
      hot module replacement.
[2025-09-27 10:36:43.639] WARNING - Duplicate atom key "clockWarning". This is a FATAL ERROR in
      production. But it is safe to ignore this warning if it occurred because of
      hot module replacement.
[2025-09-27 10:36:43.642] WARNING - Duplicate atom key "breakpoint". This is a FATAL ERROR in
      production. But it is safe to ignore this warning if it occurred because of
      hot module replacement.
[2025-09-27 10:36:43.644] WARNING - Duplicate atom key "breakpoint". This is a FATAL ERROR in
      production. But it is safe to ignore this warning if it occurred because of
      hot module replacement.
[2025-09-27 10:36:43.647] WARNING - Duplicate atom key "inMobileRange". This is a FATAL ERROR in
      production. But it is safe to ignore this warning if it occurred because of
      hot module replacement.
[2025-09-27 10:36:43.652] WARNING - Duplicate atom key "inMobileRange". This is a FATAL ERROR in
      production. But it is safe to ignore this warning if it occurred because of
      hot module replacement.
[2025-09-27 10:36:43.654] WARNING - Duplicate atom key "gridSpacing". This is a FATAL ERROR in
      production. But it is safe to ignore this warning if it occurred because of
      hot module replacement.
[2025-09-27 10:36:43.655] WARNING - Duplicate atom key "gridSpacing". This is a FATAL ERROR in
      production. But it is safe to ignore this warning if it occurred because of
      hot module replacement.
[2025-09-27 10:36:43.655] WARNING - Duplicate atom key "login". This is a FATAL ERROR in
      production. But it is safe to ignore this warning if it occurred because of
      hot module replacement.
[2025-09-27 10:36:43.655] WARNING - Duplicate atom key "login". This is a FATAL ERROR in
      production. But it is safe to ignore this warning if it occurred because of
      hot module replacement.
[2025-09-27 10:36:43.655] WARNING - Duplicate atom key "error". This is a FATAL ERROR in
      production. But it is safe to ignore this warning if it occurred because of
      hot module replacement.
[2025-09-27 10:36:43.656] WARNING - Duplicate atom key "error". This is a FATAL ERROR in
      production. But it is safe to ignore this warning if it occurred because of
      hot module replacement.
[2025-09-27 10:36:43.656] WARNING - Duplicate atom key "contactInfos2". This is a FATAL ERROR in
      production. But it is safe to ignore this warning if it occurred because of
      hot module replacement.
[2025-09-27 10:36:43.657] WARNING - Duplicate atom key "contactInfos2". This is a FATAL ERROR in
      production. But it is safe to ignore this warning if it occurred because of
      hot module replacement.
[2025-09-27 10:36:43.657] WARNING - Duplicate atom key "individualApplicantsTimestamp". This is a FATAL ERROR in
      production. But it is safe to ignore this warning if it occurred because of
      hot module replacement.
[2025-09-27 10:36:43.657] WARNING - Duplicate atom key "individualApplicantsTimestamp". This is a FATAL ERROR in
      production. But it is safe to ignore this warning if it occurred because of
      hot module replacement.
[2025-09-27 10:36:43.658] WARNING - Duplicate atom key "customerApplication". This is a FATAL ERROR in
      production. But it is safe to ignore this warning if it occurred because of
      hot module replacement.
[2025-09-27 10:36:43.658] WARNING - Duplicate atom key "customerApplication". This is a FATAL ERROR in
      production. But it is safe to ignore this warning if it occurred because of
      hot module replacement.
[2025-09-27 10:36:43.658] WARNING - Duplicate atom key "individualApplicants". This is a FATAL ERROR in
      production. But it is safe to ignore this warning if it occurred because of
      hot module replacement.
[2025-09-27 10:36:43.659] WARNING - Duplicate atom key "individualApplicants". This is a FATAL ERROR in
      production. But it is safe to ignore this warning if it occurred because of
      hot module replacement.
[2025-09-27 10:36:43.659] WARNING - Duplicate atom key "clearingHouses". This is a FATAL ERROR in
      production. But it is safe to ignore this warning if it occurred because of
      hot module replacement.
[2025-09-27 10:36:43.659] WARNING - Duplicate atom key "clearingHouses". This is a FATAL ERROR in
      production. But it is safe to ignore this warning if it occurred because of
      hot module replacement.
[2025-09-27 10:36:43.660] WARNING - Duplicate atom key "clearXClearingHouse". This is a FATAL ERROR in
      production. But it is safe to ignore this warning if it occurred because of
      hot module replacement.
[2025-09-27 10:36:43.660] WARNING - Duplicate atom key "clearXClearingHouse". This is a FATAL ERROR in
      production. But it is safe to ignore this warning if it occurred because of
      hot module replacement.
[2025-09-27 10:36:43.660] WARNING - Duplicate atom key "applicationClearingHouse". This is a FATAL ERROR in
      production. But it is safe to ignore this warning if it occurred because of
      hot module replacement.
[2025-09-27 10:36:43.661] WARNING - Duplicate atom key "applicationClearingHouse". This is a FATAL ERROR in
      production. But it is safe to ignore this warning if it occurred because of
      hot module replacement.
[2025-09-27 10:36:43.661] WARNING - Duplicate atom key "userLocation". This is a FATAL ERROR in
      production. But it is safe to ignore this warning if it occurred because of
      hot module replacement.
[2025-09-27 10:36:43.661] WARNING - Duplicate atom key "userLocation". This is a FATAL ERROR in
      production. But it is safe to ignore this warning if it occurred because of
      hot module replacement.
[2025-09-27 10:36:43.662] WARNING - Duplicate atom key "savedApplicationsTimestamp". This is a FATAL ERROR in
      production. But it is safe to ignore this warning if it occurred because of
      hot module replacement.
[2025-09-27 10:36:43.662] WARNING - Duplicate atom key "savedApplicationsTimestamp". This is a FATAL ERROR in
      production. But it is safe to ignore this warning if it occurred because of
      hot module replacement.
[2025-09-27 10:36:43.662] WARNING - Duplicate atom key "savedApplications". This is a FATAL ERROR in
      production. But it is safe to ignore this warning if it occurred because of
      hot module replacement.
[2025-09-27 10:36:43.662] WARNING - Duplicate atom key "savedApplications". This is a FATAL ERROR in
      production. But it is safe to ignore this warning if it occurred because of
      hot module replacement.
[2025-09-27 10:36:43.663] WARNING - Duplicate atom key "step". This is a FATAL ERROR in
      production. But it is safe to ignore this warning if it occurred because of
      hot module replacement.
[2025-09-27 10:36:43.663] WARNING - Duplicate atom key "step". This is a FATAL ERROR in
      production. But it is safe to ignore this warning if it occurred because of
      hot module replacement.
[2025-09-27 10:36:43.663] WARNING - Duplicate atom key "checkStates". This is a FATAL ERROR in
      production. But it is safe to ignore this warning if it occurred because of
      hot module replacement.
[2025-09-27 10:36:43.664] WARNING - Duplicate atom key "checkStates". This is a FATAL ERROR in
      production. But it is safe to ignore this warning if it occurred because of
      hot module replacement.
[2025-09-27 10:36:43.664] WARNING - Duplicate atom key "signStates". This is a FATAL ERROR in
      production. But it is safe to ignore this warning if it occurred because of
      hot module replacement.
[2025-09-27 10:36:43.664] WARNING - Duplicate atom key "signStates". This is a FATAL ERROR in
      production. But it is safe to ignore this warning if it occurred because of
      hot module replacement.
[2025-09-27 10:36:43.665] WARNING - Duplicate atom key "wizard". This is a FATAL ERROR in
      production. But it is safe to ignore this warning if it occurred because of
      hot module replacement.
[2025-09-27 10:36:43.665] WARNING - Duplicate atom key "wizard". This is a FATAL ERROR in
      production. But it is safe to ignore this warning if it occurred because of
      hot module replacement.
[2025-09-27 10:36:43.665] WARNING - Duplicate atom key "formBuilder". This is a FATAL ERROR in
      production. But it is safe to ignore this warning if it occurred because of
      hot module replacement.
[2025-09-27 10:36:43.666] WARNING - Duplicate atom key "formBuilder". This is a FATAL ERROR in
      production. But it is safe to ignore this warning if it occurred because of
      hot module replacement.
[2025-09-27 10:36:43.666] WARNING - Duplicate atom key "headerSlot". This is a FATAL ERROR in
      production. But it is safe to ignore this warning if it occurred because of
      hot module replacement.
[2025-09-27 10:36:43.668] WARNING - Duplicate atom key "headerSlot". This is a FATAL ERROR in
      production. But it is safe to ignore this warning if it occurred because of
      hot module replacement.
[2025-09-27 10:36:43.669] WARNING - Duplicate atom key "footerSlot". This is a FATAL ERROR in
      production. But it is safe to ignore this warning if it occurred because of
      hot module replacement.
[2025-09-27 10:36:43.669] WARNING - Duplicate atom key "footerSlot". This is a FATAL ERROR in
      production. But it is safe to ignore this warning if it occurred because of
      hot module replacement.
[2025-09-27 10:36:43.670] WARNING - Duplicate atom key "alloyJourneyToken". This is a FATAL ERROR in
      production. But it is safe to ignore this warning if it occurred because of
      hot module replacement.
[2025-09-27 10:36:43.670] WARNING - Duplicate atom key "alloyJourneyToken". This is a FATAL ERROR in
      production. But it is safe to ignore this warning if it occurred because of
      hot module replacement.
[2025-09-27 10:36:43.670] DEBUG - [bugsnag] Loaded!
[2025-09-27 10:36:43.670] DEBUG - [bugsnag] Loaded!
[2025-09-27 10:36:43.670] INFO - Version 3.250926.0 prod production 
[2025-09-27 10:36:43.671] INFO - Version 3.250926.0 prod production 
[2025-09-27 10:36:43.671] INFO - Time: Sat Sep 27 2025 10:36:43 GMT-0500 (Central Daylight Time)
[2025-09-27 10:36:43.671] INFO - Time:
[2025-09-27 10:36:43.727] LOG - 15:36:43.725Z Try to restore session
[2025-09-27 10:36:43.730] LOG - 15:36:43.725Z Try to restore session
[2025-09-27 10:36:43.731] LOG - 15:36:43.727Z Access token will be renewed in 75 minutes; expired: Sat Sep 27 2025 11:56:41 GMT-0500 (Central Daylight Time), now: Sat Sep 27 2025 10:36:43 GMT-0500 (Central Daylight Time)
[2025-09-27 10:36:43.731] LOG - 15:36:43.727Z Access token will be renewed in 75 minutes; expired: Sat Sep 27 2025 11:56:41 GMT-0500 (Central Daylight Time), now: Sat Sep 27 2025 10:36:43 GMT-0500 (Central Daylight Time)
[2025-09-27 10:36:43.741] WARNING - 15:36:43.738Z [LaunchDarkly] The waitForInitialization function was called without a timeout specified. In a future version a default timeout will be applied.
[2025-09-27 10:36:43.741] WARNING - 15:36:43.738Z [LaunchDarkly] The waitForInitialization function was called without a timeout specified. In a future version a default timeout will be applied.
[2025-09-27 10:36:43.759] INFO - 15:36:43.757Z [LaunchDarkly] LaunchDarkly client initialized
[2025-09-27 10:36:43.761] INFO - 15:36:43.757Z [LaunchDarkly] LaunchDarkly client initialized
[2025-09-27 10:36:43.761] INFO - 15:36:43.757Z [LaunchDarkly] Opening stream connection to https://clientstream.launchdarkly.com/eval/66cdf5b9cf61891061b4e437/eyJraW5kIjoidXNlciIsImtleSI6InVua25vd24iLCJhbm9ueW1vdXMiOmZhbHNlfQ
[2025-09-27 10:36:43.762] INFO - 15:36:43.757Z [LaunchDarkly] Opening stream connection to https://clientstream.launchdarkly.com/eval/66cdf5b9cf61891061b4e437/eyJraW5kIjoidXNlciIsImtleSI6InVua25vd24iLCJhbm9ueW1vdXMiOmZhbHNlfQ
[2025-09-27 10:36:43.808] INFO - 15:36:43.805Z chart cache state: islands=5, bars=1196
[2025-09-27 10:36:43.808] INFO - 15:36:43.805Z chart cache state: islands=5, bars=1196
[2025-09-27 10:36:43.809] INFO - 15:36:43.807Z Chart history database initialized
[2025-09-27 10:36:43.809] INFO - 15:36:43.807Z Chart history database initialized
[2025-09-27 10:36:44.347] INFO - 15:36:44.345Z [LaunchDarkly] Closing stream connection
[2025-09-27 10:36:44.360] INFO - 15:36:44.345Z [LaunchDarkly] Closing stream connection
[2025-09-27 10:36:44.370] INFO - 15:36:44.345Z [LaunchDarkly] Opening stream connection to https://clientstream.launchdarkly.com/eval/66cdf5b9cf61891061b4e437/eyJraW5kIjoidXNlciIsImtleSI6IjM2NTUwNTkiLCJkZXZpY2UiOiJkZXNrdG9wIiwidXNlcklkIjozNjU1MDU5LCJpcENvdW50cnkiOiIiLCJvcmdOYW1lIjoiVERWIiwibmFtZSI6IlN0b25rejkyMjI0IiwibGFuZGluZ1BhcmFtcyI6IiJ9
[2025-09-27 10:36:44.370] INFO - 15:36:44.345Z [LaunchDarkly] Opening stream connection to https://clientstream.launchdarkly.com/eval/66cdf5b9cf61891061b4e437/eyJraW5kIjoidXNlciIsImtleSI6IjM2NTUwNTkiLCJkZXZpY2UiOiJkZXNrdG9wIiwidXNlcklkIjozNjU1MDU5LCJpcENvdW50cnkiOiIiLCJvcmdOYW1lIjoiVERWIiwibmFtZSI6IlN0b25rejkyMjI0IiwibGFuZGluZ1BhcmFtcyI6IiJ9
[2025-09-27 10:36:44.391] INFO - 15:36:44.390Z [LaunchDarkly] Closing stream connection
[2025-09-27 10:36:44.392] INFO - 15:36:44.390Z [LaunchDarkly] Closing stream connection
[2025-09-27 10:36:44.392] INFO - 15:36:44.390Z [LaunchDarkly] Opening stream connection to https://clientstream.launchdarkly.com/eval/66cdf5b9cf61891061b4e437/eyJraW5kIjoidXNlciIsImtleSI6IjM2NTUwNTkiLCJkZXZpY2UiOiJkZXNrdG9wIiwidXNlcklkIjozNjU1MDU5LCJpcENvdW50cnkiOiJVUyIsIm9yZ05hbWUiOiJURFYiLCJuYW1lIjoiU3Rvbmt6OTIyMjQiLCJsYW5kaW5nUGFyYW1zIjoiIn0
[2025-09-27 10:36:44.392] INFO - 15:36:44.390Z [LaunchDarkly] Opening stream connection to https://clientstream.launchdarkly.com/eval/66cdf5b9cf61891061b4e437/eyJraW5kIjoidXNlciIsImtleSI6IjM2NTUwNTkiLCJkZXZpY2UiOiJkZXNrdG9wIiwidXNlcklkIjozNjU1MDU5LCJpcENvdW50cnkiOiJVUyIsIm9yZ05hbWUiOiJURFYiLCJuYW1lIjoiU3Rvbmt6OTIyMjQiLCJsYW5kaW5nUGFyYW1zIjoiIn0
[2025-09-27 10:36:45.439] LOG - 15:36:45.433Z opening https://demo.tradovateapi.com/
[2025-09-27 10:36:45.440] LOG - 15:36:45.433Z opening https://demo.tradovateapi.com/
[2025-09-27 10:36:45.442] LOG - 15:36:45.441Z Hotkeys initialized {"Shift+Digit1":["orders/selectColumns"],"Shift+Digit2":["orders/showFilters"],"Shift+Digit3":["orders/standardTableView"],"Shift+Digit4":["orders/linkedOrdersView"],"Command+Shift+Digit0":["dom-chart/exit-and-cancel"]}
[2025-09-27 10:36:45.443] LOG - 15:36:45.441Z Hotkeys initialized {"Shift+Digit1":["orders/selectColumns"],"Shift+Digit2":["orders/showFilters"],"Shift+Digit3":["orders/standardTableView"],"Shift+Digit4":["orders/linkedOrdersView"],"Command+Shift+Digit0":["dom-chart/exit-and-cancel"]}
[2025-09-27 10:36:45.517] LOG - 15:36:45.516Z websocket opened
[2025-09-27 10:36:45.517] LOG - 15:36:45.516Z websocket opened
[2025-09-27 10:36:45.612] LOG - 15:36:45.604Z opening https://md-demo.tradovateapi.com/
[2025-09-27 10:36:45.613] LOG - 15:36:45.604Z opening https://md-demo.tradovateapi.com/
[2025-09-27 10:36:45.616] LOG - 15:36:45.605Z Connection:  open
[2025-09-27 10:36:45.616] LOG - 15:36:45.605Z Connection:  open
[2025-09-27 10:36:45.701] LOG - 15:36:45.696Z WebGL:  {"isWebGL2":true,"precision":"highp","logarithmicDepthBuffer":false,"maxTextures":16,"maxVertexTextures":16,"maxTextureSize":16384,"maxCubemapSize":16384,"maxAttributes":16,"maxVertexUniforms":1024,"maxVaryings":30,"maxFragmentUniforms":1024,"vertexTextures":true,"floatFragmentTextures":true,"floatVertexTextures":true,"maxSamples":8} , devicePixelRatio:  2
[2025-09-27 10:36:45.710] LOG - 15:36:45.697Z Canvas size: 1119 991 dpp:  2
[2025-09-27 10:36:45.734] LOG - 15:36:45.722Z Loading App-level Plugins
[2025-09-27 10:36:45.736] LOG - 15:36:45.722Z Loading App-level Plugins
[2025-09-27 10:36:45.752] LOG - 15:36:45.749Z WebGL:  {"isWebGL2":true,"precision":"highp","logarithmicDepthBuffer":false,"maxTextures":16,"maxVertexTextures":16,"maxTextureSize":16384,"maxCubemapSize":16384,"maxAttributes":16,"maxVertexUniforms":1024,"maxVaryings":30,"maxFragmentUniforms":1024,"vertexTextures":true,"floatFragmentTextures":true,"floatVertexTextures":true,"maxSamples":8} , devicePixelRatio:  2
[2025-09-27 10:36:45.759] LOG - 15:36:45.749Z Canvas size: 1119 991 dpp:  2
[2025-09-27 10:36:45.923] LOG - 15:36:45.909Z sync to remote defaultModules
[2025-09-27 10:36:45.925] LOG - 15:36:45.909Z sync to remote defaultModules
[2025-09-27 10:36:46.170] LOG - 15:36:46.137Z sync to remote accountGroups
[2025-09-27 10:36:46.172] LOG - 15:36:46.137Z sync to remote accountGroups
[2025-09-27 10:36:46.187] LOG - 15:36:46.150Z loadAppLevelPlugins:  [object Object]
[2025-09-27 10:36:46.188] LOG - 15:36:46.150Z loadAppLevelPlugins: 
[2025-09-27 10:36:46.189] LOG - 15:36:46.157Z websocket opened
[2025-09-27 10:36:46.190] LOG - 15:36:46.157Z websocket opened
[2025-09-27 10:36:46.944] LOG - 15:36:46.942Z jailing is in progress
[2025-09-27 10:36:46.945] LOG - 15:36:46.942Z jailing is in progress
[2025-09-27 10:36:47.202] LOG - 15:36:47.164Z created chart 1
[2025-09-27 10:36:47.476] LOG - 15:36:47.474Z requestChart: {"symbol":"3267312","chartDescription":{"underlyingType":"Tick","elementSize":5000,"elementSizeUnit":"UnderlyingUnits","withHistogram":false},"timeRange":{"asMuchAsElements":300}}
[2025-09-27 10:36:47.478] LOG - 15:36:47.474Z requestChart: {"symbol":"3267312","chartDescription":{"underlyingType":"Tick","elementSize":5000,"elementSizeUnit":"UnderlyingUnits","withHistogram":false},"timeRange":{"asMuchAsElements":300}}
[2025-09-27 10:36:47.479] LOG - 15:36:47.474Z mdMgApi open
[2025-09-27 10:36:47.479] LOG - 15:36:47.474Z mdMgApi open
[2025-09-27 10:36:47.590] LOG - 15:36:47.589Z pending jailing done. next starts
[2025-09-27 10:36:47.590] LOG - 15:36:47.589Z pending jailing done. next starts
[2025-09-27 10:36:48.496] LOG - 15:36:48.484Z created chart 13
[2025-09-27 10:36:48.530] LOG - 15:36:48.529Z requestChart: {"symbol":"4086418","chartDescription":{"underlyingType":"MinuteBar","elementSize":15,"elementSizeUnit":"UnderlyingUnits","withHistogram":false},"timeRange":{"asMuchAsElements":300}}
[2025-09-27 10:36:48.531] LOG - 15:36:48.529Z requestChart: {"symbol":"4086418","chartDescription":{"underlyingType":"MinuteBar","elementSize":15,"elementSizeUnit":"UnderlyingUnits","withHistogram":false},"timeRange":{"asMuchAsElements":300}}
[2025-09-27 10:36:48.531] LOG - 15:36:48.529Z mdMgApi open
[2025-09-27 10:36:48.532] LOG - 15:36:48.529Z mdMgApi open
[2025-09-27 10:36:48.683] LOG - 15:36:48.682Z updating the shared isolation
[2025-09-27 10:36:48.683] LOG - 15:36:48.682Z updating the shared isolation
[2025-09-27 10:36:49.093] LOG - 15:36:49.091Z updating the shared isolation
[2025-09-27 10:36:49.093] LOG - 15:36:49.091Z updating the shared isolation
[2025-09-27 10:36:50.789] LOG - 15:36:50.788Z Auto Order script initialized - AUTOMATIC HOT RELOAD SUCCESS!
[2025-09-27 10:36:50.790] LOG - 15:36:50.788Z Auto Order script initialized - AUTOMATIC HOT RELOAD SUCCESS!
[2025-09-27 10:36:50.791] LOG - 15:36:50.789Z Creating UI for dashboard trading...
[2025-09-27 10:36:50.792] LOG - 15:36:50.789Z Creating UI for dashboard trading...
[2025-09-27 10:36:50.793] LOG - 15:36:50.789Z Creating UI (visible=false)
[2025-09-27 10:36:50.793] LOG - 15:36:50.789Z Creating UI (visible=false)
[2025-09-27 10:36:50.794] LOG - 15:36:50.789Z Stored values: TP=53, SL=15, Qty=30, Tick=0.25, Symbol=NQ
[2025-09-27 10:36:50.794] LOG - 15:36:50.789Z Stored values: TP=53, SL=15, Qty=30, Tick=0.25, Symbol=NQ
[2025-09-27 10:36:50.795] LOG - 15:36:50.790Z UI container added to DOM
[2025-09-27 10:36:50.795] LOG - 15:36:50.790Z UI container added to DOM
[2025-09-27 10:36:50.796] LOG - 15:36:50.790Z Setting up localStorage persistence
[2025-09-27 10:36:50.796] LOG - 15:36:50.790Z Setting up localStorage persistence
[2025-09-27 10:36:50.797] LOG - 15:36:50.790Z UI initialization complete
[2025-09-27 10:36:50.798] LOG - 15:36:50.790Z UI initialization complete
[2025-09-27 10:36:50.798] LOG - 15:36:50.790Z Creating example front-quarter symbol
[2025-09-27 10:36:50.800] LOG - 15:36:50.790Z Creating example front-quarter symbol
[2025-09-27 10:36:50.801] LOG - 15:36:50.790Z getQuarterlyCode called with date: 2025-09-27T15:36:50.790Z
[2025-09-27 10:36:50.801] LOG - 15:36:50.790Z getQuarterlyCode called with date: 2025-09-27T15:36:50.790Z
[2025-09-27 10:36:50.802] LOG - 15:36:50.790Z Current month index: 8
[2025-09-27 10:36:50.803] LOG - 15:36:50.790Z Current month index: 8
[2025-09-27 10:36:50.803] LOG - 15:36:50.790Z Starting calculation with year=2025, month=8
[2025-09-27 10:36:50.804] LOG - 15:36:50.790Z Starting calculation with year=2025, month=8
[2025-09-27 10:36:50.804] LOG - 15:36:50.791Z Calculated quarterly code: letter=Z, yearDigit=5
[2025-09-27 10:36:50.805] LOG - 15:36:50.791Z Calculated quarterly code: letter=Z, yearDigit=5
[2025-09-27 10:36:50.805] LOG - 15:36:50.791Z Example front-quarter symbol created: NQZ5
[2025-09-27 10:36:50.806] LOG - 15:36:50.791Z Example front-quarter symbol created: NQZ5
[2025-09-27 10:36:50.806] LOG - 15:36:50.795Z Auto Risk Management: Running initial risk assessment...
[2025-09-27 10:36:50.807] LOG - 15:36:50.795Z Auto Risk Management: Running initial risk assessment...
[2025-09-27 10:36:50.807] LOG - 15:36:50.796Z [analyzePhase] resetting phaseData
[2025-09-27 10:36:50.807] LOG - 15:36:50.796Z [analyzePhase] resetting phaseData
[2025-09-27 10:36:50.807] LOG - 15:36:50.796Z [analyzePhase] set phase 1 maxActive to 1
[2025-09-27 10:36:50.808] LOG - 15:36:50.796Z [analyzePhase] set phase 1 maxActive to 1
[2025-09-27 10:36:50.808] LOG - 15:36:50.796Z [analyzePhase] increased phase 2 maxActive to 1
[2025-09-27 10:36:50.808] LOG - 15:36:50.796Z [analyzePhase] increased phase 2 maxActive to 1
[2025-09-27 10:36:50.808] LOG - 15:36:50.796Z [updateUserColumnPhaseStatus] Starting...
[2025-09-27 10:36:50.808] LOG - 15:36:50.796Z [updateUserColumnPhaseStatus] Starting...
[2025-09-27 10:36:50.808] LOG - 15:36:50.797Z [updateUserColumnPhaseStatus] Found 4 rows
[2025-09-27 10:36:50.808] LOG - 15:36:50.797Z [updateUserColumnPhaseStatus] Found 4 rows
[2025-09-27 10:36:50.808] LOG - 15:36:50.797Z [updateUserColumnPhaseStatus] Header cells: Account ▲,Total Available Margin,User,Dist Drawdown Net Liq,Dollar Open P L,Dollar Total P L
[2025-09-27 10:36:50.809] LOG - 15:36:50.797Z [updateUserColumnPhaseStatus] Header cells:
[2025-09-27 10:36:50.809] LOG - 15:36:50.797Z [updateUserColumnPhaseStatus] Found User column at index 2
[2025-09-27 10:36:50.809] LOG - 15:36:50.797Z [updateUserColumnPhaseStatus] Found User column at index 2
[2025-09-27 10:36:50.809] LOG - 15:36:50.797Z [updateUserColumnPhaseStatus] Getting table data...
[2025-09-27 10:36:50.809] LOG - 15:36:50.797Z [updateUserColumnPhaseStatus] Getting table data...
[2025-09-27 10:36:50.809] LOG - 15:36:50.797Z [analyzePhase] resetting phaseData
[2025-09-27 10:36:50.809] LOG - 15:36:50.797Z [analyzePhase] resetting phaseData
[2025-09-27 10:36:50.809] LOG - 15:36:50.797Z [analyzePhase] set phase 1 maxActive to 1
[2025-09-27 10:36:50.809] LOG - 15:36:50.797Z [analyzePhase] set phase 1 maxActive to 1
[2025-09-27 10:36:50.810] LOG - 15:36:50.797Z [analyzePhase] increased phase 2 maxActive to 1
[2025-09-27 10:36:50.810] LOG - 15:36:50.797Z [analyzePhase] increased phase 2 maxActive to 1
[2025-09-27 10:36:50.810] LOG - 15:36:50.798Z [updateUserColumnPhaseStatus] Table data: 3 rows
[2025-09-27 10:36:50.810] LOG - 15:36:50.798Z [updateUserColumnPhaseStatus] Table data: 3 rows
[2025-09-27 10:36:50.810] LOG - 15:36:50.798Z [updateUserColumnPhaseStatus] First data row has 6 cells, we need index 2
[2025-09-27 10:36:50.810] LOG - 15:36:50.798Z [updateUserColumnPhaseStatus] First data row has 6 cells, we need index 2
[2025-09-27 10:36:50.810] LOG - 15:36:50.798Z [updateUserColumnPhaseStatus] Setting row 1 (DEMO3655059) phase=1, active=true
[2025-09-27 10:36:50.811] LOG - 15:36:50.798Z [updateUserColumnPhaseStatus] Setting row 1 (DEMO3655059) phase=1, active=true
[2025-09-27 10:36:50.811] LOG - 15:36:50.799Z [updateUserColumnPhaseStatus] Setting row 2 (DEMO3655059-1) phase=1, active=false
[2025-09-27 10:36:50.811] LOG - 15:36:50.799Z [updateUserColumnPhaseStatus] Setting row 2 (DEMO3655059-1) phase=1, active=false
[2025-09-27 10:36:50.811] LOG - 15:36:50.799Z [updateUserColumnPhaseStatus] Setting row 3 (DEMO3655059-2) phase=2, active=true
[2025-09-27 10:36:50.811] LOG - 15:36:50.799Z [updateUserColumnPhaseStatus] Setting row 3 (DEMO3655059-2) phase=2, active=true
[2025-09-27 10:36:50.811] LOG - 15:36:50.799Z [updateUserColumnPhaseStatus] Completed
[2025-09-27 10:36:50.811] LOG - 15:36:50.799Z [updateUserColumnPhaseStatus] Completed
[2025-09-27 10:36:50.824] warning - The AudioContext was not allowed to start. It must be resumed (or created) after a user gesture on the page. https://developer.chrome.com/blog/autoplay/#web_audio
[2025-09-27 10:36:50.825] LOG - 15:36:50.811Z Auto Risk Management: Initial risk assessment completed
[2025-09-27 10:36:50.825] LOG - 15:36:50.811Z Auto Risk Management: Initial risk assessment completed
[2025-09-27 10:36:51.836] LOG - 15:36:51.835Z Executing initial risk management assessment...
[2025-09-27 10:36:51.837] LOG - 15:36:51.835Z Executing initial risk management assessment...
[2025-09-27 10:36:51.837] ERROR - 15:36:51.835Z getTableData function not found
[2025-09-27 10:36:51.837] ERROR - 15:36:51.835Z getTableData function not found
[2025-09-27 10:36:51.838] ERROR - 15:36:51.837Z updateUserColumnPhaseStatus function not found
[2025-09-27 10:36:51.838] ERROR - 15:36:51.837Z updateUserColumnPhaseStatus function not found
[2025-09-27 10:36:51.839] ERROR - 15:36:51.837Z performAccountActions function not found
[2025-09-27 10:36:51.839] ERROR - 15:36:51.837Z performAccountActions function not found
[2025-09-27 10:36:51.839] LOG - 15:36:51.838Z Risk management assessment completed
[2025-09-27 10:36:51.840] LOG - 15:36:51.838Z Risk management assessment completed
[2025-09-27 10:36:51.849] LOG - 15:36:51.847Z [analyzePhase] resetting phaseData
[2025-09-27 10:36:51.850] LOG - 15:36:51.847Z [analyzePhase] resetting phaseData
[2025-09-27 10:36:51.851] LOG - 15:36:51.848Z [analyzePhase] set phase 1 maxActive to 1
[2025-09-27 10:36:51.852] LOG - 15:36:51.848Z [analyzePhase] set phase 1 maxActive to 1
[2025-09-27 10:36:51.853] LOG - 15:36:51.848Z [analyzePhase] increased phase 2 maxActive to 1
[2025-09-27 10:36:51.854] LOG - 15:36:51.848Z [analyzePhase] increased phase 2 maxActive to 1
[2025-09-27 10:36:52.352] LOG - 15:36:52.350Z [analyzePhase] resetting phaseData
[2025-09-27 10:36:52.353] LOG - 15:36:52.350Z [analyzePhase] resetting phaseData
[2025-09-27 10:36:52.354] LOG - 15:36:52.350Z [analyzePhase] set phase 1 maxActive to 1
[2025-09-27 10:36:52.354] LOG - 15:36:52.350Z [analyzePhase] set phase 1 maxActive to 1
[2025-09-27 10:36:52.356] LOG - 15:36:52.350Z [analyzePhase] increased phase 2 maxActive to 1
[2025-09-27 10:36:52.357] LOG - 15:36:52.350Z [analyzePhase] increased phase 2 maxActive to 1
[2025-09-27 10:36:52.357] LOG - 15:36:52.351Z Set DEMO3655059 qty to 20
[2025-09-27 10:36:52.359] LOG - 15:36:52.351Z Set DEMO3655059-2 qty to 10
[2025-09-27 10:36:52.360] LOG - 15:36:52.352Z [analyzePhase] resetting phaseData
[2025-09-27 10:36:52.360] LOG - 15:36:52.352Z [analyzePhase] resetting phaseData
[2025-09-27 10:36:52.360] LOG - 15:36:52.352Z [analyzePhase] set phase 1 maxActive to 1
[2025-09-27 10:36:52.360] LOG - 15:36:52.352Z [analyzePhase] set phase 1 maxActive to 1
[2025-09-27 10:36:52.360] LOG - 15:36:52.352Z [analyzePhase] increased phase 2 maxActive to 1
[2025-09-27 10:36:52.361] LOG - 15:36:52.352Z [analyzePhase] increased phase 2 maxActive to 1
[2025-09-27 10:36:53.889] LOG - 15:36:53.887Z Updated master quantity to 30
[2025-09-27 10:36:53.891] LOG - 15:36:53.887Z Saved bracketTrade_qty = 30
[2025-09-27 10:36:53.891] LOG - 15:36:53.887Z Saved bracketTrade_qty = 30
[2025-09-27 10:36:53.892] LOG - 15:36:53.888Z Updated bracket trade quantity to 30
