[2025-09-27 10:36:40.204] LOG - 15:36:40.201Z Starting login process for: zenex3298@gmail.com
[2025-09-27 10:36:40.206] LOG - 15:36:40.201Z Starting login process for: zenex3298@gmail.com
[2025-09-27 10:36:40.206] LOG - 15:36:40.202Z Auto login function executing for: zenex3298@gmail.com
[2025-09-27 10:36:40.208] LOG - 15:36:40.202Z Auto login function executing for: zenex3298@gmail.com
[2025-09-27 10:36:40.210] LOG - 15:36:40.202Z Login form found, filling credentials...
[2025-09-27 10:36:40.211] LOG - 15:36:40.202Z Login form found, filling credentials...
[2025-09-27 10:36:40.458] LOG - 15:36:40.234Z Test element added to DOM
[2025-09-27 10:36:40.459] LOG - 15:36:40.234Z Test element added to DOM
[2025-09-27 10:36:40.466] LOG - 15:36:40.464Z All browser alerts and confirmations have been disabled
[2025-09-27 10:36:40.469] LOG - 15:36:40.464Z All browser alerts and confirmations have been disabled
[2025-09-27 10:36:40.718] LOG - 15:36:40.716Z Clicking login button...
[2025-09-27 10:36:40.719] LOG - 15:36:40.716Z Clicking login button...
[2025-09-27 10:36:40.732] LOG - 15:36:40.729Z authentication starting
[2025-09-27 10:36:40.734] LOG - 15:36:40.729Z authentication starting
[2025-09-27 10:36:41.149] warning - The AudioContext was not allowed to start. It must be resumed (or created) after a user gesture on the page. https://developer.chrome.com/blog/autoplay/#web_audio
[2025-09-27 10:36:41.152] LOG - 15:36:41.130Z Watching for account selection page...
[2025-09-27 10:36:41.153] LOG - 15:36:41.130Z Watching for account selection page...
[2025-09-27 10:36:41.473] LOG - 15:36:41.471Z Access token will be renewed in 75 minutes; expired: Sat Sep 27 2025 11:56:41 GMT-0500 (Central Daylight Time), now: Sat Sep 27 2025 10:36:41 GMT-0500 (Central Daylight Time)
[2025-09-27 10:36:41.473] LOG - 15:36:41.471Z Access token will be renewed in 75 minutes; expired: Sat Sep 27 2025 11:56:41 GMT-0500 (Central Daylight Time), now: Sat Sep 27 2025 10:36:41 GMT-0500 (Central Daylight Time)
[2025-09-27 10:36:42.055] INFO - 15:36:42.051Z [LaunchDarkly] Closing stream connection
[2025-09-27 10:36:42.059] INFO - 15:36:42.051Z [LaunchDarkly] Closing stream connection
[2025-09-27 10:36:42.060] INFO - 15:36:42.052Z [LaunchDarkly] Opening stream connection to https://clientstream.launchdarkly.com/eval/66cdf5b9cf61891061b4e437/eyJraW5kIjoidXNlciIsImtleSI6IjQ2NTYwMjciLCJkZXZpY2UiOiJkZXNrdG9wIiwidXNlcklkIjo0NjU2MDI3LCJpcENvdW50cnkiOiJVUyIsIm9yZ05hbWUiOiJURFYiLCJuYW1lIjoiWmVuZXgzMjk4IiwibGFuZGluZ1BhcmFtcyI6IiJ9
[2025-09-27 10:36:42.060] INFO - 15:36:42.052Z [LaunchDarkly] Opening stream connection to https://clientstream.launchdarkly.com/eval/66cdf5b9cf61891061b4e437/eyJraW5kIjoidXNlciIsImtleSI6IjQ2NTYwMjciLCJkZXZpY2UiOiJkZXNrdG9wIiwidXNlcklkIjo0NjU2MDI3LCJpcENvdW50cnkiOiJVUyIsIm9yZ05hbWUiOiJURFYiLCJuYW1lIjoiWmVuZXgzMjk4IiwibGFuZGluZ1BhcmFtcyI6IiJ9
[2025-09-27 10:36:42.061] INFO - 15:36:42.052Z [LaunchDarkly] Closing stream connection
[2025-09-27 10:36:42.061] INFO - 15:36:42.052Z [LaunchDarkly] Closing stream connection
[2025-09-27 10:36:42.061] INFO - 15:36:42.052Z [LaunchDarkly] Opening stream connection to https://clientstream.launchdarkly.com/eval/66cdf5b9cf61891061b4e437/eyJraW5kIjoidXNlciIsImtleSI6IjQ2NTYwMjciLCJkZXZpY2UiOiJkZXNrdG9wIiwidXNlcklkIjo0NjU2MDI3LCJpcENvdW50cnkiOiJVUyIsIm9yZ05hbWUiOiJURFYiLCJuYW1lIjoiWmVuZXgzMjk4IiwibGFuZGluZ1BhcmFtcyI6IiJ9
[2025-09-27 10:36:42.061] INFO - 15:36:42.052Z [LaunchDarkly] Opening stream connection to https://clientstream.launchdarkly.com/eval/66cdf5b9cf61891061b4e437/eyJraW5kIjoidXNlciIsImtleSI6IjQ2NTYwMjciLCJkZXZpY2UiOiJkZXNrdG9wIiwidXNlcklkIjo0NjU2MDI3LCJpcENvdW50cnkiOiJVUyIsIm9yZ05hbWUiOiJURFYiLCJuYW1lIjoiWmVuZXgzMjk4IiwibGFuZGluZ1BhcmFtcyI6IiJ9
[2025-09-27 10:36:42.076] INFO - 15:36:42.074Z [LaunchDarkly] Closing stream connection
[2025-09-27 10:36:42.077] INFO - 15:36:42.074Z [LaunchDarkly] Closing stream connection
[2025-09-27 10:36:42.079] INFO - 15:36:42.075Z [LaunchDarkly] Opening stream connection to https://clientstream.launchdarkly.com/eval/66cdf5b9cf61891061b4e437/eyJraW5kIjoidXNlciIsImtleSI6IjQ2NTYwMjciLCJkZXZpY2UiOiJkZXNrdG9wIiwidXNlcklkIjo0NjU2MDI3LCJpcENvdW50cnkiOiJVUyIsIm9yZ05hbWUiOiJURFYiLCJuYW1lIjoiWmVuZXgzMjk4IiwibGFuZGluZ1BhcmFtcyI6IiJ9
[2025-09-27 10:36:42.080] INFO - 15:36:42.075Z [LaunchDarkly] Opening stream connection to https://clientstream.launchdarkly.com/eval/66cdf5b9cf61891061b4e437/eyJraW5kIjoidXNlciIsImtleSI6IjQ2NTYwMjciLCJkZXZpY2UiOiJkZXNrdG9wIiwidXNlcklkIjo0NjU2MDI3LCJpcENvdW50cnkiOiJVUyIsIm9yZ05hbWUiOiJURFYiLCJuYW1lIjoiWmVuZXgzMjk4IiwibGFuZGluZ1BhcmFtcyI6IiJ9
[2025-09-27 10:36:42.632] LOG - 15:36:42.631Z Account selection page detected, clicking button...
[2025-09-27 10:36:42.632] LOG - 15:36:42.631Z Account selection page detected, clicking button...
[2025-09-27 10:36:42.800] LOG - 15:36:42.767Z Access token will be renewed in 75 minutes; expired: Sat Sep 27 2025 11:56:41 GMT-0500 (Central Daylight Time), now: Sat Sep 27 2025 10:36:42 GMT-0500 (Central Daylight Time)
[2025-09-27 10:36:42.800] LOG - 15:36:42.767Z Access token will be renewed in 75 minutes; expired: Sat Sep 27 2025 11:56:41 GMT-0500 (Central Daylight Time), now: Sat Sep 27 2025 10:36:42 GMT-0500 (Central Daylight Time)
[2025-09-27 10:36:42.916] INFO - 15:36:42.914Z [LaunchDarkly] Closing stream connection
[2025-09-27 10:36:42.917] INFO - 15:36:42.914Z [LaunchDarkly] Closing stream connection
[2025-09-27 10:36:42.917] INFO - 15:36:42.914Z [LaunchDarkly] Opening stream connection to https://clientstream.launchdarkly.com/eval/66cdf5b9cf61891061b4e437/eyJraW5kIjoidXNlciIsImtleSI6IjQ2NTYwMjciLCJkZXZpY2UiOiJkZXNrdG9wIiwidXNlcklkIjo0NjU2MDI3LCJpcENvdW50cnkiOiJVUyIsIm9yZ05hbWUiOiJURFYiLCJuYW1lIjoiWmVuZXgzMjk4IiwibGFuZGluZ1BhcmFtcyI6IiJ9
[2025-09-27 10:36:42.918] INFO - 15:36:42.914Z [LaunchDarkly] Opening stream connection to https://clientstream.launchdarkly.com/eval/66cdf5b9cf61891061b4e437/eyJraW5kIjoidXNlciIsImtleSI6IjQ2NTYwMjciLCJkZXZpY2UiOiJkZXNrdG9wIiwidXNlcklkIjo0NjU2MDI3LCJpcENvdW50cnkiOiJVUyIsIm9yZ05hbWUiOiJURFYiLCJuYW1lIjoiWmVuZXgzMjk4IiwibGFuZGluZ1BhcmFtcyI6IiJ9
[2025-09-27 10:36:43.298] error - Refused to connect to 'https://bat.bing.com/actionp/0?ti=26330043&Ver=2&mid=137448e6-0568-47c2-bf43-6d20b8d9a72e&bo=2&sid=3660cc809ad411f094ce7fdad7d91748&vid=9abf384092fe11f0b30e9fac449e4642&vids=0&msclkid=N&evt=pageHide' because it violates the following Content Security Policy directive: "connect-src wss://*.tradovate.com https://*.tradovate.com https://*.ntinnolab.com https://*.devel.ninjatrader.dev https://*.staging.ninjatrader.dev https://*.uat.ninjatrader.dev wss://*.ntinnolab.com wss://*.devel.ninjatrader.dev wss://*.staging.ninjatrader.dev wss://*.uat.ninjatrader.dev wss://*.tradovateapi.com https://*.tradovateapi.com https://*.ninjatrader.com https://cdn.walkme.com https://ec.walkme.com https://sessions.bugsnag.com https://notify.bugsnag.com https://*.plaid.com https://*.yodlee.com https://tradovate.zendesk.com https://rollout.ada.support https://static.ada.support https://ninjatrader.ada.support https://tradovate.ada.support https://ninjatrader-eap.ada.support/ https://demo-ninjatrader-gr.ada.support/ https://tradovate-gen.ada.support/ https://api.stripe.com https://apiproxy.ninjatrader.com https://apiproxy-d.ninjatrader.com https://us-autocomplete-pro.api.smartystreets.com https://international-autocomplete.api.smarty.com https://maps.googleapis.com https://accounts.google.com/ https://www.google.com https://www.googletagmanager.com/ https://*.browser-intake-datadoghq.com https://scripts.neuro-id.com https://receiver.neuroid.cloud https://logs.neuro-id.com https://firebaseinstallations.googleapis.com/ https://firebaseremoteconfig.googleapis.com/ https://logx.optimizely.com https://*.optimizely.com wss://mpsnare.iesnare.com wss://ci-mpsnare.iovation.com https://*.iovation.com/ https://*.reddit.com  https://www.redditstatic.com https://*.taboola.com https://*.launchdarkly.com https://*.alloy.co https://*.maze.co https://www.google-analytics.com https://analytics.google.com https://www.googletagmanager.com/ https://api.hubapi.com https://forms.hubspot.com https://stats.g.doubleclick.net https://alb.reddit.com https://analytics.twitter.com https://heapanalytics.com https://*.auryc.com https://*.contentsquare.net https://siteintercept.qualtrics.com https://api.userway.org/".

[2025-09-27 10:36:43.307] INFO - 15:36:43.292Z visibilitychange: hidden, gd: 1000
[2025-09-27 10:36:43.309] INFO - 15:36:43.292Z visibilitychange: hidden, gd: 1000
[2025-09-27 10:36:43.313] WARNING - 15:36:43.296Z [LaunchDarkly] Error on stream connection: {"isTrusted":true}, will continue retrying after 693 milliseconds.
[2025-09-27 10:36:43.314] WARNING - 15:36:43.296Z [LaunchDarkly] Error on stream connection: {"isTrusted":true}, will continue retrying after 693 milliseconds.
[2025-09-27 10:36:43.315] INFO - 15:36:43.297Z [LaunchDarkly] Closing stream connection
[2025-09-27 10:36:43.315] INFO - 15:36:43.297Z [LaunchDarkly] Closing stream connection
[2025-09-27 10:36:43.504] WARNING - Duplicate atom key "locale". This is a FATAL ERROR in
      production. But it is safe to ignore this warning if it occurred because of
      hot module replacement.
[2025-09-27 10:36:43.506] WARNING - Duplicate atom key "locale". This is a FATAL ERROR in
      production. But it is safe to ignore this warning if it occurred because of
      hot module replacement.
[2025-09-27 10:36:43.508] WARNING - Duplicate atom key "muiTheme". This is a FATAL ERROR in
      production. But it is safe to ignore this warning if it occurred because of
      hot module replacement.
[2025-09-27 10:36:43.510] WARNING - Duplicate atom key "muiTheme". This is a FATAL ERROR in
      production. But it is safe to ignore this warning if it occurred because of
      hot module replacement.
[2025-09-27 10:36:43.512] WARNING - Duplicate atom key "appLinksFooter". This is a FATAL ERROR in
      production. But it is safe to ignore this warning if it occurred because of
      hot module replacement.
[2025-09-27 10:36:43.514] WARNING - Duplicate atom key "appLinksFooter". This is a FATAL ERROR in
      production. But it is safe to ignore this warning if it occurred because of
      hot module replacement.
[2025-09-27 10:36:43.515] WARNING - Duplicate atom key "currentUserId2". This is a FATAL ERROR in
      production. But it is safe to ignore this warning if it occurred because of
      hot module replacement.
[2025-09-27 10:36:43.518] WARNING - Duplicate atom key "currentUserId2". This is a FATAL ERROR in
      production. But it is safe to ignore this warning if it occurred because of
      hot module replacement.
[2025-09-27 10:36:43.519] WARNING - Duplicate atom key "onboardingInProgress". This is a FATAL ERROR in
      production. But it is safe to ignore this warning if it occurred because of
      hot module replacement.
[2025-09-27 10:36:43.522] WARNING - Duplicate atom key "onboardingInProgress". This is a FATAL ERROR in
      production. But it is safe to ignore this warning if it occurred because of
      hot module replacement.
[2025-09-27 10:36:43.539] WARNING - Duplicate atom key "editing". This is a FATAL ERROR in
      production. But it is safe to ignore this warning if it occurred because of
      hot module replacement.
[2025-09-27 10:36:43.540] WARNING - Duplicate atom key "editing". This is a FATAL ERROR in
      production. But it is safe to ignore this warning if it occurred because of
      hot module replacement.
[2025-09-27 10:36:43.543] WARNING - Duplicate atom key "infoMessage". This is a FATAL ERROR in
      production. But it is safe to ignore this warning if it occurred because of
      hot module replacement.
[2025-09-27 10:36:43.545] WARNING - Duplicate atom key "infoMessage". This is a FATAL ERROR in
      production. But it is safe to ignore this warning if it occurred because of
      hot module replacement.
[2025-09-27 10:36:43.546] WARNING - Duplicate atom key "browserWarning". This is a FATAL ERROR in
      production. But it is safe to ignore this warning if it occurred because of
      hot module replacement.
[2025-09-27 10:36:43.547] WARNING - Duplicate atom key "browserWarning". This is a FATAL ERROR in
      production. But it is safe to ignore this warning if it occurred because of
      hot module replacement.
[2025-09-27 10:36:43.549] WARNING - Duplicate atom key "clockWarning". This is a FATAL ERROR in
      production. But it is safe to ignore this warning if it occurred because of
      hot module replacement.
[2025-09-27 10:36:43.552] WARNING - Duplicate atom key "clockWarning". This is a FATAL ERROR in
      production. But it is safe to ignore this warning if it occurred because of
      hot module replacement.
[2025-09-27 10:36:43.555] WARNING - Duplicate atom key "breakpoint". This is a FATAL ERROR in
      production. But it is safe to ignore this warning if it occurred because of
      hot module replacement.
[2025-09-27 10:36:43.556] WARNING - Duplicate atom key "breakpoint". This is a FATAL ERROR in
      production. But it is safe to ignore this warning if it occurred because of
      hot module replacement.
[2025-09-27 10:36:43.558] WARNING - Duplicate atom key "inMobileRange". This is a FATAL ERROR in
      production. But it is safe to ignore this warning if it occurred because of
      hot module replacement.
[2025-09-27 10:36:43.560] WARNING - Duplicate atom key "inMobileRange". This is a FATAL ERROR in
      production. But it is safe to ignore this warning if it occurred because of
      hot module replacement.
[2025-09-27 10:36:43.562] WARNING - Duplicate atom key "gridSpacing". This is a FATAL ERROR in
      production. But it is safe to ignore this warning if it occurred because of
      hot module replacement.
[2025-09-27 10:36:43.563] WARNING - Duplicate atom key "gridSpacing". This is a FATAL ERROR in
      production. But it is safe to ignore this warning if it occurred because of
      hot module replacement.
[2025-09-27 10:36:43.564] WARNING - Duplicate atom key "login". This is a FATAL ERROR in
      production. But it is safe to ignore this warning if it occurred because of
      hot module replacement.
[2025-09-27 10:36:43.564] WARNING - Duplicate atom key "login". This is a FATAL ERROR in
      production. But it is safe to ignore this warning if it occurred because of
      hot module replacement.
[2025-09-27 10:36:43.564] WARNING - Duplicate atom key "error". This is a FATAL ERROR in
      production. But it is safe to ignore this warning if it occurred because of
      hot module replacement.
[2025-09-27 10:36:43.565] WARNING - Duplicate atom key "error". This is a FATAL ERROR in
      production. But it is safe to ignore this warning if it occurred because of
      hot module replacement.
[2025-09-27 10:36:43.565] WARNING - Duplicate atom key "contactInfos2". This is a FATAL ERROR in
      production. But it is safe to ignore this warning if it occurred because of
      hot module replacement.
[2025-09-27 10:36:43.565] WARNING - Duplicate atom key "contactInfos2". This is a FATAL ERROR in
      production. But it is safe to ignore this warning if it occurred because of
      hot module replacement.
[2025-09-27 10:36:43.565] WARNING - Duplicate atom key "individualApplicantsTimestamp". This is a FATAL ERROR in
      production. But it is safe to ignore this warning if it occurred because of
      hot module replacement.
[2025-09-27 10:36:43.566] WARNING - Duplicate atom key "individualApplicantsTimestamp". This is a FATAL ERROR in
      production. But it is safe to ignore this warning if it occurred because of
      hot module replacement.
[2025-09-27 10:36:43.566] WARNING - Duplicate atom key "customerApplication". This is a FATAL ERROR in
      production. But it is safe to ignore this warning if it occurred because of
      hot module replacement.
[2025-09-27 10:36:43.566] WARNING - Duplicate atom key "customerApplication". This is a FATAL ERROR in
      production. But it is safe to ignore this warning if it occurred because of
      hot module replacement.
[2025-09-27 10:36:43.566] WARNING - Duplicate atom key "individualApplicants". This is a FATAL ERROR in
      production. But it is safe to ignore this warning if it occurred because of
      hot module replacement.
[2025-09-27 10:36:43.566] WARNING - Duplicate atom key "individualApplicants". This is a FATAL ERROR in
      production. But it is safe to ignore this warning if it occurred because of
      hot module replacement.
[2025-09-27 10:36:43.567] WARNING - Duplicate atom key "clearingHouses". This is a FATAL ERROR in
      production. But it is safe to ignore this warning if it occurred because of
      hot module replacement.
[2025-09-27 10:36:43.567] WARNING - Duplicate atom key "clearingHouses". This is a FATAL ERROR in
      production. But it is safe to ignore this warning if it occurred because of
      hot module replacement.
[2025-09-27 10:36:43.567] WARNING - Duplicate atom key "clearXClearingHouse". This is a FATAL ERROR in
      production. But it is safe to ignore this warning if it occurred because of
      hot module replacement.
[2025-09-27 10:36:43.567] WARNING - Duplicate atom key "clearXClearingHouse". This is a FATAL ERROR in
      production. But it is safe to ignore this warning if it occurred because of
      hot module replacement.
[2025-09-27 10:36:43.567] WARNING - Duplicate atom key "applicationClearingHouse". This is a FATAL ERROR in
      production. But it is safe to ignore this warning if it occurred because of
      hot module replacement.
[2025-09-27 10:36:43.568] WARNING - Duplicate atom key "applicationClearingHouse". This is a FATAL ERROR in
      production. But it is safe to ignore this warning if it occurred because of
      hot module replacement.
[2025-09-27 10:36:43.568] WARNING - Duplicate atom key "userLocation". This is a FATAL ERROR in
      production. But it is safe to ignore this warning if it occurred because of
      hot module replacement.
[2025-09-27 10:36:43.568] WARNING - Duplicate atom key "userLocation". This is a FATAL ERROR in
      production. But it is safe to ignore this warning if it occurred because of
      hot module replacement.
[2025-09-27 10:36:43.568] WARNING - Duplicate atom key "savedApplicationsTimestamp". This is a FATAL ERROR in
      production. But it is safe to ignore this warning if it occurred because of
      hot module replacement.
[2025-09-27 10:36:43.568] WARNING - Duplicate atom key "savedApplicationsTimestamp". This is a FATAL ERROR in
      production. But it is safe to ignore this warning if it occurred because of
      hot module replacement.
[2025-09-27 10:36:43.568] WARNING - Duplicate atom key "savedApplications". This is a FATAL ERROR in
      production. But it is safe to ignore this warning if it occurred because of
      hot module replacement.
[2025-09-27 10:36:43.568] WARNING - Duplicate atom key "savedApplications". This is a FATAL ERROR in
      production. But it is safe to ignore this warning if it occurred because of
      hot module replacement.
[2025-09-27 10:36:43.569] WARNING - Duplicate atom key "step". This is a FATAL ERROR in
      production. But it is safe to ignore this warning if it occurred because of
      hot module replacement.
[2025-09-27 10:36:43.569] WARNING - Duplicate atom key "step". This is a FATAL ERROR in
      production. But it is safe to ignore this warning if it occurred because of
      hot module replacement.
[2025-09-27 10:36:43.569] WARNING - Duplicate atom key "checkStates". This is a FATAL ERROR in
      production. But it is safe to ignore this warning if it occurred because of
      hot module replacement.
[2025-09-27 10:36:43.569] WARNING - Duplicate atom key "checkStates". This is a FATAL ERROR in
      production. But it is safe to ignore this warning if it occurred because of
      hot module replacement.
[2025-09-27 10:36:43.569] WARNING - Duplicate atom key "signStates". This is a FATAL ERROR in
      production. But it is safe to ignore this warning if it occurred because of
      hot module replacement.
[2025-09-27 10:36:43.569] WARNING - Duplicate atom key "signStates". This is a FATAL ERROR in
      production. But it is safe to ignore this warning if it occurred because of
      hot module replacement.
[2025-09-27 10:36:43.569] WARNING - Duplicate atom key "wizard". This is a FATAL ERROR in
      production. But it is safe to ignore this warning if it occurred because of
      hot module replacement.
[2025-09-27 10:36:43.570] WARNING - Duplicate atom key "wizard". This is a FATAL ERROR in
      production. But it is safe to ignore this warning if it occurred because of
      hot module replacement.
[2025-09-27 10:36:43.570] WARNING - Duplicate atom key "formBuilder". This is a FATAL ERROR in
      production. But it is safe to ignore this warning if it occurred because of
      hot module replacement.
[2025-09-27 10:36:43.570] WARNING - Duplicate atom key "formBuilder". This is a FATAL ERROR in
      production. But it is safe to ignore this warning if it occurred because of
      hot module replacement.
[2025-09-27 10:36:43.570] WARNING - Duplicate atom key "headerSlot". This is a FATAL ERROR in
      production. But it is safe to ignore this warning if it occurred because of
      hot module replacement.
[2025-09-27 10:36:43.570] WARNING - Duplicate atom key "headerSlot". This is a FATAL ERROR in
      production. But it is safe to ignore this warning if it occurred because of
      hot module replacement.
[2025-09-27 10:36:43.571] WARNING - Duplicate atom key "footerSlot". This is a FATAL ERROR in
      production. But it is safe to ignore this warning if it occurred because of
      hot module replacement.
[2025-09-27 10:36:43.571] WARNING - Duplicate atom key "footerSlot". This is a FATAL ERROR in
      production. But it is safe to ignore this warning if it occurred because of
      hot module replacement.
[2025-09-27 10:36:43.571] WARNING - Duplicate atom key "alloyJourneyToken". This is a FATAL ERROR in
      production. But it is safe to ignore this warning if it occurred because of
      hot module replacement.
[2025-09-27 10:36:43.571] WARNING - Duplicate atom key "alloyJourneyToken". This is a FATAL ERROR in
      production. But it is safe to ignore this warning if it occurred because of
      hot module replacement.
[2025-09-27 10:36:43.571] DEBUG - [bugsnag] Loaded!
[2025-09-27 10:36:43.571] DEBUG - [bugsnag] Loaded!
[2025-09-27 10:36:43.572] INFO - Version 3.250926.0 prod production 
[2025-09-27 10:36:43.572] INFO - Version 3.250926.0 prod production 
[2025-09-27 10:36:43.572] INFO - Time: Sat Sep 27 2025 10:36:43 GMT-0500 (Central Daylight Time)
[2025-09-27 10:36:43.572] INFO - Time:
[2025-09-27 10:36:43.666] LOG - 15:36:43.664Z Try to restore session
[2025-09-27 10:36:43.668] LOG - 15:36:43.664Z Try to restore session
[2025-09-27 10:36:43.669] LOG - 15:36:43.665Z Access token will be renewed in 75 minutes; expired: Sat Sep 27 2025 11:56:41 GMT-0500 (Central Daylight Time), now: Sat Sep 27 2025 10:36:43 GMT-0500 (Central Daylight Time)
[2025-09-27 10:36:43.669] LOG - 15:36:43.665Z Access token will be renewed in 75 minutes; expired: Sat Sep 27 2025 11:56:41 GMT-0500 (Central Daylight Time), now: Sat Sep 27 2025 10:36:43 GMT-0500 (Central Daylight Time)
[2025-09-27 10:36:43.675] WARNING - 15:36:43.673Z [LaunchDarkly] The waitForInitialization function was called without a timeout specified. In a future version a default timeout will be applied.
[2025-09-27 10:36:43.676] WARNING - 15:36:43.673Z [LaunchDarkly] The waitForInitialization function was called without a timeout specified. In a future version a default timeout will be applied.
[2025-09-27 10:36:43.686] INFO - 15:36:43.684Z chart cache state: islands=3, bars=2006
[2025-09-27 10:36:43.687] INFO - 15:36:43.684Z chart cache state: islands=3, bars=2006
[2025-09-27 10:36:43.687] INFO - 15:36:43.685Z Chart history database initialized
[2025-09-27 10:36:43.687] INFO - 15:36:43.685Z Chart history database initialized
[2025-09-27 10:36:43.698] INFO - 15:36:43.696Z [LaunchDarkly] LaunchDarkly client initialized
[2025-09-27 10:36:43.700] INFO - 15:36:43.696Z [LaunchDarkly] LaunchDarkly client initialized
[2025-09-27 10:36:43.700] INFO - 15:36:43.697Z [LaunchDarkly] Opening stream connection to https://clientstream.launchdarkly.com/eval/66cdf5b9cf61891061b4e437/eyJraW5kIjoidXNlciIsImtleSI6InVua25vd24iLCJhbm9ueW1vdXMiOmZhbHNlfQ
[2025-09-27 10:36:43.700] INFO - 15:36:43.697Z [LaunchDarkly] Opening stream connection to https://clientstream.launchdarkly.com/eval/66cdf5b9cf61891061b4e437/eyJraW5kIjoidXNlciIsImtleSI6InVua25vd24iLCJhbm9ueW1vdXMiOmZhbHNlfQ
[2025-09-27 10:36:44.202] INFO - 15:36:44.201Z [LaunchDarkly] Closing stream connection
[2025-09-27 10:36:44.203] INFO - 15:36:44.201Z [LaunchDarkly] Closing stream connection
[2025-09-27 10:36:44.204] INFO - 15:36:44.201Z [LaunchDarkly] Opening stream connection to https://clientstream.launchdarkly.com/eval/66cdf5b9cf61891061b4e437/eyJraW5kIjoidXNlciIsImtleSI6IjQ2NTYwMjciLCJkZXZpY2UiOiJkZXNrdG9wIiwidXNlcklkIjo0NjU2MDI3LCJpcENvdW50cnkiOiIiLCJvcmdOYW1lIjoiVERWIiwibmFtZSI6IlplbmV4MzI5OCIsImxhbmRpbmdQYXJhbXMiOiIifQ
[2025-09-27 10:36:44.204] INFO - 15:36:44.201Z [LaunchDarkly] Opening stream connection to https://clientstream.launchdarkly.com/eval/66cdf5b9cf61891061b4e437/eyJraW5kIjoidXNlciIsImtleSI6IjQ2NTYwMjciLCJkZXZpY2UiOiJkZXNrdG9wIiwidXNlcklkIjo0NjU2MDI3LCJpcENvdW50cnkiOiIiLCJvcmdOYW1lIjoiVERWIiwibmFtZSI6IlplbmV4MzI5OCIsImxhbmRpbmdQYXJhbXMiOiIifQ
[2025-09-27 10:36:44.247] INFO - 15:36:44.245Z [LaunchDarkly] Closing stream connection
[2025-09-27 10:36:44.248] INFO - 15:36:44.245Z [LaunchDarkly] Closing stream connection
[2025-09-27 10:36:44.248] INFO - 15:36:44.245Z [LaunchDarkly] Opening stream connection to https://clientstream.launchdarkly.com/eval/66cdf5b9cf61891061b4e437/eyJraW5kIjoidXNlciIsImtleSI6IjQ2NTYwMjciLCJkZXZpY2UiOiJkZXNrdG9wIiwidXNlcklkIjo0NjU2MDI3LCJpcENvdW50cnkiOiJVUyIsIm9yZ05hbWUiOiJURFYiLCJuYW1lIjoiWmVuZXgzMjk4IiwibGFuZGluZ1BhcmFtcyI6IiJ9
[2025-09-27 10:36:44.249] INFO - 15:36:44.245Z [LaunchDarkly] Opening stream connection to https://clientstream.launchdarkly.com/eval/66cdf5b9cf61891061b4e437/eyJraW5kIjoidXNlciIsImtleSI6IjQ2NTYwMjciLCJkZXZpY2UiOiJkZXNrdG9wIiwidXNlcklkIjo0NjU2MDI3LCJpcENvdW50cnkiOiJVUyIsIm9yZ05hbWUiOiJURFYiLCJuYW1lIjoiWmVuZXgzMjk4IiwibGFuZGluZ1BhcmFtcyI6IiJ9
[2025-09-27 10:36:44.344] LOG - 15:36:44.340Z opening https://demo.tradovateapi.com/
[2025-09-27 10:36:44.360] LOG - 15:36:44.340Z opening https://demo.tradovateapi.com/
[2025-09-27 10:36:44.368] LOG - 15:36:44.346Z Hotkeys initialized {"Shift+Digit1":["orders/selectColumns"],"Shift+Digit2":["orders/showFilters"],"Shift+Digit3":["orders/standardTableView"],"Shift+Digit4":["orders/linkedOrdersView"],"Command+Shift+Digit0":["dom-chart/exit-and-cancel"]}
[2025-09-27 10:36:44.370] LOG - 15:36:44.346Z Hotkeys initialized {"Shift+Digit1":["orders/selectColumns"],"Shift+Digit2":["orders/showFilters"],"Shift+Digit3":["orders/standardTableView"],"Shift+Digit4":["orders/linkedOrdersView"],"Command+Shift+Digit0":["dom-chart/exit-and-cancel"]}
[2025-09-27 10:36:44.447] LOG - 15:36:44.447Z websocket opened
[2025-09-27 10:36:44.448] LOG - 15:36:44.447Z websocket opened
[2025-09-27 10:36:44.505] LOG - 15:36:44.503Z opening https://md-demo.tradovateapi.com/
[2025-09-27 10:36:44.505] LOG - 15:36:44.503Z opening https://md-demo.tradovateapi.com/
[2025-09-27 10:36:44.506] LOG - 15:36:44.505Z Connection:  open
[2025-09-27 10:36:44.506] LOG - 15:36:44.505Z Connection:  open
[2025-09-27 10:36:45.493] LOG - 15:36:45.491Z WebGL:  {"isWebGL2":true,"precision":"highp","logarithmicDepthBuffer":false,"maxTextures":16,"maxVertexTextures":16,"maxTextureSize":16384,"maxCubemapSize":16384,"maxAttributes":16,"maxVertexUniforms":1024,"maxVaryings":30,"maxFragmentUniforms":1024,"vertexTextures":true,"floatFragmentTextures":true,"floatVertexTextures":true,"maxSamples":8} , devicePixelRatio:  2
[2025-09-27 10:36:45.502] LOG - 15:36:45.492Z Canvas size: 853 899 dpp:  2
[2025-09-27 10:36:45.506] LOG - 15:36:45.504Z Loading App-level Plugins
[2025-09-27 10:36:45.506] LOG - 15:36:45.504Z Loading App-level Plugins
[2025-09-27 10:36:45.595] LOG - 15:36:45.518Z WebGL:  {"isWebGL2":true,"precision":"highp","logarithmicDepthBuffer":false,"maxTextures":16,"maxVertexTextures":16,"maxTextureSize":16384,"maxCubemapSize":16384,"maxAttributes":16,"maxVertexUniforms":1024,"maxVaryings":30,"maxFragmentUniforms":1024,"vertexTextures":true,"floatFragmentTextures":true,"floatVertexTextures":true,"maxSamples":8} , devicePixelRatio:  2
[2025-09-27 10:36:45.607] LOG - 15:36:45.518Z Canvas size: 853 899 dpp:  2
[2025-09-27 10:36:45.660] LOG - 15:36:45.596Z websocket opened
[2025-09-27 10:36:45.708] LOG - 15:36:45.596Z websocket opened
[2025-09-27 10:36:45.781] LOG - 15:36:45.778Z loadAppLevelPlugins:  [object Object]
[2025-09-27 10:36:45.782] LOG - 15:36:45.778Z loadAppLevelPlugins: 
[2025-09-27 10:36:46.743] LOG - 15:36:46.742Z jailing is in progress
[2025-09-27 10:36:46.744] LOG - 15:36:46.742Z jailing is in progress
[2025-09-27 10:36:47.175] LOG - 15:36:47.174Z pending jailing done. next starts
[2025-09-27 10:36:47.175] LOG - 15:36:47.174Z pending jailing done. next starts
[2025-09-27 10:36:48.006] LOG - 15:36:47.979Z created chart 1
[2025-09-27 10:36:48.140] LOG - 15:36:48.138Z requestChart: {"symbol":"3267312","chartDescription":{"underlyingType":"Tick","elementSize":5000,"elementSizeUnit":"UnderlyingUnits","withHistogram":false},"timeRange":{"asMuchAsElements":608}}
[2025-09-27 10:36:48.140] LOG - 15:36:48.138Z requestChart: {"symbol":"3267312","chartDescription":{"underlyingType":"Tick","elementSize":5000,"elementSizeUnit":"UnderlyingUnits","withHistogram":false},"timeRange":{"asMuchAsElements":608}}
[2025-09-27 10:36:48.140] LOG - 15:36:48.139Z mdMgApi open
[2025-09-27 10:36:48.140] LOG - 15:36:48.139Z mdMgApi open
[2025-09-27 10:36:48.262] LOG - 15:36:48.261Z updating the shared isolation
[2025-09-27 10:36:48.262] LOG - 15:36:48.261Z updating the shared isolation
[2025-09-27 10:36:51.848] LOG - 15:36:51.846Z Auto Order script initialized - AUTOMATIC HOT RELOAD SUCCESS!
[2025-09-27 10:36:51.849] LOG - 15:36:51.846Z Auto Order script initialized - AUTOMATIC HOT RELOAD SUCCESS!
[2025-09-27 10:36:51.850] LOG - 15:36:51.847Z Creating UI for dashboard trading...
[2025-09-27 10:36:51.851] LOG - 15:36:51.847Z Creating UI for dashboard trading...
[2025-09-27 10:36:51.852] LOG - 15:36:51.847Z Creating UI (visible=false)
[2025-09-27 10:36:51.853] LOG - 15:36:51.847Z Creating UI (visible=false)
[2025-09-27 10:36:51.854] LOG - 15:36:51.848Z Stored values: TP=53, SL=15, Qty=1, Tick=0.25, Symbol=NQ
[2025-09-27 10:36:51.855] LOG - 15:36:51.848Z Stored values: TP=53, SL=15, Qty=1, Tick=0.25, Symbol=NQ
[2025-09-27 10:36:51.855] LOG - 15:36:51.848Z UI container added to DOM
[2025-09-27 10:36:51.856] LOG - 15:36:51.848Z UI container added to DOM
[2025-09-27 10:36:51.856] LOG - 15:36:51.848Z Setting up localStorage persistence
[2025-09-27 10:36:51.857] LOG - 15:36:51.848Z Setting up localStorage persistence
[2025-09-27 10:36:51.857] LOG - 15:36:51.848Z UI initialization complete
[2025-09-27 10:36:51.858] LOG - 15:36:51.848Z UI initialization complete
[2025-09-27 10:36:51.859] LOG - 15:36:51.848Z Creating example front-quarter symbol
[2025-09-27 10:36:51.859] LOG - 15:36:51.848Z Creating example front-quarter symbol
[2025-09-27 10:36:51.860] LOG - 15:36:51.849Z getQuarterlyCode called with date: 2025-09-27T15:36:51.849Z
[2025-09-27 10:36:51.861] LOG - 15:36:51.849Z getQuarterlyCode called with date: 2025-09-27T15:36:51.849Z
[2025-09-27 10:36:51.861] LOG - 15:36:51.849Z Current month index: 8
[2025-09-27 10:36:51.862] LOG - 15:36:51.849Z Current month index: 8
[2025-09-27 10:36:51.863] LOG - 15:36:51.849Z Starting calculation with year=2025, month=8
[2025-09-27 10:36:51.864] LOG - 15:36:51.849Z Starting calculation with year=2025, month=8
[2025-09-27 10:36:51.865] LOG - 15:36:51.849Z Calculated quarterly code: letter=Z, yearDigit=5
[2025-09-27 10:36:51.865] LOG - 15:36:51.849Z Calculated quarterly code: letter=Z, yearDigit=5
[2025-09-27 10:36:51.865] LOG - 15:36:51.849Z Example front-quarter symbol created: NQZ5
[2025-09-27 10:36:51.865] LOG - 15:36:51.849Z Example front-quarter symbol created: NQZ5
[2025-09-27 10:36:51.865] LOG - 15:36:51.855Z Auto Risk Management: Running initial risk assessment...
[2025-09-27 10:36:51.866] LOG - 15:36:51.855Z Auto Risk Management: Running initial risk assessment...
[2025-09-27 10:36:51.866] LOG - 15:36:51.856Z [analyzePhase] resetting phaseData
[2025-09-27 10:36:51.866] LOG - 15:36:51.856Z [analyzePhase] resetting phaseData
[2025-09-27 10:36:51.866] LOG - 15:36:51.856Z [analyzePhase] set phase 1 maxActive to 1
[2025-09-27 10:36:51.866] LOG - 15:36:51.856Z [analyzePhase] set phase 1 maxActive to 1
[2025-09-27 10:36:51.866] LOG - 15:36:51.856Z [analyzePhase] increased phase 2 maxActive to 1
[2025-09-27 10:36:51.866] LOG - 15:36:51.856Z [analyzePhase] increased phase 2 maxActive to 1
[2025-09-27 10:36:51.867] LOG - 15:36:51.857Z [updateUserColumnPhaseStatus] Starting...
[2025-09-27 10:36:51.867] LOG - 15:36:51.857Z [updateUserColumnPhaseStatus] Starting...
[2025-09-27 10:36:51.867] LOG - 15:36:51.857Z [updateUserColumnPhaseStatus] Found 1 rows
[2025-09-27 10:36:51.867] LOG - 15:36:51.857Z [updateUserColumnPhaseStatus] Found 1 rows
[2025-09-27 10:36:51.867] LOG - 15:36:51.857Z [updateUserColumnPhaseStatus] Header cells: Account ▲,Total Available Margin,User,Dist Drawdown Net Liq,Dollar Open P L,Dollar Total P L
[2025-09-27 10:36:51.867] LOG - 15:36:51.857Z [updateUserColumnPhaseStatus] Header cells:
[2025-09-27 10:36:51.867] LOG - 15:36:51.857Z [updateUserColumnPhaseStatus] Found User column at index 2
[2025-09-27 10:36:51.867] LOG - 15:36:51.857Z [updateUserColumnPhaseStatus] Found User column at index 2
[2025-09-27 10:36:51.868] LOG - 15:36:51.857Z [updateUserColumnPhaseStatus] Getting table data...
[2025-09-27 10:36:51.868] LOG - 15:36:51.857Z [updateUserColumnPhaseStatus] Getting table data...
[2025-09-27 10:36:51.868] LOG - 15:36:51.857Z [analyzePhase] resetting phaseData
[2025-09-27 10:36:51.868] LOG - 15:36:51.857Z [analyzePhase] resetting phaseData
[2025-09-27 10:36:51.868] LOG - 15:36:51.857Z [analyzePhase] set phase 1 maxActive to 1
[2025-09-27 10:36:51.868] LOG - 15:36:51.857Z [analyzePhase] set phase 1 maxActive to 1
[2025-09-27 10:36:51.868] LOG - 15:36:51.858Z [analyzePhase] increased phase 2 maxActive to 1
[2025-09-27 10:36:51.868] LOG - 15:36:51.858Z [analyzePhase] increased phase 2 maxActive to 1
[2025-09-27 10:36:51.869] LOG - 15:36:51.858Z [updateUserColumnPhaseStatus] Table data: 0 rows
[2025-09-27 10:36:51.869] LOG - 15:36:51.858Z [updateUserColumnPhaseStatus] Table data: 0 rows
[2025-09-27 10:36:51.869] ERROR - 15:36:51.858Z [updateUserColumnPhaseStatus] No data from getTableData()
[2025-09-27 10:36:51.869] ERROR - 15:36:51.858Z [updateUserColumnPhaseStatus] No data from getTableData()
[2025-09-27 10:36:51.881] warning - The AudioContext was not allowed to start. It must be resumed (or created) after a user gesture on the page. https://developer.chrome.com/blog/autoplay/#web_audio
[2025-09-27 10:36:51.882] LOG - 15:36:51.869Z Auto Risk Management: Initial risk assessment completed
[2025-09-27 10:36:51.882] LOG - 15:36:51.869Z Auto Risk Management: Initial risk assessment completed
[2025-09-27 10:36:52.873] LOG - 15:36:52.871Z [analyzePhase] resetting phaseData
[2025-09-27 10:36:52.874] LOG - 15:36:52.871Z [analyzePhase] resetting phaseData
[2025-09-27 10:36:52.875] LOG - 15:36:52.872Z [analyzePhase] set phase 1 maxActive to 1
[2025-09-27 10:36:52.875] LOG - 15:36:52.872Z [analyzePhase] set phase 1 maxActive to 1
[2025-09-27 10:36:52.876] LOG - 15:36:52.872Z [analyzePhase] increased phase 2 maxActive to 1
[2025-09-27 10:36:52.876] LOG - 15:36:52.872Z [analyzePhase] increased phase 2 maxActive to 1
[2025-09-27 10:36:52.876] WARNING - 15:36:52.872Z Error in deferred func: TypeError: Cannot read properties of undefined (reading 'querySelector'), function(){d(a),f(function(){d(null)},0);var e=i.apply(this,arguments);return d(null),e} TypeError: Cannot read properties of undefined (reading 'querySelector'),    at <anonymous>:377:98,    at i.__trace__ (https://cdn.tradovate.com/tradovate/scripts/4418.49f1ab77.js:2:4613725),    at https://cdn.tradovate.com/tradovate/scripts/4418.49f1ab77.js:2:3547494
[2025-09-27 10:36:52.876] WARNING - 15:36:52.872Z Error in deferred func: TypeError: Cannot read properties of undefined (reading 'querySelector'), function(){d(a),f(function(){d(null)},0);var e=i.apply(this,arguments);return d(null),e}
[2025-09-27 10:36:52.886] LOG - 15:36:52.885Z Executing initial risk management assessment...
[2025-09-27 10:36:52.887] LOG - 15:36:52.885Z Executing initial risk management assessment...
[2025-09-27 10:36:52.888] ERROR - 15:36:52.885Z getTableData function not found
[2025-09-27 10:36:52.888] ERROR - 15:36:52.885Z getTableData function not found
[2025-09-27 10:36:52.889] ERROR - 15:36:52.886Z updateUserColumnPhaseStatus function not found
[2025-09-27 10:36:52.889] ERROR - 15:36:52.886Z updateUserColumnPhaseStatus function not found
[2025-09-27 10:36:52.889] ERROR - 15:36:52.886Z performAccountActions function not found
[2025-09-27 10:36:52.889] ERROR - 15:36:52.886Z performAccountActions function not found
[2025-09-27 10:36:52.889] LOG - 15:36:52.886Z Risk management assessment completed
[2025-09-27 10:36:52.889] LOG - 15:36:52.886Z Risk management assessment completed
