[2025-09-24 08:45:31.926] LOG - 13:45:31.925Z Starting login process for: zenex3298@gmail.com
[2025-09-24 08:45:31.927] LOG - 13:45:31.925Z Starting login process for: zenex3298@gmail.com
[2025-09-24 08:45:31.927] LOG - 13:45:31.925Z Auto login function executing for: zenex3298@gmail.com
[2025-09-24 08:45:31.927] LOG - 13:45:31.925Z Auto login function executing for: zenex3298@gmail.com
[2025-09-24 08:45:31.927] LOG - 13:45:31.926Z Login form found, filling credentials...
[2025-09-24 08:45:31.927] LOG - 13:45:31.926Z Login form found, filling credentials...
[2025-09-24 08:45:32.089] LOG - 13:45:31.967Z Test element added to DOM
[2025-09-24 08:45:32.089] LOG - 13:45:31.967Z Test element added to DOM
[2025-09-24 08:45:32.092] LOG - 13:45:32.091Z All browser alerts and confirmations have been disabled
[2025-09-24 08:45:32.093] LOG - 13:45:32.091Z All browser alerts and confirmations have been disabled
[2025-09-24 08:45:32.443] LOG - 13:45:32.441Z Clicking login button...
[2025-09-24 08:45:32.443] LOG - 13:45:32.441Z Clicking login button...
[2025-09-24 08:45:32.456] LOG - 13:45:32.453Z authentication starting
[2025-09-24 08:45:32.456] LOG - 13:45:32.453Z authentication starting
[2025-09-24 08:45:32.813] warning - The AudioContext was not allowed to start. It must be resumed (or created) after a user gesture on the page. https://developer.chrome.com/blog/autoplay/#web_audio
[2025-09-24 08:45:32.817] LOG - 13:45:32.801Z Watching for account selection page...
[2025-09-24 08:45:32.818] LOG - 13:45:32.801Z Watching for account selection page...
[2025-09-24 08:45:33.094] LOG - 13:45:33.093Z Access token will be renewed in 75 minutes; expired: Wed Sep 24 2025 10:05:33 GMT-0500 (Central Daylight Time), now: Wed Sep 24 2025 08:45:33 GMT-0500 (Central Daylight Time)
[2025-09-24 08:45:33.096] LOG - 13:45:33.093Z Access token will be renewed in 75 minutes; expired: Wed Sep 24 2025 10:05:33 GMT-0500 (Central Daylight Time), now: Wed Sep 24 2025 08:45:33 GMT-0500 (Central Daylight Time)
[2025-09-24 08:45:33.375] INFO - 13:45:33.370Z [LaunchDarkly] Closing stream connection
[2025-09-24 08:45:33.378] INFO - 13:45:33.370Z [LaunchDarkly] Closing stream connection
[2025-09-24 08:45:33.379] INFO - 13:45:33.370Z [LaunchDarkly] Opening stream connection to https://clientstream.launchdarkly.com/eval/66cdf5b9cf61891061b4e437/eyJraW5kIjoidXNlciIsImtleSI6IjQ2NTYwMjciLCJkZXZpY2UiOiJkZXNrdG9wIiwidXNlcklkIjo0NjU2MDI3LCJpcENvdW50cnkiOiJVUyIsIm9yZ05hbWUiOiJURFYiLCJuYW1lIjoiWmVuZXgzMjk4IiwibGFuZGluZ1BhcmFtcyI6IiJ9
[2025-09-24 08:45:33.379] INFO - 13:45:33.370Z [LaunchDarkly] Opening stream connection to https://clientstream.launchdarkly.com/eval/66cdf5b9cf61891061b4e437/eyJraW5kIjoidXNlciIsImtleSI6IjQ2NTYwMjciLCJkZXZpY2UiOiJkZXNrdG9wIiwidXNlcklkIjo0NjU2MDI3LCJpcENvdW50cnkiOiJVUyIsIm9yZ05hbWUiOiJURFYiLCJuYW1lIjoiWmVuZXgzMjk4IiwibGFuZGluZ1BhcmFtcyI6IiJ9
[2025-09-24 08:45:33.445] INFO - 13:45:33.444Z [LaunchDarkly] Closing stream connection
[2025-09-24 08:45:33.448] INFO - 13:45:33.444Z [LaunchDarkly] Closing stream connection
[2025-09-24 08:45:33.448] INFO - 13:45:33.444Z [LaunchDarkly] Opening stream connection to https://clientstream.launchdarkly.com/eval/66cdf5b9cf61891061b4e437/eyJraW5kIjoidXNlciIsImtleSI6IjQ2NTYwMjciLCJkZXZpY2UiOiJkZXNrdG9wIiwidXNlcklkIjo0NjU2MDI3LCJpcENvdW50cnkiOiJVUyIsIm9yZ05hbWUiOiJURFYiLCJuYW1lIjoiWmVuZXgzMjk4IiwibGFuZGluZ1BhcmFtcyI6IiJ9
[2025-09-24 08:45:33.448] INFO - 13:45:33.444Z [LaunchDarkly] Opening stream connection to https://clientstream.launchdarkly.com/eval/66cdf5b9cf61891061b4e437/eyJraW5kIjoidXNlciIsImtleSI6IjQ2NTYwMjciLCJkZXZpY2UiOiJkZXNrdG9wIiwidXNlcklkIjo0NjU2MDI3LCJpcENvdW50cnkiOiJVUyIsIm9yZ05hbWUiOiJURFYiLCJuYW1lIjoiWmVuZXgzMjk4IiwibGFuZGluZ1BhcmFtcyI6IiJ9
[2025-09-24 08:45:33.804] LOG - 13:45:33.803Z Account selection page detected, clicking button...
[2025-09-24 08:45:33.804] LOG - 13:45:33.803Z Account selection page detected, clicking button...
[2025-09-24 08:45:33.957] LOG - 13:45:33.927Z Access token will be renewed in 75 minutes; expired: Wed Sep 24 2025 10:05:33 GMT-0500 (Central Daylight Time), now: Wed Sep 24 2025 08:45:33 GMT-0500 (Central Daylight Time)
[2025-09-24 08:45:33.958] LOG - 13:45:33.927Z Access token will be renewed in 75 minutes; expired: Wed Sep 24 2025 10:05:33 GMT-0500 (Central Daylight Time), now: Wed Sep 24 2025 08:45:33 GMT-0500 (Central Daylight Time)
[2025-09-24 08:45:34.022] error - Refused to connect to 'https://bat.bing.com/actionp/0?ti=26330043&Ver=2&mid=0e70c5a6-1e5a-4f68-979f-abcb99b9735b&bo=2&sid=e921826097c611f09785499b91a2dd7e&vid=9abf384092fe11f0b30e9fac449e4642&vids=0&msclkid=N&evt=pageHide' because it violates the following Content Security Policy directive: "connect-src wss://*.tradovate.com https://*.tradovate.com https://*.ntinnolab.com https://*.devel.ninjatrader.dev https://*.staging.ninjatrader.dev https://*.uat.ninjatrader.dev wss://*.ntinnolab.com wss://*.devel.ninjatrader.dev wss://*.staging.ninjatrader.dev wss://*.uat.ninjatrader.dev wss://*.tradovateapi.com https://*.tradovateapi.com https://*.ninjatrader.com https://cdn.walkme.com https://ec.walkme.com https://sessions.bugsnag.com https://notify.bugsnag.com https://*.plaid.com https://*.yodlee.com https://tradovate.zendesk.com https://rollout.ada.support https://static.ada.support https://ninjatrader.ada.support https://tradovate.ada.support https://ninjatrader-eap.ada.support/ https://demo-ninjatrader-gr.ada.support/ https://tradovate-gen.ada.support/ https://api.stripe.com https://apiproxy.ninjatrader.com https://apiproxy-d.ninjatrader.com https://us-autocomplete-pro.api.smartystreets.com https://international-autocomplete.api.smarty.com https://maps.googleapis.com https://accounts.google.com/ https://www.google.com https://www.googletagmanager.com/ https://*.browser-intake-datadoghq.com https://scripts.neuro-id.com https://receiver.neuroid.cloud https://logs.neuro-id.com https://firebaseinstallations.googleapis.com/ https://firebaseremoteconfig.googleapis.com/ https://logx.optimizely.com https://*.optimizely.com wss://mpsnare.iesnare.com wss://ci-mpsnare.iovation.com https://*.iovation.com/ https://*.reddit.com  https://www.redditstatic.com https://*.taboola.com https://*.launchdarkly.com https://*.alloy.co https://*.maze.co https://www.google-analytics.com https://analytics.google.com https://www.googletagmanager.com/ https://api.hubapi.com https://forms.hubspot.com https://stats.g.doubleclick.net https://alb.reddit.com https://analytics.twitter.com https://heapanalytics.com https://*.auryc.com https://*.contentsquare.net https://siteintercept.qualtrics.com https://api.userway.org/".

[2025-09-24 08:45:34.024] INFO - 13:45:34.020Z visibilitychange: hidden, gd: 1000
[2025-09-24 08:45:34.024] INFO - 13:45:34.020Z visibilitychange: hidden, gd: 1000
[2025-09-24 08:45:34.025] WARNING - 13:45:34.021Z [LaunchDarkly] Error on stream connection: {"isTrusted":true}, will continue retrying after 576 milliseconds.
[2025-09-24 08:45:34.026] WARNING - 13:45:34.021Z [LaunchDarkly] Error on stream connection: {"isTrusted":true}, will continue retrying after 576 milliseconds.
[2025-09-24 08:45:34.028] INFO - 13:45:34.022Z [LaunchDarkly] Closing stream connection
[2025-09-24 08:45:34.028] INFO - 13:45:34.022Z [LaunchDarkly] Closing stream connection
[2025-09-24 08:45:34.197] WARNING - Duplicate atom key "locale". This is a FATAL ERROR in
      production. But it is safe to ignore this warning if it occurred because of
      hot module replacement.
[2025-09-24 08:45:34.198] WARNING - Duplicate atom key "locale". This is a FATAL ERROR in
      production. But it is safe to ignore this warning if it occurred because of
      hot module replacement.
[2025-09-24 08:45:34.199] WARNING - Duplicate atom key "muiTheme". This is a FATAL ERROR in
      production. But it is safe to ignore this warning if it occurred because of
      hot module replacement.
[2025-09-24 08:45:34.200] WARNING - Duplicate atom key "muiTheme". This is a FATAL ERROR in
      production. But it is safe to ignore this warning if it occurred because of
      hot module replacement.
[2025-09-24 08:45:34.201] WARNING - Duplicate atom key "appLinksFooter". This is a FATAL ERROR in
      production. But it is safe to ignore this warning if it occurred because of
      hot module replacement.
[2025-09-24 08:45:34.202] WARNING - Duplicate atom key "appLinksFooter". This is a FATAL ERROR in
      production. But it is safe to ignore this warning if it occurred because of
      hot module replacement.
[2025-09-24 08:45:34.203] WARNING - Duplicate atom key "currentUserId2". This is a FATAL ERROR in
      production. But it is safe to ignore this warning if it occurred because of
      hot module replacement.
[2025-09-24 08:45:34.203] WARNING - Duplicate atom key "currentUserId2". This is a FATAL ERROR in
      production. But it is safe to ignore this warning if it occurred because of
      hot module replacement.
[2025-09-24 08:45:34.205] WARNING - Duplicate atom key "onboardingInProgress". This is a FATAL ERROR in
      production. But it is safe to ignore this warning if it occurred because of
      hot module replacement.
[2025-09-24 08:45:34.205] WARNING - Duplicate atom key "onboardingInProgress". This is a FATAL ERROR in
      production. But it is safe to ignore this warning if it occurred because of
      hot module replacement.
[2025-09-24 08:45:34.206] WARNING - Duplicate atom key "editing". This is a FATAL ERROR in
      production. But it is safe to ignore this warning if it occurred because of
      hot module replacement.
[2025-09-24 08:45:34.207] WARNING - Duplicate atom key "editing". This is a FATAL ERROR in
      production. But it is safe to ignore this warning if it occurred because of
      hot module replacement.
[2025-09-24 08:45:34.208] WARNING - Duplicate atom key "infoMessage". This is a FATAL ERROR in
      production. But it is safe to ignore this warning if it occurred because of
      hot module replacement.
[2025-09-24 08:45:34.210] WARNING - Duplicate atom key "infoMessage". This is a FATAL ERROR in
      production. But it is safe to ignore this warning if it occurred because of
      hot module replacement.
[2025-09-24 08:45:34.210] WARNING - Duplicate atom key "browserWarning". This is a FATAL ERROR in
      production. But it is safe to ignore this warning if it occurred because of
      hot module replacement.
[2025-09-24 08:45:34.211] WARNING - Duplicate atom key "browserWarning". This is a FATAL ERROR in
      production. But it is safe to ignore this warning if it occurred because of
      hot module replacement.
[2025-09-24 08:45:34.212] WARNING - Duplicate atom key "clockWarning". This is a FATAL ERROR in
      production. But it is safe to ignore this warning if it occurred because of
      hot module replacement.
[2025-09-24 08:45:34.214] WARNING - Duplicate atom key "clockWarning". This is a FATAL ERROR in
      production. But it is safe to ignore this warning if it occurred because of
      hot module replacement.
[2025-09-24 08:45:34.214] WARNING - Duplicate atom key "breakpoint". This is a FATAL ERROR in
      production. But it is safe to ignore this warning if it occurred because of
      hot module replacement.
[2025-09-24 08:45:34.215] WARNING - Duplicate atom key "breakpoint". This is a FATAL ERROR in
      production. But it is safe to ignore this warning if it occurred because of
      hot module replacement.
[2025-09-24 08:45:34.217] WARNING - Duplicate atom key "inMobileRange". This is a FATAL ERROR in
      production. But it is safe to ignore this warning if it occurred because of
      hot module replacement.
[2025-09-24 08:45:34.217] WARNING - Duplicate atom key "inMobileRange". This is a FATAL ERROR in
      production. But it is safe to ignore this warning if it occurred because of
      hot module replacement.
[2025-09-24 08:45:34.218] WARNING - Duplicate atom key "gridSpacing". This is a FATAL ERROR in
      production. But it is safe to ignore this warning if it occurred because of
      hot module replacement.
[2025-09-24 08:45:34.219] WARNING - Duplicate atom key "gridSpacing". This is a FATAL ERROR in
      production. But it is safe to ignore this warning if it occurred because of
      hot module replacement.
[2025-09-24 08:45:34.220] WARNING - Duplicate atom key "login". This is a FATAL ERROR in
      production. But it is safe to ignore this warning if it occurred because of
      hot module replacement.
[2025-09-24 08:45:34.221] WARNING - Duplicate atom key "login". This is a FATAL ERROR in
      production. But it is safe to ignore this warning if it occurred because of
      hot module replacement.
[2025-09-24 08:45:34.222] WARNING - Duplicate atom key "error". This is a FATAL ERROR in
      production. But it is safe to ignore this warning if it occurred because of
      hot module replacement.
[2025-09-24 08:45:34.223] WARNING - Duplicate atom key "error". This is a FATAL ERROR in
      production. But it is safe to ignore this warning if it occurred because of
      hot module replacement.
[2025-09-24 08:45:34.223] WARNING - Duplicate atom key "contactInfos2". This is a FATAL ERROR in
      production. But it is safe to ignore this warning if it occurred because of
      hot module replacement.
[2025-09-24 08:45:34.223] WARNING - Duplicate atom key "contactInfos2". This is a FATAL ERROR in
      production. But it is safe to ignore this warning if it occurred because of
      hot module replacement.
[2025-09-24 08:45:34.223] WARNING - Duplicate atom key "individualApplicantsTimestamp". This is a FATAL ERROR in
      production. But it is safe to ignore this warning if it occurred because of
      hot module replacement.
[2025-09-24 08:45:34.223] WARNING - Duplicate atom key "individualApplicantsTimestamp". This is a FATAL ERROR in
      production. But it is safe to ignore this warning if it occurred because of
      hot module replacement.
[2025-09-24 08:45:34.224] WARNING - Duplicate atom key "customerApplication". This is a FATAL ERROR in
      production. But it is safe to ignore this warning if it occurred because of
      hot module replacement.
[2025-09-24 08:45:34.224] WARNING - Duplicate atom key "customerApplication". This is a FATAL ERROR in
      production. But it is safe to ignore this warning if it occurred because of
      hot module replacement.
[2025-09-24 08:45:34.224] WARNING - Duplicate atom key "individualApplicants". This is a FATAL ERROR in
      production. But it is safe to ignore this warning if it occurred because of
      hot module replacement.
[2025-09-24 08:45:34.224] WARNING - Duplicate atom key "individualApplicants". This is a FATAL ERROR in
      production. But it is safe to ignore this warning if it occurred because of
      hot module replacement.
[2025-09-24 08:45:34.224] WARNING - Duplicate atom key "clearingHouses". This is a FATAL ERROR in
      production. But it is safe to ignore this warning if it occurred because of
      hot module replacement.
[2025-09-24 08:45:34.224] WARNING - Duplicate atom key "clearingHouses". This is a FATAL ERROR in
      production. But it is safe to ignore this warning if it occurred because of
      hot module replacement.
[2025-09-24 08:45:34.224] WARNING - Duplicate atom key "clearXClearingHouse". This is a FATAL ERROR in
      production. But it is safe to ignore this warning if it occurred because of
      hot module replacement.
[2025-09-24 08:45:34.224] WARNING - Duplicate atom key "clearXClearingHouse". This is a FATAL ERROR in
      production. But it is safe to ignore this warning if it occurred because of
      hot module replacement.
[2025-09-24 08:45:34.225] WARNING - Duplicate atom key "applicationClearingHouse". This is a FATAL ERROR in
      production. But it is safe to ignore this warning if it occurred because of
      hot module replacement.
[2025-09-24 08:45:34.225] WARNING - Duplicate atom key "applicationClearingHouse". This is a FATAL ERROR in
      production. But it is safe to ignore this warning if it occurred because of
      hot module replacement.
[2025-09-24 08:45:34.225] WARNING - Duplicate atom key "userLocation". This is a FATAL ERROR in
      production. But it is safe to ignore this warning if it occurred because of
      hot module replacement.
[2025-09-24 08:45:34.225] WARNING - Duplicate atom key "userLocation". This is a FATAL ERROR in
      production. But it is safe to ignore this warning if it occurred because of
      hot module replacement.
[2025-09-24 08:45:34.225] WARNING - Duplicate atom key "savedApplicationsTimestamp". This is a FATAL ERROR in
      production. But it is safe to ignore this warning if it occurred because of
      hot module replacement.
[2025-09-24 08:45:34.225] WARNING - Duplicate atom key "savedApplicationsTimestamp". This is a FATAL ERROR in
      production. But it is safe to ignore this warning if it occurred because of
      hot module replacement.
[2025-09-24 08:45:34.225] WARNING - Duplicate atom key "savedApplications". This is a FATAL ERROR in
      production. But it is safe to ignore this warning if it occurred because of
      hot module replacement.
[2025-09-24 08:45:34.225] WARNING - Duplicate atom key "savedApplications". This is a FATAL ERROR in
      production. But it is safe to ignore this warning if it occurred because of
      hot module replacement.
[2025-09-24 08:45:34.226] WARNING - Duplicate atom key "step". This is a FATAL ERROR in
      production. But it is safe to ignore this warning if it occurred because of
      hot module replacement.
[2025-09-24 08:45:34.226] WARNING - Duplicate atom key "step". This is a FATAL ERROR in
      production. But it is safe to ignore this warning if it occurred because of
      hot module replacement.
[2025-09-24 08:45:34.226] WARNING - Duplicate atom key "checkStates". This is a FATAL ERROR in
      production. But it is safe to ignore this warning if it occurred because of
      hot module replacement.
[2025-09-24 08:45:34.226] WARNING - Duplicate atom key "checkStates". This is a FATAL ERROR in
      production. But it is safe to ignore this warning if it occurred because of
      hot module replacement.
[2025-09-24 08:45:34.226] WARNING - Duplicate atom key "signStates". This is a FATAL ERROR in
      production. But it is safe to ignore this warning if it occurred because of
      hot module replacement.
[2025-09-24 08:45:34.226] WARNING - Duplicate atom key "signStates". This is a FATAL ERROR in
      production. But it is safe to ignore this warning if it occurred because of
      hot module replacement.
[2025-09-24 08:45:34.226] WARNING - Duplicate atom key "wizard". This is a FATAL ERROR in
      production. But it is safe to ignore this warning if it occurred because of
      hot module replacement.
[2025-09-24 08:45:34.226] WARNING - Duplicate atom key "wizard". This is a FATAL ERROR in
      production. But it is safe to ignore this warning if it occurred because of
      hot module replacement.
[2025-09-24 08:45:34.227] WARNING - Duplicate atom key "formBuilder". This is a FATAL ERROR in
      production. But it is safe to ignore this warning if it occurred because of
      hot module replacement.
[2025-09-24 08:45:34.227] WARNING - Duplicate atom key "formBuilder". This is a FATAL ERROR in
      production. But it is safe to ignore this warning if it occurred because of
      hot module replacement.
[2025-09-24 08:45:34.227] WARNING - Duplicate atom key "headerSlot". This is a FATAL ERROR in
      production. But it is safe to ignore this warning if it occurred because of
      hot module replacement.
[2025-09-24 08:45:34.227] WARNING - Duplicate atom key "headerSlot". This is a FATAL ERROR in
      production. But it is safe to ignore this warning if it occurred because of
      hot module replacement.
[2025-09-24 08:45:34.227] WARNING - Duplicate atom key "footerSlot". This is a FATAL ERROR in
      production. But it is safe to ignore this warning if it occurred because of
      hot module replacement.
[2025-09-24 08:45:34.227] WARNING - Duplicate atom key "footerSlot". This is a FATAL ERROR in
      production. But it is safe to ignore this warning if it occurred because of
      hot module replacement.
[2025-09-24 08:45:34.228] WARNING - Duplicate atom key "alloyJourneyToken". This is a FATAL ERROR in
      production. But it is safe to ignore this warning if it occurred because of
      hot module replacement.
[2025-09-24 08:45:34.228] WARNING - Duplicate atom key "alloyJourneyToken". This is a FATAL ERROR in
      production. But it is safe to ignore this warning if it occurred because of
      hot module replacement.
[2025-09-24 08:45:34.228] DEBUG - [bugsnag] Loaded!
[2025-09-24 08:45:34.228] DEBUG - [bugsnag] Loaded!
[2025-09-24 08:45:34.228] INFO - Version 3.250919.0 prod production 
[2025-09-24 08:45:34.228] INFO - Version 3.250919.0 prod production 
[2025-09-24 08:45:34.228] INFO - Time: Wed Sep 24 2025 08:45:34 GMT-0500 (Central Daylight Time)
[2025-09-24 08:45:34.229] INFO - Time:
[2025-09-24 08:45:34.260] LOG - 13:45:34.258Z Try to restore session
[2025-09-24 08:45:34.261] LOG - 13:45:34.258Z Try to restore session
[2025-09-24 08:45:34.261] LOG - 13:45:34.259Z Access token will be renewed in 75 minutes; expired: Wed Sep 24 2025 10:05:33 GMT-0500 (Central Daylight Time), now: Wed Sep 24 2025 08:45:34 GMT-0500 (Central Daylight Time)
[2025-09-24 08:45:34.262] LOG - 13:45:34.259Z Access token will be renewed in 75 minutes; expired: Wed Sep 24 2025 10:05:33 GMT-0500 (Central Daylight Time), now: Wed Sep 24 2025 08:45:34 GMT-0500 (Central Daylight Time)
[2025-09-24 08:45:34.272] WARNING - 13:45:34.270Z [LaunchDarkly] The waitForInitialization function was called without a timeout specified. In a future version a default timeout will be applied.
[2025-09-24 08:45:34.272] WARNING - 13:45:34.270Z [LaunchDarkly] The waitForInitialization function was called without a timeout specified. In a future version a default timeout will be applied.
[2025-09-24 08:45:34.277] INFO - 13:45:34.276Z chart cache state: islands=1, bars=406
[2025-09-24 08:45:34.278] INFO - 13:45:34.276Z chart cache state: islands=1, bars=406
[2025-09-24 08:45:34.278] INFO - 13:45:34.277Z Chart history database initialized
[2025-09-24 08:45:34.278] INFO - 13:45:34.277Z Chart history database initialized
[2025-09-24 08:45:34.289] INFO - 13:45:34.287Z [LaunchDarkly] LaunchDarkly client initialized
[2025-09-24 08:45:34.290] INFO - 13:45:34.287Z [LaunchDarkly] LaunchDarkly client initialized
[2025-09-24 08:45:34.290] INFO - 13:45:34.287Z [LaunchDarkly] Opening stream connection to https://clientstream.launchdarkly.com/eval/66cdf5b9cf61891061b4e437/eyJraW5kIjoidXNlciIsImtleSI6InVua25vd24iLCJhbm9ueW1vdXMiOmZhbHNlfQ
[2025-09-24 08:45:34.290] INFO - 13:45:34.287Z [LaunchDarkly] Opening stream connection to https://clientstream.launchdarkly.com/eval/66cdf5b9cf61891061b4e437/eyJraW5kIjoidXNlciIsImtleSI6InVua25vd24iLCJhbm9ueW1vdXMiOmZhbHNlfQ
[2025-09-24 08:45:34.755] INFO - 13:45:34.753Z [LaunchDarkly] Closing stream connection
[2025-09-24 08:45:34.755] INFO - 13:45:34.753Z [LaunchDarkly] Closing stream connection
[2025-09-24 08:45:34.756] INFO - 13:45:34.753Z [LaunchDarkly] Opening stream connection to https://clientstream.launchdarkly.com/eval/66cdf5b9cf61891061b4e437/eyJraW5kIjoidXNlciIsImtleSI6IjQ2NTYwMjciLCJkZXZpY2UiOiJkZXNrdG9wIiwidXNlcklkIjo0NjU2MDI3LCJpcENvdW50cnkiOiIiLCJvcmdOYW1lIjoiVERWIiwibmFtZSI6IlplbmV4MzI5OCIsImxhbmRpbmdQYXJhbXMiOiIifQ
[2025-09-24 08:45:34.756] INFO - 13:45:34.753Z [LaunchDarkly] Opening stream connection to https://clientstream.launchdarkly.com/eval/66cdf5b9cf61891061b4e437/eyJraW5kIjoidXNlciIsImtleSI6IjQ2NTYwMjciLCJkZXZpY2UiOiJkZXNrdG9wIiwidXNlcklkIjo0NjU2MDI3LCJpcENvdW50cnkiOiIiLCJvcmdOYW1lIjoiVERWIiwibmFtZSI6IlplbmV4MzI5OCIsImxhbmRpbmdQYXJhbXMiOiIifQ
[2025-09-24 08:45:34.880] LOG - 13:45:34.876Z opening https://demo.tradovateapi.com/
[2025-09-24 08:45:34.880] LOG - 13:45:34.876Z opening https://demo.tradovateapi.com/
[2025-09-24 08:45:34.884] LOG - 13:45:34.884Z Hotkeys initialized {"Shift+Digit1":["orders/selectColumns"],"Shift+Digit2":["orders/showFilters"],"Shift+Digit3":["orders/standardTableView"],"Shift+Digit4":["orders/linkedOrdersView"],"Command+Shift+Digit0":["dom-chart/exit-and-cancel"]}
[2025-09-24 08:45:34.885] LOG - 13:45:34.884Z Hotkeys initialized {"Shift+Digit1":["orders/selectColumns"],"Shift+Digit2":["orders/showFilters"],"Shift+Digit3":["orders/standardTableView"],"Shift+Digit4":["orders/linkedOrdersView"],"Command+Shift+Digit0":["dom-chart/exit-and-cancel"]}
[2025-09-24 08:45:34.950] LOG - 13:45:34.949Z websocket opened
[2025-09-24 08:45:34.950] LOG - 13:45:34.949Z websocket opened
[2025-09-24 08:45:35.042] LOG - 13:45:35.011Z opening https://md-demo.tradovateapi.com/
[2025-09-24 08:45:35.054] LOG - 13:45:35.011Z opening https://md-demo.tradovateapi.com/
[2025-09-24 08:45:35.054] LOG - 13:45:35.013Z Connection:  open
[2025-09-24 08:45:35.054] LOG - 13:45:35.013Z Connection:  open
[2025-09-24 08:45:35.995] LOG - 13:45:35.994Z WebGL:  {"isWebGL2":true,"precision":"highp","logarithmicDepthBuffer":false,"maxTextures":16,"maxVertexTextures":16,"maxTextureSize":16384,"maxCubemapSize":16384,"maxAttributes":16,"maxVertexUniforms":1024,"maxVaryings":30,"maxFragmentUniforms":1024,"vertexTextures":true,"floatFragmentTextures":true,"floatVertexTextures":true,"maxSamples":8} , devicePixelRatio:  2
[2025-09-24 08:45:36.001] LOG - 13:45:35.995Z Canvas size: 501 897 dpp:  2
[2025-09-24 08:45:36.004] LOG - 13:45:36.003Z Loading App-level Plugins
[2025-09-24 08:45:36.005] LOG - 13:45:36.003Z Loading App-level Plugins
[2025-09-24 08:45:36.016] LOG - 13:45:36.015Z WebGL:  {"isWebGL2":true,"precision":"highp","logarithmicDepthBuffer":false,"maxTextures":16,"maxVertexTextures":16,"maxTextureSize":16384,"maxCubemapSize":16384,"maxAttributes":16,"maxVertexUniforms":1024,"maxVaryings":30,"maxFragmentUniforms":1024,"vertexTextures":true,"floatFragmentTextures":true,"floatVertexTextures":true,"maxSamples":8} , devicePixelRatio:  2
[2025-09-24 08:45:36.022] LOG - 13:45:36.015Z Canvas size: 501 897 dpp:  2
[2025-09-24 08:45:36.113] LOG - 13:45:36.077Z websocket opened
[2025-09-24 08:45:36.114] LOG - 13:45:36.077Z websocket opened
[2025-09-24 08:45:39.010] ERROR - 13:45:39.009Z Cannot execute indicator http call Error: Response timeout of 3000ms exceeded [object Object]
[2025-09-24 08:45:39.011] ERROR - 13:45:39.009Z Cannot execute indicator http call
[2025-09-24 08:45:39.107] LOG - 13:45:39.105Z updating the shared isolation
[2025-09-24 08:45:39.107] LOG - 13:45:39.105Z updating the shared isolation
[2025-09-24 08:45:39.113] ERROR - 13:45:39.109Z Cannot execute indicator http call Error: Response timeout of 3000ms exceeded [object Object]
[2025-09-24 08:45:39.113] ERROR - 13:45:39.109Z Cannot execute indicator http call
[2025-09-24 08:45:39.120] ERROR - 13:45:39.118Z Cannot execute indicator http call Error: Response timeout of 3000ms exceeded [object Object]
[2025-09-24 08:45:39.120] ERROR - 13:45:39.118Z Cannot execute indicator http call
[2025-09-24 08:45:39.131] ERROR - 13:45:39.129Z Cannot execute indicator http call Error: Response timeout of 3000ms exceeded [object Object]
[2025-09-24 08:45:39.132] ERROR - 13:45:39.129Z Cannot execute indicator http call
[2025-09-24 08:45:39.132] LOG - 13:45:39.130Z loadAppLevelPlugins:  [object Object]
[2025-09-24 08:45:39.133] LOG - 13:45:39.130Z loadAppLevelPlugins: 
[2025-09-24 08:45:39.133] ERROR - 13:45:39.130Z Cannot execute indicator http call Error: Response timeout of 3000ms exceeded [object Object]
[2025-09-24 08:45:39.133] ERROR - 13:45:39.130Z Cannot execute indicator http call
[2025-09-24 08:45:42.124] ERROR - 13:45:42.119Z Cannot execute indicator http call Error: Response timeout of 3000ms exceeded [object Object]
[2025-09-24 08:45:42.126] ERROR - 13:45:42.119Z Cannot execute indicator http call
[2025-09-24 08:45:43.645] LOG - 13:45:43.634Z created chart 1
[2025-09-24 08:45:44.972] LOG - 13:45:44.966Z requestChart: {"symbol":"3267312","chartDescription":{"underlyingType":"Tick","elementSize":5000,"elementSizeUnit":"UnderlyingUnits","withHistogram":false},"timeRange":{"asMuchAsElements":300}}
[2025-09-24 08:45:44.973] LOG - 13:45:44.966Z requestChart: {"symbol":"3267312","chartDescription":{"underlyingType":"Tick","elementSize":5000,"elementSizeUnit":"UnderlyingUnits","withHistogram":false},"timeRange":{"asMuchAsElements":300}}
[2025-09-24 08:45:44.973] LOG - 13:45:44.966Z mdMgApi open
[2025-09-24 08:45:44.973] LOG - 13:45:44.966Z mdMgApi open
[2025-09-24 08:45:45.430] ERROR - 13:45:45.426Z Cannot execute indicator http call Error: Response timeout of 3000ms exceeded [object Object]
[2025-09-24 08:45:45.430] ERROR - 13:45:45.426Z Cannot execute indicator http call
[2025-09-24 08:45:46.628] ERROR - 13:45:46.626Z Cannot execute indicator http call Error: Response timeout of 3000ms exceeded [object Object]
[2025-09-24 08:45:46.629] ERROR - 13:45:46.626Z Cannot execute indicator http call
[2025-09-24 08:45:49.835] ERROR - 13:45:49.833Z Cannot execute indicator http call Error: Response timeout of 5000ms exceeded [object Object]
[2025-09-24 08:45:49.835] ERROR - 13:45:49.833Z Cannot execute indicator http call
[2025-09-24 08:46:34.292] INFO - 13:46:34.290Z time stats. avg diff: -50, min: -50, max: -50, roundtrip: 22 msec, #1
[2025-09-24 08:46:34.292] INFO - 13:46:34.290Z time stats. avg diff: -50, min: -50, max: -50, roundtrip: 22 msec, #1
[2025-09-24 08:47:36.028] LOG - 13:47:36.027Z WebGL:  {"geometries":64,"textures":1} 6 , devicePixelRatio:  2
[2025-09-24 08:49:35.863] INFO - 13:49:35.861Z visibilitychange: hidden, gd: 1000
[2025-09-24 08:49:35.865] INFO - 13:49:35.861Z visibilitychange: hidden, gd: 1000
