[2025-09-27 13:16:26.633] LOG - 18:16:26.631Z Starting login process for: stonkz92224@gmail.com
[2025-09-27 13:16:26.634] LOG - 18:16:26.631Z Starting login process for: stonkz92224@gmail.com
[2025-09-27 13:16:26.635] LOG - 18:16:26.632Z Auto login function executing for: stonkz92224@gmail.com
[2025-09-27 13:16:26.636] LOG - 18:16:26.632Z Auto login function executing for: stonkz92224@gmail.com
[2025-09-27 13:16:26.636] LOG - 18:16:26.632Z Login form found, filling credentials...
[2025-09-27 13:16:26.637] LOG - 18:16:26.632Z Login form found, filling credentials...
[2025-09-27 13:16:26.835] LOG - 18:16:26.668Z Test element added to DOM
[2025-09-27 13:16:26.835] LOG - 18:16:26.668Z Test element added to DOM
[2025-09-27 13:16:26.860] LOG - 18:16:26.851Z All browser alerts and confirmations have been disabled
[2025-09-27 13:16:26.861] LOG - 18:16:26.851Z All browser alerts and confirmations have been disabled
[2025-09-27 13:16:27.150] LOG - 18:16:27.148Z Clicking login button...
[2025-09-27 13:16:27.151] LOG - 18:16:27.148Z Clicking login button...
[2025-09-27 13:16:27.159] LOG - 18:16:27.156Z authentication starting
[2025-09-27 13:16:27.161] LOG - 18:16:27.156Z authentication starting
[2025-09-27 13:16:27.718] warning - The AudioContext was not allowed to start. It must be resumed (or created) after a user gesture on the page. https://developer.chrome.com/blog/autoplay/#web_audio
[2025-09-27 13:16:27.721] LOG - 18:16:27.699Z Watching for account selection page...
[2025-09-27 13:16:27.722] LOG - 18:16:27.699Z Watching for account selection page...
[2025-09-27 13:16:27.991] LOG - 18:16:27.987Z Access token will be renewed in 75 minutes; expired: Sat Sep 27 2025 14:36:28 GMT-0500 (Central Daylight Time), now: Sat Sep 27 2025 13:16:27 GMT-0500 (Central Daylight Time)
[2025-09-27 13:16:28.023] LOG - 18:16:27.987Z Access token will be renewed in 75 minutes; expired: Sat Sep 27 2025 14:36:28 GMT-0500 (Central Daylight Time), now: Sat Sep 27 2025 13:16:27 GMT-0500 (Central Daylight Time)
[2025-09-27 13:16:28.339] INFO - 18:16:28.327Z [LaunchDarkly] Closing stream connection
[2025-09-27 13:16:28.346] INFO - 18:16:28.327Z [LaunchDarkly] Closing stream connection
[2025-09-27 13:16:28.349] INFO - 18:16:28.328Z [LaunchDarkly] Opening stream connection to https://clientstream.launchdarkly.com/eval/66cdf5b9cf61891061b4e437/eyJraW5kIjoidXNlciIsImtleSI6IjM2NTUwNTkiLCJkZXZpY2UiOiJkZXNrdG9wIiwidXNlcklkIjozNjU1MDU5LCJpcENvdW50cnkiOiJVUyIsIm9yZ05hbWUiOiJURFYiLCJuYW1lIjoiU3Rvbmt6OTIyMjQiLCJsYW5kaW5nUGFyYW1zIjoiIn0
[2025-09-27 13:16:28.351] INFO - 18:16:28.328Z [LaunchDarkly] Opening stream connection to https://clientstream.launchdarkly.com/eval/66cdf5b9cf61891061b4e437/eyJraW5kIjoidXNlciIsImtleSI6IjM2NTUwNTkiLCJkZXZpY2UiOiJkZXNrdG9wIiwidXNlcklkIjozNjU1MDU5LCJpcENvdW50cnkiOiJVUyIsIm9yZ05hbWUiOiJURFYiLCJuYW1lIjoiU3Rvbmt6OTIyMjQiLCJsYW5kaW5nUGFyYW1zIjoiIn0
[2025-09-27 13:16:28.380] INFO - 18:16:28.374Z [LaunchDarkly] Closing stream connection
[2025-09-27 13:16:28.380] INFO - 18:16:28.374Z [LaunchDarkly] Closing stream connection
[2025-09-27 13:16:28.381] INFO - 18:16:28.375Z [LaunchDarkly] Opening stream connection to https://clientstream.launchdarkly.com/eval/66cdf5b9cf61891061b4e437/eyJraW5kIjoidXNlciIsImtleSI6IjM2NTUwNTkiLCJkZXZpY2UiOiJkZXNrdG9wIiwidXNlcklkIjozNjU1MDU5LCJpcENvdW50cnkiOiJVUyIsIm9yZ05hbWUiOiJURFYiLCJuYW1lIjoiU3Rvbmt6OTIyMjQiLCJsYW5kaW5nUGFyYW1zIjoiIn0
[2025-09-27 13:16:28.381] INFO - 18:16:28.375Z [LaunchDarkly] Opening stream connection to https://clientstream.launchdarkly.com/eval/66cdf5b9cf61891061b4e437/eyJraW5kIjoidXNlciIsImtleSI6IjM2NTUwNTkiLCJkZXZpY2UiOiJkZXNrdG9wIiwidXNlcklkIjozNjU1MDU5LCJpcENvdW50cnkiOiJVUyIsIm9yZ05hbWUiOiJURFYiLCJuYW1lIjoiU3Rvbmt6OTIyMjQiLCJsYW5kaW5nUGFyYW1zIjoiIn0
[2025-09-27 13:16:28.449] INFO - 18:16:28.446Z [LaunchDarkly] Closing stream connection
[2025-09-27 13:16:28.452] INFO - 18:16:28.446Z [LaunchDarkly] Closing stream connection
[2025-09-27 13:16:28.457] INFO - 18:16:28.446Z [LaunchDarkly] Opening stream connection to https://clientstream.launchdarkly.com/eval/66cdf5b9cf61891061b4e437/eyJraW5kIjoidXNlciIsImtleSI6IjM2NTUwNTkiLCJkZXZpY2UiOiJkZXNrdG9wIiwidXNlcklkIjozNjU1MDU5LCJpcENvdW50cnkiOiJVUyIsIm9yZ05hbWUiOiJURFYiLCJuYW1lIjoiU3Rvbmt6OTIyMjQiLCJsYW5kaW5nUGFyYW1zIjoiIn0
[2025-09-27 13:16:28.459] INFO - 18:16:28.446Z [LaunchDarkly] Opening stream connection to https://clientstream.launchdarkly.com/eval/66cdf5b9cf61891061b4e437/eyJraW5kIjoidXNlciIsImtleSI6IjM2NTUwNTkiLCJkZXZpY2UiOiJkZXNrdG9wIiwidXNlcklkIjozNjU1MDU5LCJpcENvdW50cnkiOiJVUyIsIm9yZ05hbWUiOiJURFYiLCJuYW1lIjoiU3Rvbmt6OTIyMjQiLCJsYW5kaW5nUGFyYW1zIjoiIn0
[2025-09-27 13:16:29.702] LOG - 18:16:29.701Z Account selection page detected, clicking button...
[2025-09-27 13:16:29.702] LOG - 18:16:29.701Z Account selection page detected, clicking button...
[2025-09-27 13:16:29.845] LOG - 18:16:29.812Z Access token will be renewed in 75 minutes; expired: Sat Sep 27 2025 14:36:28 GMT-0500 (Central Daylight Time), now: Sat Sep 27 2025 13:16:29 GMT-0500 (Central Daylight Time)
[2025-09-27 13:16:29.847] LOG - 18:16:29.812Z Access token will be renewed in 75 minutes; expired: Sat Sep 27 2025 14:36:28 GMT-0500 (Central Daylight Time), now: Sat Sep 27 2025 13:16:29 GMT-0500 (Central Daylight Time)
[2025-09-27 13:16:29.913] error - Refused to connect to 'https://bat.bing.com/actionp/0?ti=26330043&Ver=2&mid=c8fa4f1b-707a-4eff-bcd1-0e6228af756b&bo=2&sid=a82ace0097af11f0b51d4179c6f235dd&vid=99c3288092fe11f0bc7275adc39e6add&vids=0&msclkid=N&evt=pageHide' because it violates the following Content Security Policy directive: "connect-src wss://*.tradovate.com https://*.tradovate.com https://*.ntinnolab.com https://*.devel.ninjatrader.dev https://*.staging.ninjatrader.dev https://*.uat.ninjatrader.dev wss://*.ntinnolab.com wss://*.devel.ninjatrader.dev wss://*.staging.ninjatrader.dev wss://*.uat.ninjatrader.dev wss://*.tradovateapi.com https://*.tradovateapi.com https://*.ninjatrader.com https://cdn.walkme.com https://ec.walkme.com https://sessions.bugsnag.com https://notify.bugsnag.com https://*.plaid.com https://*.yodlee.com https://tradovate.zendesk.com https://rollout.ada.support https://static.ada.support https://ninjatrader.ada.support https://tradovate.ada.support https://ninjatrader-eap.ada.support/ https://demo-ninjatrader-gr.ada.support/ https://tradovate-gen.ada.support/ https://api.stripe.com https://apiproxy.ninjatrader.com https://apiproxy-d.ninjatrader.com https://us-autocomplete-pro.api.smartystreets.com https://international-autocomplete.api.smarty.com https://maps.googleapis.com https://accounts.google.com/ https://www.google.com https://www.googletagmanager.com/ https://*.browser-intake-datadoghq.com https://scripts.neuro-id.com https://receiver.neuroid.cloud https://logs.neuro-id.com https://firebaseinstallations.googleapis.com/ https://firebaseremoteconfig.googleapis.com/ https://logx.optimizely.com https://*.optimizely.com wss://mpsnare.iesnare.com wss://ci-mpsnare.iovation.com https://*.iovation.com/ https://*.reddit.com  https://www.redditstatic.com https://*.taboola.com https://*.launchdarkly.com https://*.alloy.co https://*.maze.co https://www.google-analytics.com https://analytics.google.com https://www.googletagmanager.com/ https://api.hubapi.com https://forms.hubspot.com https://stats.g.doubleclick.net https://alb.reddit.com https://analytics.twitter.com https://heapanalytics.com https://*.auryc.com https://*.contentsquare.net https://siteintercept.qualtrics.com https://api.userway.org/".

[2025-09-27 13:16:29.914] INFO - 18:16:29.913Z visibilitychange: hidden, gd: 1000
[2025-09-27 13:16:29.915] INFO - 18:16:29.913Z visibilitychange: hidden, gd: 1000
[2025-09-27 13:16:29.919] WARNING - 18:16:29.914Z [LaunchDarkly] Error on stream connection: {"isTrusted":true}, will continue retrying after 944 milliseconds.
[2025-09-27 13:16:29.921] WARNING - 18:16:29.914Z [LaunchDarkly] Error on stream connection: {"isTrusted":true}, will continue retrying after 944 milliseconds.
[2025-09-27 13:16:29.921] INFO - 18:16:29.915Z [LaunchDarkly] Closing stream connection
[2025-09-27 13:16:29.921] INFO - 18:16:29.915Z [LaunchDarkly] Closing stream connection
[2025-09-27 13:16:30.094] WARNING - Duplicate atom key "locale". This is a FATAL ERROR in
      production. But it is safe to ignore this warning if it occurred because of
      hot module replacement.
[2025-09-27 13:16:30.095] WARNING - Duplicate atom key "locale". This is a FATAL ERROR in
      production. But it is safe to ignore this warning if it occurred because of
      hot module replacement.
[2025-09-27 13:16:30.095] WARNING - Duplicate atom key "muiTheme". This is a FATAL ERROR in
      production. But it is safe to ignore this warning if it occurred because of
      hot module replacement.
[2025-09-27 13:16:30.096] WARNING - Duplicate atom key "muiTheme". This is a FATAL ERROR in
      production. But it is safe to ignore this warning if it occurred because of
      hot module replacement.
[2025-09-27 13:16:30.097] WARNING - Duplicate atom key "appLinksFooter". This is a FATAL ERROR in
      production. But it is safe to ignore this warning if it occurred because of
      hot module replacement.
[2025-09-27 13:16:30.097] WARNING - Duplicate atom key "appLinksFooter". This is a FATAL ERROR in
      production. But it is safe to ignore this warning if it occurred because of
      hot module replacement.
[2025-09-27 13:16:30.098] WARNING - Duplicate atom key "currentUserId2". This is a FATAL ERROR in
      production. But it is safe to ignore this warning if it occurred because of
      hot module replacement.
[2025-09-27 13:16:30.099] WARNING - Duplicate atom key "currentUserId2". This is a FATAL ERROR in
      production. But it is safe to ignore this warning if it occurred because of
      hot module replacement.
[2025-09-27 13:16:30.099] WARNING - Duplicate atom key "onboardingInProgress". This is a FATAL ERROR in
      production. But it is safe to ignore this warning if it occurred because of
      hot module replacement.
[2025-09-27 13:16:30.100] WARNING - Duplicate atom key "onboardingInProgress". This is a FATAL ERROR in
      production. But it is safe to ignore this warning if it occurred because of
      hot module replacement.
[2025-09-27 13:16:30.101] WARNING - Duplicate atom key "editing". This is a FATAL ERROR in
      production. But it is safe to ignore this warning if it occurred because of
      hot module replacement.
[2025-09-27 13:16:30.101] WARNING - Duplicate atom key "editing". This is a FATAL ERROR in
      production. But it is safe to ignore this warning if it occurred because of
      hot module replacement.
[2025-09-27 13:16:30.102] WARNING - Duplicate atom key "infoMessage". This is a FATAL ERROR in
      production. But it is safe to ignore this warning if it occurred because of
      hot module replacement.
[2025-09-27 13:16:30.103] WARNING - Duplicate atom key "infoMessage". This is a FATAL ERROR in
      production. But it is safe to ignore this warning if it occurred because of
      hot module replacement.
[2025-09-27 13:16:30.103] WARNING - Duplicate atom key "browserWarning". This is a FATAL ERROR in
      production. But it is safe to ignore this warning if it occurred because of
      hot module replacement.
[2025-09-27 13:16:30.104] WARNING - Duplicate atom key "browserWarning". This is a FATAL ERROR in
      production. But it is safe to ignore this warning if it occurred because of
      hot module replacement.
[2025-09-27 13:16:30.106] WARNING - Duplicate atom key "clockWarning". This is a FATAL ERROR in
      production. But it is safe to ignore this warning if it occurred because of
      hot module replacement.
[2025-09-27 13:16:30.108] WARNING - Duplicate atom key "clockWarning". This is a FATAL ERROR in
      production. But it is safe to ignore this warning if it occurred because of
      hot module replacement.
[2025-09-27 13:16:30.110] WARNING - Duplicate atom key "breakpoint". This is a FATAL ERROR in
      production. But it is safe to ignore this warning if it occurred because of
      hot module replacement.
[2025-09-27 13:16:30.111] WARNING - Duplicate atom key "breakpoint". This is a FATAL ERROR in
      production. But it is safe to ignore this warning if it occurred because of
      hot module replacement.
[2025-09-27 13:16:30.112] WARNING - Duplicate atom key "inMobileRange". This is a FATAL ERROR in
      production. But it is safe to ignore this warning if it occurred because of
      hot module replacement.
[2025-09-27 13:16:30.112] WARNING - Duplicate atom key "inMobileRange". This is a FATAL ERROR in
      production. But it is safe to ignore this warning if it occurred because of
      hot module replacement.
[2025-09-27 13:16:30.113] WARNING - Duplicate atom key "gridSpacing". This is a FATAL ERROR in
      production. But it is safe to ignore this warning if it occurred because of
      hot module replacement.
[2025-09-27 13:16:30.114] WARNING - Duplicate atom key "gridSpacing". This is a FATAL ERROR in
      production. But it is safe to ignore this warning if it occurred because of
      hot module replacement.
[2025-09-27 13:16:30.115] WARNING - Duplicate atom key "login". This is a FATAL ERROR in
      production. But it is safe to ignore this warning if it occurred because of
      hot module replacement.
[2025-09-27 13:16:30.116] WARNING - Duplicate atom key "login". This is a FATAL ERROR in
      production. But it is safe to ignore this warning if it occurred because of
      hot module replacement.
[2025-09-27 13:16:30.117] WARNING - Duplicate atom key "error". This is a FATAL ERROR in
      production. But it is safe to ignore this warning if it occurred because of
      hot module replacement.
[2025-09-27 13:16:30.118] WARNING - Duplicate atom key "error". This is a FATAL ERROR in
      production. But it is safe to ignore this warning if it occurred because of
      hot module replacement.
[2025-09-27 13:16:30.119] WARNING - Duplicate atom key "contactInfos2". This is a FATAL ERROR in
      production. But it is safe to ignore this warning if it occurred because of
      hot module replacement.
[2025-09-27 13:16:30.119] WARNING - Duplicate atom key "contactInfos2". This is a FATAL ERROR in
      production. But it is safe to ignore this warning if it occurred because of
      hot module replacement.
[2025-09-27 13:16:30.120] WARNING - Duplicate atom key "individualApplicantsTimestamp". This is a FATAL ERROR in
      production. But it is safe to ignore this warning if it occurred because of
      hot module replacement.
[2025-09-27 13:16:30.120] WARNING - Duplicate atom key "individualApplicantsTimestamp". This is a FATAL ERROR in
      production. But it is safe to ignore this warning if it occurred because of
      hot module replacement.
[2025-09-27 13:16:30.121] WARNING - Duplicate atom key "customerApplication". This is a FATAL ERROR in
      production. But it is safe to ignore this warning if it occurred because of
      hot module replacement.
[2025-09-27 13:16:30.122] WARNING - Duplicate atom key "customerApplication". This is a FATAL ERROR in
      production. But it is safe to ignore this warning if it occurred because of
      hot module replacement.
[2025-09-27 13:16:30.122] WARNING - Duplicate atom key "individualApplicants". This is a FATAL ERROR in
      production. But it is safe to ignore this warning if it occurred because of
      hot module replacement.
[2025-09-27 13:16:30.122] WARNING - Duplicate atom key "individualApplicants". This is a FATAL ERROR in
      production. But it is safe to ignore this warning if it occurred because of
      hot module replacement.
[2025-09-27 13:16:30.123] WARNING - Duplicate atom key "clearingHouses". This is a FATAL ERROR in
      production. But it is safe to ignore this warning if it occurred because of
      hot module replacement.
[2025-09-27 13:16:30.123] WARNING - Duplicate atom key "clearingHouses". This is a FATAL ERROR in
      production. But it is safe to ignore this warning if it occurred because of
      hot module replacement.
[2025-09-27 13:16:30.123] WARNING - Duplicate atom key "clearXClearingHouse". This is a FATAL ERROR in
      production. But it is safe to ignore this warning if it occurred because of
      hot module replacement.
[2025-09-27 13:16:30.123] WARNING - Duplicate atom key "clearXClearingHouse". This is a FATAL ERROR in
      production. But it is safe to ignore this warning if it occurred because of
      hot module replacement.
[2025-09-27 13:16:30.123] WARNING - Duplicate atom key "applicationClearingHouse". This is a FATAL ERROR in
      production. But it is safe to ignore this warning if it occurred because of
      hot module replacement.
[2025-09-27 13:16:30.123] WARNING - Duplicate atom key "applicationClearingHouse". This is a FATAL ERROR in
      production. But it is safe to ignore this warning if it occurred because of
      hot module replacement.
[2025-09-27 13:16:30.123] WARNING - Duplicate atom key "userLocation". This is a FATAL ERROR in
      production. But it is safe to ignore this warning if it occurred because of
      hot module replacement.
[2025-09-27 13:16:30.123] WARNING - Duplicate atom key "userLocation". This is a FATAL ERROR in
      production. But it is safe to ignore this warning if it occurred because of
      hot module replacement.
[2025-09-27 13:16:30.123] WARNING - Duplicate atom key "savedApplicationsTimestamp". This is a FATAL ERROR in
      production. But it is safe to ignore this warning if it occurred because of
      hot module replacement.
[2025-09-27 13:16:30.124] WARNING - Duplicate atom key "savedApplicationsTimestamp". This is a FATAL ERROR in
      production. But it is safe to ignore this warning if it occurred because of
      hot module replacement.
[2025-09-27 13:16:30.124] WARNING - Duplicate atom key "savedApplications". This is a FATAL ERROR in
      production. But it is safe to ignore this warning if it occurred because of
      hot module replacement.
[2025-09-27 13:16:30.124] WARNING - Duplicate atom key "savedApplications". This is a FATAL ERROR in
      production. But it is safe to ignore this warning if it occurred because of
      hot module replacement.
[2025-09-27 13:16:30.124] WARNING - Duplicate atom key "step". This is a FATAL ERROR in
      production. But it is safe to ignore this warning if it occurred because of
      hot module replacement.
[2025-09-27 13:16:30.124] WARNING - Duplicate atom key "step". This is a FATAL ERROR in
      production. But it is safe to ignore this warning if it occurred because of
      hot module replacement.
[2025-09-27 13:16:30.124] WARNING - Duplicate atom key "checkStates". This is a FATAL ERROR in
      production. But it is safe to ignore this warning if it occurred because of
      hot module replacement.
[2025-09-27 13:16:30.124] WARNING - Duplicate atom key "checkStates". This is a FATAL ERROR in
      production. But it is safe to ignore this warning if it occurred because of
      hot module replacement.
[2025-09-27 13:16:30.125] WARNING - Duplicate atom key "signStates". This is a FATAL ERROR in
      production. But it is safe to ignore this warning if it occurred because of
      hot module replacement.
[2025-09-27 13:16:30.125] WARNING - Duplicate atom key "signStates". This is a FATAL ERROR in
      production. But it is safe to ignore this warning if it occurred because of
      hot module replacement.
[2025-09-27 13:16:30.125] WARNING - Duplicate atom key "wizard". This is a FATAL ERROR in
      production. But it is safe to ignore this warning if it occurred because of
      hot module replacement.
[2025-09-27 13:16:30.125] WARNING - Duplicate atom key "wizard". This is a FATAL ERROR in
      production. But it is safe to ignore this warning if it occurred because of
      hot module replacement.
[2025-09-27 13:16:30.125] WARNING - Duplicate atom key "formBuilder". This is a FATAL ERROR in
      production. But it is safe to ignore this warning if it occurred because of
      hot module replacement.
[2025-09-27 13:16:30.125] WARNING - Duplicate atom key "formBuilder". This is a FATAL ERROR in
      production. But it is safe to ignore this warning if it occurred because of
      hot module replacement.
[2025-09-27 13:16:30.125] WARNING - Duplicate atom key "headerSlot". This is a FATAL ERROR in
      production. But it is safe to ignore this warning if it occurred because of
      hot module replacement.
[2025-09-27 13:16:30.126] WARNING - Duplicate atom key "headerSlot". This is a FATAL ERROR in
      production. But it is safe to ignore this warning if it occurred because of
      hot module replacement.
[2025-09-27 13:16:30.126] WARNING - Duplicate atom key "footerSlot". This is a FATAL ERROR in
      production. But it is safe to ignore this warning if it occurred because of
      hot module replacement.
[2025-09-27 13:16:30.126] WARNING - Duplicate atom key "footerSlot". This is a FATAL ERROR in
      production. But it is safe to ignore this warning if it occurred because of
      hot module replacement.
[2025-09-27 13:16:30.126] WARNING - Duplicate atom key "alloyJourneyToken". This is a FATAL ERROR in
      production. But it is safe to ignore this warning if it occurred because of
      hot module replacement.
[2025-09-27 13:16:30.126] WARNING - Duplicate atom key "alloyJourneyToken". This is a FATAL ERROR in
      production. But it is safe to ignore this warning if it occurred because of
      hot module replacement.
[2025-09-27 13:16:30.126] DEBUG - [bugsnag] Loaded!
[2025-09-27 13:16:30.126] DEBUG - [bugsnag] Loaded!
[2025-09-27 13:16:30.126] INFO - Version 3.250926.0 prod production 
[2025-09-27 13:16:30.127] INFO - Version 3.250926.0 prod production 
[2025-09-27 13:16:30.127] INFO - Time: Sat Sep 27 2025 13:16:30 GMT-0500 (Central Daylight Time)
[2025-09-27 13:16:30.127] INFO - Time:
[2025-09-27 13:16:30.171] LOG - 18:16:30.169Z Try to restore session
[2025-09-27 13:16:30.172] LOG - 18:16:30.169Z Try to restore session
[2025-09-27 13:16:30.172] LOG - 18:16:30.170Z Access token will be renewed in 75 minutes; expired: Sat Sep 27 2025 14:36:28 GMT-0500 (Central Daylight Time), now: Sat Sep 27 2025 13:16:30 GMT-0500 (Central Daylight Time)
[2025-09-27 13:16:30.172] LOG - 18:16:30.170Z Access token will be renewed in 75 minutes; expired: Sat Sep 27 2025 14:36:28 GMT-0500 (Central Daylight Time), now: Sat Sep 27 2025 13:16:30 GMT-0500 (Central Daylight Time)
[2025-09-27 13:16:30.176] WARNING - 18:16:30.176Z [LaunchDarkly] The waitForInitialization function was called without a timeout specified. In a future version a default timeout will be applied.
[2025-09-27 13:16:30.177] WARNING - 18:16:30.176Z [LaunchDarkly] The waitForInitialization function was called without a timeout specified. In a future version a default timeout will be applied.
[2025-09-27 13:16:30.180] INFO - 18:16:30.178Z chart cache state: islands=5, bars=1196
[2025-09-27 13:16:30.181] INFO - 18:16:30.178Z chart cache state: islands=5, bars=1196
[2025-09-27 13:16:30.181] INFO - 18:16:30.179Z Chart history database initialized
[2025-09-27 13:16:30.181] INFO - 18:16:30.179Z Chart history database initialized
[2025-09-27 13:16:30.191] INFO - 18:16:30.190Z [LaunchDarkly] LaunchDarkly client initialized
[2025-09-27 13:16:30.192] INFO - 18:16:30.190Z [LaunchDarkly] LaunchDarkly client initialized
[2025-09-27 13:16:30.192] INFO - 18:16:30.190Z [LaunchDarkly] Opening stream connection to https://clientstream.launchdarkly.com/eval/66cdf5b9cf61891061b4e437/eyJraW5kIjoidXNlciIsImtleSI6InVua25vd24iLCJhbm9ueW1vdXMiOmZhbHNlfQ
[2025-09-27 13:16:30.192] INFO - 18:16:30.190Z [LaunchDarkly] Opening stream connection to https://clientstream.launchdarkly.com/eval/66cdf5b9cf61891061b4e437/eyJraW5kIjoidXNlciIsImtleSI6InVua25vd24iLCJhbm9ueW1vdXMiOmZhbHNlfQ
[2025-09-27 13:16:30.734] INFO - 18:16:30.733Z [LaunchDarkly] Closing stream connection
[2025-09-27 13:16:30.736] INFO - 18:16:30.733Z [LaunchDarkly] Closing stream connection
[2025-09-27 13:16:30.736] INFO - 18:16:30.733Z [LaunchDarkly] Opening stream connection to https://clientstream.launchdarkly.com/eval/66cdf5b9cf61891061b4e437/eyJraW5kIjoidXNlciIsImtleSI6IjM2NTUwNTkiLCJkZXZpY2UiOiJkZXNrdG9wIiwidXNlcklkIjozNjU1MDU5LCJpcENvdW50cnkiOiIiLCJvcmdOYW1lIjoiVERWIiwibmFtZSI6IlN0b25rejkyMjI0IiwibGFuZGluZ1BhcmFtcyI6IiJ9
[2025-09-27 13:16:30.736] INFO - 18:16:30.733Z [LaunchDarkly] Opening stream connection to https://clientstream.launchdarkly.com/eval/66cdf5b9cf61891061b4e437/eyJraW5kIjoidXNlciIsImtleSI6IjM2NTUwNTkiLCJkZXZpY2UiOiJkZXNrdG9wIiwidXNlcklkIjozNjU1MDU5LCJpcENvdW50cnkiOiIiLCJvcmdOYW1lIjoiVERWIiwibmFtZSI6IlN0b25rejkyMjI0IiwibGFuZGluZ1BhcmFtcyI6IiJ9
[2025-09-27 13:16:30.792] INFO - 18:16:30.790Z [LaunchDarkly] Closing stream connection
[2025-09-27 13:16:30.793] INFO - 18:16:30.790Z [LaunchDarkly] Closing stream connection
[2025-09-27 13:16:30.793] INFO - 18:16:30.790Z [LaunchDarkly] Opening stream connection to https://clientstream.launchdarkly.com/eval/66cdf5b9cf61891061b4e437/eyJraW5kIjoidXNlciIsImtleSI6IjM2NTUwNTkiLCJkZXZpY2UiOiJkZXNrdG9wIiwidXNlcklkIjozNjU1MDU5LCJpcENvdW50cnkiOiJVUyIsIm9yZ05hbWUiOiJURFYiLCJuYW1lIjoiU3Rvbmt6OTIyMjQiLCJsYW5kaW5nUGFyYW1zIjoiIn0
[2025-09-27 13:16:30.793] INFO - 18:16:30.790Z [LaunchDarkly] Opening stream connection to https://clientstream.launchdarkly.com/eval/66cdf5b9cf61891061b4e437/eyJraW5kIjoidXNlciIsImtleSI6IjM2NTUwNTkiLCJkZXZpY2UiOiJkZXNrdG9wIiwidXNlcklkIjozNjU1MDU5LCJpcENvdW50cnkiOiJVUyIsIm9yZ05hbWUiOiJURFYiLCJuYW1lIjoiU3Rvbmt6OTIyMjQiLCJsYW5kaW5nUGFyYW1zIjoiIn0
[2025-09-27 13:16:31.564] LOG - 18:16:31.560Z opening https://demo.tradovateapi.com/
[2025-09-27 13:16:31.564] LOG - 18:16:31.560Z opening https://demo.tradovateapi.com/
[2025-09-27 13:16:31.567] LOG - 18:16:31.566Z Hotkeys initialized {"Shift+Digit1":["orders/selectColumns"],"Shift+Digit2":["orders/showFilters"],"Shift+Digit3":["orders/standardTableView"],"Shift+Digit4":["orders/linkedOrdersView"],"Command+Shift+Digit0":["dom-chart/exit-and-cancel"]}
[2025-09-27 13:16:31.567] LOG - 18:16:31.566Z Hotkeys initialized {"Shift+Digit1":["orders/selectColumns"],"Shift+Digit2":["orders/showFilters"],"Shift+Digit3":["orders/standardTableView"],"Shift+Digit4":["orders/linkedOrdersView"],"Command+Shift+Digit0":["dom-chart/exit-and-cancel"]}
[2025-09-27 13:16:31.633] LOG - 18:16:31.632Z websocket opened
[2025-09-27 13:16:31.633] LOG - 18:16:31.632Z websocket opened
[2025-09-27 13:16:31.735] LOG - 18:16:31.732Z opening https://md-demo.tradovateapi.com/
[2025-09-27 13:16:31.736] LOG - 18:16:31.732Z opening https://md-demo.tradovateapi.com/
[2025-09-27 13:16:31.737] LOG - 18:16:31.734Z Connection:  open
[2025-09-27 13:16:31.737] LOG - 18:16:31.734Z Connection:  open
[2025-09-27 13:16:31.889] LOG - 18:16:31.797Z WebGL:  {"isWebGL2":true,"precision":"highp","logarithmicDepthBuffer":false,"maxTextures":16,"maxVertexTextures":16,"maxTextureSize":16384,"maxCubemapSize":16384,"maxAttributes":16,"maxVertexUniforms":1024,"maxVaryings":30,"maxFragmentUniforms":1024,"vertexTextures":true,"floatFragmentTextures":true,"floatVertexTextures":true,"maxSamples":8} , devicePixelRatio:  2
[2025-09-27 13:16:31.915] LOG - 18:16:31.798Z Canvas size: 1119 991 dpp:  2
[2025-09-27 13:16:31.919] LOG - 18:16:31.818Z Loading App-level Plugins
[2025-09-27 13:16:31.920] LOG - 18:16:31.818Z Loading App-level Plugins
[2025-09-27 13:16:31.920] LOG - 18:16:31.837Z WebGL:  {"isWebGL2":true,"precision":"highp","logarithmicDepthBuffer":false,"maxTextures":16,"maxVertexTextures":16,"maxTextureSize":16384,"maxCubemapSize":16384,"maxAttributes":16,"maxVertexUniforms":1024,"maxVaryings":30,"maxFragmentUniforms":1024,"vertexTextures":true,"floatFragmentTextures":true,"floatVertexTextures":true,"maxSamples":8} , devicePixelRatio:  2
[2025-09-27 13:16:31.922] LOG - 18:16:31.837Z Canvas size: 1119 991 dpp:  2
[2025-09-27 13:16:31.983] LOG - 18:16:31.892Z websocket opened
[2025-09-27 13:16:31.985] LOG - 18:16:31.892Z websocket opened
[2025-09-27 13:16:32.262] LOG - 18:16:32.261Z loadAppLevelPlugins:  [object Object]
[2025-09-27 13:16:32.263] LOG - 18:16:32.261Z loadAppLevelPlugins: 
[2025-09-27 13:16:33.042] LOG - 18:16:33.040Z jailing is in progress
[2025-09-27 13:16:33.042] LOG - 18:16:33.040Z jailing is in progress
[2025-09-27 13:16:33.351] LOG - 18:16:33.330Z created chart 1
[2025-09-27 13:16:33.353] LOG - 18:16:33.336Z created chart 2
[2025-09-27 13:16:33.783] LOG - 18:16:33.764Z requestChart: {"symbol":"3267312","chartDescription":{"underlyingType":"Tick","elementSize":5000,"elementSizeUnit":"UnderlyingUnits","withHistogram":false},"timeRange":{"asMuchAsElements":300}}
[2025-09-27 13:16:33.784] LOG - 18:16:33.764Z requestChart: {"symbol":"3267312","chartDescription":{"underlyingType":"Tick","elementSize":5000,"elementSizeUnit":"UnderlyingUnits","withHistogram":false},"timeRange":{"asMuchAsElements":300}}
[2025-09-27 13:16:33.785] LOG - 18:16:33.765Z mdMgApi open
[2025-09-27 13:16:33.786] LOG - 18:16:33.765Z mdMgApi open
[2025-09-27 13:16:33.786] LOG - 18:16:33.782Z requestChart: {"symbol":"4086418","chartDescription":{"underlyingType":"MinuteBar","elementSize":15,"elementSizeUnit":"UnderlyingUnits","withHistogram":false},"timeRange":{"asMuchAsElements":300}}
[2025-09-27 13:16:33.786] LOG - 18:16:33.782Z requestChart: {"symbol":"4086418","chartDescription":{"underlyingType":"MinuteBar","elementSize":15,"elementSizeUnit":"UnderlyingUnits","withHistogram":false},"timeRange":{"asMuchAsElements":300}}
[2025-09-27 13:16:33.786] LOG - 18:16:33.782Z mdMgApi open
[2025-09-27 13:16:33.786] LOG - 18:16:33.782Z mdMgApi open
[2025-09-27 13:16:33.937] LOG - 18:16:33.935Z pending jailing done. next starts
[2025-09-27 13:16:33.937] LOG - 18:16:33.935Z pending jailing done. next starts
[2025-09-27 13:16:35.036] LOG - 18:16:35.035Z updating the shared isolation
[2025-09-27 13:16:35.036] LOG - 18:16:35.035Z updating the shared isolation
[2025-09-27 13:16:35.478] LOG - 18:16:35.477Z updating the shared isolation
[2025-09-27 13:16:35.478] LOG - 18:16:35.477Z updating the shared isolation
[2025-09-27 13:16:36.736] LOG - 18:16:36.735Z Trade control updates complete: [object Object]
[2025-09-27 13:16:36.736] LOG - 18:16:36.735Z Trade control updates complete:
[2025-09-27 13:16:37.436] LOG - 18:16:37.434Z Trade control updates complete: [object Object]
[2025-09-27 13:16:37.436] LOG - 18:16:37.434Z Trade control updates complete:
[2025-09-27 13:16:43.460] LOG - 18:16:43.459Z Trade control updates complete: [object Object]
[2025-09-27 13:16:43.460] LOG - 18:16:43.459Z Trade control updates complete:
[2025-09-27 13:16:43.609] LOG - 18:16:43.607Z Trade control updates complete: [object Object]
[2025-09-27 13:16:43.609] LOG - 18:16:43.607Z Trade control updates complete:
[2025-09-27 13:16:44.847] LOG - 18:16:44.846Z Trade control updates complete: [object Object]
[2025-09-27 13:16:44.848] LOG - 18:16:44.846Z Trade control updates complete:
[2025-09-27 13:16:49.467] LOG - 18:16:49.466Z Trade control updates complete: [object Object]
[2025-09-27 13:16:49.467] LOG - 18:16:49.466Z Trade control updates complete:
[2025-09-27 13:16:49.598] LOG - 18:16:49.597Z Trade control updates complete: [object Object]
[2025-09-27 13:16:49.598] LOG - 18:16:49.597Z Trade control updates complete:
