[2025-09-27 13:16:26.632] LOG - 18:16:26.630Z Starting login process for: zenex3298@gmail.com
[2025-09-27 13:16:26.633] LOG - 18:16:26.630Z Starting login process for: zenex3298@gmail.com
[2025-09-27 13:16:26.633] LOG - 18:16:26.631Z Auto login function executing for: zenex3298@gmail.com
[2025-09-27 13:16:26.634] LOG - 18:16:26.631Z Auto login function executing for: zenex3298@gmail.com
[2025-09-27 13:16:26.636] LOG - 18:16:26.631Z Login form found, filling credentials...
[2025-09-27 13:16:26.637] LOG - 18:16:26.631Z Login form found, filling credentials...
[2025-09-27 13:16:26.835] LOG - 18:16:26.668Z Test element added to DOM
[2025-09-27 13:16:26.836] LOG - 18:16:26.668Z Test element added to DOM
[2025-09-27 13:16:26.856] LOG - 18:16:26.853Z All browser alerts and confirmations have been disabled
[2025-09-27 13:16:26.857] LOG - 18:16:26.853Z All browser alerts and confirmations have been disabled
[2025-09-27 13:16:26.989] WARNING - 18:16:26.968Z Error in deferred func: TypeError: Cannot read properties of undefined (reading 'querySelector'), function(){d(a),f(function(){d(null)},0);var e=i.apply(this,arguments);return d(null),e} TypeError: Cannot read properties of undefined (reading 'querySelector'),    at <anonymous>:377:98,    at i.__trace__ (https://cdn.tradovate.com/tradovate/scripts/4418.49f1ab77.js:2:4613725),    at https://cdn.tradovate.com/tradovate/scripts/4418.49f1ab77.js:2:3547494
[2025-09-27 13:16:26.990] WARNING - 18:16:26.968Z Error in deferred func: TypeError: Cannot read properties of undefined (reading 'querySelector'), function(){d(a),f(function(){d(null)},0);var e=i.apply(this,arguments);return d(null),e}
[2025-09-27 13:16:26.992] LOG - 18:16:26.985Z Executing initial risk management assessment...
[2025-09-27 13:16:26.993] LOG - 18:16:26.985Z Executing initial risk management assessment...
[2025-09-27 13:16:26.995] ERROR - 18:16:26.985Z getTableData function not found
[2025-09-27 13:16:26.995] ERROR - 18:16:26.985Z getTableData function not found
[2025-09-27 13:16:26.995] ERROR - 18:16:26.986Z updateUserColumnPhaseStatus function not found
[2025-09-27 13:16:26.996] ERROR - 18:16:26.986Z updateUserColumnPhaseStatus function not found
[2025-09-27 13:16:26.996] ERROR - 18:16:26.986Z performAccountActions function not found
[2025-09-27 13:16:26.996] ERROR - 18:16:26.986Z performAccountActions function not found
[2025-09-27 13:16:26.996] LOG - 18:16:26.986Z Risk management assessment completed
[2025-09-27 13:16:26.997] LOG - 18:16:26.986Z Risk management assessment completed
[2025-09-27 13:16:27.150] LOG - 18:16:27.148Z Clicking login button...
[2025-09-27 13:16:27.151] LOG - 18:16:27.148Z Clicking login button...
[2025-09-27 13:16:27.161] LOG - 18:16:27.159Z authentication starting
[2025-09-27 13:16:27.163] LOG - 18:16:27.159Z authentication starting
[2025-09-27 13:16:27.713] warning - The AudioContext was not allowed to start. It must be resumed (or created) after a user gesture on the page. https://developer.chrome.com/blog/autoplay/#web_audio
[2025-09-27 13:16:27.717] LOG - 18:16:27.698Z Watching for account selection page...
[2025-09-27 13:16:27.718] LOG - 18:16:27.698Z Watching for account selection page...
[2025-09-27 13:16:27.991] LOG - 18:16:27.986Z Access token will be renewed in 75 minutes; expired: Sat Sep 27 2025 14:36:28 GMT-0500 (Central Daylight Time), now: Sat Sep 27 2025 13:16:27 GMT-0500 (Central Daylight Time)
[2025-09-27 13:16:27.991] LOG - 18:16:27.986Z Access token will be renewed in 75 minutes; expired: Sat Sep 27 2025 14:36:28 GMT-0500 (Central Daylight Time), now: Sat Sep 27 2025 13:16:27 GMT-0500 (Central Daylight Time)
[2025-09-27 13:16:28.342] INFO - 18:16:28.332Z [LaunchDarkly] Closing stream connection
[2025-09-27 13:16:28.342] INFO - 18:16:28.332Z [LaunchDarkly] Closing stream connection
[2025-09-27 13:16:28.342] INFO - 18:16:28.332Z [LaunchDarkly] Opening stream connection to https://clientstream.launchdarkly.com/eval/66cdf5b9cf61891061b4e437/eyJraW5kIjoidXNlciIsImtleSI6IjQ2NTYwMjciLCJkZXZpY2UiOiJkZXNrdG9wIiwidXNlcklkIjo0NjU2MDI3LCJpcENvdW50cnkiOiJVUyIsIm9yZ05hbWUiOiJURFYiLCJuYW1lIjoiWmVuZXgzMjk4IiwibGFuZGluZ1BhcmFtcyI6IiJ9
[2025-09-27 13:16:28.345] INFO - 18:16:28.332Z [LaunchDarkly] Opening stream connection to https://clientstream.launchdarkly.com/eval/66cdf5b9cf61891061b4e437/eyJraW5kIjoidXNlciIsImtleSI6IjQ2NTYwMjciLCJkZXZpY2UiOiJkZXNrdG9wIiwidXNlcklkIjo0NjU2MDI3LCJpcENvdW50cnkiOiJVUyIsIm9yZ05hbWUiOiJURFYiLCJuYW1lIjoiWmVuZXgzMjk4IiwibGFuZGluZ1BhcmFtcyI6IiJ9
[2025-09-27 13:16:28.449] INFO - 18:16:28.446Z [LaunchDarkly] Closing stream connection
[2025-09-27 13:16:28.449] INFO - 18:16:28.446Z [LaunchDarkly] Closing stream connection
[2025-09-27 13:16:28.453] INFO - 18:16:28.446Z [LaunchDarkly] Opening stream connection to https://clientstream.launchdarkly.com/eval/66cdf5b9cf61891061b4e437/eyJraW5kIjoidXNlciIsImtleSI6IjQ2NTYwMjciLCJkZXZpY2UiOiJkZXNrdG9wIiwidXNlcklkIjo0NjU2MDI3LCJpcENvdW50cnkiOiJVUyIsIm9yZ05hbWUiOiJURFYiLCJuYW1lIjoiWmVuZXgzMjk4IiwibGFuZGluZ1BhcmFtcyI6IiJ9
[2025-09-27 13:16:28.457] INFO - 18:16:28.446Z [LaunchDarkly] Opening stream connection to https://clientstream.launchdarkly.com/eval/66cdf5b9cf61891061b4e437/eyJraW5kIjoidXNlciIsImtleSI6IjQ2NTYwMjciLCJkZXZpY2UiOiJkZXNrdG9wIiwidXNlcklkIjo0NjU2MDI3LCJpcENvdW50cnkiOiJVUyIsIm9yZ05hbWUiOiJURFYiLCJuYW1lIjoiWmVuZXgzMjk4IiwibGFuZGluZ1BhcmFtcyI6IiJ9
[2025-09-27 13:16:28.500] INFO - 18:16:28.498Z [LaunchDarkly] Closing stream connection
[2025-09-27 13:16:28.501] INFO - 18:16:28.498Z [LaunchDarkly] Closing stream connection
[2025-09-27 13:16:28.502] INFO - 18:16:28.498Z [LaunchDarkly] Opening stream connection to https://clientstream.launchdarkly.com/eval/66cdf5b9cf61891061b4e437/eyJraW5kIjoidXNlciIsImtleSI6IjQ2NTYwMjciLCJkZXZpY2UiOiJkZXNrdG9wIiwidXNlcklkIjo0NjU2MDI3LCJpcENvdW50cnkiOiJVUyIsIm9yZ05hbWUiOiJURFYiLCJuYW1lIjoiWmVuZXgzMjk4IiwibGFuZGluZ1BhcmFtcyI6IiJ9
[2025-09-27 13:16:28.502] INFO - 18:16:28.498Z [LaunchDarkly] Opening stream connection to https://clientstream.launchdarkly.com/eval/66cdf5b9cf61891061b4e437/eyJraW5kIjoidXNlciIsImtleSI6IjQ2NTYwMjciLCJkZXZpY2UiOiJkZXNrdG9wIiwidXNlcklkIjo0NjU2MDI3LCJpcENvdW50cnkiOiJVUyIsIm9yZ05hbWUiOiJURFYiLCJuYW1lIjoiWmVuZXgzMjk4IiwibGFuZGluZ1BhcmFtcyI6IiJ9
[2025-09-27 13:16:29.200] LOG - 18:16:29.199Z Account selection page detected, clicking button...
[2025-09-27 13:16:29.201] LOG - 18:16:29.199Z Account selection page detected, clicking button...
[2025-09-27 13:16:29.356] LOG - 18:16:29.331Z Access token will be renewed in 75 minutes; expired: Sat Sep 27 2025 14:36:28 GMT-0500 (Central Daylight Time), now: Sat Sep 27 2025 13:16:29 GMT-0500 (Central Daylight Time)
[2025-09-27 13:16:29.356] LOG - 18:16:29.331Z Access token will be renewed in 75 minutes; expired: Sat Sep 27 2025 14:36:28 GMT-0500 (Central Daylight Time), now: Sat Sep 27 2025 13:16:29 GMT-0500 (Central Daylight Time)
[2025-09-27 13:16:29.417] error - Refused to connect to 'https://bat.bing.com/actionp/0?ti=26330043&Ver=2&mid=5a3504e5-019d-4c49-bdb9-a5fd793b2a9b&bo=2&sid=3660cc809ad411f094ce7fdad7d91748&vid=9abf384092fe11f0b30e9fac449e4642&vids=0&msclkid=N&evt=pageHide' because it violates the following Content Security Policy directive: "connect-src wss://*.tradovate.com https://*.tradovate.com https://*.ntinnolab.com https://*.devel.ninjatrader.dev https://*.staging.ninjatrader.dev https://*.uat.ninjatrader.dev wss://*.ntinnolab.com wss://*.devel.ninjatrader.dev wss://*.staging.ninjatrader.dev wss://*.uat.ninjatrader.dev wss://*.tradovateapi.com https://*.tradovateapi.com https://*.ninjatrader.com https://cdn.walkme.com https://ec.walkme.com https://sessions.bugsnag.com https://notify.bugsnag.com https://*.plaid.com https://*.yodlee.com https://tradovate.zendesk.com https://rollout.ada.support https://static.ada.support https://ninjatrader.ada.support https://tradovate.ada.support https://ninjatrader-eap.ada.support/ https://demo-ninjatrader-gr.ada.support/ https://tradovate-gen.ada.support/ https://api.stripe.com https://apiproxy.ninjatrader.com https://apiproxy-d.ninjatrader.com https://us-autocomplete-pro.api.smartystreets.com https://international-autocomplete.api.smarty.com https://maps.googleapis.com https://accounts.google.com/ https://www.google.com https://www.googletagmanager.com/ https://*.browser-intake-datadoghq.com https://scripts.neuro-id.com https://receiver.neuroid.cloud https://logs.neuro-id.com https://firebaseinstallations.googleapis.com/ https://firebaseremoteconfig.googleapis.com/ https://logx.optimizely.com https://*.optimizely.com wss://mpsnare.iesnare.com wss://ci-mpsnare.iovation.com https://*.iovation.com/ https://*.reddit.com  https://www.redditstatic.com https://*.taboola.com https://*.launchdarkly.com https://*.alloy.co https://*.maze.co https://www.google-analytics.com https://analytics.google.com https://www.googletagmanager.com/ https://api.hubapi.com https://forms.hubspot.com https://stats.g.doubleclick.net https://alb.reddit.com https://analytics.twitter.com https://heapanalytics.com https://*.auryc.com https://*.contentsquare.net https://siteintercept.qualtrics.com https://api.userway.org/".

[2025-09-27 13:16:29.419] INFO - 18:16:29.417Z visibilitychange: hidden, gd: 1000
[2025-09-27 13:16:29.419] INFO - 18:16:29.417Z visibilitychange: hidden, gd: 1000
[2025-09-27 13:16:29.421] WARNING - 18:16:29.418Z [LaunchDarkly] Error on stream connection: {"isTrusted":true}, will continue retrying after 525 milliseconds.
[2025-09-27 13:16:29.422] WARNING - 18:16:29.418Z [LaunchDarkly] Error on stream connection: {"isTrusted":true}, will continue retrying after 525 milliseconds.
[2025-09-27 13:16:29.423] INFO - 18:16:29.418Z [LaunchDarkly] Closing stream connection
[2025-09-27 13:16:29.424] INFO - 18:16:29.418Z [LaunchDarkly] Closing stream connection
[2025-09-27 13:16:29.581] WARNING - Duplicate atom key "locale". This is a FATAL ERROR in
      production. But it is safe to ignore this warning if it occurred because of
      hot module replacement.
[2025-09-27 13:16:29.584] WARNING - Duplicate atom key "locale". This is a FATAL ERROR in
      production. But it is safe to ignore this warning if it occurred because of
      hot module replacement.
[2025-09-27 13:16:29.585] WARNING - Duplicate atom key "muiTheme". This is a FATAL ERROR in
      production. But it is safe to ignore this warning if it occurred because of
      hot module replacement.
[2025-09-27 13:16:29.586] WARNING - Duplicate atom key "muiTheme". This is a FATAL ERROR in
      production. But it is safe to ignore this warning if it occurred because of
      hot module replacement.
[2025-09-27 13:16:29.587] WARNING - Duplicate atom key "appLinksFooter". This is a FATAL ERROR in
      production. But it is safe to ignore this warning if it occurred because of
      hot module replacement.
[2025-09-27 13:16:29.587] WARNING - Duplicate atom key "appLinksFooter". This is a FATAL ERROR in
      production. But it is safe to ignore this warning if it occurred because of
      hot module replacement.
[2025-09-27 13:16:29.588] WARNING - Duplicate atom key "currentUserId2". This is a FATAL ERROR in
      production. But it is safe to ignore this warning if it occurred because of
      hot module replacement.
[2025-09-27 13:16:29.588] WARNING - Duplicate atom key "currentUserId2". This is a FATAL ERROR in
      production. But it is safe to ignore this warning if it occurred because of
      hot module replacement.
[2025-09-27 13:16:29.589] WARNING - Duplicate atom key "onboardingInProgress". This is a FATAL ERROR in
      production. But it is safe to ignore this warning if it occurred because of
      hot module replacement.
[2025-09-27 13:16:29.590] WARNING - Duplicate atom key "onboardingInProgress". This is a FATAL ERROR in
      production. But it is safe to ignore this warning if it occurred because of
      hot module replacement.
[2025-09-27 13:16:29.591] WARNING - Duplicate atom key "editing". This is a FATAL ERROR in
      production. But it is safe to ignore this warning if it occurred because of
      hot module replacement.
[2025-09-27 13:16:29.591] WARNING - Duplicate atom key "editing". This is a FATAL ERROR in
      production. But it is safe to ignore this warning if it occurred because of
      hot module replacement.
[2025-09-27 13:16:29.592] WARNING - Duplicate atom key "infoMessage". This is a FATAL ERROR in
      production. But it is safe to ignore this warning if it occurred because of
      hot module replacement.
[2025-09-27 13:16:29.593] WARNING - Duplicate atom key "infoMessage". This is a FATAL ERROR in
      production. But it is safe to ignore this warning if it occurred because of
      hot module replacement.
[2025-09-27 13:16:29.594] WARNING - Duplicate atom key "browserWarning". This is a FATAL ERROR in
      production. But it is safe to ignore this warning if it occurred because of
      hot module replacement.
[2025-09-27 13:16:29.595] WARNING - Duplicate atom key "browserWarning". This is a FATAL ERROR in
      production. But it is safe to ignore this warning if it occurred because of
      hot module replacement.
[2025-09-27 13:16:29.595] WARNING - Duplicate atom key "clockWarning". This is a FATAL ERROR in
      production. But it is safe to ignore this warning if it occurred because of
      hot module replacement.
[2025-09-27 13:16:29.596] WARNING - Duplicate atom key "clockWarning". This is a FATAL ERROR in
      production. But it is safe to ignore this warning if it occurred because of
      hot module replacement.
[2025-09-27 13:16:29.597] WARNING - Duplicate atom key "breakpoint". This is a FATAL ERROR in
      production. But it is safe to ignore this warning if it occurred because of
      hot module replacement.
[2025-09-27 13:16:29.598] WARNING - Duplicate atom key "breakpoint". This is a FATAL ERROR in
      production. But it is safe to ignore this warning if it occurred because of
      hot module replacement.
[2025-09-27 13:16:29.599] WARNING - Duplicate atom key "inMobileRange". This is a FATAL ERROR in
      production. But it is safe to ignore this warning if it occurred because of
      hot module replacement.
[2025-09-27 13:16:29.600] WARNING - Duplicate atom key "inMobileRange". This is a FATAL ERROR in
      production. But it is safe to ignore this warning if it occurred because of
      hot module replacement.
[2025-09-27 13:16:29.603] WARNING - Duplicate atom key "gridSpacing". This is a FATAL ERROR in
      production. But it is safe to ignore this warning if it occurred because of
      hot module replacement.
[2025-09-27 13:16:29.603] WARNING - Duplicate atom key "gridSpacing". This is a FATAL ERROR in
      production. But it is safe to ignore this warning if it occurred because of
      hot module replacement.
[2025-09-27 13:16:29.604] WARNING - Duplicate atom key "login". This is a FATAL ERROR in
      production. But it is safe to ignore this warning if it occurred because of
      hot module replacement.
[2025-09-27 13:16:29.604] WARNING - Duplicate atom key "login". This is a FATAL ERROR in
      production. But it is safe to ignore this warning if it occurred because of
      hot module replacement.
[2025-09-27 13:16:29.605] WARNING - Duplicate atom key "error". This is a FATAL ERROR in
      production. But it is safe to ignore this warning if it occurred because of
      hot module replacement.
[2025-09-27 13:16:29.606] WARNING - Duplicate atom key "error". This is a FATAL ERROR in
      production. But it is safe to ignore this warning if it occurred because of
      hot module replacement.
[2025-09-27 13:16:29.607] WARNING - Duplicate atom key "contactInfos2". This is a FATAL ERROR in
      production. But it is safe to ignore this warning if it occurred because of
      hot module replacement.
[2025-09-27 13:16:29.608] WARNING - Duplicate atom key "contactInfos2". This is a FATAL ERROR in
      production. But it is safe to ignore this warning if it occurred because of
      hot module replacement.
[2025-09-27 13:16:29.609] WARNING - Duplicate atom key "individualApplicantsTimestamp". This is a FATAL ERROR in
      production. But it is safe to ignore this warning if it occurred because of
      hot module replacement.
[2025-09-27 13:16:29.609] WARNING - Duplicate atom key "individualApplicantsTimestamp". This is a FATAL ERROR in
      production. But it is safe to ignore this warning if it occurred because of
      hot module replacement.
[2025-09-27 13:16:29.610] WARNING - Duplicate atom key "customerApplication". This is a FATAL ERROR in
      production. But it is safe to ignore this warning if it occurred because of
      hot module replacement.
[2025-09-27 13:16:29.611] WARNING - Duplicate atom key "customerApplication". This is a FATAL ERROR in
      production. But it is safe to ignore this warning if it occurred because of
      hot module replacement.
[2025-09-27 13:16:29.611] WARNING - Duplicate atom key "individualApplicants". This is a FATAL ERROR in
      production. But it is safe to ignore this warning if it occurred because of
      hot module replacement.
[2025-09-27 13:16:29.611] WARNING - Duplicate atom key "individualApplicants". This is a FATAL ERROR in
      production. But it is safe to ignore this warning if it occurred because of
      hot module replacement.
[2025-09-27 13:16:29.611] WARNING - Duplicate atom key "clearingHouses". This is a FATAL ERROR in
      production. But it is safe to ignore this warning if it occurred because of
      hot module replacement.
[2025-09-27 13:16:29.611] WARNING - Duplicate atom key "clearingHouses". This is a FATAL ERROR in
      production. But it is safe to ignore this warning if it occurred because of
      hot module replacement.
[2025-09-27 13:16:29.611] WARNING - Duplicate atom key "clearXClearingHouse". This is a FATAL ERROR in
      production. But it is safe to ignore this warning if it occurred because of
      hot module replacement.
[2025-09-27 13:16:29.611] WARNING - Duplicate atom key "clearXClearingHouse". This is a FATAL ERROR in
      production. But it is safe to ignore this warning if it occurred because of
      hot module replacement.
[2025-09-27 13:16:29.611] WARNING - Duplicate atom key "applicationClearingHouse". This is a FATAL ERROR in
      production. But it is safe to ignore this warning if it occurred because of
      hot module replacement.
[2025-09-27 13:16:29.611] WARNING - Duplicate atom key "applicationClearingHouse". This is a FATAL ERROR in
      production. But it is safe to ignore this warning if it occurred because of
      hot module replacement.
[2025-09-27 13:16:29.612] WARNING - Duplicate atom key "userLocation". This is a FATAL ERROR in
      production. But it is safe to ignore this warning if it occurred because of
      hot module replacement.
[2025-09-27 13:16:29.612] WARNING - Duplicate atom key "userLocation". This is a FATAL ERROR in
      production. But it is safe to ignore this warning if it occurred because of
      hot module replacement.
[2025-09-27 13:16:29.612] WARNING - Duplicate atom key "savedApplicationsTimestamp". This is a FATAL ERROR in
      production. But it is safe to ignore this warning if it occurred because of
      hot module replacement.
[2025-09-27 13:16:29.612] WARNING - Duplicate atom key "savedApplicationsTimestamp". This is a FATAL ERROR in
      production. But it is safe to ignore this warning if it occurred because of
      hot module replacement.
[2025-09-27 13:16:29.612] WARNING - Duplicate atom key "savedApplications". This is a FATAL ERROR in
      production. But it is safe to ignore this warning if it occurred because of
      hot module replacement.
[2025-09-27 13:16:29.612] WARNING - Duplicate atom key "savedApplications". This is a FATAL ERROR in
      production. But it is safe to ignore this warning if it occurred because of
      hot module replacement.
[2025-09-27 13:16:29.612] WARNING - Duplicate atom key "step". This is a FATAL ERROR in
      production. But it is safe to ignore this warning if it occurred because of
      hot module replacement.
[2025-09-27 13:16:29.612] WARNING - Duplicate atom key "step". This is a FATAL ERROR in
      production. But it is safe to ignore this warning if it occurred because of
      hot module replacement.
[2025-09-27 13:16:29.612] WARNING - Duplicate atom key "checkStates". This is a FATAL ERROR in
      production. But it is safe to ignore this warning if it occurred because of
      hot module replacement.
[2025-09-27 13:16:29.612] WARNING - Duplicate atom key "checkStates". This is a FATAL ERROR in
      production. But it is safe to ignore this warning if it occurred because of
      hot module replacement.
[2025-09-27 13:16:29.613] WARNING - Duplicate atom key "signStates". This is a FATAL ERROR in
      production. But it is safe to ignore this warning if it occurred because of
      hot module replacement.
[2025-09-27 13:16:29.613] WARNING - Duplicate atom key "signStates". This is a FATAL ERROR in
      production. But it is safe to ignore this warning if it occurred because of
      hot module replacement.
[2025-09-27 13:16:29.613] WARNING - Duplicate atom key "wizard". This is a FATAL ERROR in
      production. But it is safe to ignore this warning if it occurred because of
      hot module replacement.
[2025-09-27 13:16:29.613] WARNING - Duplicate atom key "wizard". This is a FATAL ERROR in
      production. But it is safe to ignore this warning if it occurred because of
      hot module replacement.
[2025-09-27 13:16:29.613] WARNING - Duplicate atom key "formBuilder". This is a FATAL ERROR in
      production. But it is safe to ignore this warning if it occurred because of
      hot module replacement.
[2025-09-27 13:16:29.613] WARNING - Duplicate atom key "formBuilder". This is a FATAL ERROR in
      production. But it is safe to ignore this warning if it occurred because of
      hot module replacement.
[2025-09-27 13:16:29.613] WARNING - Duplicate atom key "headerSlot". This is a FATAL ERROR in
      production. But it is safe to ignore this warning if it occurred because of
      hot module replacement.
[2025-09-27 13:16:29.613] WARNING - Duplicate atom key "headerSlot". This is a FATAL ERROR in
      production. But it is safe to ignore this warning if it occurred because of
      hot module replacement.
[2025-09-27 13:16:29.613] WARNING - Duplicate atom key "footerSlot". This is a FATAL ERROR in
      production. But it is safe to ignore this warning if it occurred because of
      hot module replacement.
[2025-09-27 13:16:29.614] WARNING - Duplicate atom key "footerSlot". This is a FATAL ERROR in
      production. But it is safe to ignore this warning if it occurred because of
      hot module replacement.
[2025-09-27 13:16:29.614] WARNING - Duplicate atom key "alloyJourneyToken". This is a FATAL ERROR in
      production. But it is safe to ignore this warning if it occurred because of
      hot module replacement.
[2025-09-27 13:16:29.614] WARNING - Duplicate atom key "alloyJourneyToken". This is a FATAL ERROR in
      production. But it is safe to ignore this warning if it occurred because of
      hot module replacement.
[2025-09-27 13:16:29.614] DEBUG - [bugsnag] Loaded!
[2025-09-27 13:16:29.614] DEBUG - [bugsnag] Loaded!
[2025-09-27 13:16:29.614] INFO - Version 3.250926.0 prod production 
[2025-09-27 13:16:29.614] INFO - Version 3.250926.0 prod production 
[2025-09-27 13:16:29.614] INFO - Time: Sat Sep 27 2025 13:16:29 GMT-0500 (Central Daylight Time)
[2025-09-27 13:16:29.614] INFO - Time:
[2025-09-27 13:16:29.659] LOG - 18:16:29.657Z Try to restore session
[2025-09-27 13:16:29.659] LOG - 18:16:29.657Z Try to restore session
[2025-09-27 13:16:29.660] LOG - 18:16:29.658Z Access token will be renewed in 75 minutes; expired: Sat Sep 27 2025 14:36:28 GMT-0500 (Central Daylight Time), now: Sat Sep 27 2025 13:16:29 GMT-0500 (Central Daylight Time)
[2025-09-27 13:16:29.660] LOG - 18:16:29.658Z Access token will be renewed in 75 minutes; expired: Sat Sep 27 2025 14:36:28 GMT-0500 (Central Daylight Time), now: Sat Sep 27 2025 13:16:29 GMT-0500 (Central Daylight Time)
[2025-09-27 13:16:29.665] WARNING - 18:16:29.664Z [LaunchDarkly] The waitForInitialization function was called without a timeout specified. In a future version a default timeout will be applied.
[2025-09-27 13:16:29.665] WARNING - 18:16:29.664Z [LaunchDarkly] The waitForInitialization function was called without a timeout specified. In a future version a default timeout will be applied.
[2025-09-27 13:16:29.673] INFO - 18:16:29.672Z chart cache state: islands=3, bars=2006
[2025-09-27 13:16:29.673] INFO - 18:16:29.672Z chart cache state: islands=3, bars=2006
[2025-09-27 13:16:29.673] INFO - 18:16:29.672Z Chart history database initialized
[2025-09-27 13:16:29.673] INFO - 18:16:29.672Z Chart history database initialized
[2025-09-27 13:16:29.708] INFO - 18:16:29.707Z [LaunchDarkly] LaunchDarkly client initialized
[2025-09-27 13:16:29.709] INFO - 18:16:29.707Z [LaunchDarkly] LaunchDarkly client initialized
[2025-09-27 13:16:29.709] INFO - 18:16:29.707Z [LaunchDarkly] Opening stream connection to https://clientstream.launchdarkly.com/eval/66cdf5b9cf61891061b4e437/eyJraW5kIjoidXNlciIsImtleSI6InVua25vd24iLCJhbm9ueW1vdXMiOmZhbHNlfQ
[2025-09-27 13:16:29.710] INFO - 18:16:29.707Z [LaunchDarkly] Opening stream connection to https://clientstream.launchdarkly.com/eval/66cdf5b9cf61891061b4e437/eyJraW5kIjoidXNlciIsImtleSI6InVua25vd24iLCJhbm9ueW1vdXMiOmZhbHNlfQ
[2025-09-27 13:16:29.817] INFO - 18:16:29.815Z [LaunchDarkly] Closing stream connection
[2025-09-27 13:16:29.822] INFO - 18:16:29.815Z [LaunchDarkly] Closing stream connection
[2025-09-27 13:16:29.822] INFO - 18:16:29.815Z [LaunchDarkly] Opening stream connection to https://clientstream.launchdarkly.com/eval/66cdf5b9cf61891061b4e437/eyJraW5kIjoidXNlciIsImtleSI6IjQ2NTYwMjciLCJkZXZpY2UiOiJkZXNrdG9wIiwidXNlcklkIjo0NjU2MDI3LCJpcENvdW50cnkiOiIiLCJvcmdOYW1lIjoiVERWIiwibmFtZSI6IlplbmV4MzI5OCIsImxhbmRpbmdQYXJhbXMiOiIifQ
[2025-09-27 13:16:29.822] INFO - 18:16:29.815Z [LaunchDarkly] Opening stream connection to https://clientstream.launchdarkly.com/eval/66cdf5b9cf61891061b4e437/eyJraW5kIjoidXNlciIsImtleSI6IjQ2NTYwMjciLCJkZXZpY2UiOiJkZXNrdG9wIiwidXNlcklkIjo0NjU2MDI3LCJpcENvdW50cnkiOiIiLCJvcmdOYW1lIjoiVERWIiwibmFtZSI6IlplbmV4MzI5OCIsImxhbmRpbmdQYXJhbXMiOiIifQ
[2025-09-27 13:16:29.847] INFO - 18:16:29.845Z [LaunchDarkly] Closing stream connection
[2025-09-27 13:16:29.849] INFO - 18:16:29.845Z [LaunchDarkly] Closing stream connection
[2025-09-27 13:16:29.849] INFO - 18:16:29.845Z [LaunchDarkly] Opening stream connection to https://clientstream.launchdarkly.com/eval/66cdf5b9cf61891061b4e437/eyJraW5kIjoidXNlciIsImtleSI6IjQ2NTYwMjciLCJkZXZpY2UiOiJkZXNrdG9wIiwidXNlcklkIjo0NjU2MDI3LCJpcENvdW50cnkiOiJVUyIsIm9yZ05hbWUiOiJURFYiLCJuYW1lIjoiWmVuZXgzMjk4IiwibGFuZGluZ1BhcmFtcyI6IiJ9
[2025-09-27 13:16:29.850] INFO - 18:16:29.845Z [LaunchDarkly] Opening stream connection to https://clientstream.launchdarkly.com/eval/66cdf5b9cf61891061b4e437/eyJraW5kIjoidXNlciIsImtleSI6IjQ2NTYwMjciLCJkZXZpY2UiOiJkZXNrdG9wIiwidXNlcklkIjo0NjU2MDI3LCJpcENvdW50cnkiOiJVUyIsIm9yZ05hbWUiOiJURFYiLCJuYW1lIjoiWmVuZXgzMjk4IiwibGFuZGluZ1BhcmFtcyI6IiJ9
[2025-09-27 13:16:30.512] LOG - 18:16:30.508Z opening https://demo.tradovateapi.com/
[2025-09-27 13:16:30.512] LOG - 18:16:30.508Z opening https://demo.tradovateapi.com/
[2025-09-27 13:16:30.515] LOG - 18:16:30.514Z Hotkeys initialized {"Shift+Digit1":["orders/selectColumns"],"Shift+Digit2":["orders/showFilters"],"Shift+Digit3":["orders/standardTableView"],"Shift+Digit4":["orders/linkedOrdersView"],"Command+Shift+Digit0":["dom-chart/exit-and-cancel"]}
[2025-09-27 13:16:30.515] LOG - 18:16:30.514Z Hotkeys initialized {"Shift+Digit1":["orders/selectColumns"],"Shift+Digit2":["orders/showFilters"],"Shift+Digit3":["orders/standardTableView"],"Shift+Digit4":["orders/linkedOrdersView"],"Command+Shift+Digit0":["dom-chart/exit-and-cancel"]}
[2025-09-27 13:16:30.592] LOG - 18:16:30.592Z websocket opened
[2025-09-27 13:16:30.593] LOG - 18:16:30.592Z websocket opened
[2025-09-27 13:16:30.652] LOG - 18:16:30.651Z opening https://md-demo.tradovateapi.com/
[2025-09-27 13:16:30.653] LOG - 18:16:30.651Z opening https://md-demo.tradovateapi.com/
[2025-09-27 13:16:30.653] LOG - 18:16:30.652Z Connection:  open
[2025-09-27 13:16:30.653] LOG - 18:16:30.652Z Connection:  open
[2025-09-27 13:16:31.623] LOG - 18:16:31.621Z WebGL:  {"isWebGL2":true,"precision":"highp","logarithmicDepthBuffer":false,"maxTextures":16,"maxVertexTextures":16,"maxTextureSize":16384,"maxCubemapSize":16384,"maxAttributes":16,"maxVertexUniforms":1024,"maxVaryings":30,"maxFragmentUniforms":1024,"vertexTextures":true,"floatFragmentTextures":true,"floatVertexTextures":true,"maxSamples":8} , devicePixelRatio:  2
[2025-09-27 13:16:31.628] LOG - 18:16:31.621Z Canvas size: 853 899 dpp:  2
[2025-09-27 13:16:31.632] LOG - 18:16:31.630Z Loading App-level Plugins
[2025-09-27 13:16:31.632] LOG - 18:16:31.630Z Loading App-level Plugins
[2025-09-27 13:16:31.649] LOG - 18:16:31.642Z WebGL:  {"isWebGL2":true,"precision":"highp","logarithmicDepthBuffer":false,"maxTextures":16,"maxVertexTextures":16,"maxTextureSize":16384,"maxCubemapSize":16384,"maxAttributes":16,"maxVertexUniforms":1024,"maxVaryings":30,"maxFragmentUniforms":1024,"vertexTextures":true,"floatFragmentTextures":true,"floatVertexTextures":true,"maxSamples":8} , devicePixelRatio:  2
[2025-09-27 13:16:31.655] LOG - 18:16:31.642Z Canvas size: 853 899 dpp:  2
[2025-09-27 13:16:31.760] LOG - 18:16:31.690Z websocket opened
[2025-09-27 13:16:31.760] LOG - 18:16:31.690Z websocket opened
[2025-09-27 13:16:32.079] LOG - 18:16:32.076Z loadAppLevelPlugins:  [object Object]
[2025-09-27 13:16:32.083] LOG - 18:16:32.076Z loadAppLevelPlugins: 
[2025-09-27 13:16:32.910] LOG - 18:16:32.898Z jailing is in progress
[2025-09-27 13:16:32.911] LOG - 18:16:32.898Z jailing is in progress
[2025-09-27 13:16:33.316] LOG - 18:16:33.311Z created chart 1
[2025-09-27 13:16:33.582] LOG - 18:16:33.547Z pending jailing done. next starts
[2025-09-27 13:16:33.583] LOG - 18:16:33.547Z pending jailing done. next starts
[2025-09-27 13:16:33.584] LOG - 18:16:33.549Z requestChart: {"symbol":"3267312","chartDescription":{"underlyingType":"Tick","elementSize":5000,"elementSizeUnit":"UnderlyingUnits","withHistogram":false},"timeRange":{"asMuchAsElements":608}}
[2025-09-27 13:16:33.584] LOG - 18:16:33.549Z requestChart: {"symbol":"3267312","chartDescription":{"underlyingType":"Tick","elementSize":5000,"elementSizeUnit":"UnderlyingUnits","withHistogram":false},"timeRange":{"asMuchAsElements":608}}
[2025-09-27 13:16:33.584] LOG - 18:16:33.549Z mdMgApi open
[2025-09-27 13:16:33.584] LOG - 18:16:33.549Z mdMgApi open
[2025-09-27 13:16:34.655] LOG - 18:16:34.654Z updating the shared isolation
[2025-09-27 13:16:34.656] LOG - 18:16:34.654Z updating the shared isolation
[2025-09-27 13:16:36.737] LOG - 18:16:36.736Z Trade control updates complete: [object Object]
[2025-09-27 13:16:36.738] LOG - 18:16:36.736Z Trade control updates complete:
[2025-09-27 13:16:37.437] LOG - 18:16:37.436Z Trade control updates complete: [object Object]
[2025-09-27 13:16:37.437] LOG - 18:16:37.436Z Trade control updates complete:
[2025-09-27 13:16:43.461] LOG - 18:16:43.460Z Trade control updates complete: [object Object]
[2025-09-27 13:16:43.461] LOG - 18:16:43.460Z Trade control updates complete:
[2025-09-27 13:16:43.610] LOG - 18:16:43.609Z Trade control updates complete: [object Object]
[2025-09-27 13:16:43.611] LOG - 18:16:43.609Z Trade control updates complete:
[2025-09-27 13:16:44.848] LOG - 18:16:44.848Z Trade control updates complete: [object Object]
[2025-09-27 13:16:44.849] LOG - 18:16:44.848Z Trade control updates complete:
[2025-09-27 13:16:49.468] LOG - 18:16:49.467Z Trade control updates complete: [object Object]
[2025-09-27 13:16:49.468] LOG - 18:16:49.467Z Trade control updates complete:
[2025-09-27 13:16:49.599] LOG - 18:16:49.598Z Trade control updates complete: [object Object]
[2025-09-27 13:16:49.599] LOG - 18:16:49.598Z Trade control updates complete:
