[2025-09-20 17:47:10.944] LOG - 22:47:10.943Z Starting login process for: stonkz92224@gmail.com
[2025-09-20 17:47:10.945] LOG - 22:47:10.943Z Starting login process for: stonkz92224@gmail.com
[2025-09-20 17:47:10.946] LOG - 22:47:10.943Z Auto login function executing for: stonkz92224@gmail.com
[2025-09-20 17:47:10.947] LOG - 22:47:10.943Z Auto login function executing for: stonkz92224@gmail.com
[2025-09-20 17:47:10.947] LOG - 22:47:10.944Z Login form found, filling credentials...
[2025-09-20 17:47:10.947] LOG - 22:47:10.944Z Login form found, filling credentials...
[2025-09-20 17:47:11.088] LOG - 22:47:10.972Z Test element added to DOM
[2025-09-20 17:47:11.088] LOG - 22:47:10.972Z Test element added to DOM
[2025-09-20 17:47:11.091] LOG - 22:47:11.090Z All browser alerts and confirmations have been disabled
[2025-09-20 17:47:11.093] LOG - 22:47:11.090Z All browser alerts and confirmations have been disabled
[2025-09-20 17:47:11.457] LOG - 22:47:11.456Z Clicking login button...
[2025-09-20 17:47:11.457] LOG - 22:47:11.456Z Clicking login button...
[2025-09-20 17:47:11.467] LOG - 22:47:11.464Z authentication starting
[2025-09-20 17:47:11.468] LOG - 22:47:11.464Z authentication starting
[2025-09-20 17:47:11.817] warning - The AudioContext was not allowed to start. It must be resumed (or created) after a user gesture on the page. https://developer.chrome.com/blog/autoplay/#web_audio
[2025-09-20 17:47:11.819] LOG - 22:47:11.799Z Watching for account selection page...
[2025-09-20 17:47:11.820] LOG - 22:47:11.799Z Watching for account selection page...
[2025-09-20 17:47:12.098] LOG - 22:47:12.093Z Access token will be renewed in 75 minutes; expired: Sat Sep 20 2025 19:07:12 GMT-0500 (Central Daylight Time), now: Sat Sep 20 2025 17:47:12 GMT-0500 (Central Daylight Time)
[2025-09-20 17:47:12.099] LOG - 22:47:12.093Z Access token will be renewed in 75 minutes; expired: Sat Sep 20 2025 19:07:12 GMT-0500 (Central Daylight Time), now: Sat Sep 20 2025 17:47:12 GMT-0500 (Central Daylight Time)
[2025-09-20 17:47:12.720] error - Access to XMLHttpRequest at 'https://app.launchdarkly.com/sdk/evalx/66cdf5b9cf61891061b4e437/contexts/eyJraW5kIjoidXNlciIsImtleSI6IjM2NTUwNTkiLCJkZXZpY2UiOiJkZXNrdG9wIiwidXNlcklkIjozNjU1MDU5LCJpcENvdW50cnkiOiJVUyIsIm9yZ05hbWUiOiJURFYiLCJuYW1lIjoiU3Rvbmt6OTIyMjQiLCJsYW5kaW5nUGFyYW1zIjoiIn0' from origin 'https://trader.tradovate.com' has been blocked by CORS policy: No 'Access-Control-Allow-Origin' header is present on the requested resource.
[2025-09-20 17:47:12.721] ERROR - 22:47:12.719Z [LaunchDarkly] network error (Error)
[2025-09-20 17:47:12.722] ERROR - 22:47:12.719Z [LaunchDarkly] network error (Error)
[2025-09-20 17:47:12.723] error - Failed to load resource: net::ERR_FAILED
[2025-09-20 17:47:12.742] ERROR - Exception: t
[2025-09-20 17:47:12.759] error - Access to XMLHttpRequest at 'https://app.launchdarkly.com/sdk/evalx/66cdf5b9cf61891061b4e437/contexts/eyJraW5kIjoidXNlciIsImtleSI6IjM2NTUwNTkiLCJkZXZpY2UiOiJkZXNrdG9wIiwidXNlcklkIjozNjU1MDU5LCJpcENvdW50cnkiOiJVUyIsIm9yZ05hbWUiOiJURFYiLCJuYW1lIjoiU3Rvbmt6OTIyMjQiLCJsYW5kaW5nUGFyYW1zIjoiIn0' from origin 'https://trader.tradovate.com' has been blocked by CORS policy: No 'Access-Control-Allow-Origin' header is present on the requested resource.
[2025-09-20 17:47:12.759] ERROR - 22:47:12.758Z [LaunchDarkly] network error (Error)
[2025-09-20 17:47:12.760] ERROR - 22:47:12.758Z [LaunchDarkly] network error (Error)
[2025-09-20 17:47:12.761] ERROR - 22:47:12.759Z [LaunchDarkly] network error (Error)
[2025-09-20 17:47:12.761] ERROR - 22:47:12.759Z [LaunchDarkly] network error (Error)
[2025-09-20 17:47:12.761] error - Failed to load resource: net::ERR_FAILED
[2025-09-20 17:47:12.761] ERROR - Exception: t
[2025-09-20 17:47:12.762] ERROR - Exception: t
[2025-09-20 17:47:13.801] LOG - 22:47:13.800Z Account selection page detected, clicking button...
[2025-09-20 17:47:13.801] LOG - 22:47:13.800Z Account selection page detected, clicking button...
[2025-09-20 17:47:13.934] LOG - 22:47:13.909Z Access token will be renewed in 75 minutes; expired: Sat Sep 20 2025 19:07:12 GMT-0500 (Central Daylight Time), now: Sat Sep 20 2025 17:47:13 GMT-0500 (Central Daylight Time)
[2025-09-20 17:47:13.934] LOG - 22:47:13.909Z Access token will be renewed in 75 minutes; expired: Sat Sep 20 2025 19:07:12 GMT-0500 (Central Daylight Time), now: Sat Sep 20 2025 17:47:13 GMT-0500 (Central Daylight Time)
[2025-09-20 17:47:14.405] error - Refused to connect to 'https://bat.bing.com/actionp/0?ti=26330043&Ver=2&mid=753b80e7-6d4d-4dd6-9679-eb42efaf9d3d&bo=2&sid=2801add0965411f09165ab2c93c38bf7&vid=2801c1c0965411f0afa211e8ba13cf6d&vids=0&msclkid=N&evt=pageHide' because it violates the following Content Security Policy directive: "connect-src wss://*.tradovate.com https://*.tradovate.com https://*.ntinnolab.com https://*.devel.ninjatrader.dev https://*.staging.ninjatrader.dev https://*.uat.ninjatrader.dev wss://*.ntinnolab.com wss://*.devel.ninjatrader.dev wss://*.staging.ninjatrader.dev wss://*.uat.ninjatrader.dev wss://*.tradovateapi.com https://*.tradovateapi.com https://*.ninjatrader.com https://cdn.walkme.com https://ec.walkme.com https://sessions.bugsnag.com https://notify.bugsnag.com https://*.plaid.com https://*.yodlee.com https://tradovate.zendesk.com https://rollout.ada.support https://static.ada.support https://ninjatrader.ada.support https://tradovate.ada.support https://ninjatrader-eap.ada.support/ https://demo-ninjatrader-gr.ada.support/ https://tradovate-gen.ada.support/ https://api.stripe.com https://apiproxy.ninjatrader.com https://apiproxy-d.ninjatrader.com https://us-autocomplete-pro.api.smartystreets.com https://international-autocomplete.api.smarty.com https://maps.googleapis.com https://accounts.google.com/ https://www.google.com https://www.googletagmanager.com/ https://*.browser-intake-datadoghq.com https://scripts.neuro-id.com https://receiver.neuroid.cloud https://logs.neuro-id.com https://firebaseinstallations.googleapis.com/ https://firebaseremoteconfig.googleapis.com/ https://logx.optimizely.com https://*.optimizely.com wss://mpsnare.iesnare.com wss://ci-mpsnare.iovation.com https://*.iovation.com/ https://*.reddit.com  https://www.redditstatic.com https://*.taboola.com https://*.launchdarkly.com https://*.alloy.co https://*.maze.co https://www.google-analytics.com https://analytics.google.com https://www.googletagmanager.com/ https://api.hubapi.com https://forms.hubspot.com https://stats.g.doubleclick.net https://alb.reddit.com https://analytics.twitter.com https://heapanalytics.com https://*.auryc.com https://*.contentsquare.net https://siteintercept.qualtrics.com https://api.userway.org/".

[2025-09-20 17:47:14.406] INFO - 22:47:14.404Z visibilitychange: hidden, gd: 1000
[2025-09-20 17:47:14.406] INFO - 22:47:14.404Z visibilitychange: hidden, gd: 1000
[2025-09-20 17:47:14.407] WARNING - 22:47:14.405Z [LaunchDarkly] Error on stream connection: {"isTrusted":true}, will continue retrying after 752 milliseconds.
[2025-09-20 17:47:14.408] WARNING - 22:47:14.405Z [LaunchDarkly] Error on stream connection: {"isTrusted":true}, will continue retrying after 752 milliseconds.
[2025-09-20 17:47:14.408] INFO - 22:47:14.406Z [LaunchDarkly] Closing stream connection
[2025-09-20 17:47:14.409] INFO - 22:47:14.406Z [LaunchDarkly] Closing stream connection
[2025-09-20 17:47:14.565] WARNING - Duplicate atom key "locale". This is a FATAL ERROR in
      production. But it is safe to ignore this warning if it occurred because of
      hot module replacement.
[2025-09-20 17:47:14.567] WARNING - Duplicate atom key "locale". This is a FATAL ERROR in
      production. But it is safe to ignore this warning if it occurred because of
      hot module replacement.
[2025-09-20 17:47:14.567] WARNING - Duplicate atom key "muiTheme". This is a FATAL ERROR in
      production. But it is safe to ignore this warning if it occurred because of
      hot module replacement.
[2025-09-20 17:47:14.568] WARNING - Duplicate atom key "muiTheme". This is a FATAL ERROR in
      production. But it is safe to ignore this warning if it occurred because of
      hot module replacement.
[2025-09-20 17:47:14.570] WARNING - Duplicate atom key "appLinksFooter". This is a FATAL ERROR in
      production. But it is safe to ignore this warning if it occurred because of
      hot module replacement.
[2025-09-20 17:47:14.571] WARNING - Duplicate atom key "appLinksFooter". This is a FATAL ERROR in
      production. But it is safe to ignore this warning if it occurred because of
      hot module replacement.
[2025-09-20 17:47:14.573] WARNING - Duplicate atom key "currentUserId2". This is a FATAL ERROR in
      production. But it is safe to ignore this warning if it occurred because of
      hot module replacement.
[2025-09-20 17:47:14.575] WARNING - Duplicate atom key "currentUserId2". This is a FATAL ERROR in
      production. But it is safe to ignore this warning if it occurred because of
      hot module replacement.
[2025-09-20 17:47:14.577] WARNING - Duplicate atom key "onboardingInProgress". This is a FATAL ERROR in
      production. But it is safe to ignore this warning if it occurred because of
      hot module replacement.
[2025-09-20 17:47:14.579] WARNING - Duplicate atom key "onboardingInProgress". This is a FATAL ERROR in
      production. But it is safe to ignore this warning if it occurred because of
      hot module replacement.
[2025-09-20 17:47:14.579] WARNING - Duplicate atom key "editing". This is a FATAL ERROR in
      production. But it is safe to ignore this warning if it occurred because of
      hot module replacement.
[2025-09-20 17:47:14.581] WARNING - Duplicate atom key "editing". This is a FATAL ERROR in
      production. But it is safe to ignore this warning if it occurred because of
      hot module replacement.
[2025-09-20 17:47:14.581] WARNING - Duplicate atom key "infoMessage". This is a FATAL ERROR in
      production. But it is safe to ignore this warning if it occurred because of
      hot module replacement.
[2025-09-20 17:47:14.582] WARNING - Duplicate atom key "infoMessage". This is a FATAL ERROR in
      production. But it is safe to ignore this warning if it occurred because of
      hot module replacement.
[2025-09-20 17:47:14.584] WARNING - Duplicate atom key "browserWarning". This is a FATAL ERROR in
      production. But it is safe to ignore this warning if it occurred because of
      hot module replacement.
[2025-09-20 17:47:14.587] WARNING - Duplicate atom key "browserWarning". This is a FATAL ERROR in
      production. But it is safe to ignore this warning if it occurred because of
      hot module replacement.
[2025-09-20 17:47:14.589] WARNING - Duplicate atom key "clockWarning". This is a FATAL ERROR in
      production. But it is safe to ignore this warning if it occurred because of
      hot module replacement.
[2025-09-20 17:47:14.591] WARNING - Duplicate atom key "clockWarning". This is a FATAL ERROR in
      production. But it is safe to ignore this warning if it occurred because of
      hot module replacement.
[2025-09-20 17:47:14.593] WARNING - Duplicate atom key "breakpoint". This is a FATAL ERROR in
      production. But it is safe to ignore this warning if it occurred because of
      hot module replacement.
[2025-09-20 17:47:14.599] WARNING - Duplicate atom key "breakpoint". This is a FATAL ERROR in
      production. But it is safe to ignore this warning if it occurred because of
      hot module replacement.
[2025-09-20 17:47:14.601] WARNING - Duplicate atom key "inMobileRange". This is a FATAL ERROR in
      production. But it is safe to ignore this warning if it occurred because of
      hot module replacement.
[2025-09-20 17:47:14.604] WARNING - Duplicate atom key "inMobileRange". This is a FATAL ERROR in
      production. But it is safe to ignore this warning if it occurred because of
      hot module replacement.
[2025-09-20 17:47:14.607] WARNING - Duplicate atom key "gridSpacing". This is a FATAL ERROR in
      production. But it is safe to ignore this warning if it occurred because of
      hot module replacement.
[2025-09-20 17:47:14.608] WARNING - Duplicate atom key "gridSpacing". This is a FATAL ERROR in
      production. But it is safe to ignore this warning if it occurred because of
      hot module replacement.
[2025-09-20 17:47:14.608] WARNING - Duplicate atom key "login". This is a FATAL ERROR in
      production. But it is safe to ignore this warning if it occurred because of
      hot module replacement.
[2025-09-20 17:47:14.608] WARNING - Duplicate atom key "login". This is a FATAL ERROR in
      production. But it is safe to ignore this warning if it occurred because of
      hot module replacement.
[2025-09-20 17:47:14.608] WARNING - Duplicate atom key "error". This is a FATAL ERROR in
      production. But it is safe to ignore this warning if it occurred because of
      hot module replacement.
[2025-09-20 17:47:14.609] WARNING - Duplicate atom key "error". This is a FATAL ERROR in
      production. But it is safe to ignore this warning if it occurred because of
      hot module replacement.
[2025-09-20 17:47:14.609] WARNING - Duplicate atom key "contactInfos2". This is a FATAL ERROR in
      production. But it is safe to ignore this warning if it occurred because of
      hot module replacement.
[2025-09-20 17:47:14.609] WARNING - Duplicate atom key "contactInfos2". This is a FATAL ERROR in
      production. But it is safe to ignore this warning if it occurred because of
      hot module replacement.
[2025-09-20 17:47:14.609] WARNING - Duplicate atom key "individualApplicantsTimestamp". This is a FATAL ERROR in
      production. But it is safe to ignore this warning if it occurred because of
      hot module replacement.
[2025-09-20 17:47:14.609] WARNING - Duplicate atom key "individualApplicantsTimestamp". This is a FATAL ERROR in
      production. But it is safe to ignore this warning if it occurred because of
      hot module replacement.
[2025-09-20 17:47:14.609] WARNING - Duplicate atom key "customerApplication". This is a FATAL ERROR in
      production. But it is safe to ignore this warning if it occurred because of
      hot module replacement.
[2025-09-20 17:47:14.609] WARNING - Duplicate atom key "customerApplication". This is a FATAL ERROR in
      production. But it is safe to ignore this warning if it occurred because of
      hot module replacement.
[2025-09-20 17:47:14.610] WARNING - Duplicate atom key "individualApplicants". This is a FATAL ERROR in
      production. But it is safe to ignore this warning if it occurred because of
      hot module replacement.
[2025-09-20 17:47:14.610] WARNING - Duplicate atom key "individualApplicants". This is a FATAL ERROR in
      production. But it is safe to ignore this warning if it occurred because of
      hot module replacement.
[2025-09-20 17:47:14.610] WARNING - Duplicate atom key "clearingHouses". This is a FATAL ERROR in
      production. But it is safe to ignore this warning if it occurred because of
      hot module replacement.
[2025-09-20 17:47:14.610] WARNING - Duplicate atom key "clearingHouses". This is a FATAL ERROR in
      production. But it is safe to ignore this warning if it occurred because of
      hot module replacement.
[2025-09-20 17:47:14.610] WARNING - Duplicate atom key "clearXClearingHouse". This is a FATAL ERROR in
      production. But it is safe to ignore this warning if it occurred because of
      hot module replacement.
[2025-09-20 17:47:14.611] WARNING - Duplicate atom key "clearXClearingHouse". This is a FATAL ERROR in
      production. But it is safe to ignore this warning if it occurred because of
      hot module replacement.
[2025-09-20 17:47:14.611] WARNING - Duplicate atom key "applicationClearingHouse". This is a FATAL ERROR in
      production. But it is safe to ignore this warning if it occurred because of
      hot module replacement.
[2025-09-20 17:47:14.611] WARNING - Duplicate atom key "applicationClearingHouse". This is a FATAL ERROR in
      production. But it is safe to ignore this warning if it occurred because of
      hot module replacement.
[2025-09-20 17:47:14.611] WARNING - Duplicate atom key "userLocation". This is a FATAL ERROR in
      production. But it is safe to ignore this warning if it occurred because of
      hot module replacement.
[2025-09-20 17:47:14.611] WARNING - Duplicate atom key "userLocation". This is a FATAL ERROR in
      production. But it is safe to ignore this warning if it occurred because of
      hot module replacement.
[2025-09-20 17:47:14.612] WARNING - Duplicate atom key "savedApplicationsTimestamp". This is a FATAL ERROR in
      production. But it is safe to ignore this warning if it occurred because of
      hot module replacement.
[2025-09-20 17:47:14.612] WARNING - Duplicate atom key "savedApplicationsTimestamp". This is a FATAL ERROR in
      production. But it is safe to ignore this warning if it occurred because of
      hot module replacement.
[2025-09-20 17:47:14.612] WARNING - Duplicate atom key "savedApplications". This is a FATAL ERROR in
      production. But it is safe to ignore this warning if it occurred because of
      hot module replacement.
[2025-09-20 17:47:14.613] WARNING - Duplicate atom key "savedApplications". This is a FATAL ERROR in
      production. But it is safe to ignore this warning if it occurred because of
      hot module replacement.
[2025-09-20 17:47:14.613] WARNING - Duplicate atom key "step". This is a FATAL ERROR in
      production. But it is safe to ignore this warning if it occurred because of
      hot module replacement.
[2025-09-20 17:47:14.613] WARNING - Duplicate atom key "step". This is a FATAL ERROR in
      production. But it is safe to ignore this warning if it occurred because of
      hot module replacement.
[2025-09-20 17:47:14.614] WARNING - Duplicate atom key "checkStates". This is a FATAL ERROR in
      production. But it is safe to ignore this warning if it occurred because of
      hot module replacement.
[2025-09-20 17:47:14.614] WARNING - Duplicate atom key "checkStates". This is a FATAL ERROR in
      production. But it is safe to ignore this warning if it occurred because of
      hot module replacement.
[2025-09-20 17:47:14.615] WARNING - Duplicate atom key "signStates". This is a FATAL ERROR in
      production. But it is safe to ignore this warning if it occurred because of
      hot module replacement.
[2025-09-20 17:47:14.615] WARNING - Duplicate atom key "signStates". This is a FATAL ERROR in
      production. But it is safe to ignore this warning if it occurred because of
      hot module replacement.
[2025-09-20 17:47:14.615] WARNING - Duplicate atom key "wizard". This is a FATAL ERROR in
      production. But it is safe to ignore this warning if it occurred because of
      hot module replacement.
[2025-09-20 17:47:14.615] WARNING - Duplicate atom key "wizard". This is a FATAL ERROR in
      production. But it is safe to ignore this warning if it occurred because of
      hot module replacement.
[2025-09-20 17:47:14.616] WARNING - Duplicate atom key "formBuilder". This is a FATAL ERROR in
      production. But it is safe to ignore this warning if it occurred because of
      hot module replacement.
[2025-09-20 17:47:14.616] WARNING - Duplicate atom key "formBuilder". This is a FATAL ERROR in
      production. But it is safe to ignore this warning if it occurred because of
      hot module replacement.
[2025-09-20 17:47:14.616] WARNING - Duplicate atom key "headerSlot". This is a FATAL ERROR in
      production. But it is safe to ignore this warning if it occurred because of
      hot module replacement.
[2025-09-20 17:47:14.616] WARNING - Duplicate atom key "headerSlot". This is a FATAL ERROR in
      production. But it is safe to ignore this warning if it occurred because of
      hot module replacement.
[2025-09-20 17:47:14.616] WARNING - Duplicate atom key "footerSlot". This is a FATAL ERROR in
      production. But it is safe to ignore this warning if it occurred because of
      hot module replacement.
[2025-09-20 17:47:14.617] WARNING - Duplicate atom key "footerSlot". This is a FATAL ERROR in
      production. But it is safe to ignore this warning if it occurred because of
      hot module replacement.
[2025-09-20 17:47:14.617] WARNING - Duplicate atom key "alloyJourneyToken". This is a FATAL ERROR in
      production. But it is safe to ignore this warning if it occurred because of
      hot module replacement.
[2025-09-20 17:47:14.617] WARNING - Duplicate atom key "alloyJourneyToken". This is a FATAL ERROR in
      production. But it is safe to ignore this warning if it occurred because of
      hot module replacement.
[2025-09-20 17:47:14.617] DEBUG - [bugsnag] Loaded!
[2025-09-20 17:47:14.617] DEBUG - [bugsnag] Loaded!
[2025-09-20 17:47:14.618] INFO - Version 3.250912.0 prod production 
[2025-09-20 17:47:14.618] INFO - Version 3.250912.0 prod production 
[2025-09-20 17:47:14.618] INFO - Time: Sat Sep 20 2025 17:47:14 GMT-0500 (Central Daylight Time)
[2025-09-20 17:47:14.618] INFO - Time:
[2025-09-20 17:47:14.639] LOG - 22:47:14.637Z Try to restore session
[2025-09-20 17:47:14.642] LOG - 22:47:14.637Z Try to restore session
[2025-09-20 17:47:14.642] LOG - 22:47:14.638Z Access token will be renewed in 75 minutes; expired: Sat Sep 20 2025 19:07:12 GMT-0500 (Central Daylight Time), now: Sat Sep 20 2025 17:47:14 GMT-0500 (Central Daylight Time)
[2025-09-20 17:47:14.642] LOG - 22:47:14.638Z Access token will be renewed in 75 minutes; expired: Sat Sep 20 2025 19:07:12 GMT-0500 (Central Daylight Time), now: Sat Sep 20 2025 17:47:14 GMT-0500 (Central Daylight Time)
[2025-09-20 17:47:14.647] WARNING - 22:47:14.645Z [LaunchDarkly] The waitForInitialization function was called without a timeout specified. In a future version a default timeout will be applied.
[2025-09-20 17:47:14.647] WARNING - 22:47:14.645Z [LaunchDarkly] The waitForInitialization function was called without a timeout specified. In a future version a default timeout will be applied.
[2025-09-20 17:47:14.651] INFO - 22:47:14.650Z chart cache state: islands=1, bars=395
[2025-09-20 17:47:14.652] INFO - 22:47:14.650Z chart cache state: islands=1, bars=395
[2025-09-20 17:47:14.652] INFO - 22:47:14.650Z Chart history database initialized
[2025-09-20 17:47:14.652] INFO - 22:47:14.650Z Chart history database initialized
[2025-09-20 17:47:14.667] INFO - 22:47:14.664Z [LaunchDarkly] LaunchDarkly client initialized
[2025-09-20 17:47:14.668] INFO - 22:47:14.664Z [LaunchDarkly] LaunchDarkly client initialized
[2025-09-20 17:47:14.668] INFO - 22:47:14.664Z [LaunchDarkly] Opening stream connection to https://clientstream.launchdarkly.com/eval/66cdf5b9cf61891061b4e437/eyJraW5kIjoidXNlciIsImtleSI6InVua25vd24iLCJhbm9ueW1vdXMiOmZhbHNlfQ
[2025-09-20 17:47:14.668] INFO - 22:47:14.664Z [LaunchDarkly] Opening stream connection to https://clientstream.launchdarkly.com/eval/66cdf5b9cf61891061b4e437/eyJraW5kIjoidXNlciIsImtleSI6InVua25vd24iLCJhbm9ueW1vdXMiOmZhbHNlfQ
[2025-09-20 17:47:15.264] error - Access to XMLHttpRequest at 'https://app.launchdarkly.com/sdk/evalx/66cdf5b9cf61891061b4e437/contexts/eyJraW5kIjoidXNlciIsImtleSI6IjM2NTUwNTkiLCJkZXZpY2UiOiJkZXNrdG9wIiwidXNlcklkIjozNjU1MDU5LCJpcENvdW50cnkiOiJVUyIsIm9yZ05hbWUiOiJURFYiLCJuYW1lIjoiU3Rvbmt6OTIyMjQiLCJsYW5kaW5nUGFyYW1zIjoiIn0' from origin 'https://trader.tradovate.com' has been blocked by CORS policy: No 'Access-Control-Allow-Origin' header is present on the requested resource.
[2025-09-20 17:47:15.265] ERROR - 22:47:15.264Z [LaunchDarkly] network error (Error)
[2025-09-20 17:47:15.265] ERROR - 22:47:15.264Z [LaunchDarkly] network error (Error)
[2025-09-20 17:47:15.266] error - Failed to load resource: net::ERR_FAILED
[2025-09-20 17:47:15.270] ERROR - Exception: t
[2025-09-20 17:47:15.366] error - Access to XMLHttpRequest at 'https://app.launchdarkly.com/sdk/evalx/66cdf5b9cf61891061b4e437/contexts/eyJraW5kIjoidXNlciIsImtleSI6IjM2NTUwNTkiLCJkZXZpY2UiOiJkZXNrdG9wIiwidXNlcklkIjozNjU1MDU5LCJpcENvdW50cnkiOiJVUyIsIm9yZ05hbWUiOiJURFYiLCJuYW1lIjoiU3Rvbmt6OTIyMjQiLCJsYW5kaW5nUGFyYW1zIjoiIn0' from origin 'https://trader.tradovate.com' has been blocked by CORS policy: No 'Access-Control-Allow-Origin' header is present on the requested resource.
[2025-09-20 17:47:15.367] ERROR - 22:47:15.364Z [LaunchDarkly] network error (Error)
[2025-09-20 17:47:15.367] ERROR - 22:47:15.364Z [LaunchDarkly] network error (Error)
[2025-09-20 17:47:15.367] error - Failed to load resource: net::ERR_FAILED
[2025-09-20 17:47:15.368] ERROR - Exception: t
[2025-09-20 17:47:15.994] LOG - 22:47:15.991Z opening https://demo.tradovateapi.com/
[2025-09-20 17:47:15.994] LOG - 22:47:15.991Z opening https://demo.tradovateapi.com/
[2025-09-20 17:47:15.998] LOG - 22:47:15.997Z Hotkeys initialized {"Shift+Digit1":["orders/selectColumns"],"Shift+Digit2":["orders/showFilters"],"Shift+Digit3":["orders/standardTableView"],"Shift+Digit4":["orders/linkedOrdersView"],"Command+Shift+Digit0":["dom-chart/exit-and-cancel"]}
[2025-09-20 17:47:15.998] LOG - 22:47:15.997Z Hotkeys initialized {"Shift+Digit1":["orders/selectColumns"],"Shift+Digit2":["orders/showFilters"],"Shift+Digit3":["orders/standardTableView"],"Shift+Digit4":["orders/linkedOrdersView"],"Command+Shift+Digit0":["dom-chart/exit-and-cancel"]}
[2025-09-20 17:47:16.065] LOG - 22:47:16.065Z websocket opened
[2025-09-20 17:47:16.066] LOG - 22:47:16.065Z websocket opened
[2025-09-20 17:47:16.140] LOG - 22:47:16.139Z opening https://md-demo.tradovateapi.com/
[2025-09-20 17:47:16.141] LOG - 22:47:16.139Z opening https://md-demo.tradovateapi.com/
[2025-09-20 17:47:16.147] LOG - 22:47:16.140Z Connection:  open
[2025-09-20 17:47:16.148] LOG - 22:47:16.140Z Connection:  open
[2025-09-20 17:47:16.186] LOG - 22:47:16.184Z WebGL:  {"isWebGL2":true,"precision":"highp","logarithmicDepthBuffer":false,"maxTextures":16,"maxVertexTextures":16,"maxTextureSize":16384,"maxCubemapSize":16384,"maxAttributes":16,"maxVertexUniforms":1024,"maxVaryings":30,"maxFragmentUniforms":1024,"vertexTextures":true,"floatFragmentTextures":true,"floatVertexTextures":true,"maxSamples":8} , devicePixelRatio:  2
[2025-09-20 17:47:16.188] LOG - 22:47:16.184Z Canvas size: 1258 933 dpp:  2
[2025-09-20 17:47:16.203] LOG - 22:47:16.194Z Loading App-level Plugins
[2025-09-20 17:47:16.208] LOG - 22:47:16.194Z Loading App-level Plugins
[2025-09-20 17:47:16.214] LOG - 22:47:16.202Z WebGL:  {"isWebGL2":true,"precision":"highp","logarithmicDepthBuffer":false,"maxTextures":16,"maxVertexTextures":16,"maxTextureSize":16384,"maxCubemapSize":16384,"maxAttributes":16,"maxVertexUniforms":1024,"maxVaryings":30,"maxFragmentUniforms":1024,"vertexTextures":true,"floatFragmentTextures":true,"floatVertexTextures":true,"maxSamples":8} , devicePixelRatio:  2
[2025-09-20 17:47:16.215] LOG - 22:47:16.202Z Canvas size: 1258 933 dpp:  2
[2025-09-20 17:47:16.317] LOG - 22:47:16.294Z websocket opened
[2025-09-20 17:47:16.318] LOG - 22:47:16.294Z websocket opened
[2025-09-20 17:47:16.393] LOG - 22:47:16.343Z loadAppLevelPlugins:  [object Object]
[2025-09-20 17:47:16.393] LOG - 22:47:16.343Z loadAppLevelPlugins: 
[2025-09-20 17:47:17.325] LOG - 22:47:17.324Z jailing is in progress
[2025-09-20 17:47:17.325] LOG - 22:47:17.324Z jailing is in progress
[2025-09-20 17:47:17.375] LOG - 22:47:17.351Z created chart 1
[2025-09-20 17:47:17.664] LOG - 22:47:17.662Z requestChart: {"symbol":"3267312","chartDescription":{"underlyingType":"Tick","elementSize":5000,"elementSizeUnit":"UnderlyingUnits","withHistogram":false},"timeRange":{"asMuchAsElements":392}}
[2025-09-20 17:47:17.665] LOG - 22:47:17.662Z requestChart: {"symbol":"3267312","chartDescription":{"underlyingType":"Tick","elementSize":5000,"elementSizeUnit":"UnderlyingUnits","withHistogram":false},"timeRange":{"asMuchAsElements":392}}
[2025-09-20 17:47:17.665] LOG - 22:47:17.663Z mdMgApi open
[2025-09-20 17:47:17.665] LOG - 22:47:17.663Z mdMgApi open
[2025-09-20 17:47:17.668] LOG - 22:47:17.666Z pending jailing done. next starts
[2025-09-20 17:47:17.668] LOG - 22:47:17.666Z pending jailing done. next starts
[2025-09-20 17:47:18.762] LOG - 22:47:18.761Z updating the shared isolation
[2025-09-20 17:47:18.762] LOG - 22:47:18.761Z updating the shared isolation
[2025-09-20 17:47:19.084] LOG - 22:47:19.083Z updating the shared isolation
[2025-09-20 17:47:19.084] LOG - 22:47:19.083Z updating the shared isolation
[2025-09-20 17:47:21.018] LOG - 22:47:21.017Z Auto Order script initialized - AUTOMATIC HOT RELOAD SUCCESS!
[2025-09-20 17:47:21.020] LOG - 22:47:21.017Z Auto Order script initialized - AUTOMATIC HOT RELOAD SUCCESS!
[2025-09-20 17:47:21.020] LOG - 22:47:21.018Z Creating UI...
[2025-09-20 17:47:21.020] LOG - 22:47:21.018Z Creating UI...
[2025-09-20 17:47:21.020] LOG - 22:47:21.018Z Creating UI
[2025-09-20 17:47:21.021] LOG - 22:47:21.018Z Creating UI
[2025-09-20 17:47:21.021] LOG - 22:47:21.018Z Stored values: TP=120, SL=40, Qty=30, Tick=0.25, Symbol=NQ
[2025-09-20 17:47:21.021] LOG - 22:47:21.018Z Stored values: TP=120, SL=40, Qty=30, Tick=0.25, Symbol=NQ
[2025-09-20 17:47:21.021] LOG - 22:47:21.021Z UI container added to DOM
[2025-09-20 17:47:21.022] LOG - 22:47:21.021Z UI container added to DOM
[2025-09-20 17:47:21.023] LOG - 22:47:21.021Z Setting up UI event handlers
[2025-09-20 17:47:21.023] LOG - 22:47:21.021Z Setting up UI event handlers
[2025-09-20 17:47:21.024] LOG - 22:47:21.021Z Setting up persistent settings
[2025-09-20 17:47:21.024] LOG - 22:47:21.021Z Setting up persistent settings
[2025-09-20 17:47:21.025] LOG - 22:47:21.021Z Setting up drag functionality
[2025-09-20 17:47:21.026] LOG - 22:47:21.021Z Setting up drag functionality
[2025-09-20 17:47:21.026] LOG - 22:47:21.021Z Setting up trade buttons
[2025-09-20 17:47:21.027] LOG - 22:47:21.021Z Setting up trade buttons
[2025-09-20 17:47:21.027] LOG - 22:47:21.021Z UI creation complete
[2025-09-20 17:47:21.028] LOG - 22:47:21.021Z UI creation complete
[2025-09-20 17:47:21.029] LOG - 22:47:21.021Z Creating example front-quarter symbol
[2025-09-20 17:47:21.029] LOG - 22:47:21.021Z Creating example front-quarter symbol
[2025-09-20 17:47:21.030] LOG - 22:47:21.022Z getQuarterlyCode called with date: 2025-09-20T22:47:21.022Z
[2025-09-20 17:47:21.031] LOG - 22:47:21.022Z getQuarterlyCode called with date: 2025-09-20T22:47:21.022Z
[2025-09-20 17:47:21.032] LOG - 22:47:21.022Z Current month index: 8
[2025-09-20 17:47:21.032] LOG - 22:47:21.022Z Current month index: 8
[2025-09-20 17:47:21.033] LOG - 22:47:21.022Z Starting calculation with year=2025, month=8
[2025-09-20 17:47:21.034] LOG - 22:47:21.022Z Starting calculation with year=2025, month=8
[2025-09-20 17:47:21.034] LOG - 22:47:21.022Z Calculated quarterly code: letter=Z, yearDigit=5
[2025-09-20 17:47:21.035] LOG - 22:47:21.022Z Calculated quarterly code: letter=Z, yearDigit=5
[2025-09-20 17:47:21.036] LOG - 22:47:21.022Z Example front-quarter symbol created: NQZ5
[2025-09-20 17:47:21.036] LOG - 22:47:21.022Z Example front-quarter symbol created: NQZ5
[2025-09-20 17:47:21.037] LOG - 22:47:21.027Z Auto Risk Management: Running initial risk assessment...
[2025-09-20 17:47:21.038] LOG - 22:47:21.027Z Auto Risk Management: Running initial risk assessment...
[2025-09-20 17:47:21.038] LOG - 22:47:21.028Z [analyzePhase] resetting phaseData
[2025-09-20 17:47:21.039] LOG - 22:47:21.028Z [analyzePhase] resetting phaseData
[2025-09-20 17:47:21.039] LOG - 22:47:21.029Z [analyzePhase] set phase 1 maxActive to 1
[2025-09-20 17:47:21.039] LOG - 22:47:21.029Z [analyzePhase] set phase 1 maxActive to 1
[2025-09-20 17:47:21.039] LOG - 22:47:21.029Z [analyzePhase] increased phase 2 maxActive to 1
[2025-09-20 17:47:21.040] LOG - 22:47:21.029Z [analyzePhase] increased phase 2 maxActive to 1
[2025-09-20 17:47:21.040] LOG - 22:47:21.030Z [updateUserColumnPhaseStatus] Starting...
[2025-09-20 17:47:21.040] LOG - 22:47:21.030Z [updateUserColumnPhaseStatus] Starting...
[2025-09-20 17:47:21.040] LOG - 22:47:21.030Z [updateUserColumnPhaseStatus] Found 4 rows
[2025-09-20 17:47:21.040] LOG - 22:47:21.030Z [updateUserColumnPhaseStatus] Found 4 rows
[2025-09-20 17:47:21.040] LOG - 22:47:21.030Z [updateUserColumnPhaseStatus] Header cells: Account ▲,Total Available Margin,User,Dist Drawdown Net Liq,Dollar Open P L,Dollar Total P L
[2025-09-20 17:47:21.040] LOG - 22:47:21.030Z [updateUserColumnPhaseStatus] Header cells:
[2025-09-20 17:47:21.040] LOG - 22:47:21.030Z [updateUserColumnPhaseStatus] Found User column at index 2
[2025-09-20 17:47:21.041] LOG - 22:47:21.030Z [updateUserColumnPhaseStatus] Found User column at index 2
[2025-09-20 17:47:21.041] LOG - 22:47:21.030Z [updateUserColumnPhaseStatus] Getting table data...
[2025-09-20 17:47:21.041] LOG - 22:47:21.030Z [updateUserColumnPhaseStatus] Getting table data...
[2025-09-20 17:47:21.041] LOG - 22:47:21.030Z [analyzePhase] resetting phaseData
[2025-09-20 17:47:21.041] LOG - 22:47:21.030Z [analyzePhase] resetting phaseData
[2025-09-20 17:47:21.041] LOG - 22:47:21.030Z [analyzePhase] set phase 1 maxActive to 1
[2025-09-20 17:47:21.041] LOG - 22:47:21.030Z [analyzePhase] set phase 1 maxActive to 1
[2025-09-20 17:47:21.041] LOG - 22:47:21.030Z [analyzePhase] increased phase 2 maxActive to 1
[2025-09-20 17:47:21.042] LOG - 22:47:21.030Z [analyzePhase] increased phase 2 maxActive to 1
[2025-09-20 17:47:21.042] LOG - 22:47:21.031Z [updateUserColumnPhaseStatus] Table data: 3 rows
[2025-09-20 17:47:21.042] LOG - 22:47:21.031Z [updateUserColumnPhaseStatus] Table data: 3 rows
[2025-09-20 17:47:21.042] LOG - 22:47:21.031Z [updateUserColumnPhaseStatus] First data row has 6 cells, we need index 2
[2025-09-20 17:47:21.042] LOG - 22:47:21.031Z [updateUserColumnPhaseStatus] First data row has 6 cells, we need index 2
[2025-09-20 17:47:21.042] LOG - 22:47:21.031Z [updateUserColumnPhaseStatus] Setting row 1 (DEMO3655059) phase=1, active=true
[2025-09-20 17:47:21.042] LOG - 22:47:21.031Z [updateUserColumnPhaseStatus] Setting row 1 (DEMO3655059) phase=1, active=true
[2025-09-20 17:47:21.042] LOG - 22:47:21.031Z [updateUserColumnPhaseStatus] Setting row 2 (DEMO3655059-1) phase=2, active=true
[2025-09-20 17:47:21.042] LOG - 22:47:21.031Z [updateUserColumnPhaseStatus] Setting row 2 (DEMO3655059-1) phase=2, active=true
[2025-09-20 17:47:21.042] LOG - 22:47:21.031Z [updateUserColumnPhaseStatus] Setting row 3 (DEMO3655059-2) phase=2, active=false
[2025-09-20 17:47:21.043] LOG - 22:47:21.031Z [updateUserColumnPhaseStatus] Setting row 3 (DEMO3655059-2) phase=2, active=false
[2025-09-20 17:47:21.043] LOG - 22:47:21.031Z [updateUserColumnPhaseStatus] Completed
[2025-09-20 17:47:21.043] LOG - 22:47:21.031Z [updateUserColumnPhaseStatus] Completed
[2025-09-20 17:47:21.067] warning - The AudioContext was not allowed to start. It must be resumed (or created) after a user gesture on the page. https://developer.chrome.com/blog/autoplay/#web_audio
[2025-09-20 17:47:21.068] LOG - 22:47:21.055Z Auto Risk Management: Initial risk assessment completed
[2025-09-20 17:47:21.068] LOG - 22:47:21.055Z Auto Risk Management: Initial risk assessment completed
[2025-09-20 17:47:22.075] LOG - 22:47:22.074Z Executing initial risk management assessment...
[2025-09-20 17:47:22.077] LOG - 22:47:22.074Z Executing initial risk management assessment...
[2025-09-20 17:47:22.078] ERROR - 22:47:22.074Z getTableData function not found
[2025-09-20 17:47:22.078] ERROR - 22:47:22.074Z getTableData function not found
[2025-09-20 17:47:22.079] ERROR - 22:47:22.074Z updateUserColumnPhaseStatus function not found
[2025-09-20 17:47:22.080] ERROR - 22:47:22.074Z updateUserColumnPhaseStatus function not found
[2025-09-20 17:47:22.080] ERROR - 22:47:22.074Z performAccountActions function not found
[2025-09-20 17:47:22.080] ERROR - 22:47:22.074Z performAccountActions function not found
[2025-09-20 17:47:22.081] LOG - 22:47:22.075Z Risk management assessment completed
[2025-09-20 17:47:22.081] LOG - 22:47:22.075Z Risk management assessment completed
[2025-09-20 17:47:22.100] LOG - 22:47:22.098Z [analyzePhase] resetting phaseData
[2025-09-20 17:47:22.100] LOG - 22:47:22.098Z [analyzePhase] resetting phaseData
[2025-09-20 17:47:22.101] LOG - 22:47:22.099Z [analyzePhase] set phase 1 maxActive to 1
[2025-09-20 17:47:22.102] LOG - 22:47:22.099Z [analyzePhase] set phase 1 maxActive to 1
[2025-09-20 17:47:22.102] LOG - 22:47:22.099Z [analyzePhase] increased phase 2 maxActive to 1
[2025-09-20 17:47:22.103] LOG - 22:47:22.099Z [analyzePhase] increased phase 2 maxActive to 1
[2025-09-20 17:47:22.602] LOG - 22:47:22.601Z [analyzePhase] resetting phaseData
[2025-09-20 17:47:22.604] LOG - 22:47:22.601Z [analyzePhase] resetting phaseData
[2025-09-20 17:47:22.604] LOG - 22:47:22.601Z [analyzePhase] set phase 1 maxActive to 1
[2025-09-20 17:47:22.605] LOG - 22:47:22.601Z [analyzePhase] set phase 1 maxActive to 1
[2025-09-20 17:47:22.606] LOG - 22:47:22.601Z [analyzePhase] increased phase 2 maxActive to 1
[2025-09-20 17:47:22.606] LOG - 22:47:22.601Z [analyzePhase] increased phase 2 maxActive to 1
[2025-09-20 17:47:22.607] LOG - 22:47:22.603Z Set DEMO3655059 qty to 20
[2025-09-20 17:47:22.608] LOG - 22:47:22.603Z Set DEMO3655059-1 qty to 10
[2025-09-20 17:47:22.609] LOG - 22:47:22.603Z [analyzePhase] resetting phaseData
[2025-09-20 17:47:22.609] LOG - 22:47:22.603Z [analyzePhase] resetting phaseData
[2025-09-20 17:47:22.609] LOG - 22:47:22.603Z [analyzePhase] set phase 1 maxActive to 1
[2025-09-20 17:47:22.610] LOG - 22:47:22.603Z [analyzePhase] set phase 1 maxActive to 1
[2025-09-20 17:47:22.610] LOG - 22:47:22.604Z [analyzePhase] increased phase 2 maxActive to 1
[2025-09-20 17:47:22.610] LOG - 22:47:22.604Z [analyzePhase] increased phase 2 maxActive to 1
[2025-09-20 17:47:24.140] LOG - 22:47:24.138Z Updated master quantity to 30
[2025-09-20 17:47:24.141] LOG - 22:47:24.138Z Quantity input changed to: 30
[2025-09-20 17:47:24.141] LOG - 22:47:24.138Z Quantity input changed to: 30
[2025-09-20 17:47:24.141] LOG - 22:47:24.138Z Updated bracket trade quantity to 30
[2025-09-20 17:47:43.677] INFO - 22:47:43.662Z visibilitychange: hidden, gd: 1000
[2025-09-20 17:47:43.691] INFO - 22:47:43.662Z visibilitychange: hidden, gd: 1000
