[2025-09-20 17:47:10.950] LOG - 22:47:10.949Z Starting login process for: zenex3298@gmail.com
[2025-09-20 17:47:10.951] LOG - 22:47:10.949Z Starting login process for: zenex3298@gmail.com
[2025-09-20 17:47:10.951] LOG - 22:47:10.950Z Auto login function executing for: zenex3298@gmail.com
[2025-09-20 17:47:10.951] LOG - 22:47:10.950Z Auto login function executing for: zenex3298@gmail.com
[2025-09-20 17:47:10.951] LOG - 22:47:10.950Z Login form found, filling credentials...
[2025-09-20 17:47:10.951] LOG - 22:47:10.950Z Login form found, filling credentials...
[2025-09-20 17:47:11.093] LOG - 22:47:10.981Z Test element added to DOM
[2025-09-20 17:47:11.094] LOG - 22:47:10.981Z Test element added to DOM
[2025-09-20 17:47:11.099] LOG - 22:47:11.097Z All browser alerts and confirmations have been disabled
[2025-09-20 17:47:11.100] LOG - 22:47:11.097Z All browser alerts and confirmations have been disabled
[2025-09-20 17:47:11.467] LOG - 22:47:11.465Z Clicking login button...
[2025-09-20 17:47:11.468] LOG - 22:47:11.465Z Clicking login button...
[2025-09-20 17:47:11.479] LOG - 22:47:11.476Z authentication starting
[2025-09-20 17:47:11.479] LOG - 22:47:11.476Z authentication starting
[2025-09-20 17:47:11.812] warning - The AudioContext was not allowed to start. It must be resumed (or created) after a user gesture on the page. https://developer.chrome.com/blog/autoplay/#web_audio
[2025-09-20 17:47:11.817] LOG - 22:47:11.800Z Watching for account selection page...
[2025-09-20 17:47:11.818] LOG - 22:47:11.800Z Watching for account selection page...
[2025-09-20 17:47:12.084] LOG - 22:47:12.083Z Access token will be renewed in 75 minutes; expired: Sat Sep 20 2025 19:07:12 GMT-0500 (Central Daylight Time), now: Sat Sep 20 2025 17:47:12 GMT-0500 (Central Daylight Time)
[2025-09-20 17:47:12.084] LOG - 22:47:12.083Z Access token will be renewed in 75 minutes; expired: Sat Sep 20 2025 19:07:12 GMT-0500 (Central Daylight Time), now: Sat Sep 20 2025 17:47:12 GMT-0500 (Central Daylight Time)
[2025-09-20 17:47:12.711] error - Access to XMLHttpRequest at 'https://app.launchdarkly.com/sdk/evalx/66cdf5b9cf61891061b4e437/contexts/eyJraW5kIjoidXNlciIsImtleSI6IjQ2NTYwMjciLCJkZXZpY2UiOiJkZXNrdG9wIiwidXNlcklkIjo0NjU2MDI3LCJpcENvdW50cnkiOiJVUyIsIm9yZ05hbWUiOiJURFYiLCJuYW1lIjoiWmVuZXgzMjk4IiwibGFuZGluZ1BhcmFtcyI6IiJ9' from origin 'https://trader.tradovate.com' has been blocked by CORS policy: No 'Access-Control-Allow-Origin' header is present on the requested resource.
[2025-09-20 17:47:12.712] ERROR - 22:47:12.710Z [LaunchDarkly] network error (Error)
[2025-09-20 17:47:12.713] ERROR - 22:47:12.710Z [LaunchDarkly] network error (Error)
[2025-09-20 17:47:12.713] error - Failed to load resource: net::ERR_FAILED
[2025-09-20 17:47:12.722] ERROR - Exception: t
[2025-09-20 17:47:12.742] error - Access to XMLHttpRequest at 'https://app.launchdarkly.com/sdk/evalx/66cdf5b9cf61891061b4e437/contexts/eyJraW5kIjoidXNlciIsImtleSI6IjQ2NTYwMjciLCJkZXZpY2UiOiJkZXNrdG9wIiwidXNlcklkIjo0NjU2MDI3LCJpcENvdW50cnkiOiJVUyIsIm9yZ05hbWUiOiJURFYiLCJuYW1lIjoiWmVuZXgzMjk4IiwibGFuZGluZ1BhcmFtcyI6IiJ9' from origin 'https://trader.tradovate.com' has been blocked by CORS policy: No 'Access-Control-Allow-Origin' header is present on the requested resource.
[2025-09-20 17:47:12.743] ERROR - 22:47:12.737Z [LaunchDarkly] network error (Error)
[2025-09-20 17:47:12.744] ERROR - 22:47:12.737Z [LaunchDarkly] network error (Error)
[2025-09-20 17:47:12.745] error - Failed to load resource: net::ERR_FAILED
[2025-09-20 17:47:12.745] ERROR - Exception: t
[2025-09-20 17:47:13.303] LOG - 22:47:13.301Z Account selection page detected, clicking button...
[2025-09-20 17:47:13.303] LOG - 22:47:13.301Z Account selection page detected, clicking button...
[2025-09-20 17:47:13.463] LOG - 22:47:13.437Z Access token will be renewed in 75 minutes; expired: Sat Sep 20 2025 19:07:12 GMT-0500 (Central Daylight Time), now: Sat Sep 20 2025 17:47:13 GMT-0500 (Central Daylight Time)
[2025-09-20 17:47:13.463] LOG - 22:47:13.437Z Access token will be renewed in 75 minutes; expired: Sat Sep 20 2025 19:07:12 GMT-0500 (Central Daylight Time), now: Sat Sep 20 2025 17:47:13 GMT-0500 (Central Daylight Time)
[2025-09-20 17:47:13.532] error - Refused to connect to 'https://bat.bing.com/actionp/0?ti=26330043&Ver=2&mid=5d82e38b-2c8b-4493-ba9c-5641dd67a2cd&bo=2&sid=49ffa650964611f0b1c77d72422fc1b9&vid=99c3288092fe11f0bc7275adc39e6add&vids=0&msclkid=N&evt=pageHide' because it violates the following Content Security Policy directive: "connect-src wss://*.tradovate.com https://*.tradovate.com https://*.ntinnolab.com https://*.devel.ninjatrader.dev https://*.staging.ninjatrader.dev https://*.uat.ninjatrader.dev wss://*.ntinnolab.com wss://*.devel.ninjatrader.dev wss://*.staging.ninjatrader.dev wss://*.uat.ninjatrader.dev wss://*.tradovateapi.com https://*.tradovateapi.com https://*.ninjatrader.com https://cdn.walkme.com https://ec.walkme.com https://sessions.bugsnag.com https://notify.bugsnag.com https://*.plaid.com https://*.yodlee.com https://tradovate.zendesk.com https://rollout.ada.support https://static.ada.support https://ninjatrader.ada.support https://tradovate.ada.support https://ninjatrader-eap.ada.support/ https://demo-ninjatrader-gr.ada.support/ https://tradovate-gen.ada.support/ https://api.stripe.com https://apiproxy.ninjatrader.com https://apiproxy-d.ninjatrader.com https://us-autocomplete-pro.api.smartystreets.com https://international-autocomplete.api.smarty.com https://maps.googleapis.com https://accounts.google.com/ https://www.google.com https://www.googletagmanager.com/ https://*.browser-intake-datadoghq.com https://scripts.neuro-id.com https://receiver.neuroid.cloud https://logs.neuro-id.com https://firebaseinstallations.googleapis.com/ https://firebaseremoteconfig.googleapis.com/ https://logx.optimizely.com https://*.optimizely.com wss://mpsnare.iesnare.com wss://ci-mpsnare.iovation.com https://*.iovation.com/ https://*.reddit.com  https://www.redditstatic.com https://*.taboola.com https://*.launchdarkly.com https://*.alloy.co https://*.maze.co https://www.google-analytics.com https://analytics.google.com https://www.googletagmanager.com/ https://api.hubapi.com https://forms.hubspot.com https://stats.g.doubleclick.net https://alb.reddit.com https://analytics.twitter.com https://heapanalytics.com https://*.auryc.com https://*.contentsquare.net https://siteintercept.qualtrics.com https://api.userway.org/".

[2025-09-20 17:47:13.534] INFO - 22:47:13.530Z visibilitychange: hidden, gd: 1000
[2025-09-20 17:47:13.536] INFO - 22:47:13.530Z visibilitychange: hidden, gd: 1000
[2025-09-20 17:47:13.536] WARNING - 22:47:13.531Z [LaunchDarkly] Error on stream connection: {"isTrusted":true}, will continue retrying after 897 milliseconds.
[2025-09-20 17:47:13.536] WARNING - 22:47:13.531Z [LaunchDarkly] Error on stream connection: {"isTrusted":true}, will continue retrying after 897 milliseconds.
[2025-09-20 17:47:13.536] INFO - 22:47:13.531Z [LaunchDarkly] Closing stream connection
[2025-09-20 17:47:13.537] INFO - 22:47:13.531Z [LaunchDarkly] Closing stream connection
[2025-09-20 17:47:13.679] WARNING - Duplicate atom key "locale". This is a FATAL ERROR in
      production. But it is safe to ignore this warning if it occurred because of
      hot module replacement.
[2025-09-20 17:47:13.682] WARNING - Duplicate atom key "locale". This is a FATAL ERROR in
      production. But it is safe to ignore this warning if it occurred because of
      hot module replacement.
[2025-09-20 17:47:13.683] WARNING - Duplicate atom key "muiTheme". This is a FATAL ERROR in
      production. But it is safe to ignore this warning if it occurred because of
      hot module replacement.
[2025-09-20 17:47:13.684] WARNING - Duplicate atom key "muiTheme". This is a FATAL ERROR in
      production. But it is safe to ignore this warning if it occurred because of
      hot module replacement.
[2025-09-20 17:47:13.685] WARNING - Duplicate atom key "appLinksFooter". This is a FATAL ERROR in
      production. But it is safe to ignore this warning if it occurred because of
      hot module replacement.
[2025-09-20 17:47:13.688] WARNING - Duplicate atom key "appLinksFooter". This is a FATAL ERROR in
      production. But it is safe to ignore this warning if it occurred because of
      hot module replacement.
[2025-09-20 17:47:13.689] WARNING - Duplicate atom key "currentUserId2". This is a FATAL ERROR in
      production. But it is safe to ignore this warning if it occurred because of
      hot module replacement.
[2025-09-20 17:47:13.690] WARNING - Duplicate atom key "currentUserId2". This is a FATAL ERROR in
      production. But it is safe to ignore this warning if it occurred because of
      hot module replacement.
[2025-09-20 17:47:13.692] WARNING - Duplicate atom key "onboardingInProgress". This is a FATAL ERROR in
      production. But it is safe to ignore this warning if it occurred because of
      hot module replacement.
[2025-09-20 17:47:13.692] WARNING - Duplicate atom key "onboardingInProgress". This is a FATAL ERROR in
      production. But it is safe to ignore this warning if it occurred because of
      hot module replacement.
[2025-09-20 17:47:13.695] WARNING - Duplicate atom key "editing". This is a FATAL ERROR in
      production. But it is safe to ignore this warning if it occurred because of
      hot module replacement.
[2025-09-20 17:47:13.696] WARNING - Duplicate atom key "editing". This is a FATAL ERROR in
      production. But it is safe to ignore this warning if it occurred because of
      hot module replacement.
[2025-09-20 17:47:13.697] WARNING - Duplicate atom key "infoMessage". This is a FATAL ERROR in
      production. But it is safe to ignore this warning if it occurred because of
      hot module replacement.
[2025-09-20 17:47:13.698] WARNING - Duplicate atom key "infoMessage". This is a FATAL ERROR in
      production. But it is safe to ignore this warning if it occurred because of
      hot module replacement.
[2025-09-20 17:47:13.699] WARNING - Duplicate atom key "browserWarning". This is a FATAL ERROR in
      production. But it is safe to ignore this warning if it occurred because of
      hot module replacement.
[2025-09-20 17:47:13.699] WARNING - Duplicate atom key "browserWarning". This is a FATAL ERROR in
      production. But it is safe to ignore this warning if it occurred because of
      hot module replacement.
[2025-09-20 17:47:13.700] WARNING - Duplicate atom key "clockWarning". This is a FATAL ERROR in
      production. But it is safe to ignore this warning if it occurred because of
      hot module replacement.
[2025-09-20 17:47:13.701] WARNING - Duplicate atom key "clockWarning". This is a FATAL ERROR in
      production. But it is safe to ignore this warning if it occurred because of
      hot module replacement.
[2025-09-20 17:47:13.702] WARNING - Duplicate atom key "breakpoint". This is a FATAL ERROR in
      production. But it is safe to ignore this warning if it occurred because of
      hot module replacement.
[2025-09-20 17:47:13.703] WARNING - Duplicate atom key "breakpoint". This is a FATAL ERROR in
      production. But it is safe to ignore this warning if it occurred because of
      hot module replacement.
[2025-09-20 17:47:13.704] WARNING - Duplicate atom key "inMobileRange". This is a FATAL ERROR in
      production. But it is safe to ignore this warning if it occurred because of
      hot module replacement.
[2025-09-20 17:47:13.704] WARNING - Duplicate atom key "inMobileRange". This is a FATAL ERROR in
      production. But it is safe to ignore this warning if it occurred because of
      hot module replacement.
[2025-09-20 17:47:13.705] WARNING - Duplicate atom key "gridSpacing". This is a FATAL ERROR in
      production. But it is safe to ignore this warning if it occurred because of
      hot module replacement.
[2025-09-20 17:47:13.706] WARNING - Duplicate atom key "gridSpacing". This is a FATAL ERROR in
      production. But it is safe to ignore this warning if it occurred because of
      hot module replacement.
[2025-09-20 17:47:13.707] WARNING - Duplicate atom key "login". This is a FATAL ERROR in
      production. But it is safe to ignore this warning if it occurred because of
      hot module replacement.
[2025-09-20 17:47:13.707] WARNING - Duplicate atom key "login". This is a FATAL ERROR in
      production. But it is safe to ignore this warning if it occurred because of
      hot module replacement.
[2025-09-20 17:47:13.707] WARNING - Duplicate atom key "error". This is a FATAL ERROR in
      production. But it is safe to ignore this warning if it occurred because of
      hot module replacement.
[2025-09-20 17:47:13.707] WARNING - Duplicate atom key "error". This is a FATAL ERROR in
      production. But it is safe to ignore this warning if it occurred because of
      hot module replacement.
[2025-09-20 17:47:13.707] WARNING - Duplicate atom key "contactInfos2". This is a FATAL ERROR in
      production. But it is safe to ignore this warning if it occurred because of
      hot module replacement.
[2025-09-20 17:47:13.707] WARNING - Duplicate atom key "contactInfos2". This is a FATAL ERROR in
      production. But it is safe to ignore this warning if it occurred because of
      hot module replacement.
[2025-09-20 17:47:13.708] WARNING - Duplicate atom key "individualApplicantsTimestamp". This is a FATAL ERROR in
      production. But it is safe to ignore this warning if it occurred because of
      hot module replacement.
[2025-09-20 17:47:13.708] WARNING - Duplicate atom key "individualApplicantsTimestamp". This is a FATAL ERROR in
      production. But it is safe to ignore this warning if it occurred because of
      hot module replacement.
[2025-09-20 17:47:13.708] WARNING - Duplicate atom key "customerApplication". This is a FATAL ERROR in
      production. But it is safe to ignore this warning if it occurred because of
      hot module replacement.
[2025-09-20 17:47:13.708] WARNING - Duplicate atom key "customerApplication". This is a FATAL ERROR in
      production. But it is safe to ignore this warning if it occurred because of
      hot module replacement.
[2025-09-20 17:47:13.708] WARNING - Duplicate atom key "individualApplicants". This is a FATAL ERROR in
      production. But it is safe to ignore this warning if it occurred because of
      hot module replacement.
[2025-09-20 17:47:13.708] WARNING - Duplicate atom key "individualApplicants". This is a FATAL ERROR in
      production. But it is safe to ignore this warning if it occurred because of
      hot module replacement.
[2025-09-20 17:47:13.708] WARNING - Duplicate atom key "clearingHouses". This is a FATAL ERROR in
      production. But it is safe to ignore this warning if it occurred because of
      hot module replacement.
[2025-09-20 17:47:13.708] WARNING - Duplicate atom key "clearingHouses". This is a FATAL ERROR in
      production. But it is safe to ignore this warning if it occurred because of
      hot module replacement.
[2025-09-20 17:47:13.708] WARNING - Duplicate atom key "clearXClearingHouse". This is a FATAL ERROR in
      production. But it is safe to ignore this warning if it occurred because of
      hot module replacement.
[2025-09-20 17:47:13.709] WARNING - Duplicate atom key "clearXClearingHouse". This is a FATAL ERROR in
      production. But it is safe to ignore this warning if it occurred because of
      hot module replacement.
[2025-09-20 17:47:13.709] WARNING - Duplicate atom key "applicationClearingHouse". This is a FATAL ERROR in
      production. But it is safe to ignore this warning if it occurred because of
      hot module replacement.
[2025-09-20 17:47:13.709] WARNING - Duplicate atom key "applicationClearingHouse". This is a FATAL ERROR in
      production. But it is safe to ignore this warning if it occurred because of
      hot module replacement.
[2025-09-20 17:47:13.709] WARNING - Duplicate atom key "userLocation". This is a FATAL ERROR in
      production. But it is safe to ignore this warning if it occurred because of
      hot module replacement.
[2025-09-20 17:47:13.709] WARNING - Duplicate atom key "userLocation". This is a FATAL ERROR in
      production. But it is safe to ignore this warning if it occurred because of
      hot module replacement.
[2025-09-20 17:47:13.709] WARNING - Duplicate atom key "savedApplicationsTimestamp". This is a FATAL ERROR in
      production. But it is safe to ignore this warning if it occurred because of
      hot module replacement.
[2025-09-20 17:47:13.709] WARNING - Duplicate atom key "savedApplicationsTimestamp". This is a FATAL ERROR in
      production. But it is safe to ignore this warning if it occurred because of
      hot module replacement.
[2025-09-20 17:47:13.709] WARNING - Duplicate atom key "savedApplications". This is a FATAL ERROR in
      production. But it is safe to ignore this warning if it occurred because of
      hot module replacement.
[2025-09-20 17:47:13.710] WARNING - Duplicate atom key "savedApplications". This is a FATAL ERROR in
      production. But it is safe to ignore this warning if it occurred because of
      hot module replacement.
[2025-09-20 17:47:13.710] WARNING - Duplicate atom key "step". This is a FATAL ERROR in
      production. But it is safe to ignore this warning if it occurred because of
      hot module replacement.
[2025-09-20 17:47:13.710] WARNING - Duplicate atom key "step". This is a FATAL ERROR in
      production. But it is safe to ignore this warning if it occurred because of
      hot module replacement.
[2025-09-20 17:47:13.710] WARNING - Duplicate atom key "checkStates". This is a FATAL ERROR in
      production. But it is safe to ignore this warning if it occurred because of
      hot module replacement.
[2025-09-20 17:47:13.710] WARNING - Duplicate atom key "checkStates". This is a FATAL ERROR in
      production. But it is safe to ignore this warning if it occurred because of
      hot module replacement.
[2025-09-20 17:47:13.710] WARNING - Duplicate atom key "signStates". This is a FATAL ERROR in
      production. But it is safe to ignore this warning if it occurred because of
      hot module replacement.
[2025-09-20 17:47:13.710] WARNING - Duplicate atom key "signStates". This is a FATAL ERROR in
      production. But it is safe to ignore this warning if it occurred because of
      hot module replacement.
[2025-09-20 17:47:13.710] WARNING - Duplicate atom key "wizard". This is a FATAL ERROR in
      production. But it is safe to ignore this warning if it occurred because of
      hot module replacement.
[2025-09-20 17:47:13.711] WARNING - Duplicate atom key "wizard". This is a FATAL ERROR in
      production. But it is safe to ignore this warning if it occurred because of
      hot module replacement.
[2025-09-20 17:47:13.711] WARNING - Duplicate atom key "formBuilder". This is a FATAL ERROR in
      production. But it is safe to ignore this warning if it occurred because of
      hot module replacement.
[2025-09-20 17:47:13.711] WARNING - Duplicate atom key "formBuilder". This is a FATAL ERROR in
      production. But it is safe to ignore this warning if it occurred because of
      hot module replacement.
[2025-09-20 17:47:13.711] WARNING - Duplicate atom key "headerSlot". This is a FATAL ERROR in
      production. But it is safe to ignore this warning if it occurred because of
      hot module replacement.
[2025-09-20 17:47:13.711] WARNING - Duplicate atom key "headerSlot". This is a FATAL ERROR in
      production. But it is safe to ignore this warning if it occurred because of
      hot module replacement.
[2025-09-20 17:47:13.711] WARNING - Duplicate atom key "footerSlot". This is a FATAL ERROR in
      production. But it is safe to ignore this warning if it occurred because of
      hot module replacement.
[2025-09-20 17:47:13.711] WARNING - Duplicate atom key "footerSlot". This is a FATAL ERROR in
      production. But it is safe to ignore this warning if it occurred because of
      hot module replacement.
[2025-09-20 17:47:13.711] WARNING - Duplicate atom key "alloyJourneyToken". This is a FATAL ERROR in
      production. But it is safe to ignore this warning if it occurred because of
      hot module replacement.
[2025-09-20 17:47:13.712] WARNING - Duplicate atom key "alloyJourneyToken". This is a FATAL ERROR in
      production. But it is safe to ignore this warning if it occurred because of
      hot module replacement.
[2025-09-20 17:47:13.712] DEBUG - [bugsnag] Loaded!
[2025-09-20 17:47:13.712] DEBUG - [bugsnag] Loaded!
[2025-09-20 17:47:13.712] INFO - Version 3.250912.0 prod production 
[2025-09-20 17:47:13.712] INFO - Version 3.250912.0 prod production 
[2025-09-20 17:47:13.712] INFO - Time: Sat Sep 20 2025 17:47:13 GMT-0500 (Central Daylight Time)
[2025-09-20 17:47:13.712] INFO - Time:
[2025-09-20 17:47:13.735] LOG - 22:47:13.733Z Try to restore session
[2025-09-20 17:47:13.735] LOG - 22:47:13.733Z Try to restore session
[2025-09-20 17:47:13.736] LOG - 22:47:13.734Z Access token will be renewed in 75 minutes; expired: Sat Sep 20 2025 19:07:12 GMT-0500 (Central Daylight Time), now: Sat Sep 20 2025 17:47:13 GMT-0500 (Central Daylight Time)
[2025-09-20 17:47:13.736] LOG - 22:47:13.734Z Access token will be renewed in 75 minutes; expired: Sat Sep 20 2025 19:07:12 GMT-0500 (Central Daylight Time), now: Sat Sep 20 2025 17:47:13 GMT-0500 (Central Daylight Time)
[2025-09-20 17:47:13.741] WARNING - 22:47:13.740Z [LaunchDarkly] The waitForInitialization function was called without a timeout specified. In a future version a default timeout will be applied.
[2025-09-20 17:47:13.741] WARNING - 22:47:13.740Z [LaunchDarkly] The waitForInitialization function was called without a timeout specified. In a future version a default timeout will be applied.
[2025-09-20 17:47:13.745] INFO - 22:47:13.744Z chart cache state: islands=3, bars=1532
[2025-09-20 17:47:13.745] INFO - 22:47:13.744Z chart cache state: islands=3, bars=1532
[2025-09-20 17:47:13.746] INFO - 22:47:13.744Z Chart history database initialized
[2025-09-20 17:47:13.746] INFO - 22:47:13.744Z Chart history database initialized
[2025-09-20 17:47:13.756] INFO - 22:47:13.755Z [LaunchDarkly] LaunchDarkly client initialized
[2025-09-20 17:47:13.757] INFO - 22:47:13.755Z [LaunchDarkly] LaunchDarkly client initialized
[2025-09-20 17:47:13.757] INFO - 22:47:13.755Z [LaunchDarkly] Opening stream connection to https://clientstream.launchdarkly.com/eval/66cdf5b9cf61891061b4e437/eyJraW5kIjoidXNlciIsImtleSI6InVua25vd24iLCJhbm9ueW1vdXMiOmZhbHNlfQ
[2025-09-20 17:47:13.757] INFO - 22:47:13.755Z [LaunchDarkly] Opening stream connection to https://clientstream.launchdarkly.com/eval/66cdf5b9cf61891061b4e437/eyJraW5kIjoidXNlciIsImtleSI6InVua25vd24iLCJhbm9ueW1vdXMiOmZhbHNlfQ
[2025-09-20 17:47:14.221] error - Access to XMLHttpRequest at 'https://app.launchdarkly.com/sdk/evalx/66cdf5b9cf61891061b4e437/contexts/eyJraW5kIjoidXNlciIsImtleSI6IjQ2NTYwMjciLCJkZXZpY2UiOiJkZXNrdG9wIiwidXNlcklkIjo0NjU2MDI3LCJpcENvdW50cnkiOiJVUyIsIm9yZ05hbWUiOiJURFYiLCJuYW1lIjoiWmVuZXgzMjk4IiwibGFuZGluZ1BhcmFtcyI6IiJ9' from origin 'https://trader.tradovate.com' has been blocked by CORS policy: No 'Access-Control-Allow-Origin' header is present on the requested resource.
[2025-09-20 17:47:14.222] ERROR - 22:47:14.221Z [LaunchDarkly] network error (Error)
[2025-09-20 17:47:14.222] ERROR - 22:47:14.221Z [LaunchDarkly] network error (Error)
[2025-09-20 17:47:14.223] error - Failed to load resource: net::ERR_FAILED
[2025-09-20 17:47:14.226] ERROR - Exception: t
[2025-09-20 17:47:14.295] LOG - 22:47:14.292Z opening https://demo.tradovateapi.com/
[2025-09-20 17:47:14.295] LOG - 22:47:14.292Z opening https://demo.tradovateapi.com/
[2025-09-20 17:47:14.299] LOG - 22:47:14.298Z Hotkeys initialized {"Shift+Digit1":["orders/selectColumns"],"Shift+Digit2":["orders/showFilters"],"Shift+Digit3":["orders/standardTableView"],"Shift+Digit4":["orders/linkedOrdersView"],"Command+Shift+Digit0":["dom-chart/exit-and-cancel"]}
[2025-09-20 17:47:14.299] LOG - 22:47:14.298Z Hotkeys initialized {"Shift+Digit1":["orders/selectColumns"],"Shift+Digit2":["orders/showFilters"],"Shift+Digit3":["orders/standardTableView"],"Shift+Digit4":["orders/linkedOrdersView"],"Command+Shift+Digit0":["dom-chart/exit-and-cancel"]}
[2025-09-20 17:47:14.365] LOG - 22:47:14.364Z websocket opened
[2025-09-20 17:47:14.365] LOG - 22:47:14.364Z websocket opened
[2025-09-20 17:47:14.416] LOG - 22:47:14.415Z opening https://md-demo.tradovateapi.com/
[2025-09-20 17:47:14.416] LOG - 22:47:14.415Z opening https://md-demo.tradovateapi.com/
[2025-09-20 17:47:14.417] LOG - 22:47:14.416Z Connection:  open
[2025-09-20 17:47:14.417] LOG - 22:47:14.416Z Connection:  open
[2025-09-20 17:47:14.457] LOG - 22:47:14.456Z WebGL:  {"isWebGL2":true,"precision":"highp","logarithmicDepthBuffer":false,"maxTextures":16,"maxVertexTextures":16,"maxTextureSize":16384,"maxCubemapSize":16384,"maxAttributes":16,"maxVertexUniforms":1024,"maxVaryings":30,"maxFragmentUniforms":1024,"vertexTextures":true,"floatFragmentTextures":true,"floatVertexTextures":true,"maxSamples":8} , devicePixelRatio:  2
[2025-09-20 17:47:14.472] LOG - 22:47:14.457Z Canvas size: 500 932 dpp:  2
[2025-09-20 17:47:14.479] LOG - 22:47:14.467Z Loading App-level Plugins
[2025-09-20 17:47:14.480] LOG - 22:47:14.467Z Loading App-level Plugins
[2025-09-20 17:47:14.488] LOG - 22:47:14.481Z WebGL:  {"isWebGL2":true,"precision":"highp","logarithmicDepthBuffer":false,"maxTextures":16,"maxVertexTextures":16,"maxTextureSize":16384,"maxCubemapSize":16384,"maxAttributes":16,"maxVertexUniforms":1024,"maxVaryings":30,"maxFragmentUniforms":1024,"vertexTextures":true,"floatFragmentTextures":true,"floatVertexTextures":true,"maxSamples":8} , devicePixelRatio:  2
[2025-09-20 17:47:14.490] LOG - 22:47:14.481Z Canvas size: 500 932 dpp:  2
[2025-09-20 17:47:14.549] LOG - 22:47:14.527Z websocket opened
[2025-09-20 17:47:14.550] LOG - 22:47:14.527Z websocket opened
[2025-09-20 17:47:14.747] LOG - 22:47:14.745Z loadAppLevelPlugins:  [object Object]
[2025-09-20 17:47:14.747] LOG - 22:47:14.745Z loadAppLevelPlugins: 
[2025-09-20 17:47:15.475] LOG - 22:47:15.474Z jailing is in progress
[2025-09-20 17:47:15.476] LOG - 22:47:15.474Z jailing is in progress
[2025-09-20 17:47:15.680] LOG - 22:47:15.679Z pending jailing done. next starts
[2025-09-20 17:47:15.681] LOG - 22:47:15.679Z pending jailing done. next starts
[2025-09-20 17:47:16.814] LOG - 22:47:16.813Z updating the shared isolation
[2025-09-20 17:47:16.814] LOG - 22:47:16.813Z updating the shared isolation
[2025-09-20 17:47:16.821] LOG - 22:47:16.817Z created chart 1
[2025-09-20 17:47:16.912] LOG - 22:47:16.911Z requestChart: {"symbol":"3267312","chartDescription":{"underlyingType":"Tick","elementSize":5000,"elementSizeUnit":"UnderlyingUnits","withHistogram":false},"timeRange":{"asMuchAsElements":300}}
[2025-09-20 17:47:16.913] LOG - 22:47:16.911Z requestChart: {"symbol":"3267312","chartDescription":{"underlyingType":"Tick","elementSize":5000,"elementSizeUnit":"UnderlyingUnits","withHistogram":false},"timeRange":{"asMuchAsElements":300}}
[2025-09-20 17:47:16.913] LOG - 22:47:16.911Z mdMgApi open
[2025-09-20 17:47:16.913] LOG - 22:47:16.911Z mdMgApi open
[2025-09-20 17:47:22.088] LOG - 22:47:22.086Z Auto Order script initialized - AUTOMATIC HOT RELOAD SUCCESS!
[2025-09-20 17:47:22.089] LOG - 22:47:22.086Z Auto Order script initialized - AUTOMATIC HOT RELOAD SUCCESS!
[2025-09-20 17:47:22.090] LOG - 22:47:22.087Z Creating UI...
[2025-09-20 17:47:22.090] LOG - 22:47:22.087Z Creating UI...
[2025-09-20 17:47:22.090] LOG - 22:47:22.088Z Creating UI
[2025-09-20 17:47:22.090] LOG - 22:47:22.088Z Creating UI
[2025-09-20 17:47:22.090] LOG - 22:47:22.088Z Stored values: TP=120, SL=40, Qty=2, Tick=0.25, Symbol=NQ
[2025-09-20 17:47:22.090] LOG - 22:47:22.088Z Stored values: TP=120, SL=40, Qty=2, Tick=0.25, Symbol=NQ
[2025-09-20 17:47:22.091] LOG - 22:47:22.091Z UI container added to DOM
[2025-09-20 17:47:22.092] LOG - 22:47:22.091Z UI container added to DOM
[2025-09-20 17:47:22.092] LOG - 22:47:22.091Z Setting up UI event handlers
[2025-09-20 17:47:22.093] LOG - 22:47:22.091Z Setting up UI event handlers
[2025-09-20 17:47:22.094] LOG - 22:47:22.091Z Setting up persistent settings
[2025-09-20 17:47:22.094] LOG - 22:47:22.091Z Setting up persistent settings
[2025-09-20 17:47:22.096] LOG - 22:47:22.091Z Setting up drag functionality
[2025-09-20 17:47:22.096] LOG - 22:47:22.091Z Setting up drag functionality
[2025-09-20 17:47:22.097] LOG - 22:47:22.091Z Setting up trade buttons
[2025-09-20 17:47:22.098] LOG - 22:47:22.091Z Setting up trade buttons
[2025-09-20 17:47:22.099] LOG - 22:47:22.091Z UI creation complete
[2025-09-20 17:47:22.099] LOG - 22:47:22.091Z UI creation complete
[2025-09-20 17:47:22.100] LOG - 22:47:22.091Z Creating example front-quarter symbol
[2025-09-20 17:47:22.101] LOG - 22:47:22.091Z Creating example front-quarter symbol
[2025-09-20 17:47:22.102] LOG - 22:47:22.091Z getQuarterlyCode called with date: 2025-09-20T22:47:22.091Z
[2025-09-20 17:47:22.102] LOG - 22:47:22.091Z getQuarterlyCode called with date: 2025-09-20T22:47:22.091Z
[2025-09-20 17:47:22.103] LOG - 22:47:22.092Z Current month index: 8
[2025-09-20 17:47:22.103] LOG - 22:47:22.092Z Current month index: 8
[2025-09-20 17:47:22.103] LOG - 22:47:22.092Z Starting calculation with year=2025, month=8
[2025-09-20 17:47:22.103] LOG - 22:47:22.092Z Starting calculation with year=2025, month=8
[2025-09-20 17:47:22.103] LOG - 22:47:22.092Z Calculated quarterly code: letter=Z, yearDigit=5
[2025-09-20 17:47:22.103] LOG - 22:47:22.092Z Calculated quarterly code: letter=Z, yearDigit=5
[2025-09-20 17:47:22.103] LOG - 22:47:22.092Z Example front-quarter symbol created: NQZ5
[2025-09-20 17:47:22.104] LOG - 22:47:22.092Z Example front-quarter symbol created: NQZ5
[2025-09-20 17:47:22.109] LOG - 22:47:22.107Z Auto Risk Management: Running initial risk assessment...
[2025-09-20 17:47:22.111] LOG - 22:47:22.107Z Auto Risk Management: Running initial risk assessment...
[2025-09-20 17:47:22.112] LOG - 22:47:22.109Z [analyzePhase] resetting phaseData
[2025-09-20 17:47:22.113] LOG - 22:47:22.109Z [analyzePhase] resetting phaseData
[2025-09-20 17:47:22.113] LOG - 22:47:22.109Z [analyzePhase] set phase 1 maxActive to 1
[2025-09-20 17:47:22.114] LOG - 22:47:22.109Z [analyzePhase] set phase 1 maxActive to 1
[2025-09-20 17:47:22.115] LOG - 22:47:22.109Z [analyzePhase] increased phase 2 maxActive to 1
[2025-09-20 17:47:22.115] LOG - 22:47:22.109Z [analyzePhase] increased phase 2 maxActive to 1
[2025-09-20 17:47:22.116] LOG - 22:47:22.109Z [updateUserColumnPhaseStatus] Starting...
[2025-09-20 17:47:22.117] LOG - 22:47:22.109Z [updateUserColumnPhaseStatus] Starting...
[2025-09-20 17:47:22.118] LOG - 22:47:22.110Z [updateUserColumnPhaseStatus] Found 1 rows
[2025-09-20 17:47:22.118] LOG - 22:47:22.110Z [updateUserColumnPhaseStatus] Found 1 rows
[2025-09-20 17:47:22.118] LOG - 22:47:22.110Z [updateUserColumnPhaseStatus] Header cells: Account ▲,Total Available Margin,User,Dist Drawdown Net Liq,Dollar Open P L,Dollar Total P L
[2025-09-20 17:47:22.119] LOG - 22:47:22.110Z [updateUserColumnPhaseStatus] Header cells:
[2025-09-20 17:47:22.119] LOG - 22:47:22.110Z [updateUserColumnPhaseStatus] Found User column at index 2
[2025-09-20 17:47:22.119] LOG - 22:47:22.110Z [updateUserColumnPhaseStatus] Found User column at index 2
[2025-09-20 17:47:22.119] LOG - 22:47:22.110Z [updateUserColumnPhaseStatus] Getting table data...
[2025-09-20 17:47:22.119] LOG - 22:47:22.110Z [updateUserColumnPhaseStatus] Getting table data...
[2025-09-20 17:47:22.119] LOG - 22:47:22.110Z [analyzePhase] resetting phaseData
[2025-09-20 17:47:22.119] LOG - 22:47:22.110Z [analyzePhase] resetting phaseData
[2025-09-20 17:47:22.120] LOG - 22:47:22.110Z [analyzePhase] set phase 1 maxActive to 1
[2025-09-20 17:47:22.120] LOG - 22:47:22.110Z [analyzePhase] set phase 1 maxActive to 1
[2025-09-20 17:47:22.120] LOG - 22:47:22.110Z [analyzePhase] increased phase 2 maxActive to 1
[2025-09-20 17:47:22.120] LOG - 22:47:22.110Z [analyzePhase] increased phase 2 maxActive to 1
[2025-09-20 17:47:22.120] LOG - 22:47:22.111Z [updateUserColumnPhaseStatus] Table data: 0 rows
[2025-09-20 17:47:22.120] LOG - 22:47:22.111Z [updateUserColumnPhaseStatus] Table data: 0 rows
[2025-09-20 17:47:22.121] ERROR - 22:47:22.111Z [updateUserColumnPhaseStatus] No data from getTableData()
[2025-09-20 17:47:22.121] ERROR - 22:47:22.111Z [updateUserColumnPhaseStatus] No data from getTableData()
[2025-09-20 17:47:22.138] warning - The AudioContext was not allowed to start. It must be resumed (or created) after a user gesture on the page. https://developer.chrome.com/blog/autoplay/#web_audio
[2025-09-20 17:47:22.139] LOG - 22:47:22.125Z Auto Risk Management: Initial risk assessment completed
[2025-09-20 17:47:22.139] LOG - 22:47:22.125Z Auto Risk Management: Initial risk assessment completed
[2025-09-20 17:47:23.129] LOG - 22:47:23.127Z [analyzePhase] resetting phaseData
[2025-09-20 17:47:23.130] LOG - 22:47:23.127Z [analyzePhase] resetting phaseData
[2025-09-20 17:47:23.131] LOG - 22:47:23.127Z [analyzePhase] set phase 1 maxActive to 1
[2025-09-20 17:47:23.131] LOG - 22:47:23.127Z [analyzePhase] set phase 1 maxActive to 1
[2025-09-20 17:47:23.131] LOG - 22:47:23.127Z [analyzePhase] increased phase 2 maxActive to 1
[2025-09-20 17:47:23.131] LOG - 22:47:23.127Z [analyzePhase] increased phase 2 maxActive to 1
[2025-09-20 17:47:23.132] WARNING - 22:47:23.128Z Error in deferred func: TypeError: Cannot read properties of undefined (reading 'querySelector'), function(){d(a),f(function(){d(null)},0);var e=i.apply(this,arguments);return d(null),e} TypeError: Cannot read properties of undefined (reading 'querySelector'),    at <anonymous>:377:98,    at i.__trace__ (https://cdn.tradovate.com/tradovate/scripts/8623.bc07fac1.js:2:4608552),    at https://cdn.tradovate.com/tradovate/scripts/8623.bc07fac1.js:2:3545147
[2025-09-20 17:47:23.132] WARNING - 22:47:23.128Z Error in deferred func: TypeError: Cannot read properties of undefined (reading 'querySelector'), function(){d(a),f(function(){d(null)},0);var e=i.apply(this,arguments);return d(null),e}
[2025-09-20 17:47:23.145] LOG - 22:47:23.143Z Executing initial risk management assessment...
[2025-09-20 17:47:23.146] LOG - 22:47:23.143Z Executing initial risk management assessment...
[2025-09-20 17:47:23.147] ERROR - 22:47:23.143Z getTableData function not found
[2025-09-20 17:47:23.148] ERROR - 22:47:23.143Z getTableData function not found
[2025-09-20 17:47:23.149] ERROR - 22:47:23.144Z updateUserColumnPhaseStatus function not found
[2025-09-20 17:47:23.149] ERROR - 22:47:23.144Z updateUserColumnPhaseStatus function not found
[2025-09-20 17:47:23.150] ERROR - 22:47:23.144Z performAccountActions function not found
[2025-09-20 17:47:23.150] ERROR - 22:47:23.144Z performAccountActions function not found
[2025-09-20 17:47:23.151] LOG - 22:47:23.144Z Risk management assessment completed
[2025-09-20 17:47:23.151] LOG - 22:47:23.144Z Risk management assessment completed
[2025-09-20 17:47:43.694] INFO - 22:47:43.662Z visibilitychange: hidden, gd: 1000
[2025-09-20 17:47:43.703] INFO - 22:47:43.662Z visibilitychange: hidden, gd: 1000
