2025-05-06 20:45:27,268 - INFO - Starting webhook monitor, checking http://localhost:6000/health every 10 seconds
2025-05-06 20:45:27,282 - ERROR - Health check failed: HTTPConnectionPool(host='localhost', port=6000): Max retries exceeded with url: /health (Caused by NewConnectionError('<urllib3.connection.HTTPConnection object at 0x108173a10>: Failed to establish a new connection: [Errno 61] Connection refused'))
2025-05-06 20:45:27,282 - ERROR - Webhook service is DOWN: HTTPConnectionPool(host='localhost', port=6000): Max retries exceeded with url: /health (Caused by NewConnectionError('<urllib3.connection.HTTPConnection object at 0x108173a10>: Failed to establish a new connection: [Errno 61] Connection refused'))
2025-05-06 20:45:27,283 - INFO - Attempting to restart service with script: scripts/restart_webhook.sh
2025-05-06 20:45:37,919 - ERROR - Service restart failed: 
2025-05-06 20:45:37,920 - ERROR - [2025-05-06 20:45:27] Health check: ERROR | HTTPConnectionPool(host='localhost', port=6000): Max retries exceeded with url: /health (Caused by NewConnectionError('<urllib3.connection.HTTPConnection object at 0x108173a10>: Failed to establish a new connection: [Errno 61] Connection refused'))
2025-05-06 20:45:47,928 - ERROR - Health check failed: HTTPConnectionPool(host='localhost', port=6000): Max retries exceeded with url: /health (Caused by NewConnectionError('<urllib3.connection.HTTPConnection object at 0x10817dd10>: Failed to establish a new connection: [Errno 61] Connection refused'))
2025-05-06 20:45:47,928 - ERROR - [2025-05-06 20:45:47] Health check: ERROR | HTTPConnectionPool(host='localhost', port=6000): Max retries exceeded with url: /health (Caused by NewConnectionError('<urllib3.connection.HTTPConnection object at 0x10817dd10>: Failed to establish a new connection: [Errno 61] Connection refused'))
2025-05-06 20:45:57,935 - ERROR - Health check failed: HTTPConnectionPool(host='localhost', port=6000): Max retries exceeded with url: /health (Caused by NewConnectionError('<urllib3.connection.HTTPConnection object at 0x10817fe50>: Failed to establish a new connection: [Errno 61] Connection refused'))
2025-05-06 20:45:57,935 - ERROR - [2025-05-06 20:45:57] Health check: ERROR | HTTPConnectionPool(host='localhost', port=6000): Max retries exceeded with url: /health (Caused by NewConnectionError('<urllib3.connection.HTTPConnection object at 0x10817fe50>: Failed to establish a new connection: [Errno 61] Connection refused'))
2025-05-06 20:46:07,939 - ERROR - Health check failed: HTTPConnectionPool(host='localhost', port=6000): Max retries exceeded with url: /health (Caused by NewConnectionError('<urllib3.connection.HTTPConnection object at 0x108182090>: Failed to establish a new connection: [Errno 61] Connection refused'))
2025-05-06 20:46:07,939 - ERROR - [2025-05-06 20:46:07] Health check: ERROR | HTTPConnectionPool(host='localhost', port=6000): Max retries exceeded with url: /health (Caused by NewConnectionError('<urllib3.connection.HTTPConnection object at 0x108182090>: Failed to establish a new connection: [Errno 61] Connection refused'))
2025-05-06 20:46:17,945 - ERROR - Health check failed: HTTPConnectionPool(host='localhost', port=6000): Max retries exceeded with url: /health (Caused by NewConnectionError('<urllib3.connection.HTTPConnection object at 0x10817e810>: Failed to establish a new connection: [Errno 61] Connection refused'))
2025-05-06 20:46:17,945 - ERROR - [2025-05-06 20:46:17] Health check: ERROR | HTTPConnectionPool(host='localhost', port=6000): Max retries exceeded with url: /health (Caused by NewConnectionError('<urllib3.connection.HTTPConnection object at 0x10817e810>: Failed to establish a new connection: [Errno 61] Connection refused'))
2025-05-06 20:46:27,953 - ERROR - Health check failed: HTTPConnectionPool(host='localhost', port=6000): Max retries exceeded with url: /health (Caused by NewConnectionError('<urllib3.connection.HTTPConnection object at 0x10817c3d0>: Failed to establish a new connection: [Errno 61] Connection refused'))
2025-05-06 20:46:27,954 - ERROR - [2025-05-06 20:46:27] Health check: ERROR | HTTPConnectionPool(host='localhost', port=6000): Max retries exceeded with url: /health (Caused by NewConnectionError('<urllib3.connection.HTTPConnection object at 0x10817c3d0>: Failed to establish a new connection: [Errno 61] Connection refused'))
2025-05-06 20:46:37,961 - ERROR - Health check failed: HTTPConnectionPool(host='localhost', port=6000): Max retries exceeded with url: /health (Caused by NewConnectionError('<urllib3.connection.HTTPConnection object at 0x108180090>: Failed to establish a new connection: [Errno 61] Connection refused'))
2025-05-06 20:46:37,961 - ERROR - [2025-05-06 20:46:37] Health check: ERROR | HTTPConnectionPool(host='localhost', port=6000): Max retries exceeded with url: /health (Caused by NewConnectionError('<urllib3.connection.HTTPConnection object at 0x108180090>: Failed to establish a new connection: [Errno 61] Connection refused'))
2025-05-06 20:46:47,965 - ERROR - Health check failed: HTTPConnectionPool(host='localhost', port=6000): Max retries exceeded with url: /health (Caused by NewConnectionError('<urllib3.connection.HTTPConnection object at 0x1081902d0>: Failed to establish a new connection: [Errno 61] Connection refused'))
2025-05-06 20:46:47,965 - ERROR - [2025-05-06 20:46:47] Health check: ERROR | HTTPConnectionPool(host='localhost', port=6000): Max retries exceeded with url: /health (Caused by NewConnectionError('<urllib3.connection.HTTPConnection object at 0x1081902d0>: Failed to establish a new connection: [Errno 61] Connection refused'))
2025-05-06 20:46:57,973 - ERROR - Health check failed: HTTPConnectionPool(host='localhost', port=6000): Max retries exceeded with url: /health (Caused by NewConnectionError('<urllib3.connection.HTTPConnection object at 0x108192390>: Failed to establish a new connection: [Errno 61] Connection refused'))
2025-05-06 20:46:57,973 - ERROR - [2025-05-06 20:46:57] Health check: ERROR | HTTPConnectionPool(host='localhost', port=6000): Max retries exceeded with url: /health (Caused by NewConnectionError('<urllib3.connection.HTTPConnection object at 0x108192390>: Failed to establish a new connection: [Errno 61] Connection refused'))
2025-05-06 20:47:07,982 - ERROR - Health check failed: HTTPConnectionPool(host='localhost', port=6000): Max retries exceeded with url: /health (Caused by NewConnectionError('<urllib3.connection.HTTPConnection object at 0x108191910>: Failed to establish a new connection: [Errno 61] Connection refused'))
2025-05-06 20:47:07,982 - ERROR - [2025-05-06 20:47:07] Health check: ERROR | HTTPConnectionPool(host='localhost', port=6000): Max retries exceeded with url: /health (Caused by NewConnectionError('<urllib3.connection.HTTPConnection object at 0x108191910>: Failed to establish a new connection: [Errno 61] Connection refused'))
2025-05-06 20:47:17,986 - ERROR - Health check failed: HTTPConnectionPool(host='localhost', port=6000): Max retries exceeded with url: /health (Caused by NewConnectionError('<urllib3.connection.HTTPConnection object at 0x108190ed0>: Failed to establish a new connection: [Errno 61] Connection refused'))
2025-05-06 20:47:17,986 - ERROR - [2025-05-06 20:47:17] Health check: ERROR | HTTPConnectionPool(host='localhost', port=6000): Max retries exceeded with url: /health (Caused by NewConnectionError('<urllib3.connection.HTTPConnection object at 0x108190ed0>: Failed to establish a new connection: [Errno 61] Connection refused'))
