[2025-09-28 11:43:50.217] LOG - 16:43:50.212Z Starting login process for: stonkz92224@gmail.com
[2025-09-28 11:43:50.217] LOG - 16:43:50.212Z Starting login process for: stonkz92224@gmail.com
[2025-09-28 11:43:50.218] LOG - 16:43:50.213Z Auto login function executing for: stonkz92224@gmail.com
[2025-09-28 11:43:50.218] LOG - 16:43:50.213Z Auto login function executing for: stonkz92224@gmail.com
[2025-09-28 11:43:50.218] LOG - 16:43:50.214Z Login form found, filling credentials...
[2025-09-28 11:43:50.219] LOG - 16:43:50.214Z Login form found, filling credentials...
[2025-09-28 11:43:50.393] LOG - 16:43:50.247Z Test element added to DOM
[2025-09-28 11:43:50.394] LOG - 16:43:50.247Z Test element added to DOM
[2025-09-28 11:43:50.397] LOG - 16:43:50.395Z All browser alerts and confirmations have been disabled
[2025-09-28 11:43:50.397] LOG - 16:43:50.395Z All browser alerts and confirmations have been disabled
[2025-09-28 11:43:50.405] LOG - 16:43:50.403Z Auto Order script initialized - AUTOMATIC HOT RELOAD SUCCESS!
[2025-09-28 11:43:50.406] LOG - 16:43:50.403Z Auto Order script initialized - AUTOMATIC HOT RELOAD SUCCESS!
[2025-09-28 11:43:50.408] LOG - 16:43:50.405Z Creating UI for dashboard trading...
[2025-09-28 11:43:50.409] LOG - 16:43:50.405Z Creating UI for dashboard trading...
[2025-09-28 11:43:50.410] LOG - 16:43:50.405Z Creating UI (visible=false)
[2025-09-28 11:43:50.412] LOG - 16:43:50.405Z Creating UI (visible=false)
[2025-09-28 11:43:50.413] LOG - 16:43:50.406Z Stored values: TP=100, SL=40, Qty=30, Tick=0.25, Symbol=NQ
[2025-09-28 11:43:50.414] LOG - 16:43:50.406Z Stored values: TP=100, SL=40, Qty=30, Tick=0.25, Symbol=NQ
[2025-09-28 11:43:50.415] LOG - 16:43:50.406Z UI container added to DOM
[2025-09-28 11:43:50.417] LOG - 16:43:50.406Z UI container added to DOM
[2025-09-28 11:43:50.419] LOG - 16:43:50.406Z Setting up localStorage persistence
[2025-09-28 11:43:50.420] LOG - 16:43:50.406Z Setting up localStorage persistence
[2025-09-28 11:43:50.421] LOG - 16:43:50.406Z UI initialization complete
[2025-09-28 11:43:50.422] LOG - 16:43:50.406Z UI initialization complete
[2025-09-28 11:43:50.422] LOG - 16:43:50.406Z Creating example front-quarter symbol
[2025-09-28 11:43:50.422] LOG - 16:43:50.406Z Creating example front-quarter symbol
[2025-09-28 11:43:50.423] LOG - 16:43:50.407Z getQuarterlyCode called with date: 2025-09-28T16:43:50.407Z
[2025-09-28 11:43:50.423] LOG - 16:43:50.407Z getQuarterlyCode called with date: 2025-09-28T16:43:50.407Z
[2025-09-28 11:43:50.424] LOG - 16:43:50.407Z Current month index: 8
[2025-09-28 11:43:50.424] LOG - 16:43:50.407Z Current month index: 8
[2025-09-28 11:43:50.424] LOG - 16:43:50.407Z Starting calculation with year=2025, month=8
[2025-09-28 11:43:50.426] LOG - 16:43:50.407Z Starting calculation with year=2025, month=8
[2025-09-28 11:43:50.426] LOG - 16:43:50.407Z Calculated quarterly code: letter=Z, yearDigit=5
[2025-09-28 11:43:50.426] LOG - 16:43:50.407Z Calculated quarterly code: letter=Z, yearDigit=5
[2025-09-28 11:43:50.427] LOG - 16:43:50.407Z Example front-quarter symbol created: NQZ5
[2025-09-28 11:43:50.428] LOG - 16:43:50.407Z Example front-quarter symbol created: NQZ5
[2025-09-28 11:43:50.428] LOG - 16:43:50.414Z Auto Risk Management: Running initial risk assessment...
[2025-09-28 11:43:50.428] LOG - 16:43:50.414Z Auto Risk Management: Running initial risk assessment...
[2025-09-28 11:43:50.429] LOG - 16:43:50.416Z [updateUserColumnPhaseStatus] Starting...
[2025-09-28 11:43:50.429] LOG - 16:43:50.416Z [updateUserColumnPhaseStatus] Starting...
[2025-09-28 11:43:50.429] ERROR - 16:43:50.416Z [updateUserColumnPhaseStatus] No accountTable found
[2025-09-28 11:43:50.430] ERROR - 16:43:50.416Z [updateUserColumnPhaseStatus] No accountTable found
[2025-09-28 11:43:50.430] LOG - 16:43:50.418Z Auto Risk Management: Initial risk assessment completed
[2025-09-28 11:43:50.430] LOG - 16:43:50.418Z Auto Risk Management: Initial risk assessment completed
[2025-09-28 11:43:50.731] LOG - 16:43:50.730Z Clicking login button...
[2025-09-28 11:43:50.732] LOG - 16:43:50.730Z Clicking login button...
[2025-09-28 11:43:50.742] LOG - 16:43:50.740Z authentication starting
[2025-09-28 11:43:50.743] LOG - 16:43:50.740Z authentication starting
[2025-09-28 11:43:51.245] warning - The AudioContext was not allowed to start. It must be resumed (or created) after a user gesture on the page. https://developer.chrome.com/blog/autoplay/#web_audio
[2025-09-28 11:43:51.247] LOG - 16:43:51.212Z Watching for account selection page...
[2025-09-28 11:43:51.247] LOG - 16:43:51.212Z Watching for account selection page...
[2025-09-28 11:43:51.471] LOG - 16:43:51.466Z Executing initial risk management assessment...
[2025-09-28 11:43:51.479] LOG - 16:43:51.466Z Executing initial risk management assessment...
[2025-09-28 11:43:51.480] ERROR - 16:43:51.466Z getTableData function not found
[2025-09-28 11:43:51.484] ERROR - 16:43:51.466Z getTableData function not found
[2025-09-28 11:43:51.486] ERROR - 16:43:51.466Z updateUserColumnPhaseStatus function not found
[2025-09-28 11:43:51.488] ERROR - 16:43:51.466Z updateUserColumnPhaseStatus function not found
[2025-09-28 11:43:51.488] ERROR - 16:43:51.467Z performAccountActions function not found
[2025-09-28 11:43:51.488] ERROR - 16:43:51.467Z performAccountActions function not found
[2025-09-28 11:43:51.489] LOG - 16:43:51.467Z Risk management assessment completed
[2025-09-28 11:43:51.489] LOG - 16:43:51.467Z Risk management assessment completed
[2025-09-28 11:43:51.489] LOG - 16:43:51.482Z Access token will be renewed in 75 minutes; expired: Sun Sep 28 2025 13:03:51 GMT-0500 (Central Daylight Time), now: Sun Sep 28 2025 11:43:51 GMT-0500 (Central Daylight Time)
[2025-09-28 11:43:51.489] LOG - 16:43:51.482Z Access token will be renewed in 75 minutes; expired: Sun Sep 28 2025 13:03:51 GMT-0500 (Central Daylight Time), now: Sun Sep 28 2025 11:43:51 GMT-0500 (Central Daylight Time)
[2025-09-28 11:43:51.728] WARNING - 16:43:51.725Z Error in deferred func: TypeError: Cannot read properties of undefined (reading 'querySelector'), function(){d(a),f(function(){d(null)},0);var e=i.apply(this,arguments);return d(null),e} TypeError: Cannot read properties of undefined (reading 'querySelector'),    at <anonymous>:377:98,    at i.__trace__ (https://cdn.tradovate.com/tradovate/scripts/4418.49f1ab77.js:2:4613725),    at https://cdn.tradovate.com/tradovate/scripts/4418.49f1ab77.js:2:3547494
[2025-09-28 11:43:51.728] WARNING - 16:43:51.725Z Error in deferred func: TypeError: Cannot read properties of undefined (reading 'querySelector'), function(){d(a),f(function(){d(null)},0);var e=i.apply(this,arguments);return d(null),e}
[2025-09-28 11:43:52.406] INFO - 16:43:52.404Z [LaunchDarkly] Closing stream connection
[2025-09-28 11:43:52.408] INFO - 16:43:52.404Z [LaunchDarkly] Closing stream connection
[2025-09-28 11:43:52.411] INFO - 16:43:52.404Z [LaunchDarkly] Opening stream connection to https://clientstream.launchdarkly.com/eval/66cdf5b9cf61891061b4e437/eyJraW5kIjoidXNlciIsImtleSI6IjM2NTUwNTkiLCJkZXZpY2UiOiJkZXNrdG9wIiwidXNlcklkIjozNjU1MDU5LCJpcENvdW50cnkiOiJVUyIsIm9yZ05hbWUiOiJURFYiLCJuYW1lIjoiU3Rvbmt6OTIyMjQiLCJsYW5kaW5nUGFyYW1zIjoiIn0
[2025-09-28 11:43:52.411] INFO - 16:43:52.404Z [LaunchDarkly] Opening stream connection to https://clientstream.launchdarkly.com/eval/66cdf5b9cf61891061b4e437/eyJraW5kIjoidXNlciIsImtleSI6IjM2NTUwNTkiLCJkZXZpY2UiOiJkZXNrdG9wIiwidXNlcklkIjozNjU1MDU5LCJpcENvdW50cnkiOiJVUyIsIm9yZ05hbWUiOiJURFYiLCJuYW1lIjoiU3Rvbmt6OTIyMjQiLCJsYW5kaW5nUGFyYW1zIjoiIn0
[2025-09-28 11:43:52.411] INFO - 16:43:52.405Z [LaunchDarkly] Closing stream connection
[2025-09-28 11:43:52.411] INFO - 16:43:52.405Z [LaunchDarkly] Closing stream connection
[2025-09-28 11:43:52.411] INFO - 16:43:52.405Z [LaunchDarkly] Opening stream connection to https://clientstream.launchdarkly.com/eval/66cdf5b9cf61891061b4e437/eyJraW5kIjoidXNlciIsImtleSI6IjM2NTUwNTkiLCJkZXZpY2UiOiJkZXNrdG9wIiwidXNlcklkIjozNjU1MDU5LCJpcENvdW50cnkiOiJVUyIsIm9yZ05hbWUiOiJURFYiLCJuYW1lIjoiU3Rvbmt6OTIyMjQiLCJsYW5kaW5nUGFyYW1zIjoiIn0
[2025-09-28 11:43:52.411] INFO - 16:43:52.405Z [LaunchDarkly] Opening stream connection to https://clientstream.launchdarkly.com/eval/66cdf5b9cf61891061b4e437/eyJraW5kIjoidXNlciIsImtleSI6IjM2NTUwNTkiLCJkZXZpY2UiOiJkZXNrdG9wIiwidXNlcklkIjozNjU1MDU5LCJpcENvdW50cnkiOiJVUyIsIm9yZ05hbWUiOiJURFYiLCJuYW1lIjoiU3Rvbmt6OTIyMjQiLCJsYW5kaW5nUGFyYW1zIjoiIn0
[2025-09-28 11:43:52.412] INFO - 16:43:52.405Z [LaunchDarkly] Closing stream connection
[2025-09-28 11:43:52.412] INFO - 16:43:52.405Z [LaunchDarkly] Closing stream connection
[2025-09-28 11:43:52.412] INFO - 16:43:52.405Z [LaunchDarkly] Opening stream connection to https://clientstream.launchdarkly.com/eval/66cdf5b9cf61891061b4e437/eyJraW5kIjoidXNlciIsImtleSI6IjM2NTUwNTkiLCJkZXZpY2UiOiJkZXNrdG9wIiwidXNlcklkIjozNjU1MDU5LCJpcENvdW50cnkiOiJVUyIsIm9yZ05hbWUiOiJURFYiLCJuYW1lIjoiU3Rvbmt6OTIyMjQiLCJsYW5kaW5nUGFyYW1zIjoiIn0
[2025-09-28 11:43:52.412] INFO - 16:43:52.405Z [LaunchDarkly] Opening stream connection to https://clientstream.launchdarkly.com/eval/66cdf5b9cf61891061b4e437/eyJraW5kIjoidXNlciIsImtleSI6IjM2NTUwNTkiLCJkZXZpY2UiOiJkZXNrdG9wIiwidXNlcklkIjozNjU1MDU5LCJpcENvdW50cnkiOiJVUyIsIm9yZ05hbWUiOiJURFYiLCJuYW1lIjoiU3Rvbmt6OTIyMjQiLCJsYW5kaW5nUGFyYW1zIjoiIn0
[2025-09-28 11:43:55.215] LOG - 16:43:55.214Z Account selection page detected, clicking button...
[2025-09-28 11:43:55.215] LOG - 16:43:55.214Z Account selection page detected, clicking button...
[2025-09-28 11:43:55.365] LOG - 16:43:55.327Z Access token will be renewed in 75 minutes; expired: Sun Sep 28 2025 13:03:51 GMT-0500 (Central Daylight Time), now: Sun Sep 28 2025 11:43:55 GMT-0500 (Central Daylight Time)
[2025-09-28 11:43:55.365] LOG - 16:43:55.327Z Access token will be renewed in 75 minutes; expired: Sun Sep 28 2025 13:03:51 GMT-0500 (Central Daylight Time), now: Sun Sep 28 2025 11:43:55 GMT-0500 (Central Daylight Time)
[2025-09-28 11:43:55.937] error - Refused to connect to 'https://bat.bing.com/actionp/0?ti=26330043&Ver=2&mid=8bbc6fde-f8e6-4dcc-afd0-daed80051929&bo=2&sid=a82ace0097af11f0b51d4179c6f235dd&vid=99c3288092fe11f0bc7275adc39e6add&vids=0&msclkid=N&evt=pageHide' because it violates the following Content Security Policy directive: "connect-src wss://*.tradovate.com https://*.tradovate.com https://*.ntinnolab.com https://*.devel.ninjatrader.dev https://*.staging.ninjatrader.dev https://*.uat.ninjatrader.dev wss://*.ntinnolab.com wss://*.devel.ninjatrader.dev wss://*.staging.ninjatrader.dev wss://*.uat.ninjatrader.dev wss://*.tradovateapi.com https://*.tradovateapi.com https://*.ninjatrader.com https://cdn.walkme.com https://ec.walkme.com https://sessions.bugsnag.com https://notify.bugsnag.com https://*.plaid.com https://*.yodlee.com https://tradovate.zendesk.com https://rollout.ada.support https://static.ada.support https://ninjatrader.ada.support https://tradovate.ada.support https://ninjatrader-eap.ada.support/ https://demo-ninjatrader-gr.ada.support/ https://tradovate-gen.ada.support/ https://api.stripe.com https://apiproxy.ninjatrader.com https://apiproxy-d.ninjatrader.com https://us-autocomplete-pro.api.smartystreets.com https://international-autocomplete.api.smarty.com https://maps.googleapis.com https://accounts.google.com/ https://www.google.com https://www.googletagmanager.com/ https://*.browser-intake-datadoghq.com https://scripts.neuro-id.com https://receiver.neuroid.cloud https://logs.neuro-id.com https://firebaseinstallations.googleapis.com/ https://firebaseremoteconfig.googleapis.com/ https://logx.optimizely.com https://*.optimizely.com wss://mpsnare.iesnare.com wss://ci-mpsnare.iovation.com https://*.iovation.com/ https://*.reddit.com  https://www.redditstatic.com https://*.taboola.com https://*.launchdarkly.com https://*.alloy.co https://*.maze.co https://www.google-analytics.com https://analytics.google.com https://www.googletagmanager.com/ https://api.hubapi.com https://forms.hubspot.com https://stats.g.doubleclick.net https://alb.reddit.com https://analytics.twitter.com https://heapanalytics.com https://*.auryc.com https://*.contentsquare.net https://siteintercept.qualtrics.com https://api.userway.org/".

[2025-09-28 11:43:55.938] INFO - 16:43:55.936Z visibilitychange: hidden, gd: 1000
[2025-09-28 11:43:55.939] INFO - 16:43:55.936Z visibilitychange: hidden, gd: 1000
[2025-09-28 11:43:55.941] WARNING - 16:43:55.937Z [LaunchDarkly] Error on stream connection: {"isTrusted":true}, will continue retrying after 878 milliseconds.
[2025-09-28 11:43:55.942] WARNING - 16:43:55.937Z [LaunchDarkly] Error on stream connection: {"isTrusted":true}, will continue retrying after 878 milliseconds.
[2025-09-28 11:43:55.942] INFO - 16:43:55.938Z [LaunchDarkly] Closing stream connection
[2025-09-28 11:43:55.943] INFO - 16:43:55.938Z [LaunchDarkly] Closing stream connection
[2025-09-28 11:43:56.185] WARNING - Duplicate atom key "locale". This is a FATAL ERROR in
      production. But it is safe to ignore this warning if it occurred because of
      hot module replacement.
[2025-09-28 11:43:56.187] WARNING - Duplicate atom key "locale". This is a FATAL ERROR in
      production. But it is safe to ignore this warning if it occurred because of
      hot module replacement.
[2025-09-28 11:43:56.190] WARNING - Duplicate atom key "muiTheme". This is a FATAL ERROR in
      production. But it is safe to ignore this warning if it occurred because of
      hot module replacement.
[2025-09-28 11:43:56.191] WARNING - Duplicate atom key "muiTheme". This is a FATAL ERROR in
      production. But it is safe to ignore this warning if it occurred because of
      hot module replacement.
[2025-09-28 11:43:56.191] WARNING - Duplicate atom key "appLinksFooter". This is a FATAL ERROR in
      production. But it is safe to ignore this warning if it occurred because of
      hot module replacement.
[2025-09-28 11:43:56.193] WARNING - Duplicate atom key "appLinksFooter". This is a FATAL ERROR in
      production. But it is safe to ignore this warning if it occurred because of
      hot module replacement.
[2025-09-28 11:43:56.194] WARNING - Duplicate atom key "currentUserId2". This is a FATAL ERROR in
      production. But it is safe to ignore this warning if it occurred because of
      hot module replacement.
[2025-09-28 11:43:56.195] WARNING - Duplicate atom key "currentUserId2". This is a FATAL ERROR in
      production. But it is safe to ignore this warning if it occurred because of
      hot module replacement.
[2025-09-28 11:43:56.196] WARNING - Duplicate atom key "onboardingInProgress". This is a FATAL ERROR in
      production. But it is safe to ignore this warning if it occurred because of
      hot module replacement.
[2025-09-28 11:43:56.197] WARNING - Duplicate atom key "onboardingInProgress". This is a FATAL ERROR in
      production. But it is safe to ignore this warning if it occurred because of
      hot module replacement.
[2025-09-28 11:43:56.198] WARNING - Duplicate atom key "editing". This is a FATAL ERROR in
      production. But it is safe to ignore this warning if it occurred because of
      hot module replacement.
[2025-09-28 11:43:56.199] WARNING - Duplicate atom key "editing". This is a FATAL ERROR in
      production. But it is safe to ignore this warning if it occurred because of
      hot module replacement.
[2025-09-28 11:43:56.200] WARNING - Duplicate atom key "infoMessage". This is a FATAL ERROR in
      production. But it is safe to ignore this warning if it occurred because of
      hot module replacement.
[2025-09-28 11:43:56.201] WARNING - Duplicate atom key "infoMessage". This is a FATAL ERROR in
      production. But it is safe to ignore this warning if it occurred because of
      hot module replacement.
[2025-09-28 11:43:56.202] WARNING - Duplicate atom key "browserWarning". This is a FATAL ERROR in
      production. But it is safe to ignore this warning if it occurred because of
      hot module replacement.
[2025-09-28 11:43:56.203] WARNING - Duplicate atom key "browserWarning". This is a FATAL ERROR in
      production. But it is safe to ignore this warning if it occurred because of
      hot module replacement.
[2025-09-28 11:43:56.204] WARNING - Duplicate atom key "clockWarning". This is a FATAL ERROR in
      production. But it is safe to ignore this warning if it occurred because of
      hot module replacement.
[2025-09-28 11:43:56.206] WARNING - Duplicate atom key "clockWarning". This is a FATAL ERROR in
      production. But it is safe to ignore this warning if it occurred because of
      hot module replacement.
[2025-09-28 11:43:56.207] WARNING - Duplicate atom key "breakpoint". This is a FATAL ERROR in
      production. But it is safe to ignore this warning if it occurred because of
      hot module replacement.
[2025-09-28 11:43:56.208] WARNING - Duplicate atom key "breakpoint". This is a FATAL ERROR in
      production. But it is safe to ignore this warning if it occurred because of
      hot module replacement.
[2025-09-28 11:43:56.214] WARNING - Duplicate atom key "inMobileRange". This is a FATAL ERROR in
      production. But it is safe to ignore this warning if it occurred because of
      hot module replacement.
[2025-09-28 11:43:56.216] WARNING - Duplicate atom key "inMobileRange". This is a FATAL ERROR in
      production. But it is safe to ignore this warning if it occurred because of
      hot module replacement.
[2025-09-28 11:43:56.220] WARNING - Duplicate atom key "gridSpacing". This is a FATAL ERROR in
      production. But it is safe to ignore this warning if it occurred because of
      hot module replacement.
[2025-09-28 11:43:56.221] WARNING - Duplicate atom key "gridSpacing". This is a FATAL ERROR in
      production. But it is safe to ignore this warning if it occurred because of
      hot module replacement.
[2025-09-28 11:43:56.221] WARNING - Duplicate atom key "login". This is a FATAL ERROR in
      production. But it is safe to ignore this warning if it occurred because of
      hot module replacement.
[2025-09-28 11:43:56.222] WARNING - Duplicate atom key "login". This is a FATAL ERROR in
      production. But it is safe to ignore this warning if it occurred because of
      hot module replacement.
[2025-09-28 11:43:56.222] WARNING - Duplicate atom key "error". This is a FATAL ERROR in
      production. But it is safe to ignore this warning if it occurred because of
      hot module replacement.
[2025-09-28 11:43:56.223] WARNING - Duplicate atom key "error". This is a FATAL ERROR in
      production. But it is safe to ignore this warning if it occurred because of
      hot module replacement.
[2025-09-28 11:43:56.224] WARNING - Duplicate atom key "contactInfos2". This is a FATAL ERROR in
      production. But it is safe to ignore this warning if it occurred because of
      hot module replacement.
[2025-09-28 11:43:56.224] WARNING - Duplicate atom key "contactInfos2". This is a FATAL ERROR in
      production. But it is safe to ignore this warning if it occurred because of
      hot module replacement.
[2025-09-28 11:43:56.225] WARNING - Duplicate atom key "individualApplicantsTimestamp". This is a FATAL ERROR in
      production. But it is safe to ignore this warning if it occurred because of
      hot module replacement.
[2025-09-28 11:43:56.225] WARNING - Duplicate atom key "individualApplicantsTimestamp". This is a FATAL ERROR in
      production. But it is safe to ignore this warning if it occurred because of
      hot module replacement.
[2025-09-28 11:43:56.225] WARNING - Duplicate atom key "customerApplication". This is a FATAL ERROR in
      production. But it is safe to ignore this warning if it occurred because of
      hot module replacement.
[2025-09-28 11:43:56.225] WARNING - Duplicate atom key "customerApplication". This is a FATAL ERROR in
      production. But it is safe to ignore this warning if it occurred because of
      hot module replacement.
[2025-09-28 11:43:56.225] WARNING - Duplicate atom key "individualApplicants". This is a FATAL ERROR in
      production. But it is safe to ignore this warning if it occurred because of
      hot module replacement.
[2025-09-28 11:43:56.225] WARNING - Duplicate atom key "individualApplicants". This is a FATAL ERROR in
      production. But it is safe to ignore this warning if it occurred because of
      hot module replacement.
[2025-09-28 11:43:56.226] WARNING - Duplicate atom key "clearingHouses". This is a FATAL ERROR in
      production. But it is safe to ignore this warning if it occurred because of
      hot module replacement.
[2025-09-28 11:43:56.226] WARNING - Duplicate atom key "clearingHouses". This is a FATAL ERROR in
      production. But it is safe to ignore this warning if it occurred because of
      hot module replacement.
[2025-09-28 11:43:56.226] WARNING - Duplicate atom key "clearXClearingHouse". This is a FATAL ERROR in
      production. But it is safe to ignore this warning if it occurred because of
      hot module replacement.
[2025-09-28 11:43:56.226] WARNING - Duplicate atom key "clearXClearingHouse". This is a FATAL ERROR in
      production. But it is safe to ignore this warning if it occurred because of
      hot module replacement.
[2025-09-28 11:43:56.226] WARNING - Duplicate atom key "applicationClearingHouse". This is a FATAL ERROR in
      production. But it is safe to ignore this warning if it occurred because of
      hot module replacement.
[2025-09-28 11:43:56.226] WARNING - Duplicate atom key "applicationClearingHouse". This is a FATAL ERROR in
      production. But it is safe to ignore this warning if it occurred because of
      hot module replacement.
[2025-09-28 11:43:56.227] WARNING - Duplicate atom key "userLocation". This is a FATAL ERROR in
      production. But it is safe to ignore this warning if it occurred because of
      hot module replacement.
[2025-09-28 11:43:56.227] WARNING - Duplicate atom key "userLocation". This is a FATAL ERROR in
      production. But it is safe to ignore this warning if it occurred because of
      hot module replacement.
[2025-09-28 11:43:56.227] WARNING - Duplicate atom key "savedApplicationsTimestamp". This is a FATAL ERROR in
      production. But it is safe to ignore this warning if it occurred because of
      hot module replacement.
[2025-09-28 11:43:56.227] WARNING - Duplicate atom key "savedApplicationsTimestamp". This is a FATAL ERROR in
      production. But it is safe to ignore this warning if it occurred because of
      hot module replacement.
[2025-09-28 11:43:56.227] WARNING - Duplicate atom key "savedApplications". This is a FATAL ERROR in
      production. But it is safe to ignore this warning if it occurred because of
      hot module replacement.
[2025-09-28 11:43:56.227] WARNING - Duplicate atom key "savedApplications". This is a FATAL ERROR in
      production. But it is safe to ignore this warning if it occurred because of
      hot module replacement.
[2025-09-28 11:43:56.228] WARNING - Duplicate atom key "step". This is a FATAL ERROR in
      production. But it is safe to ignore this warning if it occurred because of
      hot module replacement.
[2025-09-28 11:43:56.228] WARNING - Duplicate atom key "step". This is a FATAL ERROR in
      production. But it is safe to ignore this warning if it occurred because of
      hot module replacement.
[2025-09-28 11:43:56.228] WARNING - Duplicate atom key "checkStates". This is a FATAL ERROR in
      production. But it is safe to ignore this warning if it occurred because of
      hot module replacement.
[2025-09-28 11:43:56.228] WARNING - Duplicate atom key "checkStates". This is a FATAL ERROR in
      production. But it is safe to ignore this warning if it occurred because of
      hot module replacement.
[2025-09-28 11:43:56.228] WARNING - Duplicate atom key "signStates". This is a FATAL ERROR in
      production. But it is safe to ignore this warning if it occurred because of
      hot module replacement.
[2025-09-28 11:43:56.228] WARNING - Duplicate atom key "signStates". This is a FATAL ERROR in
      production. But it is safe to ignore this warning if it occurred because of
      hot module replacement.
[2025-09-28 11:43:56.228] WARNING - Duplicate atom key "wizard". This is a FATAL ERROR in
      production. But it is safe to ignore this warning if it occurred because of
      hot module replacement.
[2025-09-28 11:43:56.229] WARNING - Duplicate atom key "wizard". This is a FATAL ERROR in
      production. But it is safe to ignore this warning if it occurred because of
      hot module replacement.
[2025-09-28 11:43:56.229] WARNING - Duplicate atom key "formBuilder". This is a FATAL ERROR in
      production. But it is safe to ignore this warning if it occurred because of
      hot module replacement.
[2025-09-28 11:43:56.229] WARNING - Duplicate atom key "formBuilder". This is a FATAL ERROR in
      production. But it is safe to ignore this warning if it occurred because of
      hot module replacement.
[2025-09-28 11:43:56.229] WARNING - Duplicate atom key "headerSlot". This is a FATAL ERROR in
      production. But it is safe to ignore this warning if it occurred because of
      hot module replacement.
[2025-09-28 11:43:56.229] WARNING - Duplicate atom key "headerSlot". This is a FATAL ERROR in
      production. But it is safe to ignore this warning if it occurred because of
      hot module replacement.
[2025-09-28 11:43:56.229] WARNING - Duplicate atom key "footerSlot". This is a FATAL ERROR in
      production. But it is safe to ignore this warning if it occurred because of
      hot module replacement.
[2025-09-28 11:43:56.230] WARNING - Duplicate atom key "footerSlot". This is a FATAL ERROR in
      production. But it is safe to ignore this warning if it occurred because of
      hot module replacement.
[2025-09-28 11:43:56.230] WARNING - Duplicate atom key "alloyJourneyToken". This is a FATAL ERROR in
      production. But it is safe to ignore this warning if it occurred because of
      hot module replacement.
[2025-09-28 11:43:56.230] WARNING - Duplicate atom key "alloyJourneyToken". This is a FATAL ERROR in
      production. But it is safe to ignore this warning if it occurred because of
      hot module replacement.
[2025-09-28 11:43:56.230] DEBUG - [bugsnag] Loaded!
[2025-09-28 11:43:56.230] DEBUG - [bugsnag] Loaded!
[2025-09-28 11:43:56.231] INFO - Version 3.250926.0 prod production 
[2025-09-28 11:43:56.231] INFO - Version 3.250926.0 prod production 
[2025-09-28 11:43:56.231] INFO - Time: Sun Sep 28 2025 11:43:56 GMT-0500 (Central Daylight Time)
[2025-09-28 11:43:56.231] INFO - Time:
[2025-09-28 11:43:56.308] LOG - 16:43:56.306Z Try to restore session
[2025-09-28 11:43:56.309] LOG - 16:43:56.306Z Try to restore session
[2025-09-28 11:43:56.310] LOG - 16:43:56.307Z Access token will be renewed in 75 minutes; expired: Sun Sep 28 2025 13:03:51 GMT-0500 (Central Daylight Time), now: Sun Sep 28 2025 11:43:56 GMT-0500 (Central Daylight Time)
[2025-09-28 11:43:56.310] LOG - 16:43:56.307Z Access token will be renewed in 75 minutes; expired: Sun Sep 28 2025 13:03:51 GMT-0500 (Central Daylight Time), now: Sun Sep 28 2025 11:43:56 GMT-0500 (Central Daylight Time)
[2025-09-28 11:43:56.317] WARNING - 16:43:56.315Z [LaunchDarkly] The waitForInitialization function was called without a timeout specified. In a future version a default timeout will be applied.
[2025-09-28 11:43:56.317] WARNING - 16:43:56.315Z [LaunchDarkly] The waitForInitialization function was called without a timeout specified. In a future version a default timeout will be applied.
[2025-09-28 11:43:56.330] INFO - 16:43:56.329Z chart cache state: islands=5, bars=1196
[2025-09-28 11:43:56.331] INFO - 16:43:56.329Z chart cache state: islands=5, bars=1196
[2025-09-28 11:43:56.331] INFO - 16:43:56.329Z Chart history database initialized
[2025-09-28 11:43:56.331] INFO - 16:43:56.329Z Chart history database initialized
[2025-09-28 11:43:56.375] INFO - 16:43:56.373Z [LaunchDarkly] LaunchDarkly client initialized
[2025-09-28 11:43:56.376] INFO - 16:43:56.373Z [LaunchDarkly] LaunchDarkly client initialized
[2025-09-28 11:43:56.376] INFO - 16:43:56.374Z [LaunchDarkly] Opening stream connection to https://clientstream.launchdarkly.com/eval/66cdf5b9cf61891061b4e437/eyJraW5kIjoidXNlciIsImtleSI6InVua25vd24iLCJhbm9ueW1vdXMiOmZhbHNlfQ
[2025-09-28 11:43:56.376] INFO - 16:43:56.374Z [LaunchDarkly] Opening stream connection to https://clientstream.launchdarkly.com/eval/66cdf5b9cf61891061b4e437/eyJraW5kIjoidXNlciIsImtleSI6InVua25vd24iLCJhbm9ueW1vdXMiOmZhbHNlfQ
[2025-09-28 11:43:57.078] INFO - 16:43:57.077Z [LaunchDarkly] Closing stream connection
[2025-09-28 11:43:57.079] INFO - 16:43:57.077Z [LaunchDarkly] Closing stream connection
[2025-09-28 11:43:57.080] INFO - 16:43:57.077Z [LaunchDarkly] Opening stream connection to https://clientstream.launchdarkly.com/eval/66cdf5b9cf61891061b4e437/eyJraW5kIjoidXNlciIsImtleSI6IjM2NTUwNTkiLCJkZXZpY2UiOiJkZXNrdG9wIiwidXNlcklkIjozNjU1MDU5LCJpcENvdW50cnkiOiIiLCJvcmdOYW1lIjoiVERWIiwibmFtZSI6IlN0b25rejkyMjI0IiwibGFuZGluZ1BhcmFtcyI6IiJ9
[2025-09-28 11:43:57.080] INFO - 16:43:57.077Z [LaunchDarkly] Opening stream connection to https://clientstream.launchdarkly.com/eval/66cdf5b9cf61891061b4e437/eyJraW5kIjoidXNlciIsImtleSI6IjM2NTUwNTkiLCJkZXZpY2UiOiJkZXNrdG9wIiwidXNlcklkIjozNjU1MDU5LCJpcENvdW50cnkiOiIiLCJvcmdOYW1lIjoiVERWIiwibmFtZSI6IlN0b25rejkyMjI0IiwibGFuZGluZ1BhcmFtcyI6IiJ9
[2025-09-28 11:43:57.214] INFO - 16:43:57.210Z [LaunchDarkly] Closing stream connection
[2025-09-28 11:43:57.215] INFO - 16:43:57.210Z [LaunchDarkly] Closing stream connection
[2025-09-28 11:43:57.215] INFO - 16:43:57.210Z [LaunchDarkly] Opening stream connection to https://clientstream.launchdarkly.com/eval/66cdf5b9cf61891061b4e437/eyJraW5kIjoidXNlciIsImtleSI6IjM2NTUwNTkiLCJkZXZpY2UiOiJkZXNrdG9wIiwidXNlcklkIjozNjU1MDU5LCJpcENvdW50cnkiOiJVUyIsIm9yZ05hbWUiOiJURFYiLCJuYW1lIjoiU3Rvbmt6OTIyMjQiLCJsYW5kaW5nUGFyYW1zIjoiIn0
[2025-09-28 11:43:57.216] INFO - 16:43:57.210Z [LaunchDarkly] Opening stream connection to https://clientstream.launchdarkly.com/eval/66cdf5b9cf61891061b4e437/eyJraW5kIjoidXNlciIsImtleSI6IjM2NTUwNTkiLCJkZXZpY2UiOiJkZXNrdG9wIiwidXNlcklkIjozNjU1MDU5LCJpcENvdW50cnkiOiJVUyIsIm9yZ05hbWUiOiJURFYiLCJuYW1lIjoiU3Rvbmt6OTIyMjQiLCJsYW5kaW5nUGFyYW1zIjoiIn0
[2025-09-28 11:43:58.851] LOG - 16:43:58.848Z opening https://demo.tradovateapi.com/
[2025-09-28 11:43:58.853] LOG - 16:43:58.848Z opening https://demo.tradovateapi.com/
[2025-09-28 11:43:58.858] LOG - 16:43:58.856Z Hotkeys initialized {"Shift+Digit1":["orders/selectColumns"],"Shift+Digit2":["orders/showFilters"],"Shift+Digit3":["orders/standardTableView"],"Shift+Digit4":["orders/linkedOrdersView"],"Command+Shift+Digit0":["dom-chart/exit-and-cancel"]}
[2025-09-28 11:43:58.858] LOG - 16:43:58.856Z Hotkeys initialized {"Shift+Digit1":["orders/selectColumns"],"Shift+Digit2":["orders/showFilters"],"Shift+Digit3":["orders/standardTableView"],"Shift+Digit4":["orders/linkedOrdersView"],"Command+Shift+Digit0":["dom-chart/exit-and-cancel"]}
[2025-09-28 11:43:59.047] LOG - 16:43:59.046Z websocket opened
[2025-09-28 11:43:59.047] LOG - 16:43:59.046Z websocket opened
[2025-09-28 11:43:59.239] LOG - 16:43:59.236Z opening https://md-demo.tradovateapi.com/
[2025-09-28 11:43:59.239] LOG - 16:43:59.236Z opening https://md-demo.tradovateapi.com/
[2025-09-28 11:43:59.240] LOG - 16:43:59.238Z Connection:  open
[2025-09-28 11:43:59.240] LOG - 16:43:59.238Z Connection:  open
[2025-09-28 11:43:59.301] LOG - 16:43:59.297Z WebGL:  {"isWebGL2":true,"precision":"highp","logarithmicDepthBuffer":false,"maxTextures":16,"maxVertexTextures":16,"maxTextureSize":16384,"maxCubemapSize":16384,"maxAttributes":16,"maxVertexUniforms":1024,"maxVaryings":30,"maxFragmentUniforms":1024,"vertexTextures":true,"floatFragmentTextures":true,"floatVertexTextures":true,"maxSamples":8} , devicePixelRatio:  2
[2025-09-28 11:43:59.301] LOG - 16:43:59.297Z WebGL:  {"isWebGL2":true,"precision":"highp","logarithmicDepthBuffer":false,"maxTextures":16,"maxVertexTextures":16,"maxTextureSize":16384,"maxCubemapSize":16384,"maxAttributes":16,"maxVertexUniforms":1024,"maxVaryings":30,"maxFragmentUniforms":1024,"vertexTextures":true,"floatFragmentTextures":true,"floatVertexTextures":true,"maxSamples":8} , devicePixelRatio:  2
[2025-09-28 11:43:59.302] LOG - 16:43:59.297Z Canvas size: 1119 991 dpp:  2
[2025-09-28 11:43:59.302] LOG - 16:43:59.297Z Canvas size: 1119 991 dpp:  2
[2025-09-28 11:43:59.330] LOG - 16:43:59.312Z Loading App-level Plugins
[2025-09-28 11:43:59.331] LOG - 16:43:59.312Z Loading App-level Plugins
[2025-09-28 11:43:59.339] LOG - 16:43:59.329Z WebGL:  {"isWebGL2":true,"precision":"highp","logarithmicDepthBuffer":false,"maxTextures":16,"maxVertexTextures":16,"maxTextureSize":16384,"maxCubemapSize":16384,"maxAttributes":16,"maxVertexUniforms":1024,"maxVaryings":30,"maxFragmentUniforms":1024,"vertexTextures":true,"floatFragmentTextures":true,"floatVertexTextures":true,"maxSamples":8} , devicePixelRatio:  2
[2025-09-28 11:43:59.339] LOG - 16:43:59.329Z WebGL:  {"isWebGL2":true,"precision":"highp","logarithmicDepthBuffer":false,"maxTextures":16,"maxVertexTextures":16,"maxTextureSize":16384,"maxCubemapSize":16384,"maxAttributes":16,"maxVertexUniforms":1024,"maxVaryings":30,"maxFragmentUniforms":1024,"vertexTextures":true,"floatFragmentTextures":true,"floatVertexTextures":true,"maxSamples":8} , devicePixelRatio:  2
[2025-09-28 11:43:59.340] LOG - 16:43:59.329Z Canvas size: 1119 991 dpp:  2
[2025-09-28 11:43:59.340] LOG - 16:43:59.329Z Canvas size: 1119 991 dpp:  2
[2025-09-28 11:43:59.431] LOG - 16:43:59.430Z websocket opened
[2025-09-28 11:43:59.432] LOG - 16:43:59.430Z websocket opened
[2025-09-28 11:43:59.582] LOG - 16:43:59.565Z loadAppLevelPlugins:  [object Object]
[2025-09-28 11:43:59.584] LOG - 16:43:59.565Z loadAppLevelPlugins: 
[2025-09-28 11:43:59.850] LOG - 16:43:59.848Z sync to remote accountGroups
[2025-09-28 11:43:59.850] LOG - 16:43:59.848Z sync to remote accountGroups
[2025-09-28 11:44:00.777] LOG - 16:44:00.763Z created chart 1
[2025-09-28 11:44:00.777] LOG - 16:44:00.763Z created chart 1
[2025-09-28 11:44:00.777] LOG - 16:44:00.770Z created chart 2
[2025-09-28 11:44:00.778] LOG - 16:44:00.770Z created chart 2
[2025-09-28 11:44:01.173] LOG - 16:44:01.164Z requestChart: {"symbol":"3267312","chartDescription":{"underlyingType":"Tick","elementSize":5000,"elementSizeUnit":"UnderlyingUnits","withHistogram":false},"timeRange":{"asMuchAsElements":300}}
[2025-09-28 11:44:01.173] LOG - 16:44:01.164Z requestChart: {"symbol":"3267312","chartDescription":{"underlyingType":"Tick","elementSize":5000,"elementSizeUnit":"UnderlyingUnits","withHistogram":false},"timeRange":{"asMuchAsElements":300}}
[2025-09-28 11:44:01.174] LOG - 16:44:01.165Z mdMgApi open
[2025-09-28 11:44:01.175] LOG - 16:44:01.165Z mdMgApi open
[2025-09-28 11:44:01.298] LOG - 16:44:01.296Z requestChart: {"symbol":"4086418","chartDescription":{"underlyingType":"MinuteBar","elementSize":15,"elementSizeUnit":"UnderlyingUnits","withHistogram":false},"timeRange":{"asMuchAsElements":300}}
[2025-09-28 11:44:01.298] LOG - 16:44:01.296Z requestChart: {"symbol":"4086418","chartDescription":{"underlyingType":"MinuteBar","elementSize":15,"elementSizeUnit":"UnderlyingUnits","withHistogram":false},"timeRange":{"asMuchAsElements":300}}
[2025-09-28 11:44:01.299] LOG - 16:44:01.296Z mdMgApi open
[2025-09-28 11:44:01.299] LOG - 16:44:01.296Z mdMgApi open
[2025-09-28 11:44:01.775] DEBUG - 16:44:01.773Z Slow prev calc
[2025-09-28 11:44:01.775] DEBUG - 16:44:01.773Z Slow prev calc
[2025-09-28 11:44:09.619] LOG - 16:44:09.617Z updating the shared isolation
[2025-09-28 11:44:09.620] LOG - 16:44:09.617Z updating the shared isolation
[2025-09-28 11:44:10.392] LOG - 16:44:10.390Z updating the shared isolation
[2025-09-28 11:44:10.392] LOG - 16:44:10.390Z updating the shared isolation
