[2025-09-27 11:28:53.659] LOG - 16:28:53.657Z Starting login process for: stonkz92224@gmail.com
[2025-09-27 11:28:53.660] LOG - 16:28:53.657Z Starting login process for: stonkz92224@gmail.com
[2025-09-27 11:28:53.661] LOG - 16:28:53.657Z Auto login function executing for: stonkz92224@gmail.com
[2025-09-27 11:28:53.662] LOG - 16:28:53.657Z Auto login function executing for: stonkz92224@gmail.com
[2025-09-27 11:28:53.663] LOG - 16:28:53.658Z Login form found, filling credentials...
[2025-09-27 11:28:53.663] LOG - 16:28:53.658Z Login form found, filling credentials...
[2025-09-27 11:28:53.805] LOG - 16:28:53.686Z Test element added to DOM
[2025-09-27 11:28:53.808] LOG - 16:28:53.686Z Test element added to DOM
[2025-09-27 11:28:53.810] LOG - 16:28:53.808Z All browser alerts and confirmations have been disabled
[2025-09-27 11:28:53.811] LOG - 16:28:53.808Z All browser alerts and confirmations have been disabled
[2025-09-27 11:28:54.172] LOG - 16:28:54.170Z Clicking login button...
[2025-09-27 11:28:54.172] LOG - 16:28:54.170Z Clicking login button...
[2025-09-27 11:28:54.181] LOG - 16:28:54.177Z authentication starting
[2025-09-27 11:28:54.181] LOG - 16:28:54.177Z authentication starting
[2025-09-27 11:28:54.585] warning - The AudioContext was not allowed to start. It must be resumed (or created) after a user gesture on the page. https://developer.chrome.com/blog/autoplay/#web_audio
[2025-09-27 11:28:54.586] LOG - 16:28:54.567Z Watching for account selection page...
[2025-09-27 11:28:54.588] LOG - 16:28:54.567Z Watching for account selection page...
[2025-09-27 11:28:54.860] LOG - 16:28:54.857Z Access token will be renewed in 75 minutes; expired: Sat Sep 27 2025 12:48:54 GMT-0500 (Central Daylight Time), now: Sat Sep 27 2025 11:28:54 GMT-0500 (Central Daylight Time)
[2025-09-27 11:28:54.861] LOG - 16:28:54.857Z Access token will be renewed in 75 minutes; expired: Sat Sep 27 2025 12:48:54 GMT-0500 (Central Daylight Time), now: Sat Sep 27 2025 11:28:54 GMT-0500 (Central Daylight Time)
[2025-09-27 11:28:55.135] INFO - 16:28:55.133Z [LaunchDarkly] Closing stream connection
[2025-09-27 11:28:55.138] INFO - 16:28:55.133Z [LaunchDarkly] Closing stream connection
[2025-09-27 11:28:55.140] INFO - 16:28:55.134Z [LaunchDarkly] Opening stream connection to https://clientstream.launchdarkly.com/eval/66cdf5b9cf61891061b4e437/eyJraW5kIjoidXNlciIsImtleSI6IjM2NTUwNTkiLCJkZXZpY2UiOiJkZXNrdG9wIiwidXNlcklkIjozNjU1MDU5LCJpcENvdW50cnkiOiJVUyIsIm9yZ05hbWUiOiJURFYiLCJuYW1lIjoiU3Rvbmt6OTIyMjQiLCJsYW5kaW5nUGFyYW1zIjoiIn0
[2025-09-27 11:28:55.140] INFO - 16:28:55.134Z [LaunchDarkly] Opening stream connection to https://clientstream.launchdarkly.com/eval/66cdf5b9cf61891061b4e437/eyJraW5kIjoidXNlciIsImtleSI6IjM2NTUwNTkiLCJkZXZpY2UiOiJkZXNrdG9wIiwidXNlcklkIjozNjU1MDU5LCJpcENvdW50cnkiOiJVUyIsIm9yZ05hbWUiOiJURFYiLCJuYW1lIjoiU3Rvbmt6OTIyMjQiLCJsYW5kaW5nUGFyYW1zIjoiIn0
[2025-09-27 11:28:55.162] INFO - 16:28:55.161Z [LaunchDarkly] Closing stream connection
[2025-09-27 11:28:55.163] INFO - 16:28:55.161Z [LaunchDarkly] Closing stream connection
[2025-09-27 11:28:55.165] INFO - 16:28:55.161Z [LaunchDarkly] Opening stream connection to https://clientstream.launchdarkly.com/eval/66cdf5b9cf61891061b4e437/eyJraW5kIjoidXNlciIsImtleSI6IjM2NTUwNTkiLCJkZXZpY2UiOiJkZXNrdG9wIiwidXNlcklkIjozNjU1MDU5LCJpcENvdW50cnkiOiJVUyIsIm9yZ05hbWUiOiJURFYiLCJuYW1lIjoiU3Rvbmt6OTIyMjQiLCJsYW5kaW5nUGFyYW1zIjoiIn0
[2025-09-27 11:28:55.165] INFO - 16:28:55.161Z [LaunchDarkly] Opening stream connection to https://clientstream.launchdarkly.com/eval/66cdf5b9cf61891061b4e437/eyJraW5kIjoidXNlciIsImtleSI6IjM2NTUwNTkiLCJkZXZpY2UiOiJkZXNrdG9wIiwidXNlcklkIjozNjU1MDU5LCJpcENvdW50cnkiOiJVUyIsIm9yZ05hbWUiOiJURFYiLCJuYW1lIjoiU3Rvbmt6OTIyMjQiLCJsYW5kaW5nUGFyYW1zIjoiIn0
[2025-09-27 11:28:55.271] INFO - 16:28:55.266Z [LaunchDarkly] Closing stream connection
[2025-09-27 11:28:55.271] INFO - 16:28:55.266Z [LaunchDarkly] Closing stream connection
[2025-09-27 11:28:55.271] INFO - 16:28:55.266Z [LaunchDarkly] Opening stream connection to https://clientstream.launchdarkly.com/eval/66cdf5b9cf61891061b4e437/eyJraW5kIjoidXNlciIsImtleSI6IjM2NTUwNTkiLCJkZXZpY2UiOiJkZXNrdG9wIiwidXNlcklkIjozNjU1MDU5LCJpcENvdW50cnkiOiJVUyIsIm9yZ05hbWUiOiJURFYiLCJuYW1lIjoiU3Rvbmt6OTIyMjQiLCJsYW5kaW5nUGFyYW1zIjoiIn0
[2025-09-27 11:28:55.272] INFO - 16:28:55.266Z [LaunchDarkly] Opening stream connection to https://clientstream.launchdarkly.com/eval/66cdf5b9cf61891061b4e437/eyJraW5kIjoidXNlciIsImtleSI6IjM2NTUwNTkiLCJkZXZpY2UiOiJkZXNrdG9wIiwidXNlcklkIjozNjU1MDU5LCJpcENvdW50cnkiOiJVUyIsIm9yZ05hbWUiOiJURFYiLCJuYW1lIjoiU3Rvbmt6OTIyMjQiLCJsYW5kaW5nUGFyYW1zIjoiIn0
[2025-09-27 11:28:56.569] LOG - 16:28:56.569Z Account selection page detected, clicking button...
[2025-09-27 11:28:56.570] LOG - 16:28:56.569Z Account selection page detected, clicking button...
[2025-09-27 11:28:56.710] LOG - 16:28:56.677Z Access token will be renewed in 75 minutes; expired: Sat Sep 27 2025 12:48:54 GMT-0500 (Central Daylight Time), now: Sat Sep 27 2025 11:28:56 GMT-0500 (Central Daylight Time)
[2025-09-27 11:28:56.710] LOG - 16:28:56.677Z Access token will be renewed in 75 minutes; expired: Sat Sep 27 2025 12:48:54 GMT-0500 (Central Daylight Time), now: Sat Sep 27 2025 11:28:56 GMT-0500 (Central Daylight Time)
[2025-09-27 11:28:57.147] error - Refused to connect to 'https://bat.bing.com/actionp/0?ti=26330043&Ver=2&mid=2cfea0e5-2a26-4d12-b7ae-de76aca4be8b&bo=2&sid=a82ace0097af11f0b51d4179c6f235dd&vid=99c3288092fe11f0bc7275adc39e6add&vids=0&msclkid=N&evt=pageHide' because it violates the following Content Security Policy directive: "connect-src wss://*.tradovate.com https://*.tradovate.com https://*.ntinnolab.com https://*.devel.ninjatrader.dev https://*.staging.ninjatrader.dev https://*.uat.ninjatrader.dev wss://*.ntinnolab.com wss://*.devel.ninjatrader.dev wss://*.staging.ninjatrader.dev wss://*.uat.ninjatrader.dev wss://*.tradovateapi.com https://*.tradovateapi.com https://*.ninjatrader.com https://cdn.walkme.com https://ec.walkme.com https://sessions.bugsnag.com https://notify.bugsnag.com https://*.plaid.com https://*.yodlee.com https://tradovate.zendesk.com https://rollout.ada.support https://static.ada.support https://ninjatrader.ada.support https://tradovate.ada.support https://ninjatrader-eap.ada.support/ https://demo-ninjatrader-gr.ada.support/ https://tradovate-gen.ada.support/ https://api.stripe.com https://apiproxy.ninjatrader.com https://apiproxy-d.ninjatrader.com https://us-autocomplete-pro.api.smartystreets.com https://international-autocomplete.api.smarty.com https://maps.googleapis.com https://accounts.google.com/ https://www.google.com https://www.googletagmanager.com/ https://*.browser-intake-datadoghq.com https://scripts.neuro-id.com https://receiver.neuroid.cloud https://logs.neuro-id.com https://firebaseinstallations.googleapis.com/ https://firebaseremoteconfig.googleapis.com/ https://logx.optimizely.com https://*.optimizely.com wss://mpsnare.iesnare.com wss://ci-mpsnare.iovation.com https://*.iovation.com/ https://*.reddit.com  https://www.redditstatic.com https://*.taboola.com https://*.launchdarkly.com https://*.alloy.co https://*.maze.co https://www.google-analytics.com https://analytics.google.com https://www.googletagmanager.com/ https://api.hubapi.com https://forms.hubspot.com https://stats.g.doubleclick.net https://alb.reddit.com https://analytics.twitter.com https://heapanalytics.com https://*.auryc.com https://*.contentsquare.net https://siteintercept.qualtrics.com https://api.userway.org/".

[2025-09-27 11:28:57.148] INFO - 16:28:57.146Z visibilitychange: hidden, gd: 1000
[2025-09-27 11:28:57.148] INFO - 16:28:57.146Z visibilitychange: hidden, gd: 1000
[2025-09-27 11:28:57.149] WARNING - 16:28:57.148Z [LaunchDarkly] Error on stream connection: {"isTrusted":true}, will continue retrying after 560 milliseconds.
[2025-09-27 11:28:57.150] WARNING - 16:28:57.148Z [LaunchDarkly] Error on stream connection: {"isTrusted":true}, will continue retrying after 560 milliseconds.
[2025-09-27 11:28:57.150] INFO - 16:28:57.148Z [LaunchDarkly] Closing stream connection
[2025-09-27 11:28:57.151] INFO - 16:28:57.148Z [LaunchDarkly] Closing stream connection
[2025-09-27 11:28:57.362] WARNING - Duplicate atom key "locale". This is a FATAL ERROR in
      production. But it is safe to ignore this warning if it occurred because of
      hot module replacement.
[2025-09-27 11:28:57.364] WARNING - Duplicate atom key "locale". This is a FATAL ERROR in
      production. But it is safe to ignore this warning if it occurred because of
      hot module replacement.
[2025-09-27 11:28:57.365] WARNING - Duplicate atom key "muiTheme". This is a FATAL ERROR in
      production. But it is safe to ignore this warning if it occurred because of
      hot module replacement.
[2025-09-27 11:28:57.367] WARNING - Duplicate atom key "muiTheme". This is a FATAL ERROR in
      production. But it is safe to ignore this warning if it occurred because of
      hot module replacement.
[2025-09-27 11:28:57.369] WARNING - Duplicate atom key "appLinksFooter". This is a FATAL ERROR in
      production. But it is safe to ignore this warning if it occurred because of
      hot module replacement.
[2025-09-27 11:28:57.370] WARNING - Duplicate atom key "appLinksFooter". This is a FATAL ERROR in
      production. But it is safe to ignore this warning if it occurred because of
      hot module replacement.
[2025-09-27 11:28:57.371] WARNING - Duplicate atom key "currentUserId2". This is a FATAL ERROR in
      production. But it is safe to ignore this warning if it occurred because of
      hot module replacement.
[2025-09-27 11:28:57.372] WARNING - Duplicate atom key "currentUserId2". This is a FATAL ERROR in
      production. But it is safe to ignore this warning if it occurred because of
      hot module replacement.
[2025-09-27 11:28:57.373] WARNING - Duplicate atom key "onboardingInProgress". This is a FATAL ERROR in
      production. But it is safe to ignore this warning if it occurred because of
      hot module replacement.
[2025-09-27 11:28:57.373] WARNING - Duplicate atom key "onboardingInProgress". This is a FATAL ERROR in
      production. But it is safe to ignore this warning if it occurred because of
      hot module replacement.
[2025-09-27 11:28:57.374] WARNING - Duplicate atom key "editing". This is a FATAL ERROR in
      production. But it is safe to ignore this warning if it occurred because of
      hot module replacement.
[2025-09-27 11:28:57.375] WARNING - Duplicate atom key "editing". This is a FATAL ERROR in
      production. But it is safe to ignore this warning if it occurred because of
      hot module replacement.
[2025-09-27 11:28:57.376] WARNING - Duplicate atom key "infoMessage". This is a FATAL ERROR in
      production. But it is safe to ignore this warning if it occurred because of
      hot module replacement.
[2025-09-27 11:28:57.377] WARNING - Duplicate atom key "infoMessage". This is a FATAL ERROR in
      production. But it is safe to ignore this warning if it occurred because of
      hot module replacement.
[2025-09-27 11:28:57.377] WARNING - Duplicate atom key "browserWarning". This is a FATAL ERROR in
      production. But it is safe to ignore this warning if it occurred because of
      hot module replacement.
[2025-09-27 11:28:57.379] WARNING - Duplicate atom key "browserWarning". This is a FATAL ERROR in
      production. But it is safe to ignore this warning if it occurred because of
      hot module replacement.
[2025-09-27 11:28:57.380] WARNING - Duplicate atom key "clockWarning". This is a FATAL ERROR in
      production. But it is safe to ignore this warning if it occurred because of
      hot module replacement.
[2025-09-27 11:28:57.381] WARNING - Duplicate atom key "clockWarning". This is a FATAL ERROR in
      production. But it is safe to ignore this warning if it occurred because of
      hot module replacement.
[2025-09-27 11:28:57.382] WARNING - Duplicate atom key "breakpoint". This is a FATAL ERROR in
      production. But it is safe to ignore this warning if it occurred because of
      hot module replacement.
[2025-09-27 11:28:57.383] WARNING - Duplicate atom key "breakpoint". This is a FATAL ERROR in
      production. But it is safe to ignore this warning if it occurred because of
      hot module replacement.
[2025-09-27 11:28:57.384] WARNING - Duplicate atom key "inMobileRange". This is a FATAL ERROR in
      production. But it is safe to ignore this warning if it occurred because of
      hot module replacement.
[2025-09-27 11:28:57.385] WARNING - Duplicate atom key "inMobileRange". This is a FATAL ERROR in
      production. But it is safe to ignore this warning if it occurred because of
      hot module replacement.
[2025-09-27 11:28:57.386] WARNING - Duplicate atom key "gridSpacing". This is a FATAL ERROR in
      production. But it is safe to ignore this warning if it occurred because of
      hot module replacement.
[2025-09-27 11:28:57.387] WARNING - Duplicate atom key "gridSpacing". This is a FATAL ERROR in
      production. But it is safe to ignore this warning if it occurred because of
      hot module replacement.
[2025-09-27 11:28:57.388] WARNING - Duplicate atom key "login". This is a FATAL ERROR in
      production. But it is safe to ignore this warning if it occurred because of
      hot module replacement.
[2025-09-27 11:28:57.388] WARNING - Duplicate atom key "login". This is a FATAL ERROR in
      production. But it is safe to ignore this warning if it occurred because of
      hot module replacement.
[2025-09-27 11:28:57.389] WARNING - Duplicate atom key "error". This is a FATAL ERROR in
      production. But it is safe to ignore this warning if it occurred because of
      hot module replacement.
[2025-09-27 11:28:57.390] WARNING - Duplicate atom key "error". This is a FATAL ERROR in
      production. But it is safe to ignore this warning if it occurred because of
      hot module replacement.
[2025-09-27 11:28:57.390] WARNING - Duplicate atom key "contactInfos2". This is a FATAL ERROR in
      production. But it is safe to ignore this warning if it occurred because of
      hot module replacement.
[2025-09-27 11:28:57.390] WARNING - Duplicate atom key "contactInfos2". This is a FATAL ERROR in
      production. But it is safe to ignore this warning if it occurred because of
      hot module replacement.
[2025-09-27 11:28:57.390] WARNING - Duplicate atom key "individualApplicantsTimestamp". This is a FATAL ERROR in
      production. But it is safe to ignore this warning if it occurred because of
      hot module replacement.
[2025-09-27 11:28:57.390] WARNING - Duplicate atom key "individualApplicantsTimestamp". This is a FATAL ERROR in
      production. But it is safe to ignore this warning if it occurred because of
      hot module replacement.
[2025-09-27 11:28:57.390] WARNING - Duplicate atom key "customerApplication". This is a FATAL ERROR in
      production. But it is safe to ignore this warning if it occurred because of
      hot module replacement.
[2025-09-27 11:28:57.390] WARNING - Duplicate atom key "customerApplication". This is a FATAL ERROR in
      production. But it is safe to ignore this warning if it occurred because of
      hot module replacement.
[2025-09-27 11:28:57.391] WARNING - Duplicate atom key "individualApplicants". This is a FATAL ERROR in
      production. But it is safe to ignore this warning if it occurred because of
      hot module replacement.
[2025-09-27 11:28:57.391] WARNING - Duplicate atom key "individualApplicants". This is a FATAL ERROR in
      production. But it is safe to ignore this warning if it occurred because of
      hot module replacement.
[2025-09-27 11:28:57.391] WARNING - Duplicate atom key "clearingHouses". This is a FATAL ERROR in
      production. But it is safe to ignore this warning if it occurred because of
      hot module replacement.
[2025-09-27 11:28:57.391] WARNING - Duplicate atom key "clearingHouses". This is a FATAL ERROR in
      production. But it is safe to ignore this warning if it occurred because of
      hot module replacement.
[2025-09-27 11:28:57.391] WARNING - Duplicate atom key "clearXClearingHouse". This is a FATAL ERROR in
      production. But it is safe to ignore this warning if it occurred because of
      hot module replacement.
[2025-09-27 11:28:57.391] WARNING - Duplicate atom key "clearXClearingHouse". This is a FATAL ERROR in
      production. But it is safe to ignore this warning if it occurred because of
      hot module replacement.
[2025-09-27 11:28:57.391] WARNING - Duplicate atom key "applicationClearingHouse". This is a FATAL ERROR in
      production. But it is safe to ignore this warning if it occurred because of
      hot module replacement.
[2025-09-27 11:28:57.391] WARNING - Duplicate atom key "applicationClearingHouse". This is a FATAL ERROR in
      production. But it is safe to ignore this warning if it occurred because of
      hot module replacement.
[2025-09-27 11:28:57.392] WARNING - Duplicate atom key "userLocation". This is a FATAL ERROR in
      production. But it is safe to ignore this warning if it occurred because of
      hot module replacement.
[2025-09-27 11:28:57.392] WARNING - Duplicate atom key "userLocation". This is a FATAL ERROR in
      production. But it is safe to ignore this warning if it occurred because of
      hot module replacement.
[2025-09-27 11:28:57.392] WARNING - Duplicate atom key "savedApplicationsTimestamp". This is a FATAL ERROR in
      production. But it is safe to ignore this warning if it occurred because of
      hot module replacement.
[2025-09-27 11:28:57.392] WARNING - Duplicate atom key "savedApplicationsTimestamp". This is a FATAL ERROR in
      production. But it is safe to ignore this warning if it occurred because of
      hot module replacement.
[2025-09-27 11:28:57.392] WARNING - Duplicate atom key "savedApplications". This is a FATAL ERROR in
      production. But it is safe to ignore this warning if it occurred because of
      hot module replacement.
[2025-09-27 11:28:57.392] WARNING - Duplicate atom key "savedApplications". This is a FATAL ERROR in
      production. But it is safe to ignore this warning if it occurred because of
      hot module replacement.
[2025-09-27 11:28:57.392] WARNING - Duplicate atom key "step". This is a FATAL ERROR in
      production. But it is safe to ignore this warning if it occurred because of
      hot module replacement.
[2025-09-27 11:28:57.393] WARNING - Duplicate atom key "step". This is a FATAL ERROR in
      production. But it is safe to ignore this warning if it occurred because of
      hot module replacement.
[2025-09-27 11:28:57.393] WARNING - Duplicate atom key "checkStates". This is a FATAL ERROR in
      production. But it is safe to ignore this warning if it occurred because of
      hot module replacement.
[2025-09-27 11:28:57.393] WARNING - Duplicate atom key "checkStates". This is a FATAL ERROR in
      production. But it is safe to ignore this warning if it occurred because of
      hot module replacement.
[2025-09-27 11:28:57.393] WARNING - Duplicate atom key "signStates". This is a FATAL ERROR in
      production. But it is safe to ignore this warning if it occurred because of
      hot module replacement.
[2025-09-27 11:28:57.393] WARNING - Duplicate atom key "signStates". This is a FATAL ERROR in
      production. But it is safe to ignore this warning if it occurred because of
      hot module replacement.
[2025-09-27 11:28:57.393] WARNING - Duplicate atom key "wizard". This is a FATAL ERROR in
      production. But it is safe to ignore this warning if it occurred because of
      hot module replacement.
[2025-09-27 11:28:57.393] WARNING - Duplicate atom key "wizard". This is a FATAL ERROR in
      production. But it is safe to ignore this warning if it occurred because of
      hot module replacement.
[2025-09-27 11:28:57.393] WARNING - Duplicate atom key "formBuilder". This is a FATAL ERROR in
      production. But it is safe to ignore this warning if it occurred because of
      hot module replacement.
[2025-09-27 11:28:57.393] WARNING - Duplicate atom key "formBuilder". This is a FATAL ERROR in
      production. But it is safe to ignore this warning if it occurred because of
      hot module replacement.
[2025-09-27 11:28:57.394] WARNING - Duplicate atom key "headerSlot". This is a FATAL ERROR in
      production. But it is safe to ignore this warning if it occurred because of
      hot module replacement.
[2025-09-27 11:28:57.394] WARNING - Duplicate atom key "headerSlot". This is a FATAL ERROR in
      production. But it is safe to ignore this warning if it occurred because of
      hot module replacement.
[2025-09-27 11:28:57.394] WARNING - Duplicate atom key "footerSlot". This is a FATAL ERROR in
      production. But it is safe to ignore this warning if it occurred because of
      hot module replacement.
[2025-09-27 11:28:57.394] WARNING - Duplicate atom key "footerSlot". This is a FATAL ERROR in
      production. But it is safe to ignore this warning if it occurred because of
      hot module replacement.
[2025-09-27 11:28:57.394] WARNING - Duplicate atom key "alloyJourneyToken". This is a FATAL ERROR in
      production. But it is safe to ignore this warning if it occurred because of
      hot module replacement.
[2025-09-27 11:28:57.394] WARNING - Duplicate atom key "alloyJourneyToken". This is a FATAL ERROR in
      production. But it is safe to ignore this warning if it occurred because of
      hot module replacement.
[2025-09-27 11:28:57.395] DEBUG - [bugsnag] Loaded!
[2025-09-27 11:28:57.395] DEBUG - [bugsnag] Loaded!
[2025-09-27 11:28:57.395] INFO - Version 3.250926.0 prod production 
[2025-09-27 11:28:57.395] INFO - Version 3.250926.0 prod production 
[2025-09-27 11:28:57.395] INFO - Time: Sat Sep 27 2025 11:28:57 GMT-0500 (Central Daylight Time)
[2025-09-27 11:28:57.395] INFO - Time:
[2025-09-27 11:28:57.482] LOG - 16:28:57.480Z Try to restore session
[2025-09-27 11:28:57.483] LOG - 16:28:57.480Z Try to restore session
[2025-09-27 11:28:57.483] LOG - 16:28:57.481Z Access token will be renewed in 75 minutes; expired: Sat Sep 27 2025 12:48:54 GMT-0500 (Central Daylight Time), now: Sat Sep 27 2025 11:28:57 GMT-0500 (Central Daylight Time)
[2025-09-27 11:28:57.483] LOG - 16:28:57.481Z Access token will be renewed in 75 minutes; expired: Sat Sep 27 2025 12:48:54 GMT-0500 (Central Daylight Time), now: Sat Sep 27 2025 11:28:57 GMT-0500 (Central Daylight Time)
[2025-09-27 11:28:57.490] WARNING - 16:28:57.488Z [LaunchDarkly] The waitForInitialization function was called without a timeout specified. In a future version a default timeout will be applied.
[2025-09-27 11:28:57.490] WARNING - 16:28:57.488Z [LaunchDarkly] The waitForInitialization function was called without a timeout specified. In a future version a default timeout will be applied.
[2025-09-27 11:28:57.503] INFO - 16:28:57.502Z chart cache state: islands=5, bars=1196
[2025-09-27 11:28:57.503] INFO - 16:28:57.502Z chart cache state: islands=5, bars=1196
[2025-09-27 11:28:57.504] INFO - 16:28:57.502Z Chart history database initialized
[2025-09-27 11:28:57.506] INFO - 16:28:57.502Z Chart history database initialized
[2025-09-27 11:28:57.506] INFO - 16:28:57.503Z [LaunchDarkly] LaunchDarkly client initialized
[2025-09-27 11:28:57.506] INFO - 16:28:57.503Z [LaunchDarkly] LaunchDarkly client initialized
[2025-09-27 11:28:57.506] INFO - 16:28:57.503Z [LaunchDarkly] Opening stream connection to https://clientstream.launchdarkly.com/eval/66cdf5b9cf61891061b4e437/eyJraW5kIjoidXNlciIsImtleSI6InVua25vd24iLCJhbm9ueW1vdXMiOmZhbHNlfQ
[2025-09-27 11:28:57.506] INFO - 16:28:57.503Z [LaunchDarkly] Opening stream connection to https://clientstream.launchdarkly.com/eval/66cdf5b9cf61891061b4e437/eyJraW5kIjoidXNlciIsImtleSI6InVua25vd24iLCJhbm9ueW1vdXMiOmZhbHNlfQ
[2025-09-27 11:28:57.976] INFO - 16:28:57.975Z [LaunchDarkly] Closing stream connection
[2025-09-27 11:28:57.977] INFO - 16:28:57.975Z [LaunchDarkly] Closing stream connection
[2025-09-27 11:28:57.977] INFO - 16:28:57.975Z [LaunchDarkly] Opening stream connection to https://clientstream.launchdarkly.com/eval/66cdf5b9cf61891061b4e437/eyJraW5kIjoidXNlciIsImtleSI6IjM2NTUwNTkiLCJkZXZpY2UiOiJkZXNrdG9wIiwidXNlcklkIjozNjU1MDU5LCJpcENvdW50cnkiOiIiLCJvcmdOYW1lIjoiVERWIiwibmFtZSI6IlN0b25rejkyMjI0IiwibGFuZGluZ1BhcmFtcyI6IiJ9
[2025-09-27 11:28:57.977] INFO - 16:28:57.975Z [LaunchDarkly] Opening stream connection to https://clientstream.launchdarkly.com/eval/66cdf5b9cf61891061b4e437/eyJraW5kIjoidXNlciIsImtleSI6IjM2NTUwNTkiLCJkZXZpY2UiOiJkZXNrdG9wIiwidXNlcklkIjozNjU1MDU5LCJpcENvdW50cnkiOiIiLCJvcmdOYW1lIjoiVERWIiwibmFtZSI6IlN0b25rejkyMjI0IiwibGFuZGluZ1BhcmFtcyI6IiJ9
[2025-09-27 11:28:58.022] INFO - 16:28:58.021Z [LaunchDarkly] Closing stream connection
[2025-09-27 11:28:58.023] INFO - 16:28:58.021Z [LaunchDarkly] Closing stream connection
[2025-09-27 11:28:58.024] INFO - 16:28:58.021Z [LaunchDarkly] Opening stream connection to https://clientstream.launchdarkly.com/eval/66cdf5b9cf61891061b4e437/eyJraW5kIjoidXNlciIsImtleSI6IjM2NTUwNTkiLCJkZXZpY2UiOiJkZXNrdG9wIiwidXNlcklkIjozNjU1MDU5LCJpcENvdW50cnkiOiJVUyIsIm9yZ05hbWUiOiJURFYiLCJuYW1lIjoiU3Rvbmt6OTIyMjQiLCJsYW5kaW5nUGFyYW1zIjoiIn0
[2025-09-27 11:28:58.024] INFO - 16:28:58.021Z [LaunchDarkly] Opening stream connection to https://clientstream.launchdarkly.com/eval/66cdf5b9cf61891061b4e437/eyJraW5kIjoidXNlciIsImtleSI6IjM2NTUwNTkiLCJkZXZpY2UiOiJkZXNrdG9wIiwidXNlcklkIjozNjU1MDU5LCJpcENvdW50cnkiOiJVUyIsIm9yZ05hbWUiOiJURFYiLCJuYW1lIjoiU3Rvbmt6OTIyMjQiLCJsYW5kaW5nUGFyYW1zIjoiIn0
[2025-09-27 11:28:58.757] LOG - 16:28:58.754Z opening https://demo.tradovateapi.com/
[2025-09-27 11:28:58.757] LOG - 16:28:58.754Z opening https://demo.tradovateapi.com/
[2025-09-27 11:28:58.761] LOG - 16:28:58.760Z Hotkeys initialized {"Shift+Digit1":["orders/selectColumns"],"Shift+Digit2":["orders/showFilters"],"Shift+Digit3":["orders/standardTableView"],"Shift+Digit4":["orders/linkedOrdersView"],"Command+Shift+Digit0":["dom-chart/exit-and-cancel"]}
[2025-09-27 11:28:58.761] LOG - 16:28:58.760Z Hotkeys initialized {"Shift+Digit1":["orders/selectColumns"],"Shift+Digit2":["orders/showFilters"],"Shift+Digit3":["orders/standardTableView"],"Shift+Digit4":["orders/linkedOrdersView"],"Command+Shift+Digit0":["dom-chart/exit-and-cancel"]}
[2025-09-27 11:28:58.833] LOG - 16:28:58.833Z websocket opened
[2025-09-27 11:28:58.834] LOG - 16:28:58.833Z websocket opened
[2025-09-27 11:28:58.921] LOG - 16:28:58.919Z opening https://md-demo.tradovateapi.com/
[2025-09-27 11:28:58.922] LOG - 16:28:58.919Z opening https://md-demo.tradovateapi.com/
[2025-09-27 11:28:58.922] LOG - 16:28:58.920Z Connection:  open
[2025-09-27 11:28:58.923] LOG - 16:28:58.920Z Connection:  open
[2025-09-27 11:28:58.981] LOG - 16:28:58.979Z WebGL:  {"isWebGL2":true,"precision":"highp","logarithmicDepthBuffer":false,"maxTextures":16,"maxVertexTextures":16,"maxTextureSize":16384,"maxCubemapSize":16384,"maxAttributes":16,"maxVertexUniforms":1024,"maxVaryings":30,"maxFragmentUniforms":1024,"vertexTextures":true,"floatFragmentTextures":true,"floatVertexTextures":true,"maxSamples":8} , devicePixelRatio:  2
[2025-09-27 11:28:58.986] LOG - 16:28:58.979Z Canvas size: 1119 991 dpp:  2
[2025-09-27 11:28:59.045] LOG - 16:28:58.993Z Loading App-level Plugins
[2025-09-27 11:28:59.066] LOG - 16:28:58.993Z Loading App-level Plugins
[2025-09-27 11:28:59.066] LOG - 16:28:59.002Z WebGL:  {"isWebGL2":true,"precision":"highp","logarithmicDepthBuffer":false,"maxTextures":16,"maxVertexTextures":16,"maxTextureSize":16384,"maxCubemapSize":16384,"maxAttributes":16,"maxVertexUniforms":1024,"maxVaryings":30,"maxFragmentUniforms":1024,"vertexTextures":true,"floatFragmentTextures":true,"floatVertexTextures":true,"maxSamples":8} , devicePixelRatio:  2
[2025-09-27 11:28:59.068] LOG - 16:28:59.002Z Canvas size: 1119 991 dpp:  2
[2025-09-27 11:28:59.085] LOG - 16:28:59.064Z websocket opened
[2025-09-27 11:28:59.086] LOG - 16:28:59.064Z websocket opened
[2025-09-27 11:28:59.176] LOG - 16:28:59.174Z sync to remote defaultModules
[2025-09-27 11:28:59.177] LOG - 16:28:59.174Z sync to remote defaultModules
[2025-09-27 11:28:59.178] LOG - 16:28:59.177Z loadAppLevelPlugins:  [object Object]
[2025-09-27 11:28:59.179] LOG - 16:28:59.177Z loadAppLevelPlugins: 
[2025-09-27 11:28:59.375] LOG - 16:28:59.375Z sync to remote accountGroups
[2025-09-27 11:28:59.376] LOG - 16:28:59.375Z sync to remote accountGroups
[2025-09-27 11:29:00.259] LOG - 16:29:00.258Z jailing is in progress
[2025-09-27 11:29:00.260] LOG - 16:29:00.258Z jailing is in progress
[2025-09-27 11:29:00.511] LOG - 16:29:00.496Z created chart 1
[2025-09-27 11:29:00.844] LOG - 16:29:00.842Z requestChart: {"symbol":"3267312","chartDescription":{"underlyingType":"Tick","elementSize":5000,"elementSizeUnit":"UnderlyingUnits","withHistogram":false},"timeRange":{"asMuchAsElements":300}}
[2025-09-27 11:29:00.845] LOG - 16:29:00.842Z requestChart: {"symbol":"3267312","chartDescription":{"underlyingType":"Tick","elementSize":5000,"elementSizeUnit":"UnderlyingUnits","withHistogram":false},"timeRange":{"asMuchAsElements":300}}
[2025-09-27 11:29:00.845] LOG - 16:29:00.843Z mdMgApi open
[2025-09-27 11:29:00.845] LOG - 16:29:00.843Z mdMgApi open
[2025-09-27 11:29:00.846] LOG - 16:29:00.844Z pending jailing done. next starts
[2025-09-27 11:29:00.846] LOG - 16:29:00.844Z pending jailing done. next starts
[2025-09-27 11:29:01.811] LOG - 16:29:01.792Z created chart 14
[2025-09-27 11:29:01.836] LOG - 16:29:01.835Z requestChart: {"symbol":"4086418","chartDescription":{"underlyingType":"MinuteBar","elementSize":15,"elementSizeUnit":"UnderlyingUnits","withHistogram":false},"timeRange":{"asMuchAsElements":300}}
[2025-09-27 11:29:01.837] LOG - 16:29:01.835Z requestChart: {"symbol":"4086418","chartDescription":{"underlyingType":"MinuteBar","elementSize":15,"elementSizeUnit":"UnderlyingUnits","withHistogram":false},"timeRange":{"asMuchAsElements":300}}
[2025-09-27 11:29:01.837] LOG - 16:29:01.835Z mdMgApi open
[2025-09-27 11:29:01.837] LOG - 16:29:01.835Z mdMgApi open
[2025-09-27 11:29:01.947] LOG - 16:29:01.946Z updating the shared isolation
[2025-09-27 11:29:01.947] LOG - 16:29:01.946Z updating the shared isolation
[2025-09-27 11:29:02.344] LOG - 16:29:02.342Z updating the shared isolation
[2025-09-27 11:29:02.344] LOG - 16:29:02.342Z updating the shared isolation
[2025-09-27 11:29:04.327] LOG - 16:29:04.326Z Auto Order script initialized - AUTOMATIC HOT RELOAD SUCCESS!
[2025-09-27 11:29:04.328] LOG - 16:29:04.326Z Auto Order script initialized - AUTOMATIC HOT RELOAD SUCCESS!
[2025-09-27 11:29:04.329] LOG - 16:29:04.326Z Creating UI for dashboard trading...
[2025-09-27 11:29:04.329] LOG - 16:29:04.326Z Creating UI for dashboard trading...
[2025-09-27 11:29:04.330] LOG - 16:29:04.327Z Creating UI (visible=false)
[2025-09-27 11:29:04.330] LOG - 16:29:04.327Z Creating UI (visible=false)
[2025-09-27 11:29:04.331] LOG - 16:29:04.327Z Stored values: TP=53, SL=15, Qty=4, Tick=0.25, Symbol=NQ
[2025-09-27 11:29:04.331] LOG - 16:29:04.327Z Stored values: TP=53, SL=15, Qty=4, Tick=0.25, Symbol=NQ
[2025-09-27 11:29:04.331] LOG - 16:29:04.327Z UI container added to DOM
[2025-09-27 11:29:04.332] LOG - 16:29:04.327Z UI container added to DOM
[2025-09-27 11:29:04.333] LOG - 16:29:04.327Z Setting up localStorage persistence
[2025-09-27 11:29:04.333] LOG - 16:29:04.327Z Setting up localStorage persistence
[2025-09-27 11:29:04.333] LOG - 16:29:04.328Z UI initialization complete
[2025-09-27 11:29:04.333] LOG - 16:29:04.328Z UI initialization complete
[2025-09-27 11:29:04.333] LOG - 16:29:04.328Z Creating example front-quarter symbol
[2025-09-27 11:29:04.333] LOG - 16:29:04.328Z Creating example front-quarter symbol
[2025-09-27 11:29:04.333] LOG - 16:29:04.328Z getQuarterlyCode called with date: 2025-09-27T16:29:04.328Z
[2025-09-27 11:29:04.334] LOG - 16:29:04.328Z getQuarterlyCode called with date: 2025-09-27T16:29:04.328Z
[2025-09-27 11:29:04.334] LOG - 16:29:04.328Z Current month index: 8
[2025-09-27 11:29:04.334] LOG - 16:29:04.328Z Current month index: 8
[2025-09-27 11:29:04.334] LOG - 16:29:04.328Z Starting calculation with year=2025, month=8
[2025-09-27 11:29:04.334] LOG - 16:29:04.328Z Starting calculation with year=2025, month=8
[2025-09-27 11:29:04.334] LOG - 16:29:04.328Z Calculated quarterly code: letter=Z, yearDigit=5
[2025-09-27 11:29:04.334] LOG - 16:29:04.328Z Calculated quarterly code: letter=Z, yearDigit=5
[2025-09-27 11:29:04.334] LOG - 16:29:04.328Z Example front-quarter symbol created: NQZ5
[2025-09-27 11:29:04.334] LOG - 16:29:04.328Z Example front-quarter symbol created: NQZ5
[2025-09-27 11:29:04.336] LOG - 16:29:04.335Z Auto Risk Management: Running initial risk assessment...
[2025-09-27 11:29:04.336] LOG - 16:29:04.335Z Auto Risk Management: Running initial risk assessment...
[2025-09-27 11:29:04.337] LOG - 16:29:04.336Z [analyzePhase] resetting phaseData
[2025-09-27 11:29:04.337] LOG - 16:29:04.336Z [analyzePhase] resetting phaseData
[2025-09-27 11:29:04.338] LOG - 16:29:04.336Z [analyzePhase] set phase 1 maxActive to 1
[2025-09-27 11:29:04.339] LOG - 16:29:04.336Z [analyzePhase] set phase 1 maxActive to 1
[2025-09-27 11:29:04.339] LOG - 16:29:04.336Z [analyzePhase] increased phase 2 maxActive to 1
[2025-09-27 11:29:04.340] LOG - 16:29:04.336Z [analyzePhase] increased phase 2 maxActive to 1
[2025-09-27 11:29:04.340] LOG - 16:29:04.337Z [updateUserColumnPhaseStatus] Starting...
[2025-09-27 11:29:04.341] LOG - 16:29:04.337Z [updateUserColumnPhaseStatus] Starting...
[2025-09-27 11:29:04.342] LOG - 16:29:04.337Z [updateUserColumnPhaseStatus] Found 4 rows
[2025-09-27 11:29:04.342] LOG - 16:29:04.337Z [updateUserColumnPhaseStatus] Found 4 rows
[2025-09-27 11:29:04.343] LOG - 16:29:04.337Z [updateUserColumnPhaseStatus] Header cells: Account ▲,Total Available Margin,User,Dist Drawdown Net Liq,Dollar Open P L,Dollar Total P L
[2025-09-27 11:29:04.344] LOG - 16:29:04.337Z [updateUserColumnPhaseStatus] Header cells:
[2025-09-27 11:29:04.344] LOG - 16:29:04.337Z [updateUserColumnPhaseStatus] Found User column at index 2
[2025-09-27 11:29:04.345] LOG - 16:29:04.337Z [updateUserColumnPhaseStatus] Found User column at index 2
[2025-09-27 11:29:04.345] LOG - 16:29:04.337Z [updateUserColumnPhaseStatus] Getting table data...
[2025-09-27 11:29:04.345] LOG - 16:29:04.337Z [updateUserColumnPhaseStatus] Getting table data...
[2025-09-27 11:29:04.345] LOG - 16:29:04.337Z [analyzePhase] resetting phaseData
[2025-09-27 11:29:04.345] LOG - 16:29:04.337Z [analyzePhase] resetting phaseData
[2025-09-27 11:29:04.346] LOG - 16:29:04.337Z [analyzePhase] set phase 1 maxActive to 1
[2025-09-27 11:29:04.346] LOG - 16:29:04.337Z [analyzePhase] set phase 1 maxActive to 1
[2025-09-27 11:29:04.346] LOG - 16:29:04.337Z [analyzePhase] increased phase 2 maxActive to 1
[2025-09-27 11:29:04.346] LOG - 16:29:04.337Z [analyzePhase] increased phase 2 maxActive to 1
[2025-09-27 11:29:04.346] LOG - 16:29:04.338Z [updateUserColumnPhaseStatus] Table data: 3 rows
[2025-09-27 11:29:04.346] LOG - 16:29:04.338Z [updateUserColumnPhaseStatus] Table data: 3 rows
[2025-09-27 11:29:04.346] LOG - 16:29:04.338Z [updateUserColumnPhaseStatus] First data row has 6 cells, we need index 2
[2025-09-27 11:29:04.347] LOG - 16:29:04.338Z [updateUserColumnPhaseStatus] First data row has 6 cells, we need index 2
[2025-09-27 11:29:04.347] LOG - 16:29:04.338Z [updateUserColumnPhaseStatus] Setting row 1 (DEMO3655059) phase=1, active=true
[2025-09-27 11:29:04.347] LOG - 16:29:04.338Z [updateUserColumnPhaseStatus] Setting row 1 (DEMO3655059) phase=1, active=true
[2025-09-27 11:29:04.347] LOG - 16:29:04.338Z [updateUserColumnPhaseStatus] Setting row 2 (DEMO3655059-1) phase=1, active=false
[2025-09-27 11:29:04.347] LOG - 16:29:04.338Z [updateUserColumnPhaseStatus] Setting row 2 (DEMO3655059-1) phase=1, active=false
[2025-09-27 11:29:04.347] LOG - 16:29:04.338Z [updateUserColumnPhaseStatus] Setting row 3 (DEMO3655059-2) phase=2, active=true
[2025-09-27 11:29:04.348] LOG - 16:29:04.338Z [updateUserColumnPhaseStatus] Setting row 3 (DEMO3655059-2) phase=2, active=true
[2025-09-27 11:29:04.348] LOG - 16:29:04.338Z [updateUserColumnPhaseStatus] Completed
[2025-09-27 11:29:04.348] LOG - 16:29:04.338Z [updateUserColumnPhaseStatus] Completed
[2025-09-27 11:29:04.358] warning - The AudioContext was not allowed to start. It must be resumed (or created) after a user gesture on the page. https://developer.chrome.com/blog/autoplay/#web_audio
[2025-09-27 11:29:04.359] LOG - 16:29:04.347Z Auto Risk Management: Initial risk assessment completed
[2025-09-27 11:29:04.359] LOG - 16:29:04.347Z Auto Risk Management: Initial risk assessment completed
[2025-09-27 11:29:05.364] LOG - 16:29:05.363Z Executing initial risk management assessment...
[2025-09-27 11:29:05.364] LOG - 16:29:05.363Z Executing initial risk management assessment...
[2025-09-27 11:29:05.365] ERROR - 16:29:05.363Z getTableData function not found
[2025-09-27 11:29:05.365] ERROR - 16:29:05.363Z getTableData function not found
[2025-09-27 11:29:05.366] ERROR - 16:29:05.365Z updateUserColumnPhaseStatus function not found
[2025-09-27 11:29:05.366] ERROR - 16:29:05.365Z updateUserColumnPhaseStatus function not found
[2025-09-27 11:29:05.367] ERROR - 16:29:05.365Z performAccountActions function not found
[2025-09-27 11:29:05.368] ERROR - 16:29:05.365Z performAccountActions function not found
[2025-09-27 11:29:05.368] LOG - 16:29:05.365Z Risk management assessment completed
[2025-09-27 11:29:05.368] LOG - 16:29:05.365Z Risk management assessment completed
[2025-09-27 11:29:05.390] LOG - 16:29:05.388Z [analyzePhase] resetting phaseData
[2025-09-27 11:29:05.391] LOG - 16:29:05.388Z [analyzePhase] resetting phaseData
[2025-09-27 11:29:05.393] LOG - 16:29:05.388Z [analyzePhase] set phase 1 maxActive to 1
[2025-09-27 11:29:05.393] LOG - 16:29:05.388Z [analyzePhase] set phase 1 maxActive to 1
[2025-09-27 11:29:05.394] LOG - 16:29:05.388Z [analyzePhase] increased phase 2 maxActive to 1
[2025-09-27 11:29:05.395] LOG - 16:29:05.388Z [analyzePhase] increased phase 2 maxActive to 1
[2025-09-27 11:29:05.890] LOG - 16:29:05.889Z [analyzePhase] resetting phaseData
[2025-09-27 11:29:05.892] LOG - 16:29:05.889Z [analyzePhase] resetting phaseData
[2025-09-27 11:29:05.893] LOG - 16:29:05.890Z [analyzePhase] set phase 1 maxActive to 1
[2025-09-27 11:29:05.894] LOG - 16:29:05.890Z [analyzePhase] set phase 1 maxActive to 1
[2025-09-27 11:29:05.895] LOG - 16:29:05.890Z [analyzePhase] increased phase 2 maxActive to 1
[2025-09-27 11:29:05.896] LOG - 16:29:05.890Z [analyzePhase] increased phase 2 maxActive to 1
[2025-09-27 11:29:05.896] LOG - 16:29:05.890Z Set DEMO3655059 qty to 20
[2025-09-27 11:29:05.897] LOG - 16:29:05.891Z Set DEMO3655059-2 qty to 10
[2025-09-27 11:29:05.898] LOG - 16:29:05.891Z [analyzePhase] resetting phaseData
[2025-09-27 11:29:05.898] LOG - 16:29:05.891Z [analyzePhase] resetting phaseData
[2025-09-27 11:29:05.898] LOG - 16:29:05.891Z [analyzePhase] set phase 1 maxActive to 1
[2025-09-27 11:29:05.898] LOG - 16:29:05.891Z [analyzePhase] set phase 1 maxActive to 1
[2025-09-27 11:29:05.899] LOG - 16:29:05.891Z [analyzePhase] increased phase 2 maxActive to 1
[2025-09-27 11:29:05.899] LOG - 16:29:05.891Z [analyzePhase] increased phase 2 maxActive to 1
