[2025-09-27 10:40:51.160] LOG - 15:40:51.158Z Starting login process for: stonkz92224@gmail.com
[2025-09-27 10:40:51.162] LOG - 15:40:51.158Z Starting login process for: stonkz92224@gmail.com
[2025-09-27 10:40:51.164] LOG - 15:40:51.159Z Auto login function executing for: stonkz92224@gmail.com
[2025-09-27 10:40:51.165] LOG - 15:40:51.159Z Auto login function executing for: stonkz92224@gmail.com
[2025-09-27 10:40:51.166] LOG - 15:40:51.159Z Login form found, filling credentials...
[2025-09-27 10:40:51.166] LOG - 15:40:51.159Z Login form found, filling credentials...
[2025-09-27 10:40:51.325] LOG - 15:40:51.192Z Test element added to DOM
[2025-09-27 10:40:51.326] LOG - 15:40:51.192Z Test element added to DOM
[2025-09-27 10:40:51.328] LOG - 15:40:51.326Z All browser alerts and confirmations have been disabled
[2025-09-27 10:40:51.329] LOG - 15:40:51.326Z All browser alerts and confirmations have been disabled
[2025-09-27 10:40:51.677] LOG - 15:40:51.675Z Clicking login button...
[2025-09-27 10:40:51.678] LOG - 15:40:51.675Z Clicking login button...
[2025-09-27 10:40:51.687] LOG - 15:40:51.685Z authentication starting
[2025-09-27 10:40:51.690] LOG - 15:40:51.685Z authentication starting
[2025-09-27 10:40:52.088] warning - The AudioContext was not allowed to start. It must be resumed (or created) after a user gesture on the page. https://developer.chrome.com/blog/autoplay/#web_audio
[2025-09-27 10:40:52.089] LOG - 15:40:52.070Z Watching for account selection page...
[2025-09-27 10:40:52.090] LOG - 15:40:52.070Z Watching for account selection page...
[2025-09-27 10:40:52.327] LOG - 15:40:52.325Z Access token will be renewed in 75 minutes; expired: Sat Sep 27 2025 12:00:52 GMT-0500 (Central Daylight Time), now: Sat Sep 27 2025 10:40:52 GMT-0500 (Central Daylight Time)
[2025-09-27 10:40:52.329] LOG - 15:40:52.325Z Access token will be renewed in 75 minutes; expired: Sat Sep 27 2025 12:00:52 GMT-0500 (Central Daylight Time), now: Sat Sep 27 2025 10:40:52 GMT-0500 (Central Daylight Time)
[2025-09-27 10:40:52.639] INFO - 15:40:52.637Z [LaunchDarkly] Closing stream connection
[2025-09-27 10:40:52.643] INFO - 15:40:52.637Z [LaunchDarkly] Closing stream connection
[2025-09-27 10:40:52.647] INFO - 15:40:52.638Z [LaunchDarkly] Opening stream connection to https://clientstream.launchdarkly.com/eval/66cdf5b9cf61891061b4e437/eyJraW5kIjoidXNlciIsImtleSI6IjM2NTUwNTkiLCJkZXZpY2UiOiJkZXNrdG9wIiwidXNlcklkIjozNjU1MDU5LCJpcENvdW50cnkiOiJVUyIsIm9yZ05hbWUiOiJURFYiLCJuYW1lIjoiU3Rvbmt6OTIyMjQiLCJsYW5kaW5nUGFyYW1zIjoiIn0
[2025-09-27 10:40:52.658] INFO - 15:40:52.638Z [LaunchDarkly] Opening stream connection to https://clientstream.launchdarkly.com/eval/66cdf5b9cf61891061b4e437/eyJraW5kIjoidXNlciIsImtleSI6IjM2NTUwNTkiLCJkZXZpY2UiOiJkZXNrdG9wIiwidXNlcklkIjozNjU1MDU5LCJpcENvdW50cnkiOiJVUyIsIm9yZ05hbWUiOiJURFYiLCJuYW1lIjoiU3Rvbmt6OTIyMjQiLCJsYW5kaW5nUGFyYW1zIjoiIn0
[2025-09-27 10:40:52.659] INFO - 15:40:52.638Z [LaunchDarkly] Closing stream connection
[2025-09-27 10:40:52.660] INFO - 15:40:52.638Z [LaunchDarkly] Closing stream connection
[2025-09-27 10:40:52.660] INFO - 15:40:52.638Z [LaunchDarkly] Opening stream connection to https://clientstream.launchdarkly.com/eval/66cdf5b9cf61891061b4e437/eyJraW5kIjoidXNlciIsImtleSI6IjM2NTUwNTkiLCJkZXZpY2UiOiJkZXNrdG9wIiwidXNlcklkIjozNjU1MDU5LCJpcENvdW50cnkiOiJVUyIsIm9yZ05hbWUiOiJURFYiLCJuYW1lIjoiU3Rvbmt6OTIyMjQiLCJsYW5kaW5nUGFyYW1zIjoiIn0
[2025-09-27 10:40:52.661] INFO - 15:40:52.638Z [LaunchDarkly] Opening stream connection to https://clientstream.launchdarkly.com/eval/66cdf5b9cf61891061b4e437/eyJraW5kIjoidXNlciIsImtleSI6IjM2NTUwNTkiLCJkZXZpY2UiOiJkZXNrdG9wIiwidXNlcklkIjozNjU1MDU5LCJpcENvdW50cnkiOiJVUyIsIm9yZ05hbWUiOiJURFYiLCJuYW1lIjoiU3Rvbmt6OTIyMjQiLCJsYW5kaW5nUGFyYW1zIjoiIn0
[2025-09-27 10:40:52.718] INFO - 15:40:52.716Z [LaunchDarkly] Closing stream connection
[2025-09-27 10:40:52.718] INFO - 15:40:52.716Z [LaunchDarkly] Closing stream connection
[2025-09-27 10:40:52.718] INFO - 15:40:52.716Z [LaunchDarkly] Opening stream connection to https://clientstream.launchdarkly.com/eval/66cdf5b9cf61891061b4e437/eyJraW5kIjoidXNlciIsImtleSI6IjM2NTUwNTkiLCJkZXZpY2UiOiJkZXNrdG9wIiwidXNlcklkIjozNjU1MDU5LCJpcENvdW50cnkiOiJVUyIsIm9yZ05hbWUiOiJURFYiLCJuYW1lIjoiU3Rvbmt6OTIyMjQiLCJsYW5kaW5nUGFyYW1zIjoiIn0
[2025-09-27 10:40:52.718] INFO - 15:40:52.716Z [LaunchDarkly] Opening stream connection to https://clientstream.launchdarkly.com/eval/66cdf5b9cf61891061b4e437/eyJraW5kIjoidXNlciIsImtleSI6IjM2NTUwNTkiLCJkZXZpY2UiOiJkZXNrdG9wIiwidXNlcklkIjozNjU1MDU5LCJpcENvdW50cnkiOiJVUyIsIm9yZ05hbWUiOiJURFYiLCJuYW1lIjoiU3Rvbmt6OTIyMjQiLCJsYW5kaW5nUGFyYW1zIjoiIn0
[2025-09-27 10:40:54.072] LOG - 15:40:54.071Z Account selection page detected, clicking button...
[2025-09-27 10:40:54.072] LOG - 15:40:54.071Z Account selection page detected, clicking button...
[2025-09-27 10:40:54.208] LOG - 15:40:54.180Z Access token will be renewed in 75 minutes; expired: Sat Sep 27 2025 12:00:52 GMT-0500 (Central Daylight Time), now: Sat Sep 27 2025 10:40:54 GMT-0500 (Central Daylight Time)
[2025-09-27 10:40:54.209] LOG - 15:40:54.180Z Access token will be renewed in 75 minutes; expired: Sat Sep 27 2025 12:00:52 GMT-0500 (Central Daylight Time), now: Sat Sep 27 2025 10:40:54 GMT-0500 (Central Daylight Time)
[2025-09-27 10:40:54.280] error - Refused to connect to 'https://bat.bing.com/actionp/0?ti=26330043&Ver=2&mid=cf938680-f2fc-4bfd-8fdb-f17e04945ae1&bo=2&sid=a82ace0097af11f0b51d4179c6f235dd&vid=99c3288092fe11f0bc7275adc39e6add&vids=0&msclkid=N&evt=pageHide' because it violates the following Content Security Policy directive: "connect-src wss://*.tradovate.com https://*.tradovate.com https://*.ntinnolab.com https://*.devel.ninjatrader.dev https://*.staging.ninjatrader.dev https://*.uat.ninjatrader.dev wss://*.ntinnolab.com wss://*.devel.ninjatrader.dev wss://*.staging.ninjatrader.dev wss://*.uat.ninjatrader.dev wss://*.tradovateapi.com https://*.tradovateapi.com https://*.ninjatrader.com https://cdn.walkme.com https://ec.walkme.com https://sessions.bugsnag.com https://notify.bugsnag.com https://*.plaid.com https://*.yodlee.com https://tradovate.zendesk.com https://rollout.ada.support https://static.ada.support https://ninjatrader.ada.support https://tradovate.ada.support https://ninjatrader-eap.ada.support/ https://demo-ninjatrader-gr.ada.support/ https://tradovate-gen.ada.support/ https://api.stripe.com https://apiproxy.ninjatrader.com https://apiproxy-d.ninjatrader.com https://us-autocomplete-pro.api.smartystreets.com https://international-autocomplete.api.smarty.com https://maps.googleapis.com https://accounts.google.com/ https://www.google.com https://www.googletagmanager.com/ https://*.browser-intake-datadoghq.com https://scripts.neuro-id.com https://receiver.neuroid.cloud https://logs.neuro-id.com https://firebaseinstallations.googleapis.com/ https://firebaseremoteconfig.googleapis.com/ https://logx.optimizely.com https://*.optimizely.com wss://mpsnare.iesnare.com wss://ci-mpsnare.iovation.com https://*.iovation.com/ https://*.reddit.com  https://www.redditstatic.com https://*.taboola.com https://*.launchdarkly.com https://*.alloy.co https://*.maze.co https://www.google-analytics.com https://analytics.google.com https://www.googletagmanager.com/ https://api.hubapi.com https://forms.hubspot.com https://stats.g.doubleclick.net https://alb.reddit.com https://analytics.twitter.com https://heapanalytics.com https://*.auryc.com https://*.contentsquare.net https://siteintercept.qualtrics.com https://api.userway.org/".

[2025-09-27 10:40:54.282] INFO - 15:40:54.276Z visibilitychange: hidden, gd: 1000
[2025-09-27 10:40:54.283] INFO - 15:40:54.276Z visibilitychange: hidden, gd: 1000
[2025-09-27 10:40:54.285] WARNING - 15:40:54.277Z [LaunchDarkly] Error on stream connection: {"isTrusted":true}, will continue retrying after 598 milliseconds.
[2025-09-27 10:40:54.285] WARNING - 15:40:54.277Z [LaunchDarkly] Error on stream connection: {"isTrusted":true}, will continue retrying after 598 milliseconds.
[2025-09-27 10:40:54.286] INFO - 15:40:54.278Z [LaunchDarkly] Closing stream connection
[2025-09-27 10:40:54.286] INFO - 15:40:54.278Z [LaunchDarkly] Closing stream connection
[2025-09-27 10:40:54.693] WARNING - Duplicate atom key "locale". This is a FATAL ERROR in
      production. But it is safe to ignore this warning if it occurred because of
      hot module replacement.
[2025-09-27 10:40:54.695] WARNING - Duplicate atom key "locale". This is a FATAL ERROR in
      production. But it is safe to ignore this warning if it occurred because of
      hot module replacement.
[2025-09-27 10:40:54.696] WARNING - Duplicate atom key "muiTheme". This is a FATAL ERROR in
      production. But it is safe to ignore this warning if it occurred because of
      hot module replacement.
[2025-09-27 10:40:54.697] WARNING - Duplicate atom key "muiTheme". This is a FATAL ERROR in
      production. But it is safe to ignore this warning if it occurred because of
      hot module replacement.
[2025-09-27 10:40:54.699] WARNING - Duplicate atom key "appLinksFooter". This is a FATAL ERROR in
      production. But it is safe to ignore this warning if it occurred because of
      hot module replacement.
[2025-09-27 10:40:54.700] WARNING - Duplicate atom key "appLinksFooter". This is a FATAL ERROR in
      production. But it is safe to ignore this warning if it occurred because of
      hot module replacement.
[2025-09-27 10:40:54.702] WARNING - Duplicate atom key "currentUserId2". This is a FATAL ERROR in
      production. But it is safe to ignore this warning if it occurred because of
      hot module replacement.
[2025-09-27 10:40:54.703] WARNING - Duplicate atom key "currentUserId2". This is a FATAL ERROR in
      production. But it is safe to ignore this warning if it occurred because of
      hot module replacement.
[2025-09-27 10:40:54.704] WARNING - Duplicate atom key "onboardingInProgress". This is a FATAL ERROR in
      production. But it is safe to ignore this warning if it occurred because of
      hot module replacement.
[2025-09-27 10:40:54.706] WARNING - Duplicate atom key "onboardingInProgress". This is a FATAL ERROR in
      production. But it is safe to ignore this warning if it occurred because of
      hot module replacement.
[2025-09-27 10:40:54.707] WARNING - Duplicate atom key "editing". This is a FATAL ERROR in
      production. But it is safe to ignore this warning if it occurred because of
      hot module replacement.
[2025-09-27 10:40:54.708] WARNING - Duplicate atom key "editing". This is a FATAL ERROR in
      production. But it is safe to ignore this warning if it occurred because of
      hot module replacement.
[2025-09-27 10:40:54.710] WARNING - Duplicate atom key "infoMessage". This is a FATAL ERROR in
      production. But it is safe to ignore this warning if it occurred because of
      hot module replacement.
[2025-09-27 10:40:54.711] WARNING - Duplicate atom key "infoMessage". This is a FATAL ERROR in
      production. But it is safe to ignore this warning if it occurred because of
      hot module replacement.
[2025-09-27 10:40:54.712] WARNING - Duplicate atom key "browserWarning". This is a FATAL ERROR in
      production. But it is safe to ignore this warning if it occurred because of
      hot module replacement.
[2025-09-27 10:40:54.713] WARNING - Duplicate atom key "browserWarning". This is a FATAL ERROR in
      production. But it is safe to ignore this warning if it occurred because of
      hot module replacement.
[2025-09-27 10:40:54.714] WARNING - Duplicate atom key "clockWarning". This is a FATAL ERROR in
      production. But it is safe to ignore this warning if it occurred because of
      hot module replacement.
[2025-09-27 10:40:54.715] WARNING - Duplicate atom key "clockWarning". This is a FATAL ERROR in
      production. But it is safe to ignore this warning if it occurred because of
      hot module replacement.
[2025-09-27 10:40:54.716] WARNING - Duplicate atom key "breakpoint". This is a FATAL ERROR in
      production. But it is safe to ignore this warning if it occurred because of
      hot module replacement.
[2025-09-27 10:40:54.717] WARNING - Duplicate atom key "breakpoint". This is a FATAL ERROR in
      production. But it is safe to ignore this warning if it occurred because of
      hot module replacement.
[2025-09-27 10:40:54.719] WARNING - Duplicate atom key "inMobileRange". This is a FATAL ERROR in
      production. But it is safe to ignore this warning if it occurred because of
      hot module replacement.
[2025-09-27 10:40:54.720] WARNING - Duplicate atom key "inMobileRange". This is a FATAL ERROR in
      production. But it is safe to ignore this warning if it occurred because of
      hot module replacement.
[2025-09-27 10:40:54.722] WARNING - Duplicate atom key "gridSpacing". This is a FATAL ERROR in
      production. But it is safe to ignore this warning if it occurred because of
      hot module replacement.
[2025-09-27 10:40:54.723] WARNING - Duplicate atom key "gridSpacing". This is a FATAL ERROR in
      production. But it is safe to ignore this warning if it occurred because of
      hot module replacement.
[2025-09-27 10:40:54.724] WARNING - Duplicate atom key "login". This is a FATAL ERROR in
      production. But it is safe to ignore this warning if it occurred because of
      hot module replacement.
[2025-09-27 10:40:54.724] WARNING - Duplicate atom key "login". This is a FATAL ERROR in
      production. But it is safe to ignore this warning if it occurred because of
      hot module replacement.
[2025-09-27 10:40:54.724] WARNING - Duplicate atom key "error". This is a FATAL ERROR in
      production. But it is safe to ignore this warning if it occurred because of
      hot module replacement.
[2025-09-27 10:40:54.725] WARNING - Duplicate atom key "error". This is a FATAL ERROR in
      production. But it is safe to ignore this warning if it occurred because of
      hot module replacement.
[2025-09-27 10:40:54.725] WARNING - Duplicate atom key "contactInfos2". This is a FATAL ERROR in
      production. But it is safe to ignore this warning if it occurred because of
      hot module replacement.
[2025-09-27 10:40:54.725] WARNING - Duplicate atom key "contactInfos2". This is a FATAL ERROR in
      production. But it is safe to ignore this warning if it occurred because of
      hot module replacement.
[2025-09-27 10:40:54.725] WARNING - Duplicate atom key "individualApplicantsTimestamp". This is a FATAL ERROR in
      production. But it is safe to ignore this warning if it occurred because of
      hot module replacement.
[2025-09-27 10:40:54.725] WARNING - Duplicate atom key "individualApplicantsTimestamp". This is a FATAL ERROR in
      production. But it is safe to ignore this warning if it occurred because of
      hot module replacement.
[2025-09-27 10:40:54.725] WARNING - Duplicate atom key "customerApplication". This is a FATAL ERROR in
      production. But it is safe to ignore this warning if it occurred because of
      hot module replacement.
[2025-09-27 10:40:54.725] WARNING - Duplicate atom key "customerApplication". This is a FATAL ERROR in
      production. But it is safe to ignore this warning if it occurred because of
      hot module replacement.
[2025-09-27 10:40:54.726] WARNING - Duplicate atom key "individualApplicants". This is a FATAL ERROR in
      production. But it is safe to ignore this warning if it occurred because of
      hot module replacement.
[2025-09-27 10:40:54.726] WARNING - Duplicate atom key "individualApplicants". This is a FATAL ERROR in
      production. But it is safe to ignore this warning if it occurred because of
      hot module replacement.
[2025-09-27 10:40:54.726] WARNING - Duplicate atom key "clearingHouses". This is a FATAL ERROR in
      production. But it is safe to ignore this warning if it occurred because of
      hot module replacement.
[2025-09-27 10:40:54.726] WARNING - Duplicate atom key "clearingHouses". This is a FATAL ERROR in
      production. But it is safe to ignore this warning if it occurred because of
      hot module replacement.
[2025-09-27 10:40:54.726] WARNING - Duplicate atom key "clearXClearingHouse". This is a FATAL ERROR in
      production. But it is safe to ignore this warning if it occurred because of
      hot module replacement.
[2025-09-27 10:40:54.726] WARNING - Duplicate atom key "clearXClearingHouse". This is a FATAL ERROR in
      production. But it is safe to ignore this warning if it occurred because of
      hot module replacement.
[2025-09-27 10:40:54.727] WARNING - Duplicate atom key "applicationClearingHouse". This is a FATAL ERROR in
      production. But it is safe to ignore this warning if it occurred because of
      hot module replacement.
[2025-09-27 10:40:54.727] WARNING - Duplicate atom key "applicationClearingHouse". This is a FATAL ERROR in
      production. But it is safe to ignore this warning if it occurred because of
      hot module replacement.
[2025-09-27 10:40:54.727] WARNING - Duplicate atom key "userLocation". This is a FATAL ERROR in
      production. But it is safe to ignore this warning if it occurred because of
      hot module replacement.
[2025-09-27 10:40:54.727] WARNING - Duplicate atom key "userLocation". This is a FATAL ERROR in
      production. But it is safe to ignore this warning if it occurred because of
      hot module replacement.
[2025-09-27 10:40:54.727] WARNING - Duplicate atom key "savedApplicationsTimestamp". This is a FATAL ERROR in
      production. But it is safe to ignore this warning if it occurred because of
      hot module replacement.
[2025-09-27 10:40:54.727] WARNING - Duplicate atom key "savedApplicationsTimestamp". This is a FATAL ERROR in
      production. But it is safe to ignore this warning if it occurred because of
      hot module replacement.
[2025-09-27 10:40:54.728] WARNING - Duplicate atom key "savedApplications". This is a FATAL ERROR in
      production. But it is safe to ignore this warning if it occurred because of
      hot module replacement.
[2025-09-27 10:40:54.728] WARNING - Duplicate atom key "savedApplications". This is a FATAL ERROR in
      production. But it is safe to ignore this warning if it occurred because of
      hot module replacement.
[2025-09-27 10:40:54.728] WARNING - Duplicate atom key "step". This is a FATAL ERROR in
      production. But it is safe to ignore this warning if it occurred because of
      hot module replacement.
[2025-09-27 10:40:54.728] WARNING - Duplicate atom key "step". This is a FATAL ERROR in
      production. But it is safe to ignore this warning if it occurred because of
      hot module replacement.
[2025-09-27 10:40:54.729] WARNING - Duplicate atom key "checkStates". This is a FATAL ERROR in
      production. But it is safe to ignore this warning if it occurred because of
      hot module replacement.
[2025-09-27 10:40:54.729] WARNING - Duplicate atom key "checkStates". This is a FATAL ERROR in
      production. But it is safe to ignore this warning if it occurred because of
      hot module replacement.
[2025-09-27 10:40:54.729] WARNING - Duplicate atom key "signStates". This is a FATAL ERROR in
      production. But it is safe to ignore this warning if it occurred because of
      hot module replacement.
[2025-09-27 10:40:54.729] WARNING - Duplicate atom key "signStates". This is a FATAL ERROR in
      production. But it is safe to ignore this warning if it occurred because of
      hot module replacement.
[2025-09-27 10:40:54.729] WARNING - Duplicate atom key "wizard". This is a FATAL ERROR in
      production. But it is safe to ignore this warning if it occurred because of
      hot module replacement.
[2025-09-27 10:40:54.729] WARNING - Duplicate atom key "wizard". This is a FATAL ERROR in
      production. But it is safe to ignore this warning if it occurred because of
      hot module replacement.
[2025-09-27 10:40:54.729] WARNING - Duplicate atom key "formBuilder". This is a FATAL ERROR in
      production. But it is safe to ignore this warning if it occurred because of
      hot module replacement.
[2025-09-27 10:40:54.730] WARNING - Duplicate atom key "formBuilder". This is a FATAL ERROR in
      production. But it is safe to ignore this warning if it occurred because of
      hot module replacement.
[2025-09-27 10:40:54.730] WARNING - Duplicate atom key "headerSlot". This is a FATAL ERROR in
      production. But it is safe to ignore this warning if it occurred because of
      hot module replacement.
[2025-09-27 10:40:54.730] WARNING - Duplicate atom key "headerSlot". This is a FATAL ERROR in
      production. But it is safe to ignore this warning if it occurred because of
      hot module replacement.
[2025-09-27 10:40:54.730] WARNING - Duplicate atom key "footerSlot". This is a FATAL ERROR in
      production. But it is safe to ignore this warning if it occurred because of
      hot module replacement.
[2025-09-27 10:40:54.731] WARNING - Duplicate atom key "footerSlot". This is a FATAL ERROR in
      production. But it is safe to ignore this warning if it occurred because of
      hot module replacement.
[2025-09-27 10:40:54.731] WARNING - Duplicate atom key "alloyJourneyToken". This is a FATAL ERROR in
      production. But it is safe to ignore this warning if it occurred because of
      hot module replacement.
[2025-09-27 10:40:54.731] WARNING - Duplicate atom key "alloyJourneyToken". This is a FATAL ERROR in
      production. But it is safe to ignore this warning if it occurred because of
      hot module replacement.
[2025-09-27 10:40:54.732] DEBUG - [bugsnag] Loaded!
[2025-09-27 10:40:54.732] DEBUG - [bugsnag] Loaded!
[2025-09-27 10:40:54.732] INFO - Version 3.250926.0 prod production 
[2025-09-27 10:40:54.733] INFO - Version 3.250926.0 prod production 
[2025-09-27 10:40:54.733] INFO - Time: Sat Sep 27 2025 10:40:54 GMT-0500 (Central Daylight Time)
[2025-09-27 10:40:54.733] INFO - Time:
[2025-09-27 10:40:54.870] LOG - 15:40:54.868Z Try to restore session
[2025-09-27 10:40:54.871] LOG - 15:40:54.868Z Try to restore session
[2025-09-27 10:40:54.871] LOG - 15:40:54.869Z Access token will be renewed in 75 minutes; expired: Sat Sep 27 2025 12:00:52 GMT-0500 (Central Daylight Time), now: Sat Sep 27 2025 10:40:54 GMT-0500 (Central Daylight Time)
[2025-09-27 10:40:54.871] LOG - 15:40:54.869Z Access token will be renewed in 75 minutes; expired: Sat Sep 27 2025 12:00:52 GMT-0500 (Central Daylight Time), now: Sat Sep 27 2025 10:40:54 GMT-0500 (Central Daylight Time)
[2025-09-27 10:40:54.876] WARNING - 15:40:54.875Z [LaunchDarkly] The waitForInitialization function was called without a timeout specified. In a future version a default timeout will be applied.
[2025-09-27 10:40:54.877] WARNING - 15:40:54.875Z [LaunchDarkly] The waitForInitialization function was called without a timeout specified. In a future version a default timeout will be applied.
[2025-09-27 10:40:54.883] INFO - 15:40:54.882Z chart cache state: islands=5, bars=1196
[2025-09-27 10:40:54.884] INFO - 15:40:54.882Z chart cache state: islands=5, bars=1196
[2025-09-27 10:40:54.884] INFO - 15:40:54.883Z Chart history database initialized
[2025-09-27 10:40:54.884] INFO - 15:40:54.883Z Chart history database initialized
[2025-09-27 10:40:54.891] INFO - 15:40:54.889Z [LaunchDarkly] LaunchDarkly client initialized
[2025-09-27 10:40:54.891] INFO - 15:40:54.889Z [LaunchDarkly] LaunchDarkly client initialized
[2025-09-27 10:40:54.892] INFO - 15:40:54.890Z [LaunchDarkly] Opening stream connection to https://clientstream.launchdarkly.com/eval/66cdf5b9cf61891061b4e437/eyJraW5kIjoidXNlciIsImtleSI6InVua25vd24iLCJhbm9ueW1vdXMiOmZhbHNlfQ
[2025-09-27 10:40:54.892] INFO - 15:40:54.890Z [LaunchDarkly] Opening stream connection to https://clientstream.launchdarkly.com/eval/66cdf5b9cf61891061b4e437/eyJraW5kIjoidXNlciIsImtleSI6InVua25vd24iLCJhbm9ueW1vdXMiOmZhbHNlfQ
[2025-09-27 10:40:55.611] INFO - 15:40:55.609Z [LaunchDarkly] Closing stream connection
[2025-09-27 10:40:55.612] INFO - 15:40:55.609Z [LaunchDarkly] Closing stream connection
[2025-09-27 10:40:55.614] INFO - 15:40:55.609Z [LaunchDarkly] Opening stream connection to https://clientstream.launchdarkly.com/eval/66cdf5b9cf61891061b4e437/eyJraW5kIjoidXNlciIsImtleSI6IjM2NTUwNTkiLCJkZXZpY2UiOiJkZXNrdG9wIiwidXNlcklkIjozNjU1MDU5LCJpcENvdW50cnkiOiJVUyIsIm9yZ05hbWUiOiJURFYiLCJuYW1lIjoiU3Rvbmt6OTIyMjQiLCJsYW5kaW5nUGFyYW1zIjoiIn0
[2025-09-27 10:40:55.614] INFO - 15:40:55.609Z [LaunchDarkly] Opening stream connection to https://clientstream.launchdarkly.com/eval/66cdf5b9cf61891061b4e437/eyJraW5kIjoidXNlciIsImtleSI6IjM2NTUwNTkiLCJkZXZpY2UiOiJkZXNrdG9wIiwidXNlcklkIjozNjU1MDU5LCJpcENvdW50cnkiOiJVUyIsIm9yZ05hbWUiOiJURFYiLCJuYW1lIjoiU3Rvbmt6OTIyMjQiLCJsYW5kaW5nUGFyYW1zIjoiIn0
[2025-09-27 10:40:55.614] INFO - 15:40:55.610Z [LaunchDarkly] Closing stream connection
[2025-09-27 10:40:55.615] INFO - 15:40:55.610Z [LaunchDarkly] Closing stream connection
[2025-09-27 10:40:55.615] INFO - 15:40:55.610Z [LaunchDarkly] Opening stream connection to https://clientstream.launchdarkly.com/eval/66cdf5b9cf61891061b4e437/eyJraW5kIjoidXNlciIsImtleSI6IjM2NTUwNTkiLCJkZXZpY2UiOiJkZXNrdG9wIiwidXNlcklkIjozNjU1MDU5LCJpcENvdW50cnkiOiIiLCJvcmdOYW1lIjoiVERWIiwibmFtZSI6IlN0b25rejkyMjI0IiwibGFuZGluZ1BhcmFtcyI6IiJ9
[2025-09-27 10:40:55.615] INFO - 15:40:55.610Z [LaunchDarkly] Opening stream connection to https://clientstream.launchdarkly.com/eval/66cdf5b9cf61891061b4e437/eyJraW5kIjoidXNlciIsImtleSI6IjM2NTUwNTkiLCJkZXZpY2UiOiJkZXNrdG9wIiwidXNlcklkIjozNjU1MDU5LCJpcENvdW50cnkiOiIiLCJvcmdOYW1lIjoiVERWIiwibmFtZSI6IlN0b25rejkyMjI0IiwibGFuZGluZ1BhcmFtcyI6IiJ9
[2025-09-27 10:40:56.415] LOG - 15:40:56.411Z opening https://demo.tradovateapi.com/
[2025-09-27 10:40:56.415] LOG - 15:40:56.411Z opening https://demo.tradovateapi.com/
[2025-09-27 10:40:56.420] LOG - 15:40:56.418Z Hotkeys initialized {"Shift+Digit1":["orders/selectColumns"],"Shift+Digit2":["orders/showFilters"],"Shift+Digit3":["orders/standardTableView"],"Shift+Digit4":["orders/linkedOrdersView"],"Command+Shift+Digit0":["dom-chart/exit-and-cancel"]}
[2025-09-27 10:40:56.420] LOG - 15:40:56.418Z Hotkeys initialized {"Shift+Digit1":["orders/selectColumns"],"Shift+Digit2":["orders/showFilters"],"Shift+Digit3":["orders/standardTableView"],"Shift+Digit4":["orders/linkedOrdersView"],"Command+Shift+Digit0":["dom-chart/exit-and-cancel"]}
[2025-09-27 10:40:56.487] LOG - 15:40:56.486Z websocket opened
[2025-09-27 10:40:56.488] LOG - 15:40:56.486Z websocket opened
[2025-09-27 10:40:56.571] LOG - 15:40:56.569Z opening https://md-demo.tradovateapi.com/
[2025-09-27 10:40:56.573] LOG - 15:40:56.569Z opening https://md-demo.tradovateapi.com/
[2025-09-27 10:40:56.573] LOG - 15:40:56.571Z Connection:  open
[2025-09-27 10:40:56.573] LOG - 15:40:56.571Z Connection:  open
[2025-09-27 10:40:56.635] LOG - 15:40:56.632Z WebGL:  {"isWebGL2":true,"precision":"highp","logarithmicDepthBuffer":false,"maxTextures":16,"maxVertexTextures":16,"maxTextureSize":16384,"maxCubemapSize":16384,"maxAttributes":16,"maxVertexUniforms":1024,"maxVaryings":30,"maxFragmentUniforms":1024,"vertexTextures":true,"floatFragmentTextures":true,"floatVertexTextures":true,"maxSamples":8} , devicePixelRatio:  2
[2025-09-27 10:40:56.637] LOG - 15:40:56.633Z Canvas size: 1119 991 dpp:  2
[2025-09-27 10:40:56.667] LOG - 15:40:56.646Z Loading App-level Plugins
[2025-09-27 10:40:56.669] LOG - 15:40:56.646Z Loading App-level Plugins
[2025-09-27 10:40:56.669] LOG - 15:40:56.655Z WebGL:  {"isWebGL2":true,"precision":"highp","logarithmicDepthBuffer":false,"maxTextures":16,"maxVertexTextures":16,"maxTextureSize":16384,"maxCubemapSize":16384,"maxAttributes":16,"maxVertexUniforms":1024,"maxVaryings":30,"maxFragmentUniforms":1024,"vertexTextures":true,"floatFragmentTextures":true,"floatVertexTextures":true,"maxSamples":8} , devicePixelRatio:  2
[2025-09-27 10:40:56.670] LOG - 15:40:56.655Z Canvas size: 1119 991 dpp:  2
[2025-09-27 10:40:56.735] LOG - 15:40:56.720Z websocket opened
[2025-09-27 10:40:56.737] LOG - 15:40:56.720Z websocket opened
[2025-09-27 10:40:56.805] LOG - 15:40:56.804Z sync to remote accountGroups
[2025-09-27 10:40:56.806] LOG - 15:40:56.804Z sync to remote accountGroups
[2025-09-27 10:40:57.060] LOG - 15:40:57.058Z loadAppLevelPlugins:  [object Object]
[2025-09-27 10:40:57.063] LOG - 15:40:57.058Z loadAppLevelPlugins: 
[2025-09-27 10:40:57.063] LOG - 15:40:57.059Z sync to remote defaultModules
[2025-09-27 10:40:57.064] LOG - 15:40:57.059Z sync to remote defaultModules
[2025-09-27 10:40:58.060] LOG - 15:40:58.050Z created chart 1
[2025-09-27 10:40:58.251] LOG - 15:40:58.245Z jailing is in progress
[2025-09-27 10:40:58.251] LOG - 15:40:58.245Z jailing is in progress
[2025-09-27 10:40:58.361] LOG - 15:40:58.359Z requestChart: {"symbol":"3267312","chartDescription":{"underlyingType":"Tick","elementSize":5000,"elementSizeUnit":"UnderlyingUnits","withHistogram":false},"timeRange":{"asMuchAsElements":300}}
[2025-09-27 10:40:58.361] LOG - 15:40:58.359Z requestChart: {"symbol":"3267312","chartDescription":{"underlyingType":"Tick","elementSize":5000,"elementSizeUnit":"UnderlyingUnits","withHistogram":false},"timeRange":{"asMuchAsElements":300}}
[2025-09-27 10:40:58.361] LOG - 15:40:58.359Z mdMgApi open
[2025-09-27 10:40:58.361] LOG - 15:40:58.359Z mdMgApi open
[2025-09-27 10:40:58.406] LOG - 15:40:58.370Z pending jailing done. next starts
[2025-09-27 10:40:58.410] LOG - 15:40:58.370Z pending jailing done. next starts
[2025-09-27 10:40:59.317] LOG - 15:40:59.293Z created chart 14
[2025-09-27 10:40:59.337] LOG - 15:40:59.335Z requestChart: {"symbol":"4086418","chartDescription":{"underlyingType":"MinuteBar","elementSize":15,"elementSizeUnit":"UnderlyingUnits","withHistogram":false},"timeRange":{"asMuchAsElements":300}}
[2025-09-27 10:40:59.337] LOG - 15:40:59.335Z requestChart: {"symbol":"4086418","chartDescription":{"underlyingType":"MinuteBar","elementSize":15,"elementSizeUnit":"UnderlyingUnits","withHistogram":false},"timeRange":{"asMuchAsElements":300}}
[2025-09-27 10:40:59.337] LOG - 15:40:59.335Z mdMgApi open
[2025-09-27 10:40:59.338] LOG - 15:40:59.335Z mdMgApi open
[2025-09-27 10:40:59.461] LOG - 15:40:59.460Z updating the shared isolation
[2025-09-27 10:40:59.461] LOG - 15:40:59.460Z updating the shared isolation
[2025-09-27 10:40:59.820] LOG - 15:40:59.819Z updating the shared isolation
[2025-09-27 10:40:59.820] LOG - 15:40:59.819Z updating the shared isolation
[2025-09-27 10:41:01.778] LOG - 15:41:01.776Z Auto Order script initialized - AUTOMATIC HOT RELOAD SUCCESS!
[2025-09-27 10:41:01.779] LOG - 15:41:01.776Z Auto Order script initialized - AUTOMATIC HOT RELOAD SUCCESS!
[2025-09-27 10:41:01.780] LOG - 15:41:01.777Z Creating UI for dashboard trading...
[2025-09-27 10:41:01.780] LOG - 15:41:01.777Z Creating UI for dashboard trading...
[2025-09-27 10:41:01.781] LOG - 15:41:01.777Z Creating UI (visible=false)
[2025-09-27 10:41:01.781] LOG - 15:41:01.777Z Creating UI (visible=false)
[2025-09-27 10:41:01.782] LOG - 15:41:01.778Z Stored values: TP=53, SL=15, Qty=30, Tick=0.25, Symbol=NQ
[2025-09-27 10:41:01.782] LOG - 15:41:01.778Z Stored values: TP=53, SL=15, Qty=30, Tick=0.25, Symbol=NQ
[2025-09-27 10:41:01.783] LOG - 15:41:01.778Z UI container added to DOM
[2025-09-27 10:41:01.783] LOG - 15:41:01.778Z UI container added to DOM
[2025-09-27 10:41:01.784] LOG - 15:41:01.778Z Setting up localStorage persistence
[2025-09-27 10:41:01.785] LOG - 15:41:01.778Z Setting up localStorage persistence
[2025-09-27 10:41:01.785] LOG - 15:41:01.778Z UI initialization complete
[2025-09-27 10:41:01.786] LOG - 15:41:01.778Z UI initialization complete
[2025-09-27 10:41:01.786] LOG - 15:41:01.778Z Creating example front-quarter symbol
[2025-09-27 10:41:01.787] LOG - 15:41:01.778Z Creating example front-quarter symbol
[2025-09-27 10:41:01.788] LOG - 15:41:01.778Z getQuarterlyCode called with date: 2025-09-27T15:41:01.778Z
[2025-09-27 10:41:01.789] LOG - 15:41:01.778Z getQuarterlyCode called with date: 2025-09-27T15:41:01.778Z
[2025-09-27 10:41:01.789] LOG - 15:41:01.778Z Current month index: 8
[2025-09-27 10:41:01.790] LOG - 15:41:01.778Z Current month index: 8
[2025-09-27 10:41:01.790] LOG - 15:41:01.778Z Starting calculation with year=2025, month=8
[2025-09-27 10:41:01.791] LOG - 15:41:01.778Z Starting calculation with year=2025, month=8
[2025-09-27 10:41:01.792] LOG - 15:41:01.778Z Calculated quarterly code: letter=Z, yearDigit=5
[2025-09-27 10:41:01.792] LOG - 15:41:01.778Z Calculated quarterly code: letter=Z, yearDigit=5
[2025-09-27 10:41:01.793] LOG - 15:41:01.778Z Example front-quarter symbol created: NQZ5
[2025-09-27 10:41:01.793] LOG - 15:41:01.778Z Example front-quarter symbol created: NQZ5
[2025-09-27 10:41:01.793] LOG - 15:41:01.782Z Auto Risk Management: Running initial risk assessment...
[2025-09-27 10:41:01.793] LOG - 15:41:01.782Z Auto Risk Management: Running initial risk assessment...
[2025-09-27 10:41:01.793] LOG - 15:41:01.783Z [analyzePhase] resetting phaseData
[2025-09-27 10:41:01.794] LOG - 15:41:01.783Z [analyzePhase] resetting phaseData
[2025-09-27 10:41:01.794] LOG - 15:41:01.783Z [analyzePhase] set phase 1 maxActive to 1
[2025-09-27 10:41:01.794] LOG - 15:41:01.783Z [analyzePhase] set phase 1 maxActive to 1
[2025-09-27 10:41:01.794] LOG - 15:41:01.783Z [analyzePhase] increased phase 2 maxActive to 1
[2025-09-27 10:41:01.794] LOG - 15:41:01.783Z [analyzePhase] increased phase 2 maxActive to 1
[2025-09-27 10:41:01.794] LOG - 15:41:01.784Z [updateUserColumnPhaseStatus] Starting...
[2025-09-27 10:41:01.794] LOG - 15:41:01.784Z [updateUserColumnPhaseStatus] Starting...
[2025-09-27 10:41:01.794] LOG - 15:41:01.784Z [updateUserColumnPhaseStatus] Found 4 rows
[2025-09-27 10:41:01.795] LOG - 15:41:01.784Z [updateUserColumnPhaseStatus] Found 4 rows
[2025-09-27 10:41:01.795] LOG - 15:41:01.784Z [updateUserColumnPhaseStatus] Header cells: Account ▲,Total Available Margin,User,Dist Drawdown Net Liq,Dollar Open P L,Dollar Total P L
[2025-09-27 10:41:01.795] LOG - 15:41:01.784Z [updateUserColumnPhaseStatus] Header cells:
[2025-09-27 10:41:01.795] LOG - 15:41:01.784Z [updateUserColumnPhaseStatus] Found User column at index 2
[2025-09-27 10:41:01.795] LOG - 15:41:01.784Z [updateUserColumnPhaseStatus] Found User column at index 2
[2025-09-27 10:41:01.795] LOG - 15:41:01.784Z [updateUserColumnPhaseStatus] Getting table data...
[2025-09-27 10:41:01.795] LOG - 15:41:01.784Z [updateUserColumnPhaseStatus] Getting table data...
[2025-09-27 10:41:01.795] LOG - 15:41:01.785Z [analyzePhase] resetting phaseData
[2025-09-27 10:41:01.795] LOG - 15:41:01.785Z [analyzePhase] resetting phaseData
[2025-09-27 10:41:01.796] LOG - 15:41:01.785Z [analyzePhase] set phase 1 maxActive to 1
[2025-09-27 10:41:01.796] LOG - 15:41:01.785Z [analyzePhase] set phase 1 maxActive to 1
[2025-09-27 10:41:01.799] LOG - 15:41:01.785Z [analyzePhase] increased phase 2 maxActive to 1
[2025-09-27 10:41:01.799] LOG - 15:41:01.785Z [analyzePhase] increased phase 2 maxActive to 1
[2025-09-27 10:41:01.799] LOG - 15:41:01.785Z [updateUserColumnPhaseStatus] Table data: 3 rows
[2025-09-27 10:41:01.799] LOG - 15:41:01.785Z [updateUserColumnPhaseStatus] Table data: 3 rows
[2025-09-27 10:41:01.799] LOG - 15:41:01.785Z [updateUserColumnPhaseStatus] First data row has 6 cells, we need index 2
[2025-09-27 10:41:01.799] LOG - 15:41:01.785Z [updateUserColumnPhaseStatus] First data row has 6 cells, we need index 2
[2025-09-27 10:41:01.799] LOG - 15:41:01.785Z [updateUserColumnPhaseStatus] Setting row 1 (DEMO3655059) phase=1, active=true
[2025-09-27 10:41:01.800] LOG - 15:41:01.785Z [updateUserColumnPhaseStatus] Setting row 1 (DEMO3655059) phase=1, active=true
[2025-09-27 10:41:01.800] LOG - 15:41:01.785Z [updateUserColumnPhaseStatus] Setting row 2 (DEMO3655059-1) phase=1, active=false
[2025-09-27 10:41:01.800] LOG - 15:41:01.785Z [updateUserColumnPhaseStatus] Setting row 2 (DEMO3655059-1) phase=1, active=false
[2025-09-27 10:41:01.800] LOG - 15:41:01.785Z [updateUserColumnPhaseStatus] Setting row 3 (DEMO3655059-2) phase=2, active=true
[2025-09-27 10:41:01.800] LOG - 15:41:01.785Z [updateUserColumnPhaseStatus] Setting row 3 (DEMO3655059-2) phase=2, active=true
[2025-09-27 10:41:01.800] LOG - 15:41:01.785Z [updateUserColumnPhaseStatus] Completed
[2025-09-27 10:41:01.800] LOG - 15:41:01.785Z [updateUserColumnPhaseStatus] Completed
[2025-09-27 10:41:01.807] warning - The AudioContext was not allowed to start. It must be resumed (or created) after a user gesture on the page. https://developer.chrome.com/blog/autoplay/#web_audio
[2025-09-27 10:41:01.807] LOG - 15:41:01.796Z Auto Risk Management: Initial risk assessment completed
[2025-09-27 10:41:01.808] LOG - 15:41:01.796Z Auto Risk Management: Initial risk assessment completed
[2025-09-27 10:41:02.812] LOG - 15:41:02.811Z Executing initial risk management assessment...
[2025-09-27 10:41:02.813] LOG - 15:41:02.811Z Executing initial risk management assessment...
[2025-09-27 10:41:02.813] ERROR - 15:41:02.811Z getTableData function not found
[2025-09-27 10:41:02.814] ERROR - 15:41:02.811Z getTableData function not found
[2025-09-27 10:41:02.815] ERROR - 15:41:02.813Z updateUserColumnPhaseStatus function not found
[2025-09-27 10:41:02.815] ERROR - 15:41:02.813Z updateUserColumnPhaseStatus function not found
[2025-09-27 10:41:02.815] ERROR - 15:41:02.813Z performAccountActions function not found
[2025-09-27 10:41:02.815] ERROR - 15:41:02.813Z performAccountActions function not found
[2025-09-27 10:41:02.815] LOG - 15:41:02.813Z Risk management assessment completed
[2025-09-27 10:41:02.816] LOG - 15:41:02.813Z Risk management assessment completed
[2025-09-27 10:41:02.840] LOG - 15:41:02.839Z [analyzePhase] resetting phaseData
[2025-09-27 10:41:02.841] LOG - 15:41:02.839Z [analyzePhase] resetting phaseData
[2025-09-27 10:41:02.842] LOG - 15:41:02.839Z [analyzePhase] set phase 1 maxActive to 1
[2025-09-27 10:41:02.842] LOG - 15:41:02.839Z [analyzePhase] set phase 1 maxActive to 1
[2025-09-27 10:41:02.843] LOG - 15:41:02.839Z [analyzePhase] increased phase 2 maxActive to 1
[2025-09-27 10:41:02.843] LOG - 15:41:02.839Z [analyzePhase] increased phase 2 maxActive to 1
[2025-09-27 10:41:03.344] LOG - 15:41:03.342Z [analyzePhase] resetting phaseData
[2025-09-27 10:41:03.346] LOG - 15:41:03.342Z [analyzePhase] resetting phaseData
[2025-09-27 10:41:03.347] LOG - 15:41:03.342Z [analyzePhase] set phase 1 maxActive to 1
[2025-09-27 10:41:03.348] LOG - 15:41:03.342Z [analyzePhase] set phase 1 maxActive to 1
[2025-09-27 10:41:03.349] LOG - 15:41:03.342Z [analyzePhase] increased phase 2 maxActive to 1
[2025-09-27 10:41:03.350] LOG - 15:41:03.342Z [analyzePhase] increased phase 2 maxActive to 1
[2025-09-27 10:41:03.350] LOG - 15:41:03.343Z Set DEMO3655059 qty to 20
[2025-09-27 10:41:03.351] LOG - 15:41:03.343Z Set DEMO3655059-2 qty to 10
[2025-09-27 10:41:03.352] LOG - 15:41:03.343Z [analyzePhase] resetting phaseData
[2025-09-27 10:41:03.352] LOG - 15:41:03.343Z [analyzePhase] resetting phaseData
[2025-09-27 10:41:03.352] LOG - 15:41:03.344Z [analyzePhase] set phase 1 maxActive to 1
[2025-09-27 10:41:03.352] LOG - 15:41:03.344Z [analyzePhase] set phase 1 maxActive to 1
[2025-09-27 10:41:03.353] LOG - 15:41:03.344Z [analyzePhase] increased phase 2 maxActive to 1
[2025-09-27 10:41:03.353] LOG - 15:41:03.344Z [analyzePhase] increased phase 2 maxActive to 1
