[2025-09-24 09:27:56.312] LOG - 14:27:56.310Z Starting login process for: zenex3298@gmail.com
[2025-09-24 09:27:56.313] LOG - 14:27:56.310Z Starting login process for: zenex3298@gmail.com
[2025-09-24 09:27:56.315] LOG - 14:27:56.311Z Auto login function executing for: zenex3298@gmail.com
[2025-09-24 09:27:56.316] LOG - 14:27:56.311Z Auto login function executing for: zenex3298@gmail.com
[2025-09-24 09:27:56.317] LOG - 14:27:56.312Z Login form found, filling credentials...
[2025-09-24 09:27:56.318] LOG - 14:27:56.312Z Login form found, filling credentials...
[2025-09-24 09:27:56.491] LOG - 14:27:56.359Z Test element added to DOM
[2025-09-24 09:27:56.491] LOG - 14:27:56.359Z Test element added to DOM
[2025-09-24 09:27:56.495] LOG - 14:27:56.493Z All browser alerts and confirmations have been disabled
[2025-09-24 09:27:56.496] LOG - 14:27:56.493Z All browser alerts and confirmations have been disabled
[2025-09-24 09:27:56.828] LOG - 14:27:56.827Z Clicking login button...
[2025-09-24 09:27:56.828] LOG - 14:27:56.827Z Clicking login button...
[2025-09-24 09:27:56.837] LOG - 14:27:56.833Z authentication starting
[2025-09-24 09:27:56.838] LOG - 14:27:56.833Z authentication starting
[2025-09-24 09:27:57.199] warning - The AudioContext was not allowed to start. It must be resumed (or created) after a user gesture on the page. https://developer.chrome.com/blog/autoplay/#web_audio
[2025-09-24 09:27:57.202] LOG - 14:27:57.186Z Watching for account selection page...
[2025-09-24 09:27:57.205] LOG - 14:27:57.186Z Watching for account selection page...
[2025-09-24 09:27:57.501] LOG - 14:27:57.500Z Access token will be renewed in 75 minutes; expired: Wed Sep 24 2025 10:47:57 GMT-0500 (Central Daylight Time), now: Wed Sep 24 2025 09:27:57 GMT-0500 (Central Daylight Time)
[2025-09-24 09:27:57.501] LOG - 14:27:57.500Z Access token will be renewed in 75 minutes; expired: Wed Sep 24 2025 10:47:57 GMT-0500 (Central Daylight Time), now: Wed Sep 24 2025 09:27:57 GMT-0500 (Central Daylight Time)
[2025-09-24 09:27:57.773] INFO - 14:27:57.771Z [LaunchDarkly] Closing stream connection
[2025-09-24 09:27:57.774] INFO - 14:27:57.771Z [LaunchDarkly] Closing stream connection
[2025-09-24 09:27:57.774] INFO - 14:27:57.771Z [LaunchDarkly] Opening stream connection to https://clientstream.launchdarkly.com/eval/66cdf5b9cf61891061b4e437/eyJraW5kIjoidXNlciIsImtleSI6IjQ2NTYwMjciLCJkZXZpY2UiOiJkZXNrdG9wIiwidXNlcklkIjo0NjU2MDI3LCJpcENvdW50cnkiOiJVUyIsIm9yZ05hbWUiOiJURFYiLCJuYW1lIjoiWmVuZXgzMjk4IiwibGFuZGluZ1BhcmFtcyI6IiJ9
[2025-09-24 09:27:57.774] INFO - 14:27:57.771Z [LaunchDarkly] Opening stream connection to https://clientstream.launchdarkly.com/eval/66cdf5b9cf61891061b4e437/eyJraW5kIjoidXNlciIsImtleSI6IjQ2NTYwMjciLCJkZXZpY2UiOiJkZXNrdG9wIiwidXNlcklkIjo0NjU2MDI3LCJpcENvdW50cnkiOiJVUyIsIm9yZ05hbWUiOiJURFYiLCJuYW1lIjoiWmVuZXgzMjk4IiwibGFuZGluZ1BhcmFtcyI6IiJ9
[2025-09-24 09:27:57.826] INFO - 14:27:57.825Z [LaunchDarkly] Closing stream connection
[2025-09-24 09:27:57.827] INFO - 14:27:57.825Z [LaunchDarkly] Closing stream connection
[2025-09-24 09:27:57.827] INFO - 14:27:57.825Z [LaunchDarkly] Opening stream connection to https://clientstream.launchdarkly.com/eval/66cdf5b9cf61891061b4e437/eyJraW5kIjoidXNlciIsImtleSI6IjQ2NTYwMjciLCJkZXZpY2UiOiJkZXNrdG9wIiwidXNlcklkIjo0NjU2MDI3LCJpcENvdW50cnkiOiJVUyIsIm9yZ05hbWUiOiJURFYiLCJuYW1lIjoiWmVuZXgzMjk4IiwibGFuZGluZ1BhcmFtcyI6IiJ9
[2025-09-24 09:27:57.827] INFO - 14:27:57.825Z [LaunchDarkly] Opening stream connection to https://clientstream.launchdarkly.com/eval/66cdf5b9cf61891061b4e437/eyJraW5kIjoidXNlciIsImtleSI6IjQ2NTYwMjciLCJkZXZpY2UiOiJkZXNrdG9wIiwidXNlcklkIjo0NjU2MDI3LCJpcENvdW50cnkiOiJVUyIsIm9yZ05hbWUiOiJURFYiLCJuYW1lIjoiWmVuZXgzMjk4IiwibGFuZGluZ1BhcmFtcyI6IiJ9
[2025-09-24 09:27:57.917] INFO - 14:27:57.915Z [LaunchDarkly] Closing stream connection
[2025-09-24 09:27:57.918] INFO - 14:27:57.915Z [LaunchDarkly] Closing stream connection
[2025-09-24 09:27:57.919] INFO - 14:27:57.915Z [LaunchDarkly] Opening stream connection to https://clientstream.launchdarkly.com/eval/66cdf5b9cf61891061b4e437/eyJraW5kIjoidXNlciIsImtleSI6IjQ2NTYwMjciLCJkZXZpY2UiOiJkZXNrdG9wIiwidXNlcklkIjo0NjU2MDI3LCJpcENvdW50cnkiOiJVUyIsIm9yZ05hbWUiOiJURFYiLCJuYW1lIjoiWmVuZXgzMjk4IiwibGFuZGluZ1BhcmFtcyI6IiJ9
[2025-09-24 09:27:57.920] INFO - 14:27:57.915Z [LaunchDarkly] Opening stream connection to https://clientstream.launchdarkly.com/eval/66cdf5b9cf61891061b4e437/eyJraW5kIjoidXNlciIsImtleSI6IjQ2NTYwMjciLCJkZXZpY2UiOiJkZXNrdG9wIiwidXNlcklkIjo0NjU2MDI3LCJpcENvdW50cnkiOiJVUyIsIm9yZ05hbWUiOiJURFYiLCJuYW1lIjoiWmVuZXgzMjk4IiwibGFuZGluZ1BhcmFtcyI6IiJ9
[2025-09-24 09:27:58.194] LOG - 14:27:58.193Z Account selection page detected, clicking button...
[2025-09-24 09:27:58.194] LOG - 14:27:58.193Z Account selection page detected, clicking button...
[2025-09-24 09:27:58.380] LOG - 14:27:58.356Z Access token will be renewed in 75 minutes; expired: Wed Sep 24 2025 10:47:57 GMT-0500 (Central Daylight Time), now: Wed Sep 24 2025 09:27:58 GMT-0500 (Central Daylight Time)
[2025-09-24 09:27:58.380] LOG - 14:27:58.356Z Access token will be renewed in 75 minutes; expired: Wed Sep 24 2025 10:47:57 GMT-0500 (Central Daylight Time), now: Wed Sep 24 2025 09:27:58 GMT-0500 (Central Daylight Time)
[2025-09-24 09:27:58.449] error - Refused to connect to 'https://bat.bing.com/actionp/0?ti=26330043&Ver=2&mid=967d7c5e-e87d-4104-ab7c-1b50e507e19a&bo=2&sid=a82ace0097af11f0b51d4179c6f235dd&vid=99c3288092fe11f0bc7275adc39e6add&vids=0&msclkid=N&evt=pageHide' because it violates the following Content Security Policy directive: "connect-src wss://*.tradovate.com https://*.tradovate.com https://*.ntinnolab.com https://*.devel.ninjatrader.dev https://*.staging.ninjatrader.dev https://*.uat.ninjatrader.dev wss://*.ntinnolab.com wss://*.devel.ninjatrader.dev wss://*.staging.ninjatrader.dev wss://*.uat.ninjatrader.dev wss://*.tradovateapi.com https://*.tradovateapi.com https://*.ninjatrader.com https://cdn.walkme.com https://ec.walkme.com https://sessions.bugsnag.com https://notify.bugsnag.com https://*.plaid.com https://*.yodlee.com https://tradovate.zendesk.com https://rollout.ada.support https://static.ada.support https://ninjatrader.ada.support https://tradovate.ada.support https://ninjatrader-eap.ada.support/ https://demo-ninjatrader-gr.ada.support/ https://tradovate-gen.ada.support/ https://api.stripe.com https://apiproxy.ninjatrader.com https://apiproxy-d.ninjatrader.com https://us-autocomplete-pro.api.smartystreets.com https://international-autocomplete.api.smarty.com https://maps.googleapis.com https://accounts.google.com/ https://www.google.com https://www.googletagmanager.com/ https://*.browser-intake-datadoghq.com https://scripts.neuro-id.com https://receiver.neuroid.cloud https://logs.neuro-id.com https://firebaseinstallations.googleapis.com/ https://firebaseremoteconfig.googleapis.com/ https://logx.optimizely.com https://*.optimizely.com wss://mpsnare.iesnare.com wss://ci-mpsnare.iovation.com https://*.iovation.com/ https://*.reddit.com  https://www.redditstatic.com https://*.taboola.com https://*.launchdarkly.com https://*.alloy.co https://*.maze.co https://www.google-analytics.com https://analytics.google.com https://www.googletagmanager.com/ https://api.hubapi.com https://forms.hubspot.com https://stats.g.doubleclick.net https://alb.reddit.com https://analytics.twitter.com https://heapanalytics.com https://*.auryc.com https://*.contentsquare.net https://siteintercept.qualtrics.com https://api.userway.org/".

[2025-09-24 09:27:58.452] INFO - 14:27:58.450Z visibilitychange: hidden, gd: 1000
[2025-09-24 09:27:58.453] INFO - 14:27:58.450Z visibilitychange: hidden, gd: 1000
[2025-09-24 09:27:58.454] WARNING - 14:27:58.452Z [LaunchDarkly] Error on stream connection: {"isTrusted":true}, will continue retrying after 827 milliseconds.
[2025-09-24 09:27:58.455] WARNING - 14:27:58.452Z [LaunchDarkly] Error on stream connection: {"isTrusted":true}, will continue retrying after 827 milliseconds.
[2025-09-24 09:27:58.456] INFO - 14:27:58.453Z [LaunchDarkly] Closing stream connection
[2025-09-24 09:27:58.456] INFO - 14:27:58.453Z [LaunchDarkly] Closing stream connection
[2025-09-24 09:27:58.811] WARNING - Duplicate atom key "locale". This is a FATAL ERROR in
      production. But it is safe to ignore this warning if it occurred because of
      hot module replacement.
[2025-09-24 09:27:58.812] WARNING - Duplicate atom key "locale". This is a FATAL ERROR in
      production. But it is safe to ignore this warning if it occurred because of
      hot module replacement.
[2025-09-24 09:27:58.813] WARNING - Duplicate atom key "muiTheme". This is a FATAL ERROR in
      production. But it is safe to ignore this warning if it occurred because of
      hot module replacement.
[2025-09-24 09:27:58.814] WARNING - Duplicate atom key "muiTheme". This is a FATAL ERROR in
      production. But it is safe to ignore this warning if it occurred because of
      hot module replacement.
[2025-09-24 09:27:58.814] WARNING - Duplicate atom key "appLinksFooter". This is a FATAL ERROR in
      production. But it is safe to ignore this warning if it occurred because of
      hot module replacement.
[2025-09-24 09:27:58.815] WARNING - Duplicate atom key "appLinksFooter". This is a FATAL ERROR in
      production. But it is safe to ignore this warning if it occurred because of
      hot module replacement.
[2025-09-24 09:27:58.816] WARNING - Duplicate atom key "currentUserId2". This is a FATAL ERROR in
      production. But it is safe to ignore this warning if it occurred because of
      hot module replacement.
[2025-09-24 09:27:58.817] WARNING - Duplicate atom key "currentUserId2". This is a FATAL ERROR in
      production. But it is safe to ignore this warning if it occurred because of
      hot module replacement.
[2025-09-24 09:27:58.819] WARNING - Duplicate atom key "onboardingInProgress". This is a FATAL ERROR in
      production. But it is safe to ignore this warning if it occurred because of
      hot module replacement.
[2025-09-24 09:27:58.820] WARNING - Duplicate atom key "onboardingInProgress". This is a FATAL ERROR in
      production. But it is safe to ignore this warning if it occurred because of
      hot module replacement.
[2025-09-24 09:27:58.821] WARNING - Duplicate atom key "editing". This is a FATAL ERROR in
      production. But it is safe to ignore this warning if it occurred because of
      hot module replacement.
[2025-09-24 09:27:58.822] WARNING - Duplicate atom key "editing". This is a FATAL ERROR in
      production. But it is safe to ignore this warning if it occurred because of
      hot module replacement.
[2025-09-24 09:27:58.823] WARNING - Duplicate atom key "infoMessage". This is a FATAL ERROR in
      production. But it is safe to ignore this warning if it occurred because of
      hot module replacement.
[2025-09-24 09:27:58.824] WARNING - Duplicate atom key "infoMessage". This is a FATAL ERROR in
      production. But it is safe to ignore this warning if it occurred because of
      hot module replacement.
[2025-09-24 09:27:58.825] WARNING - Duplicate atom key "browserWarning". This is a FATAL ERROR in
      production. But it is safe to ignore this warning if it occurred because of
      hot module replacement.
[2025-09-24 09:27:58.826] WARNING - Duplicate atom key "browserWarning". This is a FATAL ERROR in
      production. But it is safe to ignore this warning if it occurred because of
      hot module replacement.
[2025-09-24 09:27:58.827] WARNING - Duplicate atom key "clockWarning". This is a FATAL ERROR in
      production. But it is safe to ignore this warning if it occurred because of
      hot module replacement.
[2025-09-24 09:27:58.827] WARNING - Duplicate atom key "clockWarning". This is a FATAL ERROR in
      production. But it is safe to ignore this warning if it occurred because of
      hot module replacement.
[2025-09-24 09:27:58.828] WARNING - Duplicate atom key "breakpoint". This is a FATAL ERROR in
      production. But it is safe to ignore this warning if it occurred because of
      hot module replacement.
[2025-09-24 09:27:58.829] WARNING - Duplicate atom key "breakpoint". This is a FATAL ERROR in
      production. But it is safe to ignore this warning if it occurred because of
      hot module replacement.
[2025-09-24 09:27:58.831] WARNING - Duplicate atom key "inMobileRange". This is a FATAL ERROR in
      production. But it is safe to ignore this warning if it occurred because of
      hot module replacement.
[2025-09-24 09:27:58.832] WARNING - Duplicate atom key "inMobileRange". This is a FATAL ERROR in
      production. But it is safe to ignore this warning if it occurred because of
      hot module replacement.
[2025-09-24 09:27:58.833] WARNING - Duplicate atom key "gridSpacing". This is a FATAL ERROR in
      production. But it is safe to ignore this warning if it occurred because of
      hot module replacement.
[2025-09-24 09:27:58.833] WARNING - Duplicate atom key "gridSpacing". This is a FATAL ERROR in
      production. But it is safe to ignore this warning if it occurred because of
      hot module replacement.
[2025-09-24 09:27:58.834] WARNING - Duplicate atom key "login". This is a FATAL ERROR in
      production. But it is safe to ignore this warning if it occurred because of
      hot module replacement.
[2025-09-24 09:27:58.836] WARNING - Duplicate atom key "login". This is a FATAL ERROR in
      production. But it is safe to ignore this warning if it occurred because of
      hot module replacement.
[2025-09-24 09:27:58.838] WARNING - Duplicate atom key "error". This is a FATAL ERROR in
      production. But it is safe to ignore this warning if it occurred because of
      hot module replacement.
[2025-09-24 09:27:58.838] WARNING - Duplicate atom key "error". This is a FATAL ERROR in
      production. But it is safe to ignore this warning if it occurred because of
      hot module replacement.
[2025-09-24 09:27:58.838] WARNING - Duplicate atom key "contactInfos2". This is a FATAL ERROR in
      production. But it is safe to ignore this warning if it occurred because of
      hot module replacement.
[2025-09-24 09:27:58.838] WARNING - Duplicate atom key "contactInfos2". This is a FATAL ERROR in
      production. But it is safe to ignore this warning if it occurred because of
      hot module replacement.
[2025-09-24 09:27:58.838] WARNING - Duplicate atom key "individualApplicantsTimestamp". This is a FATAL ERROR in
      production. But it is safe to ignore this warning if it occurred because of
      hot module replacement.
[2025-09-24 09:27:58.838] WARNING - Duplicate atom key "individualApplicantsTimestamp". This is a FATAL ERROR in
      production. But it is safe to ignore this warning if it occurred because of
      hot module replacement.
[2025-09-24 09:27:58.839] WARNING - Duplicate atom key "customerApplication". This is a FATAL ERROR in
      production. But it is safe to ignore this warning if it occurred because of
      hot module replacement.
[2025-09-24 09:27:58.839] WARNING - Duplicate atom key "customerApplication". This is a FATAL ERROR in
      production. But it is safe to ignore this warning if it occurred because of
      hot module replacement.
[2025-09-24 09:27:58.839] WARNING - Duplicate atom key "individualApplicants". This is a FATAL ERROR in
      production. But it is safe to ignore this warning if it occurred because of
      hot module replacement.
[2025-09-24 09:27:58.839] WARNING - Duplicate atom key "individualApplicants". This is a FATAL ERROR in
      production. But it is safe to ignore this warning if it occurred because of
      hot module replacement.
[2025-09-24 09:27:58.839] WARNING - Duplicate atom key "clearingHouses". This is a FATAL ERROR in
      production. But it is safe to ignore this warning if it occurred because of
      hot module replacement.
[2025-09-24 09:27:58.839] WARNING - Duplicate atom key "clearingHouses". This is a FATAL ERROR in
      production. But it is safe to ignore this warning if it occurred because of
      hot module replacement.
[2025-09-24 09:27:58.839] WARNING - Duplicate atom key "clearXClearingHouse". This is a FATAL ERROR in
      production. But it is safe to ignore this warning if it occurred because of
      hot module replacement.
[2025-09-24 09:27:58.839] WARNING - Duplicate atom key "clearXClearingHouse". This is a FATAL ERROR in
      production. But it is safe to ignore this warning if it occurred because of
      hot module replacement.
[2025-09-24 09:27:58.840] WARNING - Duplicate atom key "applicationClearingHouse". This is a FATAL ERROR in
      production. But it is safe to ignore this warning if it occurred because of
      hot module replacement.
[2025-09-24 09:27:58.840] WARNING - Duplicate atom key "applicationClearingHouse". This is a FATAL ERROR in
      production. But it is safe to ignore this warning if it occurred because of
      hot module replacement.
[2025-09-24 09:27:58.840] WARNING - Duplicate atom key "userLocation". This is a FATAL ERROR in
      production. But it is safe to ignore this warning if it occurred because of
      hot module replacement.
[2025-09-24 09:27:58.840] WARNING - Duplicate atom key "userLocation". This is a FATAL ERROR in
      production. But it is safe to ignore this warning if it occurred because of
      hot module replacement.
[2025-09-24 09:27:58.840] WARNING - Duplicate atom key "savedApplicationsTimestamp". This is a FATAL ERROR in
      production. But it is safe to ignore this warning if it occurred because of
      hot module replacement.
[2025-09-24 09:27:58.840] WARNING - Duplicate atom key "savedApplicationsTimestamp". This is a FATAL ERROR in
      production. But it is safe to ignore this warning if it occurred because of
      hot module replacement.
[2025-09-24 09:27:58.841] WARNING - Duplicate atom key "savedApplications". This is a FATAL ERROR in
      production. But it is safe to ignore this warning if it occurred because of
      hot module replacement.
[2025-09-24 09:27:58.841] WARNING - Duplicate atom key "savedApplications". This is a FATAL ERROR in
      production. But it is safe to ignore this warning if it occurred because of
      hot module replacement.
[2025-09-24 09:27:58.841] WARNING - Duplicate atom key "step". This is a FATAL ERROR in
      production. But it is safe to ignore this warning if it occurred because of
      hot module replacement.
[2025-09-24 09:27:58.841] WARNING - Duplicate atom key "step". This is a FATAL ERROR in
      production. But it is safe to ignore this warning if it occurred because of
      hot module replacement.
[2025-09-24 09:27:58.841] WARNING - Duplicate atom key "checkStates". This is a FATAL ERROR in
      production. But it is safe to ignore this warning if it occurred because of
      hot module replacement.
[2025-09-24 09:27:58.841] WARNING - Duplicate atom key "checkStates". This is a FATAL ERROR in
      production. But it is safe to ignore this warning if it occurred because of
      hot module replacement.
[2025-09-24 09:27:58.841] WARNING - Duplicate atom key "signStates". This is a FATAL ERROR in
      production. But it is safe to ignore this warning if it occurred because of
      hot module replacement.
[2025-09-24 09:27:58.841] WARNING - Duplicate atom key "signStates". This is a FATAL ERROR in
      production. But it is safe to ignore this warning if it occurred because of
      hot module replacement.
[2025-09-24 09:27:58.842] WARNING - Duplicate atom key "wizard". This is a FATAL ERROR in
      production. But it is safe to ignore this warning if it occurred because of
      hot module replacement.
[2025-09-24 09:27:58.842] WARNING - Duplicate atom key "wizard". This is a FATAL ERROR in
      production. But it is safe to ignore this warning if it occurred because of
      hot module replacement.
[2025-09-24 09:27:58.842] WARNING - Duplicate atom key "formBuilder". This is a FATAL ERROR in
      production. But it is safe to ignore this warning if it occurred because of
      hot module replacement.
[2025-09-24 09:27:58.842] WARNING - Duplicate atom key "formBuilder". This is a FATAL ERROR in
      production. But it is safe to ignore this warning if it occurred because of
      hot module replacement.
[2025-09-24 09:27:58.842] WARNING - Duplicate atom key "headerSlot". This is a FATAL ERROR in
      production. But it is safe to ignore this warning if it occurred because of
      hot module replacement.
[2025-09-24 09:27:58.842] WARNING - Duplicate atom key "headerSlot". This is a FATAL ERROR in
      production. But it is safe to ignore this warning if it occurred because of
      hot module replacement.
[2025-09-24 09:27:58.842] WARNING - Duplicate atom key "footerSlot". This is a FATAL ERROR in
      production. But it is safe to ignore this warning if it occurred because of
      hot module replacement.
[2025-09-24 09:27:58.842] WARNING - Duplicate atom key "footerSlot". This is a FATAL ERROR in
      production. But it is safe to ignore this warning if it occurred because of
      hot module replacement.
[2025-09-24 09:27:58.843] WARNING - Duplicate atom key "alloyJourneyToken". This is a FATAL ERROR in
      production. But it is safe to ignore this warning if it occurred because of
      hot module replacement.
[2025-09-24 09:27:58.843] WARNING - Duplicate atom key "alloyJourneyToken". This is a FATAL ERROR in
      production. But it is safe to ignore this warning if it occurred because of
      hot module replacement.
[2025-09-24 09:27:58.843] DEBUG - [bugsnag] Loaded!
[2025-09-24 09:27:58.843] DEBUG - [bugsnag] Loaded!
[2025-09-24 09:27:58.843] INFO - Version 3.250919.0 prod production 
[2025-09-24 09:27:58.843] INFO - Version 3.250919.0 prod production 
[2025-09-24 09:27:58.843] INFO - Time: Wed Sep 24 2025 09:27:58 GMT-0500 (Central Daylight Time)
[2025-09-24 09:27:58.843] INFO - Time:
[2025-09-24 09:27:58.913] LOG - 14:27:58.910Z Try to restore session
[2025-09-24 09:27:58.913] LOG - 14:27:58.910Z Try to restore session
[2025-09-24 09:27:58.913] LOG - 14:27:58.912Z Access token will be renewed in 75 minutes; expired: Wed Sep 24 2025 10:47:57 GMT-0500 (Central Daylight Time), now: Wed Sep 24 2025 09:27:58 GMT-0500 (Central Daylight Time)
[2025-09-24 09:27:58.913] LOG - 14:27:58.912Z Access token will be renewed in 75 minutes; expired: Wed Sep 24 2025 10:47:57 GMT-0500 (Central Daylight Time), now: Wed Sep 24 2025 09:27:58 GMT-0500 (Central Daylight Time)
[2025-09-24 09:27:58.918] WARNING - 14:27:58.918Z [LaunchDarkly] The waitForInitialization function was called without a timeout specified. In a future version a default timeout will be applied.
[2025-09-24 09:27:58.919] WARNING - 14:27:58.918Z [LaunchDarkly] The waitForInitialization function was called without a timeout specified. In a future version a default timeout will be applied.
[2025-09-24 09:27:58.927] INFO - 14:27:58.927Z chart cache state: islands=8, bars=3777
[2025-09-24 09:27:58.928] INFO - 14:27:58.927Z chart cache state: islands=8, bars=3777
[2025-09-24 09:27:58.928] INFO - 14:27:58.927Z Chart history database initialized
[2025-09-24 09:27:58.929] INFO - 14:27:58.927Z Chart history database initialized
[2025-09-24 09:27:58.932] INFO - 14:27:58.931Z [LaunchDarkly] LaunchDarkly client initialized
[2025-09-24 09:27:58.933] INFO - 14:27:58.931Z [LaunchDarkly] LaunchDarkly client initialized
[2025-09-24 09:27:58.933] INFO - 14:27:58.931Z [LaunchDarkly] Opening stream connection to https://clientstream.launchdarkly.com/eval/66cdf5b9cf61891061b4e437/eyJraW5kIjoidXNlciIsImtleSI6InVua25vd24iLCJhbm9ueW1vdXMiOmZhbHNlfQ
[2025-09-24 09:27:58.933] INFO - 14:27:58.931Z [LaunchDarkly] Opening stream connection to https://clientstream.launchdarkly.com/eval/66cdf5b9cf61891061b4e437/eyJraW5kIjoidXNlciIsImtleSI6InVua25vd24iLCJhbm9ueW1vdXMiOmZhbHNlfQ
[2025-09-24 09:27:59.561] INFO - 14:27:59.560Z [LaunchDarkly] Closing stream connection
[2025-09-24 09:27:59.562] INFO - 14:27:59.560Z [LaunchDarkly] Closing stream connection
[2025-09-24 09:27:59.563] INFO - 14:27:59.561Z [LaunchDarkly] Opening stream connection to https://clientstream.launchdarkly.com/eval/66cdf5b9cf61891061b4e437/eyJraW5kIjoidXNlciIsImtleSI6IjQ2NTYwMjciLCJkZXZpY2UiOiJkZXNrdG9wIiwidXNlcklkIjo0NjU2MDI3LCJpcENvdW50cnkiOiIiLCJvcmdOYW1lIjoiVERWIiwibmFtZSI6IlplbmV4MzI5OCIsImxhbmRpbmdQYXJhbXMiOiIifQ
[2025-09-24 09:27:59.563] INFO - 14:27:59.561Z [LaunchDarkly] Opening stream connection to https://clientstream.launchdarkly.com/eval/66cdf5b9cf61891061b4e437/eyJraW5kIjoidXNlciIsImtleSI6IjQ2NTYwMjciLCJkZXZpY2UiOiJkZXNrdG9wIiwidXNlcklkIjo0NjU2MDI3LCJpcENvdW50cnkiOiIiLCJvcmdOYW1lIjoiVERWIiwibmFtZSI6IlplbmV4MzI5OCIsImxhbmRpbmdQYXJhbXMiOiIifQ
[2025-09-24 09:27:59.609] INFO - 14:27:59.608Z [LaunchDarkly] Closing stream connection
[2025-09-24 09:27:59.611] INFO - 14:27:59.608Z [LaunchDarkly] Closing stream connection
[2025-09-24 09:27:59.613] INFO - 14:27:59.608Z [LaunchDarkly] Opening stream connection to https://clientstream.launchdarkly.com/eval/66cdf5b9cf61891061b4e437/eyJraW5kIjoidXNlciIsImtleSI6IjQ2NTYwMjciLCJkZXZpY2UiOiJkZXNrdG9wIiwidXNlcklkIjo0NjU2MDI3LCJpcENvdW50cnkiOiJVUyIsIm9yZ05hbWUiOiJURFYiLCJuYW1lIjoiWmVuZXgzMjk4IiwibGFuZGluZ1BhcmFtcyI6IiJ9
[2025-09-24 09:27:59.614] INFO - 14:27:59.608Z [LaunchDarkly] Opening stream connection to https://clientstream.launchdarkly.com/eval/66cdf5b9cf61891061b4e437/eyJraW5kIjoidXNlciIsImtleSI6IjQ2NTYwMjciLCJkZXZpY2UiOiJkZXNrdG9wIiwidXNlcklkIjo0NjU2MDI3LCJpcENvdW50cnkiOiJVUyIsIm9yZ05hbWUiOiJURFYiLCJuYW1lIjoiWmVuZXgzMjk4IiwibGFuZGluZ1BhcmFtcyI6IiJ9
[2025-09-24 09:27:59.690] LOG - 14:27:59.686Z opening https://demo.tradovateapi.com/
[2025-09-24 09:27:59.690] LOG - 14:27:59.686Z opening https://demo.tradovateapi.com/
[2025-09-24 09:27:59.695] LOG - 14:27:59.693Z Hotkeys initialized {"Shift+Digit1":["orders/selectColumns"],"Shift+Digit2":["orders/showFilters"],"Shift+Digit3":["orders/standardTableView"],"Shift+Digit4":["orders/linkedOrdersView"],"Command+Shift+Digit0":["dom-chart/exit-and-cancel"]}
[2025-09-24 09:27:59.695] LOG - 14:27:59.693Z Hotkeys initialized {"Shift+Digit1":["orders/selectColumns"],"Shift+Digit2":["orders/showFilters"],"Shift+Digit3":["orders/standardTableView"],"Shift+Digit4":["orders/linkedOrdersView"],"Command+Shift+Digit0":["dom-chart/exit-and-cancel"]}
[2025-09-24 09:27:59.766] LOG - 14:27:59.765Z websocket opened
[2025-09-24 09:27:59.766] LOG - 14:27:59.765Z websocket opened
[2025-09-24 09:27:59.821] LOG - 14:27:59.819Z opening https://md-demo.tradovateapi.com/
[2025-09-24 09:27:59.821] LOG - 14:27:59.819Z opening https://md-demo.tradovateapi.com/
[2025-09-24 09:27:59.822] LOG - 14:27:59.820Z Connection:  open
[2025-09-24 09:27:59.822] LOG - 14:27:59.820Z Connection:  open
[2025-09-24 09:27:59.868] LOG - 14:27:59.865Z WebGL:  {"isWebGL2":true,"precision":"highp","logarithmicDepthBuffer":false,"maxTextures":16,"maxVertexTextures":16,"maxTextureSize":16384,"maxCubemapSize":16384,"maxAttributes":16,"maxVertexUniforms":1024,"maxVaryings":30,"maxFragmentUniforms":1024,"vertexTextures":true,"floatFragmentTextures":true,"floatVertexTextures":true,"maxSamples":8} , devicePixelRatio:  2
[2025-09-24 09:27:59.887] LOG - 14:27:59.865Z Canvas size: 962 998 dpp:  2
[2025-09-24 09:27:59.908] LOG - 14:27:59.878Z Loading App-level Plugins
[2025-09-24 09:27:59.909] LOG - 14:27:59.878Z Loading App-level Plugins
[2025-09-24 09:27:59.910] LOG - 14:27:59.888Z WebGL:  {"isWebGL2":true,"precision":"highp","logarithmicDepthBuffer":false,"maxTextures":16,"maxVertexTextures":16,"maxTextureSize":16384,"maxCubemapSize":16384,"maxAttributes":16,"maxVertexUniforms":1024,"maxVaryings":30,"maxFragmentUniforms":1024,"vertexTextures":true,"floatFragmentTextures":true,"floatVertexTextures":true,"maxSamples":8} , devicePixelRatio:  2
[2025-09-24 09:27:59.911] LOG - 14:27:59.888Z Canvas size: 962 998 dpp:  2
[2025-09-24 09:27:59.964] LOG - 14:27:59.957Z websocket opened
[2025-09-24 09:27:59.964] LOG - 14:27:59.957Z websocket opened
[2025-09-24 09:28:00.069] LOG - 14:28:00.068Z sync to remote defaultModules
[2025-09-24 09:28:00.069] LOG - 14:28:00.068Z sync to remote defaultModules
[2025-09-24 09:28:00.071] LOG - 14:28:00.070Z loadAppLevelPlugins:  [object Object]
[2025-09-24 09:28:00.071] LOG - 14:28:00.070Z loadAppLevelPlugins: 
[2025-09-24 09:28:00.211] LOG - 14:28:00.209Z sync to remote workspaces
[2025-09-24 09:28:00.212] LOG - 14:28:00.209Z sync to remote workspaces
[2025-09-24 09:28:01.556] LOG - 14:28:01.554Z updating the shared isolation
[2025-09-24 09:28:01.556] LOG - 14:28:01.554Z updating the shared isolation
[2025-09-24 09:28:01.817] LOG - 14:28:01.816Z created chart 1
[2025-09-24 09:28:01.989] LOG - 14:28:01.960Z requestChart: {"symbol":"3267312","chartDescription":{"underlyingType":"Tick","elementSize":5000,"elementSizeUnit":"UnderlyingUnits","withHistogram":false},"timeRange":{"asMuchAsElements":300}}
[2025-09-24 09:28:01.990] LOG - 14:28:01.960Z requestChart: {"symbol":"3267312","chartDescription":{"underlyingType":"Tick","elementSize":5000,"elementSizeUnit":"UnderlyingUnits","withHistogram":false},"timeRange":{"asMuchAsElements":300}}
[2025-09-24 09:28:01.990] LOG - 14:28:01.960Z mdMgApi open
[2025-09-24 09:28:01.991] LOG - 14:28:01.960Z mdMgApi open
[2025-09-24 09:28:06.366] LOG - 14:28:06.365Z Auto Order script initialized - AUTOMATIC HOT RELOAD SUCCESS!
[2025-09-24 09:28:06.367] LOG - 14:28:06.365Z Auto Order script initialized - AUTOMATIC HOT RELOAD SUCCESS!
[2025-09-24 09:28:06.368] LOG - 14:28:06.366Z Creating UI...
[2025-09-24 09:28:06.368] LOG - 14:28:06.366Z Creating UI...
[2025-09-24 09:28:06.368] LOG - 14:28:06.366Z Creating UI
[2025-09-24 09:28:06.369] LOG - 14:28:06.366Z Creating UI
[2025-09-24 09:28:06.370] LOG - 14:28:06.366Z Stored values: TP=120, SL=40, Qty=30, Tick=0.25, Symbol=NQ
[2025-09-24 09:28:06.371] LOG - 14:28:06.366Z Stored values: TP=120, SL=40, Qty=30, Tick=0.25, Symbol=NQ
[2025-09-24 09:28:06.371] LOG - 14:28:06.368Z UI container added to DOM
[2025-09-24 09:28:06.372] LOG - 14:28:06.368Z UI container added to DOM
[2025-09-24 09:28:06.372] LOG - 14:28:06.368Z Setting up UI event handlers
[2025-09-24 09:28:06.373] LOG - 14:28:06.368Z Setting up UI event handlers
[2025-09-24 09:28:06.374] LOG - 14:28:06.368Z Setting up persistent settings
[2025-09-24 09:28:06.375] LOG - 14:28:06.368Z Setting up persistent settings
[2025-09-24 09:28:06.376] LOG - 14:28:06.369Z Setting up drag functionality
[2025-09-24 09:28:06.376] LOG - 14:28:06.369Z Setting up drag functionality
[2025-09-24 09:28:06.376] LOG - 14:28:06.369Z Setting up trade buttons
[2025-09-24 09:28:06.377] LOG - 14:28:06.369Z Setting up trade buttons
[2025-09-24 09:28:06.377] LOG - 14:28:06.369Z UI creation complete
[2025-09-24 09:28:06.377] LOG - 14:28:06.369Z UI creation complete
[2025-09-24 09:28:06.377] LOG - 14:28:06.369Z Creating example front-quarter symbol
[2025-09-24 09:28:06.377] LOG - 14:28:06.369Z Creating example front-quarter symbol
[2025-09-24 09:28:06.377] LOG - 14:28:06.369Z getQuarterlyCode called with date: 2025-09-24T14:28:06.369Z
[2025-09-24 09:28:06.377] LOG - 14:28:06.369Z getQuarterlyCode called with date: 2025-09-24T14:28:06.369Z
[2025-09-24 09:28:06.378] LOG - 14:28:06.369Z Current month index: 8
[2025-09-24 09:28:06.378] LOG - 14:28:06.369Z Current month index: 8
[2025-09-24 09:28:06.378] LOG - 14:28:06.369Z Starting calculation with year=2025, month=8
[2025-09-24 09:28:06.378] LOG - 14:28:06.369Z Starting calculation with year=2025, month=8
[2025-09-24 09:28:06.378] LOG - 14:28:06.369Z Calculated quarterly code: letter=Z, yearDigit=5
[2025-09-24 09:28:06.378] LOG - 14:28:06.369Z Calculated quarterly code: letter=Z, yearDigit=5
[2025-09-24 09:28:06.378] LOG - 14:28:06.370Z Example front-quarter symbol created: NQZ5
[2025-09-24 09:28:06.378] LOG - 14:28:06.370Z Example front-quarter symbol created: NQZ5
[2025-09-24 09:28:06.387] LOG - 14:28:06.385Z Auto Risk Management: Running initial risk assessment...
[2025-09-24 09:28:06.389] LOG - 14:28:06.385Z Auto Risk Management: Running initial risk assessment...
[2025-09-24 09:28:06.389] LOG - 14:28:06.387Z [analyzePhase] resetting phaseData
[2025-09-24 09:28:06.390] LOG - 14:28:06.387Z [analyzePhase] resetting phaseData
[2025-09-24 09:28:06.391] LOG - 14:28:06.387Z [analyzePhase] set phase 1 maxActive to 1
[2025-09-24 09:28:06.392] LOG - 14:28:06.387Z [analyzePhase] set phase 1 maxActive to 1
[2025-09-24 09:28:06.392] LOG - 14:28:06.387Z [analyzePhase] increased phase 2 maxActive to 1
[2025-09-24 09:28:06.393] LOG - 14:28:06.387Z [analyzePhase] increased phase 2 maxActive to 1
[2025-09-24 09:28:06.394] LOG - 14:28:06.387Z [updateUserColumnPhaseStatus] Starting...
[2025-09-24 09:28:06.394] LOG - 14:28:06.387Z [updateUserColumnPhaseStatus] Starting...
[2025-09-24 09:28:06.395] LOG - 14:28:06.387Z [updateUserColumnPhaseStatus] Found 1 rows
[2025-09-24 09:28:06.395] LOG - 14:28:06.387Z [updateUserColumnPhaseStatus] Found 1 rows
[2025-09-24 09:28:06.396] LOG - 14:28:06.388Z [updateUserColumnPhaseStatus] Header cells: Account ▲,Total Available Margin,User,Dist Drawdown Net Liq,Dollar Open P L,Dollar Total P L
[2025-09-24 09:28:06.396] LOG - 14:28:06.388Z [updateUserColumnPhaseStatus] Header cells:
[2025-09-24 09:28:06.396] LOG - 14:28:06.388Z [updateUserColumnPhaseStatus] Found User column at index 2
[2025-09-24 09:28:06.396] LOG - 14:28:06.388Z [updateUserColumnPhaseStatus] Found User column at index 2
[2025-09-24 09:28:06.396] LOG - 14:28:06.388Z [updateUserColumnPhaseStatus] Getting table data...
[2025-09-24 09:28:06.396] LOG - 14:28:06.388Z [updateUserColumnPhaseStatus] Getting table data...
[2025-09-24 09:28:06.397] LOG - 14:28:06.388Z [analyzePhase] resetting phaseData
[2025-09-24 09:28:06.397] LOG - 14:28:06.388Z [analyzePhase] resetting phaseData
[2025-09-24 09:28:06.397] LOG - 14:28:06.388Z [analyzePhase] set phase 1 maxActive to 1
[2025-09-24 09:28:06.397] LOG - 14:28:06.388Z [analyzePhase] set phase 1 maxActive to 1
[2025-09-24 09:28:06.397] LOG - 14:28:06.388Z [analyzePhase] increased phase 2 maxActive to 1
[2025-09-24 09:28:06.397] LOG - 14:28:06.388Z [analyzePhase] increased phase 2 maxActive to 1
[2025-09-24 09:28:06.397] LOG - 14:28:06.388Z [updateUserColumnPhaseStatus] Table data: 0 rows
[2025-09-24 09:28:06.398] LOG - 14:28:06.388Z [updateUserColumnPhaseStatus] Table data: 0 rows
[2025-09-24 09:28:06.398] ERROR - 14:28:06.388Z [updateUserColumnPhaseStatus] No data from getTableData()
[2025-09-24 09:28:06.398] ERROR - 14:28:06.388Z [updateUserColumnPhaseStatus] No data from getTableData()
[2025-09-24 09:28:06.417] warning - The AudioContext was not allowed to start. It must be resumed (or created) after a user gesture on the page. https://developer.chrome.com/blog/autoplay/#web_audio
[2025-09-24 09:28:06.417] LOG - 14:28:06.404Z Auto Risk Management: Initial risk assessment completed
[2025-09-24 09:28:06.417] LOG - 14:28:06.404Z Auto Risk Management: Initial risk assessment completed
[2025-09-24 09:28:07.423] LOG - 14:28:07.421Z Executing initial risk management assessment...
[2025-09-24 09:28:07.424] LOG - 14:28:07.421Z Executing initial risk management assessment...
[2025-09-24 09:28:07.426] ERROR - 14:28:07.422Z getTableData function not found
[2025-09-24 09:28:07.428] ERROR - 14:28:07.422Z getTableData function not found
[2025-09-24 09:28:07.429] ERROR - 14:28:07.423Z updateUserColumnPhaseStatus function not found
[2025-09-24 09:28:07.429] ERROR - 14:28:07.423Z updateUserColumnPhaseStatus function not found
[2025-09-24 09:28:07.431] ERROR - 14:28:07.423Z performAccountActions function not found
[2025-09-24 09:28:07.431] ERROR - 14:28:07.423Z performAccountActions function not found
[2025-09-24 09:28:07.432] LOG - 14:28:07.424Z Risk management assessment completed
[2025-09-24 09:28:07.433] LOG - 14:28:07.424Z Risk management assessment completed
[2025-09-24 09:28:07.445] LOG - 14:28:07.444Z [analyzePhase] resetting phaseData
[2025-09-24 09:28:07.446] LOG - 14:28:07.444Z [analyzePhase] resetting phaseData
[2025-09-24 09:28:07.447] LOG - 14:28:07.445Z [analyzePhase] set phase 1 maxActive to 1
[2025-09-24 09:28:07.448] LOG - 14:28:07.445Z [analyzePhase] set phase 1 maxActive to 1
[2025-09-24 09:28:07.449] LOG - 14:28:07.445Z [analyzePhase] increased phase 2 maxActive to 1
[2025-09-24 09:28:07.449] LOG - 14:28:07.445Z [analyzePhase] increased phase 2 maxActive to 1
[2025-09-24 09:28:07.449] WARNING - 14:28:07.445Z Error in deferred func: TypeError: Cannot read properties of undefined (reading 'querySelector'), function(){d(a),f(function(){d(null)},0);var e=i.apply(this,arguments);return d(null),e} TypeError: Cannot read properties of undefined (reading 'querySelector'),    at <anonymous>:377:98,    at i.__trace__ (https://cdn.tradovate.com/tradovate/scripts/4418.33639a7d.js:2:4608573),    at https://cdn.tradovate.com/tradovate/scripts/4418.33639a7d.js:2:3542342
[2025-09-24 09:28:07.449] WARNING - 14:28:07.445Z Error in deferred func: TypeError: Cannot read properties of undefined (reading 'querySelector'), function(){d(a),f(function(){d(null)},0);var e=i.apply(this,arguments);return d(null),e}
[2025-09-24 09:28:54.221] INFO - 14:28:54.217Z visibilitychange: hidden, gd: 1000
[2025-09-24 09:28:54.224] INFO - 14:28:54.217Z visibilitychange: hidden, gd: 1000
