[2025-09-24 16:04:47.292] LOG - 21:04:47.291Z Starting login process for: zenex3298@gmail.com
[2025-09-24 16:04:47.293] LOG - 21:04:47.291Z Starting login process for: zenex3298@gmail.com
[2025-09-24 16:04:47.293] LOG - 21:04:47.292Z Auto login function executing for: zenex3298@gmail.com
[2025-09-24 16:04:47.293] LOG - 21:04:47.292Z Auto login function executing for: zenex3298@gmail.com
[2025-09-24 16:04:47.294] LOG - 21:04:47.292Z Login form found, filling credentials...
[2025-09-24 16:04:47.294] LOG - 21:04:47.292Z Login form found, filling credentials...
[2025-09-24 16:04:47.429] LOG - 21:04:47.318Z Test element added to DOM
[2025-09-24 16:04:47.429] LOG - 21:04:47.318Z Test element added to DOM
[2025-09-24 16:04:47.436] LOG - 21:04:47.432Z All browser alerts and confirmations have been disabled
[2025-09-24 16:04:47.437] LOG - 21:04:47.432Z All browser alerts and confirmations have been disabled
[2025-09-24 16:04:47.807] LOG - 21:04:47.805Z Clicking login button...
[2025-09-24 16:04:47.807] LOG - 21:04:47.805Z Clicking login button...
[2025-09-24 16:04:47.819] LOG - 21:04:47.816Z authentication starting
[2025-09-24 16:04:47.819] LOG - 21:04:47.816Z authentication starting
[2025-09-24 16:04:48.154] warning - The AudioContext was not allowed to start. It must be resumed (or created) after a user gesture on the page. https://developer.chrome.com/blog/autoplay/#web_audio
[2025-09-24 16:04:48.156] LOG - 21:04:48.139Z Watching for account selection page...
[2025-09-24 16:04:48.157] LOG - 21:04:48.139Z Watching for account selection page...
[2025-09-24 16:04:48.446] LOG - 21:04:48.445Z Access token will be renewed in 75 minutes; expired: Wed Sep 24 2025 17:24:48 GMT-0500 (Central Daylight Time), now: Wed Sep 24 2025 16:04:48 GMT-0500 (Central Daylight Time)
[2025-09-24 16:04:48.446] LOG - 21:04:48.445Z Access token will be renewed in 75 minutes; expired: Wed Sep 24 2025 17:24:48 GMT-0500 (Central Daylight Time), now: Wed Sep 24 2025 16:04:48 GMT-0500 (Central Daylight Time)
[2025-09-24 16:04:48.742] INFO - 21:04:48.740Z [LaunchDarkly] Closing stream connection
[2025-09-24 16:04:48.743] INFO - 21:04:48.740Z [LaunchDarkly] Closing stream connection
[2025-09-24 16:04:48.746] INFO - 21:04:48.740Z [LaunchDarkly] Opening stream connection to https://clientstream.launchdarkly.com/eval/66cdf5b9cf61891061b4e437/eyJraW5kIjoidXNlciIsImtleSI6IjQ2NTYwMjciLCJkZXZpY2UiOiJkZXNrdG9wIiwidXNlcklkIjo0NjU2MDI3LCJpcENvdW50cnkiOiJVUyIsIm9yZ05hbWUiOiJURFYiLCJuYW1lIjoiWmVuZXgzMjk4IiwibGFuZGluZ1BhcmFtcyI6IiJ9
[2025-09-24 16:04:48.747] INFO - 21:04:48.740Z [LaunchDarkly] Opening stream connection to https://clientstream.launchdarkly.com/eval/66cdf5b9cf61891061b4e437/eyJraW5kIjoidXNlciIsImtleSI6IjQ2NTYwMjciLCJkZXZpY2UiOiJkZXNrdG9wIiwidXNlcklkIjo0NjU2MDI3LCJpcENvdW50cnkiOiJVUyIsIm9yZ05hbWUiOiJURFYiLCJuYW1lIjoiWmVuZXgzMjk4IiwibGFuZGluZ1BhcmFtcyI6IiJ9
[2025-09-24 16:04:48.748] INFO - 21:04:48.740Z [LaunchDarkly] Closing stream connection
[2025-09-24 16:04:48.749] INFO - 21:04:48.740Z [LaunchDarkly] Closing stream connection
[2025-09-24 16:04:48.750] INFO - 21:04:48.741Z [LaunchDarkly] Opening stream connection to https://clientstream.launchdarkly.com/eval/66cdf5b9cf61891061b4e437/eyJraW5kIjoidXNlciIsImtleSI6IjQ2NTYwMjciLCJkZXZpY2UiOiJkZXNrdG9wIiwidXNlcklkIjo0NjU2MDI3LCJpcENvdW50cnkiOiJVUyIsIm9yZ05hbWUiOiJURFYiLCJuYW1lIjoiWmVuZXgzMjk4IiwibGFuZGluZ1BhcmFtcyI6IiJ9
[2025-09-24 16:04:48.750] INFO - 21:04:48.741Z [LaunchDarkly] Opening stream connection to https://clientstream.launchdarkly.com/eval/66cdf5b9cf61891061b4e437/eyJraW5kIjoidXNlciIsImtleSI6IjQ2NTYwMjciLCJkZXZpY2UiOiJkZXNrdG9wIiwidXNlcklkIjo0NjU2MDI3LCJpcENvdW50cnkiOiJVUyIsIm9yZ05hbWUiOiJURFYiLCJuYW1lIjoiWmVuZXgzMjk4IiwibGFuZGluZ1BhcmFtcyI6IiJ9
[2025-09-24 16:04:49.141] LOG - 21:04:49.140Z Account selection page detected, clicking button...
[2025-09-24 16:04:49.141] LOG - 21:04:49.140Z Account selection page detected, clicking button...
[2025-09-24 16:04:49.303] LOG - 21:04:49.278Z Access token will be renewed in 75 minutes; expired: Wed Sep 24 2025 17:24:48 GMT-0500 (Central Daylight Time), now: Wed Sep 24 2025 16:04:49 GMT-0500 (Central Daylight Time)
[2025-09-24 16:04:49.303] LOG - 21:04:49.278Z Access token will be renewed in 75 minutes; expired: Wed Sep 24 2025 17:24:48 GMT-0500 (Central Daylight Time), now: Wed Sep 24 2025 16:04:49 GMT-0500 (Central Daylight Time)
[2025-09-24 16:04:49.385] error - Refused to connect to 'https://bat.bing.com/actionp/0?ti=26330043&Ver=2&mid=c55d452b-9b97-4a84-b709-7c140771e293&bo=2&sid=e921826097c611f09785499b91a2dd7e&vid=9abf384092fe11f0b30e9fac449e4642&vids=0&msclkid=N&evt=pageHide' because it violates the following Content Security Policy directive: "connect-src wss://*.tradovate.com https://*.tradovate.com https://*.ntinnolab.com https://*.devel.ninjatrader.dev https://*.staging.ninjatrader.dev https://*.uat.ninjatrader.dev wss://*.ntinnolab.com wss://*.devel.ninjatrader.dev wss://*.staging.ninjatrader.dev wss://*.uat.ninjatrader.dev wss://*.tradovateapi.com https://*.tradovateapi.com https://*.ninjatrader.com https://cdn.walkme.com https://ec.walkme.com https://sessions.bugsnag.com https://notify.bugsnag.com https://*.plaid.com https://*.yodlee.com https://tradovate.zendesk.com https://rollout.ada.support https://static.ada.support https://ninjatrader.ada.support https://tradovate.ada.support https://ninjatrader-eap.ada.support/ https://demo-ninjatrader-gr.ada.support/ https://tradovate-gen.ada.support/ https://api.stripe.com https://apiproxy.ninjatrader.com https://apiproxy-d.ninjatrader.com https://us-autocomplete-pro.api.smartystreets.com https://international-autocomplete.api.smarty.com https://maps.googleapis.com https://accounts.google.com/ https://www.google.com https://www.googletagmanager.com/ https://*.browser-intake-datadoghq.com https://scripts.neuro-id.com https://receiver.neuroid.cloud https://logs.neuro-id.com https://firebaseinstallations.googleapis.com/ https://firebaseremoteconfig.googleapis.com/ https://logx.optimizely.com https://*.optimizely.com wss://mpsnare.iesnare.com wss://ci-mpsnare.iovation.com https://*.iovation.com/ https://*.reddit.com  https://www.redditstatic.com https://*.taboola.com https://*.launchdarkly.com https://*.alloy.co https://*.maze.co https://www.google-analytics.com https://analytics.google.com https://www.googletagmanager.com/ https://api.hubapi.com https://forms.hubspot.com https://stats.g.doubleclick.net https://alb.reddit.com https://analytics.twitter.com https://heapanalytics.com https://*.auryc.com https://*.contentsquare.net https://siteintercept.qualtrics.com https://api.userway.org/".

[2025-09-24 16:04:49.387] INFO - 21:04:49.384Z visibilitychange: hidden, gd: 1000
[2025-09-24 16:04:49.388] INFO - 21:04:49.384Z visibilitychange: hidden, gd: 1000
[2025-09-24 16:04:49.389] WARNING - 21:04:49.387Z [LaunchDarkly] Error on stream connection: {"isTrusted":true}, will continue retrying after 844 milliseconds.
[2025-09-24 16:04:49.390] WARNING - 21:04:49.387Z [LaunchDarkly] Error on stream connection: {"isTrusted":true}, will continue retrying after 844 milliseconds.
[2025-09-24 16:04:49.390] INFO - 21:04:49.387Z [LaunchDarkly] Closing stream connection
[2025-09-24 16:04:49.390] INFO - 21:04:49.387Z [LaunchDarkly] Closing stream connection
[2025-09-24 16:04:49.751] WARNING - Duplicate atom key "locale". This is a FATAL ERROR in
      production. But it is safe to ignore this warning if it occurred because of
      hot module replacement.
[2025-09-24 16:04:49.753] WARNING - Duplicate atom key "locale". This is a FATAL ERROR in
      production. But it is safe to ignore this warning if it occurred because of
      hot module replacement.
[2025-09-24 16:04:49.754] WARNING - Duplicate atom key "muiTheme". This is a FATAL ERROR in
      production. But it is safe to ignore this warning if it occurred because of
      hot module replacement.
[2025-09-24 16:04:49.756] WARNING - Duplicate atom key "muiTheme". This is a FATAL ERROR in
      production. But it is safe to ignore this warning if it occurred because of
      hot module replacement.
[2025-09-24 16:04:49.758] WARNING - Duplicate atom key "appLinksFooter". This is a FATAL ERROR in
      production. But it is safe to ignore this warning if it occurred because of
      hot module replacement.
[2025-09-24 16:04:49.761] WARNING - Duplicate atom key "appLinksFooter". This is a FATAL ERROR in
      production. But it is safe to ignore this warning if it occurred because of
      hot module replacement.
[2025-09-24 16:04:49.762] WARNING - Duplicate atom key "currentUserId2". This is a FATAL ERROR in
      production. But it is safe to ignore this warning if it occurred because of
      hot module replacement.
[2025-09-24 16:04:49.763] WARNING - Duplicate atom key "currentUserId2". This is a FATAL ERROR in
      production. But it is safe to ignore this warning if it occurred because of
      hot module replacement.
[2025-09-24 16:04:49.764] WARNING - Duplicate atom key "onboardingInProgress". This is a FATAL ERROR in
      production. But it is safe to ignore this warning if it occurred because of
      hot module replacement.
[2025-09-24 16:04:49.766] WARNING - Duplicate atom key "onboardingInProgress". This is a FATAL ERROR in
      production. But it is safe to ignore this warning if it occurred because of
      hot module replacement.
[2025-09-24 16:04:49.768] WARNING - Duplicate atom key "editing". This is a FATAL ERROR in
      production. But it is safe to ignore this warning if it occurred because of
      hot module replacement.
[2025-09-24 16:04:49.770] WARNING - Duplicate atom key "editing". This is a FATAL ERROR in
      production. But it is safe to ignore this warning if it occurred because of
      hot module replacement.
[2025-09-24 16:04:49.771] WARNING - Duplicate atom key "infoMessage". This is a FATAL ERROR in
      production. But it is safe to ignore this warning if it occurred because of
      hot module replacement.
[2025-09-24 16:04:49.772] WARNING - Duplicate atom key "infoMessage". This is a FATAL ERROR in
      production. But it is safe to ignore this warning if it occurred because of
      hot module replacement.
[2025-09-24 16:04:49.773] WARNING - Duplicate atom key "browserWarning". This is a FATAL ERROR in
      production. But it is safe to ignore this warning if it occurred because of
      hot module replacement.
[2025-09-24 16:04:49.774] WARNING - Duplicate atom key "browserWarning". This is a FATAL ERROR in
      production. But it is safe to ignore this warning if it occurred because of
      hot module replacement.
[2025-09-24 16:04:49.774] WARNING - Duplicate atom key "clockWarning". This is a FATAL ERROR in
      production. But it is safe to ignore this warning if it occurred because of
      hot module replacement.
[2025-09-24 16:04:49.775] WARNING - Duplicate atom key "clockWarning". This is a FATAL ERROR in
      production. But it is safe to ignore this warning if it occurred because of
      hot module replacement.
[2025-09-24 16:04:49.776] WARNING - Duplicate atom key "breakpoint". This is a FATAL ERROR in
      production. But it is safe to ignore this warning if it occurred because of
      hot module replacement.
[2025-09-24 16:04:49.777] WARNING - Duplicate atom key "breakpoint". This is a FATAL ERROR in
      production. But it is safe to ignore this warning if it occurred because of
      hot module replacement.
[2025-09-24 16:04:49.778] WARNING - Duplicate atom key "inMobileRange". This is a FATAL ERROR in
      production. But it is safe to ignore this warning if it occurred because of
      hot module replacement.
[2025-09-24 16:04:49.780] WARNING - Duplicate atom key "inMobileRange". This is a FATAL ERROR in
      production. But it is safe to ignore this warning if it occurred because of
      hot module replacement.
[2025-09-24 16:04:49.780] WARNING - Duplicate atom key "gridSpacing". This is a FATAL ERROR in
      production. But it is safe to ignore this warning if it occurred because of
      hot module replacement.
[2025-09-24 16:04:49.781] WARNING - Duplicate atom key "gridSpacing". This is a FATAL ERROR in
      production. But it is safe to ignore this warning if it occurred because of
      hot module replacement.
[2025-09-24 16:04:49.781] WARNING - Duplicate atom key "login". This is a FATAL ERROR in
      production. But it is safe to ignore this warning if it occurred because of
      hot module replacement.
[2025-09-24 16:04:49.781] WARNING - Duplicate atom key "login". This is a FATAL ERROR in
      production. But it is safe to ignore this warning if it occurred because of
      hot module replacement.
[2025-09-24 16:04:49.781] WARNING - Duplicate atom key "error". This is a FATAL ERROR in
      production. But it is safe to ignore this warning if it occurred because of
      hot module replacement.
[2025-09-24 16:04:49.781] WARNING - Duplicate atom key "error". This is a FATAL ERROR in
      production. But it is safe to ignore this warning if it occurred because of
      hot module replacement.
[2025-09-24 16:04:49.781] WARNING - Duplicate atom key "contactInfos2". This is a FATAL ERROR in
      production. But it is safe to ignore this warning if it occurred because of
      hot module replacement.
[2025-09-24 16:04:49.782] WARNING - Duplicate atom key "contactInfos2". This is a FATAL ERROR in
      production. But it is safe to ignore this warning if it occurred because of
      hot module replacement.
[2025-09-24 16:04:49.782] WARNING - Duplicate atom key "individualApplicantsTimestamp". This is a FATAL ERROR in
      production. But it is safe to ignore this warning if it occurred because of
      hot module replacement.
[2025-09-24 16:04:49.782] WARNING - Duplicate atom key "individualApplicantsTimestamp". This is a FATAL ERROR in
      production. But it is safe to ignore this warning if it occurred because of
      hot module replacement.
[2025-09-24 16:04:49.782] WARNING - Duplicate atom key "customerApplication". This is a FATAL ERROR in
      production. But it is safe to ignore this warning if it occurred because of
      hot module replacement.
[2025-09-24 16:04:49.782] WARNING - Duplicate atom key "customerApplication". This is a FATAL ERROR in
      production. But it is safe to ignore this warning if it occurred because of
      hot module replacement.
[2025-09-24 16:04:49.782] WARNING - Duplicate atom key "individualApplicants". This is a FATAL ERROR in
      production. But it is safe to ignore this warning if it occurred because of
      hot module replacement.
[2025-09-24 16:04:49.782] WARNING - Duplicate atom key "individualApplicants". This is a FATAL ERROR in
      production. But it is safe to ignore this warning if it occurred because of
      hot module replacement.
[2025-09-24 16:04:49.783] WARNING - Duplicate atom key "clearingHouses". This is a FATAL ERROR in
      production. But it is safe to ignore this warning if it occurred because of
      hot module replacement.
[2025-09-24 16:04:49.783] WARNING - Duplicate atom key "clearingHouses". This is a FATAL ERROR in
      production. But it is safe to ignore this warning if it occurred because of
      hot module replacement.
[2025-09-24 16:04:49.783] WARNING - Duplicate atom key "clearXClearingHouse". This is a FATAL ERROR in
      production. But it is safe to ignore this warning if it occurred because of
      hot module replacement.
[2025-09-24 16:04:49.783] WARNING - Duplicate atom key "clearXClearingHouse". This is a FATAL ERROR in
      production. But it is safe to ignore this warning if it occurred because of
      hot module replacement.
[2025-09-24 16:04:49.783] WARNING - Duplicate atom key "applicationClearingHouse". This is a FATAL ERROR in
      production. But it is safe to ignore this warning if it occurred because of
      hot module replacement.
[2025-09-24 16:04:49.783] WARNING - Duplicate atom key "applicationClearingHouse". This is a FATAL ERROR in
      production. But it is safe to ignore this warning if it occurred because of
      hot module replacement.
[2025-09-24 16:04:49.783] WARNING - Duplicate atom key "userLocation". This is a FATAL ERROR in
      production. But it is safe to ignore this warning if it occurred because of
      hot module replacement.
[2025-09-24 16:04:49.783] WARNING - Duplicate atom key "userLocation". This is a FATAL ERROR in
      production. But it is safe to ignore this warning if it occurred because of
      hot module replacement.
[2025-09-24 16:04:49.784] WARNING - Duplicate atom key "savedApplicationsTimestamp". This is a FATAL ERROR in
      production. But it is safe to ignore this warning if it occurred because of
      hot module replacement.
[2025-09-24 16:04:49.784] WARNING - Duplicate atom key "savedApplicationsTimestamp". This is a FATAL ERROR in
      production. But it is safe to ignore this warning if it occurred because of
      hot module replacement.
[2025-09-24 16:04:49.784] WARNING - Duplicate atom key "savedApplications". This is a FATAL ERROR in
      production. But it is safe to ignore this warning if it occurred because of
      hot module replacement.
[2025-09-24 16:04:49.784] WARNING - Duplicate atom key "savedApplications". This is a FATAL ERROR in
      production. But it is safe to ignore this warning if it occurred because of
      hot module replacement.
[2025-09-24 16:04:49.784] WARNING - Duplicate atom key "step". This is a FATAL ERROR in
      production. But it is safe to ignore this warning if it occurred because of
      hot module replacement.
[2025-09-24 16:04:49.784] WARNING - Duplicate atom key "step". This is a FATAL ERROR in
      production. But it is safe to ignore this warning if it occurred because of
      hot module replacement.
[2025-09-24 16:04:49.784] WARNING - Duplicate atom key "checkStates". This is a FATAL ERROR in
      production. But it is safe to ignore this warning if it occurred because of
      hot module replacement.
[2025-09-24 16:04:49.784] WARNING - Duplicate atom key "checkStates". This is a FATAL ERROR in
      production. But it is safe to ignore this warning if it occurred because of
      hot module replacement.
[2025-09-24 16:04:49.784] WARNING - Duplicate atom key "signStates". This is a FATAL ERROR in
      production. But it is safe to ignore this warning if it occurred because of
      hot module replacement.
[2025-09-24 16:04:49.785] WARNING - Duplicate atom key "signStates". This is a FATAL ERROR in
      production. But it is safe to ignore this warning if it occurred because of
      hot module replacement.
[2025-09-24 16:04:49.785] WARNING - Duplicate atom key "wizard". This is a FATAL ERROR in
      production. But it is safe to ignore this warning if it occurred because of
      hot module replacement.
[2025-09-24 16:04:49.785] WARNING - Duplicate atom key "wizard". This is a FATAL ERROR in
      production. But it is safe to ignore this warning if it occurred because of
      hot module replacement.
[2025-09-24 16:04:49.785] WARNING - Duplicate atom key "formBuilder". This is a FATAL ERROR in
      production. But it is safe to ignore this warning if it occurred because of
      hot module replacement.
[2025-09-24 16:04:49.785] WARNING - Duplicate atom key "formBuilder". This is a FATAL ERROR in
      production. But it is safe to ignore this warning if it occurred because of
      hot module replacement.
[2025-09-24 16:04:49.785] WARNING - Duplicate atom key "headerSlot". This is a FATAL ERROR in
      production. But it is safe to ignore this warning if it occurred because of
      hot module replacement.
[2025-09-24 16:04:49.785] WARNING - Duplicate atom key "headerSlot". This is a FATAL ERROR in
      production. But it is safe to ignore this warning if it occurred because of
      hot module replacement.
[2025-09-24 16:04:49.785] WARNING - Duplicate atom key "footerSlot". This is a FATAL ERROR in
      production. But it is safe to ignore this warning if it occurred because of
      hot module replacement.
[2025-09-24 16:04:49.786] WARNING - Duplicate atom key "footerSlot". This is a FATAL ERROR in
      production. But it is safe to ignore this warning if it occurred because of
      hot module replacement.
[2025-09-24 16:04:49.786] WARNING - Duplicate atom key "alloyJourneyToken". This is a FATAL ERROR in
      production. But it is safe to ignore this warning if it occurred because of
      hot module replacement.
[2025-09-24 16:04:49.786] WARNING - Duplicate atom key "alloyJourneyToken". This is a FATAL ERROR in
      production. But it is safe to ignore this warning if it occurred because of
      hot module replacement.
[2025-09-24 16:04:49.786] DEBUG - [bugsnag] Loaded!
[2025-09-24 16:04:49.786] DEBUG - [bugsnag] Loaded!
[2025-09-24 16:04:49.787] INFO - Version 3.250919.0 prod production 
[2025-09-24 16:04:49.787] INFO - Version 3.250919.0 prod production 
[2025-09-24 16:04:49.787] INFO - Time: Wed Sep 24 2025 16:04:49 GMT-0500 (Central Daylight Time)
[2025-09-24 16:04:49.787] INFO - Time:
[2025-09-24 16:04:49.843] LOG - 21:04:49.840Z Try to restore session
[2025-09-24 16:04:49.843] LOG - 21:04:49.840Z Try to restore session
[2025-09-24 16:04:49.844] LOG - 21:04:49.841Z Access token will be renewed in 75 minutes; expired: Wed Sep 24 2025 17:24:48 GMT-0500 (Central Daylight Time), now: Wed Sep 24 2025 16:04:49 GMT-0500 (Central Daylight Time)
[2025-09-24 16:04:49.844] LOG - 21:04:49.841Z Access token will be renewed in 75 minutes; expired: Wed Sep 24 2025 17:24:48 GMT-0500 (Central Daylight Time), now: Wed Sep 24 2025 16:04:49 GMT-0500 (Central Daylight Time)
[2025-09-24 16:04:49.849] WARNING - 21:04:49.848Z [LaunchDarkly] The waitForInitialization function was called without a timeout specified. In a future version a default timeout will be applied.
[2025-09-24 16:04:49.850] WARNING - 21:04:49.848Z [LaunchDarkly] The waitForInitialization function was called without a timeout specified. In a future version a default timeout will be applied.
[2025-09-24 16:04:49.857] INFO - 21:04:49.856Z chart cache state: islands=1, bars=462
[2025-09-24 16:04:49.857] INFO - 21:04:49.856Z chart cache state: islands=1, bars=462
[2025-09-24 16:04:49.857] INFO - 21:04:49.856Z Chart history database initialized
[2025-09-24 16:04:49.857] INFO - 21:04:49.856Z Chart history database initialized
[2025-09-24 16:04:49.863] INFO - 21:04:49.862Z [LaunchDarkly] LaunchDarkly client initialized
[2025-09-24 16:04:49.864] INFO - 21:04:49.862Z [LaunchDarkly] LaunchDarkly client initialized
[2025-09-24 16:04:49.865] INFO - 21:04:49.862Z [LaunchDarkly] Opening stream connection to https://clientstream.launchdarkly.com/eval/66cdf5b9cf61891061b4e437/eyJraW5kIjoidXNlciIsImtleSI6InVua25vd24iLCJhbm9ueW1vdXMiOmZhbHNlfQ
[2025-09-24 16:04:49.865] INFO - 21:04:49.862Z [LaunchDarkly] Opening stream connection to https://clientstream.launchdarkly.com/eval/66cdf5b9cf61891061b4e437/eyJraW5kIjoidXNlciIsImtleSI6InVua25vd24iLCJhbm9ueW1vdXMiOmZhbHNlfQ
[2025-09-24 16:04:50.313] INFO - 21:04:50.312Z [LaunchDarkly] Closing stream connection
[2025-09-24 16:04:50.314] INFO - 21:04:50.312Z [LaunchDarkly] Closing stream connection
[2025-09-24 16:04:50.314] INFO - 21:04:50.312Z [LaunchDarkly] Opening stream connection to https://clientstream.launchdarkly.com/eval/66cdf5b9cf61891061b4e437/eyJraW5kIjoidXNlciIsImtleSI6IjQ2NTYwMjciLCJkZXZpY2UiOiJkZXNrdG9wIiwidXNlcklkIjo0NjU2MDI3LCJpcENvdW50cnkiOiIiLCJvcmdOYW1lIjoiVERWIiwibmFtZSI6IlplbmV4MzI5OCIsImxhbmRpbmdQYXJhbXMiOiIifQ
[2025-09-24 16:04:50.314] INFO - 21:04:50.312Z [LaunchDarkly] Opening stream connection to https://clientstream.launchdarkly.com/eval/66cdf5b9cf61891061b4e437/eyJraW5kIjoidXNlciIsImtleSI6IjQ2NTYwMjciLCJkZXZpY2UiOiJkZXNrdG9wIiwidXNlcklkIjo0NjU2MDI3LCJpcENvdW50cnkiOiIiLCJvcmdOYW1lIjoiVERWIiwibmFtZSI6IlplbmV4MzI5OCIsImxhbmRpbmdQYXJhbXMiOiIifQ
[2025-09-24 16:04:50.482] LOG - 21:04:50.478Z opening https://demo.tradovateapi.com/
[2025-09-24 16:04:50.482] LOG - 21:04:50.478Z opening https://demo.tradovateapi.com/
[2025-09-24 16:04:50.487] LOG - 21:04:50.485Z Hotkeys initialized {"Shift+Digit1":["orders/selectColumns"],"Shift+Digit2":["orders/showFilters"],"Shift+Digit3":["orders/standardTableView"],"Shift+Digit4":["orders/linkedOrdersView"],"Command+Shift+Digit0":["dom-chart/exit-and-cancel"]}
[2025-09-24 16:04:50.487] LOG - 21:04:50.485Z Hotkeys initialized {"Shift+Digit1":["orders/selectColumns"],"Shift+Digit2":["orders/showFilters"],"Shift+Digit3":["orders/standardTableView"],"Shift+Digit4":["orders/linkedOrdersView"],"Command+Shift+Digit0":["dom-chart/exit-and-cancel"]}
[2025-09-24 16:04:50.557] LOG - 21:04:50.556Z websocket opened
[2025-09-24 16:04:50.557] LOG - 21:04:50.556Z websocket opened
[2025-09-24 16:04:50.614] LOG - 21:04:50.612Z opening https://md-demo.tradovateapi.com/
[2025-09-24 16:04:50.615] LOG - 21:04:50.612Z opening https://md-demo.tradovateapi.com/
[2025-09-24 16:04:50.615] LOG - 21:04:50.613Z Connection:  open
[2025-09-24 16:04:50.615] LOG - 21:04:50.613Z Connection:  open
[2025-09-24 16:04:51.582] LOG - 21:04:51.580Z WebGL:  {"isWebGL2":true,"precision":"highp","logarithmicDepthBuffer":false,"maxTextures":16,"maxVertexTextures":16,"maxTextureSize":16384,"maxCubemapSize":16384,"maxAttributes":16,"maxVertexUniforms":1024,"maxVaryings":30,"maxFragmentUniforms":1024,"vertexTextures":true,"floatFragmentTextures":true,"floatVertexTextures":true,"maxSamples":8} , devicePixelRatio:  2
[2025-09-24 16:04:51.585] LOG - 21:04:51.580Z Canvas size: 501 897 dpp:  2
[2025-09-24 16:04:51.590] LOG - 21:04:51.589Z Loading App-level Plugins
[2025-09-24 16:04:51.591] LOG - 21:04:51.589Z Loading App-level Plugins
[2025-09-24 16:04:51.607] LOG - 21:04:51.601Z WebGL:  {"isWebGL2":true,"precision":"highp","logarithmicDepthBuffer":false,"maxTextures":16,"maxVertexTextures":16,"maxTextureSize":16384,"maxCubemapSize":16384,"maxAttributes":16,"maxVertexUniforms":1024,"maxVaryings":30,"maxFragmentUniforms":1024,"vertexTextures":true,"floatFragmentTextures":true,"floatVertexTextures":true,"maxSamples":8} , devicePixelRatio:  2
[2025-09-24 16:04:51.611] LOG - 21:04:51.602Z Canvas size: 501 897 dpp:  2
[2025-09-24 16:04:51.702] LOG - 21:04:51.670Z websocket opened
[2025-09-24 16:04:51.715] LOG - 21:04:51.670Z websocket opened
[2025-09-24 16:04:51.890] LOG - 21:04:51.889Z loadAppLevelPlugins:  [object Object]
[2025-09-24 16:04:51.890] LOG - 21:04:51.889Z loadAppLevelPlugins: 
[2025-09-24 16:04:51.892] LOG - 21:04:51.891Z sync to remote defaultModules
[2025-09-24 16:04:51.892] LOG - 21:04:51.891Z sync to remote defaultModules
[2025-09-24 16:04:52.657] LOG - 21:04:52.645Z jailing is in progress
[2025-09-24 16:04:52.659] LOG - 21:04:52.645Z jailing is in progress
[2025-09-24 16:04:52.818] LOG - 21:04:52.817Z pending jailing done. next starts
[2025-09-24 16:04:52.819] LOG - 21:04:52.817Z pending jailing done. next starts
[2025-09-24 16:04:53.726] LOG - 21:04:53.724Z created chart 1
[2025-09-24 16:04:53.957] LOG - 21:04:53.956Z updating the shared isolation
[2025-09-24 16:04:53.958] LOG - 21:04:53.956Z updating the shared isolation
[2025-09-24 16:04:54.041] LOG - 21:04:53.999Z requestChart: {"symbol":"3267312","chartDescription":{"underlyingType":"Tick","elementSize":5000,"elementSizeUnit":"UnderlyingUnits","withHistogram":false},"timeRange":{"asMuchAsElements":300}}
[2025-09-24 16:04:54.042] LOG - 21:04:53.999Z requestChart: {"symbol":"3267312","chartDescription":{"underlyingType":"Tick","elementSize":5000,"elementSizeUnit":"UnderlyingUnits","withHistogram":false},"timeRange":{"asMuchAsElements":300}}
[2025-09-24 16:04:54.043] LOG - 21:04:54.000Z mdMgApi open
[2025-09-24 16:04:54.043] LOG - 21:04:54.000Z mdMgApi open
[2025-09-24 16:04:58.549] LOG - 21:04:58.548Z Auto Order script initialized - AUTOMATIC HOT RELOAD SUCCESS!
[2025-09-24 16:04:58.550] LOG - 21:04:58.548Z Auto Order script initialized - AUTOMATIC HOT RELOAD SUCCESS!
[2025-09-24 16:04:58.551] LOG - 21:04:58.549Z Creating UI...
[2025-09-24 16:04:58.551] LOG - 21:04:58.549Z Creating UI...
[2025-09-24 16:04:58.551] LOG - 21:04:58.549Z Creating UI
[2025-09-24 16:04:58.551] LOG - 21:04:58.549Z Creating UI
[2025-09-24 16:04:58.552] LOG - 21:04:58.550Z Stored values: TP=53, SL=15, Qty=9, Tick=0.25, Symbol=NQ
[2025-09-24 16:04:58.552] LOG - 21:04:58.550Z Stored values: TP=53, SL=15, Qty=9, Tick=0.25, Symbol=NQ
[2025-09-24 16:04:58.553] LOG - 21:04:58.551Z UI container added to DOM
[2025-09-24 16:04:58.553] LOG - 21:04:58.551Z UI container added to DOM
[2025-09-24 16:04:58.555] LOG - 21:04:58.552Z Setting up UI event handlers
[2025-09-24 16:04:58.577] LOG - 21:04:58.552Z Setting up UI event handlers
[2025-09-24 16:04:58.578] LOG - 21:04:58.552Z Setting up persistent settings
[2025-09-24 16:04:58.588] LOG - 21:04:58.552Z Setting up persistent settings
[2025-09-24 16:04:58.592] LOG - 21:04:58.552Z Setting up drag functionality
[2025-09-24 16:04:58.592] LOG - 21:04:58.552Z Setting up drag functionality
[2025-09-24 16:04:58.593] LOG - 21:04:58.552Z Setting up trade buttons
[2025-09-24 16:04:58.594] LOG - 21:04:58.552Z Setting up trade buttons
[2025-09-24 16:04:58.595] LOG - 21:04:58.552Z UI creation complete
[2025-09-24 16:04:58.607] LOG - 21:04:58.552Z UI creation complete
[2025-09-24 16:04:58.608] LOG - 21:04:58.552Z Creating example front-quarter symbol
[2025-09-24 16:04:58.609] LOG - 21:04:58.552Z Creating example front-quarter symbol
[2025-09-24 16:04:58.611] LOG - 21:04:58.552Z getQuarterlyCode called with date: 2025-09-24T21:04:58.552Z
[2025-09-24 16:04:58.612] LOG - 21:04:58.552Z getQuarterlyCode called with date: 2025-09-24T21:04:58.552Z
[2025-09-24 16:04:58.612] LOG - 21:04:58.553Z Current month index: 8
[2025-09-24 16:04:58.613] LOG - 21:04:58.553Z Current month index: 8
[2025-09-24 16:04:58.613] LOG - 21:04:58.553Z Starting calculation with year=2025, month=8
[2025-09-24 16:04:58.614] LOG - 21:04:58.553Z Starting calculation with year=2025, month=8
[2025-09-24 16:04:58.614] LOG - 21:04:58.553Z Calculated quarterly code: letter=Z, yearDigit=5
[2025-09-24 16:04:58.614] LOG - 21:04:58.553Z Calculated quarterly code: letter=Z, yearDigit=5
[2025-09-24 16:04:58.614] LOG - 21:04:58.553Z Example front-quarter symbol created: NQZ5
[2025-09-24 16:04:58.614] LOG - 21:04:58.553Z Example front-quarter symbol created: NQZ5
[2025-09-24 16:04:58.614] LOG - 21:04:58.597Z Auto Risk Management: Running initial risk assessment...
[2025-09-24 16:04:58.614] LOG - 21:04:58.597Z Auto Risk Management: Running initial risk assessment...
[2025-09-24 16:04:58.615] LOG - 21:04:58.599Z [analyzePhase] resetting phaseData
[2025-09-24 16:04:58.615] LOG - 21:04:58.599Z [analyzePhase] resetting phaseData
[2025-09-24 16:04:58.615] LOG - 21:04:58.599Z [analyzePhase] set phase 1 maxActive to 1
[2025-09-24 16:04:58.615] LOG - 21:04:58.599Z [analyzePhase] set phase 1 maxActive to 1
[2025-09-24 16:04:58.615] LOG - 21:04:58.600Z [analyzePhase] increased phase 2 maxActive to 1
[2025-09-24 16:04:58.615] LOG - 21:04:58.600Z [analyzePhase] increased phase 2 maxActive to 1
[2025-09-24 16:04:58.615] LOG - 21:04:58.600Z [updateUserColumnPhaseStatus] Starting...
[2025-09-24 16:04:58.616] LOG - 21:04:58.600Z [updateUserColumnPhaseStatus] Starting...
[2025-09-24 16:04:58.616] LOG - 21:04:58.601Z [updateUserColumnPhaseStatus] Found 1 rows
[2025-09-24 16:04:58.616] LOG - 21:04:58.601Z [updateUserColumnPhaseStatus] Found 1 rows
[2025-09-24 16:04:58.616] LOG - 21:04:58.601Z [updateUserColumnPhaseStatus] Header cells: Account ▲,Total Available Margin,User,Dist Drawdown Net Liq,Dollar Open P L,Dollar Total P L
[2025-09-24 16:04:58.616] LOG - 21:04:58.601Z [updateUserColumnPhaseStatus] Header cells:
[2025-09-24 16:04:58.616] LOG - 21:04:58.601Z [updateUserColumnPhaseStatus] Found User column at index 2
[2025-09-24 16:04:58.617] LOG - 21:04:58.601Z [updateUserColumnPhaseStatus] Found User column at index 2
[2025-09-24 16:04:58.617] LOG - 21:04:58.601Z [updateUserColumnPhaseStatus] Getting table data...
[2025-09-24 16:04:58.617] LOG - 21:04:58.601Z [updateUserColumnPhaseStatus] Getting table data...
[2025-09-24 16:04:58.617] LOG - 21:04:58.602Z [analyzePhase] resetting phaseData
[2025-09-24 16:04:58.617] LOG - 21:04:58.602Z [analyzePhase] resetting phaseData
[2025-09-24 16:04:58.618] LOG - 21:04:58.602Z [analyzePhase] set phase 1 maxActive to 1
[2025-09-24 16:04:58.618] LOG - 21:04:58.602Z [analyzePhase] set phase 1 maxActive to 1
[2025-09-24 16:04:58.618] LOG - 21:04:58.602Z [analyzePhase] increased phase 2 maxActive to 1
[2025-09-24 16:04:58.618] LOG - 21:04:58.602Z [analyzePhase] increased phase 2 maxActive to 1
[2025-09-24 16:04:58.618] LOG - 21:04:58.602Z [updateUserColumnPhaseStatus] Table data: 0 rows
[2025-09-24 16:04:58.618] LOG - 21:04:58.602Z [updateUserColumnPhaseStatus] Table data: 0 rows
[2025-09-24 16:04:58.619] ERROR - 21:04:58.602Z [updateUserColumnPhaseStatus] No data from getTableData()
[2025-09-24 16:04:58.619] ERROR - 21:04:58.602Z [updateUserColumnPhaseStatus] No data from getTableData()
[2025-09-24 16:04:58.634] warning - The AudioContext was not allowed to start. It must be resumed (or created) after a user gesture on the page. https://developer.chrome.com/blog/autoplay/#web_audio
[2025-09-24 16:04:58.635] LOG - 21:04:58.619Z Auto Risk Management: Initial risk assessment completed
[2025-09-24 16:04:58.635] LOG - 21:04:58.619Z Auto Risk Management: Initial risk assessment completed
[2025-09-24 16:04:59.628] LOG - 21:04:59.626Z [analyzePhase] resetting phaseData
[2025-09-24 16:04:59.630] LOG - 21:04:59.626Z [analyzePhase] resetting phaseData
[2025-09-24 16:04:59.630] LOG - 21:04:59.626Z [analyzePhase] set phase 1 maxActive to 1
[2025-09-24 16:04:59.631] LOG - 21:04:59.626Z [analyzePhase] set phase 1 maxActive to 1
[2025-09-24 16:04:59.631] LOG - 21:04:59.627Z [analyzePhase] increased phase 2 maxActive to 1
[2025-09-24 16:04:59.631] LOG - 21:04:59.627Z [analyzePhase] increased phase 2 maxActive to 1
[2025-09-24 16:04:59.631] WARNING - 21:04:59.627Z Error in deferred func: TypeError: Cannot read properties of undefined (reading 'querySelector'), function(){d(a),f(function(){d(null)},0);var e=i.apply(this,arguments);return d(null),e} TypeError: Cannot read properties of undefined (reading 'querySelector'),    at <anonymous>:377:98,    at i.__trace__ (https://cdn.tradovate.com/tradovate/scripts/4418.33639a7d.js:2:4608573),    at https://cdn.tradovate.com/tradovate/scripts/4418.33639a7d.js:2:3542342
[2025-09-24 16:04:59.631] WARNING - 21:04:59.627Z Error in deferred func: TypeError: Cannot read properties of undefined (reading 'querySelector'), function(){d(a),f(function(){d(null)},0);var e=i.apply(this,arguments);return d(null),e}
[2025-09-24 16:04:59.641] LOG - 21:04:59.639Z Executing initial risk management assessment...
[2025-09-24 16:04:59.642] LOG - 21:04:59.639Z Executing initial risk management assessment...
[2025-09-24 16:04:59.644] ERROR - 21:04:59.640Z getTableData function not found
[2025-09-24 16:04:59.644] ERROR - 21:04:59.640Z getTableData function not found
[2025-09-24 16:04:59.646] ERROR - 21:04:59.640Z updateUserColumnPhaseStatus function not found
[2025-09-24 16:04:59.647] ERROR - 21:04:59.640Z updateUserColumnPhaseStatus function not found
[2025-09-24 16:04:59.647] ERROR - 21:04:59.641Z performAccountActions function not found
[2025-09-24 16:04:59.648] ERROR - 21:04:59.641Z performAccountActions function not found
[2025-09-24 16:04:59.648] LOG - 21:04:59.641Z Risk management assessment completed
[2025-09-24 16:04:59.649] LOG - 21:04:59.641Z Risk management assessment completed
[2025-09-24 16:04:59.733] warning - The AudioContext was not allowed to start. It must be resumed (or created) after a user gesture on the page. https://developer.chrome.com/blog/autoplay/#web_audio
