[2025-09-24 16:16:09.477] LOG - 21:16:09.476Z Starting login process for: stonkz92224@gmail.com
[2025-09-24 16:16:09.479] LOG - 21:16:09.476Z Starting login process for: stonkz92224@gmail.com
[2025-09-24 16:16:09.479] LOG - 21:16:09.476Z Auto login function executing for: stonkz92224@gmail.com
[2025-09-24 16:16:09.480] LOG - 21:16:09.476Z Auto login function executing for: stonkz92224@gmail.com
[2025-09-24 16:16:09.480] LOG - 21:16:09.476Z Login form found, filling credentials...
[2025-09-24 16:16:09.481] LOG - 21:16:09.476Z Login form found, filling credentials...
[2025-09-24 16:16:09.611] LOG - 21:16:09.511Z Test element added to DOM
[2025-09-24 16:16:09.612] LOG - 21:16:09.511Z Test element added to DOM
[2025-09-24 16:16:09.616] LOG - 21:16:09.615Z All browser alerts and confirmations have been disabled
[2025-09-24 16:16:09.617] LOG - 21:16:09.615Z All browser alerts and confirmations have been disabled
[2025-09-24 16:16:09.990] LOG - 21:16:09.989Z Clicking login button...
[2025-09-24 16:16:09.991] LOG - 21:16:09.989Z Clicking login button...
[2025-09-24 16:16:09.999] LOG - 21:16:09.997Z authentication starting
[2025-09-24 16:16:10.001] LOG - 21:16:09.997Z authentication starting
[2025-09-24 16:16:10.334] warning - The AudioContext was not allowed to start. It must be resumed (or created) after a user gesture on the page. https://developer.chrome.com/blog/autoplay/#web_audio
[2025-09-24 16:16:10.337] LOG - 21:16:10.323Z Watching for account selection page...
[2025-09-24 16:16:10.339] LOG - 21:16:10.323Z Watching for account selection page...
[2025-09-24 16:16:10.602] LOG - 21:16:10.601Z Access token will be renewed in 75 minutes; expired: Wed Sep 24 2025 17:36:10 GMT-0500 (Central Daylight Time), now: Wed Sep 24 2025 16:16:10 GMT-0500 (Central Daylight Time)
[2025-09-24 16:16:10.602] LOG - 21:16:10.601Z Access token will be renewed in 75 minutes; expired: Wed Sep 24 2025 17:36:10 GMT-0500 (Central Daylight Time), now: Wed Sep 24 2025 16:16:10 GMT-0500 (Central Daylight Time)
[2025-09-24 16:16:10.842] INFO - 21:16:10.840Z [LaunchDarkly] Closing stream connection
[2025-09-24 16:16:10.843] INFO - 21:16:10.840Z [LaunchDarkly] Closing stream connection
[2025-09-24 16:16:10.843] INFO - 21:16:10.841Z [LaunchDarkly] Opening stream connection to https://clientstream.launchdarkly.com/eval/66cdf5b9cf61891061b4e437/eyJraW5kIjoidXNlciIsImtleSI6IjM2NTUwNTkiLCJkZXZpY2UiOiJkZXNrdG9wIiwidXNlcklkIjozNjU1MDU5LCJpcENvdW50cnkiOiJVUyIsIm9yZ05hbWUiOiJURFYiLCJuYW1lIjoiU3Rvbmt6OTIyMjQiLCJsYW5kaW5nUGFyYW1zIjoiIn0
[2025-09-24 16:16:10.843] INFO - 21:16:10.841Z [LaunchDarkly] Opening stream connection to https://clientstream.launchdarkly.com/eval/66cdf5b9cf61891061b4e437/eyJraW5kIjoidXNlciIsImtleSI6IjM2NTUwNTkiLCJkZXZpY2UiOiJkZXNrdG9wIiwidXNlcklkIjozNjU1MDU5LCJpcENvdW50cnkiOiJVUyIsIm9yZ05hbWUiOiJURFYiLCJuYW1lIjoiU3Rvbmt6OTIyMjQiLCJsYW5kaW5nUGFyYW1zIjoiIn0
[2025-09-24 16:16:10.951] INFO - 21:16:10.949Z [LaunchDarkly] Closing stream connection
[2025-09-24 16:16:10.952] INFO - 21:16:10.949Z [LaunchDarkly] Closing stream connection
[2025-09-24 16:16:10.952] INFO - 21:16:10.949Z [LaunchDarkly] Opening stream connection to https://clientstream.launchdarkly.com/eval/66cdf5b9cf61891061b4e437/eyJraW5kIjoidXNlciIsImtleSI6IjM2NTUwNTkiLCJkZXZpY2UiOiJkZXNrdG9wIiwidXNlcklkIjozNjU1MDU5LCJpcENvdW50cnkiOiJVUyIsIm9yZ05hbWUiOiJURFYiLCJuYW1lIjoiU3Rvbmt6OTIyMjQiLCJsYW5kaW5nUGFyYW1zIjoiIn0
[2025-09-24 16:16:10.952] INFO - 21:16:10.949Z [LaunchDarkly] Opening stream connection to https://clientstream.launchdarkly.com/eval/66cdf5b9cf61891061b4e437/eyJraW5kIjoidXNlciIsImtleSI6IjM2NTUwNTkiLCJkZXZpY2UiOiJkZXNrdG9wIiwidXNlcklkIjozNjU1MDU5LCJpcENvdW50cnkiOiJVUyIsIm9yZ05hbWUiOiJURFYiLCJuYW1lIjoiU3Rvbmt6OTIyMjQiLCJsYW5kaW5nUGFyYW1zIjoiIn0
[2025-09-24 16:16:10.992] INFO - 21:16:10.992Z [LaunchDarkly] Closing stream connection
[2025-09-24 16:16:10.994] INFO - 21:16:10.992Z [LaunchDarkly] Closing stream connection
[2025-09-24 16:16:10.995] INFO - 21:16:10.992Z [LaunchDarkly] Opening stream connection to https://clientstream.launchdarkly.com/eval/66cdf5b9cf61891061b4e437/eyJraW5kIjoidXNlciIsImtleSI6IjM2NTUwNTkiLCJkZXZpY2UiOiJkZXNrdG9wIiwidXNlcklkIjozNjU1MDU5LCJpcENvdW50cnkiOiJVUyIsIm9yZ05hbWUiOiJURFYiLCJuYW1lIjoiU3Rvbmt6OTIyMjQiLCJsYW5kaW5nUGFyYW1zIjoiIn0
[2025-09-24 16:16:10.995] INFO - 21:16:10.992Z [LaunchDarkly] Opening stream connection to https://clientstream.launchdarkly.com/eval/66cdf5b9cf61891061b4e437/eyJraW5kIjoidXNlciIsImtleSI6IjM2NTUwNTkiLCJkZXZpY2UiOiJkZXNrdG9wIiwidXNlcklkIjozNjU1MDU5LCJpcENvdW50cnkiOiJVUyIsIm9yZ05hbWUiOiJURFYiLCJuYW1lIjoiU3Rvbmt6OTIyMjQiLCJsYW5kaW5nUGFyYW1zIjoiIn0
[2025-09-24 16:16:12.326] LOG - 21:16:12.325Z Account selection page detected, clicking button...
[2025-09-24 16:16:12.326] LOG - 21:16:12.325Z Account selection page detected, clicking button...
[2025-09-24 16:16:12.461] LOG - 21:16:12.435Z Access token will be renewed in 75 minutes; expired: Wed Sep 24 2025 17:36:10 GMT-0500 (Central Daylight Time), now: Wed Sep 24 2025 16:16:12 GMT-0500 (Central Daylight Time)
[2025-09-24 16:16:12.461] LOG - 21:16:12.435Z Access token will be renewed in 75 minutes; expired: Wed Sep 24 2025 17:36:10 GMT-0500 (Central Daylight Time), now: Wed Sep 24 2025 16:16:12 GMT-0500 (Central Daylight Time)
[2025-09-24 16:16:12.532] error - Refused to connect to 'https://bat.bing.com/actionp/0?ti=26330043&Ver=2&mid=19e363b7-a2bd-4dbf-8d64-63ce214119f4&bo=2&sid=a82ace0097af11f0b51d4179c6f235dd&vid=99c3288092fe11f0bc7275adc39e6add&vids=0&msclkid=N&evt=pageHide' because it violates the following Content Security Policy directive: "connect-src wss://*.tradovate.com https://*.tradovate.com https://*.ntinnolab.com https://*.devel.ninjatrader.dev https://*.staging.ninjatrader.dev https://*.uat.ninjatrader.dev wss://*.ntinnolab.com wss://*.devel.ninjatrader.dev wss://*.staging.ninjatrader.dev wss://*.uat.ninjatrader.dev wss://*.tradovateapi.com https://*.tradovateapi.com https://*.ninjatrader.com https://cdn.walkme.com https://ec.walkme.com https://sessions.bugsnag.com https://notify.bugsnag.com https://*.plaid.com https://*.yodlee.com https://tradovate.zendesk.com https://rollout.ada.support https://static.ada.support https://ninjatrader.ada.support https://tradovate.ada.support https://ninjatrader-eap.ada.support/ https://demo-ninjatrader-gr.ada.support/ https://tradovate-gen.ada.support/ https://api.stripe.com https://apiproxy.ninjatrader.com https://apiproxy-d.ninjatrader.com https://us-autocomplete-pro.api.smartystreets.com https://international-autocomplete.api.smarty.com https://maps.googleapis.com https://accounts.google.com/ https://www.google.com https://www.googletagmanager.com/ https://*.browser-intake-datadoghq.com https://scripts.neuro-id.com https://receiver.neuroid.cloud https://logs.neuro-id.com https://firebaseinstallations.googleapis.com/ https://firebaseremoteconfig.googleapis.com/ https://logx.optimizely.com https://*.optimizely.com wss://mpsnare.iesnare.com wss://ci-mpsnare.iovation.com https://*.iovation.com/ https://*.reddit.com  https://www.redditstatic.com https://*.taboola.com https://*.launchdarkly.com https://*.alloy.co https://*.maze.co https://www.google-analytics.com https://analytics.google.com https://www.googletagmanager.com/ https://api.hubapi.com https://forms.hubspot.com https://stats.g.doubleclick.net https://alb.reddit.com https://analytics.twitter.com https://heapanalytics.com https://*.auryc.com https://*.contentsquare.net https://siteintercept.qualtrics.com https://api.userway.org/".

[2025-09-24 16:16:12.533] INFO - 21:16:12.528Z visibilitychange: hidden, gd: 1000
[2025-09-24 16:16:12.535] INFO - 21:16:12.528Z visibilitychange: hidden, gd: 1000
[2025-09-24 16:16:12.535] WARNING - 21:16:12.529Z [LaunchDarkly] Error on stream connection: {"isTrusted":true}, will continue retrying after 827 milliseconds.
[2025-09-24 16:16:12.536] WARNING - 21:16:12.529Z [LaunchDarkly] Error on stream connection: {"isTrusted":true}, will continue retrying after 827 milliseconds.
[2025-09-24 16:16:12.536] INFO - 21:16:12.529Z [LaunchDarkly] Closing stream connection
[2025-09-24 16:16:12.536] INFO - 21:16:12.529Z [LaunchDarkly] Closing stream connection
[2025-09-24 16:16:12.794] WARNING - Duplicate atom key "locale". This is a FATAL ERROR in
      production. But it is safe to ignore this warning if it occurred because of
      hot module replacement.
[2025-09-24 16:16:12.795] WARNING - Duplicate atom key "locale". This is a FATAL ERROR in
      production. But it is safe to ignore this warning if it occurred because of
      hot module replacement.
[2025-09-24 16:16:12.797] WARNING - Duplicate atom key "muiTheme". This is a FATAL ERROR in
      production. But it is safe to ignore this warning if it occurred because of
      hot module replacement.
[2025-09-24 16:16:12.798] WARNING - Duplicate atom key "muiTheme". This is a FATAL ERROR in
      production. But it is safe to ignore this warning if it occurred because of
      hot module replacement.
[2025-09-24 16:16:12.799] WARNING - Duplicate atom key "appLinksFooter". This is a FATAL ERROR in
      production. But it is safe to ignore this warning if it occurred because of
      hot module replacement.
[2025-09-24 16:16:12.800] WARNING - Duplicate atom key "appLinksFooter". This is a FATAL ERROR in
      production. But it is safe to ignore this warning if it occurred because of
      hot module replacement.
[2025-09-24 16:16:12.800] WARNING - Duplicate atom key "currentUserId2". This is a FATAL ERROR in
      production. But it is safe to ignore this warning if it occurred because of
      hot module replacement.
[2025-09-24 16:16:12.801] WARNING - Duplicate atom key "currentUserId2". This is a FATAL ERROR in
      production. But it is safe to ignore this warning if it occurred because of
      hot module replacement.
[2025-09-24 16:16:12.802] WARNING - Duplicate atom key "onboardingInProgress". This is a FATAL ERROR in
      production. But it is safe to ignore this warning if it occurred because of
      hot module replacement.
[2025-09-24 16:16:12.803] WARNING - Duplicate atom key "onboardingInProgress". This is a FATAL ERROR in
      production. But it is safe to ignore this warning if it occurred because of
      hot module replacement.
[2025-09-24 16:16:12.804] WARNING - Duplicate atom key "editing". This is a FATAL ERROR in
      production. But it is safe to ignore this warning if it occurred because of
      hot module replacement.
[2025-09-24 16:16:12.805] WARNING - Duplicate atom key "editing". This is a FATAL ERROR in
      production. But it is safe to ignore this warning if it occurred because of
      hot module replacement.
[2025-09-24 16:16:12.806] WARNING - Duplicate atom key "infoMessage". This is a FATAL ERROR in
      production. But it is safe to ignore this warning if it occurred because of
      hot module replacement.
[2025-09-24 16:16:12.807] WARNING - Duplicate atom key "infoMessage". This is a FATAL ERROR in
      production. But it is safe to ignore this warning if it occurred because of
      hot module replacement.
[2025-09-24 16:16:12.808] WARNING - Duplicate atom key "browserWarning". This is a FATAL ERROR in
      production. But it is safe to ignore this warning if it occurred because of
      hot module replacement.
[2025-09-24 16:16:12.809] WARNING - Duplicate atom key "browserWarning". This is a FATAL ERROR in
      production. But it is safe to ignore this warning if it occurred because of
      hot module replacement.
[2025-09-24 16:16:12.810] WARNING - Duplicate atom key "clockWarning". This is a FATAL ERROR in
      production. But it is safe to ignore this warning if it occurred because of
      hot module replacement.
[2025-09-24 16:16:12.811] WARNING - Duplicate atom key "clockWarning". This is a FATAL ERROR in
      production. But it is safe to ignore this warning if it occurred because of
      hot module replacement.
[2025-09-24 16:16:12.812] WARNING - Duplicate atom key "breakpoint". This is a FATAL ERROR in
      production. But it is safe to ignore this warning if it occurred because of
      hot module replacement.
[2025-09-24 16:16:12.813] WARNING - Duplicate atom key "breakpoint". This is a FATAL ERROR in
      production. But it is safe to ignore this warning if it occurred because of
      hot module replacement.
[2025-09-24 16:16:12.814] WARNING - Duplicate atom key "inMobileRange". This is a FATAL ERROR in
      production. But it is safe to ignore this warning if it occurred because of
      hot module replacement.
[2025-09-24 16:16:12.815] WARNING - Duplicate atom key "inMobileRange". This is a FATAL ERROR in
      production. But it is safe to ignore this warning if it occurred because of
      hot module replacement.
[2025-09-24 16:16:12.816] WARNING - Duplicate atom key "gridSpacing". This is a FATAL ERROR in
      production. But it is safe to ignore this warning if it occurred because of
      hot module replacement.
[2025-09-24 16:16:12.817] WARNING - Duplicate atom key "gridSpacing". This is a FATAL ERROR in
      production. But it is safe to ignore this warning if it occurred because of
      hot module replacement.
[2025-09-24 16:16:12.817] WARNING - Duplicate atom key "login". This is a FATAL ERROR in
      production. But it is safe to ignore this warning if it occurred because of
      hot module replacement.
[2025-09-24 16:16:12.818] WARNING - Duplicate atom key "login". This is a FATAL ERROR in
      production. But it is safe to ignore this warning if it occurred because of
      hot module replacement.
[2025-09-24 16:16:12.818] WARNING - Duplicate atom key "error". This is a FATAL ERROR in
      production. But it is safe to ignore this warning if it occurred because of
      hot module replacement.
[2025-09-24 16:16:12.818] WARNING - Duplicate atom key "error". This is a FATAL ERROR in
      production. But it is safe to ignore this warning if it occurred because of
      hot module replacement.
[2025-09-24 16:16:12.818] WARNING - Duplicate atom key "contactInfos2". This is a FATAL ERROR in
      production. But it is safe to ignore this warning if it occurred because of
      hot module replacement.
[2025-09-24 16:16:12.818] WARNING - Duplicate atom key "contactInfos2". This is a FATAL ERROR in
      production. But it is safe to ignore this warning if it occurred because of
      hot module replacement.
[2025-09-24 16:16:12.818] WARNING - Duplicate atom key "individualApplicantsTimestamp". This is a FATAL ERROR in
      production. But it is safe to ignore this warning if it occurred because of
      hot module replacement.
[2025-09-24 16:16:12.818] WARNING - Duplicate atom key "individualApplicantsTimestamp". This is a FATAL ERROR in
      production. But it is safe to ignore this warning if it occurred because of
      hot module replacement.
[2025-09-24 16:16:12.818] WARNING - Duplicate atom key "customerApplication". This is a FATAL ERROR in
      production. But it is safe to ignore this warning if it occurred because of
      hot module replacement.
[2025-09-24 16:16:12.819] WARNING - Duplicate atom key "customerApplication". This is a FATAL ERROR in
      production. But it is safe to ignore this warning if it occurred because of
      hot module replacement.
[2025-09-24 16:16:12.819] WARNING - Duplicate atom key "individualApplicants". This is a FATAL ERROR in
      production. But it is safe to ignore this warning if it occurred because of
      hot module replacement.
[2025-09-24 16:16:12.819] WARNING - Duplicate atom key "individualApplicants". This is a FATAL ERROR in
      production. But it is safe to ignore this warning if it occurred because of
      hot module replacement.
[2025-09-24 16:16:12.819] WARNING - Duplicate atom key "clearingHouses". This is a FATAL ERROR in
      production. But it is safe to ignore this warning if it occurred because of
      hot module replacement.
[2025-09-24 16:16:12.819] WARNING - Duplicate atom key "clearingHouses". This is a FATAL ERROR in
      production. But it is safe to ignore this warning if it occurred because of
      hot module replacement.
[2025-09-24 16:16:12.819] WARNING - Duplicate atom key "clearXClearingHouse". This is a FATAL ERROR in
      production. But it is safe to ignore this warning if it occurred because of
      hot module replacement.
[2025-09-24 16:16:12.819] WARNING - Duplicate atom key "clearXClearingHouse". This is a FATAL ERROR in
      production. But it is safe to ignore this warning if it occurred because of
      hot module replacement.
[2025-09-24 16:16:12.819] WARNING - Duplicate atom key "applicationClearingHouse". This is a FATAL ERROR in
      production. But it is safe to ignore this warning if it occurred because of
      hot module replacement.
[2025-09-24 16:16:12.820] WARNING - Duplicate atom key "applicationClearingHouse". This is a FATAL ERROR in
      production. But it is safe to ignore this warning if it occurred because of
      hot module replacement.
[2025-09-24 16:16:12.820] WARNING - Duplicate atom key "userLocation". This is a FATAL ERROR in
      production. But it is safe to ignore this warning if it occurred because of
      hot module replacement.
[2025-09-24 16:16:12.820] WARNING - Duplicate atom key "userLocation". This is a FATAL ERROR in
      production. But it is safe to ignore this warning if it occurred because of
      hot module replacement.
[2025-09-24 16:16:12.820] WARNING - Duplicate atom key "savedApplicationsTimestamp". This is a FATAL ERROR in
      production. But it is safe to ignore this warning if it occurred because of
      hot module replacement.
[2025-09-24 16:16:12.820] WARNING - Duplicate atom key "savedApplicationsTimestamp". This is a FATAL ERROR in
      production. But it is safe to ignore this warning if it occurred because of
      hot module replacement.
[2025-09-24 16:16:12.820] WARNING - Duplicate atom key "savedApplications". This is a FATAL ERROR in
      production. But it is safe to ignore this warning if it occurred because of
      hot module replacement.
[2025-09-24 16:16:12.820] WARNING - Duplicate atom key "savedApplications". This is a FATAL ERROR in
      production. But it is safe to ignore this warning if it occurred because of
      hot module replacement.
[2025-09-24 16:16:12.820] WARNING - Duplicate atom key "step". This is a FATAL ERROR in
      production. But it is safe to ignore this warning if it occurred because of
      hot module replacement.
[2025-09-24 16:16:12.821] WARNING - Duplicate atom key "step". This is a FATAL ERROR in
      production. But it is safe to ignore this warning if it occurred because of
      hot module replacement.
[2025-09-24 16:16:12.821] WARNING - Duplicate atom key "checkStates". This is a FATAL ERROR in
      production. But it is safe to ignore this warning if it occurred because of
      hot module replacement.
[2025-09-24 16:16:12.821] WARNING - Duplicate atom key "checkStates". This is a FATAL ERROR in
      production. But it is safe to ignore this warning if it occurred because of
      hot module replacement.
[2025-09-24 16:16:12.821] WARNING - Duplicate atom key "signStates". This is a FATAL ERROR in
      production. But it is safe to ignore this warning if it occurred because of
      hot module replacement.
[2025-09-24 16:16:12.821] WARNING - Duplicate atom key "signStates". This is a FATAL ERROR in
      production. But it is safe to ignore this warning if it occurred because of
      hot module replacement.
[2025-09-24 16:16:12.821] WARNING - Duplicate atom key "wizard". This is a FATAL ERROR in
      production. But it is safe to ignore this warning if it occurred because of
      hot module replacement.
[2025-09-24 16:16:12.822] WARNING - Duplicate atom key "wizard". This is a FATAL ERROR in
      production. But it is safe to ignore this warning if it occurred because of
      hot module replacement.
[2025-09-24 16:16:12.822] WARNING - Duplicate atom key "formBuilder". This is a FATAL ERROR in
      production. But it is safe to ignore this warning if it occurred because of
      hot module replacement.
[2025-09-24 16:16:12.822] WARNING - Duplicate atom key "formBuilder". This is a FATAL ERROR in
      production. But it is safe to ignore this warning if it occurred because of
      hot module replacement.
[2025-09-24 16:16:12.823] WARNING - Duplicate atom key "headerSlot". This is a FATAL ERROR in
      production. But it is safe to ignore this warning if it occurred because of
      hot module replacement.
[2025-09-24 16:16:12.823] WARNING - Duplicate atom key "headerSlot". This is a FATAL ERROR in
      production. But it is safe to ignore this warning if it occurred because of
      hot module replacement.
[2025-09-24 16:16:12.823] WARNING - Duplicate atom key "footerSlot". This is a FATAL ERROR in
      production. But it is safe to ignore this warning if it occurred because of
      hot module replacement.
[2025-09-24 16:16:12.823] WARNING - Duplicate atom key "footerSlot". This is a FATAL ERROR in
      production. But it is safe to ignore this warning if it occurred because of
      hot module replacement.
[2025-09-24 16:16:12.824] WARNING - Duplicate atom key "alloyJourneyToken". This is a FATAL ERROR in
      production. But it is safe to ignore this warning if it occurred because of
      hot module replacement.
[2025-09-24 16:16:12.824] WARNING - Duplicate atom key "alloyJourneyToken". This is a FATAL ERROR in
      production. But it is safe to ignore this warning if it occurred because of
      hot module replacement.
[2025-09-24 16:16:12.824] DEBUG - [bugsnag] Loaded!
[2025-09-24 16:16:12.824] DEBUG - [bugsnag] Loaded!
[2025-09-24 16:16:12.829] INFO - Version 3.250919.0 prod production 
[2025-09-24 16:16:12.830] INFO - Version 3.250919.0 prod production 
[2025-09-24 16:16:12.830] INFO - Time: Wed Sep 24 2025 16:16:12 GMT-0500 (Central Daylight Time)
[2025-09-24 16:16:12.830] INFO - Time:
[2025-09-24 16:16:12.892] LOG - 21:16:12.891Z Try to restore session
[2025-09-24 16:16:12.893] LOG - 21:16:12.891Z Try to restore session
[2025-09-24 16:16:12.893] LOG - 21:16:12.892Z Access token will be renewed in 75 minutes; expired: Wed Sep 24 2025 17:36:10 GMT-0500 (Central Daylight Time), now: Wed Sep 24 2025 16:16:12 GMT-0500 (Central Daylight Time)
[2025-09-24 16:16:12.894] LOG - 21:16:12.892Z Access token will be renewed in 75 minutes; expired: Wed Sep 24 2025 17:36:10 GMT-0500 (Central Daylight Time), now: Wed Sep 24 2025 16:16:12 GMT-0500 (Central Daylight Time)
[2025-09-24 16:16:12.906] WARNING - 21:16:12.905Z [LaunchDarkly] The waitForInitialization function was called without a timeout specified. In a future version a default timeout will be applied.
[2025-09-24 16:16:12.907] WARNING - 21:16:12.905Z [LaunchDarkly] The waitForInitialization function was called without a timeout specified. In a future version a default timeout will be applied.
[2025-09-24 16:16:12.920] INFO - 21:16:12.919Z chart cache state: islands=8, bars=4070
[2025-09-24 16:16:12.921] INFO - 21:16:12.919Z chart cache state: islands=8, bars=4070
[2025-09-24 16:16:12.921] INFO - 21:16:12.920Z Chart history database initialized
[2025-09-24 16:16:12.922] INFO - 21:16:12.920Z Chart history database initialized
[2025-09-24 16:16:12.922] INFO - 21:16:12.920Z [LaunchDarkly] LaunchDarkly client initialized
[2025-09-24 16:16:12.923] INFO - 21:16:12.920Z [LaunchDarkly] LaunchDarkly client initialized
[2025-09-24 16:16:12.923] INFO - 21:16:12.920Z [LaunchDarkly] Opening stream connection to https://clientstream.launchdarkly.com/eval/66cdf5b9cf61891061b4e437/eyJraW5kIjoidXNlciIsImtleSI6InVua25vd24iLCJhbm9ueW1vdXMiOmZhbHNlfQ
[2025-09-24 16:16:12.923] INFO - 21:16:12.920Z [LaunchDarkly] Opening stream connection to https://clientstream.launchdarkly.com/eval/66cdf5b9cf61891061b4e437/eyJraW5kIjoidXNlciIsImtleSI6InVua25vd24iLCJhbm9ueW1vdXMiOmZhbHNlfQ
[2025-09-24 16:16:13.314] INFO - 21:16:13.311Z [LaunchDarkly] Closing stream connection
[2025-09-24 16:16:13.314] INFO - 21:16:13.311Z [LaunchDarkly] Closing stream connection
[2025-09-24 16:16:13.314] INFO - 21:16:13.312Z [LaunchDarkly] Opening stream connection to https://clientstream.launchdarkly.com/eval/66cdf5b9cf61891061b4e437/eyJraW5kIjoidXNlciIsImtleSI6IjM2NTUwNTkiLCJkZXZpY2UiOiJkZXNrdG9wIiwidXNlcklkIjozNjU1MDU5LCJpcENvdW50cnkiOiIiLCJvcmdOYW1lIjoiVERWIiwibmFtZSI6IlN0b25rejkyMjI0IiwibGFuZGluZ1BhcmFtcyI6IiJ9
[2025-09-24 16:16:13.315] INFO - 21:16:13.312Z [LaunchDarkly] Opening stream connection to https://clientstream.launchdarkly.com/eval/66cdf5b9cf61891061b4e437/eyJraW5kIjoidXNlciIsImtleSI6IjM2NTUwNTkiLCJkZXZpY2UiOiJkZXNrdG9wIiwidXNlcklkIjozNjU1MDU5LCJpcENvdW50cnkiOiIiLCJvcmdOYW1lIjoiVERWIiwibmFtZSI6IlN0b25rejkyMjI0IiwibGFuZGluZ1BhcmFtcyI6IiJ9
[2025-09-24 16:16:13.417] INFO - 21:16:13.415Z [LaunchDarkly] Closing stream connection
[2025-09-24 16:16:13.418] INFO - 21:16:13.415Z [LaunchDarkly] Closing stream connection
[2025-09-24 16:16:13.418] INFO - 21:16:13.416Z [LaunchDarkly] Opening stream connection to https://clientstream.launchdarkly.com/eval/66cdf5b9cf61891061b4e437/eyJraW5kIjoidXNlciIsImtleSI6IjM2NTUwNTkiLCJkZXZpY2UiOiJkZXNrdG9wIiwidXNlcklkIjozNjU1MDU5LCJpcENvdW50cnkiOiJVUyIsIm9yZ05hbWUiOiJURFYiLCJuYW1lIjoiU3Rvbmt6OTIyMjQiLCJsYW5kaW5nUGFyYW1zIjoiIn0
[2025-09-24 16:16:13.418] INFO - 21:16:13.416Z [LaunchDarkly] Opening stream connection to https://clientstream.launchdarkly.com/eval/66cdf5b9cf61891061b4e437/eyJraW5kIjoidXNlciIsImtleSI6IjM2NTUwNTkiLCJkZXZpY2UiOiJkZXNrdG9wIiwidXNlcklkIjozNjU1MDU5LCJpcENvdW50cnkiOiJVUyIsIm9yZ05hbWUiOiJURFYiLCJuYW1lIjoiU3Rvbmt6OTIyMjQiLCJsYW5kaW5nUGFyYW1zIjoiIn0
[2025-09-24 16:16:14.143] LOG - 21:16:14.139Z opening https://demo.tradovateapi.com/
[2025-09-24 16:16:14.143] LOG - 21:16:14.139Z opening https://demo.tradovateapi.com/
[2025-09-24 16:16:14.147] LOG - 21:16:14.146Z Hotkeys initialized {"Shift+Digit1":["orders/selectColumns"],"Shift+Digit2":["orders/showFilters"],"Shift+Digit3":["orders/standardTableView"],"Shift+Digit4":["orders/linkedOrdersView"],"Command+Shift+Digit0":["dom-chart/exit-and-cancel"]}
[2025-09-24 16:16:14.148] LOG - 21:16:14.146Z Hotkeys initialized {"Shift+Digit1":["orders/selectColumns"],"Shift+Digit2":["orders/showFilters"],"Shift+Digit3":["orders/standardTableView"],"Shift+Digit4":["orders/linkedOrdersView"],"Command+Shift+Digit0":["dom-chart/exit-and-cancel"]}
[2025-09-24 16:16:14.217] LOG - 21:16:14.217Z websocket opened
[2025-09-24 16:16:14.218] LOG - 21:16:14.217Z websocket opened
[2025-09-24 16:16:14.392] LOG - 21:16:14.388Z opening https://md-demo.tradovateapi.com/
[2025-09-24 16:16:14.392] LOG - 21:16:14.388Z opening https://md-demo.tradovateapi.com/
[2025-09-24 16:16:14.392] LOG - 21:16:14.389Z Connection:  open
[2025-09-24 16:16:14.393] LOG - 21:16:14.389Z Connection:  open
[2025-09-24 16:16:14.448] LOG - 21:16:14.445Z WebGL:  {"isWebGL2":true,"precision":"highp","logarithmicDepthBuffer":false,"maxTextures":16,"maxVertexTextures":16,"maxTextureSize":16384,"maxCubemapSize":16384,"maxAttributes":16,"maxVertexUniforms":1024,"maxVaryings":30,"maxFragmentUniforms":1024,"vertexTextures":true,"floatFragmentTextures":true,"floatVertexTextures":true,"maxSamples":8} , devicePixelRatio:  2
[2025-09-24 16:16:14.452] LOG - 21:16:14.445Z Canvas size: 1119 991 dpp:  2
[2025-09-24 16:16:14.487] LOG - 21:16:14.459Z Loading App-level Plugins
[2025-09-24 16:16:14.488] LOG - 21:16:14.459Z Loading App-level Plugins
[2025-09-24 16:16:14.488] LOG - 21:16:14.473Z WebGL:  {"isWebGL2":true,"precision":"highp","logarithmicDepthBuffer":false,"maxTextures":16,"maxVertexTextures":16,"maxTextureSize":16384,"maxCubemapSize":16384,"maxAttributes":16,"maxVertexUniforms":1024,"maxVaryings":30,"maxFragmentUniforms":1024,"vertexTextures":true,"floatFragmentTextures":true,"floatVertexTextures":true,"maxSamples":8} , devicePixelRatio:  2
[2025-09-24 16:16:14.490] LOG - 21:16:14.474Z Canvas size: 1119 991 dpp:  2
[2025-09-24 16:16:14.584] LOG - 21:16:14.543Z websocket opened
[2025-09-24 16:16:14.584] LOG - 21:16:14.543Z websocket opened
[2025-09-24 16:16:14.637] LOG - 21:16:14.635Z loadAppLevelPlugins:  [object Object]
[2025-09-24 16:16:14.638] LOG - 21:16:14.635Z loadAppLevelPlugins: 
[2025-09-24 16:16:14.639] LOG - 21:16:14.636Z sync to remote accountGroups
[2025-09-24 16:16:14.639] LOG - 21:16:14.636Z sync to remote accountGroups
[2025-09-24 16:16:15.483] LOG - 21:16:15.481Z jailing is in progress
[2025-09-24 16:16:15.483] LOG - 21:16:15.481Z jailing is in progress
[2025-09-24 16:16:15.511] LOG - 21:16:15.500Z created chart 1
[2025-09-24 16:16:15.955] LOG - 21:16:15.954Z requestChart: {"symbol":"3267312","chartDescription":{"underlyingType":"Tick","elementSize":5000,"elementSizeUnit":"UnderlyingUnits","withHistogram":false},"timeRange":{"asMuchAsElements":300}}
[2025-09-24 16:16:15.956] LOG - 21:16:15.954Z requestChart: {"symbol":"3267312","chartDescription":{"underlyingType":"Tick","elementSize":5000,"elementSizeUnit":"UnderlyingUnits","withHistogram":false},"timeRange":{"asMuchAsElements":300}}
[2025-09-24 16:16:15.956] LOG - 21:16:15.955Z mdMgApi open
[2025-09-24 16:16:15.956] LOG - 21:16:15.955Z mdMgApi open
[2025-09-24 16:16:15.957] LOG - 21:16:15.956Z pending jailing done. next starts
[2025-09-24 16:16:15.957] LOG - 21:16:15.956Z pending jailing done. next starts
[2025-09-24 16:16:17.043] LOG - 21:16:17.042Z updating the shared isolation
[2025-09-24 16:16:17.043] LOG - 21:16:17.042Z updating the shared isolation
[2025-09-24 16:16:17.376] LOG - 21:16:17.375Z updating the shared isolation
[2025-09-24 16:16:17.376] LOG - 21:16:17.375Z updating the shared isolation
[2025-09-24 16:16:19.765] LOG - 21:16:19.762Z Auto Order script initialized - AUTOMATIC HOT RELOAD SUCCESS!
[2025-09-24 16:16:19.765] LOG - 21:16:19.762Z Auto Order script initialized - AUTOMATIC HOT RELOAD SUCCESS!
[2025-09-24 16:16:19.765] LOG - 21:16:19.763Z Creating UI...
[2025-09-24 16:16:19.766] LOG - 21:16:19.763Z Creating UI...
[2025-09-24 16:16:19.766] LOG - 21:16:19.764Z Creating UI
[2025-09-24 16:16:19.766] LOG - 21:16:19.764Z Creating UI
[2025-09-24 16:16:19.766] LOG - 21:16:19.764Z Stored values: TP=53, SL=15, Qty=10, Tick=0.25, Symbol=NQ
[2025-09-24 16:16:19.767] LOG - 21:16:19.764Z Stored values: TP=53, SL=15, Qty=10, Tick=0.25, Symbol=NQ
[2025-09-24 16:16:19.768] LOG - 21:16:19.766Z UI container added to DOM
[2025-09-24 16:16:19.768] LOG - 21:16:19.766Z UI container added to DOM
[2025-09-24 16:16:19.769] LOG - 21:16:19.766Z Setting up UI event handlers
[2025-09-24 16:16:19.770] LOG - 21:16:19.766Z Setting up UI event handlers
[2025-09-24 16:16:19.770] LOG - 21:16:19.766Z Setting up persistent settings
[2025-09-24 16:16:19.771] LOG - 21:16:19.766Z Setting up persistent settings
[2025-09-24 16:16:19.772] LOG - 21:16:19.766Z Setting up drag functionality
[2025-09-24 16:16:19.772] LOG - 21:16:19.766Z Setting up drag functionality
[2025-09-24 16:16:19.773] LOG - 21:16:19.766Z Setting up trade buttons
[2025-09-24 16:16:19.773] LOG - 21:16:19.766Z Setting up trade buttons
[2025-09-24 16:16:19.773] LOG - 21:16:19.766Z UI creation complete
[2025-09-24 16:16:19.773] LOG - 21:16:19.766Z UI creation complete
[2025-09-24 16:16:19.773] LOG - 21:16:19.766Z Creating example front-quarter symbol
[2025-09-24 16:16:19.773] LOG - 21:16:19.766Z Creating example front-quarter symbol
[2025-09-24 16:16:19.773] LOG - 21:16:19.766Z getQuarterlyCode called with date: 2025-09-24T21:16:19.766Z
[2025-09-24 16:16:19.773] LOG - 21:16:19.766Z getQuarterlyCode called with date: 2025-09-24T21:16:19.766Z
[2025-09-24 16:16:19.774] LOG - 21:16:19.767Z Current month index: 8
[2025-09-24 16:16:19.774] LOG - 21:16:19.767Z Current month index: 8
[2025-09-24 16:16:19.774] LOG - 21:16:19.767Z Starting calculation with year=2025, month=8
[2025-09-24 16:16:19.774] LOG - 21:16:19.767Z Starting calculation with year=2025, month=8
[2025-09-24 16:16:19.774] LOG - 21:16:19.767Z Calculated quarterly code: letter=Z, yearDigit=5
[2025-09-24 16:16:19.774] LOG - 21:16:19.767Z Calculated quarterly code: letter=Z, yearDigit=5
[2025-09-24 16:16:19.774] LOG - 21:16:19.767Z Example front-quarter symbol created: NQZ5
[2025-09-24 16:16:19.775] LOG - 21:16:19.767Z Example front-quarter symbol created: NQZ5
[2025-09-24 16:16:19.786] LOG - 21:16:19.785Z Auto Risk Management: Running initial risk assessment...
[2025-09-24 16:16:19.787] LOG - 21:16:19.785Z Auto Risk Management: Running initial risk assessment...
[2025-09-24 16:16:19.788] LOG - 21:16:19.786Z [analyzePhase] resetting phaseData
[2025-09-24 16:16:19.788] LOG - 21:16:19.786Z [analyzePhase] resetting phaseData
[2025-09-24 16:16:19.789] LOG - 21:16:19.786Z [analyzePhase] set phase 1 maxActive to 1
[2025-09-24 16:16:19.790] LOG - 21:16:19.786Z [analyzePhase] set phase 1 maxActive to 1
[2025-09-24 16:16:19.790] LOG - 21:16:19.786Z [analyzePhase] increased phase 2 maxActive to 1
[2025-09-24 16:16:19.791] LOG - 21:16:19.786Z [analyzePhase] increased phase 2 maxActive to 1
[2025-09-24 16:16:19.792] LOG - 21:16:19.787Z [updateUserColumnPhaseStatus] Starting...
[2025-09-24 16:16:19.792] LOG - 21:16:19.787Z [updateUserColumnPhaseStatus] Starting...
[2025-09-24 16:16:19.793] LOG - 21:16:19.787Z [updateUserColumnPhaseStatus] Found 4 rows
[2025-09-24 16:16:19.793] LOG - 21:16:19.787Z [updateUserColumnPhaseStatus] Found 4 rows
[2025-09-24 16:16:19.794] LOG - 21:16:19.787Z [updateUserColumnPhaseStatus] Header cells: Account ▲,Total Available Margin,User,Dist Drawdown Net Liq,Dollar Open P L,Dollar Total P L
[2025-09-24 16:16:19.795] LOG - 21:16:19.787Z [updateUserColumnPhaseStatus] Header cells:
[2025-09-24 16:16:19.795] LOG - 21:16:19.787Z [updateUserColumnPhaseStatus] Found User column at index 2
[2025-09-24 16:16:19.795] LOG - 21:16:19.787Z [updateUserColumnPhaseStatus] Found User column at index 2
[2025-09-24 16:16:19.795] LOG - 21:16:19.788Z [updateUserColumnPhaseStatus] Getting table data...
[2025-09-24 16:16:19.795] LOG - 21:16:19.788Z [updateUserColumnPhaseStatus] Getting table data...
[2025-09-24 16:16:19.795] LOG - 21:16:19.788Z [analyzePhase] resetting phaseData
[2025-09-24 16:16:19.796] LOG - 21:16:19.788Z [analyzePhase] resetting phaseData
[2025-09-24 16:16:19.796] LOG - 21:16:19.788Z [analyzePhase] set phase 1 maxActive to 1
[2025-09-24 16:16:19.796] LOG - 21:16:19.788Z [analyzePhase] set phase 1 maxActive to 1
[2025-09-24 16:16:19.796] LOG - 21:16:19.788Z [analyzePhase] increased phase 2 maxActive to 1
[2025-09-24 16:16:19.796] LOG - 21:16:19.788Z [analyzePhase] increased phase 2 maxActive to 1
[2025-09-24 16:16:19.796] LOG - 21:16:19.788Z [updateUserColumnPhaseStatus] Table data: 3 rows
[2025-09-24 16:16:19.796] LOG - 21:16:19.788Z [updateUserColumnPhaseStatus] Table data: 3 rows
[2025-09-24 16:16:19.797] LOG - 21:16:19.788Z [updateUserColumnPhaseStatus] First data row has 6 cells, we need index 2
[2025-09-24 16:16:19.797] LOG - 21:16:19.788Z [updateUserColumnPhaseStatus] First data row has 6 cells, we need index 2
[2025-09-24 16:16:19.797] LOG - 21:16:19.788Z [updateUserColumnPhaseStatus] Setting row 1 (DEMO3655059) phase=Unknown, active=false
[2025-09-24 16:16:19.797] LOG - 21:16:19.788Z [updateUserColumnPhaseStatus] Setting row 1 (DEMO3655059) phase=Unknown, active=false
[2025-09-24 16:16:19.797] LOG - 21:16:19.788Z [updateUserColumnPhaseStatus] Setting row 2 (DEMO3655059-1) phase=2, active=true
[2025-09-24 16:16:19.797] LOG - 21:16:19.788Z [updateUserColumnPhaseStatus] Setting row 2 (DEMO3655059-1) phase=2, active=true
[2025-09-24 16:16:19.797] LOG - 21:16:19.789Z [updateUserColumnPhaseStatus] Setting row 3 (DEMO3655059-2) phase=2, active=false
[2025-09-24 16:16:19.797] LOG - 21:16:19.789Z [updateUserColumnPhaseStatus] Setting row 3 (DEMO3655059-2) phase=2, active=false
[2025-09-24 16:16:19.798] LOG - 21:16:19.789Z [updateUserColumnPhaseStatus] Completed
[2025-09-24 16:16:19.798] LOG - 21:16:19.789Z [updateUserColumnPhaseStatus] Completed
[2025-09-24 16:16:19.811] warning - The AudioContext was not allowed to start. It must be resumed (or created) after a user gesture on the page. https://developer.chrome.com/blog/autoplay/#web_audio
[2025-09-24 16:16:19.811] LOG - 21:16:19.799Z Auto Risk Management: Initial risk assessment completed
[2025-09-24 16:16:19.811] LOG - 21:16:19.799Z Auto Risk Management: Initial risk assessment completed
[2025-09-24 16:16:20.817] LOG - 21:16:20.815Z Executing initial risk management assessment...
[2025-09-24 16:16:20.818] LOG - 21:16:20.815Z Executing initial risk management assessment...
[2025-09-24 16:16:20.818] ERROR - 21:16:20.816Z getTableData function not found
[2025-09-24 16:16:20.818] ERROR - 21:16:20.816Z getTableData function not found
[2025-09-24 16:16:20.820] ERROR - 21:16:20.818Z updateUserColumnPhaseStatus function not found
[2025-09-24 16:16:20.821] ERROR - 21:16:20.818Z updateUserColumnPhaseStatus function not found
[2025-09-24 16:16:20.823] ERROR - 21:16:20.819Z performAccountActions function not found
[2025-09-24 16:16:20.823] ERROR - 21:16:20.819Z performAccountActions function not found
[2025-09-24 16:16:20.824] LOG - 21:16:20.819Z Risk management assessment completed
[2025-09-24 16:16:20.825] LOG - 21:16:20.819Z Risk management assessment completed
[2025-09-24 16:16:20.858] LOG - 21:16:20.858Z [analyzePhase] resetting phaseData
[2025-09-24 16:16:20.859] LOG - 21:16:20.858Z [analyzePhase] resetting phaseData
[2025-09-24 16:16:20.859] LOG - 21:16:20.858Z [analyzePhase] set phase 1 maxActive to 1
[2025-09-24 16:16:20.860] LOG - 21:16:20.858Z [analyzePhase] set phase 1 maxActive to 1
[2025-09-24 16:16:20.861] LOG - 21:16:20.858Z [analyzePhase] increased phase 2 maxActive to 1
[2025-09-24 16:16:20.861] LOG - 21:16:20.858Z [analyzePhase] increased phase 2 maxActive to 1
[2025-09-24 16:16:21.362] LOG - 21:16:21.359Z [analyzePhase] resetting phaseData
[2025-09-24 16:16:21.363] LOG - 21:16:21.359Z [analyzePhase] resetting phaseData
[2025-09-24 16:16:21.364] LOG - 21:16:21.360Z [analyzePhase] set phase 1 maxActive to 1
[2025-09-24 16:16:21.365] LOG - 21:16:21.360Z [analyzePhase] set phase 1 maxActive to 1
[2025-09-24 16:16:21.365] LOG - 21:16:21.360Z [analyzePhase] increased phase 2 maxActive to 1
[2025-09-24 16:16:21.366] LOG - 21:16:21.360Z [analyzePhase] increased phase 2 maxActive to 1
[2025-09-24 16:16:21.366] LOG - 21:16:21.361Z Set DEMO3655059-1 qty to 10
[2025-09-24 16:16:21.367] LOG - 21:16:21.361Z [analyzePhase] resetting phaseData
[2025-09-24 16:16:21.368] LOG - 21:16:21.361Z [analyzePhase] resetting phaseData
[2025-09-24 16:16:21.368] LOG - 21:16:21.361Z [analyzePhase] set phase 1 maxActive to 1
[2025-09-24 16:16:21.368] LOG - 21:16:21.361Z [analyzePhase] set phase 1 maxActive to 1
[2025-09-24 16:16:21.368] LOG - 21:16:21.362Z [analyzePhase] increased phase 2 maxActive to 1
[2025-09-24 16:16:21.368] LOG - 21:16:21.362Z [analyzePhase] increased phase 2 maxActive to 1
[2025-09-24 16:16:22.920] LOG - 21:16:22.918Z Updated master quantity to 10
[2025-09-24 16:16:22.922] LOG - 21:16:22.918Z Quantity input changed to: 10
[2025-09-24 16:16:22.922] LOG - 21:16:22.918Z Quantity input changed to: 10
[2025-09-24 16:16:22.922] LOG - 21:16:22.919Z Updated bracket trade quantity to 10
[2025-09-24 16:16:29.459] LOG - 21:16:29.457Z Quantity input changed to: 1
[2025-09-24 16:16:29.460] LOG - 21:16:29.457Z Quantity input changed to: 1
[2025-09-24 16:16:29.460] LOG - 21:16:29.458Z TP input changed to: 6
[2025-09-24 16:16:29.461] LOG - 21:16:29.458Z TP input changed to: 6
[2025-09-24 16:16:29.462] LOG - 21:16:29.458Z SL input changed to: 2
[2025-09-24 16:16:29.463] LOG - 21:16:29.458Z SL input changed to: 2
[2025-09-24 16:16:29.464] LOG - 21:16:29.458Z Calculated TP: 7 (SL × 3.5)
[2025-09-24 16:16:29.465] LOG - 21:16:29.458Z Calculated TP: 7 (SL × 3.5)
[2025-09-24 16:16:29.465] LOG - 21:16:29.458Z Tick size input changed to: 0.25
[2025-09-24 16:16:29.466] LOG - 21:16:29.458Z Tick size input changed to: 0.25
[2025-09-24 16:16:29.467] LOG - 21:16:29.459Z Trade control updates complete: [object Object]
[2025-09-24 16:16:29.467] LOG - 21:16:29.459Z Trade control updates complete:
[2025-09-24 16:16:29.665] LOG - 21:16:29.663Z Quantity input changed to: 1
[2025-09-24 16:16:29.666] LOG - 21:16:29.663Z Quantity input changed to: 1
[2025-09-24 16:16:29.667] LOG - 21:16:29.664Z TP input changed to: 60
[2025-09-24 16:16:29.667] LOG - 21:16:29.664Z TP input changed to: 60
[2025-09-24 16:16:29.668] LOG - 21:16:29.664Z SL input changed to: 20
[2025-09-24 16:16:29.670] LOG - 21:16:29.664Z SL input changed to: 20
[2025-09-24 16:16:29.671] LOG - 21:16:29.664Z Calculated TP: 70 (SL × 3.5)
[2025-09-24 16:16:29.672] LOG - 21:16:29.664Z Calculated TP: 70 (SL × 3.5)
[2025-09-24 16:16:29.673] LOG - 21:16:29.664Z Tick size input changed to: 0.25
[2025-09-24 16:16:29.673] LOG - 21:16:29.664Z Tick size input changed to: 0.25
[2025-09-24 16:16:29.674] LOG - 21:16:29.665Z Trade control updates complete: [object Object]
[2025-09-24 16:16:29.675] LOG - 21:16:29.665Z Trade control updates complete:
[2025-09-24 16:16:32.161] LOG - 21:16:32.160Z Quantity input changed to: 1
[2025-09-24 16:16:32.161] LOG - 21:16:32.160Z Quantity input changed to: 1
[2025-09-24 16:16:32.162] LOG - 21:16:32.160Z TP input changed to: 60
[2025-09-24 16:16:32.164] LOG - 21:16:32.160Z TP input changed to: 60
[2025-09-24 16:16:32.165] LOG - 21:16:32.160Z SL input changed to: 20
[2025-09-24 16:16:32.166] LOG - 21:16:32.160Z SL input changed to: 20
[2025-09-24 16:16:32.167] LOG - 21:16:32.160Z Calculated TP: 70 (SL × 3.5)
[2025-09-24 16:16:32.168] LOG - 21:16:32.160Z Calculated TP: 70 (SL × 3.5)
[2025-09-24 16:16:32.168] LOG - 21:16:32.160Z Tick size input changed to: 0.25
[2025-09-24 16:16:32.169] LOG - 21:16:32.160Z Tick size input changed to: 0.25
[2025-09-24 16:16:32.169] LOG - 21:16:32.161Z Trade control updates complete: [object Object]
[2025-09-24 16:16:32.169] LOG - 21:16:32.161Z Trade control updates complete:
[2025-09-24 16:17:12.932] INFO - 21:17:12.930Z time stats. avg diff: -87, min: -87, max: -87, roundtrip: 29 msec, #1
[2025-09-24 16:17:12.933] INFO - 21:17:12.930Z time stats. avg diff: -87, min: -87, max: -87, roundtrip: 29 msec, #1
[2025-09-24 16:18:14.494] LOG - 21:18:14.493Z WebGL:  {"geometries":67,"textures":1} 6 , devicePixelRatio:  2
[2025-09-24 16:19:43.266] LOG - 21:19:43.264Z Quantity input changed to: 1
[2025-09-24 16:19:43.267] LOG - 21:19:43.264Z Quantity input changed to: 1
[2025-09-24 16:19:43.270] LOG - 21:19:43.269Z TP input changed to: 3
[2025-09-24 16:19:43.271] LOG - 21:19:43.269Z TP input changed to: 3
[2025-09-24 16:19:43.272] LOG - 21:19:43.269Z SL input changed to: 1
[2025-09-24 16:19:43.273] LOG - 21:19:43.269Z SL input changed to: 1
[2025-09-24 16:19:43.274] LOG - 21:19:43.269Z Calculated TP: 4 (SL × 3.5)
[2025-09-24 16:19:43.274] LOG - 21:19:43.269Z Calculated TP: 4 (SL × 3.5)
[2025-09-24 16:19:43.275] LOG - 21:19:43.269Z Tick size input changed to: 0.25
[2025-09-24 16:19:43.277] LOG - 21:19:43.269Z Tick size input changed to: 0.25
[2025-09-24 16:19:43.278] LOG - 21:19:43.270Z Trade control updates complete: [object Object]
[2025-09-24 16:19:43.279] LOG - 21:19:43.270Z Trade control updates complete:
[2025-09-24 16:19:43.438] LOG - 21:19:43.437Z Quantity input changed to: 1
[2025-09-24 16:19:43.440] LOG - 21:19:43.437Z Quantity input changed to: 1
[2025-09-24 16:19:43.441] LOG - 21:19:43.437Z TP input changed to: 30
[2025-09-24 16:19:43.442] LOG - 21:19:43.437Z TP input changed to: 30
[2025-09-24 16:19:43.443] LOG - 21:19:43.438Z SL input changed to: 10
[2025-09-24 16:19:43.445] LOG - 21:19:43.438Z SL input changed to: 10
[2025-09-24 16:19:43.446] LOG - 21:19:43.438Z Calculated TP: 35 (SL × 3.5)
[2025-09-24 16:19:43.446] LOG - 21:19:43.438Z Calculated TP: 35 (SL × 3.5)
[2025-09-24 16:19:43.447] LOG - 21:19:43.438Z Tick size input changed to: 0.25
[2025-09-24 16:19:43.448] LOG - 21:19:43.438Z Tick size input changed to: 0.25
[2025-09-24 16:19:43.448] LOG - 21:19:43.438Z Trade control updates complete: [object Object]
[2025-09-24 16:19:43.449] LOG - 21:19:43.438Z Trade control updates complete:
[2025-09-24 16:19:44.736] LOG - 21:19:44.735Z Quantity input changed to: 1
[2025-09-24 16:19:44.736] LOG - 21:19:44.735Z Quantity input changed to: 1
[2025-09-24 16:19:44.737] LOG - 21:19:44.736Z TP input changed to: 30
[2025-09-24 16:19:44.738] LOG - 21:19:44.736Z TP input changed to: 30
[2025-09-24 16:19:44.738] LOG - 21:19:44.736Z SL input changed to: 10
[2025-09-24 16:19:44.739] LOG - 21:19:44.736Z SL input changed to: 10
[2025-09-24 16:19:44.741] LOG - 21:19:44.736Z Calculated TP: 35 (SL × 3.5)
[2025-09-24 16:19:44.743] LOG - 21:19:44.736Z Calculated TP: 35 (SL × 3.5)
[2025-09-24 16:19:44.744] LOG - 21:19:44.736Z Tick size input changed to: 0.25
[2025-09-24 16:19:44.745] LOG - 21:19:44.736Z Tick size input changed to: 0.25
[2025-09-24 16:19:44.745] LOG - 21:19:44.736Z Trade control updates complete: [object Object]
[2025-09-24 16:19:44.746] LOG - 21:19:44.736Z Trade control updates complete:
[2025-09-24 16:20:14.494] LOG - 21:20:14.492Z WebGL:  {"geometries":67,"textures":1} 6 , devicePixelRatio:  2
[2025-09-24 16:22:14.534] LOG - 21:22:14.532Z WebGL:  {"geometries":67,"textures":1} 6 , devicePixelRatio:  2
[2025-09-24 16:23:23.918] LOG - 21:23:23.915Z Quantity input changed to: 1
[2025-09-24 16:23:23.919] LOG - 21:23:23.915Z Quantity input changed to: 1
[2025-09-24 16:23:23.920] LOG - 21:23:23.919Z TP input changed to: 6
[2025-09-24 16:23:23.921] LOG - 21:23:23.919Z TP input changed to: 6
[2025-09-24 16:23:23.922] LOG - 21:23:23.920Z SL input changed to: 2
[2025-09-24 16:23:23.923] LOG - 21:23:23.920Z SL input changed to: 2
[2025-09-24 16:23:23.923] LOG - 21:23:23.920Z Calculated TP: 7 (SL × 3.5)
[2025-09-24 16:23:23.923] LOG - 21:23:23.920Z Calculated TP: 7 (SL × 3.5)
[2025-09-24 16:23:23.923] LOG - 21:23:23.920Z Tick size input changed to: 0.25
[2025-09-24 16:23:23.923] LOG - 21:23:23.920Z Tick size input changed to: 0.25
[2025-09-24 16:23:23.923] LOG - 21:23:23.920Z Trade control updates complete: [object Object]
[2025-09-24 16:23:23.924] LOG - 21:23:23.920Z Trade control updates complete:
[2025-09-24 16:23:24.020] LOG - 21:23:24.018Z Quantity input changed to: 1
[2025-09-24 16:23:24.026] LOG - 21:23:24.018Z Quantity input changed to: 1
[2025-09-24 16:23:24.027] LOG - 21:23:24.019Z TP input changed to: 60
[2025-09-24 16:23:24.027] LOG - 21:23:24.019Z TP input changed to: 60
[2025-09-24 16:23:24.028] LOG - 21:23:24.019Z SL input changed to: 20
[2025-09-24 16:23:24.028] LOG - 21:23:24.019Z SL input changed to: 20
[2025-09-24 16:23:24.028] LOG - 21:23:24.020Z Calculated TP: 70 (SL × 3.5)
[2025-09-24 16:23:24.028] LOG - 21:23:24.020Z Calculated TP: 70 (SL × 3.5)
[2025-09-24 16:23:24.029] LOG - 21:23:24.020Z Tick size input changed to: 0.25
[2025-09-24 16:23:24.029] LOG - 21:23:24.020Z Tick size input changed to: 0.25
[2025-09-24 16:23:24.029] LOG - 21:23:24.020Z Trade control updates complete: [object Object]
[2025-09-24 16:23:24.029] LOG - 21:23:24.020Z Trade control updates complete:
