[2025-09-27 09:17:07.643] LOG - 14:17:07.641Z Starting login process for: stonkz92224@gmail.com
[2025-09-27 09:17:07.644] LOG - 14:17:07.641Z Starting login process for: stonkz92224@gmail.com
[2025-09-27 09:17:07.645] LOG - 14:17:07.642Z Auto login function executing for: stonkz92224@gmail.com
[2025-09-27 09:17:07.646] LOG - 14:17:07.642Z Auto login function executing for: stonkz92224@gmail.com
[2025-09-27 09:17:07.647] LOG - 14:17:07.642Z Login form found, filling credentials...
[2025-09-27 09:17:07.648] LOG - 14:17:07.642Z Login form found, filling credentials...
[2025-09-27 09:17:07.800] LOG - 14:17:07.680Z Test element added to DOM
[2025-09-27 09:17:07.801] LOG - 14:17:07.680Z Test element added to DOM
[2025-09-27 09:17:07.802] LOG - 14:17:07.801Z All browser alerts and confirmations have been disabled
[2025-09-27 09:17:07.803] LOG - 14:17:07.801Z All browser alerts and confirmations have been disabled
[2025-09-27 09:17:08.158] LOG - 14:17:08.156Z Clicking login button...
[2025-09-27 09:17:08.159] LOG - 14:17:08.156Z Clicking login button...
[2025-09-27 09:17:08.169] LOG - 14:17:08.166Z authentication starting
[2025-09-27 09:17:08.169] LOG - 14:17:08.166Z authentication starting
[2025-09-27 09:17:08.688] warning - The AudioContext was not allowed to start. It must be resumed (or created) after a user gesture on the page. https://developer.chrome.com/blog/autoplay/#web_audio
[2025-09-27 09:17:08.690] LOG - 14:17:08.644Z Watching for account selection page...
[2025-09-27 09:17:08.690] LOG - 14:17:08.644Z Watching for account selection page...
[2025-09-27 09:17:08.904] LOG - 14:17:08.903Z Access token will be renewed in 75 minutes; expired: Sat Sep 27 2025 10:37:09 GMT-0500 (Central Daylight Time), now: Sat Sep 27 2025 09:17:08 GMT-0500 (Central Daylight Time)
[2025-09-27 09:17:08.904] LOG - 14:17:08.903Z Access token will be renewed in 75 minutes; expired: Sat Sep 27 2025 10:37:09 GMT-0500 (Central Daylight Time), now: Sat Sep 27 2025 09:17:08 GMT-0500 (Central Daylight Time)
[2025-09-27 09:17:09.178] INFO - 14:17:09.176Z [LaunchDarkly] Closing stream connection
[2025-09-27 09:17:09.179] INFO - 14:17:09.176Z [LaunchDarkly] Closing stream connection
[2025-09-27 09:17:09.180] INFO - 14:17:09.177Z [LaunchDarkly] Opening stream connection to https://clientstream.launchdarkly.com/eval/66cdf5b9cf61891061b4e437/eyJraW5kIjoidXNlciIsImtleSI6IjM2NTUwNTkiLCJkZXZpY2UiOiJkZXNrdG9wIiwidXNlcklkIjozNjU1MDU5LCJpcENvdW50cnkiOiJVUyIsIm9yZ05hbWUiOiJURFYiLCJuYW1lIjoiU3Rvbmt6OTIyMjQiLCJsYW5kaW5nUGFyYW1zIjoiIn0
[2025-09-27 09:17:09.180] INFO - 14:17:09.177Z [LaunchDarkly] Opening stream connection to https://clientstream.launchdarkly.com/eval/66cdf5b9cf61891061b4e437/eyJraW5kIjoidXNlciIsImtleSI6IjM2NTUwNTkiLCJkZXZpY2UiOiJkZXNrdG9wIiwidXNlcklkIjozNjU1MDU5LCJpcENvdW50cnkiOiJVUyIsIm9yZ05hbWUiOiJURFYiLCJuYW1lIjoiU3Rvbmt6OTIyMjQiLCJsYW5kaW5nUGFyYW1zIjoiIn0
[2025-09-27 09:17:09.180] INFO - 14:17:09.177Z [LaunchDarkly] Closing stream connection
[2025-09-27 09:17:09.180] INFO - 14:17:09.177Z [LaunchDarkly] Closing stream connection
[2025-09-27 09:17:09.181] INFO - 14:17:09.177Z [LaunchDarkly] Opening stream connection to https://clientstream.launchdarkly.com/eval/66cdf5b9cf61891061b4e437/eyJraW5kIjoidXNlciIsImtleSI6IjM2NTUwNTkiLCJkZXZpY2UiOiJkZXNrdG9wIiwidXNlcklkIjozNjU1MDU5LCJpcENvdW50cnkiOiJVUyIsIm9yZ05hbWUiOiJURFYiLCJuYW1lIjoiU3Rvbmt6OTIyMjQiLCJsYW5kaW5nUGFyYW1zIjoiIn0
[2025-09-27 09:17:09.181] INFO - 14:17:09.177Z [LaunchDarkly] Opening stream connection to https://clientstream.launchdarkly.com/eval/66cdf5b9cf61891061b4e437/eyJraW5kIjoidXNlciIsImtleSI6IjM2NTUwNTkiLCJkZXZpY2UiOiJkZXNrdG9wIiwidXNlcklkIjozNjU1MDU5LCJpcENvdW50cnkiOiJVUyIsIm9yZ05hbWUiOiJURFYiLCJuYW1lIjoiU3Rvbmt6OTIyMjQiLCJsYW5kaW5nUGFyYW1zIjoiIn0
[2025-09-27 09:17:09.264] INFO - 14:17:09.262Z [LaunchDarkly] Closing stream connection
[2025-09-27 09:17:09.265] INFO - 14:17:09.262Z [LaunchDarkly] Closing stream connection
[2025-09-27 09:17:09.265] INFO - 14:17:09.263Z [LaunchDarkly] Opening stream connection to https://clientstream.launchdarkly.com/eval/66cdf5b9cf61891061b4e437/eyJraW5kIjoidXNlciIsImtleSI6IjM2NTUwNTkiLCJkZXZpY2UiOiJkZXNrdG9wIiwidXNlcklkIjozNjU1MDU5LCJpcENvdW50cnkiOiJVUyIsIm9yZ05hbWUiOiJURFYiLCJuYW1lIjoiU3Rvbmt6OTIyMjQiLCJsYW5kaW5nUGFyYW1zIjoiIn0
[2025-09-27 09:17:09.265] INFO - 14:17:09.263Z [LaunchDarkly] Opening stream connection to https://clientstream.launchdarkly.com/eval/66cdf5b9cf61891061b4e437/eyJraW5kIjoidXNlciIsImtleSI6IjM2NTUwNTkiLCJkZXZpY2UiOiJkZXNrdG9wIiwidXNlcklkIjozNjU1MDU5LCJpcENvdW50cnkiOiJVUyIsIm9yZ05hbWUiOiJURFYiLCJuYW1lIjoiU3Rvbmt6OTIyMjQiLCJsYW5kaW5nUGFyYW1zIjoiIn0
[2025-09-27 09:17:10.647] LOG - 14:17:10.646Z Account selection page detected, clicking button...
[2025-09-27 09:17:10.647] LOG - 14:17:10.646Z Account selection page detected, clicking button...
[2025-09-27 09:17:10.782] LOG - 14:17:10.757Z Access token will be renewed in 75 minutes; expired: Sat Sep 27 2025 10:37:09 GMT-0500 (Central Daylight Time), now: Sat Sep 27 2025 09:17:10 GMT-0500 (Central Daylight Time)
[2025-09-27 09:17:10.783] LOG - 14:17:10.757Z Access token will be renewed in 75 minutes; expired: Sat Sep 27 2025 10:37:09 GMT-0500 (Central Daylight Time), now: Sat Sep 27 2025 09:17:10 GMT-0500 (Central Daylight Time)
[2025-09-27 09:17:10.852] error - Refused to connect to 'https://bat.bing.com/actionp/0?ti=26330043&Ver=2&mid=3298cf3c-9ac6-4b23-b3a6-c06fd1b7d6e9&bo=2&sid=a82ace0097af11f0b51d4179c6f235dd&vid=99c3288092fe11f0bc7275adc39e6add&vids=0&msclkid=N&evt=pageHide' because it violates the following Content Security Policy directive: "connect-src wss://*.tradovate.com https://*.tradovate.com https://*.ntinnolab.com https://*.devel.ninjatrader.dev https://*.staging.ninjatrader.dev https://*.uat.ninjatrader.dev wss://*.ntinnolab.com wss://*.devel.ninjatrader.dev wss://*.staging.ninjatrader.dev wss://*.uat.ninjatrader.dev wss://*.tradovateapi.com https://*.tradovateapi.com https://*.ninjatrader.com https://cdn.walkme.com https://ec.walkme.com https://sessions.bugsnag.com https://notify.bugsnag.com https://*.plaid.com https://*.yodlee.com https://tradovate.zendesk.com https://rollout.ada.support https://static.ada.support https://ninjatrader.ada.support https://tradovate.ada.support https://ninjatrader-eap.ada.support/ https://demo-ninjatrader-gr.ada.support/ https://tradovate-gen.ada.support/ https://api.stripe.com https://apiproxy.ninjatrader.com https://apiproxy-d.ninjatrader.com https://us-autocomplete-pro.api.smartystreets.com https://international-autocomplete.api.smarty.com https://maps.googleapis.com https://accounts.google.com/ https://www.google.com https://www.googletagmanager.com/ https://*.browser-intake-datadoghq.com https://scripts.neuro-id.com https://receiver.neuroid.cloud https://logs.neuro-id.com https://firebaseinstallations.googleapis.com/ https://firebaseremoteconfig.googleapis.com/ https://logx.optimizely.com https://*.optimizely.com wss://mpsnare.iesnare.com wss://ci-mpsnare.iovation.com https://*.iovation.com/ https://*.reddit.com  https://www.redditstatic.com https://*.taboola.com https://*.launchdarkly.com https://*.alloy.co https://*.maze.co https://www.google-analytics.com https://analytics.google.com https://www.googletagmanager.com/ https://api.hubapi.com https://forms.hubspot.com https://stats.g.doubleclick.net https://alb.reddit.com https://analytics.twitter.com https://heapanalytics.com https://*.auryc.com https://*.contentsquare.net https://siteintercept.qualtrics.com https://api.userway.org/".

[2025-09-27 09:17:10.854] INFO - 14:17:10.849Z visibilitychange: hidden, gd: 1000
[2025-09-27 09:17:10.855] INFO - 14:17:10.849Z visibilitychange: hidden, gd: 1000
[2025-09-27 09:17:10.857] WARNING - 14:17:10.850Z [LaunchDarkly] Error on stream connection: {"isTrusted":true}, will continue retrying after 745 milliseconds.
[2025-09-27 09:17:10.858] WARNING - 14:17:10.850Z [LaunchDarkly] Error on stream connection: {"isTrusted":true}, will continue retrying after 745 milliseconds.
[2025-09-27 09:17:10.859] INFO - 14:17:10.851Z [LaunchDarkly] Closing stream connection
[2025-09-27 09:17:10.859] INFO - 14:17:10.851Z [LaunchDarkly] Closing stream connection
[2025-09-27 09:17:11.017] WARNING - Duplicate atom key "locale". This is a FATAL ERROR in
      production. But it is safe to ignore this warning if it occurred because of
      hot module replacement.
[2025-09-27 09:17:11.019] WARNING - Duplicate atom key "locale". This is a FATAL ERROR in
      production. But it is safe to ignore this warning if it occurred because of
      hot module replacement.
[2025-09-27 09:17:11.019] WARNING - Duplicate atom key "muiTheme". This is a FATAL ERROR in
      production. But it is safe to ignore this warning if it occurred because of
      hot module replacement.
[2025-09-27 09:17:11.020] WARNING - Duplicate atom key "muiTheme". This is a FATAL ERROR in
      production. But it is safe to ignore this warning if it occurred because of
      hot module replacement.
[2025-09-27 09:17:11.021] WARNING - Duplicate atom key "appLinksFooter". This is a FATAL ERROR in
      production. But it is safe to ignore this warning if it occurred because of
      hot module replacement.
[2025-09-27 09:17:11.022] WARNING - Duplicate atom key "appLinksFooter". This is a FATAL ERROR in
      production. But it is safe to ignore this warning if it occurred because of
      hot module replacement.
[2025-09-27 09:17:11.023] WARNING - Duplicate atom key "currentUserId2". This is a FATAL ERROR in
      production. But it is safe to ignore this warning if it occurred because of
      hot module replacement.
[2025-09-27 09:17:11.024] WARNING - Duplicate atom key "currentUserId2". This is a FATAL ERROR in
      production. But it is safe to ignore this warning if it occurred because of
      hot module replacement.
[2025-09-27 09:17:11.024] WARNING - Duplicate atom key "onboardingInProgress". This is a FATAL ERROR in
      production. But it is safe to ignore this warning if it occurred because of
      hot module replacement.
[2025-09-27 09:17:11.025] WARNING - Duplicate atom key "onboardingInProgress". This is a FATAL ERROR in
      production. But it is safe to ignore this warning if it occurred because of
      hot module replacement.
[2025-09-27 09:17:11.026] WARNING - Duplicate atom key "editing". This is a FATAL ERROR in
      production. But it is safe to ignore this warning if it occurred because of
      hot module replacement.
[2025-09-27 09:17:11.027] WARNING - Duplicate atom key "editing". This is a FATAL ERROR in
      production. But it is safe to ignore this warning if it occurred because of
      hot module replacement.
[2025-09-27 09:17:11.028] WARNING - Duplicate atom key "infoMessage". This is a FATAL ERROR in
      production. But it is safe to ignore this warning if it occurred because of
      hot module replacement.
[2025-09-27 09:17:11.029] WARNING - Duplicate atom key "infoMessage". This is a FATAL ERROR in
      production. But it is safe to ignore this warning if it occurred because of
      hot module replacement.
[2025-09-27 09:17:11.030] WARNING - Duplicate atom key "browserWarning". This is a FATAL ERROR in
      production. But it is safe to ignore this warning if it occurred because of
      hot module replacement.
[2025-09-27 09:17:11.031] WARNING - Duplicate atom key "browserWarning". This is a FATAL ERROR in
      production. But it is safe to ignore this warning if it occurred because of
      hot module replacement.
[2025-09-27 09:17:11.031] WARNING - Duplicate atom key "clockWarning". This is a FATAL ERROR in
      production. But it is safe to ignore this warning if it occurred because of
      hot module replacement.
[2025-09-27 09:17:11.033] WARNING - Duplicate atom key "clockWarning". This is a FATAL ERROR in
      production. But it is safe to ignore this warning if it occurred because of
      hot module replacement.
[2025-09-27 09:17:11.034] WARNING - Duplicate atom key "breakpoint". This is a FATAL ERROR in
      production. But it is safe to ignore this warning if it occurred because of
      hot module replacement.
[2025-09-27 09:17:11.035] WARNING - Duplicate atom key "breakpoint". This is a FATAL ERROR in
      production. But it is safe to ignore this warning if it occurred because of
      hot module replacement.
[2025-09-27 09:17:11.035] WARNING - Duplicate atom key "inMobileRange". This is a FATAL ERROR in
      production. But it is safe to ignore this warning if it occurred because of
      hot module replacement.
[2025-09-27 09:17:11.036] WARNING - Duplicate atom key "inMobileRange". This is a FATAL ERROR in
      production. But it is safe to ignore this warning if it occurred because of
      hot module replacement.
[2025-09-27 09:17:11.037] WARNING - Duplicate atom key "gridSpacing". This is a FATAL ERROR in
      production. But it is safe to ignore this warning if it occurred because of
      hot module replacement.
[2025-09-27 09:17:11.038] WARNING - Duplicate atom key "gridSpacing". This is a FATAL ERROR in
      production. But it is safe to ignore this warning if it occurred because of
      hot module replacement.
[2025-09-27 09:17:11.039] WARNING - Duplicate atom key "login". This is a FATAL ERROR in
      production. But it is safe to ignore this warning if it occurred because of
      hot module replacement.
[2025-09-27 09:17:11.039] WARNING - Duplicate atom key "login". This is a FATAL ERROR in
      production. But it is safe to ignore this warning if it occurred because of
      hot module replacement.
[2025-09-27 09:17:11.040] WARNING - Duplicate atom key "error". This is a FATAL ERROR in
      production. But it is safe to ignore this warning if it occurred because of
      hot module replacement.
[2025-09-27 09:17:11.041] WARNING - Duplicate atom key "error". This is a FATAL ERROR in
      production. But it is safe to ignore this warning if it occurred because of
      hot module replacement.
[2025-09-27 09:17:11.042] WARNING - Duplicate atom key "contactInfos2". This is a FATAL ERROR in
      production. But it is safe to ignore this warning if it occurred because of
      hot module replacement.
[2025-09-27 09:17:11.043] WARNING - Duplicate atom key "contactInfos2". This is a FATAL ERROR in
      production. But it is safe to ignore this warning if it occurred because of
      hot module replacement.
[2025-09-27 09:17:11.044] WARNING - Duplicate atom key "individualApplicantsTimestamp". This is a FATAL ERROR in
      production. But it is safe to ignore this warning if it occurred because of
      hot module replacement.
[2025-09-27 09:17:11.045] WARNING - Duplicate atom key "individualApplicantsTimestamp". This is a FATAL ERROR in
      production. But it is safe to ignore this warning if it occurred because of
      hot module replacement.
[2025-09-27 09:17:11.045] WARNING - Duplicate atom key "customerApplication". This is a FATAL ERROR in
      production. But it is safe to ignore this warning if it occurred because of
      hot module replacement.
[2025-09-27 09:17:11.046] WARNING - Duplicate atom key "customerApplication". This is a FATAL ERROR in
      production. But it is safe to ignore this warning if it occurred because of
      hot module replacement.
[2025-09-27 09:17:11.046] WARNING - Duplicate atom key "individualApplicants". This is a FATAL ERROR in
      production. But it is safe to ignore this warning if it occurred because of
      hot module replacement.
[2025-09-27 09:17:11.046] WARNING - Duplicate atom key "individualApplicants". This is a FATAL ERROR in
      production. But it is safe to ignore this warning if it occurred because of
      hot module replacement.
[2025-09-27 09:17:11.046] WARNING - Duplicate atom key "clearingHouses". This is a FATAL ERROR in
      production. But it is safe to ignore this warning if it occurred because of
      hot module replacement.
[2025-09-27 09:17:11.046] WARNING - Duplicate atom key "clearingHouses". This is a FATAL ERROR in
      production. But it is safe to ignore this warning if it occurred because of
      hot module replacement.
[2025-09-27 09:17:11.046] WARNING - Duplicate atom key "clearXClearingHouse". This is a FATAL ERROR in
      production. But it is safe to ignore this warning if it occurred because of
      hot module replacement.
[2025-09-27 09:17:11.056] WARNING - Duplicate atom key "clearXClearingHouse". This is a FATAL ERROR in
      production. But it is safe to ignore this warning if it occurred because of
      hot module replacement.
[2025-09-27 09:17:11.057] WARNING - Duplicate atom key "applicationClearingHouse". This is a FATAL ERROR in
      production. But it is safe to ignore this warning if it occurred because of
      hot module replacement.
[2025-09-27 09:17:11.057] WARNING - Duplicate atom key "applicationClearingHouse". This is a FATAL ERROR in
      production. But it is safe to ignore this warning if it occurred because of
      hot module replacement.
[2025-09-27 09:17:11.057] WARNING - Duplicate atom key "userLocation". This is a FATAL ERROR in
      production. But it is safe to ignore this warning if it occurred because of
      hot module replacement.
[2025-09-27 09:17:11.057] WARNING - Duplicate atom key "userLocation". This is a FATAL ERROR in
      production. But it is safe to ignore this warning if it occurred because of
      hot module replacement.
[2025-09-27 09:17:11.057] WARNING - Duplicate atom key "savedApplicationsTimestamp". This is a FATAL ERROR in
      production. But it is safe to ignore this warning if it occurred because of
      hot module replacement.
[2025-09-27 09:17:11.058] WARNING - Duplicate atom key "savedApplicationsTimestamp". This is a FATAL ERROR in
      production. But it is safe to ignore this warning if it occurred because of
      hot module replacement.
[2025-09-27 09:17:11.058] WARNING - Duplicate atom key "savedApplications". This is a FATAL ERROR in
      production. But it is safe to ignore this warning if it occurred because of
      hot module replacement.
[2025-09-27 09:17:11.058] WARNING - Duplicate atom key "savedApplications". This is a FATAL ERROR in
      production. But it is safe to ignore this warning if it occurred because of
      hot module replacement.
[2025-09-27 09:17:11.058] WARNING - Duplicate atom key "step". This is a FATAL ERROR in
      production. But it is safe to ignore this warning if it occurred because of
      hot module replacement.
[2025-09-27 09:17:11.058] WARNING - Duplicate atom key "step". This is a FATAL ERROR in
      production. But it is safe to ignore this warning if it occurred because of
      hot module replacement.
[2025-09-27 09:17:11.059] WARNING - Duplicate atom key "checkStates". This is a FATAL ERROR in
      production. But it is safe to ignore this warning if it occurred because of
      hot module replacement.
[2025-09-27 09:17:11.059] WARNING - Duplicate atom key "checkStates". This is a FATAL ERROR in
      production. But it is safe to ignore this warning if it occurred because of
      hot module replacement.
[2025-09-27 09:17:11.059] WARNING - Duplicate atom key "signStates". This is a FATAL ERROR in
      production. But it is safe to ignore this warning if it occurred because of
      hot module replacement.
[2025-09-27 09:17:11.060] WARNING - Duplicate atom key "signStates". This is a FATAL ERROR in
      production. But it is safe to ignore this warning if it occurred because of
      hot module replacement.
[2025-09-27 09:17:11.060] WARNING - Duplicate atom key "wizard". This is a FATAL ERROR in
      production. But it is safe to ignore this warning if it occurred because of
      hot module replacement.
[2025-09-27 09:17:11.061] WARNING - Duplicate atom key "wizard". This is a FATAL ERROR in
      production. But it is safe to ignore this warning if it occurred because of
      hot module replacement.
[2025-09-27 09:17:11.061] WARNING - Duplicate atom key "formBuilder". This is a FATAL ERROR in
      production. But it is safe to ignore this warning if it occurred because of
      hot module replacement.
[2025-09-27 09:17:11.061] WARNING - Duplicate atom key "formBuilder". This is a FATAL ERROR in
      production. But it is safe to ignore this warning if it occurred because of
      hot module replacement.
[2025-09-27 09:17:11.061] WARNING - Duplicate atom key "headerSlot". This is a FATAL ERROR in
      production. But it is safe to ignore this warning if it occurred because of
      hot module replacement.
[2025-09-27 09:17:11.062] WARNING - Duplicate atom key "headerSlot". This is a FATAL ERROR in
      production. But it is safe to ignore this warning if it occurred because of
      hot module replacement.
[2025-09-27 09:17:11.062] WARNING - Duplicate atom key "footerSlot". This is a FATAL ERROR in
      production. But it is safe to ignore this warning if it occurred because of
      hot module replacement.
[2025-09-27 09:17:11.062] WARNING - Duplicate atom key "footerSlot". This is a FATAL ERROR in
      production. But it is safe to ignore this warning if it occurred because of
      hot module replacement.
[2025-09-27 09:17:11.063] WARNING - Duplicate atom key "alloyJourneyToken". This is a FATAL ERROR in
      production. But it is safe to ignore this warning if it occurred because of
      hot module replacement.
[2025-09-27 09:17:11.063] WARNING - Duplicate atom key "alloyJourneyToken". This is a FATAL ERROR in
      production. But it is safe to ignore this warning if it occurred because of
      hot module replacement.
[2025-09-27 09:17:11.064] DEBUG - [bugsnag] Loaded!
[2025-09-27 09:17:11.064] DEBUG - [bugsnag] Loaded!
[2025-09-27 09:17:11.064] INFO - Version 3.250926.0 prod production 
[2025-09-27 09:17:11.064] INFO - Version 3.250926.0 prod production 
[2025-09-27 09:17:11.065] INFO - Time: Sat Sep 27 2025 09:17:11 GMT-0500 (Central Daylight Time)
[2025-09-27 09:17:11.065] INFO - Time:
[2025-09-27 09:17:11.130] LOG - 14:17:11.129Z Try to restore session
[2025-09-27 09:17:11.132] LOG - 14:17:11.129Z Try to restore session
[2025-09-27 09:17:11.132] LOG - 14:17:11.130Z Access token will be renewed in 75 minutes; expired: Sat Sep 27 2025 10:37:09 GMT-0500 (Central Daylight Time), now: Sat Sep 27 2025 09:17:11 GMT-0500 (Central Daylight Time)
[2025-09-27 09:17:11.132] LOG - 14:17:11.130Z Access token will be renewed in 75 minutes; expired: Sat Sep 27 2025 10:37:09 GMT-0500 (Central Daylight Time), now: Sat Sep 27 2025 09:17:11 GMT-0500 (Central Daylight Time)
[2025-09-27 09:17:11.138] WARNING - 14:17:11.136Z [LaunchDarkly] The waitForInitialization function was called without a timeout specified. In a future version a default timeout will be applied.
[2025-09-27 09:17:11.138] WARNING - 14:17:11.136Z [LaunchDarkly] The waitForInitialization function was called without a timeout specified. In a future version a default timeout will be applied.
[2025-09-27 09:17:11.151] INFO - 14:17:11.150Z chart cache state: islands=5, bars=1196
[2025-09-27 09:17:11.153] INFO - 14:17:11.150Z chart cache state: islands=5, bars=1196
[2025-09-27 09:17:11.154] INFO - 14:17:11.150Z Chart history database initialized
[2025-09-27 09:17:11.155] INFO - 14:17:11.150Z Chart history database initialized
[2025-09-27 09:17:11.155] INFO - 14:17:11.151Z [LaunchDarkly] LaunchDarkly client initialized
[2025-09-27 09:17:11.155] INFO - 14:17:11.151Z [LaunchDarkly] LaunchDarkly client initialized
[2025-09-27 09:17:11.156] INFO - 14:17:11.151Z [LaunchDarkly] Opening stream connection to https://clientstream.launchdarkly.com/eval/66cdf5b9cf61891061b4e437/eyJraW5kIjoidXNlciIsImtleSI6InVua25vd24iLCJhbm9ueW1vdXMiOmZhbHNlfQ
[2025-09-27 09:17:11.157] INFO - 14:17:11.151Z [LaunchDarkly] Opening stream connection to https://clientstream.launchdarkly.com/eval/66cdf5b9cf61891061b4e437/eyJraW5kIjoidXNlciIsImtleSI6InVua25vd24iLCJhbm9ueW1vdXMiOmZhbHNlfQ
[2025-09-27 09:17:11.662] INFO - 14:17:11.661Z [LaunchDarkly] Closing stream connection
[2025-09-27 09:17:11.664] INFO - 14:17:11.661Z [LaunchDarkly] Closing stream connection
[2025-09-27 09:17:11.664] INFO - 14:17:11.661Z [LaunchDarkly] Opening stream connection to https://clientstream.launchdarkly.com/eval/66cdf5b9cf61891061b4e437/eyJraW5kIjoidXNlciIsImtleSI6IjM2NTUwNTkiLCJkZXZpY2UiOiJkZXNrdG9wIiwidXNlcklkIjozNjU1MDU5LCJpcENvdW50cnkiOiIiLCJvcmdOYW1lIjoiVERWIiwibmFtZSI6IlN0b25rejkyMjI0IiwibGFuZGluZ1BhcmFtcyI6IiJ9
[2025-09-27 09:17:11.664] INFO - 14:17:11.661Z [LaunchDarkly] Opening stream connection to https://clientstream.launchdarkly.com/eval/66cdf5b9cf61891061b4e437/eyJraW5kIjoidXNlciIsImtleSI6IjM2NTUwNTkiLCJkZXZpY2UiOiJkZXNrdG9wIiwidXNlcklkIjozNjU1MDU5LCJpcENvdW50cnkiOiIiLCJvcmdOYW1lIjoiVERWIiwibmFtZSI6IlN0b25rejkyMjI0IiwibGFuZGluZ1BhcmFtcyI6IiJ9
[2025-09-27 09:17:11.699] INFO - 14:17:11.698Z [LaunchDarkly] Closing stream connection
[2025-09-27 09:17:11.700] INFO - 14:17:11.698Z [LaunchDarkly] Closing stream connection
[2025-09-27 09:17:11.700] INFO - 14:17:11.698Z [LaunchDarkly] Opening stream connection to https://clientstream.launchdarkly.com/eval/66cdf5b9cf61891061b4e437/eyJraW5kIjoidXNlciIsImtleSI6IjM2NTUwNTkiLCJkZXZpY2UiOiJkZXNrdG9wIiwidXNlcklkIjozNjU1MDU5LCJpcENvdW50cnkiOiJVUyIsIm9yZ05hbWUiOiJURFYiLCJuYW1lIjoiU3Rvbmt6OTIyMjQiLCJsYW5kaW5nUGFyYW1zIjoiIn0
[2025-09-27 09:17:11.701] INFO - 14:17:11.698Z [LaunchDarkly] Opening stream connection to https://clientstream.launchdarkly.com/eval/66cdf5b9cf61891061b4e437/eyJraW5kIjoidXNlciIsImtleSI6IjM2NTUwNTkiLCJkZXZpY2UiOiJkZXNrdG9wIiwidXNlcklkIjozNjU1MDU5LCJpcENvdW50cnkiOiJVUyIsIm9yZ05hbWUiOiJURFYiLCJuYW1lIjoiU3Rvbmt6OTIyMjQiLCJsYW5kaW5nUGFyYW1zIjoiIn0
[2025-09-27 09:17:12.564] LOG - 14:17:12.560Z opening https://demo.tradovateapi.com/
[2025-09-27 09:17:12.565] LOG - 14:17:12.560Z opening https://demo.tradovateapi.com/
[2025-09-27 09:17:12.569] LOG - 14:17:12.568Z Hotkeys initialized {"Shift+Digit1":["orders/selectColumns"],"Shift+Digit2":["orders/showFilters"],"Shift+Digit3":["orders/standardTableView"],"Shift+Digit4":["orders/linkedOrdersView"],"Command+Shift+Digit0":["dom-chart/exit-and-cancel"]}
[2025-09-27 09:17:12.572] LOG - 14:17:12.568Z Hotkeys initialized {"Shift+Digit1":["orders/selectColumns"],"Shift+Digit2":["orders/showFilters"],"Shift+Digit3":["orders/standardTableView"],"Shift+Digit4":["orders/linkedOrdersView"],"Command+Shift+Digit0":["dom-chart/exit-and-cancel"]}
[2025-09-27 09:17:12.637] LOG - 14:17:12.636Z websocket opened
[2025-09-27 09:17:12.637] LOG - 14:17:12.636Z websocket opened
[2025-09-27 09:17:12.782] LOG - 14:17:12.724Z opening https://md-demo.tradovateapi.com/
[2025-09-27 09:17:12.786] LOG - 14:17:12.724Z opening https://md-demo.tradovateapi.com/
[2025-09-27 09:17:12.787] LOG - 14:17:12.725Z Connection:  open
[2025-09-27 09:17:12.787] LOG - 14:17:12.725Z Connection:  open
[2025-09-27 09:17:12.799] LOG - 14:17:12.788Z WebGL:  {"isWebGL2":true,"precision":"highp","logarithmicDepthBuffer":false,"maxTextures":16,"maxVertexTextures":16,"maxTextureSize":16384,"maxCubemapSize":16384,"maxAttributes":16,"maxVertexUniforms":1024,"maxVaryings":30,"maxFragmentUniforms":1024,"vertexTextures":true,"floatFragmentTextures":true,"floatVertexTextures":true,"maxSamples":8} , devicePixelRatio:  2
[2025-09-27 09:17:12.801] LOG - 14:17:12.789Z Canvas size: 1119 991 dpp:  2
[2025-09-27 09:17:12.875] LOG - 14:17:12.809Z Loading App-level Plugins
[2025-09-27 09:17:12.878] LOG - 14:17:12.809Z Loading App-level Plugins
[2025-09-27 09:17:12.879] LOG - 14:17:12.818Z WebGL:  {"isWebGL2":true,"precision":"highp","logarithmicDepthBuffer":false,"maxTextures":16,"maxVertexTextures":16,"maxTextureSize":16384,"maxCubemapSize":16384,"maxAttributes":16,"maxVertexUniforms":1024,"maxVaryings":30,"maxFragmentUniforms":1024,"vertexTextures":true,"floatFragmentTextures":true,"floatVertexTextures":true,"maxSamples":8} , devicePixelRatio:  2
[2025-09-27 09:17:12.883] LOG - 14:17:12.818Z Canvas size: 1119 991 dpp:  2
[2025-09-27 09:17:12.958] LOG - 14:17:12.957Z websocket opened
[2025-09-27 09:17:12.959] LOG - 14:17:12.957Z websocket opened
[2025-09-27 09:17:13.231] LOG - 14:17:13.226Z sync to remote accountGroups
[2025-09-27 09:17:13.232] LOG - 14:17:13.226Z sync to remote accountGroups
[2025-09-27 09:17:13.241] LOG - 14:17:13.240Z loadAppLevelPlugins:  [object Object]
[2025-09-27 09:17:13.242] LOG - 14:17:13.240Z loadAppLevelPlugins: 
[2025-09-27 09:17:14.098] LOG - 14:17:14.059Z created chart 1
[2025-09-27 09:17:14.347] LOG - 14:17:14.345Z requestChart: {"symbol":"3267312","chartDescription":{"underlyingType":"Tick","elementSize":5000,"elementSizeUnit":"UnderlyingUnits","withHistogram":false},"timeRange":{"asMuchAsElements":300}}
[2025-09-27 09:17:14.348] LOG - 14:17:14.345Z requestChart: {"symbol":"3267312","chartDescription":{"underlyingType":"Tick","elementSize":5000,"elementSizeUnit":"UnderlyingUnits","withHistogram":false},"timeRange":{"asMuchAsElements":300}}
[2025-09-27 09:17:14.348] LOG - 14:17:14.345Z mdMgApi open
[2025-09-27 09:17:14.348] LOG - 14:17:14.345Z mdMgApi open
[2025-09-27 09:17:15.382] LOG - 14:17:15.364Z created chart 13
[2025-09-27 09:17:15.417] LOG - 14:17:15.415Z requestChart: {"symbol":"4086418","chartDescription":{"underlyingType":"MinuteBar","elementSize":15,"elementSizeUnit":"UnderlyingUnits","withHistogram":false},"timeRange":{"asMuchAsElements":300}}
[2025-09-27 09:17:15.419] LOG - 14:17:15.415Z requestChart: {"symbol":"4086418","chartDescription":{"underlyingType":"MinuteBar","elementSize":15,"elementSizeUnit":"UnderlyingUnits","withHistogram":false},"timeRange":{"asMuchAsElements":300}}
[2025-09-27 09:17:15.419] LOG - 14:17:15.415Z mdMgApi open
[2025-09-27 09:17:15.419] LOG - 14:17:15.415Z mdMgApi open
[2025-09-27 09:17:18.154] LOG - 14:17:18.152Z Auto Order script initialized - AUTOMATIC HOT RELOAD SUCCESS!
[2025-09-27 09:17:18.154] LOG - 14:17:18.152Z Auto Order script initialized - AUTOMATIC HOT RELOAD SUCCESS!
[2025-09-27 09:17:18.155] LOG - 14:17:18.153Z Creating UI for dashboard trading...
[2025-09-27 09:17:18.156] LOG - 14:17:18.153Z Creating UI for dashboard trading...
[2025-09-27 09:17:18.156] LOG - 14:17:18.153Z Creating UI (visible=false)
[2025-09-27 09:17:18.157] LOG - 14:17:18.153Z Creating UI (visible=false)
[2025-09-27 09:17:18.157] LOG - 14:17:18.154Z Stored values: TP=53, SL=15, Qty=1, Tick=0.25, Symbol=NQ
[2025-09-27 09:17:18.158] LOG - 14:17:18.154Z Stored values: TP=53, SL=15, Qty=1, Tick=0.25, Symbol=NQ
[2025-09-27 09:17:18.158] LOG - 14:17:18.154Z UI container added to DOM
[2025-09-27 09:17:18.159] LOG - 14:17:18.154Z UI container added to DOM
[2025-09-27 09:17:18.161] LOG - 14:17:18.154Z Setting up localStorage persistence
[2025-09-27 09:17:18.162] LOG - 14:17:18.154Z Setting up localStorage persistence
[2025-09-27 09:17:18.162] LOG - 14:17:18.154Z UI initialization complete
[2025-09-27 09:17:18.162] LOG - 14:17:18.154Z UI initialization complete
[2025-09-27 09:17:18.162] LOG - 14:17:18.155Z Creating example front-quarter symbol
[2025-09-27 09:17:18.162] LOG - 14:17:18.155Z Creating example front-quarter symbol
[2025-09-27 09:17:18.162] LOG - 14:17:18.155Z getQuarterlyCode called with date: 2025-09-27T14:17:18.155Z
[2025-09-27 09:17:18.162] LOG - 14:17:18.155Z getQuarterlyCode called with date: 2025-09-27T14:17:18.155Z
[2025-09-27 09:17:18.163] LOG - 14:17:18.155Z Current month index: 8
[2025-09-27 09:17:18.163] LOG - 14:17:18.155Z Current month index: 8
[2025-09-27 09:17:18.163] LOG - 14:17:18.155Z Starting calculation with year=2025, month=8
[2025-09-27 09:17:18.163] LOG - 14:17:18.155Z Starting calculation with year=2025, month=8
[2025-09-27 09:17:18.163] LOG - 14:17:18.155Z Calculated quarterly code: letter=Z, yearDigit=5
[2025-09-27 09:17:18.163] LOG - 14:17:18.155Z Calculated quarterly code: letter=Z, yearDigit=5
[2025-09-27 09:17:18.163] LOG - 14:17:18.155Z Example front-quarter symbol created: NQZ5
[2025-09-27 09:17:18.163] LOG - 14:17:18.155Z Example front-quarter symbol created: NQZ5
[2025-09-27 09:17:18.164] LOG - 14:17:18.163Z Auto Risk Management: Running initial risk assessment...
[2025-09-27 09:17:18.164] LOG - 14:17:18.163Z Auto Risk Management: Running initial risk assessment...
[2025-09-27 09:17:18.165] LOG - 14:17:18.164Z [analyzePhase] resetting phaseData
[2025-09-27 09:17:18.166] LOG - 14:17:18.164Z [analyzePhase] resetting phaseData
[2025-09-27 09:17:18.167] LOG - 14:17:18.164Z [analyzePhase] set phase 1 maxActive to 1
[2025-09-27 09:17:18.167] LOG - 14:17:18.164Z [analyzePhase] set phase 1 maxActive to 1
[2025-09-27 09:17:18.168] LOG - 14:17:18.164Z [analyzePhase] increased phase 2 maxActive to 1
[2025-09-27 09:17:18.169] LOG - 14:17:18.164Z [analyzePhase] increased phase 2 maxActive to 1
[2025-09-27 09:17:18.172] LOG - 14:17:18.165Z [updateUserColumnPhaseStatus] Starting...
[2025-09-27 09:17:18.173] LOG - 14:17:18.165Z [updateUserColumnPhaseStatus] Starting...
[2025-09-27 09:17:18.173] LOG - 14:17:18.165Z [updateUserColumnPhaseStatus] Found 4 rows
[2025-09-27 09:17:18.174] LOG - 14:17:18.165Z [updateUserColumnPhaseStatus] Found 4 rows
[2025-09-27 09:17:18.174] LOG - 14:17:18.165Z [updateUserColumnPhaseStatus] Header cells: Account ▲,Total Available Margin,User,Dist Drawdown Net Liq,Dollar Open P L,Dollar Total P L
[2025-09-27 09:17:18.174] LOG - 14:17:18.165Z [updateUserColumnPhaseStatus] Header cells:
[2025-09-27 09:17:18.174] LOG - 14:17:18.166Z [updateUserColumnPhaseStatus] Found User column at index 2
[2025-09-27 09:17:18.174] LOG - 14:17:18.166Z [updateUserColumnPhaseStatus] Found User column at index 2
[2025-09-27 09:17:18.175] LOG - 14:17:18.166Z [updateUserColumnPhaseStatus] Getting table data...
[2025-09-27 09:17:18.175] LOG - 14:17:18.166Z [updateUserColumnPhaseStatus] Getting table data...
[2025-09-27 09:17:18.175] LOG - 14:17:18.166Z [analyzePhase] resetting phaseData
[2025-09-27 09:17:18.175] LOG - 14:17:18.166Z [analyzePhase] resetting phaseData
[2025-09-27 09:17:18.175] LOG - 14:17:18.166Z [analyzePhase] set phase 1 maxActive to 1
[2025-09-27 09:17:18.176] LOG - 14:17:18.166Z [analyzePhase] set phase 1 maxActive to 1
[2025-09-27 09:17:18.176] LOG - 14:17:18.166Z [analyzePhase] increased phase 2 maxActive to 1
[2025-09-27 09:17:18.176] LOG - 14:17:18.166Z [analyzePhase] increased phase 2 maxActive to 1
[2025-09-27 09:17:18.176] LOG - 14:17:18.166Z [updateUserColumnPhaseStatus] Table data: 3 rows
[2025-09-27 09:17:18.176] LOG - 14:17:18.166Z [updateUserColumnPhaseStatus] Table data: 3 rows
[2025-09-27 09:17:18.177] LOG - 14:17:18.166Z [updateUserColumnPhaseStatus] First data row has 6 cells, we need index 2
[2025-09-27 09:17:18.177] LOG - 14:17:18.166Z [updateUserColumnPhaseStatus] First data row has 6 cells, we need index 2
[2025-09-27 09:17:18.177] LOG - 14:17:18.166Z [updateUserColumnPhaseStatus] Setting row 1 (DEMO3655059) phase=1, active=true
[2025-09-27 09:17:18.177] LOG - 14:17:18.166Z [updateUserColumnPhaseStatus] Setting row 1 (DEMO3655059) phase=1, active=true
[2025-09-27 09:17:18.177] LOG - 14:17:18.167Z [updateUserColumnPhaseStatus] Setting row 2 (DEMO3655059-1) phase=1, active=false
[2025-09-27 09:17:18.177] LOG - 14:17:18.167Z [updateUserColumnPhaseStatus] Setting row 2 (DEMO3655059-1) phase=1, active=false
[2025-09-27 09:17:18.177] LOG - 14:17:18.167Z [updateUserColumnPhaseStatus] Setting row 3 (DEMO3655059-2) phase=2, active=true
[2025-09-27 09:17:18.177] LOG - 14:17:18.167Z [updateUserColumnPhaseStatus] Setting row 3 (DEMO3655059-2) phase=2, active=true
[2025-09-27 09:17:18.178] LOG - 14:17:18.167Z [updateUserColumnPhaseStatus] Completed
[2025-09-27 09:17:18.178] LOG - 14:17:18.167Z [updateUserColumnPhaseStatus] Completed
[2025-09-27 09:17:18.195] warning - The AudioContext was not allowed to start. It must be resumed (or created) after a user gesture on the page. https://developer.chrome.com/blog/autoplay/#web_audio
[2025-09-27 09:17:18.196] LOG - 14:17:18.180Z Auto Risk Management: Initial risk assessment completed
[2025-09-27 09:17:18.196] LOG - 14:17:18.180Z Auto Risk Management: Initial risk assessment completed
[2025-09-27 09:17:19.201] LOG - 14:17:19.200Z Executing initial risk management assessment...
[2025-09-27 09:17:19.202] LOG - 14:17:19.200Z Executing initial risk management assessment...
[2025-09-27 09:17:19.202] ERROR - 14:17:19.200Z getTableData function not found
[2025-09-27 09:17:19.202] ERROR - 14:17:19.200Z getTableData function not found
[2025-09-27 09:17:19.203] ERROR - 14:17:19.202Z updateUserColumnPhaseStatus function not found
[2025-09-27 09:17:19.205] ERROR - 14:17:19.202Z updateUserColumnPhaseStatus function not found
[2025-09-27 09:17:19.205] ERROR - 14:17:19.203Z performAccountActions function not found
[2025-09-27 09:17:19.206] ERROR - 14:17:19.203Z performAccountActions function not found
[2025-09-27 09:17:19.206] LOG - 14:17:19.203Z Risk management assessment completed
[2025-09-27 09:17:19.207] LOG - 14:17:19.203Z Risk management assessment completed
[2025-09-27 09:17:19.226] LOG - 14:17:19.225Z [analyzePhase] resetting phaseData
[2025-09-27 09:17:19.227] LOG - 14:17:19.225Z [analyzePhase] resetting phaseData
[2025-09-27 09:17:19.228] LOG - 14:17:19.225Z [analyzePhase] set phase 1 maxActive to 1
[2025-09-27 09:17:19.229] LOG - 14:17:19.225Z [analyzePhase] set phase 1 maxActive to 1
[2025-09-27 09:17:19.230] LOG - 14:17:19.225Z [analyzePhase] increased phase 2 maxActive to 1
[2025-09-27 09:17:19.231] LOG - 14:17:19.225Z [analyzePhase] increased phase 2 maxActive to 1
[2025-09-27 09:17:19.732] LOG - 14:17:19.727Z [analyzePhase] resetting phaseData
[2025-09-27 09:17:19.733] LOG - 14:17:19.727Z [analyzePhase] resetting phaseData
[2025-09-27 09:17:19.734] LOG - 14:17:19.727Z [analyzePhase] set phase 1 maxActive to 1
[2025-09-27 09:17:19.735] LOG - 14:17:19.727Z [analyzePhase] set phase 1 maxActive to 1
[2025-09-27 09:17:19.736] LOG - 14:17:19.727Z [analyzePhase] increased phase 2 maxActive to 1
[2025-09-27 09:17:19.736] LOG - 14:17:19.727Z [analyzePhase] increased phase 2 maxActive to 1
[2025-09-27 09:17:19.737] LOG - 14:17:19.728Z Set DEMO3655059 qty to 20
[2025-09-27 09:17:19.738] LOG - 14:17:19.728Z Set DEMO3655059-2 qty to 10
[2025-09-27 09:17:19.739] LOG - 14:17:19.728Z [analyzePhase] resetting phaseData
[2025-09-27 09:17:19.739] LOG - 14:17:19.728Z [analyzePhase] resetting phaseData
[2025-09-27 09:17:19.739] LOG - 14:17:19.728Z [analyzePhase] set phase 1 maxActive to 1
[2025-09-27 09:17:19.739] LOG - 14:17:19.728Z [analyzePhase] set phase 1 maxActive to 1
[2025-09-27 09:17:19.740] LOG - 14:17:19.729Z [analyzePhase] increased phase 2 maxActive to 1
[2025-09-27 09:17:19.740] LOG - 14:17:19.729Z [analyzePhase] increased phase 2 maxActive to 1
[2025-09-27 09:17:20.136] LOG - 14:17:20.134Z updating the shared isolation
[2025-09-27 09:17:20.136] LOG - 14:17:20.134Z updating the shared isolation
[2025-09-27 09:17:20.981] LOG - 14:17:20.980Z updating the shared isolation
[2025-09-27 09:17:20.981] LOG - 14:17:20.980Z updating the shared isolation
[2025-09-27 09:17:21.508] LOG - 14:17:21.507Z Updated master quantity to 30
[2025-09-27 09:17:21.510] LOG - 14:17:21.507Z Saved bracketTrade_qty = 30
[2025-09-27 09:17:21.510] LOG - 14:17:21.507Z Saved bracketTrade_qty = 30
[2025-09-27 09:17:21.510] LOG - 14:17:21.507Z Updated bracket trade quantity to 30
