[2025-09-24 09:29:01.343] LOG - 14:29:01.341Z Starting login process for: zenex3298@gmail.com
[2025-09-24 09:29:01.344] LOG - 14:29:01.341Z Starting login process for: zenex3298@gmail.com
[2025-09-24 09:29:01.345] LOG - 14:29:01.342Z Auto login function executing for: zenex3298@gmail.com
[2025-09-24 09:29:01.345] LOG - 14:29:01.342Z Auto login function executing for: zenex3298@gmail.com
[2025-09-24 09:29:01.346] LOG - 14:29:01.342Z Login form found, filling credentials...
[2025-09-24 09:29:01.346] LOG - 14:29:01.342Z Login form found, filling credentials...
[2025-09-24 09:29:01.499] LOG - 14:29:01.381Z Test element added to DOM
[2025-09-24 09:29:01.500] LOG - 14:29:01.381Z Test element added to DOM
[2025-09-24 09:29:01.504] LOG - 14:29:01.502Z All browser alerts and confirmations have been disabled
[2025-09-24 09:29:01.504] LOG - 14:29:01.502Z All browser alerts and confirmations have been disabled
[2025-09-24 09:29:01.857] LOG - 14:29:01.855Z Clicking login button...
[2025-09-24 09:29:01.857] LOG - 14:29:01.855Z Clicking login button...
[2025-09-24 09:29:01.868] LOG - 14:29:01.865Z authentication starting
[2025-09-24 09:29:01.868] LOG - 14:29:01.865Z authentication starting
[2025-09-24 09:29:02.195] warning - The AudioContext was not allowed to start. It must be resumed (or created) after a user gesture on the page. https://developer.chrome.com/blog/autoplay/#web_audio
[2025-09-24 09:29:02.198] LOG - 14:29:02.182Z Watching for account selection page...
[2025-09-24 09:29:02.199] LOG - 14:29:02.182Z Watching for account selection page...
[2025-09-24 09:29:02.478] LOG - 14:29:02.477Z Access token will be renewed in 75 minutes; expired: Wed Sep 24 2025 10:49:02 GMT-0500 (Central Daylight Time), now: Wed Sep 24 2025 09:29:02 GMT-0500 (Central Daylight Time)
[2025-09-24 09:29:02.478] LOG - 14:29:02.477Z Access token will be renewed in 75 minutes; expired: Wed Sep 24 2025 10:49:02 GMT-0500 (Central Daylight Time), now: Wed Sep 24 2025 09:29:02 GMT-0500 (Central Daylight Time)
[2025-09-24 09:29:02.698] INFO - 14:29:02.696Z [LaunchDarkly] Closing stream connection
[2025-09-24 09:29:02.699] INFO - 14:29:02.696Z [LaunchDarkly] Closing stream connection
[2025-09-24 09:29:02.700] INFO - 14:29:02.697Z [LaunchDarkly] Opening stream connection to https://clientstream.launchdarkly.com/eval/66cdf5b9cf61891061b4e437/eyJraW5kIjoidXNlciIsImtleSI6IjQ2NTYwMjciLCJkZXZpY2UiOiJkZXNrdG9wIiwidXNlcklkIjo0NjU2MDI3LCJpcENvdW50cnkiOiJVUyIsIm9yZ05hbWUiOiJURFYiLCJuYW1lIjoiWmVuZXgzMjk4IiwibGFuZGluZ1BhcmFtcyI6IiJ9
[2025-09-24 09:29:02.700] INFO - 14:29:02.697Z [LaunchDarkly] Opening stream connection to https://clientstream.launchdarkly.com/eval/66cdf5b9cf61891061b4e437/eyJraW5kIjoidXNlciIsImtleSI6IjQ2NTYwMjciLCJkZXZpY2UiOiJkZXNrdG9wIiwidXNlcklkIjo0NjU2MDI3LCJpcENvdW50cnkiOiJVUyIsIm9yZ05hbWUiOiJURFYiLCJuYW1lIjoiWmVuZXgzMjk4IiwibGFuZGluZ1BhcmFtcyI6IiJ9
[2025-09-24 09:29:02.791] INFO - 14:29:02.787Z [LaunchDarkly] Closing stream connection
[2025-09-24 09:29:02.809] INFO - 14:29:02.787Z [LaunchDarkly] Closing stream connection
[2025-09-24 09:29:02.810] INFO - 14:29:02.787Z [LaunchDarkly] Opening stream connection to https://clientstream.launchdarkly.com/eval/66cdf5b9cf61891061b4e437/eyJraW5kIjoidXNlciIsImtleSI6IjQ2NTYwMjciLCJkZXZpY2UiOiJkZXNrdG9wIiwidXNlcklkIjo0NjU2MDI3LCJpcENvdW50cnkiOiJVUyIsIm9yZ05hbWUiOiJURFYiLCJuYW1lIjoiWmVuZXgzMjk4IiwibGFuZGluZ1BhcmFtcyI6IiJ9
[2025-09-24 09:29:02.810] INFO - 14:29:02.787Z [LaunchDarkly] Opening stream connection to https://clientstream.launchdarkly.com/eval/66cdf5b9cf61891061b4e437/eyJraW5kIjoidXNlciIsImtleSI6IjQ2NTYwMjciLCJkZXZpY2UiOiJkZXNrdG9wIiwidXNlcklkIjo0NjU2MDI3LCJpcENvdW50cnkiOiJVUyIsIm9yZ05hbWUiOiJURFYiLCJuYW1lIjoiWmVuZXgzMjk4IiwibGFuZGluZ1BhcmFtcyI6IiJ9
[2025-09-24 09:29:02.851] INFO - 14:29:02.849Z [LaunchDarkly] Closing stream connection
[2025-09-24 09:29:02.851] INFO - 14:29:02.849Z [LaunchDarkly] Closing stream connection
[2025-09-24 09:29:02.851] INFO - 14:29:02.849Z [LaunchDarkly] Opening stream connection to https://clientstream.launchdarkly.com/eval/66cdf5b9cf61891061b4e437/eyJraW5kIjoidXNlciIsImtleSI6IjQ2NTYwMjciLCJkZXZpY2UiOiJkZXNrdG9wIiwidXNlcklkIjo0NjU2MDI3LCJpcENvdW50cnkiOiJVUyIsIm9yZ05hbWUiOiJURFYiLCJuYW1lIjoiWmVuZXgzMjk4IiwibGFuZGluZ1BhcmFtcyI6IiJ9
[2025-09-24 09:29:02.851] INFO - 14:29:02.849Z [LaunchDarkly] Opening stream connection to https://clientstream.launchdarkly.com/eval/66cdf5b9cf61891061b4e437/eyJraW5kIjoidXNlciIsImtleSI6IjQ2NTYwMjciLCJkZXZpY2UiOiJkZXNrdG9wIiwidXNlcklkIjo0NjU2MDI3LCJpcENvdW50cnkiOiJVUyIsIm9yZ05hbWUiOiJURFYiLCJuYW1lIjoiWmVuZXgzMjk4IiwibGFuZGluZ1BhcmFtcyI6IiJ9
[2025-09-24 09:29:03.186] LOG - 14:29:03.185Z Account selection page detected, clicking button...
[2025-09-24 09:29:03.186] LOG - 14:29:03.185Z Account selection page detected, clicking button...
[2025-09-24 09:29:03.343] LOG - 14:29:03.300Z Access token will be renewed in 75 minutes; expired: Wed Sep 24 2025 10:49:02 GMT-0500 (Central Daylight Time), now: Wed Sep 24 2025 09:29:03 GMT-0500 (Central Daylight Time)
[2025-09-24 09:29:03.343] LOG - 14:29:03.300Z Access token will be renewed in 75 minutes; expired: Wed Sep 24 2025 10:49:02 GMT-0500 (Central Daylight Time), now: Wed Sep 24 2025 09:29:03 GMT-0500 (Central Daylight Time)
[2025-09-24 09:29:03.871] error - Refused to connect to 'https://bat.bing.com/actionp/0?ti=26330043&Ver=2&mid=31de2880-7b91-474c-ba28-2f0ed46b9668&bo=2&sid=a82ace0097af11f0b51d4179c6f235dd&vid=99c3288092fe11f0bc7275adc39e6add&vids=0&msclkid=N&evt=pageHide' because it violates the following Content Security Policy directive: "connect-src wss://*.tradovate.com https://*.tradovate.com https://*.ntinnolab.com https://*.devel.ninjatrader.dev https://*.staging.ninjatrader.dev https://*.uat.ninjatrader.dev wss://*.ntinnolab.com wss://*.devel.ninjatrader.dev wss://*.staging.ninjatrader.dev wss://*.uat.ninjatrader.dev wss://*.tradovateapi.com https://*.tradovateapi.com https://*.ninjatrader.com https://cdn.walkme.com https://ec.walkme.com https://sessions.bugsnag.com https://notify.bugsnag.com https://*.plaid.com https://*.yodlee.com https://tradovate.zendesk.com https://rollout.ada.support https://static.ada.support https://ninjatrader.ada.support https://tradovate.ada.support https://ninjatrader-eap.ada.support/ https://demo-ninjatrader-gr.ada.support/ https://tradovate-gen.ada.support/ https://api.stripe.com https://apiproxy.ninjatrader.com https://apiproxy-d.ninjatrader.com https://us-autocomplete-pro.api.smartystreets.com https://international-autocomplete.api.smarty.com https://maps.googleapis.com https://accounts.google.com/ https://www.google.com https://www.googletagmanager.com/ https://*.browser-intake-datadoghq.com https://scripts.neuro-id.com https://receiver.neuroid.cloud https://logs.neuro-id.com https://firebaseinstallations.googleapis.com/ https://firebaseremoteconfig.googleapis.com/ https://logx.optimizely.com https://*.optimizely.com wss://mpsnare.iesnare.com wss://ci-mpsnare.iovation.com https://*.iovation.com/ https://*.reddit.com  https://www.redditstatic.com https://*.taboola.com https://*.launchdarkly.com https://*.alloy.co https://*.maze.co https://www.google-analytics.com https://analytics.google.com https://www.googletagmanager.com/ https://api.hubapi.com https://forms.hubspot.com https://stats.g.doubleclick.net https://alb.reddit.com https://analytics.twitter.com https://heapanalytics.com https://*.auryc.com https://*.contentsquare.net https://siteintercept.qualtrics.com https://api.userway.org/".

[2025-09-24 09:29:03.874] INFO - 14:29:03.869Z visibilitychange: hidden, gd: 1000
[2025-09-24 09:29:03.876] INFO - 14:29:03.869Z visibilitychange: hidden, gd: 1000
[2025-09-24 09:29:03.877] WARNING - 14:29:03.871Z [LaunchDarkly] Error on stream connection: {"isTrusted":true}, will continue retrying after 973 milliseconds.
[2025-09-24 09:29:03.878] WARNING - 14:29:03.871Z [LaunchDarkly] Error on stream connection: {"isTrusted":true}, will continue retrying after 973 milliseconds.
[2025-09-24 09:29:03.878] INFO - 14:29:03.871Z [LaunchDarkly] Closing stream connection
[2025-09-24 09:29:03.878] INFO - 14:29:03.871Z [LaunchDarkly] Closing stream connection
[2025-09-24 09:29:04.057] WARNING - Duplicate atom key "locale". This is a FATAL ERROR in
      production. But it is safe to ignore this warning if it occurred because of
      hot module replacement.
[2025-09-24 09:29:04.059] WARNING - Duplicate atom key "locale". This is a FATAL ERROR in
      production. But it is safe to ignore this warning if it occurred because of
      hot module replacement.
[2025-09-24 09:29:04.059] WARNING - Duplicate atom key "muiTheme". This is a FATAL ERROR in
      production. But it is safe to ignore this warning if it occurred because of
      hot module replacement.
[2025-09-24 09:29:04.061] WARNING - Duplicate atom key "muiTheme". This is a FATAL ERROR in
      production. But it is safe to ignore this warning if it occurred because of
      hot module replacement.
[2025-09-24 09:29:04.062] WARNING - Duplicate atom key "appLinksFooter". This is a FATAL ERROR in
      production. But it is safe to ignore this warning if it occurred because of
      hot module replacement.
[2025-09-24 09:29:04.064] WARNING - Duplicate atom key "appLinksFooter". This is a FATAL ERROR in
      production. But it is safe to ignore this warning if it occurred because of
      hot module replacement.
[2025-09-24 09:29:04.064] WARNING - Duplicate atom key "currentUserId2". This is a FATAL ERROR in
      production. But it is safe to ignore this warning if it occurred because of
      hot module replacement.
[2025-09-24 09:29:04.066] WARNING - Duplicate atom key "currentUserId2". This is a FATAL ERROR in
      production. But it is safe to ignore this warning if it occurred because of
      hot module replacement.
[2025-09-24 09:29:04.066] WARNING - Duplicate atom key "onboardingInProgress". This is a FATAL ERROR in
      production. But it is safe to ignore this warning if it occurred because of
      hot module replacement.
[2025-09-24 09:29:04.067] WARNING - Duplicate atom key "onboardingInProgress". This is a FATAL ERROR in
      production. But it is safe to ignore this warning if it occurred because of
      hot module replacement.
[2025-09-24 09:29:04.068] WARNING - Duplicate atom key "editing". This is a FATAL ERROR in
      production. But it is safe to ignore this warning if it occurred because of
      hot module replacement.
[2025-09-24 09:29:04.069] WARNING - Duplicate atom key "editing". This is a FATAL ERROR in
      production. But it is safe to ignore this warning if it occurred because of
      hot module replacement.
[2025-09-24 09:29:04.070] WARNING - Duplicate atom key "infoMessage". This is a FATAL ERROR in
      production. But it is safe to ignore this warning if it occurred because of
      hot module replacement.
[2025-09-24 09:29:04.071] WARNING - Duplicate atom key "infoMessage". This is a FATAL ERROR in
      production. But it is safe to ignore this warning if it occurred because of
      hot module replacement.
[2025-09-24 09:29:04.073] WARNING - Duplicate atom key "browserWarning". This is a FATAL ERROR in
      production. But it is safe to ignore this warning if it occurred because of
      hot module replacement.
[2025-09-24 09:29:04.074] WARNING - Duplicate atom key "browserWarning". This is a FATAL ERROR in
      production. But it is safe to ignore this warning if it occurred because of
      hot module replacement.
[2025-09-24 09:29:04.075] WARNING - Duplicate atom key "clockWarning". This is a FATAL ERROR in
      production. But it is safe to ignore this warning if it occurred because of
      hot module replacement.
[2025-09-24 09:29:04.076] WARNING - Duplicate atom key "clockWarning". This is a FATAL ERROR in
      production. But it is safe to ignore this warning if it occurred because of
      hot module replacement.
[2025-09-24 09:29:04.081] WARNING - Duplicate atom key "breakpoint". This is a FATAL ERROR in
      production. But it is safe to ignore this warning if it occurred because of
      hot module replacement.
[2025-09-24 09:29:04.082] WARNING - Duplicate atom key "breakpoint". This is a FATAL ERROR in
      production. But it is safe to ignore this warning if it occurred because of
      hot module replacement.
[2025-09-24 09:29:04.084] WARNING - Duplicate atom key "inMobileRange". This is a FATAL ERROR in
      production. But it is safe to ignore this warning if it occurred because of
      hot module replacement.
[2025-09-24 09:29:04.085] WARNING - Duplicate atom key "inMobileRange". This is a FATAL ERROR in
      production. But it is safe to ignore this warning if it occurred because of
      hot module replacement.
[2025-09-24 09:29:04.086] WARNING - Duplicate atom key "gridSpacing". This is a FATAL ERROR in
      production. But it is safe to ignore this warning if it occurred because of
      hot module replacement.
[2025-09-24 09:29:04.087] WARNING - Duplicate atom key "gridSpacing". This is a FATAL ERROR in
      production. But it is safe to ignore this warning if it occurred because of
      hot module replacement.
[2025-09-24 09:29:04.088] WARNING - Duplicate atom key "login". This is a FATAL ERROR in
      production. But it is safe to ignore this warning if it occurred because of
      hot module replacement.
[2025-09-24 09:29:04.088] WARNING - Duplicate atom key "login". This is a FATAL ERROR in
      production. But it is safe to ignore this warning if it occurred because of
      hot module replacement.
[2025-09-24 09:29:04.088] WARNING - Duplicate atom key "error". This is a FATAL ERROR in
      production. But it is safe to ignore this warning if it occurred because of
      hot module replacement.
[2025-09-24 09:29:04.088] WARNING - Duplicate atom key "error". This is a FATAL ERROR in
      production. But it is safe to ignore this warning if it occurred because of
      hot module replacement.
[2025-09-24 09:29:04.089] WARNING - Duplicate atom key "contactInfos2". This is a FATAL ERROR in
      production. But it is safe to ignore this warning if it occurred because of
      hot module replacement.
[2025-09-24 09:29:04.089] WARNING - Duplicate atom key "contactInfos2". This is a FATAL ERROR in
      production. But it is safe to ignore this warning if it occurred because of
      hot module replacement.
[2025-09-24 09:29:04.089] WARNING - Duplicate atom key "individualApplicantsTimestamp". This is a FATAL ERROR in
      production. But it is safe to ignore this warning if it occurred because of
      hot module replacement.
[2025-09-24 09:29:04.089] WARNING - Duplicate atom key "individualApplicantsTimestamp". This is a FATAL ERROR in
      production. But it is safe to ignore this warning if it occurred because of
      hot module replacement.
[2025-09-24 09:29:04.089] WARNING - Duplicate atom key "customerApplication". This is a FATAL ERROR in
      production. But it is safe to ignore this warning if it occurred because of
      hot module replacement.
[2025-09-24 09:29:04.090] WARNING - Duplicate atom key "customerApplication". This is a FATAL ERROR in
      production. But it is safe to ignore this warning if it occurred because of
      hot module replacement.
[2025-09-24 09:29:04.090] WARNING - Duplicate atom key "individualApplicants". This is a FATAL ERROR in
      production. But it is safe to ignore this warning if it occurred because of
      hot module replacement.
[2025-09-24 09:29:04.090] WARNING - Duplicate atom key "individualApplicants". This is a FATAL ERROR in
      production. But it is safe to ignore this warning if it occurred because of
      hot module replacement.
[2025-09-24 09:29:04.090] WARNING - Duplicate atom key "clearingHouses". This is a FATAL ERROR in
      production. But it is safe to ignore this warning if it occurred because of
      hot module replacement.
[2025-09-24 09:29:04.090] WARNING - Duplicate atom key "clearingHouses". This is a FATAL ERROR in
      production. But it is safe to ignore this warning if it occurred because of
      hot module replacement.
[2025-09-24 09:29:04.091] WARNING - Duplicate atom key "clearXClearingHouse". This is a FATAL ERROR in
      production. But it is safe to ignore this warning if it occurred because of
      hot module replacement.
[2025-09-24 09:29:04.091] WARNING - Duplicate atom key "clearXClearingHouse". This is a FATAL ERROR in
      production. But it is safe to ignore this warning if it occurred because of
      hot module replacement.
[2025-09-24 09:29:04.091] WARNING - Duplicate atom key "applicationClearingHouse". This is a FATAL ERROR in
      production. But it is safe to ignore this warning if it occurred because of
      hot module replacement.
[2025-09-24 09:29:04.092] WARNING - Duplicate atom key "applicationClearingHouse". This is a FATAL ERROR in
      production. But it is safe to ignore this warning if it occurred because of
      hot module replacement.
[2025-09-24 09:29:04.092] WARNING - Duplicate atom key "userLocation". This is a FATAL ERROR in
      production. But it is safe to ignore this warning if it occurred because of
      hot module replacement.
[2025-09-24 09:29:04.092] WARNING - Duplicate atom key "userLocation". This is a FATAL ERROR in
      production. But it is safe to ignore this warning if it occurred because of
      hot module replacement.
[2025-09-24 09:29:04.092] WARNING - Duplicate atom key "savedApplicationsTimestamp". This is a FATAL ERROR in
      production. But it is safe to ignore this warning if it occurred because of
      hot module replacement.
[2025-09-24 09:29:04.092] WARNING - Duplicate atom key "savedApplicationsTimestamp". This is a FATAL ERROR in
      production. But it is safe to ignore this warning if it occurred because of
      hot module replacement.
[2025-09-24 09:29:04.093] WARNING - Duplicate atom key "savedApplications". This is a FATAL ERROR in
      production. But it is safe to ignore this warning if it occurred because of
      hot module replacement.
[2025-09-24 09:29:04.093] WARNING - Duplicate atom key "savedApplications". This is a FATAL ERROR in
      production. But it is safe to ignore this warning if it occurred because of
      hot module replacement.
[2025-09-24 09:29:04.093] WARNING - Duplicate atom key "step". This is a FATAL ERROR in
      production. But it is safe to ignore this warning if it occurred because of
      hot module replacement.
[2025-09-24 09:29:04.093] WARNING - Duplicate atom key "step". This is a FATAL ERROR in
      production. But it is safe to ignore this warning if it occurred because of
      hot module replacement.
[2025-09-24 09:29:04.093] WARNING - Duplicate atom key "checkStates". This is a FATAL ERROR in
      production. But it is safe to ignore this warning if it occurred because of
      hot module replacement.
[2025-09-24 09:29:04.093] WARNING - Duplicate atom key "checkStates". This is a FATAL ERROR in
      production. But it is safe to ignore this warning if it occurred because of
      hot module replacement.
[2025-09-24 09:29:04.093] WARNING - Duplicate atom key "signStates". This is a FATAL ERROR in
      production. But it is safe to ignore this warning if it occurred because of
      hot module replacement.
[2025-09-24 09:29:04.094] WARNING - Duplicate atom key "signStates". This is a FATAL ERROR in
      production. But it is safe to ignore this warning if it occurred because of
      hot module replacement.
[2025-09-24 09:29:04.094] WARNING - Duplicate atom key "wizard". This is a FATAL ERROR in
      production. But it is safe to ignore this warning if it occurred because of
      hot module replacement.
[2025-09-24 09:29:04.094] WARNING - Duplicate atom key "wizard". This is a FATAL ERROR in
      production. But it is safe to ignore this warning if it occurred because of
      hot module replacement.
[2025-09-24 09:29:04.094] WARNING - Duplicate atom key "formBuilder". This is a FATAL ERROR in
      production. But it is safe to ignore this warning if it occurred because of
      hot module replacement.
[2025-09-24 09:29:04.094] WARNING - Duplicate atom key "formBuilder". This is a FATAL ERROR in
      production. But it is safe to ignore this warning if it occurred because of
      hot module replacement.
[2025-09-24 09:29:04.094] WARNING - Duplicate atom key "headerSlot". This is a FATAL ERROR in
      production. But it is safe to ignore this warning if it occurred because of
      hot module replacement.
[2025-09-24 09:29:04.095] WARNING - Duplicate atom key "headerSlot". This is a FATAL ERROR in
      production. But it is safe to ignore this warning if it occurred because of
      hot module replacement.
[2025-09-24 09:29:04.095] WARNING - Duplicate atom key "footerSlot". This is a FATAL ERROR in
      production. But it is safe to ignore this warning if it occurred because of
      hot module replacement.
[2025-09-24 09:29:04.095] WARNING - Duplicate atom key "footerSlot". This is a FATAL ERROR in
      production. But it is safe to ignore this warning if it occurred because of
      hot module replacement.
[2025-09-24 09:29:04.095] WARNING - Duplicate atom key "alloyJourneyToken". This is a FATAL ERROR in
      production. But it is safe to ignore this warning if it occurred because of
      hot module replacement.
[2025-09-24 09:29:04.096] WARNING - Duplicate atom key "alloyJourneyToken". This is a FATAL ERROR in
      production. But it is safe to ignore this warning if it occurred because of
      hot module replacement.
[2025-09-24 09:29:04.096] DEBUG - [bugsnag] Loaded!
[2025-09-24 09:29:04.096] DEBUG - [bugsnag] Loaded!
[2025-09-24 09:29:04.096] INFO - Version 3.250919.0 prod production 
[2025-09-24 09:29:04.096] INFO - Version 3.250919.0 prod production 
[2025-09-24 09:29:04.096] INFO - Time: Wed Sep 24 2025 09:29:04 GMT-0500 (Central Daylight Time)
[2025-09-24 09:29:04.096] INFO - Time:
[2025-09-24 09:29:04.118] LOG - 14:29:04.117Z Try to restore session
[2025-09-24 09:29:04.119] LOG - 14:29:04.117Z Try to restore session
[2025-09-24 09:29:04.120] LOG - 14:29:04.118Z Access token will be renewed in 75 minutes; expired: Wed Sep 24 2025 10:49:02 GMT-0500 (Central Daylight Time), now: Wed Sep 24 2025 09:29:04 GMT-0500 (Central Daylight Time)
[2025-09-24 09:29:04.120] LOG - 14:29:04.118Z Access token will be renewed in 75 minutes; expired: Wed Sep 24 2025 10:49:02 GMT-0500 (Central Daylight Time), now: Wed Sep 24 2025 09:29:04 GMT-0500 (Central Daylight Time)
[2025-09-24 09:29:04.125] WARNING - 14:29:04.124Z [LaunchDarkly] The waitForInitialization function was called without a timeout specified. In a future version a default timeout will be applied.
[2025-09-24 09:29:04.126] WARNING - 14:29:04.124Z [LaunchDarkly] The waitForInitialization function was called without a timeout specified. In a future version a default timeout will be applied.
[2025-09-24 09:29:04.134] INFO - 14:29:04.133Z chart cache state: islands=8, bars=3777
[2025-09-24 09:29:04.135] INFO - 14:29:04.133Z chart cache state: islands=8, bars=3777
[2025-09-24 09:29:04.135] INFO - 14:29:04.133Z Chart history database initialized
[2025-09-24 09:29:04.136] INFO - 14:29:04.133Z Chart history database initialized
[2025-09-24 09:29:04.139] INFO - 14:29:04.138Z [LaunchDarkly] LaunchDarkly client initialized
[2025-09-24 09:29:04.140] INFO - 14:29:04.138Z [LaunchDarkly] LaunchDarkly client initialized
[2025-09-24 09:29:04.140] INFO - 14:29:04.138Z [LaunchDarkly] Opening stream connection to https://clientstream.launchdarkly.com/eval/66cdf5b9cf61891061b4e437/eyJraW5kIjoidXNlciIsImtleSI6InVua25vd24iLCJhbm9ueW1vdXMiOmZhbHNlfQ
[2025-09-24 09:29:04.140] INFO - 14:29:04.138Z [LaunchDarkly] Opening stream connection to https://clientstream.launchdarkly.com/eval/66cdf5b9cf61891061b4e437/eyJraW5kIjoidXNlciIsImtleSI6InVua25vd24iLCJhbm9ueW1vdXMiOmZhbHNlfQ
[2025-09-24 09:29:04.782] INFO - 14:29:04.780Z [LaunchDarkly] Closing stream connection
[2025-09-24 09:29:04.783] INFO - 14:29:04.780Z [LaunchDarkly] Closing stream connection
[2025-09-24 09:29:04.783] INFO - 14:29:04.780Z [LaunchDarkly] Opening stream connection to https://clientstream.launchdarkly.com/eval/66cdf5b9cf61891061b4e437/eyJraW5kIjoidXNlciIsImtleSI6IjQ2NTYwMjciLCJkZXZpY2UiOiJkZXNrdG9wIiwidXNlcklkIjo0NjU2MDI3LCJpcENvdW50cnkiOiIiLCJvcmdOYW1lIjoiVERWIiwibmFtZSI6IlplbmV4MzI5OCIsImxhbmRpbmdQYXJhbXMiOiIifQ
[2025-09-24 09:29:04.783] INFO - 14:29:04.780Z [LaunchDarkly] Opening stream connection to https://clientstream.launchdarkly.com/eval/66cdf5b9cf61891061b4e437/eyJraW5kIjoidXNlciIsImtleSI6IjQ2NTYwMjciLCJkZXZpY2UiOiJkZXNrdG9wIiwidXNlcklkIjo0NjU2MDI3LCJpcENvdW50cnkiOiIiLCJvcmdOYW1lIjoiVERWIiwibmFtZSI6IlplbmV4MzI5OCIsImxhbmRpbmdQYXJhbXMiOiIifQ
[2025-09-24 09:29:04.832] INFO - 14:29:04.831Z [LaunchDarkly] Closing stream connection
[2025-09-24 09:29:04.833] INFO - 14:29:04.831Z [LaunchDarkly] Closing stream connection
[2025-09-24 09:29:04.833] INFO - 14:29:04.831Z [LaunchDarkly] Opening stream connection to https://clientstream.launchdarkly.com/eval/66cdf5b9cf61891061b4e437/eyJraW5kIjoidXNlciIsImtleSI6IjQ2NTYwMjciLCJkZXZpY2UiOiJkZXNrdG9wIiwidXNlcklkIjo0NjU2MDI3LCJpcENvdW50cnkiOiJVUyIsIm9yZ05hbWUiOiJURFYiLCJuYW1lIjoiWmVuZXgzMjk4IiwibGFuZGluZ1BhcmFtcyI6IiJ9
[2025-09-24 09:29:04.833] INFO - 14:29:04.831Z [LaunchDarkly] Opening stream connection to https://clientstream.launchdarkly.com/eval/66cdf5b9cf61891061b4e437/eyJraW5kIjoidXNlciIsImtleSI6IjQ2NTYwMjciLCJkZXZpY2UiOiJkZXNrdG9wIiwidXNlcklkIjo0NjU2MDI3LCJpcENvdW50cnkiOiJVUyIsIm9yZ05hbWUiOiJURFYiLCJuYW1lIjoiWmVuZXgzMjk4IiwibGFuZGluZ1BhcmFtcyI6IiJ9
[2025-09-24 09:29:04.881] LOG - 14:29:04.877Z opening https://demo.tradovateapi.com/
[2025-09-24 09:29:04.881] LOG - 14:29:04.877Z opening https://demo.tradovateapi.com/
[2025-09-24 09:29:04.885] LOG - 14:29:04.884Z Hotkeys initialized {"Shift+Digit1":["orders/selectColumns"],"Shift+Digit2":["orders/showFilters"],"Shift+Digit3":["orders/standardTableView"],"Shift+Digit4":["orders/linkedOrdersView"],"Command+Shift+Digit0":["dom-chart/exit-and-cancel"]}
[2025-09-24 09:29:04.885] LOG - 14:29:04.884Z Hotkeys initialized {"Shift+Digit1":["orders/selectColumns"],"Shift+Digit2":["orders/showFilters"],"Shift+Digit3":["orders/standardTableView"],"Shift+Digit4":["orders/linkedOrdersView"],"Command+Shift+Digit0":["dom-chart/exit-and-cancel"]}
[2025-09-24 09:29:04.951] LOG - 14:29:04.950Z websocket opened
[2025-09-24 09:29:04.951] LOG - 14:29:04.950Z websocket opened
[2025-09-24 09:29:05.004] LOG - 14:29:05.003Z opening https://md-demo.tradovateapi.com/
[2025-09-24 09:29:05.007] LOG - 14:29:05.003Z opening https://md-demo.tradovateapi.com/
[2025-09-24 09:29:05.008] LOG - 14:29:05.004Z Connection:  open
[2025-09-24 09:29:05.010] LOG - 14:29:05.004Z Connection:  open
[2025-09-24 09:29:05.981] LOG - 14:29:05.981Z WebGL:  {"isWebGL2":true,"precision":"highp","logarithmicDepthBuffer":false,"maxTextures":16,"maxVertexTextures":16,"maxTextureSize":16384,"maxCubemapSize":16384,"maxAttributes":16,"maxVertexUniforms":1024,"maxVaryings":30,"maxFragmentUniforms":1024,"vertexTextures":true,"floatFragmentTextures":true,"floatVertexTextures":true,"maxSamples":8} , devicePixelRatio:  2
[2025-09-24 09:29:05.987] LOG - 14:29:05.981Z Canvas size: 962 998 dpp:  2
[2025-09-24 09:29:06.027] LOG - 14:29:05.992Z Loading App-level Plugins
[2025-09-24 09:29:06.028] LOG - 14:29:05.992Z Loading App-level Plugins
[2025-09-24 09:29:06.029] LOG - 14:29:06.004Z WebGL:  {"isWebGL2":true,"precision":"highp","logarithmicDepthBuffer":false,"maxTextures":16,"maxVertexTextures":16,"maxTextureSize":16384,"maxCubemapSize":16384,"maxAttributes":16,"maxVertexUniforms":1024,"maxVaryings":30,"maxFragmentUniforms":1024,"vertexTextures":true,"floatFragmentTextures":true,"floatVertexTextures":true,"maxSamples":8} , devicePixelRatio:  2
[2025-09-24 09:29:06.029] LOG - 14:29:06.005Z Canvas size: 962 998 dpp:  2
[2025-09-24 09:29:06.107] LOG - 14:29:06.074Z websocket opened
[2025-09-24 09:29:06.107] LOG - 14:29:06.074Z websocket opened
[2025-09-24 09:29:06.294] LOG - 14:29:06.294Z loadAppLevelPlugins:  [object Object]
[2025-09-24 09:29:06.295] LOG - 14:29:06.294Z loadAppLevelPlugins: 
[2025-09-24 09:29:07.016] LOG - 14:29:06.981Z jailing is in progress
[2025-09-24 09:29:07.017] LOG - 14:29:06.981Z jailing is in progress
[2025-09-24 09:29:07.269] LOG - 14:29:07.267Z pending jailing done. next starts
[2025-09-24 09:29:07.269] LOG - 14:29:07.267Z pending jailing done. next starts
[2025-09-24 09:29:08.067] LOG - 14:29:08.066Z created chart 1
[2025-09-24 09:29:08.208] LOG - 14:29:08.207Z requestChart: {"symbol":"3267312","chartDescription":{"underlyingType":"Tick","elementSize":5000,"elementSizeUnit":"UnderlyingUnits","withHistogram":false},"timeRange":{"asMuchAsElements":300}}
[2025-09-24 09:29:08.209] LOG - 14:29:08.207Z requestChart: {"symbol":"3267312","chartDescription":{"underlyingType":"Tick","elementSize":5000,"elementSizeUnit":"UnderlyingUnits","withHistogram":false},"timeRange":{"asMuchAsElements":300}}
[2025-09-24 09:29:08.209] LOG - 14:29:08.207Z mdMgApi open
[2025-09-24 09:29:08.209] LOG - 14:29:08.207Z mdMgApi open
[2025-09-24 09:29:08.360] LOG - 14:29:08.349Z updating the shared isolation
[2025-09-24 09:29:08.361] LOG - 14:29:08.349Z updating the shared isolation
[2025-09-24 09:29:12.387] LOG - 14:29:12.386Z Auto Order script initialized - AUTOMATIC HOT RELOAD SUCCESS!
[2025-09-24 09:29:12.387] LOG - 14:29:12.386Z Auto Order script initialized - AUTOMATIC HOT RELOAD SUCCESS!
[2025-09-24 09:29:12.388] LOG - 14:29:12.387Z Creating UI...
[2025-09-24 09:29:12.389] LOG - 14:29:12.387Z Creating UI...
[2025-09-24 09:29:12.389] LOG - 14:29:12.387Z Creating UI
[2025-09-24 09:29:12.389] LOG - 14:29:12.387Z Creating UI
[2025-09-24 09:29:12.389] LOG - 14:29:12.387Z Stored values: TP=120, SL=40, Qty=30, Tick=0.25, Symbol=NQ
[2025-09-24 09:29:12.389] LOG - 14:29:12.387Z Stored values: TP=120, SL=40, Qty=30, Tick=0.25, Symbol=NQ
[2025-09-24 09:29:12.390] LOG - 14:29:12.389Z UI container added to DOM
[2025-09-24 09:29:12.390] LOG - 14:29:12.389Z UI container added to DOM
[2025-09-24 09:29:12.391] LOG - 14:29:12.389Z Setting up UI event handlers
[2025-09-24 09:29:12.392] LOG - 14:29:12.389Z Setting up UI event handlers
[2025-09-24 09:29:12.392] LOG - 14:29:12.389Z Setting up persistent settings
[2025-09-24 09:29:12.393] LOG - 14:29:12.389Z Setting up persistent settings
[2025-09-24 09:29:12.394] LOG - 14:29:12.390Z Setting up drag functionality
[2025-09-24 09:29:12.395] LOG - 14:29:12.390Z Setting up drag functionality
[2025-09-24 09:29:12.396] LOG - 14:29:12.390Z Setting up trade buttons
[2025-09-24 09:29:12.396] LOG - 14:29:12.390Z Setting up trade buttons
[2025-09-24 09:29:12.397] LOG - 14:29:12.390Z UI creation complete
[2025-09-24 09:29:12.398] LOG - 14:29:12.390Z UI creation complete
[2025-09-24 09:29:12.398] LOG - 14:29:12.390Z Creating example front-quarter symbol
[2025-09-24 09:29:12.398] LOG - 14:29:12.390Z Creating example front-quarter symbol
[2025-09-24 09:29:12.398] LOG - 14:29:12.390Z getQuarterlyCode called with date: 2025-09-24T14:29:12.390Z
[2025-09-24 09:29:12.398] LOG - 14:29:12.390Z getQuarterlyCode called with date: 2025-09-24T14:29:12.390Z
[2025-09-24 09:29:12.398] LOG - 14:29:12.390Z Current month index: 8
[2025-09-24 09:29:12.398] LOG - 14:29:12.390Z Current month index: 8
[2025-09-24 09:29:12.399] LOG - 14:29:12.390Z Starting calculation with year=2025, month=8
[2025-09-24 09:29:12.399] LOG - 14:29:12.390Z Starting calculation with year=2025, month=8
[2025-09-24 09:29:12.399] LOG - 14:29:12.390Z Calculated quarterly code: letter=Z, yearDigit=5
[2025-09-24 09:29:12.399] LOG - 14:29:12.390Z Calculated quarterly code: letter=Z, yearDigit=5
[2025-09-24 09:29:12.399] LOG - 14:29:12.390Z Example front-quarter symbol created: NQZ5
[2025-09-24 09:29:12.399] LOG - 14:29:12.390Z Example front-quarter symbol created: NQZ5
[2025-09-24 09:29:12.406] LOG - 14:29:12.405Z Auto Risk Management: Running initial risk assessment...
[2025-09-24 09:29:12.408] LOG - 14:29:12.405Z Auto Risk Management: Running initial risk assessment...
[2025-09-24 09:29:12.409] LOG - 14:29:12.406Z [analyzePhase] resetting phaseData
[2025-09-24 09:29:12.410] LOG - 14:29:12.406Z [analyzePhase] resetting phaseData
[2025-09-24 09:29:12.410] LOG - 14:29:12.406Z [analyzePhase] set phase 1 maxActive to 1
[2025-09-24 09:29:12.411] LOG - 14:29:12.406Z [analyzePhase] set phase 1 maxActive to 1
[2025-09-24 09:29:12.412] LOG - 14:29:12.406Z [analyzePhase] increased phase 2 maxActive to 1
[2025-09-24 09:29:12.413] LOG - 14:29:12.406Z [analyzePhase] increased phase 2 maxActive to 1
[2025-09-24 09:29:12.414] LOG - 14:29:12.407Z [updateUserColumnPhaseStatus] Starting...
[2025-09-24 09:29:12.415] LOG - 14:29:12.407Z [updateUserColumnPhaseStatus] Starting...
[2025-09-24 09:29:12.415] LOG - 14:29:12.407Z [updateUserColumnPhaseStatus] Found 1 rows
[2025-09-24 09:29:12.415] LOG - 14:29:12.407Z [updateUserColumnPhaseStatus] Found 1 rows
[2025-09-24 09:29:12.415] LOG - 14:29:12.407Z [updateUserColumnPhaseStatus] Header cells: Account ▲,Total Available Margin,User,Dist Drawdown Net Liq,Dollar Open P L,Dollar Total P L
[2025-09-24 09:29:12.416] LOG - 14:29:12.407Z [updateUserColumnPhaseStatus] Header cells:
[2025-09-24 09:29:12.416] LOG - 14:29:12.407Z [updateUserColumnPhaseStatus] Found User column at index 2
[2025-09-24 09:29:12.416] LOG - 14:29:12.407Z [updateUserColumnPhaseStatus] Found User column at index 2
[2025-09-24 09:29:12.416] LOG - 14:29:12.407Z [updateUserColumnPhaseStatus] Getting table data...
[2025-09-24 09:29:12.417] LOG - 14:29:12.407Z [updateUserColumnPhaseStatus] Getting table data...
[2025-09-24 09:29:12.418] LOG - 14:29:12.407Z [analyzePhase] resetting phaseData
[2025-09-24 09:29:12.418] LOG - 14:29:12.407Z [analyzePhase] resetting phaseData
[2025-09-24 09:29:12.419] LOG - 14:29:12.408Z [analyzePhase] set phase 1 maxActive to 1
[2025-09-24 09:29:12.420] LOG - 14:29:12.408Z [analyzePhase] set phase 1 maxActive to 1
[2025-09-24 09:29:12.420] LOG - 14:29:12.408Z [analyzePhase] increased phase 2 maxActive to 1
[2025-09-24 09:29:12.420] LOG - 14:29:12.408Z [analyzePhase] increased phase 2 maxActive to 1
[2025-09-24 09:29:12.420] LOG - 14:29:12.408Z [updateUserColumnPhaseStatus] Table data: 0 rows
[2025-09-24 09:29:12.421] LOG - 14:29:12.408Z [updateUserColumnPhaseStatus] Table data: 0 rows
[2025-09-24 09:29:12.421] ERROR - 14:29:12.408Z [updateUserColumnPhaseStatus] No data from getTableData()
[2025-09-24 09:29:12.421] ERROR - 14:29:12.408Z [updateUserColumnPhaseStatus] No data from getTableData()
[2025-09-24 09:29:12.434] warning - The AudioContext was not allowed to start. It must be resumed (or created) after a user gesture on the page. https://developer.chrome.com/blog/autoplay/#web_audio
[2025-09-24 09:29:12.435] LOG - 14:29:12.423Z Auto Risk Management: Initial risk assessment completed
[2025-09-24 09:29:12.435] LOG - 14:29:12.423Z Auto Risk Management: Initial risk assessment completed
[2025-09-24 09:29:13.427] LOG - 14:29:13.426Z [analyzePhase] resetting phaseData
[2025-09-24 09:29:13.428] LOG - 14:29:13.426Z [analyzePhase] resetting phaseData
[2025-09-24 09:29:13.430] LOG - 14:29:13.426Z [analyzePhase] set phase 1 maxActive to 1
[2025-09-24 09:29:13.430] LOG - 14:29:13.426Z [analyzePhase] set phase 1 maxActive to 1
[2025-09-24 09:29:13.430] LOG - 14:29:13.426Z [analyzePhase] increased phase 2 maxActive to 1
[2025-09-24 09:29:13.431] LOG - 14:29:13.426Z [analyzePhase] increased phase 2 maxActive to 1
[2025-09-24 09:29:13.431] WARNING - 14:29:13.427Z Error in deferred func: TypeError: Cannot read properties of undefined (reading 'querySelector'), function(){d(a),f(function(){d(null)},0);var e=i.apply(this,arguments);return d(null),e} TypeError: Cannot read properties of undefined (reading 'querySelector'),    at <anonymous>:377:98,    at i.__trace__ (https://cdn.tradovate.com/tradovate/scripts/4418.33639a7d.js:2:4608573),    at https://cdn.tradovate.com/tradovate/scripts/4418.33639a7d.js:2:3542342
[2025-09-24 09:29:13.431] WARNING - 14:29:13.427Z Error in deferred func: TypeError: Cannot read properties of undefined (reading 'querySelector'), function(){d(a),f(function(){d(null)},0);var e=i.apply(this,arguments);return d(null),e}
[2025-09-24 09:29:13.441] LOG - 14:29:13.440Z Executing initial risk management assessment...
[2025-09-24 09:29:13.443] LOG - 14:29:13.440Z Executing initial risk management assessment...
[2025-09-24 09:29:13.444] ERROR - 14:29:13.440Z getTableData function not found
[2025-09-24 09:29:13.445] ERROR - 14:29:13.440Z getTableData function not found
[2025-09-24 09:29:13.446] ERROR - 14:29:13.441Z updateUserColumnPhaseStatus function not found
[2025-09-24 09:29:13.447] ERROR - 14:29:13.441Z updateUserColumnPhaseStatus function not found
[2025-09-24 09:29:13.447] ERROR - 14:29:13.441Z performAccountActions function not found
[2025-09-24 09:29:13.448] ERROR - 14:29:13.441Z performAccountActions function not found
[2025-09-24 09:29:13.448] LOG - 14:29:13.441Z Risk management assessment completed
[2025-09-24 09:29:13.449] LOG - 14:29:13.441Z Risk management assessment completed
[2025-09-24 09:30:04.151] INFO - 14:30:04.149Z time stats. avg diff: -188, min: -188, max: -188, roundtrip: 26 msec, #1
[2025-09-24 09:30:04.151] INFO - 14:30:04.149Z time stats. avg diff: -188, min: -188, max: -188, roundtrip: 26 msec, #1
[2025-09-24 09:31:06.019] LOG - 14:31:06.018Z WebGL:  {"geometries":70,"textures":1} 6 , devicePixelRatio:  2
[2025-09-24 09:32:59.343] INFO - 14:32:59.289Z visibilitychange: hidden, gd: 1000
[2025-09-24 09:32:59.344] INFO - 14:32:59.289Z visibilitychange: hidden, gd: 1000
