[2025-09-24 09:09:29.542] LOG - 14:09:29.540Z Starting login process for: stonkz92224@gmail.com
[2025-09-24 09:09:29.544] LOG - 14:09:29.540Z Starting login process for: stonkz92224@gmail.com
[2025-09-24 09:09:29.545] LOG - 14:09:29.540Z Auto login function executing for: stonkz92224@gmail.com
[2025-09-24 09:09:29.546] LOG - 14:09:29.540Z Auto login function executing for: stonkz92224@gmail.com
[2025-09-24 09:09:29.547] LOG - 14:09:29.541Z Login form found, filling credentials...
[2025-09-24 09:09:29.548] LOG - 14:09:29.541Z Login form found, filling credentials...
[2025-09-24 09:09:29.750] LOG - 14:09:29.590Z Test element added to DOM
[2025-09-24 09:09:29.751] LOG - 14:09:29.590Z Test element added to DOM
[2025-09-24 09:09:29.756] LOG - 14:09:29.754Z All browser alerts and confirmations have been disabled
[2025-09-24 09:09:29.757] LOG - 14:09:29.754Z All browser alerts and confirmations have been disabled
[2025-09-24 09:09:30.058] LOG - 14:09:30.056Z Clicking login button...
[2025-09-24 09:09:30.058] LOG - 14:09:30.056Z Clicking login button...
[2025-09-24 09:09:30.074] LOG - 14:09:30.069Z authentication starting
[2025-09-24 09:09:30.075] LOG - 14:09:30.069Z authentication starting
[2025-09-24 09:09:30.521] warning - The AudioContext was not allowed to start. It must be resumed (or created) after a user gesture on the page. https://developer.chrome.com/blog/autoplay/#web_audio
[2025-09-24 09:09:30.527] LOG - 14:09:30.501Z Watching for account selection page...
[2025-09-24 09:09:30.528] LOG - 14:09:30.501Z Watching for account selection page...
[2025-09-24 09:09:30.901] LOG - 14:09:30.899Z Access token will be renewed in 75 minutes; expired: Wed Sep 24 2025 10:29:30 GMT-0500 (Central Daylight Time), now: Wed Sep 24 2025 09:09:30 GMT-0500 (Central Daylight Time)
[2025-09-24 09:09:30.903] LOG - 14:09:30.899Z Access token will be renewed in 75 minutes; expired: Wed Sep 24 2025 10:29:30 GMT-0500 (Central Daylight Time), now: Wed Sep 24 2025 09:09:30 GMT-0500 (Central Daylight Time)
[2025-09-24 09:09:31.247] INFO - 14:09:31.245Z [LaunchDarkly] Closing stream connection
[2025-09-24 09:09:31.249] INFO - 14:09:31.245Z [LaunchDarkly] Closing stream connection
[2025-09-24 09:09:31.249] INFO - 14:09:31.246Z [LaunchDarkly] Opening stream connection to https://clientstream.launchdarkly.com/eval/66cdf5b9cf61891061b4e437/eyJraW5kIjoidXNlciIsImtleSI6IjM2NTUwNTkiLCJkZXZpY2UiOiJkZXNrdG9wIiwidXNlcklkIjozNjU1MDU5LCJpcENvdW50cnkiOiJVUyIsIm9yZ05hbWUiOiJURFYiLCJuYW1lIjoiU3Rvbmt6OTIyMjQiLCJsYW5kaW5nUGFyYW1zIjoiIn0
[2025-09-24 09:09:31.249] INFO - 14:09:31.246Z [LaunchDarkly] Opening stream connection to https://clientstream.launchdarkly.com/eval/66cdf5b9cf61891061b4e437/eyJraW5kIjoidXNlciIsImtleSI6IjM2NTUwNTkiLCJkZXZpY2UiOiJkZXNrdG9wIiwidXNlcklkIjozNjU1MDU5LCJpcENvdW50cnkiOiJVUyIsIm9yZ05hbWUiOiJURFYiLCJuYW1lIjoiU3Rvbmt6OTIyMjQiLCJsYW5kaW5nUGFyYW1zIjoiIn0
[2025-09-24 09:09:31.319] INFO - 14:09:31.310Z [LaunchDarkly] Closing stream connection
[2025-09-24 09:09:31.323] INFO - 14:09:31.310Z [LaunchDarkly] Closing stream connection
[2025-09-24 09:09:31.328] INFO - 14:09:31.310Z [LaunchDarkly] Opening stream connection to https://clientstream.launchdarkly.com/eval/66cdf5b9cf61891061b4e437/eyJraW5kIjoidXNlciIsImtleSI6IjM2NTUwNTkiLCJkZXZpY2UiOiJkZXNrdG9wIiwidXNlcklkIjozNjU1MDU5LCJpcENvdW50cnkiOiJVUyIsIm9yZ05hbWUiOiJURFYiLCJuYW1lIjoiU3Rvbmt6OTIyMjQiLCJsYW5kaW5nUGFyYW1zIjoiIn0
[2025-09-24 09:09:31.329] INFO - 14:09:31.310Z [LaunchDarkly] Opening stream connection to https://clientstream.launchdarkly.com/eval/66cdf5b9cf61891061b4e437/eyJraW5kIjoidXNlciIsImtleSI6IjM2NTUwNTkiLCJkZXZpY2UiOiJkZXNrdG9wIiwidXNlcklkIjozNjU1MDU5LCJpcENvdW50cnkiOiJVUyIsIm9yZ05hbWUiOiJURFYiLCJuYW1lIjoiU3Rvbmt6OTIyMjQiLCJsYW5kaW5nUGFyYW1zIjoiIn0
[2025-09-24 09:09:31.332] INFO - 14:09:31.331Z [LaunchDarkly] Closing stream connection
[2025-09-24 09:09:31.334] INFO - 14:09:31.331Z [LaunchDarkly] Closing stream connection
[2025-09-24 09:09:31.334] INFO - 14:09:31.332Z [LaunchDarkly] Opening stream connection to https://clientstream.launchdarkly.com/eval/66cdf5b9cf61891061b4e437/eyJraW5kIjoidXNlciIsImtleSI6IjM2NTUwNTkiLCJkZXZpY2UiOiJkZXNrdG9wIiwidXNlcklkIjozNjU1MDU5LCJpcENvdW50cnkiOiJVUyIsIm9yZ05hbWUiOiJURFYiLCJuYW1lIjoiU3Rvbmt6OTIyMjQiLCJsYW5kaW5nUGFyYW1zIjoiIn0
[2025-09-24 09:09:31.335] INFO - 14:09:31.332Z [LaunchDarkly] Opening stream connection to https://clientstream.launchdarkly.com/eval/66cdf5b9cf61891061b4e437/eyJraW5kIjoidXNlciIsImtleSI6IjM2NTUwNTkiLCJkZXZpY2UiOiJkZXNrdG9wIiwidXNlcklkIjozNjU1MDU5LCJpcENvdW50cnkiOiJVUyIsIm9yZ05hbWUiOiJURFYiLCJuYW1lIjoiU3Rvbmt6OTIyMjQiLCJsYW5kaW5nUGFyYW1zIjoiIn0
[2025-09-24 09:09:32.503] LOG - 14:09:32.502Z Account selection page detected, clicking button...
[2025-09-24 09:09:32.503] LOG - 14:09:32.502Z Account selection page detected, clicking button...
[2025-09-24 09:09:32.649] LOG - 14:09:32.617Z Access token will be renewed in 75 minutes; expired: Wed Sep 24 2025 10:29:30 GMT-0500 (Central Daylight Time), now: Wed Sep 24 2025 09:09:32 GMT-0500 (Central Daylight Time)
[2025-09-24 09:09:32.650] LOG - 14:09:32.617Z Access token will be renewed in 75 minutes; expired: Wed Sep 24 2025 10:29:30 GMT-0500 (Central Daylight Time), now: Wed Sep 24 2025 09:09:32 GMT-0500 (Central Daylight Time)
[2025-09-24 09:09:33.263] error - Refused to connect to 'https://bat.bing.com/actionp/0?ti=26330043&Ver=2&mid=c8451a04-1e28-4ff1-9bf6-aa576f43594a&bo=2&sid=a82ace0097af11f0b51d4179c6f235dd&vid=99c3288092fe11f0bc7275adc39e6add&vids=0&msclkid=N&evt=pageHide' because it violates the following Content Security Policy directive: "connect-src wss://*.tradovate.com https://*.tradovate.com https://*.ntinnolab.com https://*.devel.ninjatrader.dev https://*.staging.ninjatrader.dev https://*.uat.ninjatrader.dev wss://*.ntinnolab.com wss://*.devel.ninjatrader.dev wss://*.staging.ninjatrader.dev wss://*.uat.ninjatrader.dev wss://*.tradovateapi.com https://*.tradovateapi.com https://*.ninjatrader.com https://cdn.walkme.com https://ec.walkme.com https://sessions.bugsnag.com https://notify.bugsnag.com https://*.plaid.com https://*.yodlee.com https://tradovate.zendesk.com https://rollout.ada.support https://static.ada.support https://ninjatrader.ada.support https://tradovate.ada.support https://ninjatrader-eap.ada.support/ https://demo-ninjatrader-gr.ada.support/ https://tradovate-gen.ada.support/ https://api.stripe.com https://apiproxy.ninjatrader.com https://apiproxy-d.ninjatrader.com https://us-autocomplete-pro.api.smartystreets.com https://international-autocomplete.api.smarty.com https://maps.googleapis.com https://accounts.google.com/ https://www.google.com https://www.googletagmanager.com/ https://*.browser-intake-datadoghq.com https://scripts.neuro-id.com https://receiver.neuroid.cloud https://logs.neuro-id.com https://firebaseinstallations.googleapis.com/ https://firebaseremoteconfig.googleapis.com/ https://logx.optimizely.com https://*.optimizely.com wss://mpsnare.iesnare.com wss://ci-mpsnare.iovation.com https://*.iovation.com/ https://*.reddit.com  https://www.redditstatic.com https://*.taboola.com https://*.launchdarkly.com https://*.alloy.co https://*.maze.co https://www.google-analytics.com https://analytics.google.com https://www.googletagmanager.com/ https://api.hubapi.com https://forms.hubspot.com https://stats.g.doubleclick.net https://alb.reddit.com https://analytics.twitter.com https://heapanalytics.com https://*.auryc.com https://*.contentsquare.net https://siteintercept.qualtrics.com https://api.userway.org/".

[2025-09-24 09:09:33.266] INFO - 14:09:33.260Z visibilitychange: hidden, gd: 1000
[2025-09-24 09:09:33.267] INFO - 14:09:33.260Z visibilitychange: hidden, gd: 1000
[2025-09-24 09:09:33.267] WARNING - 14:09:33.262Z [LaunchDarkly] Error on stream connection: {"isTrusted":true}, will continue retrying after 853 milliseconds.
[2025-09-24 09:09:33.268] WARNING - 14:09:33.262Z [LaunchDarkly] Error on stream connection: {"isTrusted":true}, will continue retrying after 853 milliseconds.
[2025-09-24 09:09:33.268] INFO - 14:09:33.263Z [LaunchDarkly] Closing stream connection
[2025-09-24 09:09:33.268] INFO - 14:09:33.263Z [LaunchDarkly] Closing stream connection
[2025-09-24 09:09:33.692] WARNING - Duplicate atom key "locale". This is a FATAL ERROR in
      production. But it is safe to ignore this warning if it occurred because of
      hot module replacement.
[2025-09-24 09:09:33.694] WARNING - Duplicate atom key "locale". This is a FATAL ERROR in
      production. But it is safe to ignore this warning if it occurred because of
      hot module replacement.
[2025-09-24 09:09:33.696] WARNING - Duplicate atom key "muiTheme". This is a FATAL ERROR in
      production. But it is safe to ignore this warning if it occurred because of
      hot module replacement.
[2025-09-24 09:09:33.699] WARNING - Duplicate atom key "muiTheme". This is a FATAL ERROR in
      production. But it is safe to ignore this warning if it occurred because of
      hot module replacement.
[2025-09-24 09:09:33.700] WARNING - Duplicate atom key "appLinksFooter". This is a FATAL ERROR in
      production. But it is safe to ignore this warning if it occurred because of
      hot module replacement.
[2025-09-24 09:09:33.701] WARNING - Duplicate atom key "appLinksFooter". This is a FATAL ERROR in
      production. But it is safe to ignore this warning if it occurred because of
      hot module replacement.
[2025-09-24 09:09:33.703] WARNING - Duplicate atom key "currentUserId2". This is a FATAL ERROR in
      production. But it is safe to ignore this warning if it occurred because of
      hot module replacement.
[2025-09-24 09:09:33.709] WARNING - Duplicate atom key "currentUserId2". This is a FATAL ERROR in
      production. But it is safe to ignore this warning if it occurred because of
      hot module replacement.
[2025-09-24 09:09:33.711] WARNING - Duplicate atom key "onboardingInProgress". This is a FATAL ERROR in
      production. But it is safe to ignore this warning if it occurred because of
      hot module replacement.
[2025-09-24 09:09:33.713] WARNING - Duplicate atom key "onboardingInProgress". This is a FATAL ERROR in
      production. But it is safe to ignore this warning if it occurred because of
      hot module replacement.
[2025-09-24 09:09:33.723] WARNING - Duplicate atom key "editing". This is a FATAL ERROR in
      production. But it is safe to ignore this warning if it occurred because of
      hot module replacement.
[2025-09-24 09:09:33.727] WARNING - Duplicate atom key "editing". This is a FATAL ERROR in
      production. But it is safe to ignore this warning if it occurred because of
      hot module replacement.
[2025-09-24 09:09:33.730] WARNING - Duplicate atom key "infoMessage". This is a FATAL ERROR in
      production. But it is safe to ignore this warning if it occurred because of
      hot module replacement.
[2025-09-24 09:09:33.732] WARNING - Duplicate atom key "infoMessage". This is a FATAL ERROR in
      production. But it is safe to ignore this warning if it occurred because of
      hot module replacement.
[2025-09-24 09:09:33.734] WARNING - Duplicate atom key "browserWarning". This is a FATAL ERROR in
      production. But it is safe to ignore this warning if it occurred because of
      hot module replacement.
[2025-09-24 09:09:33.738] WARNING - Duplicate atom key "browserWarning". This is a FATAL ERROR in
      production. But it is safe to ignore this warning if it occurred because of
      hot module replacement.
[2025-09-24 09:09:33.740] WARNING - Duplicate atom key "clockWarning". This is a FATAL ERROR in
      production. But it is safe to ignore this warning if it occurred because of
      hot module replacement.
[2025-09-24 09:09:33.742] WARNING - Duplicate atom key "clockWarning". This is a FATAL ERROR in
      production. But it is safe to ignore this warning if it occurred because of
      hot module replacement.
[2025-09-24 09:09:33.744] WARNING - Duplicate atom key "breakpoint". This is a FATAL ERROR in
      production. But it is safe to ignore this warning if it occurred because of
      hot module replacement.
[2025-09-24 09:09:33.746] WARNING - Duplicate atom key "breakpoint". This is a FATAL ERROR in
      production. But it is safe to ignore this warning if it occurred because of
      hot module replacement.
[2025-09-24 09:09:33.749] WARNING - Duplicate atom key "inMobileRange". This is a FATAL ERROR in
      production. But it is safe to ignore this warning if it occurred because of
      hot module replacement.
[2025-09-24 09:09:33.752] WARNING - Duplicate atom key "inMobileRange". This is a FATAL ERROR in
      production. But it is safe to ignore this warning if it occurred because of
      hot module replacement.
[2025-09-24 09:09:33.754] WARNING - Duplicate atom key "gridSpacing". This is a FATAL ERROR in
      production. But it is safe to ignore this warning if it occurred because of
      hot module replacement.
[2025-09-24 09:09:33.754] WARNING - Duplicate atom key "gridSpacing". This is a FATAL ERROR in
      production. But it is safe to ignore this warning if it occurred because of
      hot module replacement.
[2025-09-24 09:09:33.754] WARNING - Duplicate atom key "login". This is a FATAL ERROR in
      production. But it is safe to ignore this warning if it occurred because of
      hot module replacement.
[2025-09-24 09:09:33.755] WARNING - Duplicate atom key "login". This is a FATAL ERROR in
      production. But it is safe to ignore this warning if it occurred because of
      hot module replacement.
[2025-09-24 09:09:33.755] WARNING - Duplicate atom key "error". This is a FATAL ERROR in
      production. But it is safe to ignore this warning if it occurred because of
      hot module replacement.
[2025-09-24 09:09:33.755] WARNING - Duplicate atom key "error". This is a FATAL ERROR in
      production. But it is safe to ignore this warning if it occurred because of
      hot module replacement.
[2025-09-24 09:09:33.755] WARNING - Duplicate atom key "contactInfos2". This is a FATAL ERROR in
      production. But it is safe to ignore this warning if it occurred because of
      hot module replacement.
[2025-09-24 09:09:33.755] WARNING - Duplicate atom key "contactInfos2". This is a FATAL ERROR in
      production. But it is safe to ignore this warning if it occurred because of
      hot module replacement.
[2025-09-24 09:09:33.755] WARNING - Duplicate atom key "individualApplicantsTimestamp". This is a FATAL ERROR in
      production. But it is safe to ignore this warning if it occurred because of
      hot module replacement.
[2025-09-24 09:09:33.756] WARNING - Duplicate atom key "individualApplicantsTimestamp". This is a FATAL ERROR in
      production. But it is safe to ignore this warning if it occurred because of
      hot module replacement.
[2025-09-24 09:09:33.756] WARNING - Duplicate atom key "customerApplication". This is a FATAL ERROR in
      production. But it is safe to ignore this warning if it occurred because of
      hot module replacement.
[2025-09-24 09:09:33.756] WARNING - Duplicate atom key "customerApplication". This is a FATAL ERROR in
      production. But it is safe to ignore this warning if it occurred because of
      hot module replacement.
[2025-09-24 09:09:33.756] WARNING - Duplicate atom key "individualApplicants". This is a FATAL ERROR in
      production. But it is safe to ignore this warning if it occurred because of
      hot module replacement.
[2025-09-24 09:09:33.756] WARNING - Duplicate atom key "individualApplicants". This is a FATAL ERROR in
      production. But it is safe to ignore this warning if it occurred because of
      hot module replacement.
[2025-09-24 09:09:33.757] WARNING - Duplicate atom key "clearingHouses". This is a FATAL ERROR in
      production. But it is safe to ignore this warning if it occurred because of
      hot module replacement.
[2025-09-24 09:09:33.757] WARNING - Duplicate atom key "clearingHouses". This is a FATAL ERROR in
      production. But it is safe to ignore this warning if it occurred because of
      hot module replacement.
[2025-09-24 09:09:33.757] WARNING - Duplicate atom key "clearXClearingHouse". This is a FATAL ERROR in
      production. But it is safe to ignore this warning if it occurred because of
      hot module replacement.
[2025-09-24 09:09:33.757] WARNING - Duplicate atom key "clearXClearingHouse". This is a FATAL ERROR in
      production. But it is safe to ignore this warning if it occurred because of
      hot module replacement.
[2025-09-24 09:09:33.757] WARNING - Duplicate atom key "applicationClearingHouse". This is a FATAL ERROR in
      production. But it is safe to ignore this warning if it occurred because of
      hot module replacement.
[2025-09-24 09:09:33.758] WARNING - Duplicate atom key "applicationClearingHouse". This is a FATAL ERROR in
      production. But it is safe to ignore this warning if it occurred because of
      hot module replacement.
[2025-09-24 09:09:33.758] WARNING - Duplicate atom key "userLocation". This is a FATAL ERROR in
      production. But it is safe to ignore this warning if it occurred because of
      hot module replacement.
[2025-09-24 09:09:33.758] WARNING - Duplicate atom key "userLocation". This is a FATAL ERROR in
      production. But it is safe to ignore this warning if it occurred because of
      hot module replacement.
[2025-09-24 09:09:33.759] WARNING - Duplicate atom key "savedApplicationsTimestamp". This is a FATAL ERROR in
      production. But it is safe to ignore this warning if it occurred because of
      hot module replacement.
[2025-09-24 09:09:33.759] WARNING - Duplicate atom key "savedApplicationsTimestamp". This is a FATAL ERROR in
      production. But it is safe to ignore this warning if it occurred because of
      hot module replacement.
[2025-09-24 09:09:33.759] WARNING - Duplicate atom key "savedApplications". This is a FATAL ERROR in
      production. But it is safe to ignore this warning if it occurred because of
      hot module replacement.
[2025-09-24 09:09:33.759] WARNING - Duplicate atom key "savedApplications". This is a FATAL ERROR in
      production. But it is safe to ignore this warning if it occurred because of
      hot module replacement.
[2025-09-24 09:09:33.759] WARNING - Duplicate atom key "step". This is a FATAL ERROR in
      production. But it is safe to ignore this warning if it occurred because of
      hot module replacement.
[2025-09-24 09:09:33.760] WARNING - Duplicate atom key "step". This is a FATAL ERROR in
      production. But it is safe to ignore this warning if it occurred because of
      hot module replacement.
[2025-09-24 09:09:33.760] WARNING - Duplicate atom key "checkStates". This is a FATAL ERROR in
      production. But it is safe to ignore this warning if it occurred because of
      hot module replacement.
[2025-09-24 09:09:33.760] WARNING - Duplicate atom key "checkStates". This is a FATAL ERROR in
      production. But it is safe to ignore this warning if it occurred because of
      hot module replacement.
[2025-09-24 09:09:33.761] WARNING - Duplicate atom key "signStates". This is a FATAL ERROR in
      production. But it is safe to ignore this warning if it occurred because of
      hot module replacement.
[2025-09-24 09:09:33.761] WARNING - Duplicate atom key "signStates". This is a FATAL ERROR in
      production. But it is safe to ignore this warning if it occurred because of
      hot module replacement.
[2025-09-24 09:09:33.761] WARNING - Duplicate atom key "wizard". This is a FATAL ERROR in
      production. But it is safe to ignore this warning if it occurred because of
      hot module replacement.
[2025-09-24 09:09:33.761] WARNING - Duplicate atom key "wizard". This is a FATAL ERROR in
      production. But it is safe to ignore this warning if it occurred because of
      hot module replacement.
[2025-09-24 09:09:33.761] WARNING - Duplicate atom key "formBuilder". This is a FATAL ERROR in
      production. But it is safe to ignore this warning if it occurred because of
      hot module replacement.
[2025-09-24 09:09:33.762] WARNING - Duplicate atom key "formBuilder". This is a FATAL ERROR in
      production. But it is safe to ignore this warning if it occurred because of
      hot module replacement.
[2025-09-24 09:09:33.762] WARNING - Duplicate atom key "headerSlot". This is a FATAL ERROR in
      production. But it is safe to ignore this warning if it occurred because of
      hot module replacement.
[2025-09-24 09:09:33.762] WARNING - Duplicate atom key "headerSlot". This is a FATAL ERROR in
      production. But it is safe to ignore this warning if it occurred because of
      hot module replacement.
[2025-09-24 09:09:33.762] WARNING - Duplicate atom key "footerSlot". This is a FATAL ERROR in
      production. But it is safe to ignore this warning if it occurred because of
      hot module replacement.
[2025-09-24 09:09:33.762] WARNING - Duplicate atom key "footerSlot". This is a FATAL ERROR in
      production. But it is safe to ignore this warning if it occurred because of
      hot module replacement.
[2025-09-24 09:09:33.762] WARNING - Duplicate atom key "alloyJourneyToken". This is a FATAL ERROR in
      production. But it is safe to ignore this warning if it occurred because of
      hot module replacement.
[2025-09-24 09:09:33.763] WARNING - Duplicate atom key "alloyJourneyToken". This is a FATAL ERROR in
      production. But it is safe to ignore this warning if it occurred because of
      hot module replacement.
[2025-09-24 09:09:33.763] DEBUG - [bugsnag] Loaded!
[2025-09-24 09:09:33.763] DEBUG - [bugsnag] Loaded!
[2025-09-24 09:09:33.763] INFO - Version 3.250919.0 prod production 
[2025-09-24 09:09:33.763] INFO - Version 3.250919.0 prod production 
[2025-09-24 09:09:33.764] INFO - Time: Wed Sep 24 2025 09:09:33 GMT-0500 (Central Daylight Time)
[2025-09-24 09:09:33.764] INFO - Time:
[2025-09-24 09:09:33.815] LOG - 14:09:33.812Z Try to restore session
[2025-09-24 09:09:33.815] LOG - 14:09:33.812Z Try to restore session
[2025-09-24 09:09:33.816] LOG - 14:09:33.814Z Access token will be renewed in 75 minutes; expired: Wed Sep 24 2025 10:29:30 GMT-0500 (Central Daylight Time), now: Wed Sep 24 2025 09:09:33 GMT-0500 (Central Daylight Time)
[2025-09-24 09:09:33.816] LOG - 14:09:33.814Z Access token will be renewed in 75 minutes; expired: Wed Sep 24 2025 10:29:30 GMT-0500 (Central Daylight Time), now: Wed Sep 24 2025 09:09:33 GMT-0500 (Central Daylight Time)
[2025-09-24 09:09:33.823] WARNING - 14:09:33.821Z [LaunchDarkly] The waitForInitialization function was called without a timeout specified. In a future version a default timeout will be applied.
[2025-09-24 09:09:33.826] WARNING - 14:09:33.821Z [LaunchDarkly] The waitForInitialization function was called without a timeout specified. In a future version a default timeout will be applied.
[2025-09-24 09:09:33.853] INFO - 14:09:33.839Z chart cache state: islands=8, bars=3776
[2025-09-24 09:09:33.860] INFO - 14:09:33.839Z chart cache state: islands=8, bars=3776
[2025-09-24 09:09:33.864] INFO - 14:09:33.840Z Chart history database initialized
[2025-09-24 09:09:33.868] INFO - 14:09:33.840Z Chart history database initialized
[2025-09-24 09:09:33.870] INFO - 14:09:33.844Z [LaunchDarkly] LaunchDarkly client initialized
[2025-09-24 09:09:33.874] INFO - 14:09:33.844Z [LaunchDarkly] LaunchDarkly client initialized
[2025-09-24 09:09:33.875] INFO - 14:09:33.845Z [LaunchDarkly] Opening stream connection to https://clientstream.launchdarkly.com/eval/66cdf5b9cf61891061b4e437/eyJraW5kIjoidXNlciIsImtleSI6InVua25vd24iLCJhbm9ueW1vdXMiOmZhbHNlfQ
[2025-09-24 09:09:33.875] INFO - 14:09:33.845Z [LaunchDarkly] Opening stream connection to https://clientstream.launchdarkly.com/eval/66cdf5b9cf61891061b4e437/eyJraW5kIjoidXNlciIsImtleSI6InVua25vd24iLCJhbm9ueW1vdXMiOmZhbHNlfQ
[2025-09-24 09:09:34.940] INFO - 14:09:34.933Z [LaunchDarkly] Closing stream connection
[2025-09-24 09:09:34.942] INFO - 14:09:34.933Z [LaunchDarkly] Closing stream connection
[2025-09-24 09:09:34.944] INFO - 14:09:34.933Z [LaunchDarkly] Opening stream connection to https://clientstream.launchdarkly.com/eval/66cdf5b9cf61891061b4e437/eyJraW5kIjoidXNlciIsImtleSI6IjM2NTUwNTkiLCJkZXZpY2UiOiJkZXNrdG9wIiwidXNlcklkIjozNjU1MDU5LCJpcENvdW50cnkiOiIiLCJvcmdOYW1lIjoiVERWIiwibmFtZSI6IlN0b25rejkyMjI0IiwibGFuZGluZ1BhcmFtcyI6IiJ9
[2025-09-24 09:09:34.945] INFO - 14:09:34.933Z [LaunchDarkly] Opening stream connection to https://clientstream.launchdarkly.com/eval/66cdf5b9cf61891061b4e437/eyJraW5kIjoidXNlciIsImtleSI6IjM2NTUwNTkiLCJkZXZpY2UiOiJkZXNrdG9wIiwidXNlcklkIjozNjU1MDU5LCJpcENvdW50cnkiOiIiLCJvcmdOYW1lIjoiVERWIiwibmFtZSI6IlN0b25rejkyMjI0IiwibGFuZGluZ1BhcmFtcyI6IiJ9
[2025-09-24 09:09:34.995] INFO - 14:09:34.993Z [LaunchDarkly] Closing stream connection
[2025-09-24 09:09:34.996] INFO - 14:09:34.993Z [LaunchDarkly] Closing stream connection
[2025-09-24 09:09:34.996] INFO - 14:09:34.993Z [LaunchDarkly] Opening stream connection to https://clientstream.launchdarkly.com/eval/66cdf5b9cf61891061b4e437/eyJraW5kIjoidXNlciIsImtleSI6IjM2NTUwNTkiLCJkZXZpY2UiOiJkZXNrdG9wIiwidXNlcklkIjozNjU1MDU5LCJpcENvdW50cnkiOiJVUyIsIm9yZ05hbWUiOiJURFYiLCJuYW1lIjoiU3Rvbmt6OTIyMjQiLCJsYW5kaW5nUGFyYW1zIjoiIn0
[2025-09-24 09:09:34.997] INFO - 14:09:34.993Z [LaunchDarkly] Opening stream connection to https://clientstream.launchdarkly.com/eval/66cdf5b9cf61891061b4e437/eyJraW5kIjoidXNlciIsImtleSI6IjM2NTUwNTkiLCJkZXZpY2UiOiJkZXNrdG9wIiwidXNlcklkIjozNjU1MDU5LCJpcENvdW50cnkiOiJVUyIsIm9yZ05hbWUiOiJURFYiLCJuYW1lIjoiU3Rvbmt6OTIyMjQiLCJsYW5kaW5nUGFyYW1zIjoiIn0
[2025-09-24 09:09:35.708] LOG - 14:09:35.704Z opening https://demo.tradovateapi.com/
[2025-09-24 09:09:35.709] LOG - 14:09:35.704Z opening https://demo.tradovateapi.com/
[2025-09-24 09:09:35.714] LOG - 14:09:35.712Z Hotkeys initialized {"Shift+Digit1":["orders/selectColumns"],"Shift+Digit2":["orders/showFilters"],"Shift+Digit3":["orders/standardTableView"],"Shift+Digit4":["orders/linkedOrdersView"],"Command+Shift+Digit0":["dom-chart/exit-and-cancel"]}
[2025-09-24 09:09:35.714] LOG - 14:09:35.712Z Hotkeys initialized {"Shift+Digit1":["orders/selectColumns"],"Shift+Digit2":["orders/showFilters"],"Shift+Digit3":["orders/standardTableView"],"Shift+Digit4":["orders/linkedOrdersView"],"Command+Shift+Digit0":["dom-chart/exit-and-cancel"]}
[2025-09-24 09:09:35.783] LOG - 14:09:35.782Z websocket opened
[2025-09-24 09:09:35.783] LOG - 14:09:35.782Z websocket opened
[2025-09-24 09:09:35.882] LOG - 14:09:35.878Z opening https://md-demo.tradovateapi.com/
[2025-09-24 09:09:35.884] LOG - 14:09:35.878Z opening https://md-demo.tradovateapi.com/
[2025-09-24 09:09:35.884] LOG - 14:09:35.880Z Connection:  open
[2025-09-24 09:09:35.884] LOG - 14:09:35.880Z Connection:  open
[2025-09-24 09:09:35.960] LOG - 14:09:35.957Z WebGL:  {"isWebGL2":true,"precision":"highp","logarithmicDepthBuffer":false,"maxTextures":16,"maxVertexTextures":16,"maxTextureSize":16384,"maxCubemapSize":16384,"maxAttributes":16,"maxVertexUniforms":1024,"maxVaryings":30,"maxFragmentUniforms":1024,"vertexTextures":true,"floatFragmentTextures":true,"floatVertexTextures":true,"maxSamples":8} , devicePixelRatio:  2
[2025-09-24 09:09:35.965] LOG - 14:09:35.957Z Canvas size: 1217 998 dpp:  2
[2025-09-24 09:09:36.078] LOG - 14:09:35.973Z Loading App-level Plugins
[2025-09-24 09:09:36.079] LOG - 14:09:35.973Z Loading App-level Plugins
[2025-09-24 09:09:36.083] LOG - 14:09:35.992Z WebGL:  {"isWebGL2":true,"precision":"highp","logarithmicDepthBuffer":false,"maxTextures":16,"maxVertexTextures":16,"maxTextureSize":16384,"maxCubemapSize":16384,"maxAttributes":16,"maxVertexUniforms":1024,"maxVaryings":30,"maxFragmentUniforms":1024,"vertexTextures":true,"floatFragmentTextures":true,"floatVertexTextures":true,"maxSamples":8} , devicePixelRatio:  2
[2025-09-24 09:09:36.095] LOG - 14:09:35.993Z Canvas size: 1217 998 dpp:  2
[2025-09-24 09:09:36.153] LOG - 14:09:36.073Z websocket opened
[2025-09-24 09:09:36.154] LOG - 14:09:36.073Z websocket opened
[2025-09-24 09:09:36.456] LOG - 14:09:36.454Z loadAppLevelPlugins:  [object Object]
[2025-09-24 09:09:36.456] LOG - 14:09:36.454Z loadAppLevelPlugins: 
[2025-09-24 09:09:37.249] LOG - 14:09:37.247Z jailing is in progress
[2025-09-24 09:09:37.249] LOG - 14:09:37.247Z jailing is in progress
[2025-09-24 09:09:37.524] LOG - 14:09:37.482Z created chart 1
[2025-09-24 09:09:38.102] LOG - 14:09:38.099Z requestChart: {"symbol":"3267312","chartDescription":{"underlyingType":"Tick","elementSize":5000,"elementSizeUnit":"UnderlyingUnits","withHistogram":false},"timeRange":{"asMuchAsElements":300}}
[2025-09-24 09:09:38.103] LOG - 14:09:38.099Z requestChart: {"symbol":"3267312","chartDescription":{"underlyingType":"Tick","elementSize":5000,"elementSizeUnit":"UnderlyingUnits","withHistogram":false},"timeRange":{"asMuchAsElements":300}}
[2025-09-24 09:09:38.105] LOG - 14:09:38.100Z mdMgApi open
[2025-09-24 09:09:38.105] LOG - 14:09:38.100Z mdMgApi open
[2025-09-24 09:09:38.106] LOG - 14:09:38.103Z pending jailing done. next starts
[2025-09-24 09:09:38.106] LOG - 14:09:38.103Z pending jailing done. next starts
[2025-09-24 09:09:39.210] LOG - 14:09:39.209Z updating the shared isolation
[2025-09-24 09:09:39.211] LOG - 14:09:39.209Z updating the shared isolation
[2025-09-24 09:09:39.312] DEBUG - 14:09:39.310Z Slow prev calc
[2025-09-24 09:09:39.312] DEBUG - 14:09:39.310Z Slow prev calc
[2025-09-24 09:09:39.573] LOG - 14:09:39.571Z updating the shared isolation
[2025-09-24 09:09:39.573] LOG - 14:09:39.571Z updating the shared isolation
[2025-09-24 09:09:48.792] LOG - 14:09:48.789Z timeViewChanged [object Object]
[2025-09-24 09:09:48.793] LOG - 14:09:48.789Z timeViewChanged
[2025-09-24 09:09:50.129] LOG - 14:09:50.126Z timeViewChanged [object Object]
[2025-09-24 09:09:50.129] LOG - 14:09:50.126Z timeViewChanged
[2025-09-24 09:10:33.844] INFO - 14:10:33.842Z time stats. avg diff: -138, min: -138, max: -138, roundtrip: 24 msec, #1
[2025-09-24 09:10:33.845] INFO - 14:10:33.842Z time stats. avg diff: -138, min: -138, max: -138, roundtrip: 24 msec, #1
[2025-09-24 09:10:42.316] LOG - 14:10:42.312Z timeViewChanged [object Object]
[2025-09-24 09:10:42.316] LOG - 14:10:42.312Z timeViewChanged
[2025-09-24 09:10:54.126] LOG - 14:10:54.117Z timeViewChanged [object Object]
[2025-09-24 09:10:54.127] LOG - 14:10:54.117Z timeViewChanged
[2025-09-24 09:11:01.341] LOG - 14:11:01.338Z timeViewChanged [object Object]
[2025-09-24 09:11:01.341] LOG - 14:11:01.338Z timeViewChanged
[2025-09-24 09:11:20.863] INFO - 14:11:20.820Z visibilitychange: hidden, gd: 1000
[2025-09-24 09:11:20.869] INFO - 14:11:20.820Z visibilitychange: hidden, gd: 1000
