[2025-09-20 15:29:37.384] LOG - 20:29:37.381Z Starting login process for: stonkz92224@gmail.com
[2025-09-20 15:29:37.385] LOG - 20:29:37.381Z Starting login process for: stonkz92224@gmail.com
[2025-09-20 15:29:37.386] LOG - 20:29:37.382Z Auto login function executing for: stonkz92224@gmail.com
[2025-09-20 15:29:37.387] LOG - 20:29:37.382Z Auto login function executing for: stonkz92224@gmail.com
[2025-09-20 15:29:37.387] LOG - 20:29:37.382Z Login form found, filling credentials...
[2025-09-20 15:29:37.388] LOG - 20:29:37.382Z Login form found, filling credentials...
[2025-09-20 15:29:37.520] LOG - 20:29:37.411Z Test element added to DOM
[2025-09-20 15:29:37.522] LOG - 20:29:37.411Z Test element added to DOM
[2025-09-20 15:29:37.526] LOG - 20:29:37.523Z All browser alerts and confirmations have been disabled
[2025-09-20 15:29:37.527] LOG - 20:29:37.523Z All browser alerts and confirmations have been disabled
[2025-09-20 15:29:37.898] LOG - 20:29:37.896Z Clicking login button...
[2025-09-20 15:29:37.899] LOG - 20:29:37.896Z Clicking login button...
[2025-09-20 15:29:37.909] LOG - 20:29:37.907Z authentication starting
[2025-09-20 15:29:37.911] LOG - 20:29:37.907Z authentication starting
[2025-09-20 15:29:38.209] warning - The AudioContext was not allowed to start. It must be resumed (or created) after a user gesture on the page. https://developer.chrome.com/blog/autoplay/#web_audio
[2025-09-20 15:29:38.211] LOG - 20:29:38.192Z Watching for account selection page...
[2025-09-20 15:29:38.212] LOG - 20:29:38.192Z Watching for account selection page...
[2025-09-20 15:29:38.488] LOG - 20:29:38.487Z Access token will be renewed in 75 minutes; expired: Sat Sep 20 2025 16:49:38 GMT-0500 (Central Daylight Time), now: Sat Sep 20 2025 15:29:38 GMT-0500 (Central Daylight Time)
[2025-09-20 15:29:38.488] LOG - 20:29:38.487Z Access token will be renewed in 75 minutes; expired: Sat Sep 20 2025 16:49:38 GMT-0500 (Central Daylight Time), now: Sat Sep 20 2025 15:29:38 GMT-0500 (Central Daylight Time)
[2025-09-20 15:29:38.769] error - Access to XMLHttpRequest at 'https://app.launchdarkly.com/sdk/evalx/66cdf5b9cf61891061b4e437/contexts/eyJraW5kIjoidXNlciIsImtleSI6IjM2NTUwNTkiLCJkZXZpY2UiOiJkZXNrdG9wIiwidXNlcklkIjozNjU1MDU5LCJpcENvdW50cnkiOiJVUyIsIm9yZ05hbWUiOiJURFYiLCJuYW1lIjoiU3Rvbmt6OTIyMjQiLCJsYW5kaW5nUGFyYW1zIjoiIn0' from origin 'https://trader.tradovate.com' has been blocked by CORS policy: No 'Access-Control-Allow-Origin' header is present on the requested resource.
[2025-09-20 15:29:38.769] ERROR - 20:29:38.769Z [LaunchDarkly] network error (Error)
[2025-09-20 15:29:38.770] ERROR - 20:29:38.769Z [LaunchDarkly] network error (Error)
[2025-09-20 15:29:38.771] error - Failed to load resource: net::ERR_FAILED
[2025-09-20 15:29:38.778] ERROR - Exception: t
[2025-09-20 15:29:38.787] error - Access to XMLHttpRequest at 'https://app.launchdarkly.com/sdk/evalx/66cdf5b9cf61891061b4e437/contexts/eyJraW5kIjoidXNlciIsImtleSI6IjM2NTUwNTkiLCJkZXZpY2UiOiJkZXNrdG9wIiwidXNlcklkIjozNjU1MDU5LCJpcENvdW50cnkiOiJVUyIsIm9yZ05hbWUiOiJURFYiLCJuYW1lIjoiU3Rvbmt6OTIyMjQiLCJsYW5kaW5nUGFyYW1zIjoiIn0' from origin 'https://trader.tradovate.com' has been blocked by CORS policy: No 'Access-Control-Allow-Origin' header is present on the requested resource.
[2025-09-20 15:29:38.788] ERROR - 20:29:38.787Z [LaunchDarkly] network error (Error)
[2025-09-20 15:29:38.789] ERROR - 20:29:38.787Z [LaunchDarkly] network error (Error)
[2025-09-20 15:29:38.789] error - Failed to load resource: net::ERR_FAILED
[2025-09-20 15:29:38.789] ERROR - Exception: t
[2025-09-20 15:29:38.860] error - Access to XMLHttpRequest at 'https://app.launchdarkly.com/sdk/evalx/66cdf5b9cf61891061b4e437/contexts/eyJraW5kIjoidXNlciIsImtleSI6IjM2NTUwNTkiLCJkZXZpY2UiOiJkZXNrdG9wIiwidXNlcklkIjozNjU1MDU5LCJpcENvdW50cnkiOiJVUyIsIm9yZ05hbWUiOiJURFYiLCJuYW1lIjoiU3Rvbmt6OTIyMjQiLCJsYW5kaW5nUGFyYW1zIjoiIn0' from origin 'https://trader.tradovate.com' has been blocked by CORS policy: No 'Access-Control-Allow-Origin' header is present on the requested resource.
[2025-09-20 15:29:38.861] ERROR - 20:29:38.860Z [LaunchDarkly] network error (Error)
[2025-09-20 15:29:38.861] ERROR - 20:29:38.860Z [LaunchDarkly] network error (Error)
[2025-09-20 15:29:38.862] error - Failed to load resource: net::ERR_FAILED
[2025-09-20 15:29:38.862] ERROR - Exception: t
[2025-09-20 15:29:40.195] LOG - 20:29:40.194Z Account selection page detected, clicking button...
[2025-09-20 15:29:40.195] LOG - 20:29:40.194Z Account selection page detected, clicking button...
[2025-09-20 15:29:40.326] LOG - 20:29:40.302Z Access token will be renewed in 75 minutes; expired: Sat Sep 20 2025 16:49:38 GMT-0500 (Central Daylight Time), now: Sat Sep 20 2025 15:29:40 GMT-0500 (Central Daylight Time)
[2025-09-20 15:29:40.327] LOG - 20:29:40.302Z Access token will be renewed in 75 minutes; expired: Sat Sep 20 2025 16:49:38 GMT-0500 (Central Daylight Time), now: Sat Sep 20 2025 15:29:40 GMT-0500 (Central Daylight Time)
[2025-09-20 15:29:40.398] error - Refused to connect to 'https://bat.bing.com/actionp/0?ti=26330043&Ver=2&mid=10a7f987-7b41-46ea-a257-4cf118d509ef&bo=2&sid=2801add0965411f09165ab2c93c38bf7&vid=2801c1c0965411f0afa211e8ba13cf6d&vids=0&msclkid=N&evt=pageHide' because it violates the following Content Security Policy directive: "connect-src wss://*.tradovate.com https://*.tradovate.com https://*.ntinnolab.com https://*.devel.ninjatrader.dev https://*.staging.ninjatrader.dev https://*.uat.ninjatrader.dev wss://*.ntinnolab.com wss://*.devel.ninjatrader.dev wss://*.staging.ninjatrader.dev wss://*.uat.ninjatrader.dev wss://*.tradovateapi.com https://*.tradovateapi.com https://*.ninjatrader.com https://cdn.walkme.com https://ec.walkme.com https://sessions.bugsnag.com https://notify.bugsnag.com https://*.plaid.com https://*.yodlee.com https://tradovate.zendesk.com https://rollout.ada.support https://static.ada.support https://ninjatrader.ada.support https://tradovate.ada.support https://ninjatrader-eap.ada.support/ https://demo-ninjatrader-gr.ada.support/ https://tradovate-gen.ada.support/ https://api.stripe.com https://apiproxy.ninjatrader.com https://apiproxy-d.ninjatrader.com https://us-autocomplete-pro.api.smartystreets.com https://international-autocomplete.api.smarty.com https://maps.googleapis.com https://accounts.google.com/ https://www.google.com https://www.googletagmanager.com/ https://*.browser-intake-datadoghq.com https://scripts.neuro-id.com https://receiver.neuroid.cloud https://logs.neuro-id.com https://firebaseinstallations.googleapis.com/ https://firebaseremoteconfig.googleapis.com/ https://logx.optimizely.com https://*.optimizely.com wss://mpsnare.iesnare.com wss://ci-mpsnare.iovation.com https://*.iovation.com/ https://*.reddit.com  https://www.redditstatic.com https://*.taboola.com https://*.launchdarkly.com https://*.alloy.co https://*.maze.co https://www.google-analytics.com https://analytics.google.com https://www.googletagmanager.com/ https://api.hubapi.com https://forms.hubspot.com https://stats.g.doubleclick.net https://alb.reddit.com https://analytics.twitter.com https://heapanalytics.com https://*.auryc.com https://*.contentsquare.net https://siteintercept.qualtrics.com https://api.userway.org/".

[2025-09-20 15:29:40.400] INFO - 20:29:40.396Z visibilitychange: hidden, gd: 1000
[2025-09-20 15:29:40.400] INFO - 20:29:40.396Z visibilitychange: hidden, gd: 1000
[2025-09-20 15:29:40.402] WARNING - 20:29:40.398Z [LaunchDarkly] Error on stream connection: {"isTrusted":true}, will continue retrying after 666 milliseconds.
[2025-09-20 15:29:40.403] WARNING - 20:29:40.398Z [LaunchDarkly] Error on stream connection: {"isTrusted":true}, will continue retrying after 666 milliseconds.
[2025-09-20 15:29:40.403] INFO - 20:29:40.398Z [LaunchDarkly] Closing stream connection
[2025-09-20 15:29:40.403] INFO - 20:29:40.398Z [LaunchDarkly] Closing stream connection
[2025-09-20 15:29:40.576] WARNING - Duplicate atom key "locale". This is a FATAL ERROR in
      production. But it is safe to ignore this warning if it occurred because of
      hot module replacement.
[2025-09-20 15:29:40.577] WARNING - Duplicate atom key "locale". This is a FATAL ERROR in
      production. But it is safe to ignore this warning if it occurred because of
      hot module replacement.
[2025-09-20 15:29:40.578] WARNING - Duplicate atom key "muiTheme". This is a FATAL ERROR in
      production. But it is safe to ignore this warning if it occurred because of
      hot module replacement.
[2025-09-20 15:29:40.579] WARNING - Duplicate atom key "muiTheme". This is a FATAL ERROR in
      production. But it is safe to ignore this warning if it occurred because of
      hot module replacement.
[2025-09-20 15:29:40.580] WARNING - Duplicate atom key "appLinksFooter". This is a FATAL ERROR in
      production. But it is safe to ignore this warning if it occurred because of
      hot module replacement.
[2025-09-20 15:29:40.580] WARNING - Duplicate atom key "appLinksFooter". This is a FATAL ERROR in
      production. But it is safe to ignore this warning if it occurred because of
      hot module replacement.
[2025-09-20 15:29:40.581] WARNING - Duplicate atom key "currentUserId2". This is a FATAL ERROR in
      production. But it is safe to ignore this warning if it occurred because of
      hot module replacement.
[2025-09-20 15:29:40.582] WARNING - Duplicate atom key "currentUserId2". This is a FATAL ERROR in
      production. But it is safe to ignore this warning if it occurred because of
      hot module replacement.
[2025-09-20 15:29:40.583] WARNING - Duplicate atom key "onboardingInProgress". This is a FATAL ERROR in
      production. But it is safe to ignore this warning if it occurred because of
      hot module replacement.
[2025-09-20 15:29:40.584] WARNING - Duplicate atom key "onboardingInProgress". This is a FATAL ERROR in
      production. But it is safe to ignore this warning if it occurred because of
      hot module replacement.
[2025-09-20 15:29:40.585] WARNING - Duplicate atom key "editing". This is a FATAL ERROR in
      production. But it is safe to ignore this warning if it occurred because of
      hot module replacement.
[2025-09-20 15:29:40.586] WARNING - Duplicate atom key "editing". This is a FATAL ERROR in
      production. But it is safe to ignore this warning if it occurred because of
      hot module replacement.
[2025-09-20 15:29:40.587] WARNING - Duplicate atom key "infoMessage". This is a FATAL ERROR in
      production. But it is safe to ignore this warning if it occurred because of
      hot module replacement.
[2025-09-20 15:29:40.588] WARNING - Duplicate atom key "infoMessage". This is a FATAL ERROR in
      production. But it is safe to ignore this warning if it occurred because of
      hot module replacement.
[2025-09-20 15:29:40.589] WARNING - Duplicate atom key "browserWarning". This is a FATAL ERROR in
      production. But it is safe to ignore this warning if it occurred because of
      hot module replacement.
[2025-09-20 15:29:40.590] WARNING - Duplicate atom key "browserWarning". This is a FATAL ERROR in
      production. But it is safe to ignore this warning if it occurred because of
      hot module replacement.
[2025-09-20 15:29:40.591] WARNING - Duplicate atom key "clockWarning". This is a FATAL ERROR in
      production. But it is safe to ignore this warning if it occurred because of
      hot module replacement.
[2025-09-20 15:29:40.592] WARNING - Duplicate atom key "clockWarning". This is a FATAL ERROR in
      production. But it is safe to ignore this warning if it occurred because of
      hot module replacement.
[2025-09-20 15:29:40.593] WARNING - Duplicate atom key "breakpoint". This is a FATAL ERROR in
      production. But it is safe to ignore this warning if it occurred because of
      hot module replacement.
[2025-09-20 15:29:40.594] WARNING - Duplicate atom key "breakpoint". This is a FATAL ERROR in
      production. But it is safe to ignore this warning if it occurred because of
      hot module replacement.
[2025-09-20 15:29:40.595] WARNING - Duplicate atom key "inMobileRange". This is a FATAL ERROR in
      production. But it is safe to ignore this warning if it occurred because of
      hot module replacement.
[2025-09-20 15:29:40.596] WARNING - Duplicate atom key "inMobileRange". This is a FATAL ERROR in
      production. But it is safe to ignore this warning if it occurred because of
      hot module replacement.
[2025-09-20 15:29:40.597] WARNING - Duplicate atom key "gridSpacing". This is a FATAL ERROR in
      production. But it is safe to ignore this warning if it occurred because of
      hot module replacement.
[2025-09-20 15:29:40.598] WARNING - Duplicate atom key "gridSpacing". This is a FATAL ERROR in
      production. But it is safe to ignore this warning if it occurred because of
      hot module replacement.
[2025-09-20 15:29:40.599] WARNING - Duplicate atom key "login". This is a FATAL ERROR in
      production. But it is safe to ignore this warning if it occurred because of
      hot module replacement.
[2025-09-20 15:29:40.600] WARNING - Duplicate atom key "login". This is a FATAL ERROR in
      production. But it is safe to ignore this warning if it occurred because of
      hot module replacement.
[2025-09-20 15:29:40.600] WARNING - Duplicate atom key "error". This is a FATAL ERROR in
      production. But it is safe to ignore this warning if it occurred because of
      hot module replacement.
[2025-09-20 15:29:40.600] WARNING - Duplicate atom key "error". This is a FATAL ERROR in
      production. But it is safe to ignore this warning if it occurred because of
      hot module replacement.
[2025-09-20 15:29:40.600] WARNING - Duplicate atom key "contactInfos2". This is a FATAL ERROR in
      production. But it is safe to ignore this warning if it occurred because of
      hot module replacement.
[2025-09-20 15:29:40.601] WARNING - Duplicate atom key "contactInfos2". This is a FATAL ERROR in
      production. But it is safe to ignore this warning if it occurred because of
      hot module replacement.
[2025-09-20 15:29:40.601] WARNING - Duplicate atom key "individualApplicantsTimestamp". This is a FATAL ERROR in
      production. But it is safe to ignore this warning if it occurred because of
      hot module replacement.
[2025-09-20 15:29:40.601] WARNING - Duplicate atom key "individualApplicantsTimestamp". This is a FATAL ERROR in
      production. But it is safe to ignore this warning if it occurred because of
      hot module replacement.
[2025-09-20 15:29:40.601] WARNING - Duplicate atom key "customerApplication". This is a FATAL ERROR in
      production. But it is safe to ignore this warning if it occurred because of
      hot module replacement.
[2025-09-20 15:29:40.601] WARNING - Duplicate atom key "customerApplication". This is a FATAL ERROR in
      production. But it is safe to ignore this warning if it occurred because of
      hot module replacement.
[2025-09-20 15:29:40.601] WARNING - Duplicate atom key "individualApplicants". This is a FATAL ERROR in
      production. But it is safe to ignore this warning if it occurred because of
      hot module replacement.
[2025-09-20 15:29:40.601] WARNING - Duplicate atom key "individualApplicants". This is a FATAL ERROR in
      production. But it is safe to ignore this warning if it occurred because of
      hot module replacement.
[2025-09-20 15:29:40.601] WARNING - Duplicate atom key "clearingHouses". This is a FATAL ERROR in
      production. But it is safe to ignore this warning if it occurred because of
      hot module replacement.
[2025-09-20 15:29:40.602] WARNING - Duplicate atom key "clearingHouses". This is a FATAL ERROR in
      production. But it is safe to ignore this warning if it occurred because of
      hot module replacement.
[2025-09-20 15:29:40.602] WARNING - Duplicate atom key "clearXClearingHouse". This is a FATAL ERROR in
      production. But it is safe to ignore this warning if it occurred because of
      hot module replacement.
[2025-09-20 15:29:40.602] WARNING - Duplicate atom key "clearXClearingHouse". This is a FATAL ERROR in
      production. But it is safe to ignore this warning if it occurred because of
      hot module replacement.
[2025-09-20 15:29:40.602] WARNING - Duplicate atom key "applicationClearingHouse". This is a FATAL ERROR in
      production. But it is safe to ignore this warning if it occurred because of
      hot module replacement.
[2025-09-20 15:29:40.602] WARNING - Duplicate atom key "applicationClearingHouse". This is a FATAL ERROR in
      production. But it is safe to ignore this warning if it occurred because of
      hot module replacement.
[2025-09-20 15:29:40.602] WARNING - Duplicate atom key "userLocation". This is a FATAL ERROR in
      production. But it is safe to ignore this warning if it occurred because of
      hot module replacement.
[2025-09-20 15:29:40.602] WARNING - Duplicate atom key "userLocation". This is a FATAL ERROR in
      production. But it is safe to ignore this warning if it occurred because of
      hot module replacement.
[2025-09-20 15:29:40.602] WARNING - Duplicate atom key "savedApplicationsTimestamp". This is a FATAL ERROR in
      production. But it is safe to ignore this warning if it occurred because of
      hot module replacement.
[2025-09-20 15:29:40.603] WARNING - Duplicate atom key "savedApplicationsTimestamp". This is a FATAL ERROR in
      production. But it is safe to ignore this warning if it occurred because of
      hot module replacement.
[2025-09-20 15:29:40.603] WARNING - Duplicate atom key "savedApplications". This is a FATAL ERROR in
      production. But it is safe to ignore this warning if it occurred because of
      hot module replacement.
[2025-09-20 15:29:40.603] WARNING - Duplicate atom key "savedApplications". This is a FATAL ERROR in
      production. But it is safe to ignore this warning if it occurred because of
      hot module replacement.
[2025-09-20 15:29:40.603] WARNING - Duplicate atom key "step". This is a FATAL ERROR in
      production. But it is safe to ignore this warning if it occurred because of
      hot module replacement.
[2025-09-20 15:29:40.603] WARNING - Duplicate atom key "step". This is a FATAL ERROR in
      production. But it is safe to ignore this warning if it occurred because of
      hot module replacement.
[2025-09-20 15:29:40.603] WARNING - Duplicate atom key "checkStates". This is a FATAL ERROR in
      production. But it is safe to ignore this warning if it occurred because of
      hot module replacement.
[2025-09-20 15:29:40.603] WARNING - Duplicate atom key "checkStates". This is a FATAL ERROR in
      production. But it is safe to ignore this warning if it occurred because of
      hot module replacement.
[2025-09-20 15:29:40.603] WARNING - Duplicate atom key "signStates". This is a FATAL ERROR in
      production. But it is safe to ignore this warning if it occurred because of
      hot module replacement.
[2025-09-20 15:29:40.604] WARNING - Duplicate atom key "signStates". This is a FATAL ERROR in
      production. But it is safe to ignore this warning if it occurred because of
      hot module replacement.
[2025-09-20 15:29:40.604] WARNING - Duplicate atom key "wizard". This is a FATAL ERROR in
      production. But it is safe to ignore this warning if it occurred because of
      hot module replacement.
[2025-09-20 15:29:40.604] WARNING - Duplicate atom key "wizard". This is a FATAL ERROR in
      production. But it is safe to ignore this warning if it occurred because of
      hot module replacement.
[2025-09-20 15:29:40.604] WARNING - Duplicate atom key "formBuilder". This is a FATAL ERROR in
      production. But it is safe to ignore this warning if it occurred because of
      hot module replacement.
[2025-09-20 15:29:40.604] WARNING - Duplicate atom key "formBuilder". This is a FATAL ERROR in
      production. But it is safe to ignore this warning if it occurred because of
      hot module replacement.
[2025-09-20 15:29:40.604] WARNING - Duplicate atom key "headerSlot". This is a FATAL ERROR in
      production. But it is safe to ignore this warning if it occurred because of
      hot module replacement.
[2025-09-20 15:29:40.604] WARNING - Duplicate atom key "headerSlot". This is a FATAL ERROR in
      production. But it is safe to ignore this warning if it occurred because of
      hot module replacement.
[2025-09-20 15:29:40.604] WARNING - Duplicate atom key "footerSlot". This is a FATAL ERROR in
      production. But it is safe to ignore this warning if it occurred because of
      hot module replacement.
[2025-09-20 15:29:40.605] WARNING - Duplicate atom key "footerSlot". This is a FATAL ERROR in
      production. But it is safe to ignore this warning if it occurred because of
      hot module replacement.
[2025-09-20 15:29:40.605] WARNING - Duplicate atom key "alloyJourneyToken". This is a FATAL ERROR in
      production. But it is safe to ignore this warning if it occurred because of
      hot module replacement.
[2025-09-20 15:29:40.605] WARNING - Duplicate atom key "alloyJourneyToken". This is a FATAL ERROR in
      production. But it is safe to ignore this warning if it occurred because of
      hot module replacement.
[2025-09-20 15:29:40.605] DEBUG - [bugsnag] Loaded!
[2025-09-20 15:29:40.605] DEBUG - [bugsnag] Loaded!
[2025-09-20 15:29:40.605] INFO - Version 3.250912.0 prod production 
[2025-09-20 15:29:40.605] INFO - Version 3.250912.0 prod production 
[2025-09-20 15:29:40.605] INFO - Time: Sat Sep 20 2025 15:29:40 GMT-0500 (Central Daylight Time)
[2025-09-20 15:29:40.606] INFO - Time:
[2025-09-20 15:29:40.629] LOG - 20:29:40.627Z Try to restore session
[2025-09-20 15:29:40.630] LOG - 20:29:40.627Z Try to restore session
[2025-09-20 15:29:40.630] LOG - 20:29:40.629Z Access token will be renewed in 75 minutes; expired: Sat Sep 20 2025 16:49:38 GMT-0500 (Central Daylight Time), now: Sat Sep 20 2025 15:29:40 GMT-0500 (Central Daylight Time)
[2025-09-20 15:29:40.630] LOG - 20:29:40.629Z Access token will be renewed in 75 minutes; expired: Sat Sep 20 2025 16:49:38 GMT-0500 (Central Daylight Time), now: Sat Sep 20 2025 15:29:40 GMT-0500 (Central Daylight Time)
[2025-09-20 15:29:40.635] WARNING - 20:29:40.635Z [LaunchDarkly] The waitForInitialization function was called without a timeout specified. In a future version a default timeout will be applied.
[2025-09-20 15:29:40.636] WARNING - 20:29:40.635Z [LaunchDarkly] The waitForInitialization function was called without a timeout specified. In a future version a default timeout will be applied.
[2025-09-20 15:29:40.640] INFO - 20:29:40.639Z chart cache state: islands=1, bars=395
[2025-09-20 15:29:40.641] INFO - 20:29:40.639Z chart cache state: islands=1, bars=395
[2025-09-20 15:29:40.641] INFO - 20:29:40.640Z Chart history database initialized
[2025-09-20 15:29:40.641] INFO - 20:29:40.640Z Chart history database initialized
[2025-09-20 15:29:40.651] INFO - 20:29:40.649Z [LaunchDarkly] LaunchDarkly client initialized
[2025-09-20 15:29:40.651] INFO - 20:29:40.649Z [LaunchDarkly] LaunchDarkly client initialized
[2025-09-20 15:29:40.652] INFO - 20:29:40.650Z [LaunchDarkly] Opening stream connection to https://clientstream.launchdarkly.com/eval/66cdf5b9cf61891061b4e437/eyJraW5kIjoidXNlciIsImtleSI6InVua25vd24iLCJhbm9ueW1vdXMiOmZhbHNlfQ
[2025-09-20 15:29:40.652] INFO - 20:29:40.650Z [LaunchDarkly] Opening stream connection to https://clientstream.launchdarkly.com/eval/66cdf5b9cf61891061b4e437/eyJraW5kIjoidXNlciIsImtleSI6InVua25vd24iLCJhbm9ueW1vdXMiOmZhbHNlfQ
[2025-09-20 15:29:41.156] error - Access to XMLHttpRequest at 'https://app.launchdarkly.com/sdk/evalx/66cdf5b9cf61891061b4e437/contexts/eyJraW5kIjoidXNlciIsImtleSI6IjM2NTUwNTkiLCJkZXZpY2UiOiJkZXNrdG9wIiwidXNlcklkIjozNjU1MDU5LCJpcENvdW50cnkiOiJVUyIsIm9yZ05hbWUiOiJURFYiLCJuYW1lIjoiU3Rvbmt6OTIyMjQiLCJsYW5kaW5nUGFyYW1zIjoiIn0' from origin 'https://trader.tradovate.com' has been blocked by CORS policy: No 'Access-Control-Allow-Origin' header is present on the requested resource.
[2025-09-20 15:29:41.157] ERROR - 20:29:41.156Z [LaunchDarkly] network error (Error)
[2025-09-20 15:29:41.157] ERROR - 20:29:41.156Z [LaunchDarkly] network error (Error)
[2025-09-20 15:29:41.158] error - Failed to load resource: net::ERR_FAILED
[2025-09-20 15:29:41.161] ERROR - Exception: t
[2025-09-20 15:29:41.242] error - Access to XMLHttpRequest at 'https://app.launchdarkly.com/sdk/evalx/66cdf5b9cf61891061b4e437/contexts/eyJraW5kIjoidXNlciIsImtleSI6IjM2NTUwNTkiLCJkZXZpY2UiOiJkZXNrdG9wIiwidXNlcklkIjozNjU1MDU5LCJpcENvdW50cnkiOiJVUyIsIm9yZ05hbWUiOiJURFYiLCJuYW1lIjoiU3Rvbmt6OTIyMjQiLCJsYW5kaW5nUGFyYW1zIjoiIn0' from origin 'https://trader.tradovate.com' has been blocked by CORS policy: No 'Access-Control-Allow-Origin' header is present on the requested resource.
[2025-09-20 15:29:41.243] ERROR - 20:29:41.242Z [LaunchDarkly] network error (Error)
[2025-09-20 15:29:41.243] ERROR - 20:29:41.242Z [LaunchDarkly] network error (Error)
[2025-09-20 15:29:41.244] error - Failed to load resource: net::ERR_FAILED
[2025-09-20 15:29:41.244] ERROR - Exception: t
[2025-09-20 15:29:41.856] LOG - 20:29:41.853Z opening https://demo.tradovateapi.com/
[2025-09-20 15:29:41.856] LOG - 20:29:41.853Z opening https://demo.tradovateapi.com/
[2025-09-20 15:29:41.860] LOG - 20:29:41.859Z Hotkeys initialized {"Shift+Digit1":["orders/selectColumns"],"Shift+Digit2":["orders/showFilters"],"Shift+Digit3":["orders/standardTableView"],"Shift+Digit4":["orders/linkedOrdersView"],"Command+Shift+Digit0":["dom-chart/exit-and-cancel"]}
[2025-09-20 15:29:41.860] LOG - 20:29:41.859Z Hotkeys initialized {"Shift+Digit1":["orders/selectColumns"],"Shift+Digit2":["orders/showFilters"],"Shift+Digit3":["orders/standardTableView"],"Shift+Digit4":["orders/linkedOrdersView"],"Command+Shift+Digit0":["dom-chart/exit-and-cancel"]}
[2025-09-20 15:29:41.927] LOG - 20:29:41.926Z websocket opened
[2025-09-20 15:29:41.927] LOG - 20:29:41.926Z websocket opened
[2025-09-20 15:29:42.008] LOG - 20:29:42.006Z opening https://md-demo.tradovateapi.com/
[2025-09-20 15:29:42.008] LOG - 20:29:42.006Z opening https://md-demo.tradovateapi.com/
[2025-09-20 15:29:42.009] LOG - 20:29:42.007Z Connection:  open
[2025-09-20 15:29:42.009] LOG - 20:29:42.007Z Connection:  open
[2025-09-20 15:29:42.055] LOG - 20:29:42.053Z WebGL:  {"isWebGL2":true,"precision":"highp","logarithmicDepthBuffer":false,"maxTextures":16,"maxVertexTextures":16,"maxTextureSize":16384,"maxCubemapSize":16384,"maxAttributes":16,"maxVertexUniforms":1024,"maxVaryings":30,"maxFragmentUniforms":1024,"vertexTextures":true,"floatFragmentTextures":true,"floatVertexTextures":true,"maxSamples":8} , devicePixelRatio:  2
[2025-09-20 15:29:42.058] LOG - 20:29:42.054Z Canvas size: 1228 992 dpp:  2
[2025-09-20 15:29:42.086] LOG - 20:29:42.064Z Loading App-level Plugins
[2025-09-20 15:29:42.089] LOG - 20:29:42.064Z Loading App-level Plugins
[2025-09-20 15:29:42.089] LOG - 20:29:42.079Z WebGL:  {"isWebGL2":true,"precision":"highp","logarithmicDepthBuffer":false,"maxTextures":16,"maxVertexTextures":16,"maxTextureSize":16384,"maxCubemapSize":16384,"maxAttributes":16,"maxVertexUniforms":1024,"maxVaryings":30,"maxFragmentUniforms":1024,"vertexTextures":true,"floatFragmentTextures":true,"floatVertexTextures":true,"maxSamples":8} , devicePixelRatio:  2
[2025-09-20 15:29:42.091] LOG - 20:29:42.079Z Canvas size: 1228 992 dpp:  2
[2025-09-20 15:29:42.167] LOG - 20:29:42.129Z websocket opened
[2025-09-20 15:29:42.167] LOG - 20:29:42.129Z websocket opened
[2025-09-20 15:29:42.229] LOG - 20:29:42.227Z loadAppLevelPlugins:  [object Object]
[2025-09-20 15:29:42.229] LOG - 20:29:42.227Z loadAppLevelPlugins: 
[2025-09-20 15:29:43.076] LOG - 20:29:43.043Z jailing is in progress
[2025-09-20 15:29:43.077] LOG - 20:29:43.043Z jailing is in progress
[2025-09-20 15:29:43.133] LOG - 20:29:43.131Z created chart 1
[2025-09-20 15:29:43.433] LOG - 20:29:43.432Z requestChart: {"symbol":"3267312","chartDescription":{"underlyingType":"Tick","elementSize":5000,"elementSizeUnit":"UnderlyingUnits","withHistogram":false},"timeRange":{"asMuchAsElements":398}}
[2025-09-20 15:29:43.433] LOG - 20:29:43.432Z requestChart: {"symbol":"3267312","chartDescription":{"underlyingType":"Tick","elementSize":5000,"elementSizeUnit":"UnderlyingUnits","withHistogram":false},"timeRange":{"asMuchAsElements":398}}
[2025-09-20 15:29:43.434] LOG - 20:29:43.432Z mdMgApi open
[2025-09-20 15:29:43.434] LOG - 20:29:43.432Z mdMgApi open
[2025-09-20 15:29:43.434] LOG - 20:29:43.432Z pending jailing done. next starts
[2025-09-20 15:29:43.434] LOG - 20:29:43.432Z pending jailing done. next starts
[2025-09-20 15:29:44.181] LOG - 20:29:44.180Z requestChart: {"symbol":"3267312","chartDescription":{"underlyingType":"Tick","elementSize":5000,"elementSizeUnit":"UnderlyingUnits","withHistogram":false},"timeRange":{"asMuchAsElements":1,"closestTimestamp":"2025-09-07T22:00:00.053Z"}}
[2025-09-20 15:29:44.183] LOG - 20:29:44.180Z requestChart: {"symbol":"3267312","chartDescription":{"underlyingType":"Tick","elementSize":5000,"elementSizeUnit":"UnderlyingUnits","withHistogram":false},"timeRange":{"asMuchAsElements":1,"closestTimestamp":"2025-09-07T22:00:00.053Z"}}
[2025-09-20 15:29:44.183] LOG - 20:29:44.180Z mdMgApi open
[2025-09-20 15:29:44.184] LOG - 20:29:44.180Z mdMgApi open
[2025-09-20 15:29:44.547] LOG - 20:29:44.546Z updating the shared isolation
[2025-09-20 15:29:44.547] LOG - 20:29:44.546Z updating the shared isolation
[2025-09-20 15:29:44.857] LOG - 20:29:44.856Z updating the shared isolation
[2025-09-20 15:29:44.857] LOG - 20:29:44.856Z updating the shared isolation
[2025-09-20 15:29:45.222] INFO - 20:29:45.185Z visibilitychange: hidden, gd: 1000
[2025-09-20 15:29:45.223] INFO - 20:29:45.185Z visibilitychange: hidden, gd: 1000
