[2025-09-24 09:15:25.600] LOG - 14:15:25.598Z Starting login process for: zenex3298@gmail.com
[2025-09-24 09:15:25.601] LOG - 14:15:25.598Z Starting login process for: zenex3298@gmail.com
[2025-09-24 09:15:25.601] LOG - 14:15:25.599Z Auto login function executing for: zenex3298@gmail.com
[2025-09-24 09:15:25.602] LOG - 14:15:25.599Z Auto login function executing for: zenex3298@gmail.com
[2025-09-24 09:15:25.602] LOG - 14:15:25.599Z Login form found, filling credentials...
[2025-09-24 09:15:25.603] LOG - 14:15:25.599Z Login form found, filling credentials...
[2025-09-24 09:15:25.755] LOG - 14:15:25.628Z Test element added to DOM
[2025-09-24 09:15:25.755] LOG - 14:15:25.628Z Test element added to DOM
[2025-09-24 09:15:25.759] LOG - 14:15:25.757Z All browser alerts and confirmations have been disabled
[2025-09-24 09:15:25.759] LOG - 14:15:25.757Z All browser alerts and confirmations have been disabled
[2025-09-24 09:15:26.116] LOG - 14:15:26.113Z Clicking login button...
[2025-09-24 09:15:26.116] LOG - 14:15:26.113Z Clicking login button...
[2025-09-24 09:15:26.126] LOG - 14:15:26.124Z authentication starting
[2025-09-24 09:15:26.128] LOG - 14:15:26.124Z authentication starting
[2025-09-24 09:15:26.476] warning - The AudioContext was not allowed to start. It must be resumed (or created) after a user gesture on the page. https://developer.chrome.com/blog/autoplay/#web_audio
[2025-09-24 09:15:26.480] LOG - 14:15:26.455Z Watching for account selection page...
[2025-09-24 09:15:26.481] LOG - 14:15:26.455Z Watching for account selection page...
[2025-09-24 09:15:26.791] LOG - 14:15:26.790Z Access token will be renewed in 75 minutes; expired: Wed Sep 24 2025 10:35:26 GMT-0500 (Central Daylight Time), now: Wed Sep 24 2025 09:15:26 GMT-0500 (Central Daylight Time)
[2025-09-24 09:15:26.792] LOG - 14:15:26.790Z Access token will be renewed in 75 minutes; expired: Wed Sep 24 2025 10:35:26 GMT-0500 (Central Daylight Time), now: Wed Sep 24 2025 09:15:26 GMT-0500 (Central Daylight Time)
[2025-09-24 09:15:27.044] INFO - 14:15:27.043Z [LaunchDarkly] Closing stream connection
[2025-09-24 09:15:27.045] INFO - 14:15:27.043Z [LaunchDarkly] Closing stream connection
[2025-09-24 09:15:27.046] INFO - 14:15:27.043Z [LaunchDarkly] Opening stream connection to https://clientstream.launchdarkly.com/eval/66cdf5b9cf61891061b4e437/eyJraW5kIjoidXNlciIsImtleSI6IjQ2NTYwMjciLCJkZXZpY2UiOiJkZXNrdG9wIiwidXNlcklkIjo0NjU2MDI3LCJpcENvdW50cnkiOiJVUyIsIm9yZ05hbWUiOiJURFYiLCJuYW1lIjoiWmVuZXgzMjk4IiwibGFuZGluZ1BhcmFtcyI6IiJ9
[2025-09-24 09:15:27.046] INFO - 14:15:27.043Z [LaunchDarkly] Opening stream connection to https://clientstream.launchdarkly.com/eval/66cdf5b9cf61891061b4e437/eyJraW5kIjoidXNlciIsImtleSI6IjQ2NTYwMjciLCJkZXZpY2UiOiJkZXNrdG9wIiwidXNlcklkIjo0NjU2MDI3LCJpcENvdW50cnkiOiJVUyIsIm9yZ05hbWUiOiJURFYiLCJuYW1lIjoiWmVuZXgzMjk4IiwibGFuZGluZ1BhcmFtcyI6IiJ9
[2025-09-24 09:15:27.151] INFO - 14:15:27.148Z [LaunchDarkly] Closing stream connection
[2025-09-24 09:15:27.151] INFO - 14:15:27.148Z [LaunchDarkly] Closing stream connection
[2025-09-24 09:15:27.151] INFO - 14:15:27.148Z [LaunchDarkly] Opening stream connection to https://clientstream.launchdarkly.com/eval/66cdf5b9cf61891061b4e437/eyJraW5kIjoidXNlciIsImtleSI6IjQ2NTYwMjciLCJkZXZpY2UiOiJkZXNrdG9wIiwidXNlcklkIjo0NjU2MDI3LCJpcENvdW50cnkiOiJVUyIsIm9yZ05hbWUiOiJURFYiLCJuYW1lIjoiWmVuZXgzMjk4IiwibGFuZGluZ1BhcmFtcyI6IiJ9
[2025-09-24 09:15:27.152] INFO - 14:15:27.148Z [LaunchDarkly] Opening stream connection to https://clientstream.launchdarkly.com/eval/66cdf5b9cf61891061b4e437/eyJraW5kIjoidXNlciIsImtleSI6IjQ2NTYwMjciLCJkZXZpY2UiOiJkZXNrdG9wIiwidXNlcklkIjo0NjU2MDI3LCJpcENvdW50cnkiOiJVUyIsIm9yZ05hbWUiOiJURFYiLCJuYW1lIjoiWmVuZXgzMjk4IiwibGFuZGluZ1BhcmFtcyI6IiJ9
[2025-09-24 09:15:27.958] LOG - 14:15:27.957Z Account selection page detected, clicking button...
[2025-09-24 09:15:27.958] LOG - 14:15:27.957Z Account selection page detected, clicking button...
[2025-09-24 09:15:28.127] LOG - 14:15:28.097Z Access token will be renewed in 75 minutes; expired: Wed Sep 24 2025 10:35:26 GMT-0500 (Central Daylight Time), now: Wed Sep 24 2025 09:15:28 GMT-0500 (Central Daylight Time)
[2025-09-24 09:15:28.128] LOG - 14:15:28.097Z Access token will be renewed in 75 minutes; expired: Wed Sep 24 2025 10:35:26 GMT-0500 (Central Daylight Time), now: Wed Sep 24 2025 09:15:28 GMT-0500 (Central Daylight Time)
[2025-09-24 09:15:28.197] error - Refused to connect to 'https://bat.bing.com/actionp/0?ti=26330043&Ver=2&mid=4fd2207f-16c9-48e5-877e-b18ce436cbbe&bo=2&sid=e921826097c611f09785499b91a2dd7e&vid=9abf384092fe11f0b30e9fac449e4642&vids=0&msclkid=N&evt=pageHide' because it violates the following Content Security Policy directive: "connect-src wss://*.tradovate.com https://*.tradovate.com https://*.ntinnolab.com https://*.devel.ninjatrader.dev https://*.staging.ninjatrader.dev https://*.uat.ninjatrader.dev wss://*.ntinnolab.com wss://*.devel.ninjatrader.dev wss://*.staging.ninjatrader.dev wss://*.uat.ninjatrader.dev wss://*.tradovateapi.com https://*.tradovateapi.com https://*.ninjatrader.com https://cdn.walkme.com https://ec.walkme.com https://sessions.bugsnag.com https://notify.bugsnag.com https://*.plaid.com https://*.yodlee.com https://tradovate.zendesk.com https://rollout.ada.support https://static.ada.support https://ninjatrader.ada.support https://tradovate.ada.support https://ninjatrader-eap.ada.support/ https://demo-ninjatrader-gr.ada.support/ https://tradovate-gen.ada.support/ https://api.stripe.com https://apiproxy.ninjatrader.com https://apiproxy-d.ninjatrader.com https://us-autocomplete-pro.api.smartystreets.com https://international-autocomplete.api.smarty.com https://maps.googleapis.com https://accounts.google.com/ https://www.google.com https://www.googletagmanager.com/ https://*.browser-intake-datadoghq.com https://scripts.neuro-id.com https://receiver.neuroid.cloud https://logs.neuro-id.com https://firebaseinstallations.googleapis.com/ https://firebaseremoteconfig.googleapis.com/ https://logx.optimizely.com https://*.optimizely.com wss://mpsnare.iesnare.com wss://ci-mpsnare.iovation.com https://*.iovation.com/ https://*.reddit.com  https://www.redditstatic.com https://*.taboola.com https://*.launchdarkly.com https://*.alloy.co https://*.maze.co https://www.google-analytics.com https://analytics.google.com https://www.googletagmanager.com/ https://api.hubapi.com https://forms.hubspot.com https://stats.g.doubleclick.net https://alb.reddit.com https://analytics.twitter.com https://heapanalytics.com https://*.auryc.com https://*.contentsquare.net https://siteintercept.qualtrics.com https://api.userway.org/".

[2025-09-24 09:15:28.201] INFO - 14:15:28.194Z visibilitychange: hidden, gd: 1000
[2025-09-24 09:15:28.203] INFO - 14:15:28.194Z visibilitychange: hidden, gd: 1000
[2025-09-24 09:15:28.204] WARNING - 14:15:28.195Z [LaunchDarkly] Error on stream connection: {"isTrusted":true}, will continue retrying after 702 milliseconds.
[2025-09-24 09:15:28.205] WARNING - 14:15:28.195Z [LaunchDarkly] Error on stream connection: {"isTrusted":true}, will continue retrying after 702 milliseconds.
[2025-09-24 09:15:28.205] INFO - 14:15:28.195Z [LaunchDarkly] Closing stream connection
[2025-09-24 09:15:28.205] INFO - 14:15:28.195Z [LaunchDarkly] Closing stream connection
[2025-09-24 09:15:28.606] WARNING - Duplicate atom key "locale". This is a FATAL ERROR in
      production. But it is safe to ignore this warning if it occurred because of
      hot module replacement.
[2025-09-24 09:15:28.609] WARNING - Duplicate atom key "locale". This is a FATAL ERROR in
      production. But it is safe to ignore this warning if it occurred because of
      hot module replacement.
[2025-09-24 09:15:28.610] WARNING - Duplicate atom key "muiTheme". This is a FATAL ERROR in
      production. But it is safe to ignore this warning if it occurred because of
      hot module replacement.
[2025-09-24 09:15:28.610] WARNING - Duplicate atom key "muiTheme". This is a FATAL ERROR in
      production. But it is safe to ignore this warning if it occurred because of
      hot module replacement.
[2025-09-24 09:15:28.611] WARNING - Duplicate atom key "appLinksFooter". This is a FATAL ERROR in
      production. But it is safe to ignore this warning if it occurred because of
      hot module replacement.
[2025-09-24 09:15:28.612] WARNING - Duplicate atom key "appLinksFooter". This is a FATAL ERROR in
      production. But it is safe to ignore this warning if it occurred because of
      hot module replacement.
[2025-09-24 09:15:28.614] WARNING - Duplicate atom key "currentUserId2". This is a FATAL ERROR in
      production. But it is safe to ignore this warning if it occurred because of
      hot module replacement.
[2025-09-24 09:15:28.615] WARNING - Duplicate atom key "currentUserId2". This is a FATAL ERROR in
      production. But it is safe to ignore this warning if it occurred because of
      hot module replacement.
[2025-09-24 09:15:28.615] WARNING - Duplicate atom key "onboardingInProgress". This is a FATAL ERROR in
      production. But it is safe to ignore this warning if it occurred because of
      hot module replacement.
[2025-09-24 09:15:28.617] WARNING - Duplicate atom key "onboardingInProgress". This is a FATAL ERROR in
      production. But it is safe to ignore this warning if it occurred because of
      hot module replacement.
[2025-09-24 09:15:28.619] WARNING - Duplicate atom key "editing". This is a FATAL ERROR in
      production. But it is safe to ignore this warning if it occurred because of
      hot module replacement.
[2025-09-24 09:15:28.621] WARNING - Duplicate atom key "editing". This is a FATAL ERROR in
      production. But it is safe to ignore this warning if it occurred because of
      hot module replacement.
[2025-09-24 09:15:28.624] WARNING - Duplicate atom key "infoMessage". This is a FATAL ERROR in
      production. But it is safe to ignore this warning if it occurred because of
      hot module replacement.
[2025-09-24 09:15:28.627] WARNING - Duplicate atom key "infoMessage". This is a FATAL ERROR in
      production. But it is safe to ignore this warning if it occurred because of
      hot module replacement.
[2025-09-24 09:15:28.632] WARNING - Duplicate atom key "browserWarning". This is a FATAL ERROR in
      production. But it is safe to ignore this warning if it occurred because of
      hot module replacement.
[2025-09-24 09:15:28.634] WARNING - Duplicate atom key "browserWarning". This is a FATAL ERROR in
      production. But it is safe to ignore this warning if it occurred because of
      hot module replacement.
[2025-09-24 09:15:28.635] WARNING - Duplicate atom key "clockWarning". This is a FATAL ERROR in
      production. But it is safe to ignore this warning if it occurred because of
      hot module replacement.
[2025-09-24 09:15:28.637] WARNING - Duplicate atom key "clockWarning". This is a FATAL ERROR in
      production. But it is safe to ignore this warning if it occurred because of
      hot module replacement.
[2025-09-24 09:15:28.642] WARNING - Duplicate atom key "breakpoint". This is a FATAL ERROR in
      production. But it is safe to ignore this warning if it occurred because of
      hot module replacement.
[2025-09-24 09:15:28.645] WARNING - Duplicate atom key "breakpoint". This is a FATAL ERROR in
      production. But it is safe to ignore this warning if it occurred because of
      hot module replacement.
[2025-09-24 09:15:28.645] WARNING - Duplicate atom key "inMobileRange". This is a FATAL ERROR in
      production. But it is safe to ignore this warning if it occurred because of
      hot module replacement.
[2025-09-24 09:15:28.649] WARNING - Duplicate atom key "inMobileRange". This is a FATAL ERROR in
      production. But it is safe to ignore this warning if it occurred because of
      hot module replacement.
[2025-09-24 09:15:28.653] WARNING - Duplicate atom key "gridSpacing". This is a FATAL ERROR in
      production. But it is safe to ignore this warning if it occurred because of
      hot module replacement.
[2025-09-24 09:15:28.656] WARNING - Duplicate atom key "gridSpacing". This is a FATAL ERROR in
      production. But it is safe to ignore this warning if it occurred because of
      hot module replacement.
[2025-09-24 09:15:28.660] WARNING - Duplicate atom key "login". This is a FATAL ERROR in
      production. But it is safe to ignore this warning if it occurred because of
      hot module replacement.
[2025-09-24 09:15:28.662] WARNING - Duplicate atom key "login". This is a FATAL ERROR in
      production. But it is safe to ignore this warning if it occurred because of
      hot module replacement.
[2025-09-24 09:15:28.663] WARNING - Duplicate atom key "error". This is a FATAL ERROR in
      production. But it is safe to ignore this warning if it occurred because of
      hot module replacement.
[2025-09-24 09:15:28.664] WARNING - Duplicate atom key "error". This is a FATAL ERROR in
      production. But it is safe to ignore this warning if it occurred because of
      hot module replacement.
[2025-09-24 09:15:28.664] WARNING - Duplicate atom key "contactInfos2". This is a FATAL ERROR in
      production. But it is safe to ignore this warning if it occurred because of
      hot module replacement.
[2025-09-24 09:15:28.664] WARNING - Duplicate atom key "contactInfos2". This is a FATAL ERROR in
      production. But it is safe to ignore this warning if it occurred because of
      hot module replacement.
[2025-09-24 09:15:28.664] WARNING - Duplicate atom key "individualApplicantsTimestamp". This is a FATAL ERROR in
      production. But it is safe to ignore this warning if it occurred because of
      hot module replacement.
[2025-09-24 09:15:28.665] WARNING - Duplicate atom key "individualApplicantsTimestamp". This is a FATAL ERROR in
      production. But it is safe to ignore this warning if it occurred because of
      hot module replacement.
[2025-09-24 09:15:28.665] WARNING - Duplicate atom key "customerApplication". This is a FATAL ERROR in
      production. But it is safe to ignore this warning if it occurred because of
      hot module replacement.
[2025-09-24 09:15:28.665] WARNING - Duplicate atom key "customerApplication". This is a FATAL ERROR in
      production. But it is safe to ignore this warning if it occurred because of
      hot module replacement.
[2025-09-24 09:15:28.666] WARNING - Duplicate atom key "individualApplicants". This is a FATAL ERROR in
      production. But it is safe to ignore this warning if it occurred because of
      hot module replacement.
[2025-09-24 09:15:28.666] WARNING - Duplicate atom key "individualApplicants". This is a FATAL ERROR in
      production. But it is safe to ignore this warning if it occurred because of
      hot module replacement.
[2025-09-24 09:15:28.666] WARNING - Duplicate atom key "clearingHouses". This is a FATAL ERROR in
      production. But it is safe to ignore this warning if it occurred because of
      hot module replacement.
[2025-09-24 09:15:28.667] WARNING - Duplicate atom key "clearingHouses". This is a FATAL ERROR in
      production. But it is safe to ignore this warning if it occurred because of
      hot module replacement.
[2025-09-24 09:15:28.667] WARNING - Duplicate atom key "clearXClearingHouse". This is a FATAL ERROR in
      production. But it is safe to ignore this warning if it occurred because of
      hot module replacement.
[2025-09-24 09:15:28.667] WARNING - Duplicate atom key "clearXClearingHouse". This is a FATAL ERROR in
      production. But it is safe to ignore this warning if it occurred because of
      hot module replacement.
[2025-09-24 09:15:28.667] WARNING - Duplicate atom key "applicationClearingHouse". This is a FATAL ERROR in
      production. But it is safe to ignore this warning if it occurred because of
      hot module replacement.
[2025-09-24 09:15:28.667] WARNING - Duplicate atom key "applicationClearingHouse". This is a FATAL ERROR in
      production. But it is safe to ignore this warning if it occurred because of
      hot module replacement.
[2025-09-24 09:15:28.668] WARNING - Duplicate atom key "userLocation". This is a FATAL ERROR in
      production. But it is safe to ignore this warning if it occurred because of
      hot module replacement.
[2025-09-24 09:15:28.668] WARNING - Duplicate atom key "userLocation". This is a FATAL ERROR in
      production. But it is safe to ignore this warning if it occurred because of
      hot module replacement.
[2025-09-24 09:15:28.669] WARNING - Duplicate atom key "savedApplicationsTimestamp". This is a FATAL ERROR in
      production. But it is safe to ignore this warning if it occurred because of
      hot module replacement.
[2025-09-24 09:15:28.670] WARNING - Duplicate atom key "savedApplicationsTimestamp". This is a FATAL ERROR in
      production. But it is safe to ignore this warning if it occurred because of
      hot module replacement.
[2025-09-24 09:15:28.670] WARNING - Duplicate atom key "savedApplications". This is a FATAL ERROR in
      production. But it is safe to ignore this warning if it occurred because of
      hot module replacement.
[2025-09-24 09:15:28.671] WARNING - Duplicate atom key "savedApplications". This is a FATAL ERROR in
      production. But it is safe to ignore this warning if it occurred because of
      hot module replacement.
[2025-09-24 09:15:28.674] WARNING - Duplicate atom key "step". This is a FATAL ERROR in
      production. But it is safe to ignore this warning if it occurred because of
      hot module replacement.
[2025-09-24 09:15:28.674] WARNING - Duplicate atom key "step". This is a FATAL ERROR in
      production. But it is safe to ignore this warning if it occurred because of
      hot module replacement.
[2025-09-24 09:15:28.675] WARNING - Duplicate atom key "checkStates". This is a FATAL ERROR in
      production. But it is safe to ignore this warning if it occurred because of
      hot module replacement.
[2025-09-24 09:15:28.675] WARNING - Duplicate atom key "checkStates". This is a FATAL ERROR in
      production. But it is safe to ignore this warning if it occurred because of
      hot module replacement.
[2025-09-24 09:15:28.675] WARNING - Duplicate atom key "signStates". This is a FATAL ERROR in
      production. But it is safe to ignore this warning if it occurred because of
      hot module replacement.
[2025-09-24 09:15:28.676] WARNING - Duplicate atom key "signStates". This is a FATAL ERROR in
      production. But it is safe to ignore this warning if it occurred because of
      hot module replacement.
[2025-09-24 09:15:28.676] WARNING - Duplicate atom key "wizard". This is a FATAL ERROR in
      production. But it is safe to ignore this warning if it occurred because of
      hot module replacement.
[2025-09-24 09:15:28.676] WARNING - Duplicate atom key "wizard". This is a FATAL ERROR in
      production. But it is safe to ignore this warning if it occurred because of
      hot module replacement.
[2025-09-24 09:15:28.676] WARNING - Duplicate atom key "formBuilder". This is a FATAL ERROR in
      production. But it is safe to ignore this warning if it occurred because of
      hot module replacement.
[2025-09-24 09:15:28.677] WARNING - Duplicate atom key "formBuilder". This is a FATAL ERROR in
      production. But it is safe to ignore this warning if it occurred because of
      hot module replacement.
[2025-09-24 09:15:28.677] WARNING - Duplicate atom key "headerSlot". This is a FATAL ERROR in
      production. But it is safe to ignore this warning if it occurred because of
      hot module replacement.
[2025-09-24 09:15:28.677] WARNING - Duplicate atom key "headerSlot". This is a FATAL ERROR in
      production. But it is safe to ignore this warning if it occurred because of
      hot module replacement.
[2025-09-24 09:15:28.677] WARNING - Duplicate atom key "footerSlot". This is a FATAL ERROR in
      production. But it is safe to ignore this warning if it occurred because of
      hot module replacement.
[2025-09-24 09:15:28.678] WARNING - Duplicate atom key "footerSlot". This is a FATAL ERROR in
      production. But it is safe to ignore this warning if it occurred because of
      hot module replacement.
[2025-09-24 09:15:28.678] WARNING - Duplicate atom key "alloyJourneyToken". This is a FATAL ERROR in
      production. But it is safe to ignore this warning if it occurred because of
      hot module replacement.
[2025-09-24 09:15:28.678] WARNING - Duplicate atom key "alloyJourneyToken". This is a FATAL ERROR in
      production. But it is safe to ignore this warning if it occurred because of
      hot module replacement.
[2025-09-24 09:15:28.679] DEBUG - [bugsnag] Loaded!
[2025-09-24 09:15:28.679] DEBUG - [bugsnag] Loaded!
[2025-09-24 09:15:28.679] INFO - Version 3.250919.0 prod production 
[2025-09-24 09:15:28.679] INFO - Version 3.250919.0 prod production 
[2025-09-24 09:15:28.679] INFO - Time: Wed Sep 24 2025 09:15:28 GMT-0500 (Central Daylight Time)
[2025-09-24 09:15:28.680] INFO - Time:
[2025-09-24 09:15:28.722] LOG - 14:15:28.719Z Try to restore session
[2025-09-24 09:15:28.723] LOG - 14:15:28.719Z Try to restore session
[2025-09-24 09:15:28.723] LOG - 14:15:28.721Z Access token will be renewed in 75 minutes; expired: Wed Sep 24 2025 10:35:26 GMT-0500 (Central Daylight Time), now: Wed Sep 24 2025 09:15:28 GMT-0500 (Central Daylight Time)
[2025-09-24 09:15:28.724] LOG - 14:15:28.721Z Access token will be renewed in 75 minutes; expired: Wed Sep 24 2025 10:35:26 GMT-0500 (Central Daylight Time), now: Wed Sep 24 2025 09:15:28 GMT-0500 (Central Daylight Time)
[2025-09-24 09:15:28.730] WARNING - 14:15:28.728Z [LaunchDarkly] The waitForInitialization function was called without a timeout specified. In a future version a default timeout will be applied.
[2025-09-24 09:15:28.730] WARNING - 14:15:28.728Z [LaunchDarkly] The waitForInitialization function was called without a timeout specified. In a future version a default timeout will be applied.
[2025-09-24 09:15:28.736] INFO - 14:15:28.735Z chart cache state: islands=1, bars=407
[2025-09-24 09:15:28.737] INFO - 14:15:28.735Z chart cache state: islands=1, bars=407
[2025-09-24 09:15:28.737] INFO - 14:15:28.735Z Chart history database initialized
[2025-09-24 09:15:28.738] INFO - 14:15:28.735Z Chart history database initialized
[2025-09-24 09:15:28.744] INFO - 14:15:28.743Z [LaunchDarkly] LaunchDarkly client initialized
[2025-09-24 09:15:28.747] INFO - 14:15:28.743Z [LaunchDarkly] LaunchDarkly client initialized
[2025-09-24 09:15:28.748] INFO - 14:15:28.744Z [LaunchDarkly] Opening stream connection to https://clientstream.launchdarkly.com/eval/66cdf5b9cf61891061b4e437/eyJraW5kIjoidXNlciIsImtleSI6InVua25vd24iLCJhbm9ueW1vdXMiOmZhbHNlfQ
[2025-09-24 09:15:28.748] INFO - 14:15:28.744Z [LaunchDarkly] Opening stream connection to https://clientstream.launchdarkly.com/eval/66cdf5b9cf61891061b4e437/eyJraW5kIjoidXNlciIsImtleSI6InVua25vd24iLCJhbm9ueW1vdXMiOmZhbHNlfQ
[2025-09-24 09:15:29.399] INFO - 14:15:29.398Z [LaunchDarkly] Closing stream connection
[2025-09-24 09:15:29.401] INFO - 14:15:29.398Z [LaunchDarkly] Closing stream connection
[2025-09-24 09:15:29.401] INFO - 14:15:29.398Z [LaunchDarkly] Opening stream connection to https://clientstream.launchdarkly.com/eval/66cdf5b9cf61891061b4e437/eyJraW5kIjoidXNlciIsImtleSI6IjQ2NTYwMjciLCJkZXZpY2UiOiJkZXNrdG9wIiwidXNlcklkIjo0NjU2MDI3LCJpcENvdW50cnkiOiIiLCJvcmdOYW1lIjoiVERWIiwibmFtZSI6IlplbmV4MzI5OCIsImxhbmRpbmdQYXJhbXMiOiIifQ
[2025-09-24 09:15:29.401] INFO - 14:15:29.398Z [LaunchDarkly] Opening stream connection to https://clientstream.launchdarkly.com/eval/66cdf5b9cf61891061b4e437/eyJraW5kIjoidXNlciIsImtleSI6IjQ2NTYwMjciLCJkZXZpY2UiOiJkZXNrdG9wIiwidXNlcklkIjo0NjU2MDI3LCJpcENvdW50cnkiOiIiLCJvcmdOYW1lIjoiVERWIiwibmFtZSI6IlplbmV4MzI5OCIsImxhbmRpbmdQYXJhbXMiOiIifQ
[2025-09-24 09:15:29.527] LOG - 14:15:29.523Z opening https://demo.tradovateapi.com/
[2025-09-24 09:15:29.531] LOG - 14:15:29.523Z opening https://demo.tradovateapi.com/
[2025-09-24 09:15:29.536] LOG - 14:15:29.531Z Hotkeys initialized {"Shift+Digit1":["orders/selectColumns"],"Shift+Digit2":["orders/showFilters"],"Shift+Digit3":["orders/standardTableView"],"Shift+Digit4":["orders/linkedOrdersView"],"Command+Shift+Digit0":["dom-chart/exit-and-cancel"]}
[2025-09-24 09:15:29.538] LOG - 14:15:29.531Z Hotkeys initialized {"Shift+Digit1":["orders/selectColumns"],"Shift+Digit2":["orders/showFilters"],"Shift+Digit3":["orders/standardTableView"],"Shift+Digit4":["orders/linkedOrdersView"],"Command+Shift+Digit0":["dom-chart/exit-and-cancel"]}
[2025-09-24 09:15:29.606] LOG - 14:15:29.605Z websocket opened
[2025-09-24 09:15:29.607] LOG - 14:15:29.605Z websocket opened
[2025-09-24 09:15:29.664] LOG - 14:15:29.662Z opening https://md-demo.tradovateapi.com/
[2025-09-24 09:15:29.674] LOG - 14:15:29.662Z opening https://md-demo.tradovateapi.com/
[2025-09-24 09:15:29.679] LOG - 14:15:29.664Z Connection:  open
[2025-09-24 09:15:29.680] LOG - 14:15:29.664Z Connection:  open
[2025-09-24 09:15:30.659] LOG - 14:15:30.657Z WebGL:  {"isWebGL2":true,"precision":"highp","logarithmicDepthBuffer":false,"maxTextures":16,"maxVertexTextures":16,"maxTextureSize":16384,"maxCubemapSize":16384,"maxAttributes":16,"maxVertexUniforms":1024,"maxVaryings":30,"maxFragmentUniforms":1024,"vertexTextures":true,"floatFragmentTextures":true,"floatVertexTextures":true,"maxSamples":8} , devicePixelRatio:  2
[2025-09-24 09:15:30.667] LOG - 14:15:30.657Z Canvas size: 501 897 dpp:  2
[2025-09-24 09:15:30.672] LOG - 14:15:30.671Z Loading App-level Plugins
[2025-09-24 09:15:30.673] LOG - 14:15:30.671Z Loading App-level Plugins
[2025-09-24 09:15:30.688] LOG - 14:15:30.686Z WebGL:  {"isWebGL2":true,"precision":"highp","logarithmicDepthBuffer":false,"maxTextures":16,"maxVertexTextures":16,"maxTextureSize":16384,"maxCubemapSize":16384,"maxAttributes":16,"maxVertexUniforms":1024,"maxVaryings":30,"maxFragmentUniforms":1024,"vertexTextures":true,"floatFragmentTextures":true,"floatVertexTextures":true,"maxSamples":8} , devicePixelRatio:  2
[2025-09-24 09:15:30.696] LOG - 14:15:30.686Z Canvas size: 501 897 dpp:  2
[2025-09-24 09:15:30.823] LOG - 14:15:30.756Z websocket opened
[2025-09-24 09:15:30.824] LOG - 14:15:30.756Z websocket opened
[2025-09-24 09:15:31.101] LOG - 14:15:31.099Z loadAppLevelPlugins:  [object Object]
[2025-09-24 09:15:31.101] LOG - 14:15:31.099Z loadAppLevelPlugins: 
[2025-09-24 09:15:32.030] LOG - 14:15:31.995Z jailing is in progress
[2025-09-24 09:15:32.031] LOG - 14:15:31.995Z jailing is in progress
[2025-09-24 09:15:32.382] LOG - 14:15:32.380Z pending jailing done. next starts
[2025-09-24 09:15:32.382] LOG - 14:15:32.380Z pending jailing done. next starts
[2025-09-24 09:15:33.383] LOG - 14:15:33.380Z created chart 1
[2025-09-24 09:15:33.663] LOG - 14:15:33.656Z updating the shared isolation
[2025-09-24 09:15:33.663] LOG - 14:15:33.656Z updating the shared isolation
[2025-09-24 09:15:33.686] LOG - 14:15:33.684Z requestChart: {"symbol":"3267312","chartDescription":{"underlyingType":"Tick","elementSize":5000,"elementSizeUnit":"UnderlyingUnits","withHistogram":false},"timeRange":{"asMuchAsElements":300}}
[2025-09-24 09:15:33.688] LOG - 14:15:33.684Z requestChart: {"symbol":"3267312","chartDescription":{"underlyingType":"Tick","elementSize":5000,"elementSizeUnit":"UnderlyingUnits","withHistogram":false},"timeRange":{"asMuchAsElements":300}}
[2025-09-24 09:15:33.688] LOG - 14:15:33.684Z mdMgApi open
[2025-09-24 09:15:33.688] LOG - 14:15:33.684Z mdMgApi open
[2025-09-24 09:16:28.749] INFO - 14:16:28.747Z time stats. avg diff: -151, min: -151, max: -151, roundtrip: 21 msec, #1
[2025-09-24 09:16:28.749] INFO - 14:16:28.747Z time stats. avg diff: -151, min: -151, max: -151, roundtrip: 21 msec, #1
[2025-09-24 09:17:30.692] LOG - 14:17:30.691Z WebGL:  {"geometries":62,"textures":1} 6 , devicePixelRatio:  2
[2025-09-24 09:17:36.490] INFO - 14:17:36.473Z visibilitychange: hidden, gd: 1000
[2025-09-24 09:17:36.492] INFO - 14:17:36.473Z visibilitychange: hidden, gd: 1000
