[2025-09-20 15:47:32.353] LOG - 20:47:32.351Z Starting login process for: zenex3298@gmail.com
[2025-09-20 15:47:32.354] LOG - 20:47:32.351Z Starting login process for: zenex3298@gmail.com
[2025-09-20 15:47:32.355] LOG - 20:47:32.352Z Auto login function executing for: zenex3298@gmail.com
[2025-09-20 15:47:32.356] LOG - 20:47:32.352Z Auto login function executing for: zenex3298@gmail.com
[2025-09-20 15:47:32.356] LOG - 20:47:32.352Z Login form found, filling credentials...
[2025-09-20 15:47:32.357] LOG - 20:47:32.352Z Login form found, filling credentials...
[2025-09-20 15:47:32.500] LOG - 20:47:32.383Z Test element added to DOM
[2025-09-20 15:47:32.501] LOG - 20:47:32.383Z Test element added to DOM
[2025-09-20 15:47:32.503] LOG - 20:47:32.502Z All browser alerts and confirmations have been disabled
[2025-09-20 15:47:32.504] LOG - 20:47:32.502Z All browser alerts and confirmations have been disabled
[2025-09-20 15:47:32.868] LOG - 20:47:32.867Z Clicking login button...
[2025-09-20 15:47:32.869] LOG - 20:47:32.867Z Clicking login button...
[2025-09-20 15:47:32.880] LOG - 20:47:32.877Z authentication starting
[2025-09-20 15:47:32.880] LOG - 20:47:32.877Z authentication starting
[2025-09-20 15:47:33.208] warning - The AudioContext was not allowed to start. It must be resumed (or created) after a user gesture on the page. https://developer.chrome.com/blog/autoplay/#web_audio
[2025-09-20 15:47:33.209] LOG - 20:47:33.191Z Watching for account selection page...
[2025-09-20 15:47:33.210] LOG - 20:47:33.191Z Watching for account selection page...
[2025-09-20 15:47:33.486] error - [Report Only] Refused to frame 'https://accounts.google.com/' because an ancestor violates the following Content Security Policy directive: "frame-ancestors 'self'".

[2025-09-20 15:47:33.486] LOG - 20:47:33.486Z Access token will be renewed in 75 minutes; expired: Sat Sep 20 2025 17:07:33 GMT-0500 (Central Daylight Time), now: Sat Sep 20 2025 15:47:33 GMT-0500 (Central Daylight Time)
[2025-09-20 15:47:33.487] LOG - 20:47:33.486Z Access token will be renewed in 75 minutes; expired: Sat Sep 20 2025 17:07:33 GMT-0500 (Central Daylight Time), now: Sat Sep 20 2025 15:47:33 GMT-0500 (Central Daylight Time)
[2025-09-20 15:47:33.836] error - Access to XMLHttpRequest at 'https://app.launchdarkly.com/sdk/evalx/66cdf5b9cf61891061b4e437/contexts/eyJraW5kIjoidXNlciIsImtleSI6IjQ2NTYwMjciLCJkZXZpY2UiOiJkZXNrdG9wIiwidXNlcklkIjo0NjU2MDI3LCJpcENvdW50cnkiOiJVUyIsIm9yZ05hbWUiOiJURFYiLCJuYW1lIjoiWmVuZXgzMjk4IiwibGFuZGluZ1BhcmFtcyI6IiJ9' from origin 'https://trader.tradovate.com' has been blocked by CORS policy: No 'Access-Control-Allow-Origin' header is present on the requested resource.
[2025-09-20 15:47:33.836] ERROR - 20:47:33.836Z [LaunchDarkly] network error (Error)
[2025-09-20 15:47:33.837] ERROR - 20:47:33.836Z [LaunchDarkly] network error (Error)
[2025-09-20 15:47:33.838] ERROR - 20:47:33.837Z [LaunchDarkly] network error (Error)
[2025-09-20 15:47:33.839] ERROR - 20:47:33.837Z [LaunchDarkly] network error (Error)
[2025-09-20 15:47:33.839] error - Failed to load resource: net::ERR_FAILED
[2025-09-20 15:47:33.845] ERROR - Exception: t
[2025-09-20 15:47:33.846] ERROR - Exception: t
[2025-09-20 15:47:34.195] LOG - 20:47:34.193Z Account selection page detected, clicking button...
[2025-09-20 15:47:34.195] LOG - 20:47:34.193Z Account selection page detected, clicking button...
[2025-09-20 15:47:34.364] LOG - 20:47:34.331Z Access token will be renewed in 75 minutes; expired: Sat Sep 20 2025 17:07:33 GMT-0500 (Central Daylight Time), now: Sat Sep 20 2025 15:47:34 GMT-0500 (Central Daylight Time)
[2025-09-20 15:47:34.364] LOG - 20:47:34.331Z Access token will be renewed in 75 minutes; expired: Sat Sep 20 2025 17:07:33 GMT-0500 (Central Daylight Time), now: Sat Sep 20 2025 15:47:34 GMT-0500 (Central Daylight Time)
[2025-09-20 15:47:34.819] error - Refused to connect to 'https://bat.bing.com/actionp/0?ti=26330043&Ver=2&mid=f6a8a6ee-b89c-4c30-9e88-5ea06cbff53e&bo=2&sid=49ffa650964611f0b1c77d72422fc1b9&vid=99c3288092fe11f0bc7275adc39e6add&vids=0&msclkid=N&evt=pageHide' because it violates the following Content Security Policy directive: "connect-src wss://*.tradovate.com https://*.tradovate.com https://*.ntinnolab.com https://*.devel.ninjatrader.dev https://*.staging.ninjatrader.dev https://*.uat.ninjatrader.dev wss://*.ntinnolab.com wss://*.devel.ninjatrader.dev wss://*.staging.ninjatrader.dev wss://*.uat.ninjatrader.dev wss://*.tradovateapi.com https://*.tradovateapi.com https://*.ninjatrader.com https://cdn.walkme.com https://ec.walkme.com https://sessions.bugsnag.com https://notify.bugsnag.com https://*.plaid.com https://*.yodlee.com https://tradovate.zendesk.com https://rollout.ada.support https://static.ada.support https://ninjatrader.ada.support https://tradovate.ada.support https://ninjatrader-eap.ada.support/ https://demo-ninjatrader-gr.ada.support/ https://tradovate-gen.ada.support/ https://api.stripe.com https://apiproxy.ninjatrader.com https://apiproxy-d.ninjatrader.com https://us-autocomplete-pro.api.smartystreets.com https://international-autocomplete.api.smarty.com https://maps.googleapis.com https://accounts.google.com/ https://www.google.com https://www.googletagmanager.com/ https://*.browser-intake-datadoghq.com https://scripts.neuro-id.com https://receiver.neuroid.cloud https://logs.neuro-id.com https://firebaseinstallations.googleapis.com/ https://firebaseremoteconfig.googleapis.com/ https://logx.optimizely.com https://*.optimizely.com wss://mpsnare.iesnare.com wss://ci-mpsnare.iovation.com https://*.iovation.com/ https://*.reddit.com  https://www.redditstatic.com https://*.taboola.com https://*.launchdarkly.com https://*.alloy.co https://*.maze.co https://www.google-analytics.com https://analytics.google.com https://www.googletagmanager.com/ https://api.hubapi.com https://forms.hubspot.com https://stats.g.doubleclick.net https://alb.reddit.com https://analytics.twitter.com https://heapanalytics.com https://*.auryc.com https://*.contentsquare.net https://siteintercept.qualtrics.com https://api.userway.org/".

[2025-09-20 15:47:34.821] INFO - 20:47:34.817Z visibilitychange: hidden, gd: 1000
[2025-09-20 15:47:34.821] INFO - 20:47:34.817Z visibilitychange: hidden, gd: 1000
[2025-09-20 15:47:34.822] WARNING - 20:47:34.818Z [LaunchDarkly] Error on stream connection: {"isTrusted":true}, will continue retrying after 528 milliseconds.
[2025-09-20 15:47:34.823] WARNING - 20:47:34.818Z [LaunchDarkly] Error on stream connection: {"isTrusted":true}, will continue retrying after 528 milliseconds.
[2025-09-20 15:47:34.823] INFO - 20:47:34.819Z [LaunchDarkly] Closing stream connection
[2025-09-20 15:47:34.823] INFO - 20:47:34.819Z [LaunchDarkly] Closing stream connection
[2025-09-20 15:47:35.182] WARNING - Duplicate atom key "locale". This is a FATAL ERROR in
      production. But it is safe to ignore this warning if it occurred because of
      hot module replacement.
[2025-09-20 15:47:35.182] WARNING - Duplicate atom key "locale". This is a FATAL ERROR in
      production. But it is safe to ignore this warning if it occurred because of
      hot module replacement.
[2025-09-20 15:47:35.183] WARNING - Duplicate atom key "muiTheme". This is a FATAL ERROR in
      production. But it is safe to ignore this warning if it occurred because of
      hot module replacement.
[2025-09-20 15:47:35.184] WARNING - Duplicate atom key "muiTheme". This is a FATAL ERROR in
      production. But it is safe to ignore this warning if it occurred because of
      hot module replacement.
[2025-09-20 15:47:35.185] WARNING - Duplicate atom key "appLinksFooter". This is a FATAL ERROR in
      production. But it is safe to ignore this warning if it occurred because of
      hot module replacement.
[2025-09-20 15:47:35.186] WARNING - Duplicate atom key "appLinksFooter". This is a FATAL ERROR in
      production. But it is safe to ignore this warning if it occurred because of
      hot module replacement.
[2025-09-20 15:47:35.187] WARNING - Duplicate atom key "currentUserId2". This is a FATAL ERROR in
      production. But it is safe to ignore this warning if it occurred because of
      hot module replacement.
[2025-09-20 15:47:35.188] WARNING - Duplicate atom key "currentUserId2". This is a FATAL ERROR in
      production. But it is safe to ignore this warning if it occurred because of
      hot module replacement.
[2025-09-20 15:47:35.189] WARNING - Duplicate atom key "onboardingInProgress". This is a FATAL ERROR in
      production. But it is safe to ignore this warning if it occurred because of
      hot module replacement.
[2025-09-20 15:47:35.190] WARNING - Duplicate atom key "onboardingInProgress". This is a FATAL ERROR in
      production. But it is safe to ignore this warning if it occurred because of
      hot module replacement.
[2025-09-20 15:47:35.190] WARNING - Duplicate atom key "editing". This is a FATAL ERROR in
      production. But it is safe to ignore this warning if it occurred because of
      hot module replacement.
[2025-09-20 15:47:35.192] WARNING - Duplicate atom key "editing". This is a FATAL ERROR in
      production. But it is safe to ignore this warning if it occurred because of
      hot module replacement.
[2025-09-20 15:47:35.193] WARNING - Duplicate atom key "infoMessage". This is a FATAL ERROR in
      production. But it is safe to ignore this warning if it occurred because of
      hot module replacement.
[2025-09-20 15:47:35.194] WARNING - Duplicate atom key "infoMessage". This is a FATAL ERROR in
      production. But it is safe to ignore this warning if it occurred because of
      hot module replacement.
[2025-09-20 15:47:35.195] WARNING - Duplicate atom key "browserWarning". This is a FATAL ERROR in
      production. But it is safe to ignore this warning if it occurred because of
      hot module replacement.
[2025-09-20 15:47:35.196] WARNING - Duplicate atom key "browserWarning". This is a FATAL ERROR in
      production. But it is safe to ignore this warning if it occurred because of
      hot module replacement.
[2025-09-20 15:47:35.197] WARNING - Duplicate atom key "clockWarning". This is a FATAL ERROR in
      production. But it is safe to ignore this warning if it occurred because of
      hot module replacement.
[2025-09-20 15:47:35.198] WARNING - Duplicate atom key "clockWarning". This is a FATAL ERROR in
      production. But it is safe to ignore this warning if it occurred because of
      hot module replacement.
[2025-09-20 15:47:35.200] WARNING - Duplicate atom key "breakpoint". This is a FATAL ERROR in
      production. But it is safe to ignore this warning if it occurred because of
      hot module replacement.
[2025-09-20 15:47:35.202] WARNING - Duplicate atom key "breakpoint". This is a FATAL ERROR in
      production. But it is safe to ignore this warning if it occurred because of
      hot module replacement.
[2025-09-20 15:47:35.203] WARNING - Duplicate atom key "inMobileRange". This is a FATAL ERROR in
      production. But it is safe to ignore this warning if it occurred because of
      hot module replacement.
[2025-09-20 15:47:35.204] WARNING - Duplicate atom key "inMobileRange". This is a FATAL ERROR in
      production. But it is safe to ignore this warning if it occurred because of
      hot module replacement.
[2025-09-20 15:47:35.205] WARNING - Duplicate atom key "gridSpacing". This is a FATAL ERROR in
      production. But it is safe to ignore this warning if it occurred because of
      hot module replacement.
[2025-09-20 15:47:35.205] WARNING - Duplicate atom key "gridSpacing". This is a FATAL ERROR in
      production. But it is safe to ignore this warning if it occurred because of
      hot module replacement.
[2025-09-20 15:47:35.207] WARNING - Duplicate atom key "login". This is a FATAL ERROR in
      production. But it is safe to ignore this warning if it occurred because of
      hot module replacement.
[2025-09-20 15:47:35.208] WARNING - Duplicate atom key "login". This is a FATAL ERROR in
      production. But it is safe to ignore this warning if it occurred because of
      hot module replacement.
[2025-09-20 15:47:35.209] WARNING - Duplicate atom key "error". This is a FATAL ERROR in
      production. But it is safe to ignore this warning if it occurred because of
      hot module replacement.
[2025-09-20 15:47:35.211] WARNING - Duplicate atom key "error". This is a FATAL ERROR in
      production. But it is safe to ignore this warning if it occurred because of
      hot module replacement.
[2025-09-20 15:47:35.212] WARNING - Duplicate atom key "contactInfos2". This is a FATAL ERROR in
      production. But it is safe to ignore this warning if it occurred because of
      hot module replacement.
[2025-09-20 15:47:35.212] WARNING - Duplicate atom key "contactInfos2". This is a FATAL ERROR in
      production. But it is safe to ignore this warning if it occurred because of
      hot module replacement.
[2025-09-20 15:47:35.213] WARNING - Duplicate atom key "individualApplicantsTimestamp". This is a FATAL ERROR in
      production. But it is safe to ignore this warning if it occurred because of
      hot module replacement.
[2025-09-20 15:47:35.213] WARNING - Duplicate atom key "individualApplicantsTimestamp". This is a FATAL ERROR in
      production. But it is safe to ignore this warning if it occurred because of
      hot module replacement.
[2025-09-20 15:47:35.213] WARNING - Duplicate atom key "customerApplication". This is a FATAL ERROR in
      production. But it is safe to ignore this warning if it occurred because of
      hot module replacement.
[2025-09-20 15:47:35.213] WARNING - Duplicate atom key "customerApplication". This is a FATAL ERROR in
      production. But it is safe to ignore this warning if it occurred because of
      hot module replacement.
[2025-09-20 15:47:35.213] WARNING - Duplicate atom key "individualApplicants". This is a FATAL ERROR in
      production. But it is safe to ignore this warning if it occurred because of
      hot module replacement.
[2025-09-20 15:47:35.213] WARNING - Duplicate atom key "individualApplicants". This is a FATAL ERROR in
      production. But it is safe to ignore this warning if it occurred because of
      hot module replacement.
[2025-09-20 15:47:35.213] WARNING - Duplicate atom key "clearingHouses". This is a FATAL ERROR in
      production. But it is safe to ignore this warning if it occurred because of
      hot module replacement.
[2025-09-20 15:47:35.213] WARNING - Duplicate atom key "clearingHouses". This is a FATAL ERROR in
      production. But it is safe to ignore this warning if it occurred because of
      hot module replacement.
[2025-09-20 15:47:35.214] WARNING - Duplicate atom key "clearXClearingHouse". This is a FATAL ERROR in
      production. But it is safe to ignore this warning if it occurred because of
      hot module replacement.
[2025-09-20 15:47:35.214] WARNING - Duplicate atom key "clearXClearingHouse". This is a FATAL ERROR in
      production. But it is safe to ignore this warning if it occurred because of
      hot module replacement.
[2025-09-20 15:47:35.214] WARNING - Duplicate atom key "applicationClearingHouse". This is a FATAL ERROR in
      production. But it is safe to ignore this warning if it occurred because of
      hot module replacement.
[2025-09-20 15:47:35.214] WARNING - Duplicate atom key "applicationClearingHouse". This is a FATAL ERROR in
      production. But it is safe to ignore this warning if it occurred because of
      hot module replacement.
[2025-09-20 15:47:35.214] WARNING - Duplicate atom key "userLocation". This is a FATAL ERROR in
      production. But it is safe to ignore this warning if it occurred because of
      hot module replacement.
[2025-09-20 15:47:35.214] WARNING - Duplicate atom key "userLocation". This is a FATAL ERROR in
      production. But it is safe to ignore this warning if it occurred because of
      hot module replacement.
[2025-09-20 15:47:35.214] WARNING - Duplicate atom key "savedApplicationsTimestamp". This is a FATAL ERROR in
      production. But it is safe to ignore this warning if it occurred because of
      hot module replacement.
[2025-09-20 15:47:35.214] WARNING - Duplicate atom key "savedApplicationsTimestamp". This is a FATAL ERROR in
      production. But it is safe to ignore this warning if it occurred because of
      hot module replacement.
[2025-09-20 15:47:35.215] WARNING - Duplicate atom key "savedApplications". This is a FATAL ERROR in
      production. But it is safe to ignore this warning if it occurred because of
      hot module replacement.
[2025-09-20 15:47:35.215] WARNING - Duplicate atom key "savedApplications". This is a FATAL ERROR in
      production. But it is safe to ignore this warning if it occurred because of
      hot module replacement.
[2025-09-20 15:47:35.215] WARNING - Duplicate atom key "step". This is a FATAL ERROR in
      production. But it is safe to ignore this warning if it occurred because of
      hot module replacement.
[2025-09-20 15:47:35.215] WARNING - Duplicate atom key "step". This is a FATAL ERROR in
      production. But it is safe to ignore this warning if it occurred because of
      hot module replacement.
[2025-09-20 15:47:35.215] WARNING - Duplicate atom key "checkStates". This is a FATAL ERROR in
      production. But it is safe to ignore this warning if it occurred because of
      hot module replacement.
[2025-09-20 15:47:35.215] WARNING - Duplicate atom key "checkStates". This is a FATAL ERROR in
      production. But it is safe to ignore this warning if it occurred because of
      hot module replacement.
[2025-09-20 15:47:35.215] WARNING - Duplicate atom key "signStates". This is a FATAL ERROR in
      production. But it is safe to ignore this warning if it occurred because of
      hot module replacement.
[2025-09-20 15:47:35.215] WARNING - Duplicate atom key "signStates". This is a FATAL ERROR in
      production. But it is safe to ignore this warning if it occurred because of
      hot module replacement.
[2025-09-20 15:47:35.215] WARNING - Duplicate atom key "wizard". This is a FATAL ERROR in
      production. But it is safe to ignore this warning if it occurred because of
      hot module replacement.
[2025-09-20 15:47:35.216] WARNING - Duplicate atom key "wizard". This is a FATAL ERROR in
      production. But it is safe to ignore this warning if it occurred because of
      hot module replacement.
[2025-09-20 15:47:35.216] WARNING - Duplicate atom key "formBuilder". This is a FATAL ERROR in
      production. But it is safe to ignore this warning if it occurred because of
      hot module replacement.
[2025-09-20 15:47:35.216] WARNING - Duplicate atom key "formBuilder". This is a FATAL ERROR in
      production. But it is safe to ignore this warning if it occurred because of
      hot module replacement.
[2025-09-20 15:47:35.216] WARNING - Duplicate atom key "headerSlot". This is a FATAL ERROR in
      production. But it is safe to ignore this warning if it occurred because of
      hot module replacement.
[2025-09-20 15:47:35.216] WARNING - Duplicate atom key "headerSlot". This is a FATAL ERROR in
      production. But it is safe to ignore this warning if it occurred because of
      hot module replacement.
[2025-09-20 15:47:35.216] WARNING - Duplicate atom key "footerSlot". This is a FATAL ERROR in
      production. But it is safe to ignore this warning if it occurred because of
      hot module replacement.
[2025-09-20 15:47:35.216] WARNING - Duplicate atom key "footerSlot". This is a FATAL ERROR in
      production. But it is safe to ignore this warning if it occurred because of
      hot module replacement.
[2025-09-20 15:47:35.217] WARNING - Duplicate atom key "alloyJourneyToken". This is a FATAL ERROR in
      production. But it is safe to ignore this warning if it occurred because of
      hot module replacement.
[2025-09-20 15:47:35.217] WARNING - Duplicate atom key "alloyJourneyToken". This is a FATAL ERROR in
      production. But it is safe to ignore this warning if it occurred because of
      hot module replacement.
[2025-09-20 15:47:35.217] DEBUG - [bugsnag] Loaded!
[2025-09-20 15:47:35.217] DEBUG - [bugsnag] Loaded!
[2025-09-20 15:47:35.217] INFO - Version 3.250912.0 prod production 
[2025-09-20 15:47:35.218] INFO - Version 3.250912.0 prod production 
[2025-09-20 15:47:35.218] INFO - Time: Sat Sep 20 2025 15:47:35 GMT-0500 (Central Daylight Time)
[2025-09-20 15:47:35.218] INFO - Time:
[2025-09-20 15:47:35.275] LOG - 20:47:35.272Z Try to restore session
[2025-09-20 15:47:35.275] LOG - 20:47:35.272Z Try to restore session
[2025-09-20 15:47:35.276] LOG - 20:47:35.274Z Access token will be renewed in 75 minutes; expired: Sat Sep 20 2025 17:07:33 GMT-0500 (Central Daylight Time), now: Sat Sep 20 2025 15:47:35 GMT-0500 (Central Daylight Time)
[2025-09-20 15:47:35.276] LOG - 20:47:35.274Z Access token will be renewed in 75 minutes; expired: Sat Sep 20 2025 17:07:33 GMT-0500 (Central Daylight Time), now: Sat Sep 20 2025 15:47:35 GMT-0500 (Central Daylight Time)
[2025-09-20 15:47:35.280] WARNING - 20:47:35.280Z [LaunchDarkly] The waitForInitialization function was called without a timeout specified. In a future version a default timeout will be applied.
[2025-09-20 15:47:35.281] WARNING - 20:47:35.280Z [LaunchDarkly] The waitForInitialization function was called without a timeout specified. In a future version a default timeout will be applied.
[2025-09-20 15:47:35.292] INFO - 20:47:35.290Z chart cache state: islands=3, bars=1532
[2025-09-20 15:47:35.292] INFO - 20:47:35.290Z chart cache state: islands=3, bars=1532
[2025-09-20 15:47:35.293] INFO - 20:47:35.291Z Chart history database initialized
[2025-09-20 15:47:35.293] INFO - 20:47:35.291Z Chart history database initialized
[2025-09-20 15:47:35.299] INFO - 20:47:35.298Z [LaunchDarkly] LaunchDarkly client initialized
[2025-09-20 15:47:35.299] INFO - 20:47:35.298Z [LaunchDarkly] LaunchDarkly client initialized
[2025-09-20 15:47:35.300] INFO - 20:47:35.298Z [LaunchDarkly] Opening stream connection to https://clientstream.launchdarkly.com/eval/66cdf5b9cf61891061b4e437/eyJraW5kIjoidXNlciIsImtleSI6InVua25vd24iLCJhbm9ueW1vdXMiOmZhbHNlfQ
[2025-09-20 15:47:35.301] INFO - 20:47:35.298Z [LaunchDarkly] Opening stream connection to https://clientstream.launchdarkly.com/eval/66cdf5b9cf61891061b4e437/eyJraW5kIjoidXNlciIsImtleSI6InVua25vd24iLCJhbm9ueW1vdXMiOmZhbHNlfQ
[2025-09-20 15:47:35.769] error - Access to XMLHttpRequest at 'https://app.launchdarkly.com/sdk/evalx/66cdf5b9cf61891061b4e437/contexts/eyJraW5kIjoidXNlciIsImtleSI6IjQ2NTYwMjciLCJkZXZpY2UiOiJkZXNrdG9wIiwidXNlcklkIjo0NjU2MDI3LCJpcENvdW50cnkiOiJVUyIsIm9yZ05hbWUiOiJURFYiLCJuYW1lIjoiWmVuZXgzMjk4IiwibGFuZGluZ1BhcmFtcyI6IiJ9' from origin 'https://trader.tradovate.com' has been blocked by CORS policy: No 'Access-Control-Allow-Origin' header is present on the requested resource.
[2025-09-20 15:47:35.769] ERROR - 20:47:35.769Z [LaunchDarkly] network error (Error)
[2025-09-20 15:47:35.770] ERROR - 20:47:35.769Z [LaunchDarkly] network error (Error)
[2025-09-20 15:47:35.771] error - Failed to load resource: net::ERR_FAILED
[2025-09-20 15:47:35.774] ERROR - Exception: t
[2025-09-20 15:47:35.885] LOG - 20:47:35.882Z opening https://demo.tradovateapi.com/
[2025-09-20 15:47:35.885] LOG - 20:47:35.882Z opening https://demo.tradovateapi.com/
[2025-09-20 15:47:35.889] LOG - 20:47:35.889Z Hotkeys initialized {"Shift+Digit1":["orders/selectColumns"],"Shift+Digit2":["orders/showFilters"],"Shift+Digit3":["orders/standardTableView"],"Shift+Digit4":["orders/linkedOrdersView"],"Command+Shift+Digit0":["dom-chart/exit-and-cancel"]}
[2025-09-20 15:47:35.890] LOG - 20:47:35.889Z Hotkeys initialized {"Shift+Digit1":["orders/selectColumns"],"Shift+Digit2":["orders/showFilters"],"Shift+Digit3":["orders/standardTableView"],"Shift+Digit4":["orders/linkedOrdersView"],"Command+Shift+Digit0":["dom-chart/exit-and-cancel"]}
[2025-09-20 15:47:35.955] LOG - 20:47:35.955Z websocket opened
[2025-09-20 15:47:35.956] LOG - 20:47:35.955Z websocket opened
[2025-09-20 15:47:36.012] LOG - 20:47:36.011Z opening https://md-demo.tradovateapi.com/
[2025-09-20 15:47:36.013] LOG - 20:47:36.011Z opening https://md-demo.tradovateapi.com/
[2025-09-20 15:47:36.014] LOG - 20:47:36.013Z Connection:  open
[2025-09-20 15:47:36.014] LOG - 20:47:36.013Z Connection:  open
[2025-09-20 15:47:36.981] LOG - 20:47:36.979Z WebGL:  {"isWebGL2":true,"precision":"highp","logarithmicDepthBuffer":false,"maxTextures":16,"maxVertexTextures":16,"maxTextureSize":16384,"maxCubemapSize":16384,"maxAttributes":16,"maxVertexUniforms":1024,"maxVaryings":30,"maxFragmentUniforms":1024,"vertexTextures":true,"floatFragmentTextures":true,"floatVertexTextures":true,"maxSamples":8} , devicePixelRatio:  2
[2025-09-20 15:47:36.986] LOG - 20:47:36.979Z Canvas size: 500 948 dpp:  2
[2025-09-20 15:47:37.003] LOG - 20:47:36.989Z Loading App-level Plugins
[2025-09-20 15:47:37.007] LOG - 20:47:36.989Z Loading App-level Plugins
[2025-09-20 15:47:37.008] LOG - 20:47:37.002Z WebGL:  {"isWebGL2":true,"precision":"highp","logarithmicDepthBuffer":false,"maxTextures":16,"maxVertexTextures":16,"maxTextureSize":16384,"maxCubemapSize":16384,"maxAttributes":16,"maxVertexUniforms":1024,"maxVaryings":30,"maxFragmentUniforms":1024,"vertexTextures":true,"floatFragmentTextures":true,"floatVertexTextures":true,"maxSamples":8} , devicePixelRatio:  2
[2025-09-20 15:47:37.009] LOG - 20:47:37.003Z Canvas size: 500 948 dpp:  2
[2025-09-20 15:47:37.089] LOG - 20:47:37.057Z websocket opened
[2025-09-20 15:47:37.090] LOG - 20:47:37.057Z websocket opened
[2025-09-20 15:47:37.133] LOG - 20:47:37.129Z loadAppLevelPlugins:  [object Object]
[2025-09-20 15:47:37.134] LOG - 20:47:37.129Z loadAppLevelPlugins: 
[2025-09-20 15:47:37.992] LOG - 20:47:37.991Z jailing is in progress
[2025-09-20 15:47:37.993] LOG - 20:47:37.991Z jailing is in progress
[2025-09-20 15:47:38.112] LOG - 20:47:38.111Z pending jailing done. next starts
[2025-09-20 15:47:38.112] LOG - 20:47:38.111Z pending jailing done. next starts
[2025-09-20 15:47:39.190] LOG - 20:47:39.189Z updating the shared isolation
[2025-09-20 15:47:39.190] LOG - 20:47:39.189Z updating the shared isolation
[2025-09-20 15:47:39.199] LOG - 20:47:39.197Z created chart 1
[2025-09-20 15:47:39.348] DEBUG - 20:47:39.347Z Slow prev calc
[2025-09-20 15:47:39.348] DEBUG - 20:47:39.347Z Slow prev calc
[2025-09-20 15:47:39.399] LOG - 20:47:39.389Z requestChart: {"symbol":"3267312","chartDescription":{"underlyingType":"Tick","elementSize":5000,"elementSizeUnit":"UnderlyingUnits","withHistogram":false},"timeRange":{"asMuchAsElements":300}}
[2025-09-20 15:47:39.400] LOG - 20:47:39.389Z requestChart: {"symbol":"3267312","chartDescription":{"underlyingType":"Tick","elementSize":5000,"elementSizeUnit":"UnderlyingUnits","withHistogram":false},"timeRange":{"asMuchAsElements":300}}
[2025-09-20 15:47:39.400] LOG - 20:47:39.389Z mdMgApi open
[2025-09-20 15:47:39.400] LOG - 20:47:39.389Z mdMgApi open
[2025-09-20 15:47:43.465] LOG - 20:47:43.463Z Auto Order script initialized
[2025-09-20 15:47:43.466] LOG - 20:47:43.463Z Auto Order script initialized
[2025-09-20 15:47:43.466] LOG - 20:47:43.464Z Creating UI...
[2025-09-20 15:47:43.466] LOG - 20:47:43.464Z Creating UI...
[2025-09-20 15:47:43.466] LOG - 20:47:43.464Z Creating UI
[2025-09-20 15:47:43.466] LOG - 20:47:43.464Z Creating UI
[2025-09-20 15:47:43.467] LOG - 20:47:43.465Z Stored values: TP=120, SL=40, Qty=1, Tick=0.25, Symbol=NQ
[2025-09-20 15:47:43.467] LOG - 20:47:43.465Z Stored values: TP=120, SL=40, Qty=1, Tick=0.25, Symbol=NQ
[2025-09-20 15:47:43.467] LOG - 20:47:43.467Z UI container added to DOM
[2025-09-20 15:47:43.468] LOG - 20:47:43.467Z UI container added to DOM
[2025-09-20 15:47:43.468] LOG - 20:47:43.467Z Setting up UI event handlers
[2025-09-20 15:47:43.469] LOG - 20:47:43.467Z Setting up UI event handlers
[2025-09-20 15:47:43.470] LOG - 20:47:43.467Z Setting up persistent settings
[2025-09-20 15:47:43.470] LOG - 20:47:43.467Z Setting up persistent settings
[2025-09-20 15:47:43.471] LOG - 20:47:43.467Z Setting up drag functionality
[2025-09-20 15:47:43.471] LOG - 20:47:43.467Z Setting up drag functionality
[2025-09-20 15:47:43.472] LOG - 20:47:43.467Z Setting up trade buttons
[2025-09-20 15:47:43.473] LOG - 20:47:43.467Z Setting up trade buttons
[2025-09-20 15:47:43.474] LOG - 20:47:43.467Z UI creation complete
[2025-09-20 15:47:43.474] LOG - 20:47:43.467Z UI creation complete
[2025-09-20 15:47:43.475] LOG - 20:47:43.467Z Creating example front-quarter symbol
[2025-09-20 15:47:43.476] LOG - 20:47:43.467Z Creating example front-quarter symbol
[2025-09-20 15:47:43.477] LOG - 20:47:43.467Z getQuarterlyCode called with date: 2025-09-20T20:47:43.467Z
[2025-09-20 15:47:43.477] LOG - 20:47:43.467Z getQuarterlyCode called with date: 2025-09-20T20:47:43.467Z
[2025-09-20 15:47:43.477] LOG - 20:47:43.468Z Current month index: 8
[2025-09-20 15:47:43.478] LOG - 20:47:43.468Z Current month index: 8
[2025-09-20 15:47:43.478] LOG - 20:47:43.468Z Starting calculation with year=2025, month=8
[2025-09-20 15:47:43.478] LOG - 20:47:43.468Z Starting calculation with year=2025, month=8
[2025-09-20 15:47:43.478] LOG - 20:47:43.468Z Calculated quarterly code: letter=Z, yearDigit=5
[2025-09-20 15:47:43.478] LOG - 20:47:43.468Z Calculated quarterly code: letter=Z, yearDigit=5
[2025-09-20 15:47:43.478] LOG - 20:47:43.468Z Example front-quarter symbol created: NQZ5
[2025-09-20 15:47:43.478] LOG - 20:47:43.468Z Example front-quarter symbol created: NQZ5
[2025-09-20 15:47:43.484] LOG - 20:47:43.482Z Auto Risk Management: Running initial risk assessment...
[2025-09-20 15:47:43.484] LOG - 20:47:43.482Z Auto Risk Management: Running initial risk assessment...
[2025-09-20 15:47:43.485] LOG - 20:47:43.484Z [analyzePhase] resetting phaseData
[2025-09-20 15:47:43.486] LOG - 20:47:43.484Z [analyzePhase] resetting phaseData
[2025-09-20 15:47:43.487] LOG - 20:47:43.484Z [analyzePhase] set phase 1 maxActive to 1
[2025-09-20 15:47:43.487] LOG - 20:47:43.484Z [analyzePhase] set phase 1 maxActive to 1
[2025-09-20 15:47:43.488] LOG - 20:47:43.484Z [analyzePhase] increased phase 2 maxActive to 1
[2025-09-20 15:47:43.489] LOG - 20:47:43.484Z [analyzePhase] increased phase 2 maxActive to 1
[2025-09-20 15:47:43.490] LOG - 20:47:43.484Z [updateUserColumnPhaseStatus] Starting...
[2025-09-20 15:47:43.491] LOG - 20:47:43.484Z [updateUserColumnPhaseStatus] Starting...
[2025-09-20 15:47:43.491] LOG - 20:47:43.485Z [updateUserColumnPhaseStatus] Found 1 rows
[2025-09-20 15:47:43.492] LOG - 20:47:43.485Z [updateUserColumnPhaseStatus] Found 1 rows
[2025-09-20 15:47:43.493] LOG - 20:47:43.485Z [updateUserColumnPhaseStatus] Header cells: Account ▲,Total Available Margin,User,Dist Drawdown Net Liq,Dollar Open P L,Dollar Total P L
[2025-09-20 15:47:43.493] LOG - 20:47:43.485Z [updateUserColumnPhaseStatus] Header cells:
[2025-09-20 15:47:43.493] LOG - 20:47:43.485Z [updateUserColumnPhaseStatus] Found User column at index 2
[2025-09-20 15:47:43.493] LOG - 20:47:43.485Z [updateUserColumnPhaseStatus] Found User column at index 2
[2025-09-20 15:47:43.493] LOG - 20:47:43.485Z [updateUserColumnPhaseStatus] Getting table data...
[2025-09-20 15:47:43.493] LOG - 20:47:43.485Z [updateUserColumnPhaseStatus] Getting table data...
[2025-09-20 15:47:43.494] LOG - 20:47:43.485Z [analyzePhase] resetting phaseData
[2025-09-20 15:47:43.494] LOG - 20:47:43.485Z [analyzePhase] resetting phaseData
[2025-09-20 15:47:43.494] LOG - 20:47:43.485Z [analyzePhase] set phase 1 maxActive to 1
[2025-09-20 15:47:43.494] LOG - 20:47:43.485Z [analyzePhase] set phase 1 maxActive to 1
[2025-09-20 15:47:43.494] LOG - 20:47:43.485Z [analyzePhase] increased phase 2 maxActive to 1
[2025-09-20 15:47:43.494] LOG - 20:47:43.485Z [analyzePhase] increased phase 2 maxActive to 1
[2025-09-20 15:47:43.494] LOG - 20:47:43.485Z [updateUserColumnPhaseStatus] Table data: 0 rows
[2025-09-20 15:47:43.495] LOG - 20:47:43.485Z [updateUserColumnPhaseStatus] Table data: 0 rows
[2025-09-20 15:47:43.495] ERROR - 20:47:43.486Z [updateUserColumnPhaseStatus] No data from getTableData()
[2025-09-20 15:47:43.495] ERROR - 20:47:43.486Z [updateUserColumnPhaseStatus] No data from getTableData()
[2025-09-20 15:47:43.512] warning - The AudioContext was not allowed to start. It must be resumed (or created) after a user gesture on the page. https://developer.chrome.com/blog/autoplay/#web_audio
[2025-09-20 15:47:43.512] LOG - 20:47:43.499Z Auto Risk Management: Initial risk assessment completed
[2025-09-20 15:47:43.513] LOG - 20:47:43.499Z Auto Risk Management: Initial risk assessment completed
[2025-09-20 15:47:44.503] LOG - 20:47:44.501Z [analyzePhase] resetting phaseData
[2025-09-20 15:47:44.504] LOG - 20:47:44.501Z [analyzePhase] resetting phaseData
[2025-09-20 15:47:44.505] LOG - 20:47:44.501Z [analyzePhase] set phase 1 maxActive to 1
[2025-09-20 15:47:44.506] LOG - 20:47:44.501Z [analyzePhase] set phase 1 maxActive to 1
[2025-09-20 15:47:44.506] LOG - 20:47:44.502Z [analyzePhase] increased phase 2 maxActive to 1
[2025-09-20 15:47:44.506] LOG - 20:47:44.502Z [analyzePhase] increased phase 2 maxActive to 1
[2025-09-20 15:47:44.506] WARNING - 20:47:44.502Z Error in deferred func: TypeError: Cannot read properties of undefined (reading 'querySelector'), function(){d(a),f(function(){d(null)},0);var e=i.apply(this,arguments);return d(null),e} TypeError: Cannot read properties of undefined (reading 'querySelector'),    at <anonymous>:377:98,    at i.__trace__ (https://cdn.tradovate.com/tradovate/scripts/8623.bc07fac1.js:2:4608552),    at https://cdn.tradovate.com/tradovate/scripts/8623.bc07fac1.js:2:3545147
[2025-09-20 15:47:44.506] WARNING - 20:47:44.502Z Error in deferred func: TypeError: Cannot read properties of undefined (reading 'querySelector'), function(){d(a),f(function(){d(null)},0);var e=i.apply(this,arguments);return d(null),e}
[2025-09-20 15:47:44.517] LOG - 20:47:44.516Z Executing initial risk management assessment...
[2025-09-20 15:47:44.519] LOG - 20:47:44.516Z Executing initial risk management assessment...
[2025-09-20 15:47:44.520] ERROR - 20:47:44.517Z getTableData function not found
[2025-09-20 15:47:44.521] ERROR - 20:47:44.517Z getTableData function not found
[2025-09-20 15:47:44.522] ERROR - 20:47:44.517Z updateUserColumnPhaseStatus function not found
[2025-09-20 15:47:44.523] ERROR - 20:47:44.517Z updateUserColumnPhaseStatus function not found
[2025-09-20 15:47:44.523] ERROR - 20:47:44.517Z performAccountActions function not found
[2025-09-20 15:47:44.524] ERROR - 20:47:44.517Z performAccountActions function not found
[2025-09-20 15:47:44.525] LOG - 20:47:44.517Z Risk management assessment completed
[2025-09-20 15:47:44.525] LOG - 20:47:44.517Z Risk management assessment completed
[2025-09-20 15:47:50.877] LOG - 20:47:50.875Z autoTrade called with: symbol=NQ, qty=1, action=Sell, TP=100, SL=40, tickSize=0.25
[2025-09-20 15:47:50.878] LOG - 20:47:50.875Z autoTrade called with: symbol=NQ, qty=1, action=Sell, TP=100, SL=40, tickSize=0.25
[2025-09-20 15:47:50.879] LOG - 20:47:50.876Z Using symbol: NQ
[2025-09-20 15:47:50.880] LOG - 20:47:50.876Z Using symbol: NQ
[2025-09-20 15:47:50.881] LOG - 20:47:50.876Z Root symbol: NQ
[2025-09-20 15:47:50.881] LOG - 20:47:50.876Z Root symbol: NQ
[2025-09-20 15:47:50.882] LOG - 20:47:50.876Z Using tick size 0.25 (from dictionary)
[2025-09-20 15:47:50.883] LOG - 20:47:50.876Z Using tick size 0.25 (from dictionary)
[2025-09-20 15:47:50.883] LOG - 20:47:50.876Z Using SL: 40 ticks, TP: 100 ticks
[2025-09-20 15:47:50.884] LOG - 20:47:50.876Z Using SL: 40 ticks, TP: 100 ticks
[2025-09-20 15:47:50.885] LOG - 20:47:50.876Z Getting market data for NQ
[2025-09-20 15:47:50.886] LOG - 20:47:50.876Z Getting market data for NQ
[2025-09-20 15:47:50.887] LOG - 20:47:50.876Z getMarketData called for: "NQ"
[2025-09-20 15:47:50.887] LOG - 20:47:50.876Z getMarketData called for: "NQ"
[2025-09-20 15:47:50.889] LOG - 20:47:50.877Z getFrontQuarter called for root: "NQ"
[2025-09-20 15:47:50.890] LOG - 20:47:50.877Z getFrontQuarter called for root: "NQ"
[2025-09-20 15:47:50.891] LOG - 20:47:50.877Z getQuarterlyCode called with date: 2025-09-20T20:47:50.877Z
[2025-09-20 15:47:50.891] LOG - 20:47:50.877Z getQuarterlyCode called with date: 2025-09-20T20:47:50.877Z
[2025-09-20 15:47:50.892] LOG - 20:47:50.877Z Current month index: 8
[2025-09-20 15:47:50.893] LOG - 20:47:50.877Z Current month index: 8
[2025-09-20 15:47:50.894] LOG - 20:47:50.877Z Starting calculation with year=2025, month=8
[2025-09-20 15:47:50.895] LOG - 20:47:50.877Z Starting calculation with year=2025, month=8
[2025-09-20 15:47:50.896] LOG - 20:47:50.877Z Calculated quarterly code: letter=Z, yearDigit=5
[2025-09-20 15:47:50.896] LOG - 20:47:50.877Z Calculated quarterly code: letter=Z, yearDigit=5
[2025-09-20 15:47:50.897] LOG - 20:47:50.877Z Got quarterly code: letter=Z, yearDigit=5
[2025-09-20 15:47:50.898] LOG - 20:47:50.877Z Got quarterly code: letter=Z, yearDigit=5
[2025-09-20 15:47:50.899] LOG - 20:47:50.877Z Returning front quarter symbol: "NQZ5"
[2025-09-20 15:47:50.900] LOG - 20:47:50.877Z Returning front quarter symbol: "NQZ5"
[2025-09-20 15:47:50.901] LOG - 20:47:50.877Z Using symbol: "NQZ5" for market data lookup
[2025-09-20 15:47:50.902] LOG - 20:47:50.877Z Using symbol: "NQZ5" for market data lookup
[2025-09-20 15:47:50.902] LOG - 20:47:50.877Z Extracted prices for NQZ5: bid=, offer=
[2025-09-20 15:47:50.903] LOG - 20:47:50.877Z Extracted prices for NQZ5: bid=, offer=
[2025-09-20 15:47:50.905] LOG - 20:47:50.878Z Market data: [object Object]
[2025-09-20 15:47:50.906] LOG - 20:47:50.878Z Market data:
[2025-09-20 15:47:50.906] LOG - 20:47:50.878Z Market price: NaN (bid price)
[2025-09-20 15:47:50.907] LOG - 20:47:50.878Z Market price: NaN (bid price)
[2025-09-20 15:47:50.908] LOG - 20:47:50.878Z No custom entry price provided, using market order at NaN
[2025-09-20 15:47:50.908] LOG - 20:47:50.878Z No custom entry price provided, using market order at NaN
[2025-09-20 15:47:50.908] LOG - 20:47:50.878Z Using price precision: 2 decimal places
[2025-09-20 15:47:50.908] LOG - 20:47:50.878Z Using price precision: 2 decimal places
[2025-09-20 15:47:50.908] LOG - 20:47:50.878Z Calculated SL price: NaN (entry + 40 ticks)
[2025-09-20 15:47:50.909] LOG - 20:47:50.878Z Calculated SL price: NaN (entry + 40 ticks)
[2025-09-20 15:47:50.909] LOG - 20:47:50.878Z Calculated TP price: NaN (entry - 100 ticks)
[2025-09-20 15:47:50.909] LOG - 20:47:50.878Z Calculated TP price: NaN (entry - 100 ticks)
[2025-09-20 15:47:50.909] LOG - 20:47:50.878Z Trade data prepared: [object Object]
[2025-09-20 15:47:50.909] LOG - 20:47:50.878Z Trade data prepared:
[2025-09-20 15:47:50.909] LOG - 20:47:50.878Z Submitting bracket orders
[2025-09-20 15:47:50.909] LOG - 20:47:50.878Z Submitting bracket orders
[2025-09-20 15:47:50.909] LOG - 20:47:50.878Z Creating bracket orders with data: [object Object]
[2025-09-20 15:47:50.910] LOG - 20:47:50.878Z Creating bracket orders with data:
[2025-09-20 15:47:50.910] LOG - 20:47:50.879Z TP enabled: true, SL enabled: true
[2025-09-20 15:47:50.910] LOG - 20:47:50.879Z TP enabled: true, SL enabled: true
[2025-09-20 15:47:50.910] LOG - 20:47:50.879Z Submitting initial MARKET order
[2025-09-20 15:47:50.910] LOG - 20:47:50.879Z Submitting initial MARKET order
[2025-09-20 15:47:50.910] LOG - 20:47:50.879Z Setting common order fields
[2025-09-20 15:47:50.910] LOG - 20:47:50.879Z Setting common order fields
[2025-09-20 15:47:50.911] LOG - 20:47:50.879Z Setting action to: Sell
[2025-09-20 15:47:50.911] LOG - 20:47:50.879Z Setting action to: Sell
[2025-09-20 15:47:50.911] LOG - 20:47:50.879Z Found 9 action labels
[2025-09-20 15:47:50.911] LOG - 20:47:50.879Z Found 9 action labels
[2025-09-20 15:47:50.911] LOG - 20:47:50.879Z Clicking Sell label
[2025-09-20 15:47:50.911] LOG - 20:47:50.879Z Clicking Sell label
[2025-09-20 15:47:50.911] LOG - 20:47:50.884Z Setting quantity to: 1
[2025-09-20 15:47:50.912] LOG - 20:47:50.884Z Setting quantity to: 1
[2025-09-20 15:47:50.912] LOG - 20:47:50.887Z Delaying for 250ms
[2025-09-20 15:47:50.912] LOG - 20:47:50.887Z Delaying for 250ms
[2025-09-20 15:47:51.151] LOG - 20:47:51.150Z Delaying for 200ms
[2025-09-20 15:47:51.151] LOG - 20:47:51.150Z Delaying for 200ms
[2025-09-20 15:47:51.353] LOG - 20:47:51.351Z 
[2025-09-20 15:47:51.354] LOG - 20:47:51.351Z
[2025-09-20 15:47:51.354] LOG - 20:47:51.352Z 🔄 CAPTURING TRADOVATE ORDER FEEDBACK...
[2025-09-20 15:47:51.355] LOG - 20:47:51.352Z 🔄 CAPTURING TRADOVATE ORDER FEEDBACK...
[2025-09-20 15:47:51.355] LOG - 20:47:51.352Z Delaying for 500ms
[2025-09-20 15:47:51.355] LOG - 20:47:51.352Z Delaying for 500ms
[2025-09-20 15:47:51.855] LOG - 20:47:51.853Z ❌ Order history div not found - no feedback to capture
[2025-09-20 15:47:51.856] LOG - 20:47:51.853Z ❌ Order history div not found - no feedback to capture
[2025-09-20 15:47:51.857] LOG - 20:47:51.853Z Delaying for 200ms
[2025-09-20 15:47:51.857] LOG - 20:47:51.853Z Delaying for 200ms
[2025-09-20 15:47:52.056] LOG - 20:47:52.054Z Flipping action to Buy for TP/SL orders
[2025-09-20 15:47:52.058] LOG - 20:47:52.054Z Flipping action to Buy for TP/SL orders
[2025-09-20 15:47:52.058] LOG - 20:47:52.054Z Creating take profit order at NaN
[2025-09-20 15:47:52.059] LOG - 20:47:52.054Z Creating take profit order at NaN
[2025-09-20 15:47:52.059] LOG - 20:47:52.055Z Setting common order fields
[2025-09-20 15:47:52.059] LOG - 20:47:52.055Z Setting common order fields
[2025-09-20 15:47:52.060] LOG - 20:47:52.055Z Setting action to: Buy
[2025-09-20 15:47:52.060] LOG - 20:47:52.055Z Setting action to: Buy
[2025-09-20 15:47:52.060] LOG - 20:47:52.055Z Found 9 action labels
[2025-09-20 15:47:52.060] LOG - 20:47:52.055Z Found 9 action labels
[2025-09-20 15:47:52.060] LOG - 20:47:52.055Z Clicking Buy label
[2025-09-20 15:47:52.060] LOG - 20:47:52.055Z Clicking Buy label
[2025-09-20 15:47:52.071] LOG - 20:47:52.070Z Setting quantity to: 1
[2025-09-20 15:47:52.072] LOG - 20:47:52.070Z Setting quantity to: 1
[2025-09-20 15:47:52.073] LOG - 20:47:52.072Z Delaying for 250ms
[2025-09-20 15:47:52.074] LOG - 20:47:52.072Z Delaying for 250ms
[2025-09-20 15:47:52.354] LOG - 20:47:52.353Z Delaying for 250ms
[2025-09-20 15:47:52.354] LOG - 20:47:52.353Z Delaying for 250ms
[2025-09-20 15:47:52.616] LOG - 20:47:52.615Z Delaying for 250ms
[2025-09-20 15:47:52.634] LOG - 20:47:52.615Z Delaying for 250ms
[2025-09-20 15:47:52.876] LOG - 20:47:52.875Z Delaying for 250ms
[2025-09-20 15:47:52.877] LOG - 20:47:52.875Z Delaying for 250ms
[2025-09-20 15:47:53.142] LOG - 20:47:53.141Z Delaying for 200ms
[2025-09-20 15:47:53.142] LOG - 20:47:53.141Z Delaying for 200ms
[2025-09-20 15:47:53.344] LOG - 20:47:53.342Z 
[2025-09-20 15:47:53.345] LOG - 20:47:53.342Z
[2025-09-20 15:47:53.345] LOG - 20:47:53.343Z 🔄 CAPTURING TRADOVATE ORDER FEEDBACK...
[2025-09-20 15:47:53.346] LOG - 20:47:53.343Z 🔄 CAPTURING TRADOVATE ORDER FEEDBACK...
[2025-09-20 15:47:53.346] LOG - 20:47:53.343Z Delaying for 500ms
[2025-09-20 15:47:53.346] LOG - 20:47:53.343Z Delaying for 500ms
[2025-09-20 15:47:53.845] LOG - 20:47:53.844Z ❌ Order history div not found - no feedback to capture
[2025-09-20 15:47:53.845] LOG - 20:47:53.844Z ❌ Order history div not found - no feedback to capture
[2025-09-20 15:47:53.846] LOG - 20:47:53.844Z Delaying for 200ms
[2025-09-20 15:47:53.846] LOG - 20:47:53.844Z Delaying for 200ms
[2025-09-20 15:47:54.047] LOG - 20:47:54.045Z Creating stop loss order at NaN
[2025-09-20 15:47:54.050] LOG - 20:47:54.045Z Creating stop loss order at NaN
[2025-09-20 15:47:54.051] LOG - 20:47:54.045Z Setting common order fields
[2025-09-20 15:47:54.051] LOG - 20:47:54.045Z Setting common order fields
[2025-09-20 15:47:54.051] LOG - 20:47:54.046Z Setting action to: Buy
[2025-09-20 15:47:54.051] LOG - 20:47:54.046Z Setting action to: Buy
[2025-09-20 15:47:54.052] LOG - 20:47:54.046Z Found 9 action labels
[2025-09-20 15:47:54.052] LOG - 20:47:54.046Z Found 9 action labels
[2025-09-20 15:47:54.052] LOG - 20:47:54.046Z Clicking Buy label
[2025-09-20 15:47:54.052] LOG - 20:47:54.046Z Clicking Buy label
[2025-09-20 15:47:54.052] LOG - 20:47:54.048Z Setting quantity to: 1
[2025-09-20 15:47:54.052] LOG - 20:47:54.048Z Setting quantity to: 1
[2025-09-20 15:47:54.053] LOG - 20:47:54.049Z Delaying for 250ms
[2025-09-20 15:47:54.053] LOG - 20:47:54.049Z Delaying for 250ms
[2025-09-20 15:47:54.319] LOG - 20:47:54.318Z Delaying for 250ms
[2025-09-20 15:47:54.319] LOG - 20:47:54.318Z Delaying for 250ms
[2025-09-20 15:47:54.578] LOG - 20:47:54.577Z Delaying for 250ms
[2025-09-20 15:47:54.579] LOG - 20:47:54.577Z Delaying for 250ms
[2025-09-20 15:47:54.838] LOG - 20:47:54.837Z Delaying for 250ms
[2025-09-20 15:47:54.838] LOG - 20:47:54.837Z Delaying for 250ms
[2025-09-20 15:47:55.101] LOG - 20:47:55.100Z Delaying for 200ms
[2025-09-20 15:47:55.102] LOG - 20:47:55.100Z Delaying for 200ms
[2025-09-20 15:47:55.303] LOG - 20:47:55.301Z 
[2025-09-20 15:47:55.304] LOG - 20:47:55.301Z
[2025-09-20 15:47:55.304] LOG - 20:47:55.301Z 🔄 CAPTURING TRADOVATE ORDER FEEDBACK...
[2025-09-20 15:47:55.304] LOG - 20:47:55.301Z 🔄 CAPTURING TRADOVATE ORDER FEEDBACK...
[2025-09-20 15:47:55.305] LOG - 20:47:55.301Z Delaying for 500ms
[2025-09-20 15:47:55.305] LOG - 20:47:55.301Z Delaying for 500ms
[2025-09-20 15:47:55.805] LOG - 20:47:55.803Z ❌ Order history div not found - no feedback to capture
[2025-09-20 15:47:55.805] LOG - 20:47:55.803Z ❌ Order history div not found - no feedback to capture
[2025-09-20 15:47:55.805] LOG - 20:47:55.803Z Delaying for 200ms
[2025-09-20 15:47:55.806] LOG - 20:47:55.803Z Delaying for 200ms
[2025-09-20 15:47:56.009] LOG - 20:47:56.008Z Bracket order creation complete
[2025-09-20 15:47:56.009] LOG - 20:47:56.008Z Bracket order creation complete
[2025-09-20 15:48:35.308] INFO - 20:48:35.306Z time stats. avg diff: -61, min: -61, max: -61, roundtrip: 27 msec, #1
[2025-09-20 15:48:35.309] INFO - 20:48:35.306Z time stats. avg diff: -61, min: -61, max: -61, roundtrip: 27 msec, #1
[2025-09-20 15:49:37.016] LOG - 20:49:37.014Z WebGL:  {"geometries":65,"textures":1} 6 , devicePixelRatio:  2
[2025-09-20 15:51:37.015] LOG - 20:51:37.014Z WebGL:  {"geometries":65,"textures":1} 6 , devicePixelRatio:  2
[2025-09-20 15:52:34.037] INFO - 20:52:34.019Z visibilitychange: hidden, gd: 1000
[2025-09-20 15:52:34.054] INFO - 20:52:34.019Z visibilitychange: hidden, gd: 1000
