2025-07-24 19:49:46,204 - werkzeug - INFO - [31m[1mWARNING: This is a development server. Do not use it in a production deployment. Use a production WSGI server instead.[0m
 * Running on all addresses (0.0.0.0)
 * Running on http://127.0.0.1:6001
 * Running on http://10.0.0.220:6001
2025-07-24 19:49:46,204 - werkzeug - INFO - [33mPress CTRL+C to quit[0m
2025-07-24 19:50:01,342 - werkzeug - INFO - 127.0.0.1 - - [24/Jul/2025 19:50:01] "GET /api/accounts HTTP/1.1" 200 -
2025-07-24 19:50:13,486 - pychrome.tab - ERROR - websocket exception
Traceback (most recent call last):
  File "/Users/Mike/trading/tradovate_interface/venv/lib/python3.13/site-packages/pychrome/tab.py", line 121, in _recv_loop
    message_json = self._ws.recv()
  File "/Users/Mike/trading/tradovate_interface/venv/lib/python3.13/site-packages/websocket/_core.py", line 388, in recv
    opcode, data = self.recv_data()
                   ~~~~~~~~~~~~~~^^
  File "/Users/Mike/trading/tradovate_interface/venv/lib/python3.13/site-packages/websocket/_core.py", line 416, in recv_data
    opcode, frame = self.recv_data_frame(control_frame)
                    ~~~~~~~~~~~~~~~~~~~~^^^^^^^^^^^^^^^
  File "/Users/Mike/trading/tradovate_interface/venv/lib/python3.13/site-packages/websocket/_core.py", line 437, in recv_data_frame
    frame = self.recv_frame()
  File "/Users/Mike/trading/tradovate_interface/venv/lib/python3.13/site-packages/websocket/_core.py", line 478, in recv_frame
    return self.frame_buffer.recv_frame()
           ~~~~~~~~~~~~~~~~~~~~~~~~~~~~^^
  File "/Users/Mike/trading/tradovate_interface/venv/lib/python3.13/site-packages/websocket/_abnf.py", line 363, in recv_frame
    self.recv_header()
    ~~~~~~~~~~~~~~~~^^
  File "/Users/Mike/trading/tradovate_interface/venv/lib/python3.13/site-packages/websocket/_abnf.py", line 319, in recv_header
    header = self.recv_strict(2)
  File "/Users/Mike/trading/tradovate_interface/venv/lib/python3.13/site-packages/websocket/_abnf.py", line 398, in recv_strict
    bytes_ = self.recv(min(16384, shortage))
  File "/Users/Mike/trading/tradovate_interface/venv/lib/python3.13/site-packages/websocket/_core.py", line 563, in _recv
    return recv(self.sock, bufsize)
  File "/Users/Mike/trading/tradovate_interface/venv/lib/python3.13/site-packages/websocket/_socket.py", line 132, in recv
    raise WebSocketConnectionClosedException("Connection to remote host was lost.")
websocket._exceptions.WebSocketConnectionClosedException: Connection to remote host was lost.
2025-07-24 19:50:13,487 - pychrome.tab - ERROR - websocket exception
Traceback (most recent call last):
  File "/Users/Mike/trading/tradovate_interface/venv/lib/python3.13/site-packages/pychrome/tab.py", line 121, in _recv_loop
    message_json = self._ws.recv()
  File "/Users/Mike/trading/tradovate_interface/venv/lib/python3.13/site-packages/websocket/_core.py", line 388, in recv
    opcode, data = self.recv_data()
                   ~~~~~~~~~~~~~~^^
  File "/Users/Mike/trading/tradovate_interface/venv/lib/python3.13/site-packages/websocket/_core.py", line 416, in recv_data
    opcode, frame = self.recv_data_frame(control_frame)
                    ~~~~~~~~~~~~~~~~~~~~^^^^^^^^^^^^^^^
  File "/Users/Mike/trading/tradovate_interface/venv/lib/python3.13/site-packages/websocket/_core.py", line 437, in recv_data_frame
    frame = self.recv_frame()
  File "/Users/Mike/trading/tradovate_interface/venv/lib/python3.13/site-packages/websocket/_core.py", line 478, in recv_frame
    return self.frame_buffer.recv_frame()
           ~~~~~~~~~~~~~~~~~~~~~~~~~~~~^^
  File "/Users/Mike/trading/tradovate_interface/venv/lib/python3.13/site-packages/websocket/_abnf.py", line 363, in recv_frame
    self.recv_header()
    ~~~~~~~~~~~~~~~~^^
  File "/Users/Mike/trading/tradovate_interface/venv/lib/python3.13/site-packages/websocket/_abnf.py", line 319, in recv_header
    header = self.recv_strict(2)
  File "/Users/Mike/trading/tradovate_interface/venv/lib/python3.13/site-packages/websocket/_abnf.py", line 398, in recv_strict
    bytes_ = self.recv(min(16384, shortage))
  File "/Users/Mike/trading/tradovate_interface/venv/lib/python3.13/site-packages/websocket/_core.py", line 563, in _recv
    return recv(self.sock, bufsize)
  File "/Users/Mike/trading/tradovate_interface/venv/lib/python3.13/site-packages/websocket/_socket.py", line 132, in recv
    raise WebSocketConnectionClosedException("Connection to remote host was lost.")
websocket._exceptions.WebSocketConnectionClosedException: Connection to remote host was lost.
2025-07-24 19:52:02,066 - werkzeug - INFO - 127.0.0.1 - - [24/Jul/2025 19:52:02] "GET / HTTP/1.1" 200 -
