[2025-09-24 09:41:42.270] LOG - 14:41:42.267Z Starting login process for: zenex3298@gmail.com
[2025-09-24 09:41:42.271] LOG - 14:41:42.267Z Starting login process for: zenex3298@gmail.com
[2025-09-24 09:41:42.272] LOG - 14:41:42.268Z Auto login function executing for: zenex3298@gmail.com
[2025-09-24 09:41:42.273] LOG - 14:41:42.268Z Auto login function executing for: zenex3298@gmail.com
[2025-09-24 09:41:42.273] LOG - 14:41:42.268Z Login form found, filling credentials...
[2025-09-24 09:41:42.274] LOG - 14:41:42.268Z Login form found, filling credentials...
[2025-09-24 09:41:42.785] LOG - 14:41:42.320Z Test element added to DOM
[2025-09-24 09:41:42.788] LOG - 14:41:42.320Z Test element added to DOM
[2025-09-24 09:41:42.795] LOG - 14:41:42.786Z Clicking login button...
[2025-09-24 09:41:42.796] LOG - 14:41:42.786Z Clicking login button...
[2025-09-24 09:41:42.802] LOG - 14:41:42.796Z authentication starting
[2025-09-24 09:41:42.806] LOG - 14:41:42.796Z authentication starting
[2025-09-24 09:41:43.270] warning - The AudioContext was not allowed to start. It must be resumed (or created) after a user gesture on the page. https://developer.chrome.com/blog/autoplay/#web_audio
[2025-09-24 09:41:43.272] LOG - 14:41:43.216Z Watching for account selection page...
[2025-09-24 09:41:43.273] LOG - 14:41:43.216Z Watching for account selection page...
[2025-09-24 09:41:43.274] LOG - 14:41:43.219Z All browser alerts and confirmations have been disabled
[2025-09-24 09:41:43.279] LOG - 14:41:43.219Z All browser alerts and confirmations have been disabled
[2025-09-24 09:41:43.602] LOG - 14:41:43.601Z Access token will be renewed in 75 minutes; expired: Wed Sep 24 2025 11:01:43 GMT-0500 (Central Daylight Time), now: Wed Sep 24 2025 09:41:43 GMT-0500 (Central Daylight Time)
[2025-09-24 09:41:43.603] LOG - 14:41:43.601Z Access token will be renewed in 75 minutes; expired: Wed Sep 24 2025 11:01:43 GMT-0500 (Central Daylight Time), now: Wed Sep 24 2025 09:41:43 GMT-0500 (Central Daylight Time)
[2025-09-24 09:41:43.965] INFO - 14:41:43.963Z [LaunchDarkly] Closing stream connection
[2025-09-24 09:41:43.968] INFO - 14:41:43.963Z [LaunchDarkly] Closing stream connection
[2025-09-24 09:41:43.970] INFO - 14:41:43.963Z [LaunchDarkly] Opening stream connection to https://clientstream.launchdarkly.com/eval/66cdf5b9cf61891061b4e437/eyJraW5kIjoidXNlciIsImtleSI6IjQ2NTYwMjciLCJkZXZpY2UiOiJkZXNrdG9wIiwidXNlcklkIjo0NjU2MDI3LCJpcENvdW50cnkiOiJVUyIsIm9yZ05hbWUiOiJURFYiLCJuYW1lIjoiWmVuZXgzMjk4IiwibGFuZGluZ1BhcmFtcyI6IiJ9
[2025-09-24 09:41:43.970] INFO - 14:41:43.963Z [LaunchDarkly] Opening stream connection to https://clientstream.launchdarkly.com/eval/66cdf5b9cf61891061b4e437/eyJraW5kIjoidXNlciIsImtleSI6IjQ2NTYwMjciLCJkZXZpY2UiOiJkZXNrdG9wIiwidXNlcklkIjo0NjU2MDI3LCJpcENvdW50cnkiOiJVUyIsIm9yZ05hbWUiOiJURFYiLCJuYW1lIjoiWmVuZXgzMjk4IiwibGFuZGluZ1BhcmFtcyI6IiJ9
[2025-09-24 09:41:43.970] INFO - 14:41:43.964Z [LaunchDarkly] Closing stream connection
[2025-09-24 09:41:43.970] INFO - 14:41:43.964Z [LaunchDarkly] Closing stream connection
[2025-09-24 09:41:43.971] INFO - 14:41:43.964Z [LaunchDarkly] Opening stream connection to https://clientstream.launchdarkly.com/eval/66cdf5b9cf61891061b4e437/eyJraW5kIjoidXNlciIsImtleSI6IjQ2NTYwMjciLCJkZXZpY2UiOiJkZXNrdG9wIiwidXNlcklkIjo0NjU2MDI3LCJpcENvdW50cnkiOiJVUyIsIm9yZ05hbWUiOiJURFYiLCJuYW1lIjoiWmVuZXgzMjk4IiwibGFuZGluZ1BhcmFtcyI6IiJ9
[2025-09-24 09:41:43.971] INFO - 14:41:43.964Z [LaunchDarkly] Opening stream connection to https://clientstream.launchdarkly.com/eval/66cdf5b9cf61891061b4e437/eyJraW5kIjoidXNlciIsImtleSI6IjQ2NTYwMjciLCJkZXZpY2UiOiJkZXNrdG9wIiwidXNlcklkIjo0NjU2MDI3LCJpcENvdW50cnkiOiJVUyIsIm9yZ05hbWUiOiJURFYiLCJuYW1lIjoiWmVuZXgzMjk4IiwibGFuZGluZ1BhcmFtcyI6IiJ9
[2025-09-24 09:41:44.718] LOG - 14:41:44.717Z Account selection page detected, clicking button...
[2025-09-24 09:41:44.718] LOG - 14:41:44.717Z Account selection page detected, clicking button...
[2025-09-24 09:41:44.877] LOG - 14:41:44.853Z Access token will be renewed in 75 minutes; expired: Wed Sep 24 2025 11:01:43 GMT-0500 (Central Daylight Time), now: Wed Sep 24 2025 09:41:44 GMT-0500 (Central Daylight Time)
[2025-09-24 09:41:44.878] LOG - 14:41:44.853Z Access token will be renewed in 75 minutes; expired: Wed Sep 24 2025 11:01:43 GMT-0500 (Central Daylight Time), now: Wed Sep 24 2025 09:41:44 GMT-0500 (Central Daylight Time)
[2025-09-24 09:41:44.941] error - Refused to connect to 'https://bat.bing.com/actionp/0?ti=26330043&Ver=2&mid=f3ad494e-cd9b-426a-9b85-ab7953db6bde&bo=2&sid=e921826097c611f09785499b91a2dd7e&vid=9abf384092fe11f0b30e9fac449e4642&vids=0&msclkid=N&evt=pageHide' because it violates the following Content Security Policy directive: "connect-src wss://*.tradovate.com https://*.tradovate.com https://*.ntinnolab.com https://*.devel.ninjatrader.dev https://*.staging.ninjatrader.dev https://*.uat.ninjatrader.dev wss://*.ntinnolab.com wss://*.devel.ninjatrader.dev wss://*.staging.ninjatrader.dev wss://*.uat.ninjatrader.dev wss://*.tradovateapi.com https://*.tradovateapi.com https://*.ninjatrader.com https://cdn.walkme.com https://ec.walkme.com https://sessions.bugsnag.com https://notify.bugsnag.com https://*.plaid.com https://*.yodlee.com https://tradovate.zendesk.com https://rollout.ada.support https://static.ada.support https://ninjatrader.ada.support https://tradovate.ada.support https://ninjatrader-eap.ada.support/ https://demo-ninjatrader-gr.ada.support/ https://tradovate-gen.ada.support/ https://api.stripe.com https://apiproxy.ninjatrader.com https://apiproxy-d.ninjatrader.com https://us-autocomplete-pro.api.smartystreets.com https://international-autocomplete.api.smarty.com https://maps.googleapis.com https://accounts.google.com/ https://www.google.com https://www.googletagmanager.com/ https://*.browser-intake-datadoghq.com https://scripts.neuro-id.com https://receiver.neuroid.cloud https://logs.neuro-id.com https://firebaseinstallations.googleapis.com/ https://firebaseremoteconfig.googleapis.com/ https://logx.optimizely.com https://*.optimizely.com wss://mpsnare.iesnare.com wss://ci-mpsnare.iovation.com https://*.iovation.com/ https://*.reddit.com  https://www.redditstatic.com https://*.taboola.com https://*.launchdarkly.com https://*.alloy.co https://*.maze.co https://www.google-analytics.com https://analytics.google.com https://www.googletagmanager.com/ https://api.hubapi.com https://forms.hubspot.com https://stats.g.doubleclick.net https://alb.reddit.com https://analytics.twitter.com https://heapanalytics.com https://*.auryc.com https://*.contentsquare.net https://siteintercept.qualtrics.com https://api.userway.org/".

[2025-09-24 09:41:44.942] INFO - 14:41:44.939Z visibilitychange: hidden, gd: 1000
[2025-09-24 09:41:44.942] INFO - 14:41:44.939Z visibilitychange: hidden, gd: 1000
[2025-09-24 09:41:44.944] WARNING - 14:41:44.940Z [LaunchDarkly] Error on stream connection: {"isTrusted":true}, will continue retrying after 675 milliseconds.
[2025-09-24 09:41:44.946] WARNING - 14:41:44.940Z [LaunchDarkly] Error on stream connection: {"isTrusted":true}, will continue retrying after 675 milliseconds.
[2025-09-24 09:41:44.947] INFO - 14:41:44.940Z [LaunchDarkly] Closing stream connection
[2025-09-24 09:41:44.947] INFO - 14:41:44.940Z [LaunchDarkly] Closing stream connection
[2025-09-24 09:41:45.129] WARNING - Duplicate atom key "locale". This is a FATAL ERROR in
      production. But it is safe to ignore this warning if it occurred because of
      hot module replacement.
[2025-09-24 09:41:45.131] WARNING - Duplicate atom key "locale". This is a FATAL ERROR in
      production. But it is safe to ignore this warning if it occurred because of
      hot module replacement.
[2025-09-24 09:41:45.133] WARNING - Duplicate atom key "muiTheme". This is a FATAL ERROR in
      production. But it is safe to ignore this warning if it occurred because of
      hot module replacement.
[2025-09-24 09:41:45.134] WARNING - Duplicate atom key "muiTheme". This is a FATAL ERROR in
      production. But it is safe to ignore this warning if it occurred because of
      hot module replacement.
[2025-09-24 09:41:45.137] WARNING - Duplicate atom key "appLinksFooter". This is a FATAL ERROR in
      production. But it is safe to ignore this warning if it occurred because of
      hot module replacement.
[2025-09-24 09:41:45.139] WARNING - Duplicate atom key "appLinksFooter". This is a FATAL ERROR in
      production. But it is safe to ignore this warning if it occurred because of
      hot module replacement.
[2025-09-24 09:41:45.143] WARNING - Duplicate atom key "currentUserId2". This is a FATAL ERROR in
      production. But it is safe to ignore this warning if it occurred because of
      hot module replacement.
[2025-09-24 09:41:45.146] WARNING - Duplicate atom key "currentUserId2". This is a FATAL ERROR in
      production. But it is safe to ignore this warning if it occurred because of
      hot module replacement.
[2025-09-24 09:41:45.147] WARNING - Duplicate atom key "onboardingInProgress". This is a FATAL ERROR in
      production. But it is safe to ignore this warning if it occurred because of
      hot module replacement.
[2025-09-24 09:41:45.149] WARNING - Duplicate atom key "onboardingInProgress". This is a FATAL ERROR in
      production. But it is safe to ignore this warning if it occurred because of
      hot module replacement.
[2025-09-24 09:41:45.149] WARNING - Duplicate atom key "editing". This is a FATAL ERROR in
      production. But it is safe to ignore this warning if it occurred because of
      hot module replacement.
[2025-09-24 09:41:45.155] WARNING - Duplicate atom key "editing". This is a FATAL ERROR in
      production. But it is safe to ignore this warning if it occurred because of
      hot module replacement.
[2025-09-24 09:41:45.157] WARNING - Duplicate atom key "infoMessage". This is a FATAL ERROR in
      production. But it is safe to ignore this warning if it occurred because of
      hot module replacement.
[2025-09-24 09:41:45.158] WARNING - Duplicate atom key "infoMessage". This is a FATAL ERROR in
      production. But it is safe to ignore this warning if it occurred because of
      hot module replacement.
[2025-09-24 09:41:45.159] WARNING - Duplicate atom key "browserWarning". This is a FATAL ERROR in
      production. But it is safe to ignore this warning if it occurred because of
      hot module replacement.
[2025-09-24 09:41:45.161] WARNING - Duplicate atom key "browserWarning". This is a FATAL ERROR in
      production. But it is safe to ignore this warning if it occurred because of
      hot module replacement.
[2025-09-24 09:41:45.162] WARNING - Duplicate atom key "clockWarning". This is a FATAL ERROR in
      production. But it is safe to ignore this warning if it occurred because of
      hot module replacement.
[2025-09-24 09:41:45.163] WARNING - Duplicate atom key "clockWarning". This is a FATAL ERROR in
      production. But it is safe to ignore this warning if it occurred because of
      hot module replacement.
[2025-09-24 09:41:45.166] WARNING - Duplicate atom key "breakpoint". This is a FATAL ERROR in
      production. But it is safe to ignore this warning if it occurred because of
      hot module replacement.
[2025-09-24 09:41:45.167] WARNING - Duplicate atom key "breakpoint". This is a FATAL ERROR in
      production. But it is safe to ignore this warning if it occurred because of
      hot module replacement.
[2025-09-24 09:41:45.168] WARNING - Duplicate atom key "inMobileRange". This is a FATAL ERROR in
      production. But it is safe to ignore this warning if it occurred because of
      hot module replacement.
[2025-09-24 09:41:45.169] WARNING - Duplicate atom key "inMobileRange". This is a FATAL ERROR in
      production. But it is safe to ignore this warning if it occurred because of
      hot module replacement.
[2025-09-24 09:41:45.170] WARNING - Duplicate atom key "gridSpacing". This is a FATAL ERROR in
      production. But it is safe to ignore this warning if it occurred because of
      hot module replacement.
[2025-09-24 09:41:45.170] WARNING - Duplicate atom key "gridSpacing". This is a FATAL ERROR in
      production. But it is safe to ignore this warning if it occurred because of
      hot module replacement.
[2025-09-24 09:41:45.170] WARNING - Duplicate atom key "login". This is a FATAL ERROR in
      production. But it is safe to ignore this warning if it occurred because of
      hot module replacement.
[2025-09-24 09:41:45.171] WARNING - Duplicate atom key "login". This is a FATAL ERROR in
      production. But it is safe to ignore this warning if it occurred because of
      hot module replacement.
[2025-09-24 09:41:45.171] WARNING - Duplicate atom key "error". This is a FATAL ERROR in
      production. But it is safe to ignore this warning if it occurred because of
      hot module replacement.
[2025-09-24 09:41:45.171] WARNING - Duplicate atom key "error". This is a FATAL ERROR in
      production. But it is safe to ignore this warning if it occurred because of
      hot module replacement.
[2025-09-24 09:41:45.172] WARNING - Duplicate atom key "contactInfos2". This is a FATAL ERROR in
      production. But it is safe to ignore this warning if it occurred because of
      hot module replacement.
[2025-09-24 09:41:45.172] WARNING - Duplicate atom key "contactInfos2". This is a FATAL ERROR in
      production. But it is safe to ignore this warning if it occurred because of
      hot module replacement.
[2025-09-24 09:41:45.172] WARNING - Duplicate atom key "individualApplicantsTimestamp". This is a FATAL ERROR in
      production. But it is safe to ignore this warning if it occurred because of
      hot module replacement.
[2025-09-24 09:41:45.175] WARNING - Duplicate atom key "individualApplicantsTimestamp". This is a FATAL ERROR in
      production. But it is safe to ignore this warning if it occurred because of
      hot module replacement.
[2025-09-24 09:41:45.176] WARNING - Duplicate atom key "customerApplication". This is a FATAL ERROR in
      production. But it is safe to ignore this warning if it occurred because of
      hot module replacement.
[2025-09-24 09:41:45.176] WARNING - Duplicate atom key "customerApplication". This is a FATAL ERROR in
      production. But it is safe to ignore this warning if it occurred because of
      hot module replacement.
[2025-09-24 09:41:45.176] WARNING - Duplicate atom key "individualApplicants". This is a FATAL ERROR in
      production. But it is safe to ignore this warning if it occurred because of
      hot module replacement.
[2025-09-24 09:41:45.176] WARNING - Duplicate atom key "individualApplicants". This is a FATAL ERROR in
      production. But it is safe to ignore this warning if it occurred because of
      hot module replacement.
[2025-09-24 09:41:45.177] WARNING - Duplicate atom key "clearingHouses". This is a FATAL ERROR in
      production. But it is safe to ignore this warning if it occurred because of
      hot module replacement.
[2025-09-24 09:41:45.177] WARNING - Duplicate atom key "clearingHouses". This is a FATAL ERROR in
      production. But it is safe to ignore this warning if it occurred because of
      hot module replacement.
[2025-09-24 09:41:45.177] WARNING - Duplicate atom key "clearXClearingHouse". This is a FATAL ERROR in
      production. But it is safe to ignore this warning if it occurred because of
      hot module replacement.
[2025-09-24 09:41:45.178] WARNING - Duplicate atom key "clearXClearingHouse". This is a FATAL ERROR in
      production. But it is safe to ignore this warning if it occurred because of
      hot module replacement.
[2025-09-24 09:41:45.178] WARNING - Duplicate atom key "applicationClearingHouse". This is a FATAL ERROR in
      production. But it is safe to ignore this warning if it occurred because of
      hot module replacement.
[2025-09-24 09:41:45.178] WARNING - Duplicate atom key "applicationClearingHouse". This is a FATAL ERROR in
      production. But it is safe to ignore this warning if it occurred because of
      hot module replacement.
[2025-09-24 09:41:45.178] WARNING - Duplicate atom key "userLocation". This is a FATAL ERROR in
      production. But it is safe to ignore this warning if it occurred because of
      hot module replacement.
[2025-09-24 09:41:45.178] WARNING - Duplicate atom key "userLocation". This is a FATAL ERROR in
      production. But it is safe to ignore this warning if it occurred because of
      hot module replacement.
[2025-09-24 09:41:45.179] WARNING - Duplicate atom key "savedApplicationsTimestamp". This is a FATAL ERROR in
      production. But it is safe to ignore this warning if it occurred because of
      hot module replacement.
[2025-09-24 09:41:45.179] WARNING - Duplicate atom key "savedApplicationsTimestamp". This is a FATAL ERROR in
      production. But it is safe to ignore this warning if it occurred because of
      hot module replacement.
[2025-09-24 09:41:45.179] WARNING - Duplicate atom key "savedApplications". This is a FATAL ERROR in
      production. But it is safe to ignore this warning if it occurred because of
      hot module replacement.
[2025-09-24 09:41:45.180] WARNING - Duplicate atom key "savedApplications". This is a FATAL ERROR in
      production. But it is safe to ignore this warning if it occurred because of
      hot module replacement.
[2025-09-24 09:41:45.180] WARNING - Duplicate atom key "step". This is a FATAL ERROR in
      production. But it is safe to ignore this warning if it occurred because of
      hot module replacement.
[2025-09-24 09:41:45.180] WARNING - Duplicate atom key "step". This is a FATAL ERROR in
      production. But it is safe to ignore this warning if it occurred because of
      hot module replacement.
[2025-09-24 09:41:45.180] WARNING - Duplicate atom key "checkStates". This is a FATAL ERROR in
      production. But it is safe to ignore this warning if it occurred because of
      hot module replacement.
[2025-09-24 09:41:45.181] WARNING - Duplicate atom key "checkStates". This is a FATAL ERROR in
      production. But it is safe to ignore this warning if it occurred because of
      hot module replacement.
[2025-09-24 09:41:45.181] WARNING - Duplicate atom key "signStates". This is a FATAL ERROR in
      production. But it is safe to ignore this warning if it occurred because of
      hot module replacement.
[2025-09-24 09:41:45.181] WARNING - Duplicate atom key "signStates". This is a FATAL ERROR in
      production. But it is safe to ignore this warning if it occurred because of
      hot module replacement.
[2025-09-24 09:41:45.182] WARNING - Duplicate atom key "wizard". This is a FATAL ERROR in
      production. But it is safe to ignore this warning if it occurred because of
      hot module replacement.
[2025-09-24 09:41:45.182] WARNING - Duplicate atom key "wizard". This is a FATAL ERROR in
      production. But it is safe to ignore this warning if it occurred because of
      hot module replacement.
[2025-09-24 09:41:45.182] WARNING - Duplicate atom key "formBuilder". This is a FATAL ERROR in
      production. But it is safe to ignore this warning if it occurred because of
      hot module replacement.
[2025-09-24 09:41:45.182] WARNING - Duplicate atom key "formBuilder". This is a FATAL ERROR in
      production. But it is safe to ignore this warning if it occurred because of
      hot module replacement.
[2025-09-24 09:41:45.183] WARNING - Duplicate atom key "headerSlot". This is a FATAL ERROR in
      production. But it is safe to ignore this warning if it occurred because of
      hot module replacement.
[2025-09-24 09:41:45.183] WARNING - Duplicate atom key "headerSlot". This is a FATAL ERROR in
      production. But it is safe to ignore this warning if it occurred because of
      hot module replacement.
[2025-09-24 09:41:45.183] WARNING - Duplicate atom key "footerSlot". This is a FATAL ERROR in
      production. But it is safe to ignore this warning if it occurred because of
      hot module replacement.
[2025-09-24 09:41:45.183] WARNING - Duplicate atom key "footerSlot". This is a FATAL ERROR in
      production. But it is safe to ignore this warning if it occurred because of
      hot module replacement.
[2025-09-24 09:41:45.184] WARNING - Duplicate atom key "alloyJourneyToken". This is a FATAL ERROR in
      production. But it is safe to ignore this warning if it occurred because of
      hot module replacement.
[2025-09-24 09:41:45.184] WARNING - Duplicate atom key "alloyJourneyToken". This is a FATAL ERROR in
      production. But it is safe to ignore this warning if it occurred because of
      hot module replacement.
[2025-09-24 09:41:45.184] DEBUG - [bugsnag] Loaded!
[2025-09-24 09:41:45.184] DEBUG - [bugsnag] Loaded!
[2025-09-24 09:41:45.185] INFO - Version 3.250919.0 prod production 
[2025-09-24 09:41:45.185] INFO - Version 3.250919.0 prod production 
[2025-09-24 09:41:45.185] INFO - Time: Wed Sep 24 2025 09:41:45 GMT-0500 (Central Daylight Time)
[2025-09-24 09:41:45.185] INFO - Time:
[2025-09-24 09:41:45.209] LOG - 14:41:45.206Z Try to restore session
[2025-09-24 09:41:45.210] LOG - 14:41:45.206Z Try to restore session
[2025-09-24 09:41:45.210] LOG - 14:41:45.208Z Access token will be renewed in 75 minutes; expired: Wed Sep 24 2025 11:01:43 GMT-0500 (Central Daylight Time), now: Wed Sep 24 2025 09:41:45 GMT-0500 (Central Daylight Time)
[2025-09-24 09:41:45.210] LOG - 14:41:45.208Z Access token will be renewed in 75 minutes; expired: Wed Sep 24 2025 11:01:43 GMT-0500 (Central Daylight Time), now: Wed Sep 24 2025 09:41:45 GMT-0500 (Central Daylight Time)
[2025-09-24 09:41:45.218] WARNING - 14:41:45.217Z [LaunchDarkly] The waitForInitialization function was called without a timeout specified. In a future version a default timeout will be applied.
[2025-09-24 09:41:45.220] WARNING - 14:41:45.217Z [LaunchDarkly] The waitForInitialization function was called without a timeout specified. In a future version a default timeout will be applied.
[2025-09-24 09:41:45.227] INFO - 14:41:45.224Z chart cache state: islands=1, bars=421
[2025-09-24 09:41:45.227] INFO - 14:41:45.224Z chart cache state: islands=1, bars=421
[2025-09-24 09:41:45.228] INFO - 14:41:45.224Z Chart history database initialized
[2025-09-24 09:41:45.228] INFO - 14:41:45.224Z Chart history database initialized
[2025-09-24 09:41:45.274] INFO - 14:41:45.270Z [LaunchDarkly] LaunchDarkly client initialized
[2025-09-24 09:41:45.275] INFO - 14:41:45.270Z [LaunchDarkly] LaunchDarkly client initialized
[2025-09-24 09:41:45.277] INFO - 14:41:45.270Z [LaunchDarkly] Opening stream connection to https://clientstream.launchdarkly.com/eval/66cdf5b9cf61891061b4e437/eyJraW5kIjoidXNlciIsImtleSI6InVua25vd24iLCJhbm9ueW1vdXMiOmZhbHNlfQ
[2025-09-24 09:41:45.278] INFO - 14:41:45.270Z [LaunchDarkly] Opening stream connection to https://clientstream.launchdarkly.com/eval/66cdf5b9cf61891061b4e437/eyJraW5kIjoidXNlciIsImtleSI6InVua25vd24iLCJhbm9ueW1vdXMiOmZhbHNlfQ
[2025-09-24 09:41:45.423] INFO - 14:41:45.421Z [LaunchDarkly] Closing stream connection
[2025-09-24 09:41:45.427] INFO - 14:41:45.421Z [LaunchDarkly] Closing stream connection
[2025-09-24 09:41:45.427] INFO - 14:41:45.422Z [LaunchDarkly] Opening stream connection to https://clientstream.launchdarkly.com/eval/66cdf5b9cf61891061b4e437/eyJraW5kIjoidXNlciIsImtleSI6IjQ2NTYwMjciLCJkZXZpY2UiOiJkZXNrdG9wIiwidXNlcklkIjo0NjU2MDI3LCJpcENvdW50cnkiOiJVUyIsIm9yZ05hbWUiOiJURFYiLCJuYW1lIjoiWmVuZXgzMjk4IiwibGFuZGluZ1BhcmFtcyI6IiJ9
[2025-09-24 09:41:45.427] INFO - 14:41:45.422Z [LaunchDarkly] Opening stream connection to https://clientstream.launchdarkly.com/eval/66cdf5b9cf61891061b4e437/eyJraW5kIjoidXNlciIsImtleSI6IjQ2NTYwMjciLCJkZXZpY2UiOiJkZXNrdG9wIiwidXNlcklkIjo0NjU2MDI3LCJpcENvdW50cnkiOiJVUyIsIm9yZ05hbWUiOiJURFYiLCJuYW1lIjoiWmVuZXgzMjk4IiwibGFuZGluZ1BhcmFtcyI6IiJ9
[2025-09-24 09:41:46.130] LOG - 14:41:46.126Z opening https://demo.tradovateapi.com/
[2025-09-24 09:41:46.130] LOG - 14:41:46.126Z opening https://demo.tradovateapi.com/
[2025-09-24 09:41:46.134] LOG - 14:41:46.133Z Hotkeys initialized {"Shift+Digit1":["orders/selectColumns"],"Shift+Digit2":["orders/showFilters"],"Shift+Digit3":["orders/standardTableView"],"Shift+Digit4":["orders/linkedOrdersView"],"Command+Shift+Digit0":["dom-chart/exit-and-cancel"]}
[2025-09-24 09:41:46.135] LOG - 14:41:46.133Z Hotkeys initialized {"Shift+Digit1":["orders/selectColumns"],"Shift+Digit2":["orders/showFilters"],"Shift+Digit3":["orders/standardTableView"],"Shift+Digit4":["orders/linkedOrdersView"],"Command+Shift+Digit0":["dom-chart/exit-and-cancel"]}
[2025-09-24 09:41:46.204] LOG - 14:41:46.204Z websocket opened
[2025-09-24 09:41:46.205] LOG - 14:41:46.204Z websocket opened
[2025-09-24 09:41:46.260] LOG - 14:41:46.258Z opening https://md-demo.tradovateapi.com/
[2025-09-24 09:41:46.261] LOG - 14:41:46.258Z opening https://md-demo.tradovateapi.com/
[2025-09-24 09:41:46.261] LOG - 14:41:46.259Z Connection:  open
[2025-09-24 09:41:46.261] LOG - 14:41:46.259Z Connection:  open
[2025-09-24 09:41:46.309] LOG - 14:41:46.307Z WebGL:  {"isWebGL2":true,"precision":"highp","logarithmicDepthBuffer":false,"maxTextures":16,"maxVertexTextures":16,"maxTextureSize":16384,"maxCubemapSize":16384,"maxAttributes":16,"maxVertexUniforms":1024,"maxVaryings":30,"maxFragmentUniforms":1024,"vertexTextures":true,"floatFragmentTextures":true,"floatVertexTextures":true,"maxSamples":8} , devicePixelRatio:  2
[2025-09-24 09:41:46.314] LOG - 14:41:46.307Z Canvas size: 501 897 dpp:  2
[2025-09-24 09:41:46.319] LOG - 14:41:46.318Z Loading App-level Plugins
[2025-09-24 09:41:46.320] LOG - 14:41:46.318Z Loading App-level Plugins
[2025-09-24 09:41:46.327] LOG - 14:41:46.326Z WebGL:  {"isWebGL2":true,"precision":"highp","logarithmicDepthBuffer":false,"maxTextures":16,"maxVertexTextures":16,"maxTextureSize":16384,"maxCubemapSize":16384,"maxAttributes":16,"maxVertexUniforms":1024,"maxVaryings":30,"maxFragmentUniforms":1024,"vertexTextures":true,"floatFragmentTextures":true,"floatVertexTextures":true,"maxSamples":8} , devicePixelRatio:  2
[2025-09-24 09:41:46.334] LOG - 14:41:46.326Z Canvas size: 501 897 dpp:  2
[2025-09-24 09:41:46.402] LOG - 14:41:46.375Z websocket opened
[2025-09-24 09:41:46.402] LOG - 14:41:46.375Z websocket opened
[2025-09-24 09:41:46.656] LOG - 14:41:46.655Z loadAppLevelPlugins:  [object Object]
[2025-09-24 09:41:46.656] LOG - 14:41:46.655Z loadAppLevelPlugins: 
[2025-09-24 09:41:47.511] LOG - 14:41:47.508Z updating the shared isolation
[2025-09-24 09:41:47.511] LOG - 14:41:47.508Z updating the shared isolation
[2025-09-24 09:41:48.741] LOG - 14:41:48.739Z created chart 1
[2025-09-24 09:41:48.883] LOG - 14:41:48.881Z requestChart: {"symbol":"3267312","chartDescription":{"underlyingType":"Tick","elementSize":5000,"elementSizeUnit":"UnderlyingUnits","withHistogram":false},"timeRange":{"asMuchAsElements":300}}
[2025-09-24 09:41:48.884] LOG - 14:41:48.881Z requestChart: {"symbol":"3267312","chartDescription":{"underlyingType":"Tick","elementSize":5000,"elementSizeUnit":"UnderlyingUnits","withHistogram":false},"timeRange":{"asMuchAsElements":300}}
[2025-09-24 09:41:48.884] LOG - 14:41:48.882Z mdMgApi open
[2025-09-24 09:41:48.885] LOG - 14:41:48.882Z mdMgApi open
[2025-09-24 09:41:53.621] LOG - 14:41:53.619Z Auto Order script initialized - AUTOMATIC HOT RELOAD SUCCESS!
[2025-09-24 09:41:53.622] LOG - 14:41:53.619Z Auto Order script initialized - AUTOMATIC HOT RELOAD SUCCESS!
[2025-09-24 09:41:53.623] LOG - 14:41:53.620Z Creating UI...
[2025-09-24 09:41:53.623] LOG - 14:41:53.620Z Creating UI...
[2025-09-24 09:41:53.623] LOG - 14:41:53.621Z Creating UI
[2025-09-24 09:41:53.623] LOG - 14:41:53.621Z Creating UI
[2025-09-24 09:41:53.624] LOG - 14:41:53.621Z Stored values: TP=120, SL=40, Qty=10, Tick=0.25, Symbol=NQ
[2025-09-24 09:41:53.624] LOG - 14:41:53.621Z Stored values: TP=120, SL=40, Qty=10, Tick=0.25, Symbol=NQ
[2025-09-24 09:41:53.624] LOG - 14:41:53.624Z UI container added to DOM
[2025-09-24 09:41:53.625] LOG - 14:41:53.624Z UI container added to DOM
[2025-09-24 09:41:53.626] LOG - 14:41:53.624Z Setting up UI event handlers
[2025-09-24 09:41:53.627] LOG - 14:41:53.624Z Setting up UI event handlers
[2025-09-24 09:41:53.627] LOG - 14:41:53.624Z Setting up persistent settings
[2025-09-24 09:41:53.628] LOG - 14:41:53.624Z Setting up persistent settings
[2025-09-24 09:41:53.629] LOG - 14:41:53.624Z Setting up drag functionality
[2025-09-24 09:41:53.630] LOG - 14:41:53.624Z Setting up drag functionality
[2025-09-24 09:41:53.630] LOG - 14:41:53.624Z Setting up trade buttons
[2025-09-24 09:41:53.631] LOG - 14:41:53.624Z Setting up trade buttons
[2025-09-24 09:41:53.631] LOG - 14:41:53.624Z UI creation complete
[2025-09-24 09:41:53.632] LOG - 14:41:53.624Z UI creation complete
[2025-09-24 09:41:53.632] LOG - 14:41:53.624Z Creating example front-quarter symbol
[2025-09-24 09:41:53.632] LOG - 14:41:53.624Z Creating example front-quarter symbol
[2025-09-24 09:41:53.632] LOG - 14:41:53.624Z getQuarterlyCode called with date: 2025-09-24T14:41:53.624Z
[2025-09-24 09:41:53.632] LOG - 14:41:53.624Z getQuarterlyCode called with date: 2025-09-24T14:41:53.624Z
[2025-09-24 09:41:53.632] LOG - 14:41:53.625Z Current month index: 8
[2025-09-24 09:41:53.632] LOG - 14:41:53.625Z Current month index: 8
[2025-09-24 09:41:53.633] LOG - 14:41:53.625Z Starting calculation with year=2025, month=8
[2025-09-24 09:41:53.633] LOG - 14:41:53.625Z Starting calculation with year=2025, month=8
[2025-09-24 09:41:53.633] LOG - 14:41:53.625Z Calculated quarterly code: letter=Z, yearDigit=5
[2025-09-24 09:41:53.633] LOG - 14:41:53.625Z Calculated quarterly code: letter=Z, yearDigit=5
[2025-09-24 09:41:53.633] LOG - 14:41:53.625Z Example front-quarter symbol created: NQZ5
[2025-09-24 09:41:53.633] LOG - 14:41:53.625Z Example front-quarter symbol created: NQZ5
[2025-09-24 09:41:53.642] LOG - 14:41:53.641Z Auto Risk Management: Running initial risk assessment...
[2025-09-24 09:41:53.644] LOG - 14:41:53.641Z Auto Risk Management: Running initial risk assessment...
[2025-09-24 09:41:53.645] LOG - 14:41:53.642Z [analyzePhase] resetting phaseData
[2025-09-24 09:41:53.646] LOG - 14:41:53.642Z [analyzePhase] resetting phaseData
[2025-09-24 09:41:53.647] LOG - 14:41:53.642Z [analyzePhase] set phase 1 maxActive to 1
[2025-09-24 09:41:53.648] LOG - 14:41:53.642Z [analyzePhase] set phase 1 maxActive to 1
[2025-09-24 09:41:53.650] LOG - 14:41:53.643Z [analyzePhase] increased phase 2 maxActive to 1
[2025-09-24 09:41:53.653] LOG - 14:41:53.643Z [analyzePhase] increased phase 2 maxActive to 1
[2025-09-24 09:41:53.653] LOG - 14:41:53.643Z [updateUserColumnPhaseStatus] Starting...
[2025-09-24 09:41:53.654] LOG - 14:41:53.643Z [updateUserColumnPhaseStatus] Starting...
[2025-09-24 09:41:53.655] LOG - 14:41:53.643Z [updateUserColumnPhaseStatus] Found 1 rows
[2025-09-24 09:41:53.656] LOG - 14:41:53.643Z [updateUserColumnPhaseStatus] Found 1 rows
[2025-09-24 09:41:53.657] LOG - 14:41:53.643Z [updateUserColumnPhaseStatus] Header cells: Account ▲,Total Available Margin,User,Dist Drawdown Net Liq,Dollar Open P L,Dollar Total P L
[2025-09-24 09:41:53.657] LOG - 14:41:53.643Z [updateUserColumnPhaseStatus] Header cells:
[2025-09-24 09:41:53.657] LOG - 14:41:53.643Z [updateUserColumnPhaseStatus] Found User column at index 2
[2025-09-24 09:41:53.657] LOG - 14:41:53.643Z [updateUserColumnPhaseStatus] Found User column at index 2
[2025-09-24 09:41:53.657] LOG - 14:41:53.644Z [updateUserColumnPhaseStatus] Getting table data...
[2025-09-24 09:41:53.657] LOG - 14:41:53.644Z [updateUserColumnPhaseStatus] Getting table data...
[2025-09-24 09:41:53.658] LOG - 14:41:53.644Z [analyzePhase] resetting phaseData
[2025-09-24 09:41:53.658] LOG - 14:41:53.644Z [analyzePhase] resetting phaseData
[2025-09-24 09:41:53.658] LOG - 14:41:53.644Z [analyzePhase] set phase 1 maxActive to 1
[2025-09-24 09:41:53.658] LOG - 14:41:53.644Z [analyzePhase] set phase 1 maxActive to 1
[2025-09-24 09:41:53.658] LOG - 14:41:53.644Z [analyzePhase] increased phase 2 maxActive to 1
[2025-09-24 09:41:53.658] LOG - 14:41:53.644Z [analyzePhase] increased phase 2 maxActive to 1
[2025-09-24 09:41:53.659] LOG - 14:41:53.644Z [updateUserColumnPhaseStatus] Table data: 0 rows
[2025-09-24 09:41:53.659] LOG - 14:41:53.644Z [updateUserColumnPhaseStatus] Table data: 0 rows
[2025-09-24 09:41:53.659] ERROR - 14:41:53.644Z [updateUserColumnPhaseStatus] No data from getTableData()
[2025-09-24 09:41:53.659] ERROR - 14:41:53.644Z [updateUserColumnPhaseStatus] No data from getTableData()
[2025-09-24 09:41:53.675] warning - The AudioContext was not allowed to start. It must be resumed (or created) after a user gesture on the page. https://developer.chrome.com/blog/autoplay/#web_audio
[2025-09-24 09:41:53.676] LOG - 14:41:53.662Z Auto Risk Management: Initial risk assessment completed
[2025-09-24 09:41:53.676] LOG - 14:41:53.662Z Auto Risk Management: Initial risk assessment completed
[2025-09-24 09:41:54.666] LOG - 14:41:54.664Z [analyzePhase] resetting phaseData
[2025-09-24 09:41:54.668] LOG - 14:41:54.664Z [analyzePhase] resetting phaseData
[2025-09-24 09:41:54.668] LOG - 14:41:54.664Z [analyzePhase] set phase 1 maxActive to 1
[2025-09-24 09:41:54.668] LOG - 14:41:54.664Z [analyzePhase] set phase 1 maxActive to 1
[2025-09-24 09:41:54.668] LOG - 14:41:54.664Z [analyzePhase] increased phase 2 maxActive to 1
[2025-09-24 09:41:54.668] LOG - 14:41:54.664Z [analyzePhase] increased phase 2 maxActive to 1
[2025-09-24 09:41:54.669] WARNING - 14:41:54.665Z Error in deferred func: TypeError: Cannot read properties of undefined (reading 'querySelector'), function(){d(a),f(function(){d(null)},0);var e=i.apply(this,arguments);return d(null),e} TypeError: Cannot read properties of undefined (reading 'querySelector'),    at <anonymous>:377:98,    at i.__trace__ (https://cdn.tradovate.com/tradovate/scripts/4418.33639a7d.js:2:4608573),    at https://cdn.tradovate.com/tradovate/scripts/4418.33639a7d.js:2:3542342
[2025-09-24 09:41:54.669] WARNING - 14:41:54.665Z Error in deferred func: TypeError: Cannot read properties of undefined (reading 'querySelector'), function(){d(a),f(function(){d(null)},0);var e=i.apply(this,arguments);return d(null),e}
[2025-09-24 09:41:54.680] LOG - 14:41:54.680Z Executing initial risk management assessment...
[2025-09-24 09:41:54.681] LOG - 14:41:54.680Z Executing initial risk management assessment...
[2025-09-24 09:41:54.683] ERROR - 14:41:54.680Z getTableData function not found
[2025-09-24 09:41:54.684] ERROR - 14:41:54.680Z getTableData function not found
[2025-09-24 09:41:54.685] ERROR - 14:41:54.680Z updateUserColumnPhaseStatus function not found
[2025-09-24 09:41:54.686] ERROR - 14:41:54.680Z updateUserColumnPhaseStatus function not found
[2025-09-24 09:41:54.687] ERROR - 14:41:54.680Z performAccountActions function not found
[2025-09-24 09:41:54.687] ERROR - 14:41:54.680Z performAccountActions function not found
[2025-09-24 09:41:54.688] LOG - 14:41:54.681Z Risk management assessment completed
[2025-09-24 09:41:54.688] LOG - 14:41:54.681Z Risk management assessment completed
[2025-09-24 09:42:45.242] INFO - 14:42:45.240Z time stats. avg diff: -205, min: -205, max: -205, roundtrip: 25 msec, #1
[2025-09-24 09:42:45.242] INFO - 14:42:45.240Z time stats. avg diff: -205, min: -205, max: -205, roundtrip: 25 msec, #1
[2025-09-24 09:43:03.188] INFO - 14:43:03.167Z visibilitychange: hidden, gd: 1000
[2025-09-24 09:43:03.189] INFO - 14:43:03.167Z visibilitychange: hidden, gd: 1000
