[2025-09-27 10:36:00.128] LOG - 15:36:00.126Z Starting login process for: zenex3298@gmail.com
[2025-09-27 10:36:00.130] LOG - 15:36:00.126Z Starting login process for: zenex3298@gmail.com
[2025-09-27 10:36:00.131] LOG - 15:36:00.127Z Auto login function executing for: zenex3298@gmail.com
[2025-09-27 10:36:00.132] LOG - 15:36:00.127Z Auto login function executing for: zenex3298@gmail.com
[2025-09-27 10:36:00.132] LOG - 15:36:00.127Z Login form found, filling credentials...
[2025-09-27 10:36:00.133] LOG - 15:36:00.127Z Login form found, filling credentials...
[2025-09-27 10:36:00.330] LOG - 15:36:00.175Z Test element added to DOM
[2025-09-27 10:36:00.331] LOG - 15:36:00.175Z Test element added to DOM
[2025-09-27 10:36:00.341] LOG - 15:36:00.336Z All browser alerts and confirmations have been disabled
[2025-09-27 10:36:00.342] LOG - 15:36:00.336Z All browser alerts and confirmations have been disabled
[2025-09-27 10:36:00.642] LOG - 15:36:00.641Z Clicking login button...
[2025-09-27 10:36:00.644] LOG - 15:36:00.641Z Clicking login button...
[2025-09-27 10:36:00.655] LOG - 15:36:00.649Z authentication starting
[2025-09-27 10:36:00.656] LOG - 15:36:00.649Z authentication starting
[2025-09-27 10:36:01.108] warning - The AudioContext was not allowed to start. It must be resumed (or created) after a user gesture on the page. https://developer.chrome.com/blog/autoplay/#web_audio
[2025-09-27 10:36:01.110] LOG - 15:36:01.089Z Watching for account selection page...
[2025-09-27 10:36:01.112] LOG - 15:36:01.089Z Watching for account selection page...
[2025-09-27 10:36:01.387] LOG - 15:36:01.385Z Access token will be renewed in 75 minutes; expired: Sat Sep 27 2025 11:56:01 GMT-0500 (Central Daylight Time), now: Sat Sep 27 2025 10:36:01 GMT-0500 (Central Daylight Time)
[2025-09-27 10:36:01.388] LOG - 15:36:01.385Z Access token will be renewed in 75 minutes; expired: Sat Sep 27 2025 11:56:01 GMT-0500 (Central Daylight Time), now: Sat Sep 27 2025 10:36:01 GMT-0500 (Central Daylight Time)
[2025-09-27 10:36:01.690] error - [Report Only] Refused to frame 'https://accounts.google.com/' because an ancestor violates the following Content Security Policy directive: "frame-ancestors 'self'".

[2025-09-27 10:36:01.790] INFO - 15:36:01.788Z [LaunchDarkly] Closing stream connection
[2025-09-27 10:36:01.792] INFO - 15:36:01.788Z [LaunchDarkly] Closing stream connection
[2025-09-27 10:36:01.793] INFO - 15:36:01.788Z [LaunchDarkly] Opening stream connection to https://clientstream.launchdarkly.com/eval/66cdf5b9cf61891061b4e437/eyJraW5kIjoidXNlciIsImtleSI6IjQ2NTYwMjciLCJkZXZpY2UiOiJkZXNrdG9wIiwidXNlcklkIjo0NjU2MDI3LCJpcENvdW50cnkiOiJVUyIsIm9yZ05hbWUiOiJURFYiLCJuYW1lIjoiWmVuZXgzMjk4IiwibGFuZGluZ1BhcmFtcyI6IiJ9
[2025-09-27 10:36:01.793] INFO - 15:36:01.788Z [LaunchDarkly] Opening stream connection to https://clientstream.launchdarkly.com/eval/66cdf5b9cf61891061b4e437/eyJraW5kIjoidXNlciIsImtleSI6IjQ2NTYwMjciLCJkZXZpY2UiOiJkZXNrdG9wIiwidXNlcklkIjo0NjU2MDI3LCJpcENvdW50cnkiOiJVUyIsIm9yZ05hbWUiOiJURFYiLCJuYW1lIjoiWmVuZXgzMjk4IiwibGFuZGluZ1BhcmFtcyI6IiJ9
[2025-09-27 10:36:01.794] INFO - 15:36:01.788Z [LaunchDarkly] Closing stream connection
[2025-09-27 10:36:01.794] INFO - 15:36:01.788Z [LaunchDarkly] Closing stream connection
[2025-09-27 10:36:01.794] INFO - 15:36:01.788Z [LaunchDarkly] Opening stream connection to https://clientstream.launchdarkly.com/eval/66cdf5b9cf61891061b4e437/eyJraW5kIjoidXNlciIsImtleSI6IjQ2NTYwMjciLCJkZXZpY2UiOiJkZXNrdG9wIiwidXNlcklkIjo0NjU2MDI3LCJpcENvdW50cnkiOiJVUyIsIm9yZ05hbWUiOiJURFYiLCJuYW1lIjoiWmVuZXgzMjk4IiwibGFuZGluZ1BhcmFtcyI6IiJ9
[2025-09-27 10:36:01.795] INFO - 15:36:01.788Z [LaunchDarkly] Opening stream connection to https://clientstream.launchdarkly.com/eval/66cdf5b9cf61891061b4e437/eyJraW5kIjoidXNlciIsImtleSI6IjQ2NTYwMjciLCJkZXZpY2UiOiJkZXNrdG9wIiwidXNlcklkIjo0NjU2MDI3LCJpcENvdW50cnkiOiJVUyIsIm9yZ05hbWUiOiJURFYiLCJuYW1lIjoiWmVuZXgzMjk4IiwibGFuZGluZ1BhcmFtcyI6IiJ9
[2025-09-27 10:36:01.864] INFO - 15:36:01.861Z [LaunchDarkly] Closing stream connection
[2025-09-27 10:36:01.865] INFO - 15:36:01.861Z [LaunchDarkly] Closing stream connection
[2025-09-27 10:36:01.868] INFO - 15:36:01.862Z [LaunchDarkly] Opening stream connection to https://clientstream.launchdarkly.com/eval/66cdf5b9cf61891061b4e437/eyJraW5kIjoidXNlciIsImtleSI6IjQ2NTYwMjciLCJkZXZpY2UiOiJkZXNrdG9wIiwidXNlcklkIjo0NjU2MDI3LCJpcENvdW50cnkiOiJVUyIsIm9yZ05hbWUiOiJURFYiLCJuYW1lIjoiWmVuZXgzMjk4IiwibGFuZGluZ1BhcmFtcyI6IiJ9
[2025-09-27 10:36:01.868] INFO - 15:36:01.862Z [LaunchDarkly] Opening stream connection to https://clientstream.launchdarkly.com/eval/66cdf5b9cf61891061b4e437/eyJraW5kIjoidXNlciIsImtleSI6IjQ2NTYwMjciLCJkZXZpY2UiOiJkZXNrdG9wIiwidXNlcklkIjo0NjU2MDI3LCJpcENvdW50cnkiOiJVUyIsIm9yZ05hbWUiOiJURFYiLCJuYW1lIjoiWmVuZXgzMjk4IiwibGFuZGluZ1BhcmFtcyI6IiJ9
[2025-09-27 10:36:02.600] LOG - 15:36:02.599Z Account selection page detected, clicking button...
[2025-09-27 10:36:02.600] LOG - 15:36:02.599Z Account selection page detected, clicking button...
[2025-09-27 10:36:02.760] LOG - 15:36:02.735Z Access token will be renewed in 75 minutes; expired: Sat Sep 27 2025 11:56:01 GMT-0500 (Central Daylight Time), now: Sat Sep 27 2025 10:36:02 GMT-0500 (Central Daylight Time)
[2025-09-27 10:36:02.761] LOG - 15:36:02.735Z Access token will be renewed in 75 minutes; expired: Sat Sep 27 2025 11:56:01 GMT-0500 (Central Daylight Time), now: Sat Sep 27 2025 10:36:02 GMT-0500 (Central Daylight Time)
[2025-09-27 10:36:02.836] error - Refused to connect to 'https://bat.bing.com/actionp/0?ti=26330043&Ver=2&mid=d0cded38-694e-4f84-8f18-fea400ca0712&bo=2&sid=3660cc809ad411f094ce7fdad7d91748&vid=9abf384092fe11f0b30e9fac449e4642&vids=0&msclkid=N&evt=pageHide' because it violates the following Content Security Policy directive: "connect-src wss://*.tradovate.com https://*.tradovate.com https://*.ntinnolab.com https://*.devel.ninjatrader.dev https://*.staging.ninjatrader.dev https://*.uat.ninjatrader.dev wss://*.ntinnolab.com wss://*.devel.ninjatrader.dev wss://*.staging.ninjatrader.dev wss://*.uat.ninjatrader.dev wss://*.tradovateapi.com https://*.tradovateapi.com https://*.ninjatrader.com https://cdn.walkme.com https://ec.walkme.com https://sessions.bugsnag.com https://notify.bugsnag.com https://*.plaid.com https://*.yodlee.com https://tradovate.zendesk.com https://rollout.ada.support https://static.ada.support https://ninjatrader.ada.support https://tradovate.ada.support https://ninjatrader-eap.ada.support/ https://demo-ninjatrader-gr.ada.support/ https://tradovate-gen.ada.support/ https://api.stripe.com https://apiproxy.ninjatrader.com https://apiproxy-d.ninjatrader.com https://us-autocomplete-pro.api.smartystreets.com https://international-autocomplete.api.smarty.com https://maps.googleapis.com https://accounts.google.com/ https://www.google.com https://www.googletagmanager.com/ https://*.browser-intake-datadoghq.com https://scripts.neuro-id.com https://receiver.neuroid.cloud https://logs.neuro-id.com https://firebaseinstallations.googleapis.com/ https://firebaseremoteconfig.googleapis.com/ https://logx.optimizely.com https://*.optimizely.com wss://mpsnare.iesnare.com wss://ci-mpsnare.iovation.com https://*.iovation.com/ https://*.reddit.com  https://www.redditstatic.com https://*.taboola.com https://*.launchdarkly.com https://*.alloy.co https://*.maze.co https://www.google-analytics.com https://analytics.google.com https://www.googletagmanager.com/ https://api.hubapi.com https://forms.hubspot.com https://stats.g.doubleclick.net https://alb.reddit.com https://analytics.twitter.com https://heapanalytics.com https://*.auryc.com https://*.contentsquare.net https://siteintercept.qualtrics.com https://api.userway.org/".

[2025-09-27 10:36:02.838] INFO - 15:36:02.832Z visibilitychange: hidden, gd: 1000
[2025-09-27 10:36:02.839] INFO - 15:36:02.832Z visibilitychange: hidden, gd: 1000
[2025-09-27 10:36:02.840] WARNING - 15:36:02.834Z [LaunchDarkly] Error on stream connection: {"isTrusted":true}, will continue retrying after 669 milliseconds.
[2025-09-27 10:36:02.841] WARNING - 15:36:02.834Z [LaunchDarkly] Error on stream connection: {"isTrusted":true}, will continue retrying after 669 milliseconds.
[2025-09-27 10:36:02.841] INFO - 15:36:02.834Z [LaunchDarkly] Closing stream connection
[2025-09-27 10:36:02.841] INFO - 15:36:02.834Z [LaunchDarkly] Closing stream connection
[2025-09-27 10:36:03.256] WARNING - Duplicate atom key "locale". This is a FATAL ERROR in
      production. But it is safe to ignore this warning if it occurred because of
      hot module replacement.
[2025-09-27 10:36:03.258] WARNING - Duplicate atom key "locale". This is a FATAL ERROR in
      production. But it is safe to ignore this warning if it occurred because of
      hot module replacement.
[2025-09-27 10:36:03.259] WARNING - Duplicate atom key "muiTheme". This is a FATAL ERROR in
      production. But it is safe to ignore this warning if it occurred because of
      hot module replacement.
[2025-09-27 10:36:03.260] WARNING - Duplicate atom key "muiTheme". This is a FATAL ERROR in
      production. But it is safe to ignore this warning if it occurred because of
      hot module replacement.
[2025-09-27 10:36:03.261] WARNING - Duplicate atom key "appLinksFooter". This is a FATAL ERROR in
      production. But it is safe to ignore this warning if it occurred because of
      hot module replacement.
[2025-09-27 10:36:03.262] WARNING - Duplicate atom key "appLinksFooter". This is a FATAL ERROR in
      production. But it is safe to ignore this warning if it occurred because of
      hot module replacement.
[2025-09-27 10:36:03.263] WARNING - Duplicate atom key "currentUserId2". This is a FATAL ERROR in
      production. But it is safe to ignore this warning if it occurred because of
      hot module replacement.
[2025-09-27 10:36:03.265] WARNING - Duplicate atom key "currentUserId2". This is a FATAL ERROR in
      production. But it is safe to ignore this warning if it occurred because of
      hot module replacement.
[2025-09-27 10:36:03.267] WARNING - Duplicate atom key "onboardingInProgress". This is a FATAL ERROR in
      production. But it is safe to ignore this warning if it occurred because of
      hot module replacement.
[2025-09-27 10:36:03.267] WARNING - Duplicate atom key "onboardingInProgress". This is a FATAL ERROR in
      production. But it is safe to ignore this warning if it occurred because of
      hot module replacement.
[2025-09-27 10:36:03.268] WARNING - Duplicate atom key "editing". This is a FATAL ERROR in
      production. But it is safe to ignore this warning if it occurred because of
      hot module replacement.
[2025-09-27 10:36:03.270] WARNING - Duplicate atom key "editing". This is a FATAL ERROR in
      production. But it is safe to ignore this warning if it occurred because of
      hot module replacement.
[2025-09-27 10:36:03.272] WARNING - Duplicate atom key "infoMessage". This is a FATAL ERROR in
      production. But it is safe to ignore this warning if it occurred because of
      hot module replacement.
[2025-09-27 10:36:03.276] WARNING - Duplicate atom key "infoMessage". This is a FATAL ERROR in
      production. But it is safe to ignore this warning if it occurred because of
      hot module replacement.
[2025-09-27 10:36:03.277] WARNING - Duplicate atom key "browserWarning". This is a FATAL ERROR in
      production. But it is safe to ignore this warning if it occurred because of
      hot module replacement.
[2025-09-27 10:36:03.278] WARNING - Duplicate atom key "browserWarning". This is a FATAL ERROR in
      production. But it is safe to ignore this warning if it occurred because of
      hot module replacement.
[2025-09-27 10:36:03.280] WARNING - Duplicate atom key "clockWarning". This is a FATAL ERROR in
      production. But it is safe to ignore this warning if it occurred because of
      hot module replacement.
[2025-09-27 10:36:03.283] WARNING - Duplicate atom key "clockWarning". This is a FATAL ERROR in
      production. But it is safe to ignore this warning if it occurred because of
      hot module replacement.
[2025-09-27 10:36:03.290] WARNING - Duplicate atom key "breakpoint". This is a FATAL ERROR in
      production. But it is safe to ignore this warning if it occurred because of
      hot module replacement.
[2025-09-27 10:36:03.292] WARNING - Duplicate atom key "breakpoint". This is a FATAL ERROR in
      production. But it is safe to ignore this warning if it occurred because of
      hot module replacement.
[2025-09-27 10:36:03.293] WARNING - Duplicate atom key "inMobileRange". This is a FATAL ERROR in
      production. But it is safe to ignore this warning if it occurred because of
      hot module replacement.
[2025-09-27 10:36:03.299] WARNING - Duplicate atom key "inMobileRange". This is a FATAL ERROR in
      production. But it is safe to ignore this warning if it occurred because of
      hot module replacement.
[2025-09-27 10:36:03.301] WARNING - Duplicate atom key "gridSpacing". This is a FATAL ERROR in
      production. But it is safe to ignore this warning if it occurred because of
      hot module replacement.
[2025-09-27 10:36:03.303] WARNING - Duplicate atom key "gridSpacing". This is a FATAL ERROR in
      production. But it is safe to ignore this warning if it occurred because of
      hot module replacement.
[2025-09-27 10:36:03.303] WARNING - Duplicate atom key "login". This is a FATAL ERROR in
      production. But it is safe to ignore this warning if it occurred because of
      hot module replacement.
[2025-09-27 10:36:03.307] WARNING - Duplicate atom key "login". This is a FATAL ERROR in
      production. But it is safe to ignore this warning if it occurred because of
      hot module replacement.
[2025-09-27 10:36:03.313] WARNING - Duplicate atom key "error". This is a FATAL ERROR in
      production. But it is safe to ignore this warning if it occurred because of
      hot module replacement.
[2025-09-27 10:36:03.314] WARNING - Duplicate atom key "error". This is a FATAL ERROR in
      production. But it is safe to ignore this warning if it occurred because of
      hot module replacement.
[2025-09-27 10:36:03.317] WARNING - Duplicate atom key "contactInfos2". This is a FATAL ERROR in
      production. But it is safe to ignore this warning if it occurred because of
      hot module replacement.
[2025-09-27 10:36:03.319] WARNING - Duplicate atom key "contactInfos2". This is a FATAL ERROR in
      production. But it is safe to ignore this warning if it occurred because of
      hot module replacement.
[2025-09-27 10:36:03.320] WARNING - Duplicate atom key "individualApplicantsTimestamp". This is a FATAL ERROR in
      production. But it is safe to ignore this warning if it occurred because of
      hot module replacement.
[2025-09-27 10:36:03.321] WARNING - Duplicate atom key "individualApplicantsTimestamp". This is a FATAL ERROR in
      production. But it is safe to ignore this warning if it occurred because of
      hot module replacement.
[2025-09-27 10:36:03.321] WARNING - Duplicate atom key "customerApplication". This is a FATAL ERROR in
      production. But it is safe to ignore this warning if it occurred because of
      hot module replacement.
[2025-09-27 10:36:03.322] WARNING - Duplicate atom key "customerApplication". This is a FATAL ERROR in
      production. But it is safe to ignore this warning if it occurred because of
      hot module replacement.
[2025-09-27 10:36:03.323] WARNING - Duplicate atom key "individualApplicants". This is a FATAL ERROR in
      production. But it is safe to ignore this warning if it occurred because of
      hot module replacement.
[2025-09-27 10:36:03.323] WARNING - Duplicate atom key "individualApplicants". This is a FATAL ERROR in
      production. But it is safe to ignore this warning if it occurred because of
      hot module replacement.
[2025-09-27 10:36:03.325] WARNING - Duplicate atom key "clearingHouses". This is a FATAL ERROR in
      production. But it is safe to ignore this warning if it occurred because of
      hot module replacement.
[2025-09-27 10:36:03.326] WARNING - Duplicate atom key "clearingHouses". This is a FATAL ERROR in
      production. But it is safe to ignore this warning if it occurred because of
      hot module replacement.
[2025-09-27 10:36:03.327] WARNING - Duplicate atom key "clearXClearingHouse". This is a FATAL ERROR in
      production. But it is safe to ignore this warning if it occurred because of
      hot module replacement.
[2025-09-27 10:36:03.328] WARNING - Duplicate atom key "clearXClearingHouse". This is a FATAL ERROR in
      production. But it is safe to ignore this warning if it occurred because of
      hot module replacement.
[2025-09-27 10:36:03.328] WARNING - Duplicate atom key "applicationClearingHouse". This is a FATAL ERROR in
      production. But it is safe to ignore this warning if it occurred because of
      hot module replacement.
[2025-09-27 10:36:03.329] WARNING - Duplicate atom key "applicationClearingHouse". This is a FATAL ERROR in
      production. But it is safe to ignore this warning if it occurred because of
      hot module replacement.
[2025-09-27 10:36:03.329] WARNING - Duplicate atom key "userLocation". This is a FATAL ERROR in
      production. But it is safe to ignore this warning if it occurred because of
      hot module replacement.
[2025-09-27 10:36:03.329] WARNING - Duplicate atom key "userLocation". This is a FATAL ERROR in
      production. But it is safe to ignore this warning if it occurred because of
      hot module replacement.
[2025-09-27 10:36:03.329] WARNING - Duplicate atom key "savedApplicationsTimestamp". This is a FATAL ERROR in
      production. But it is safe to ignore this warning if it occurred because of
      hot module replacement.
[2025-09-27 10:36:03.330] WARNING - Duplicate atom key "savedApplicationsTimestamp". This is a FATAL ERROR in
      production. But it is safe to ignore this warning if it occurred because of
      hot module replacement.
[2025-09-27 10:36:03.331] WARNING - Duplicate atom key "savedApplications". This is a FATAL ERROR in
      production. But it is safe to ignore this warning if it occurred because of
      hot module replacement.
[2025-09-27 10:36:03.331] WARNING - Duplicate atom key "savedApplications". This is a FATAL ERROR in
      production. But it is safe to ignore this warning if it occurred because of
      hot module replacement.
[2025-09-27 10:36:03.331] WARNING - Duplicate atom key "step". This is a FATAL ERROR in
      production. But it is safe to ignore this warning if it occurred because of
      hot module replacement.
[2025-09-27 10:36:03.332] WARNING - Duplicate atom key "step". This is a FATAL ERROR in
      production. But it is safe to ignore this warning if it occurred because of
      hot module replacement.
[2025-09-27 10:36:03.332] WARNING - Duplicate atom key "checkStates". This is a FATAL ERROR in
      production. But it is safe to ignore this warning if it occurred because of
      hot module replacement.
[2025-09-27 10:36:03.346] WARNING - Duplicate atom key "checkStates". This is a FATAL ERROR in
      production. But it is safe to ignore this warning if it occurred because of
      hot module replacement.
[2025-09-27 10:36:03.346] WARNING - Duplicate atom key "signStates". This is a FATAL ERROR in
      production. But it is safe to ignore this warning if it occurred because of
      hot module replacement.
[2025-09-27 10:36:03.346] WARNING - Duplicate atom key "signStates". This is a FATAL ERROR in
      production. But it is safe to ignore this warning if it occurred because of
      hot module replacement.
[2025-09-27 10:36:03.347] WARNING - Duplicate atom key "wizard". This is a FATAL ERROR in
      production. But it is safe to ignore this warning if it occurred because of
      hot module replacement.
[2025-09-27 10:36:03.347] WARNING - Duplicate atom key "wizard". This is a FATAL ERROR in
      production. But it is safe to ignore this warning if it occurred because of
      hot module replacement.
[2025-09-27 10:36:03.347] WARNING - Duplicate atom key "formBuilder". This is a FATAL ERROR in
      production. But it is safe to ignore this warning if it occurred because of
      hot module replacement.
[2025-09-27 10:36:03.347] WARNING - Duplicate atom key "formBuilder". This is a FATAL ERROR in
      production. But it is safe to ignore this warning if it occurred because of
      hot module replacement.
[2025-09-27 10:36:03.348] WARNING - Duplicate atom key "headerSlot". This is a FATAL ERROR in
      production. But it is safe to ignore this warning if it occurred because of
      hot module replacement.
[2025-09-27 10:36:03.348] WARNING - Duplicate atom key "headerSlot". This is a FATAL ERROR in
      production. But it is safe to ignore this warning if it occurred because of
      hot module replacement.
[2025-09-27 10:36:03.349] WARNING - Duplicate atom key "footerSlot". This is a FATAL ERROR in
      production. But it is safe to ignore this warning if it occurred because of
      hot module replacement.
[2025-09-27 10:36:03.349] WARNING - Duplicate atom key "footerSlot". This is a FATAL ERROR in
      production. But it is safe to ignore this warning if it occurred because of
      hot module replacement.
[2025-09-27 10:36:03.349] WARNING - Duplicate atom key "alloyJourneyToken". This is a FATAL ERROR in
      production. But it is safe to ignore this warning if it occurred because of
      hot module replacement.
[2025-09-27 10:36:03.350] WARNING - Duplicate atom key "alloyJourneyToken". This is a FATAL ERROR in
      production. But it is safe to ignore this warning if it occurred because of
      hot module replacement.
[2025-09-27 10:36:03.350] DEBUG - [bugsnag] Loaded!
[2025-09-27 10:36:03.350] DEBUG - [bugsnag] Loaded!
[2025-09-27 10:36:03.350] INFO - Version 3.250926.0 prod production 
[2025-09-27 10:36:03.351] INFO - Version 3.250926.0 prod production 
[2025-09-27 10:36:03.351] INFO - Time: Sat Sep 27 2025 10:36:03 GMT-0500 (Central Daylight Time)
[2025-09-27 10:36:03.351] INFO - Time:
[2025-09-27 10:36:03.377] LOG - 15:36:03.373Z Try to restore session
[2025-09-27 10:36:03.378] LOG - 15:36:03.373Z Try to restore session
[2025-09-27 10:36:03.378] LOG - 15:36:03.375Z Access token will be renewed in 75 minutes; expired: Sat Sep 27 2025 11:56:01 GMT-0500 (Central Daylight Time), now: Sat Sep 27 2025 10:36:03 GMT-0500 (Central Daylight Time)
[2025-09-27 10:36:03.378] LOG - 15:36:03.375Z Access token will be renewed in 75 minutes; expired: Sat Sep 27 2025 11:56:01 GMT-0500 (Central Daylight Time), now: Sat Sep 27 2025 10:36:03 GMT-0500 (Central Daylight Time)
[2025-09-27 10:36:03.385] WARNING - 15:36:03.383Z [LaunchDarkly] The waitForInitialization function was called without a timeout specified. In a future version a default timeout will be applied.
[2025-09-27 10:36:03.386] WARNING - 15:36:03.383Z [LaunchDarkly] The waitForInitialization function was called without a timeout specified. In a future version a default timeout will be applied.
[2025-09-27 10:36:03.453] INFO - 15:36:03.395Z chart cache state: islands=3, bars=2006
[2025-09-27 10:36:03.453] INFO - 15:36:03.395Z chart cache state: islands=3, bars=2006
[2025-09-27 10:36:03.599] INFO - 15:36:03.397Z Chart history database initialized
[2025-09-27 10:36:03.599] INFO - 15:36:03.397Z Chart history database initialized
[2025-09-27 10:36:03.600] INFO - 15:36:03.403Z [LaunchDarkly] LaunchDarkly client initialized
[2025-09-27 10:36:03.600] INFO - 15:36:03.403Z [LaunchDarkly] LaunchDarkly client initialized
[2025-09-27 10:36:03.601] INFO - 15:36:03.404Z [LaunchDarkly] Opening stream connection to https://clientstream.launchdarkly.com/eval/66cdf5b9cf61891061b4e437/eyJraW5kIjoidXNlciIsImtleSI6InVua25vd24iLCJhbm9ueW1vdXMiOmZhbHNlfQ
[2025-09-27 10:36:03.601] INFO - 15:36:03.404Z [LaunchDarkly] Opening stream connection to https://clientstream.launchdarkly.com/eval/66cdf5b9cf61891061b4e437/eyJraW5kIjoidXNlciIsImtleSI6InVua25vd24iLCJhbm9ueW1vdXMiOmZhbHNlfQ
[2025-09-27 10:36:04.157] INFO - 15:36:04.156Z [LaunchDarkly] Closing stream connection
[2025-09-27 10:36:04.157] INFO - 15:36:04.156Z [LaunchDarkly] Closing stream connection
[2025-09-27 10:36:04.158] INFO - 15:36:04.156Z [LaunchDarkly] Opening stream connection to https://clientstream.launchdarkly.com/eval/66cdf5b9cf61891061b4e437/eyJraW5kIjoidXNlciIsImtleSI6IjQ2NTYwMjciLCJkZXZpY2UiOiJkZXNrdG9wIiwidXNlcklkIjo0NjU2MDI3LCJpcENvdW50cnkiOiIiLCJvcmdOYW1lIjoiVERWIiwibmFtZSI6IlplbmV4MzI5OCIsImxhbmRpbmdQYXJhbXMiOiIifQ
[2025-09-27 10:36:04.158] INFO - 15:36:04.156Z [LaunchDarkly] Opening stream connection to https://clientstream.launchdarkly.com/eval/66cdf5b9cf61891061b4e437/eyJraW5kIjoidXNlciIsImtleSI6IjQ2NTYwMjciLCJkZXZpY2UiOiJkZXNrdG9wIiwidXNlcklkIjo0NjU2MDI3LCJpcENvdW50cnkiOiIiLCJvcmdOYW1lIjoiVERWIiwibmFtZSI6IlplbmV4MzI5OCIsImxhbmRpbmdQYXJhbXMiOiIifQ
[2025-09-27 10:36:04.209] INFO - 15:36:04.207Z [LaunchDarkly] Closing stream connection
[2025-09-27 10:36:04.209] INFO - 15:36:04.207Z [LaunchDarkly] Closing stream connection
[2025-09-27 10:36:04.210] INFO - 15:36:04.208Z [LaunchDarkly] Opening stream connection to https://clientstream.launchdarkly.com/eval/66cdf5b9cf61891061b4e437/eyJraW5kIjoidXNlciIsImtleSI6IjQ2NTYwMjciLCJkZXZpY2UiOiJkZXNrdG9wIiwidXNlcklkIjo0NjU2MDI3LCJpcENvdW50cnkiOiJVUyIsIm9yZ05hbWUiOiJURFYiLCJuYW1lIjoiWmVuZXgzMjk4IiwibGFuZGluZ1BhcmFtcyI6IiJ9
[2025-09-27 10:36:04.210] INFO - 15:36:04.208Z [LaunchDarkly] Opening stream connection to https://clientstream.launchdarkly.com/eval/66cdf5b9cf61891061b4e437/eyJraW5kIjoidXNlciIsImtleSI6IjQ2NTYwMjciLCJkZXZpY2UiOiJkZXNrdG9wIiwidXNlcklkIjo0NjU2MDI3LCJpcENvdW50cnkiOiJVUyIsIm9yZ05hbWUiOiJURFYiLCJuYW1lIjoiWmVuZXgzMjk4IiwibGFuZGluZ1BhcmFtcyI6IiJ9
[2025-09-27 10:36:04.296] LOG - 15:36:04.292Z opening https://demo.tradovateapi.com/
[2025-09-27 10:36:04.297] LOG - 15:36:04.292Z opening https://demo.tradovateapi.com/
[2025-09-27 10:36:04.302] LOG - 15:36:04.301Z Hotkeys initialized {"Shift+Digit1":["orders/selectColumns"],"Shift+Digit2":["orders/showFilters"],"Shift+Digit3":["orders/standardTableView"],"Shift+Digit4":["orders/linkedOrdersView"],"Command+Shift+Digit0":["dom-chart/exit-and-cancel"]}
[2025-09-27 10:36:04.302] LOG - 15:36:04.301Z Hotkeys initialized {"Shift+Digit1":["orders/selectColumns"],"Shift+Digit2":["orders/showFilters"],"Shift+Digit3":["orders/standardTableView"],"Shift+Digit4":["orders/linkedOrdersView"],"Command+Shift+Digit0":["dom-chart/exit-and-cancel"]}
[2025-09-27 10:36:04.375] LOG - 15:36:04.374Z websocket opened
[2025-09-27 10:36:04.375] LOG - 15:36:04.374Z websocket opened
[2025-09-27 10:36:04.432] LOG - 15:36:04.430Z opening https://md-demo.tradovateapi.com/
[2025-09-27 10:36:04.432] LOG - 15:36:04.430Z opening https://md-demo.tradovateapi.com/
[2025-09-27 10:36:04.432] LOG - 15:36:04.431Z Connection:  open
[2025-09-27 10:36:04.432] LOG - 15:36:04.431Z Connection:  open
[2025-09-27 10:36:05.404] LOG - 15:36:05.402Z WebGL:  {"isWebGL2":true,"precision":"highp","logarithmicDepthBuffer":false,"maxTextures":16,"maxVertexTextures":16,"maxTextureSize":16384,"maxCubemapSize":16384,"maxAttributes":16,"maxVertexUniforms":1024,"maxVaryings":30,"maxFragmentUniforms":1024,"vertexTextures":true,"floatFragmentTextures":true,"floatVertexTextures":true,"maxSamples":8} , devicePixelRatio:  2
[2025-09-27 10:36:05.409] LOG - 15:36:05.403Z Canvas size: 853 899 dpp:  2
[2025-09-27 10:36:05.427] LOG - 15:36:05.415Z Loading App-level Plugins
[2025-09-27 10:36:05.427] LOG - 15:36:05.415Z Loading App-level Plugins
[2025-09-27 10:36:05.432] LOG - 15:36:05.430Z WebGL:  {"isWebGL2":true,"precision":"highp","logarithmicDepthBuffer":false,"maxTextures":16,"maxVertexTextures":16,"maxTextureSize":16384,"maxCubemapSize":16384,"maxAttributes":16,"maxVertexUniforms":1024,"maxVaryings":30,"maxFragmentUniforms":1024,"vertexTextures":true,"floatFragmentTextures":true,"floatVertexTextures":true,"maxSamples":8} , devicePixelRatio:  2
[2025-09-27 10:36:05.434] LOG - 15:36:05.430Z Canvas size: 853 899 dpp:  2
[2025-09-27 10:36:05.533] LOG - 15:36:05.491Z websocket opened
[2025-09-27 10:36:05.534] LOG - 15:36:05.491Z websocket opened
[2025-09-27 10:36:05.866] LOG - 15:36:05.864Z loadAppLevelPlugins:  [object Object]
[2025-09-27 10:36:05.867] LOG - 15:36:05.864Z loadAppLevelPlugins: 
[2025-09-27 10:36:06.611] LOG - 15:36:06.597Z jailing is in progress
[2025-09-27 10:36:06.612] LOG - 15:36:06.597Z jailing is in progress
[2025-09-27 10:36:07.051] LOG - 15:36:07.035Z pending jailing done. next starts
[2025-09-27 10:36:07.052] LOG - 15:36:07.035Z pending jailing done. next starts
[2025-09-27 10:36:08.125] LOG - 15:36:08.123Z updating the shared isolation
[2025-09-27 10:36:08.125] LOG - 15:36:08.123Z updating the shared isolation
[2025-09-27 10:36:08.133] LOG - 15:36:08.132Z created chart 1
[2025-09-27 10:36:08.530] LOG - 15:36:08.529Z requestChart: {"symbol":"3267312","chartDescription":{"underlyingType":"Tick","elementSize":5000,"elementSizeUnit":"UnderlyingUnits","withHistogram":false},"timeRange":{"asMuchAsElements":608}}
[2025-09-27 10:36:08.557] LOG - 15:36:08.529Z requestChart: {"symbol":"3267312","chartDescription":{"underlyingType":"Tick","elementSize":5000,"elementSizeUnit":"UnderlyingUnits","withHistogram":false},"timeRange":{"asMuchAsElements":608}}
[2025-09-27 10:36:08.558] LOG - 15:36:08.529Z mdMgApi open
[2025-09-27 10:36:08.558] LOG - 15:36:08.529Z mdMgApi open
[2025-09-27 10:36:11.785] LOG - 15:36:11.783Z Auto Order script initialized - AUTOMATIC HOT RELOAD SUCCESS!
[2025-09-27 10:36:11.786] LOG - 15:36:11.783Z Auto Order script initialized - AUTOMATIC HOT RELOAD SUCCESS!
[2025-09-27 10:36:11.786] LOG - 15:36:11.784Z Creating UI for dashboard trading...
[2025-09-27 10:36:11.787] LOG - 15:36:11.784Z Creating UI for dashboard trading...
[2025-09-27 10:36:11.788] LOG - 15:36:11.785Z Creating UI (visible=false)
[2025-09-27 10:36:11.788] LOG - 15:36:11.785Z Creating UI (visible=false)
[2025-09-27 10:36:11.789] LOG - 15:36:11.785Z Stored values: TP=53, SL=15, Qty=1, Tick=0.25, Symbol=NQ
[2025-09-27 10:36:11.790] LOG - 15:36:11.785Z Stored values: TP=53, SL=15, Qty=1, Tick=0.25, Symbol=NQ
[2025-09-27 10:36:11.790] LOG - 15:36:11.785Z UI container added to DOM
[2025-09-27 10:36:11.791] LOG - 15:36:11.785Z UI container added to DOM
[2025-09-27 10:36:11.791] LOG - 15:36:11.785Z Setting up localStorage persistence
[2025-09-27 10:36:11.792] LOG - 15:36:11.785Z Setting up localStorage persistence
[2025-09-27 10:36:11.792] LOG - 15:36:11.786Z UI initialization complete
[2025-09-27 10:36:11.792] LOG - 15:36:11.786Z UI initialization complete
[2025-09-27 10:36:11.792] LOG - 15:36:11.786Z Creating example front-quarter symbol
[2025-09-27 10:36:11.792] LOG - 15:36:11.786Z Creating example front-quarter symbol
[2025-09-27 10:36:11.792] LOG - 15:36:11.786Z getQuarterlyCode called with date: 2025-09-27T15:36:11.786Z
[2025-09-27 10:36:11.792] LOG - 15:36:11.786Z getQuarterlyCode called with date: 2025-09-27T15:36:11.786Z
[2025-09-27 10:36:11.793] LOG - 15:36:11.786Z Current month index: 8
[2025-09-27 10:36:11.793] LOG - 15:36:11.786Z Current month index: 8
[2025-09-27 10:36:11.793] LOG - 15:36:11.786Z Starting calculation with year=2025, month=8
[2025-09-27 10:36:11.793] LOG - 15:36:11.786Z Starting calculation with year=2025, month=8
[2025-09-27 10:36:11.793] LOG - 15:36:11.786Z Calculated quarterly code: letter=Z, yearDigit=5
[2025-09-27 10:36:11.794] LOG - 15:36:11.786Z Calculated quarterly code: letter=Z, yearDigit=5
[2025-09-27 10:36:11.795] LOG - 15:36:11.786Z Example front-quarter symbol created: NQZ5
[2025-09-27 10:36:11.795] LOG - 15:36:11.786Z Example front-quarter symbol created: NQZ5
[2025-09-27 10:36:11.796] LOG - 15:36:11.792Z Auto Risk Management: Running initial risk assessment...
[2025-09-27 10:36:11.797] LOG - 15:36:11.792Z Auto Risk Management: Running initial risk assessment...
[2025-09-27 10:36:11.798] LOG - 15:36:11.793Z [analyzePhase] resetting phaseData
[2025-09-27 10:36:11.798] LOG - 15:36:11.793Z [analyzePhase] resetting phaseData
[2025-09-27 10:36:11.799] LOG - 15:36:11.794Z [analyzePhase] set phase 1 maxActive to 1
[2025-09-27 10:36:11.799] LOG - 15:36:11.794Z [analyzePhase] set phase 1 maxActive to 1
[2025-09-27 10:36:11.800] LOG - 15:36:11.794Z [analyzePhase] increased phase 2 maxActive to 1
[2025-09-27 10:36:11.800] LOG - 15:36:11.794Z [analyzePhase] increased phase 2 maxActive to 1
[2025-09-27 10:36:11.801] LOG - 15:36:11.794Z [updateUserColumnPhaseStatus] Starting...
[2025-09-27 10:36:11.802] LOG - 15:36:11.794Z [updateUserColumnPhaseStatus] Starting...
[2025-09-27 10:36:11.803] LOG - 15:36:11.794Z [updateUserColumnPhaseStatus] Found 1 rows
[2025-09-27 10:36:11.804] LOG - 15:36:11.794Z [updateUserColumnPhaseStatus] Found 1 rows
[2025-09-27 10:36:11.804] LOG - 15:36:11.794Z [updateUserColumnPhaseStatus] Header cells: Account ▲,Total Available Margin,User,Dist Drawdown Net Liq,Dollar Open P L,Dollar Total P L
[2025-09-27 10:36:11.805] LOG - 15:36:11.794Z [updateUserColumnPhaseStatus] Header cells:
[2025-09-27 10:36:11.805] LOG - 15:36:11.795Z [updateUserColumnPhaseStatus] Found User column at index 2
[2025-09-27 10:36:11.805] LOG - 15:36:11.795Z [updateUserColumnPhaseStatus] Found User column at index 2
[2025-09-27 10:36:11.805] LOG - 15:36:11.795Z [updateUserColumnPhaseStatus] Getting table data...
[2025-09-27 10:36:11.805] LOG - 15:36:11.795Z [updateUserColumnPhaseStatus] Getting table data...
[2025-09-27 10:36:11.806] LOG - 15:36:11.795Z [analyzePhase] resetting phaseData
[2025-09-27 10:36:11.806] LOG - 15:36:11.795Z [analyzePhase] resetting phaseData
[2025-09-27 10:36:11.806] LOG - 15:36:11.795Z [analyzePhase] set phase 1 maxActive to 1
[2025-09-27 10:36:11.806] LOG - 15:36:11.795Z [analyzePhase] set phase 1 maxActive to 1
[2025-09-27 10:36:11.806] LOG - 15:36:11.795Z [analyzePhase] increased phase 2 maxActive to 1
[2025-09-27 10:36:11.806] LOG - 15:36:11.795Z [analyzePhase] increased phase 2 maxActive to 1
[2025-09-27 10:36:11.806] LOG - 15:36:11.795Z [updateUserColumnPhaseStatus] Table data: 0 rows
[2025-09-27 10:36:11.807] LOG - 15:36:11.795Z [updateUserColumnPhaseStatus] Table data: 0 rows
[2025-09-27 10:36:11.807] ERROR - 15:36:11.795Z [updateUserColumnPhaseStatus] No data from getTableData()
[2025-09-27 10:36:11.807] ERROR - 15:36:11.795Z [updateUserColumnPhaseStatus] No data from getTableData()
[2025-09-27 10:36:11.817] warning - The AudioContext was not allowed to start. It must be resumed (or created) after a user gesture on the page. https://developer.chrome.com/blog/autoplay/#web_audio
[2025-09-27 10:36:11.817] LOG - 15:36:11.805Z Auto Risk Management: Initial risk assessment completed
[2025-09-27 10:36:11.817] LOG - 15:36:11.805Z Auto Risk Management: Initial risk assessment completed
[2025-09-27 10:36:12.810] LOG - 15:36:12.807Z [analyzePhase] resetting phaseData
[2025-09-27 10:36:12.811] LOG - 15:36:12.807Z [analyzePhase] resetting phaseData
[2025-09-27 10:36:12.811] LOG - 15:36:12.807Z [analyzePhase] set phase 1 maxActive to 1
[2025-09-27 10:36:12.812] LOG - 15:36:12.807Z [analyzePhase] set phase 1 maxActive to 1
[2025-09-27 10:36:12.812] LOG - 15:36:12.807Z [analyzePhase] increased phase 2 maxActive to 1
[2025-09-27 10:36:12.812] LOG - 15:36:12.807Z [analyzePhase] increased phase 2 maxActive to 1
[2025-09-27 10:36:12.812] WARNING - 15:36:12.808Z Error in deferred func: TypeError: Cannot read properties of undefined (reading 'querySelector'), function(){d(a),f(function(){d(null)},0);var e=i.apply(this,arguments);return d(null),e} TypeError: Cannot read properties of undefined (reading 'querySelector'),    at <anonymous>:377:98,    at i.__trace__ (https://cdn.tradovate.com/tradovate/scripts/4418.49f1ab77.js:2:4613725),    at https://cdn.tradovate.com/tradovate/scripts/4418.49f1ab77.js:2:3547494
[2025-09-27 10:36:12.812] WARNING - 15:36:12.808Z Error in deferred func: TypeError: Cannot read properties of undefined (reading 'querySelector'), function(){d(a),f(function(){d(null)},0);var e=i.apply(this,arguments);return d(null),e}
[2025-09-27 10:36:12.822] LOG - 15:36:12.821Z Executing initial risk management assessment...
[2025-09-27 10:36:12.824] LOG - 15:36:12.821Z Executing initial risk management assessment...
[2025-09-27 10:36:12.824] ERROR - 15:36:12.821Z getTableData function not found
[2025-09-27 10:36:12.825] ERROR - 15:36:12.821Z getTableData function not found
[2025-09-27 10:36:12.825] ERROR - 15:36:12.821Z updateUserColumnPhaseStatus function not found
[2025-09-27 10:36:12.825] ERROR - 15:36:12.821Z updateUserColumnPhaseStatus function not found
[2025-09-27 10:36:12.825] ERROR - 15:36:12.821Z performAccountActions function not found
[2025-09-27 10:36:12.825] ERROR - 15:36:12.821Z performAccountActions function not found
[2025-09-27 10:36:12.825] LOG - 15:36:12.822Z Risk management assessment completed
[2025-09-27 10:36:12.826] LOG - 15:36:12.822Z Risk management assessment completed
