[2025-09-27 10:36:00.127] LOG - 15:36:00.125Z Starting login process for: stonkz92224@gmail.com
[2025-09-27 10:36:00.128] LOG - 15:36:00.125Z Starting login process for: stonkz92224@gmail.com
[2025-09-27 10:36:00.129] LOG - 15:36:00.126Z Auto login function executing for: stonkz92224@gmail.com
[2025-09-27 10:36:00.130] LOG - 15:36:00.126Z Auto login function executing for: stonkz92224@gmail.com
[2025-09-27 10:36:00.131] LOG - 15:36:00.126Z Login form found, filling credentials...
[2025-09-27 10:36:00.132] LOG - 15:36:00.126Z Login form found, filling credentials...
[2025-09-27 10:36:00.339] LOG - 15:36:00.175Z Test element added to DOM
[2025-09-27 10:36:00.340] LOG - 15:36:00.175Z Test element added to DOM
[2025-09-27 10:36:00.349] LOG - 15:36:00.342Z All browser alerts and confirmations have been disabled
[2025-09-27 10:36:00.350] LOG - 15:36:00.342Z All browser alerts and confirmations have been disabled
[2025-09-27 10:36:00.643] LOG - 15:36:00.641Z Clicking login button...
[2025-09-27 10:36:00.644] LOG - 15:36:00.641Z Clicking login button...
[2025-09-27 10:36:00.656] LOG - 15:36:00.650Z authentication starting
[2025-09-27 10:36:00.657] LOG - 15:36:00.650Z authentication starting
[2025-09-27 10:36:01.111] warning - The AudioContext was not allowed to start. It must be resumed (or created) after a user gesture on the page. https://developer.chrome.com/blog/autoplay/#web_audio
[2025-09-27 10:36:01.113] LOG - 15:36:01.089Z Watching for account selection page...
[2025-09-27 10:36:01.113] LOG - 15:36:01.089Z Watching for account selection page...
[2025-09-27 10:36:01.391] LOG - 15:36:01.389Z Access token will be renewed in 75 minutes; expired: Sat Sep 27 2025 11:56:01 GMT-0500 (Central Daylight Time), now: Sat Sep 27 2025 10:36:01 GMT-0500 (Central Daylight Time)
[2025-09-27 10:36:01.391] LOG - 15:36:01.389Z Access token will be renewed in 75 minutes; expired: Sat Sep 27 2025 11:56:01 GMT-0500 (Central Daylight Time), now: Sat Sep 27 2025 10:36:01 GMT-0500 (Central Daylight Time)
[2025-09-27 10:36:01.834] INFO - 15:36:01.832Z [LaunchDarkly] Closing stream connection
[2025-09-27 10:36:01.838] INFO - 15:36:01.832Z [LaunchDarkly] Closing stream connection
[2025-09-27 10:36:01.840] INFO - 15:36:01.832Z [LaunchDarkly] Opening stream connection to https://clientstream.launchdarkly.com/eval/66cdf5b9cf61891061b4e437/eyJraW5kIjoidXNlciIsImtleSI6IjM2NTUwNTkiLCJkZXZpY2UiOiJkZXNrdG9wIiwidXNlcklkIjozNjU1MDU5LCJpcENvdW50cnkiOiJVUyIsIm9yZ05hbWUiOiJURFYiLCJuYW1lIjoiU3Rvbmt6OTIyMjQiLCJsYW5kaW5nUGFyYW1zIjoiIn0
[2025-09-27 10:36:01.841] INFO - 15:36:01.832Z [LaunchDarkly] Opening stream connection to https://clientstream.launchdarkly.com/eval/66cdf5b9cf61891061b4e437/eyJraW5kIjoidXNlciIsImtleSI6IjM2NTUwNTkiLCJkZXZpY2UiOiJkZXNrdG9wIiwidXNlcklkIjozNjU1MDU5LCJpcENvdW50cnkiOiJVUyIsIm9yZ05hbWUiOiJURFYiLCJuYW1lIjoiU3Rvbmt6OTIyMjQiLCJsYW5kaW5nUGFyYW1zIjoiIn0
[2025-09-27 10:36:01.841] INFO - 15:36:01.832Z [LaunchDarkly] Closing stream connection
[2025-09-27 10:36:01.841] INFO - 15:36:01.832Z [LaunchDarkly] Closing stream connection
[2025-09-27 10:36:01.842] INFO - 15:36:01.832Z [LaunchDarkly] Opening stream connection to https://clientstream.launchdarkly.com/eval/66cdf5b9cf61891061b4e437/eyJraW5kIjoidXNlciIsImtleSI6IjM2NTUwNTkiLCJkZXZpY2UiOiJkZXNrdG9wIiwidXNlcklkIjozNjU1MDU5LCJpcENvdW50cnkiOiJVUyIsIm9yZ05hbWUiOiJURFYiLCJuYW1lIjoiU3Rvbmt6OTIyMjQiLCJsYW5kaW5nUGFyYW1zIjoiIn0
[2025-09-27 10:36:01.842] INFO - 15:36:01.832Z [LaunchDarkly] Opening stream connection to https://clientstream.launchdarkly.com/eval/66cdf5b9cf61891061b4e437/eyJraW5kIjoidXNlciIsImtleSI6IjM2NTUwNTkiLCJkZXZpY2UiOiJkZXNrdG9wIiwidXNlcklkIjozNjU1MDU5LCJpcENvdW50cnkiOiJVUyIsIm9yZ05hbWUiOiJURFYiLCJuYW1lIjoiU3Rvbmt6OTIyMjQiLCJsYW5kaW5nUGFyYW1zIjoiIn0
[2025-09-27 10:36:01.864] INFO - 15:36:01.861Z [LaunchDarkly] Closing stream connection
[2025-09-27 10:36:01.865] INFO - 15:36:01.861Z [LaunchDarkly] Closing stream connection
[2025-09-27 10:36:01.866] INFO - 15:36:01.862Z [LaunchDarkly] Opening stream connection to https://clientstream.launchdarkly.com/eval/66cdf5b9cf61891061b4e437/eyJraW5kIjoidXNlciIsImtleSI6IjM2NTUwNTkiLCJkZXZpY2UiOiJkZXNrdG9wIiwidXNlcklkIjozNjU1MDU5LCJpcENvdW50cnkiOiJVUyIsIm9yZ05hbWUiOiJURFYiLCJuYW1lIjoiU3Rvbmt6OTIyMjQiLCJsYW5kaW5nUGFyYW1zIjoiIn0
[2025-09-27 10:36:01.868] INFO - 15:36:01.862Z [LaunchDarkly] Opening stream connection to https://clientstream.launchdarkly.com/eval/66cdf5b9cf61891061b4e437/eyJraW5kIjoidXNlciIsImtleSI6IjM2NTUwNTkiLCJkZXZpY2UiOiJkZXNrdG9wIiwidXNlcklkIjozNjU1MDU5LCJpcENvdW50cnkiOiJVUyIsIm9yZ05hbWUiOiJURFYiLCJuYW1lIjoiU3Rvbmt6OTIyMjQiLCJsYW5kaW5nUGFyYW1zIjoiIn0
[2025-09-27 10:36:03.101] LOG - 15:36:03.100Z Account selection page detected, clicking button...
[2025-09-27 10:36:03.101] LOG - 15:36:03.100Z Account selection page detected, clicking button...
[2025-09-27 10:36:03.237] LOG - 15:36:03.211Z Access token will be renewed in 75 minutes; expired: Sat Sep 27 2025 11:56:01 GMT-0500 (Central Daylight Time), now: Sat Sep 27 2025 10:36:03 GMT-0500 (Central Daylight Time)
[2025-09-27 10:36:03.237] LOG - 15:36:03.211Z Access token will be renewed in 75 minutes; expired: Sat Sep 27 2025 11:56:01 GMT-0500 (Central Daylight Time), now: Sat Sep 27 2025 10:36:03 GMT-0500 (Central Daylight Time)
[2025-09-27 10:36:03.312] error - Refused to connect to 'https://bat.bing.com/actionp/0?ti=26330043&Ver=2&mid=9b4d2c43-f426-4965-b2df-0981f9e4296a&bo=2&sid=a82ace0097af11f0b51d4179c6f235dd&vid=99c3288092fe11f0bc7275adc39e6add&vids=0&msclkid=N&evt=pageHide' because it violates the following Content Security Policy directive: "connect-src wss://*.tradovate.com https://*.tradovate.com https://*.ntinnolab.com https://*.devel.ninjatrader.dev https://*.staging.ninjatrader.dev https://*.uat.ninjatrader.dev wss://*.ntinnolab.com wss://*.devel.ninjatrader.dev wss://*.staging.ninjatrader.dev wss://*.uat.ninjatrader.dev wss://*.tradovateapi.com https://*.tradovateapi.com https://*.ninjatrader.com https://cdn.walkme.com https://ec.walkme.com https://sessions.bugsnag.com https://notify.bugsnag.com https://*.plaid.com https://*.yodlee.com https://tradovate.zendesk.com https://rollout.ada.support https://static.ada.support https://ninjatrader.ada.support https://tradovate.ada.support https://ninjatrader-eap.ada.support/ https://demo-ninjatrader-gr.ada.support/ https://tradovate-gen.ada.support/ https://api.stripe.com https://apiproxy.ninjatrader.com https://apiproxy-d.ninjatrader.com https://us-autocomplete-pro.api.smartystreets.com https://international-autocomplete.api.smarty.com https://maps.googleapis.com https://accounts.google.com/ https://www.google.com https://www.googletagmanager.com/ https://*.browser-intake-datadoghq.com https://scripts.neuro-id.com https://receiver.neuroid.cloud https://logs.neuro-id.com https://firebaseinstallations.googleapis.com/ https://firebaseremoteconfig.googleapis.com/ https://logx.optimizely.com https://*.optimizely.com wss://mpsnare.iesnare.com wss://ci-mpsnare.iovation.com https://*.iovation.com/ https://*.reddit.com  https://www.redditstatic.com https://*.taboola.com https://*.launchdarkly.com https://*.alloy.co https://*.maze.co https://www.google-analytics.com https://analytics.google.com https://www.googletagmanager.com/ https://api.hubapi.com https://forms.hubspot.com https://stats.g.doubleclick.net https://alb.reddit.com https://analytics.twitter.com https://heapanalytics.com https://*.auryc.com https://*.contentsquare.net https://siteintercept.qualtrics.com https://api.userway.org/".

[2025-09-27 10:36:03.317] INFO - 15:36:03.307Z visibilitychange: hidden, gd: 1000
[2025-09-27 10:36:03.320] INFO - 15:36:03.307Z visibilitychange: hidden, gd: 1000
[2025-09-27 10:36:03.321] WARNING - 15:36:03.308Z [LaunchDarkly] Error on stream connection: {"isTrusted":true}, will continue retrying after 671 milliseconds.
[2025-09-27 10:36:03.321] WARNING - 15:36:03.308Z [LaunchDarkly] Error on stream connection: {"isTrusted":true}, will continue retrying after 671 milliseconds.
[2025-09-27 10:36:03.322] INFO - 15:36:03.309Z [LaunchDarkly] Closing stream connection
[2025-09-27 10:36:03.322] INFO - 15:36:03.309Z [LaunchDarkly] Closing stream connection
[2025-09-27 10:36:03.844] WARNING - Duplicate atom key "locale". This is a FATAL ERROR in
      production. But it is safe to ignore this warning if it occurred because of
      hot module replacement.
[2025-09-27 10:36:03.846] WARNING - Duplicate atom key "locale". This is a FATAL ERROR in
      production. But it is safe to ignore this warning if it occurred because of
      hot module replacement.
[2025-09-27 10:36:03.847] WARNING - Duplicate atom key "muiTheme". This is a FATAL ERROR in
      production. But it is safe to ignore this warning if it occurred because of
      hot module replacement.
[2025-09-27 10:36:03.848] WARNING - Duplicate atom key "muiTheme". This is a FATAL ERROR in
      production. But it is safe to ignore this warning if it occurred because of
      hot module replacement.
[2025-09-27 10:36:03.850] WARNING - Duplicate atom key "appLinksFooter". This is a FATAL ERROR in
      production. But it is safe to ignore this warning if it occurred because of
      hot module replacement.
[2025-09-27 10:36:03.851] WARNING - Duplicate atom key "appLinksFooter". This is a FATAL ERROR in
      production. But it is safe to ignore this warning if it occurred because of
      hot module replacement.
[2025-09-27 10:36:03.853] WARNING - Duplicate atom key "currentUserId2". This is a FATAL ERROR in
      production. But it is safe to ignore this warning if it occurred because of
      hot module replacement.
[2025-09-27 10:36:03.855] WARNING - Duplicate atom key "currentUserId2". This is a FATAL ERROR in
      production. But it is safe to ignore this warning if it occurred because of
      hot module replacement.
[2025-09-27 10:36:03.856] WARNING - Duplicate atom key "onboardingInProgress". This is a FATAL ERROR in
      production. But it is safe to ignore this warning if it occurred because of
      hot module replacement.
[2025-09-27 10:36:03.856] WARNING - Duplicate atom key "onboardingInProgress". This is a FATAL ERROR in
      production. But it is safe to ignore this warning if it occurred because of
      hot module replacement.
[2025-09-27 10:36:03.858] WARNING - Duplicate atom key "editing". This is a FATAL ERROR in
      production. But it is safe to ignore this warning if it occurred because of
      hot module replacement.
[2025-09-27 10:36:03.859] WARNING - Duplicate atom key "editing". This is a FATAL ERROR in
      production. But it is safe to ignore this warning if it occurred because of
      hot module replacement.
[2025-09-27 10:36:03.860] WARNING - Duplicate atom key "infoMessage". This is a FATAL ERROR in
      production. But it is safe to ignore this warning if it occurred because of
      hot module replacement.
[2025-09-27 10:36:03.861] WARNING - Duplicate atom key "infoMessage". This is a FATAL ERROR in
      production. But it is safe to ignore this warning if it occurred because of
      hot module replacement.
[2025-09-27 10:36:03.863] WARNING - Duplicate atom key "browserWarning". This is a FATAL ERROR in
      production. But it is safe to ignore this warning if it occurred because of
      hot module replacement.
[2025-09-27 10:36:03.864] WARNING - Duplicate atom key "browserWarning". This is a FATAL ERROR in
      production. But it is safe to ignore this warning if it occurred because of
      hot module replacement.
[2025-09-27 10:36:03.865] WARNING - Duplicate atom key "clockWarning". This is a FATAL ERROR in
      production. But it is safe to ignore this warning if it occurred because of
      hot module replacement.
[2025-09-27 10:36:03.866] WARNING - Duplicate atom key "clockWarning". This is a FATAL ERROR in
      production. But it is safe to ignore this warning if it occurred because of
      hot module replacement.
[2025-09-27 10:36:03.867] WARNING - Duplicate atom key "breakpoint". This is a FATAL ERROR in
      production. But it is safe to ignore this warning if it occurred because of
      hot module replacement.
[2025-09-27 10:36:03.868] WARNING - Duplicate atom key "breakpoint". This is a FATAL ERROR in
      production. But it is safe to ignore this warning if it occurred because of
      hot module replacement.
[2025-09-27 10:36:03.870] WARNING - Duplicate atom key "inMobileRange". This is a FATAL ERROR in
      production. But it is safe to ignore this warning if it occurred because of
      hot module replacement.
[2025-09-27 10:36:03.871] WARNING - Duplicate atom key "inMobileRange". This is a FATAL ERROR in
      production. But it is safe to ignore this warning if it occurred because of
      hot module replacement.
[2025-09-27 10:36:03.872] WARNING - Duplicate atom key "gridSpacing". This is a FATAL ERROR in
      production. But it is safe to ignore this warning if it occurred because of
      hot module replacement.
[2025-09-27 10:36:03.873] WARNING - Duplicate atom key "gridSpacing". This is a FATAL ERROR in
      production. But it is safe to ignore this warning if it occurred because of
      hot module replacement.
[2025-09-27 10:36:03.874] WARNING - Duplicate atom key "login". This is a FATAL ERROR in
      production. But it is safe to ignore this warning if it occurred because of
      hot module replacement.
[2025-09-27 10:36:03.874] WARNING - Duplicate atom key "login". This is a FATAL ERROR in
      production. But it is safe to ignore this warning if it occurred because of
      hot module replacement.
[2025-09-27 10:36:03.874] WARNING - Duplicate atom key "error". This is a FATAL ERROR in
      production. But it is safe to ignore this warning if it occurred because of
      hot module replacement.
[2025-09-27 10:36:03.875] WARNING - Duplicate atom key "error". This is a FATAL ERROR in
      production. But it is safe to ignore this warning if it occurred because of
      hot module replacement.
[2025-09-27 10:36:03.875] WARNING - Duplicate atom key "contactInfos2". This is a FATAL ERROR in
      production. But it is safe to ignore this warning if it occurred because of
      hot module replacement.
[2025-09-27 10:36:03.875] WARNING - Duplicate atom key "contactInfos2". This is a FATAL ERROR in
      production. But it is safe to ignore this warning if it occurred because of
      hot module replacement.
[2025-09-27 10:36:03.875] WARNING - Duplicate atom key "individualApplicantsTimestamp". This is a FATAL ERROR in
      production. But it is safe to ignore this warning if it occurred because of
      hot module replacement.
[2025-09-27 10:36:03.875] WARNING - Duplicate atom key "individualApplicantsTimestamp". This is a FATAL ERROR in
      production. But it is safe to ignore this warning if it occurred because of
      hot module replacement.
[2025-09-27 10:36:03.876] WARNING - Duplicate atom key "customerApplication". This is a FATAL ERROR in
      production. But it is safe to ignore this warning if it occurred because of
      hot module replacement.
[2025-09-27 10:36:03.876] WARNING - Duplicate atom key "customerApplication". This is a FATAL ERROR in
      production. But it is safe to ignore this warning if it occurred because of
      hot module replacement.
[2025-09-27 10:36:03.876] WARNING - Duplicate atom key "individualApplicants". This is a FATAL ERROR in
      production. But it is safe to ignore this warning if it occurred because of
      hot module replacement.
[2025-09-27 10:36:03.876] WARNING - Duplicate atom key "individualApplicants". This is a FATAL ERROR in
      production. But it is safe to ignore this warning if it occurred because of
      hot module replacement.
[2025-09-27 10:36:03.876] WARNING - Duplicate atom key "clearingHouses". This is a FATAL ERROR in
      production. But it is safe to ignore this warning if it occurred because of
      hot module replacement.
[2025-09-27 10:36:03.876] WARNING - Duplicate atom key "clearingHouses". This is a FATAL ERROR in
      production. But it is safe to ignore this warning if it occurred because of
      hot module replacement.
[2025-09-27 10:36:03.876] WARNING - Duplicate atom key "clearXClearingHouse". This is a FATAL ERROR in
      production. But it is safe to ignore this warning if it occurred because of
      hot module replacement.
[2025-09-27 10:36:03.876] WARNING - Duplicate atom key "clearXClearingHouse". This is a FATAL ERROR in
      production. But it is safe to ignore this warning if it occurred because of
      hot module replacement.
[2025-09-27 10:36:03.877] WARNING - Duplicate atom key "applicationClearingHouse". This is a FATAL ERROR in
      production. But it is safe to ignore this warning if it occurred because of
      hot module replacement.
[2025-09-27 10:36:03.877] WARNING - Duplicate atom key "applicationClearingHouse". This is a FATAL ERROR in
      production. But it is safe to ignore this warning if it occurred because of
      hot module replacement.
[2025-09-27 10:36:03.877] WARNING - Duplicate atom key "userLocation". This is a FATAL ERROR in
      production. But it is safe to ignore this warning if it occurred because of
      hot module replacement.
[2025-09-27 10:36:03.877] WARNING - Duplicate atom key "userLocation". This is a FATAL ERROR in
      production. But it is safe to ignore this warning if it occurred because of
      hot module replacement.
[2025-09-27 10:36:03.877] WARNING - Duplicate atom key "savedApplicationsTimestamp". This is a FATAL ERROR in
      production. But it is safe to ignore this warning if it occurred because of
      hot module replacement.
[2025-09-27 10:36:03.885] WARNING - Duplicate atom key "savedApplicationsTimestamp". This is a FATAL ERROR in
      production. But it is safe to ignore this warning if it occurred because of
      hot module replacement.
[2025-09-27 10:36:03.886] WARNING - Duplicate atom key "savedApplications". This is a FATAL ERROR in
      production. But it is safe to ignore this warning if it occurred because of
      hot module replacement.
[2025-09-27 10:36:03.886] WARNING - Duplicate atom key "savedApplications". This is a FATAL ERROR in
      production. But it is safe to ignore this warning if it occurred because of
      hot module replacement.
[2025-09-27 10:36:03.886] WARNING - Duplicate atom key "step". This is a FATAL ERROR in
      production. But it is safe to ignore this warning if it occurred because of
      hot module replacement.
[2025-09-27 10:36:03.887] WARNING - Duplicate atom key "step". This is a FATAL ERROR in
      production. But it is safe to ignore this warning if it occurred because of
      hot module replacement.
[2025-09-27 10:36:03.889] WARNING - Duplicate atom key "checkStates". This is a FATAL ERROR in
      production. But it is safe to ignore this warning if it occurred because of
      hot module replacement.
[2025-09-27 10:36:03.891] WARNING - Duplicate atom key "checkStates". This is a FATAL ERROR in
      production. But it is safe to ignore this warning if it occurred because of
      hot module replacement.
[2025-09-27 10:36:03.892] WARNING - Duplicate atom key "signStates". This is a FATAL ERROR in
      production. But it is safe to ignore this warning if it occurred because of
      hot module replacement.
[2025-09-27 10:36:03.893] WARNING - Duplicate atom key "signStates". This is a FATAL ERROR in
      production. But it is safe to ignore this warning if it occurred because of
      hot module replacement.
[2025-09-27 10:36:03.893] WARNING - Duplicate atom key "wizard". This is a FATAL ERROR in
      production. But it is safe to ignore this warning if it occurred because of
      hot module replacement.
[2025-09-27 10:36:03.894] WARNING - Duplicate atom key "wizard". This is a FATAL ERROR in
      production. But it is safe to ignore this warning if it occurred because of
      hot module replacement.
[2025-09-27 10:36:03.894] WARNING - Duplicate atom key "formBuilder". This is a FATAL ERROR in
      production. But it is safe to ignore this warning if it occurred because of
      hot module replacement.
[2025-09-27 10:36:03.895] WARNING - Duplicate atom key "formBuilder". This is a FATAL ERROR in
      production. But it is safe to ignore this warning if it occurred because of
      hot module replacement.
[2025-09-27 10:36:03.895] WARNING - Duplicate atom key "headerSlot". This is a FATAL ERROR in
      production. But it is safe to ignore this warning if it occurred because of
      hot module replacement.
[2025-09-27 10:36:03.895] WARNING - Duplicate atom key "headerSlot". This is a FATAL ERROR in
      production. But it is safe to ignore this warning if it occurred because of
      hot module replacement.
[2025-09-27 10:36:03.895] WARNING - Duplicate atom key "footerSlot". This is a FATAL ERROR in
      production. But it is safe to ignore this warning if it occurred because of
      hot module replacement.
[2025-09-27 10:36:03.896] WARNING - Duplicate atom key "footerSlot". This is a FATAL ERROR in
      production. But it is safe to ignore this warning if it occurred because of
      hot module replacement.
[2025-09-27 10:36:03.896] WARNING - Duplicate atom key "alloyJourneyToken". This is a FATAL ERROR in
      production. But it is safe to ignore this warning if it occurred because of
      hot module replacement.
[2025-09-27 10:36:03.896] WARNING - Duplicate atom key "alloyJourneyToken". This is a FATAL ERROR in
      production. But it is safe to ignore this warning if it occurred because of
      hot module replacement.
[2025-09-27 10:36:03.896] DEBUG - [bugsnag] Loaded!
[2025-09-27 10:36:03.896] DEBUG - [bugsnag] Loaded!
[2025-09-27 10:36:03.897] INFO - Version 3.250926.0 prod production 
[2025-09-27 10:36:03.897] INFO - Version 3.250926.0 prod production 
[2025-09-27 10:36:03.897] INFO - Time: Sat Sep 27 2025 10:36:03 GMT-0500 (Central Daylight Time)
[2025-09-27 10:36:03.897] INFO - Time:
[2025-09-27 10:36:03.998] LOG - 15:36:03.995Z Try to restore session
[2025-09-27 10:36:03.999] LOG - 15:36:03.995Z Try to restore session
[2025-09-27 10:36:04.000] LOG - 15:36:03.997Z Access token will be renewed in 75 minutes; expired: Sat Sep 27 2025 11:56:01 GMT-0500 (Central Daylight Time), now: Sat Sep 27 2025 10:36:03 GMT-0500 (Central Daylight Time)
[2025-09-27 10:36:04.000] LOG - 15:36:03.997Z Access token will be renewed in 75 minutes; expired: Sat Sep 27 2025 11:56:01 GMT-0500 (Central Daylight Time), now: Sat Sep 27 2025 10:36:03 GMT-0500 (Central Daylight Time)
[2025-09-27 10:36:04.006] WARNING - 15:36:04.004Z [LaunchDarkly] The waitForInitialization function was called without a timeout specified. In a future version a default timeout will be applied.
[2025-09-27 10:36:04.006] WARNING - 15:36:04.004Z [LaunchDarkly] The waitForInitialization function was called without a timeout specified. In a future version a default timeout will be applied.
[2025-09-27 10:36:04.015] INFO - 15:36:04.013Z chart cache state: islands=5, bars=1196
[2025-09-27 10:36:04.015] INFO - 15:36:04.013Z chart cache state: islands=5, bars=1196
[2025-09-27 10:36:04.015] INFO - 15:36:04.013Z Chart history database initialized
[2025-09-27 10:36:04.015] INFO - 15:36:04.013Z Chart history database initialized
[2025-09-27 10:36:04.021] INFO - 15:36:04.020Z [LaunchDarkly] LaunchDarkly client initialized
[2025-09-27 10:36:04.022] INFO - 15:36:04.020Z [LaunchDarkly] LaunchDarkly client initialized
[2025-09-27 10:36:04.023] INFO - 15:36:04.020Z [LaunchDarkly] Opening stream connection to https://clientstream.launchdarkly.com/eval/66cdf5b9cf61891061b4e437/eyJraW5kIjoidXNlciIsImtleSI6InVua25vd24iLCJhbm9ueW1vdXMiOmZhbHNlfQ
[2025-09-27 10:36:04.023] INFO - 15:36:04.020Z [LaunchDarkly] Opening stream connection to https://clientstream.launchdarkly.com/eval/66cdf5b9cf61891061b4e437/eyJraW5kIjoidXNlciIsImtleSI6InVua25vd24iLCJhbm9ueW1vdXMiOmZhbHNlfQ
[2025-09-27 10:36:04.565] INFO - 15:36:04.564Z [LaunchDarkly] Closing stream connection
[2025-09-27 10:36:04.566] INFO - 15:36:04.564Z [LaunchDarkly] Closing stream connection
[2025-09-27 10:36:04.567] INFO - 15:36:04.565Z [LaunchDarkly] Opening stream connection to https://clientstream.launchdarkly.com/eval/66cdf5b9cf61891061b4e437/eyJraW5kIjoidXNlciIsImtleSI6IjM2NTUwNTkiLCJkZXZpY2UiOiJkZXNrdG9wIiwidXNlcklkIjozNjU1MDU5LCJpcENvdW50cnkiOiIiLCJvcmdOYW1lIjoiVERWIiwibmFtZSI6IlN0b25rejkyMjI0IiwibGFuZGluZ1BhcmFtcyI6IiJ9
[2025-09-27 10:36:04.567] INFO - 15:36:04.565Z [LaunchDarkly] Opening stream connection to https://clientstream.launchdarkly.com/eval/66cdf5b9cf61891061b4e437/eyJraW5kIjoidXNlciIsImtleSI6IjM2NTUwNTkiLCJkZXZpY2UiOiJkZXNrdG9wIiwidXNlcklkIjozNjU1MDU5LCJpcENvdW50cnkiOiIiLCJvcmdOYW1lIjoiVERWIiwibmFtZSI6IlN0b25rejkyMjI0IiwibGFuZGluZ1BhcmFtcyI6IiJ9
[2025-09-27 10:36:04.659] INFO - 15:36:04.658Z [LaunchDarkly] Closing stream connection
[2025-09-27 10:36:04.660] INFO - 15:36:04.658Z [LaunchDarkly] Closing stream connection
[2025-09-27 10:36:04.661] INFO - 15:36:04.658Z [LaunchDarkly] Opening stream connection to https://clientstream.launchdarkly.com/eval/66cdf5b9cf61891061b4e437/eyJraW5kIjoidXNlciIsImtleSI6IjM2NTUwNTkiLCJkZXZpY2UiOiJkZXNrdG9wIiwidXNlcklkIjozNjU1MDU5LCJpcENvdW50cnkiOiJVUyIsIm9yZ05hbWUiOiJURFYiLCJuYW1lIjoiU3Rvbmt6OTIyMjQiLCJsYW5kaW5nUGFyYW1zIjoiIn0
[2025-09-27 10:36:04.661] INFO - 15:36:04.658Z [LaunchDarkly] Opening stream connection to https://clientstream.launchdarkly.com/eval/66cdf5b9cf61891061b4e437/eyJraW5kIjoidXNlciIsImtleSI6IjM2NTUwNTkiLCJkZXZpY2UiOiJkZXNrdG9wIiwidXNlcklkIjozNjU1MDU5LCJpcENvdW50cnkiOiJVUyIsIm9yZ05hbWUiOiJURFYiLCJuYW1lIjoiU3Rvbmt6OTIyMjQiLCJsYW5kaW5nUGFyYW1zIjoiIn0
[2025-09-27 10:36:05.510] LOG - 15:36:05.505Z opening https://demo.tradovateapi.com/
[2025-09-27 10:36:05.510] LOG - 15:36:05.505Z opening https://demo.tradovateapi.com/
[2025-09-27 10:36:05.515] LOG - 15:36:05.514Z Hotkeys initialized {"Shift+Digit1":["orders/selectColumns"],"Shift+Digit2":["orders/showFilters"],"Shift+Digit3":["orders/standardTableView"],"Shift+Digit4":["orders/linkedOrdersView"],"Command+Shift+Digit0":["dom-chart/exit-and-cancel"]}
[2025-09-27 10:36:05.516] LOG - 15:36:05.514Z Hotkeys initialized {"Shift+Digit1":["orders/selectColumns"],"Shift+Digit2":["orders/showFilters"],"Shift+Digit3":["orders/standardTableView"],"Shift+Digit4":["orders/linkedOrdersView"],"Command+Shift+Digit0":["dom-chart/exit-and-cancel"]}
[2025-09-27 10:36:05.586] LOG - 15:36:05.584Z websocket opened
[2025-09-27 10:36:05.586] LOG - 15:36:05.584Z websocket opened
[2025-09-27 10:36:05.714] LOG - 15:36:05.668Z opening https://md-demo.tradovateapi.com/
[2025-09-27 10:36:05.714] LOG - 15:36:05.668Z opening https://md-demo.tradovateapi.com/
[2025-09-27 10:36:05.715] LOG - 15:36:05.669Z Connection:  open
[2025-09-27 10:36:05.715] LOG - 15:36:05.669Z Connection:  open
[2025-09-27 10:36:05.781] LOG - 15:36:05.733Z WebGL:  {"isWebGL2":true,"precision":"highp","logarithmicDepthBuffer":false,"maxTextures":16,"maxVertexTextures":16,"maxTextureSize":16384,"maxCubemapSize":16384,"maxAttributes":16,"maxVertexUniforms":1024,"maxVaryings":30,"maxFragmentUniforms":1024,"vertexTextures":true,"floatFragmentTextures":true,"floatVertexTextures":true,"maxSamples":8} , devicePixelRatio:  2
[2025-09-27 10:36:05.789] LOG - 15:36:05.733Z Canvas size: 1119 991 dpp:  2
[2025-09-27 10:36:05.835] LOG - 15:36:05.750Z Loading App-level Plugins
[2025-09-27 10:36:05.835] LOG - 15:36:05.750Z Loading App-level Plugins
[2025-09-27 10:36:05.836] LOG - 15:36:05.758Z WebGL:  {"isWebGL2":true,"precision":"highp","logarithmicDepthBuffer":false,"maxTextures":16,"maxVertexTextures":16,"maxTextureSize":16384,"maxCubemapSize":16384,"maxAttributes":16,"maxVertexUniforms":1024,"maxVaryings":30,"maxFragmentUniforms":1024,"vertexTextures":true,"floatFragmentTextures":true,"floatVertexTextures":true,"maxSamples":8} , devicePixelRatio:  2
[2025-09-27 10:36:05.837] LOG - 15:36:05.758Z Canvas size: 1119 991 dpp:  2
[2025-09-27 10:36:05.862] LOG - 15:36:05.828Z websocket opened
[2025-09-27 10:36:05.863] LOG - 15:36:05.828Z websocket opened
[2025-09-27 10:36:05.965] LOG - 15:36:05.914Z sync to remote accountGroups
[2025-09-27 10:36:05.968] LOG - 15:36:05.914Z sync to remote accountGroups
[2025-09-27 10:36:05.968] LOG - 15:36:05.931Z sync to remote defaultModules
[2025-09-27 10:36:05.969] LOG - 15:36:05.931Z sync to remote defaultModules
[2025-09-27 10:36:05.970] LOG - 15:36:05.932Z loadAppLevelPlugins:  [object Object]
[2025-09-27 10:36:05.972] LOG - 15:36:05.932Z loadAppLevelPlugins: 
[2025-09-27 10:36:07.010] LOG - 15:36:07.009Z jailing is in progress
[2025-09-27 10:36:07.022] LOG - 15:36:07.009Z jailing is in progress
[2025-09-27 10:36:07.126] LOG - 15:36:07.076Z created chart 1
[2025-09-27 10:36:07.414] LOG - 15:36:07.412Z requestChart: {"symbol":"3267312","chartDescription":{"underlyingType":"Tick","elementSize":5000,"elementSizeUnit":"UnderlyingUnits","withHistogram":false},"timeRange":{"asMuchAsElements":300}}
[2025-09-27 10:36:07.416] LOG - 15:36:07.412Z requestChart: {"symbol":"3267312","chartDescription":{"underlyingType":"Tick","elementSize":5000,"elementSizeUnit":"UnderlyingUnits","withHistogram":false},"timeRange":{"asMuchAsElements":300}}
[2025-09-27 10:36:07.416] LOG - 15:36:07.412Z mdMgApi open
[2025-09-27 10:36:07.416] LOG - 15:36:07.412Z mdMgApi open
[2025-09-27 10:36:07.583] LOG - 15:36:07.559Z created chart 9
[2025-09-27 10:36:07.586] LOG - 15:36:07.585Z pending jailing done. next starts
[2025-09-27 10:36:07.586] LOG - 15:36:07.585Z pending jailing done. next starts
[2025-09-27 10:36:07.834] LOG - 15:36:07.833Z requestChart: {"symbol":"4086418","chartDescription":{"underlyingType":"MinuteBar","elementSize":15,"elementSizeUnit":"UnderlyingUnits","withHistogram":false},"timeRange":{"asMuchAsElements":300}}
[2025-09-27 10:36:07.835] LOG - 15:36:07.833Z requestChart: {"symbol":"4086418","chartDescription":{"underlyingType":"MinuteBar","elementSize":15,"elementSizeUnit":"UnderlyingUnits","withHistogram":false},"timeRange":{"asMuchAsElements":300}}
[2025-09-27 10:36:07.835] LOG - 15:36:07.833Z mdMgApi open
[2025-09-27 10:36:07.835] LOG - 15:36:07.833Z mdMgApi open
[2025-09-27 10:36:07.987] DEBUG - 15:36:07.986Z Slow prev calc
[2025-09-27 10:36:07.988] DEBUG - 15:36:07.986Z Slow prev calc
[2025-09-27 10:36:08.680] LOG - 15:36:08.679Z updating the shared isolation
[2025-09-27 10:36:08.681] LOG - 15:36:08.679Z updating the shared isolation
[2025-09-27 10:36:09.098] LOG - 15:36:09.096Z updating the shared isolation
[2025-09-27 10:36:09.098] LOG - 15:36:09.096Z updating the shared isolation
[2025-09-27 10:36:10.737] LOG - 15:36:10.735Z Auto Order script initialized - AUTOMATIC HOT RELOAD SUCCESS!
[2025-09-27 10:36:10.738] LOG - 15:36:10.735Z Auto Order script initialized - AUTOMATIC HOT RELOAD SUCCESS!
[2025-09-27 10:36:10.739] LOG - 15:36:10.736Z Creating UI for dashboard trading...
[2025-09-27 10:36:10.741] LOG - 15:36:10.736Z Creating UI for dashboard trading...
[2025-09-27 10:36:10.741] LOG - 15:36:10.736Z Creating UI (visible=false)
[2025-09-27 10:36:10.741] LOG - 15:36:10.736Z Creating UI (visible=false)
[2025-09-27 10:36:10.742] LOG - 15:36:10.736Z Stored values: TP=53, SL=15, Qty=30, Tick=0.25, Symbol=NQ
[2025-09-27 10:36:10.742] LOG - 15:36:10.736Z Stored values: TP=53, SL=15, Qty=30, Tick=0.25, Symbol=NQ
[2025-09-27 10:36:10.742] LOG - 15:36:10.737Z UI container added to DOM
[2025-09-27 10:36:10.742] LOG - 15:36:10.737Z UI container added to DOM
[2025-09-27 10:36:10.742] LOG - 15:36:10.737Z Setting up localStorage persistence
[2025-09-27 10:36:10.742] LOG - 15:36:10.737Z Setting up localStorage persistence
[2025-09-27 10:36:10.742] LOG - 15:36:10.737Z UI initialization complete
[2025-09-27 10:36:10.743] LOG - 15:36:10.737Z UI initialization complete
[2025-09-27 10:36:10.743] LOG - 15:36:10.737Z Creating example front-quarter symbol
[2025-09-27 10:36:10.743] LOG - 15:36:10.737Z Creating example front-quarter symbol
[2025-09-27 10:36:10.743] LOG - 15:36:10.737Z getQuarterlyCode called with date: 2025-09-27T15:36:10.737Z
[2025-09-27 10:36:10.743] LOG - 15:36:10.737Z getQuarterlyCode called with date: 2025-09-27T15:36:10.737Z
[2025-09-27 10:36:10.743] LOG - 15:36:10.737Z Current month index: 8
[2025-09-27 10:36:10.743] LOG - 15:36:10.737Z Current month index: 8
[2025-09-27 10:36:10.744] LOG - 15:36:10.737Z Starting calculation with year=2025, month=8
[2025-09-27 10:36:10.744] LOG - 15:36:10.737Z Starting calculation with year=2025, month=8
[2025-09-27 10:36:10.744] LOG - 15:36:10.737Z Calculated quarterly code: letter=Z, yearDigit=5
[2025-09-27 10:36:10.744] LOG - 15:36:10.737Z Calculated quarterly code: letter=Z, yearDigit=5
[2025-09-27 10:36:10.744] LOG - 15:36:10.737Z Example front-quarter symbol created: NQZ5
[2025-09-27 10:36:10.744] LOG - 15:36:10.737Z Example front-quarter symbol created: NQZ5
[2025-09-27 10:36:10.746] LOG - 15:36:10.745Z Auto Risk Management: Running initial risk assessment...
[2025-09-27 10:36:10.746] LOG - 15:36:10.745Z Auto Risk Management: Running initial risk assessment...
[2025-09-27 10:36:10.747] LOG - 15:36:10.746Z [analyzePhase] resetting phaseData
[2025-09-27 10:36:10.748] LOG - 15:36:10.746Z [analyzePhase] resetting phaseData
[2025-09-27 10:36:10.748] LOG - 15:36:10.746Z [analyzePhase] set phase 1 maxActive to 1
[2025-09-27 10:36:10.749] LOG - 15:36:10.746Z [analyzePhase] set phase 1 maxActive to 1
[2025-09-27 10:36:10.750] LOG - 15:36:10.746Z [analyzePhase] increased phase 2 maxActive to 1
[2025-09-27 10:36:10.751] LOG - 15:36:10.746Z [analyzePhase] increased phase 2 maxActive to 1
[2025-09-27 10:36:10.751] LOG - 15:36:10.747Z [updateUserColumnPhaseStatus] Starting...
[2025-09-27 10:36:10.752] LOG - 15:36:10.747Z [updateUserColumnPhaseStatus] Starting...
[2025-09-27 10:36:10.756] LOG - 15:36:10.747Z [updateUserColumnPhaseStatus] Found 4 rows
[2025-09-27 10:36:10.756] LOG - 15:36:10.747Z [updateUserColumnPhaseStatus] Found 4 rows
[2025-09-27 10:36:10.756] LOG - 15:36:10.747Z [updateUserColumnPhaseStatus] Header cells: Account ▲,Total Available Margin,User,Dist Drawdown Net Liq,Dollar Open P L,Dollar Total P L
[2025-09-27 10:36:10.757] LOG - 15:36:10.747Z [updateUserColumnPhaseStatus] Header cells:
[2025-09-27 10:36:10.757] LOG - 15:36:10.747Z [updateUserColumnPhaseStatus] Found User column at index 2
[2025-09-27 10:36:10.757] LOG - 15:36:10.747Z [updateUserColumnPhaseStatus] Found User column at index 2
[2025-09-27 10:36:10.757] LOG - 15:36:10.747Z [updateUserColumnPhaseStatus] Getting table data...
[2025-09-27 10:36:10.757] LOG - 15:36:10.747Z [updateUserColumnPhaseStatus] Getting table data...
[2025-09-27 10:36:10.757] LOG - 15:36:10.747Z [analyzePhase] resetting phaseData
[2025-09-27 10:36:10.757] LOG - 15:36:10.747Z [analyzePhase] resetting phaseData
[2025-09-27 10:36:10.757] LOG - 15:36:10.747Z [analyzePhase] set phase 1 maxActive to 1
[2025-09-27 10:36:10.758] LOG - 15:36:10.747Z [analyzePhase] set phase 1 maxActive to 1
[2025-09-27 10:36:10.758] LOG - 15:36:10.747Z [analyzePhase] increased phase 2 maxActive to 1
[2025-09-27 10:36:10.758] LOG - 15:36:10.747Z [analyzePhase] increased phase 2 maxActive to 1
[2025-09-27 10:36:10.758] LOG - 15:36:10.748Z [updateUserColumnPhaseStatus] Table data: 3 rows
[2025-09-27 10:36:10.758] LOG - 15:36:10.748Z [updateUserColumnPhaseStatus] Table data: 3 rows
[2025-09-27 10:36:10.758] LOG - 15:36:10.748Z [updateUserColumnPhaseStatus] First data row has 6 cells, we need index 2
[2025-09-27 10:36:10.758] LOG - 15:36:10.748Z [updateUserColumnPhaseStatus] First data row has 6 cells, we need index 2
[2025-09-27 10:36:10.758] LOG - 15:36:10.748Z [updateUserColumnPhaseStatus] Setting row 1 (DEMO3655059) phase=1, active=true
[2025-09-27 10:36:10.759] LOG - 15:36:10.748Z [updateUserColumnPhaseStatus] Setting row 1 (DEMO3655059) phase=1, active=true
[2025-09-27 10:36:10.759] LOG - 15:36:10.748Z [updateUserColumnPhaseStatus] Setting row 2 (DEMO3655059-1) phase=1, active=false
[2025-09-27 10:36:10.759] LOG - 15:36:10.748Z [updateUserColumnPhaseStatus] Setting row 2 (DEMO3655059-1) phase=1, active=false
[2025-09-27 10:36:10.759] LOG - 15:36:10.748Z [updateUserColumnPhaseStatus] Setting row 3 (DEMO3655059-2) phase=2, active=true
[2025-09-27 10:36:10.759] LOG - 15:36:10.748Z [updateUserColumnPhaseStatus] Setting row 3 (DEMO3655059-2) phase=2, active=true
[2025-09-27 10:36:10.759] LOG - 15:36:10.748Z [updateUserColumnPhaseStatus] Completed
[2025-09-27 10:36:10.759] LOG - 15:36:10.748Z [updateUserColumnPhaseStatus] Completed
[2025-09-27 10:36:10.768] warning - The AudioContext was not allowed to start. It must be resumed (or created) after a user gesture on the page. https://developer.chrome.com/blog/autoplay/#web_audio
[2025-09-27 10:36:10.769] LOG - 15:36:10.757Z Auto Risk Management: Initial risk assessment completed
[2025-09-27 10:36:10.769] LOG - 15:36:10.757Z Auto Risk Management: Initial risk assessment completed
[2025-09-27 10:36:11.773] LOG - 15:36:11.772Z Executing initial risk management assessment...
[2025-09-27 10:36:11.774] LOG - 15:36:11.772Z Executing initial risk management assessment...
[2025-09-27 10:36:11.774] ERROR - 15:36:11.772Z getTableData function not found
[2025-09-27 10:36:11.774] ERROR - 15:36:11.772Z getTableData function not found
[2025-09-27 10:36:11.775] ERROR - 15:36:11.774Z updateUserColumnPhaseStatus function not found
[2025-09-27 10:36:11.776] ERROR - 15:36:11.774Z updateUserColumnPhaseStatus function not found
[2025-09-27 10:36:11.776] ERROR - 15:36:11.775Z performAccountActions function not found
[2025-09-27 10:36:11.776] ERROR - 15:36:11.775Z performAccountActions function not found
[2025-09-27 10:36:11.776] LOG - 15:36:11.775Z Risk management assessment completed
[2025-09-27 10:36:11.777] LOG - 15:36:11.775Z Risk management assessment completed
[2025-09-27 10:36:11.801] LOG - 15:36:11.800Z [analyzePhase] resetting phaseData
[2025-09-27 10:36:11.803] LOG - 15:36:11.800Z [analyzePhase] resetting phaseData
[2025-09-27 10:36:11.804] LOG - 15:36:11.800Z [analyzePhase] set phase 1 maxActive to 1
[2025-09-27 10:36:11.804] LOG - 15:36:11.800Z [analyzePhase] set phase 1 maxActive to 1
[2025-09-27 10:36:11.804] LOG - 15:36:11.800Z [analyzePhase] increased phase 2 maxActive to 1
[2025-09-27 10:36:11.805] LOG - 15:36:11.800Z [analyzePhase] increased phase 2 maxActive to 1
[2025-09-27 10:36:12.302] LOG - 15:36:12.302Z [analyzePhase] resetting phaseData
[2025-09-27 10:36:12.304] LOG - 15:36:12.302Z [analyzePhase] resetting phaseData
[2025-09-27 10:36:12.304] LOG - 15:36:12.302Z [analyzePhase] set phase 1 maxActive to 1
[2025-09-27 10:36:12.305] LOG - 15:36:12.302Z [analyzePhase] set phase 1 maxActive to 1
[2025-09-27 10:36:12.306] LOG - 15:36:12.302Z [analyzePhase] increased phase 2 maxActive to 1
[2025-09-27 10:36:12.307] LOG - 15:36:12.302Z [analyzePhase] increased phase 2 maxActive to 1
[2025-09-27 10:36:12.308] LOG - 15:36:12.303Z Set DEMO3655059 qty to 20
[2025-09-27 10:36:12.309] LOG - 15:36:12.303Z Set DEMO3655059-2 qty to 10
[2025-09-27 10:36:12.310] LOG - 15:36:12.303Z [analyzePhase] resetting phaseData
[2025-09-27 10:36:12.310] LOG - 15:36:12.303Z [analyzePhase] resetting phaseData
[2025-09-27 10:36:12.310] LOG - 15:36:12.303Z [analyzePhase] set phase 1 maxActive to 1
[2025-09-27 10:36:12.310] LOG - 15:36:12.303Z [analyzePhase] set phase 1 maxActive to 1
[2025-09-27 10:36:12.311] LOG - 15:36:12.303Z [analyzePhase] increased phase 2 maxActive to 1
[2025-09-27 10:36:12.311] LOG - 15:36:12.303Z [analyzePhase] increased phase 2 maxActive to 1
[2025-09-27 10:36:13.845] LOG - 15:36:13.842Z Updated master quantity to 30
[2025-09-27 10:36:13.846] LOG - 15:36:13.843Z Saved bracketTrade_qty = 30
[2025-09-27 10:36:13.846] LOG - 15:36:13.843Z Saved bracketTrade_qty = 30
[2025-09-27 10:36:13.846] LOG - 15:36:13.843Z Updated bracket trade quantity to 30
