[2025-09-24 16:09:17.144] LOG - 21:09:17.141Z Starting login process for: zenex3298@gmail.com
[2025-09-24 16:09:17.145] LOG - 21:09:17.141Z Starting login process for: zenex3298@gmail.com
[2025-09-24 16:09:17.145] LOG - 21:09:17.143Z Auto login function executing for: zenex3298@gmail.com
[2025-09-24 16:09:17.146] LOG - 21:09:17.143Z Auto login function executing for: zenex3298@gmail.com
[2025-09-24 16:09:17.147] LOG - 21:09:17.143Z Login form found, filling credentials...
[2025-09-24 16:09:17.147] LOG - 21:09:17.143Z Login form found, filling credentials...
[2025-09-24 16:09:17.313] LOG - 21:09:17.171Z Test element added to DOM
[2025-09-24 16:09:17.314] LOG - 21:09:17.171Z Test element added to DOM
[2025-09-24 16:09:17.318] LOG - 21:09:17.316Z All browser alerts and confirmations have been disabled
[2025-09-24 16:09:17.320] LOG - 21:09:17.316Z All browser alerts and confirmations have been disabled
[2025-09-24 16:09:17.659] LOG - 21:09:17.657Z Clicking login button...
[2025-09-24 16:09:17.659] LOG - 21:09:17.657Z Clicking login button...
[2025-09-24 16:09:17.666] LOG - 21:09:17.664Z authentication starting
[2025-09-24 16:09:17.668] LOG - 21:09:17.664Z authentication starting
[2025-09-24 16:09:17.999] warning - The AudioContext was not allowed to start. It must be resumed (or created) after a user gesture on the page. https://developer.chrome.com/blog/autoplay/#web_audio
[2025-09-24 16:09:18.001] LOG - 21:09:17.988Z Watching for account selection page...
[2025-09-24 16:09:18.005] LOG - 21:09:17.988Z Watching for account selection page...
[2025-09-24 16:09:18.302] LOG - 21:09:18.301Z Access token will be renewed in 75 minutes; expired: Wed Sep 24 2025 17:29:18 GMT-0500 (Central Daylight Time), now: Wed Sep 24 2025 16:09:18 GMT-0500 (Central Daylight Time)
[2025-09-24 16:09:18.303] LOG - 21:09:18.301Z Access token will be renewed in 75 minutes; expired: Wed Sep 24 2025 17:29:18 GMT-0500 (Central Daylight Time), now: Wed Sep 24 2025 16:09:18 GMT-0500 (Central Daylight Time)
[2025-09-24 16:09:18.581] INFO - 21:09:18.580Z [LaunchDarkly] Closing stream connection
[2025-09-24 16:09:18.582] INFO - 21:09:18.580Z [LaunchDarkly] Closing stream connection
[2025-09-24 16:09:18.583] INFO - 21:09:18.581Z [LaunchDarkly] Opening stream connection to https://clientstream.launchdarkly.com/eval/66cdf5b9cf61891061b4e437/eyJraW5kIjoidXNlciIsImtleSI6IjQ2NTYwMjciLCJkZXZpY2UiOiJkZXNrdG9wIiwidXNlcklkIjo0NjU2MDI3LCJpcENvdW50cnkiOiJVUyIsIm9yZ05hbWUiOiJURFYiLCJuYW1lIjoiWmVuZXgzMjk4IiwibGFuZGluZ1BhcmFtcyI6IiJ9
[2025-09-24 16:09:18.584] INFO - 21:09:18.581Z [LaunchDarkly] Opening stream connection to https://clientstream.launchdarkly.com/eval/66cdf5b9cf61891061b4e437/eyJraW5kIjoidXNlciIsImtleSI6IjQ2NTYwMjciLCJkZXZpY2UiOiJkZXNrdG9wIiwidXNlcklkIjo0NjU2MDI3LCJpcENvdW50cnkiOiJVUyIsIm9yZ05hbWUiOiJURFYiLCJuYW1lIjoiWmVuZXgzMjk4IiwibGFuZGluZ1BhcmFtcyI6IiJ9
[2025-09-24 16:09:18.584] INFO - 21:09:18.581Z [LaunchDarkly] Closing stream connection
[2025-09-24 16:09:18.585] INFO - 21:09:18.581Z [LaunchDarkly] Closing stream connection
[2025-09-24 16:09:18.585] INFO - 21:09:18.581Z [LaunchDarkly] Opening stream connection to https://clientstream.launchdarkly.com/eval/66cdf5b9cf61891061b4e437/eyJraW5kIjoidXNlciIsImtleSI6IjQ2NTYwMjciLCJkZXZpY2UiOiJkZXNrdG9wIiwidXNlcklkIjo0NjU2MDI3LCJpcENvdW50cnkiOiJVUyIsIm9yZ05hbWUiOiJURFYiLCJuYW1lIjoiWmVuZXgzMjk4IiwibGFuZGluZ1BhcmFtcyI6IiJ9
[2025-09-24 16:09:18.585] INFO - 21:09:18.581Z [LaunchDarkly] Opening stream connection to https://clientstream.launchdarkly.com/eval/66cdf5b9cf61891061b4e437/eyJraW5kIjoidXNlciIsImtleSI6IjQ2NTYwMjciLCJkZXZpY2UiOiJkZXNrdG9wIiwidXNlcklkIjo0NjU2MDI3LCJpcENvdW50cnkiOiJVUyIsIm9yZ05hbWUiOiJURFYiLCJuYW1lIjoiWmVuZXgzMjk4IiwibGFuZGluZ1BhcmFtcyI6IiJ9
[2025-09-24 16:09:18.990] LOG - 21:09:18.989Z Account selection page detected, clicking button...
[2025-09-24 16:09:18.990] LOG - 21:09:18.989Z Account selection page detected, clicking button...
[2025-09-24 16:09:19.155] LOG - 21:09:19.129Z Access token will be renewed in 75 minutes; expired: Wed Sep 24 2025 17:29:18 GMT-0500 (Central Daylight Time), now: Wed Sep 24 2025 16:09:19 GMT-0500 (Central Daylight Time)
[2025-09-24 16:09:19.155] LOG - 21:09:19.129Z Access token will be renewed in 75 minutes; expired: Wed Sep 24 2025 17:29:18 GMT-0500 (Central Daylight Time), now: Wed Sep 24 2025 16:09:19 GMT-0500 (Central Daylight Time)
[2025-09-24 16:09:19.214] error - Refused to connect to 'https://bat.bing.com/actionp/0?ti=26330043&Ver=2&mid=ca0cd721-67ad-48fe-853a-d29c614de47f&bo=2&sid=e921826097c611f09785499b91a2dd7e&vid=9abf384092fe11f0b30e9fac449e4642&vids=0&msclkid=N&evt=pageHide' because it violates the following Content Security Policy directive: "connect-src wss://*.tradovate.com https://*.tradovate.com https://*.ntinnolab.com https://*.devel.ninjatrader.dev https://*.staging.ninjatrader.dev https://*.uat.ninjatrader.dev wss://*.ntinnolab.com wss://*.devel.ninjatrader.dev wss://*.staging.ninjatrader.dev wss://*.uat.ninjatrader.dev wss://*.tradovateapi.com https://*.tradovateapi.com https://*.ninjatrader.com https://cdn.walkme.com https://ec.walkme.com https://sessions.bugsnag.com https://notify.bugsnag.com https://*.plaid.com https://*.yodlee.com https://tradovate.zendesk.com https://rollout.ada.support https://static.ada.support https://ninjatrader.ada.support https://tradovate.ada.support https://ninjatrader-eap.ada.support/ https://demo-ninjatrader-gr.ada.support/ https://tradovate-gen.ada.support/ https://api.stripe.com https://apiproxy.ninjatrader.com https://apiproxy-d.ninjatrader.com https://us-autocomplete-pro.api.smartystreets.com https://international-autocomplete.api.smarty.com https://maps.googleapis.com https://accounts.google.com/ https://www.google.com https://www.googletagmanager.com/ https://*.browser-intake-datadoghq.com https://scripts.neuro-id.com https://receiver.neuroid.cloud https://logs.neuro-id.com https://firebaseinstallations.googleapis.com/ https://firebaseremoteconfig.googleapis.com/ https://logx.optimizely.com https://*.optimizely.com wss://mpsnare.iesnare.com wss://ci-mpsnare.iovation.com https://*.iovation.com/ https://*.reddit.com  https://www.redditstatic.com https://*.taboola.com https://*.launchdarkly.com https://*.alloy.co https://*.maze.co https://www.google-analytics.com https://analytics.google.com https://www.googletagmanager.com/ https://api.hubapi.com https://forms.hubspot.com https://stats.g.doubleclick.net https://alb.reddit.com https://analytics.twitter.com https://heapanalytics.com https://*.auryc.com https://*.contentsquare.net https://siteintercept.qualtrics.com https://api.userway.org/".

[2025-09-24 16:09:19.216] INFO - 21:09:19.212Z visibilitychange: hidden, gd: 1000
[2025-09-24 16:09:19.217] INFO - 21:09:19.212Z visibilitychange: hidden, gd: 1000
[2025-09-24 16:09:19.218] WARNING - 21:09:19.213Z [LaunchDarkly] Error on stream connection: {"isTrusted":true}, will continue retrying after 631 milliseconds.
[2025-09-24 16:09:19.218] WARNING - 21:09:19.213Z [LaunchDarkly] Error on stream connection: {"isTrusted":true}, will continue retrying after 631 milliseconds.
[2025-09-24 16:09:19.218] INFO - 21:09:19.213Z [LaunchDarkly] Closing stream connection
[2025-09-24 16:09:19.218] INFO - 21:09:19.213Z [LaunchDarkly] Closing stream connection
[2025-09-24 16:09:19.353] WARNING - Duplicate atom key "locale". This is a FATAL ERROR in
      production. But it is safe to ignore this warning if it occurred because of
      hot module replacement.
[2025-09-24 16:09:19.354] WARNING - Duplicate atom key "locale". This is a FATAL ERROR in
      production. But it is safe to ignore this warning if it occurred because of
      hot module replacement.
[2025-09-24 16:09:19.355] WARNING - Duplicate atom key "muiTheme". This is a FATAL ERROR in
      production. But it is safe to ignore this warning if it occurred because of
      hot module replacement.
[2025-09-24 16:09:19.356] WARNING - Duplicate atom key "muiTheme". This is a FATAL ERROR in
      production. But it is safe to ignore this warning if it occurred because of
      hot module replacement.
[2025-09-24 16:09:19.357] WARNING - Duplicate atom key "appLinksFooter". This is a FATAL ERROR in
      production. But it is safe to ignore this warning if it occurred because of
      hot module replacement.
[2025-09-24 16:09:19.358] WARNING - Duplicate atom key "appLinksFooter". This is a FATAL ERROR in
      production. But it is safe to ignore this warning if it occurred because of
      hot module replacement.
[2025-09-24 16:09:19.359] WARNING - Duplicate atom key "currentUserId2". This is a FATAL ERROR in
      production. But it is safe to ignore this warning if it occurred because of
      hot module replacement.
[2025-09-24 16:09:19.361] WARNING - Duplicate atom key "currentUserId2". This is a FATAL ERROR in
      production. But it is safe to ignore this warning if it occurred because of
      hot module replacement.
[2025-09-24 16:09:19.361] WARNING - Duplicate atom key "onboardingInProgress". This is a FATAL ERROR in
      production. But it is safe to ignore this warning if it occurred because of
      hot module replacement.
[2025-09-24 16:09:19.362] WARNING - Duplicate atom key "onboardingInProgress". This is a FATAL ERROR in
      production. But it is safe to ignore this warning if it occurred because of
      hot module replacement.
[2025-09-24 16:09:19.363] WARNING - Duplicate atom key "editing". This is a FATAL ERROR in
      production. But it is safe to ignore this warning if it occurred because of
      hot module replacement.
[2025-09-24 16:09:19.364] WARNING - Duplicate atom key "editing". This is a FATAL ERROR in
      production. But it is safe to ignore this warning if it occurred because of
      hot module replacement.
[2025-09-24 16:09:19.365] WARNING - Duplicate atom key "infoMessage". This is a FATAL ERROR in
      production. But it is safe to ignore this warning if it occurred because of
      hot module replacement.
[2025-09-24 16:09:19.366] WARNING - Duplicate atom key "infoMessage". This is a FATAL ERROR in
      production. But it is safe to ignore this warning if it occurred because of
      hot module replacement.
[2025-09-24 16:09:19.366] WARNING - Duplicate atom key "browserWarning". This is a FATAL ERROR in
      production. But it is safe to ignore this warning if it occurred because of
      hot module replacement.
[2025-09-24 16:09:19.369] WARNING - Duplicate atom key "browserWarning". This is a FATAL ERROR in
      production. But it is safe to ignore this warning if it occurred because of
      hot module replacement.
[2025-09-24 16:09:19.371] WARNING - Duplicate atom key "clockWarning". This is a FATAL ERROR in
      production. But it is safe to ignore this warning if it occurred because of
      hot module replacement.
[2025-09-24 16:09:19.371] WARNING - Duplicate atom key "clockWarning". This is a FATAL ERROR in
      production. But it is safe to ignore this warning if it occurred because of
      hot module replacement.
[2025-09-24 16:09:19.372] WARNING - Duplicate atom key "breakpoint". This is a FATAL ERROR in
      production. But it is safe to ignore this warning if it occurred because of
      hot module replacement.
[2025-09-24 16:09:19.374] WARNING - Duplicate atom key "breakpoint". This is a FATAL ERROR in
      production. But it is safe to ignore this warning if it occurred because of
      hot module replacement.
[2025-09-24 16:09:19.375] WARNING - Duplicate atom key "inMobileRange". This is a FATAL ERROR in
      production. But it is safe to ignore this warning if it occurred because of
      hot module replacement.
[2025-09-24 16:09:19.376] WARNING - Duplicate atom key "inMobileRange". This is a FATAL ERROR in
      production. But it is safe to ignore this warning if it occurred because of
      hot module replacement.
[2025-09-24 16:09:19.379] WARNING - Duplicate atom key "gridSpacing". This is a FATAL ERROR in
      production. But it is safe to ignore this warning if it occurred because of
      hot module replacement.
[2025-09-24 16:09:19.380] WARNING - Duplicate atom key "gridSpacing". This is a FATAL ERROR in
      production. But it is safe to ignore this warning if it occurred because of
      hot module replacement.
[2025-09-24 16:09:19.381] WARNING - Duplicate atom key "login". This is a FATAL ERROR in
      production. But it is safe to ignore this warning if it occurred because of
      hot module replacement.
[2025-09-24 16:09:19.381] WARNING - Duplicate atom key "login". This is a FATAL ERROR in
      production. But it is safe to ignore this warning if it occurred because of
      hot module replacement.
[2025-09-24 16:09:19.381] WARNING - Duplicate atom key "error". This is a FATAL ERROR in
      production. But it is safe to ignore this warning if it occurred because of
      hot module replacement.
[2025-09-24 16:09:19.381] WARNING - Duplicate atom key "error". This is a FATAL ERROR in
      production. But it is safe to ignore this warning if it occurred because of
      hot module replacement.
[2025-09-24 16:09:19.381] WARNING - Duplicate atom key "contactInfos2". This is a FATAL ERROR in
      production. But it is safe to ignore this warning if it occurred because of
      hot module replacement.
[2025-09-24 16:09:19.381] WARNING - Duplicate atom key "contactInfos2". This is a FATAL ERROR in
      production. But it is safe to ignore this warning if it occurred because of
      hot module replacement.
[2025-09-24 16:09:19.381] WARNING - Duplicate atom key "individualApplicantsTimestamp". This is a FATAL ERROR in
      production. But it is safe to ignore this warning if it occurred because of
      hot module replacement.
[2025-09-24 16:09:19.382] WARNING - Duplicate atom key "individualApplicantsTimestamp". This is a FATAL ERROR in
      production. But it is safe to ignore this warning if it occurred because of
      hot module replacement.
[2025-09-24 16:09:19.382] WARNING - Duplicate atom key "customerApplication". This is a FATAL ERROR in
      production. But it is safe to ignore this warning if it occurred because of
      hot module replacement.
[2025-09-24 16:09:19.382] WARNING - Duplicate atom key "customerApplication". This is a FATAL ERROR in
      production. But it is safe to ignore this warning if it occurred because of
      hot module replacement.
[2025-09-24 16:09:19.382] WARNING - Duplicate atom key "individualApplicants". This is a FATAL ERROR in
      production. But it is safe to ignore this warning if it occurred because of
      hot module replacement.
[2025-09-24 16:09:19.382] WARNING - Duplicate atom key "individualApplicants". This is a FATAL ERROR in
      production. But it is safe to ignore this warning if it occurred because of
      hot module replacement.
[2025-09-24 16:09:19.382] WARNING - Duplicate atom key "clearingHouses". This is a FATAL ERROR in
      production. But it is safe to ignore this warning if it occurred because of
      hot module replacement.
[2025-09-24 16:09:19.382] WARNING - Duplicate atom key "clearingHouses". This is a FATAL ERROR in
      production. But it is safe to ignore this warning if it occurred because of
      hot module replacement.
[2025-09-24 16:09:19.383] WARNING - Duplicate atom key "clearXClearingHouse". This is a FATAL ERROR in
      production. But it is safe to ignore this warning if it occurred because of
      hot module replacement.
[2025-09-24 16:09:19.383] WARNING - Duplicate atom key "clearXClearingHouse". This is a FATAL ERROR in
      production. But it is safe to ignore this warning if it occurred because of
      hot module replacement.
[2025-09-24 16:09:19.383] WARNING - Duplicate atom key "applicationClearingHouse". This is a FATAL ERROR in
      production. But it is safe to ignore this warning if it occurred because of
      hot module replacement.
[2025-09-24 16:09:19.383] WARNING - Duplicate atom key "applicationClearingHouse". This is a FATAL ERROR in
      production. But it is safe to ignore this warning if it occurred because of
      hot module replacement.
[2025-09-24 16:09:19.383] WARNING - Duplicate atom key "userLocation". This is a FATAL ERROR in
      production. But it is safe to ignore this warning if it occurred because of
      hot module replacement.
[2025-09-24 16:09:19.383] WARNING - Duplicate atom key "userLocation". This is a FATAL ERROR in
      production. But it is safe to ignore this warning if it occurred because of
      hot module replacement.
[2025-09-24 16:09:19.383] WARNING - Duplicate atom key "savedApplicationsTimestamp". This is a FATAL ERROR in
      production. But it is safe to ignore this warning if it occurred because of
      hot module replacement.
[2025-09-24 16:09:19.383] WARNING - Duplicate atom key "savedApplicationsTimestamp". This is a FATAL ERROR in
      production. But it is safe to ignore this warning if it occurred because of
      hot module replacement.
[2025-09-24 16:09:19.384] WARNING - Duplicate atom key "savedApplications". This is a FATAL ERROR in
      production. But it is safe to ignore this warning if it occurred because of
      hot module replacement.
[2025-09-24 16:09:19.384] WARNING - Duplicate atom key "savedApplications". This is a FATAL ERROR in
      production. But it is safe to ignore this warning if it occurred because of
      hot module replacement.
[2025-09-24 16:09:19.384] WARNING - Duplicate atom key "step". This is a FATAL ERROR in
      production. But it is safe to ignore this warning if it occurred because of
      hot module replacement.
[2025-09-24 16:09:19.384] WARNING - Duplicate atom key "step". This is a FATAL ERROR in
      production. But it is safe to ignore this warning if it occurred because of
      hot module replacement.
[2025-09-24 16:09:19.384] WARNING - Duplicate atom key "checkStates". This is a FATAL ERROR in
      production. But it is safe to ignore this warning if it occurred because of
      hot module replacement.
[2025-09-24 16:09:19.384] WARNING - Duplicate atom key "checkStates". This is a FATAL ERROR in
      production. But it is safe to ignore this warning if it occurred because of
      hot module replacement.
[2025-09-24 16:09:19.384] WARNING - Duplicate atom key "signStates". This is a FATAL ERROR in
      production. But it is safe to ignore this warning if it occurred because of
      hot module replacement.
[2025-09-24 16:09:19.384] WARNING - Duplicate atom key "signStates". This is a FATAL ERROR in
      production. But it is safe to ignore this warning if it occurred because of
      hot module replacement.
[2025-09-24 16:09:19.385] WARNING - Duplicate atom key "wizard". This is a FATAL ERROR in
      production. But it is safe to ignore this warning if it occurred because of
      hot module replacement.
[2025-09-24 16:09:19.385] WARNING - Duplicate atom key "wizard". This is a FATAL ERROR in
      production. But it is safe to ignore this warning if it occurred because of
      hot module replacement.
[2025-09-24 16:09:19.385] WARNING - Duplicate atom key "formBuilder". This is a FATAL ERROR in
      production. But it is safe to ignore this warning if it occurred because of
      hot module replacement.
[2025-09-24 16:09:19.385] WARNING - Duplicate atom key "formBuilder". This is a FATAL ERROR in
      production. But it is safe to ignore this warning if it occurred because of
      hot module replacement.
[2025-09-24 16:09:19.385] WARNING - Duplicate atom key "headerSlot". This is a FATAL ERROR in
      production. But it is safe to ignore this warning if it occurred because of
      hot module replacement.
[2025-09-24 16:09:19.385] WARNING - Duplicate atom key "headerSlot". This is a FATAL ERROR in
      production. But it is safe to ignore this warning if it occurred because of
      hot module replacement.
[2025-09-24 16:09:19.385] WARNING - Duplicate atom key "footerSlot". This is a FATAL ERROR in
      production. But it is safe to ignore this warning if it occurred because of
      hot module replacement.
[2025-09-24 16:09:19.385] WARNING - Duplicate atom key "footerSlot". This is a FATAL ERROR in
      production. But it is safe to ignore this warning if it occurred because of
      hot module replacement.
[2025-09-24 16:09:19.386] WARNING - Duplicate atom key "alloyJourneyToken". This is a FATAL ERROR in
      production. But it is safe to ignore this warning if it occurred because of
      hot module replacement.
[2025-09-24 16:09:19.386] WARNING - Duplicate atom key "alloyJourneyToken". This is a FATAL ERROR in
      production. But it is safe to ignore this warning if it occurred because of
      hot module replacement.
[2025-09-24 16:09:19.386] DEBUG - [bugsnag] Loaded!
[2025-09-24 16:09:19.386] DEBUG - [bugsnag] Loaded!
[2025-09-24 16:09:19.386] INFO - Version 3.250919.0 prod production 
[2025-09-24 16:09:19.386] INFO - Version 3.250919.0 prod production 
[2025-09-24 16:09:19.386] INFO - Time: Wed Sep 24 2025 16:09:19 GMT-0500 (Central Daylight Time)
[2025-09-24 16:09:19.386] INFO - Time:
[2025-09-24 16:09:19.431] LOG - 21:09:19.429Z Try to restore session
[2025-09-24 16:09:19.432] LOG - 21:09:19.429Z Try to restore session
[2025-09-24 16:09:19.432] LOG - 21:09:19.430Z Access token will be renewed in 75 minutes; expired: Wed Sep 24 2025 17:29:18 GMT-0500 (Central Daylight Time), now: Wed Sep 24 2025 16:09:19 GMT-0500 (Central Daylight Time)
[2025-09-24 16:09:19.432] LOG - 21:09:19.430Z Access token will be renewed in 75 minutes; expired: Wed Sep 24 2025 17:29:18 GMT-0500 (Central Daylight Time), now: Wed Sep 24 2025 16:09:19 GMT-0500 (Central Daylight Time)
[2025-09-24 16:09:19.437] WARNING - 21:09:19.436Z [LaunchDarkly] The waitForInitialization function was called without a timeout specified. In a future version a default timeout will be applied.
[2025-09-24 16:09:19.440] WARNING - 21:09:19.436Z [LaunchDarkly] The waitForInitialization function was called without a timeout specified. In a future version a default timeout will be applied.
[2025-09-24 16:09:19.442] INFO - 21:09:19.441Z chart cache state: islands=1, bars=462
[2025-09-24 16:09:19.442] INFO - 21:09:19.441Z chart cache state: islands=1, bars=462
[2025-09-24 16:09:19.442] INFO - 21:09:19.441Z Chart history database initialized
[2025-09-24 16:09:19.443] INFO - 21:09:19.441Z Chart history database initialized
[2025-09-24 16:09:19.452] INFO - 21:09:19.451Z [LaunchDarkly] LaunchDarkly client initialized
[2025-09-24 16:09:19.452] INFO - 21:09:19.451Z [LaunchDarkly] LaunchDarkly client initialized
[2025-09-24 16:09:19.453] INFO - 21:09:19.451Z [LaunchDarkly] Opening stream connection to https://clientstream.launchdarkly.com/eval/66cdf5b9cf61891061b4e437/eyJraW5kIjoidXNlciIsImtleSI6InVua25vd24iLCJhbm9ueW1vdXMiOmZhbHNlfQ
[2025-09-24 16:09:19.453] INFO - 21:09:19.451Z [LaunchDarkly] Opening stream connection to https://clientstream.launchdarkly.com/eval/66cdf5b9cf61891061b4e437/eyJraW5kIjoidXNlciIsImtleSI6InVua25vd24iLCJhbm9ueW1vdXMiOmZhbHNlfQ
[2025-09-24 16:09:19.905] INFO - 21:09:19.904Z [LaunchDarkly] Closing stream connection
[2025-09-24 16:09:19.906] INFO - 21:09:19.904Z [LaunchDarkly] Closing stream connection
[2025-09-24 16:09:19.906] INFO - 21:09:19.904Z [LaunchDarkly] Opening stream connection to https://clientstream.launchdarkly.com/eval/66cdf5b9cf61891061b4e437/eyJraW5kIjoidXNlciIsImtleSI6IjQ2NTYwMjciLCJkZXZpY2UiOiJkZXNrdG9wIiwidXNlcklkIjo0NjU2MDI3LCJpcENvdW50cnkiOiIiLCJvcmdOYW1lIjoiVERWIiwibmFtZSI6IlplbmV4MzI5OCIsImxhbmRpbmdQYXJhbXMiOiIifQ
[2025-09-24 16:09:19.906] INFO - 21:09:19.904Z [LaunchDarkly] Opening stream connection to https://clientstream.launchdarkly.com/eval/66cdf5b9cf61891061b4e437/eyJraW5kIjoidXNlciIsImtleSI6IjQ2NTYwMjciLCJkZXZpY2UiOiJkZXNrdG9wIiwidXNlcklkIjo0NjU2MDI3LCJpcENvdW50cnkiOiIiLCJvcmdOYW1lIjoiVERWIiwibmFtZSI6IlplbmV4MzI5OCIsImxhbmRpbmdQYXJhbXMiOiIifQ
[2025-09-24 16:09:20.045] LOG - 21:09:20.041Z opening https://demo.tradovateapi.com/
[2025-09-24 16:09:20.045] LOG - 21:09:20.041Z opening https://demo.tradovateapi.com/
[2025-09-24 16:09:20.051] LOG - 21:09:20.049Z Hotkeys initialized {"Shift+Digit1":["orders/selectColumns"],"Shift+Digit2":["orders/showFilters"],"Shift+Digit3":["orders/standardTableView"],"Shift+Digit4":["orders/linkedOrdersView"],"Command+Shift+Digit0":["dom-chart/exit-and-cancel"]}
[2025-09-24 16:09:20.052] LOG - 21:09:20.049Z Hotkeys initialized {"Shift+Digit1":["orders/selectColumns"],"Shift+Digit2":["orders/showFilters"],"Shift+Digit3":["orders/standardTableView"],"Shift+Digit4":["orders/linkedOrdersView"],"Command+Shift+Digit0":["dom-chart/exit-and-cancel"]}
[2025-09-24 16:09:20.122] LOG - 21:09:20.119Z websocket opened
[2025-09-24 16:09:20.123] LOG - 21:09:20.119Z websocket opened
[2025-09-24 16:09:20.179] LOG - 21:09:20.178Z opening https://md-demo.tradovateapi.com/
[2025-09-24 16:09:20.180] LOG - 21:09:20.178Z opening https://md-demo.tradovateapi.com/
[2025-09-24 16:09:20.180] LOG - 21:09:20.179Z Connection:  open
[2025-09-24 16:09:20.180] LOG - 21:09:20.179Z Connection:  open
[2025-09-24 16:09:21.169] LOG - 21:09:21.167Z WebGL:  {"isWebGL2":true,"precision":"highp","logarithmicDepthBuffer":false,"maxTextures":16,"maxVertexTextures":16,"maxTextureSize":16384,"maxCubemapSize":16384,"maxAttributes":16,"maxVertexUniforms":1024,"maxVaryings":30,"maxFragmentUniforms":1024,"vertexTextures":true,"floatFragmentTextures":true,"floatVertexTextures":true,"maxSamples":8} , devicePixelRatio:  2
[2025-09-24 16:09:21.174] LOG - 21:09:21.167Z Canvas size: 501 897 dpp:  2
[2025-09-24 16:09:21.177] LOG - 21:09:21.176Z Loading App-level Plugins
[2025-09-24 16:09:21.177] LOG - 21:09:21.176Z Loading App-level Plugins
[2025-09-24 16:09:21.197] LOG - 21:09:21.187Z WebGL:  {"isWebGL2":true,"precision":"highp","logarithmicDepthBuffer":false,"maxTextures":16,"maxVertexTextures":16,"maxTextureSize":16384,"maxCubemapSize":16384,"maxAttributes":16,"maxVertexUniforms":1024,"maxVaryings":30,"maxFragmentUniforms":1024,"vertexTextures":true,"floatFragmentTextures":true,"floatVertexTextures":true,"maxSamples":8} , devicePixelRatio:  2
[2025-09-24 16:09:21.212] LOG - 21:09:21.188Z Canvas size: 501 897 dpp:  2
[2025-09-24 16:09:21.283] LOG - 21:09:21.244Z websocket opened
[2025-09-24 16:09:21.288] LOG - 21:09:21.244Z websocket opened
[2025-09-24 16:09:21.336] LOG - 21:09:21.332Z loadAppLevelPlugins:  [object Object]
[2025-09-24 16:09:21.338] LOG - 21:09:21.332Z loadAppLevelPlugins: 
[2025-09-24 16:09:21.368] LOG - 21:09:21.366Z sync to remote defaultModules
[2025-09-24 16:09:21.369] LOG - 21:09:21.366Z sync to remote defaultModules
[2025-09-24 16:09:22.243] LOG - 21:09:22.230Z jailing is in progress
[2025-09-24 16:09:22.243] LOG - 21:09:22.230Z jailing is in progress
[2025-09-24 16:09:22.349] LOG - 21:09:22.348Z pending jailing done. next starts
[2025-09-24 16:09:22.349] LOG - 21:09:22.348Z pending jailing done. next starts
[2025-09-24 16:09:23.456] LOG - 21:09:23.448Z updating the shared isolation
[2025-09-24 16:09:23.456] LOG - 21:09:23.448Z updating the shared isolation
[2025-09-24 16:09:23.464] LOG - 21:09:23.459Z created chart 1
[2025-09-24 16:09:23.625] DEBUG - 21:09:23.625Z Slow prev calc
[2025-09-24 16:09:23.626] DEBUG - 21:09:23.625Z Slow prev calc
[2025-09-24 16:09:23.771] LOG - 21:09:23.726Z requestChart: {"symbol":"3267312","chartDescription":{"underlyingType":"Tick","elementSize":5000,"elementSizeUnit":"UnderlyingUnits","withHistogram":false},"timeRange":{"asMuchAsElements":300}}
[2025-09-24 16:09:23.772] LOG - 21:09:23.726Z requestChart: {"symbol":"3267312","chartDescription":{"underlyingType":"Tick","elementSize":5000,"elementSizeUnit":"UnderlyingUnits","withHistogram":false},"timeRange":{"asMuchAsElements":300}}
[2025-09-24 16:09:23.772] LOG - 21:09:23.726Z mdMgApi open
[2025-09-24 16:09:23.772] LOG - 21:09:23.726Z mdMgApi open
[2025-09-24 16:09:25.890] ERROR - 21:09:25.889Z Cannot play sound: alert_message.wav [object DOMException]
[2025-09-24 16:09:25.891] ERROR - 21:09:25.889Z Cannot play sound: alert_message.wav
[2025-09-24 16:09:28.619] LOG - 21:09:28.617Z Auto Order script initialized - AUTOMATIC HOT RELOAD SUCCESS!
[2025-09-24 16:09:28.619] LOG - 21:09:28.617Z Auto Order script initialized - AUTOMATIC HOT RELOAD SUCCESS!
[2025-09-24 16:09:28.620] LOG - 21:09:28.618Z Creating UI...
[2025-09-24 16:09:28.620] LOG - 21:09:28.618Z Creating UI...
[2025-09-24 16:09:28.621] LOG - 21:09:28.619Z Creating UI
[2025-09-24 16:09:28.621] LOG - 21:09:28.619Z Creating UI
[2025-09-24 16:09:28.621] LOG - 21:09:28.619Z Stored values: TP=53, SL=15, Qty=9, Tick=0.25, Symbol=NQ
[2025-09-24 16:09:28.623] LOG - 21:09:28.619Z Stored values: TP=53, SL=15, Qty=9, Tick=0.25, Symbol=NQ
[2025-09-24 16:09:28.623] LOG - 21:09:28.621Z UI container added to DOM
[2025-09-24 16:09:28.624] LOG - 21:09:28.621Z UI container added to DOM
[2025-09-24 16:09:28.624] LOG - 21:09:28.621Z Setting up UI event handlers
[2025-09-24 16:09:28.625] LOG - 21:09:28.621Z Setting up UI event handlers
[2025-09-24 16:09:28.626] LOG - 21:09:28.621Z Setting up persistent settings
[2025-09-24 16:09:28.626] LOG - 21:09:28.621Z Setting up persistent settings
[2025-09-24 16:09:28.627] LOG - 21:09:28.621Z Setting up drag functionality
[2025-09-24 16:09:28.628] LOG - 21:09:28.621Z Setting up drag functionality
[2025-09-24 16:09:28.628] LOG - 21:09:28.621Z Setting up trade buttons
[2025-09-24 16:09:28.628] LOG - 21:09:28.621Z Setting up trade buttons
[2025-09-24 16:09:28.629] LOG - 21:09:28.622Z UI creation complete
[2025-09-24 16:09:28.629] LOG - 21:09:28.622Z UI creation complete
[2025-09-24 16:09:28.629] LOG - 21:09:28.622Z Creating example front-quarter symbol
[2025-09-24 16:09:28.629] LOG - 21:09:28.622Z Creating example front-quarter symbol
[2025-09-24 16:09:28.629] LOG - 21:09:28.622Z getQuarterlyCode called with date: 2025-09-24T21:09:28.622Z
[2025-09-24 16:09:28.629] LOG - 21:09:28.622Z getQuarterlyCode called with date: 2025-09-24T21:09:28.622Z
[2025-09-24 16:09:28.629] LOG - 21:09:28.622Z Current month index: 8
[2025-09-24 16:09:28.629] LOG - 21:09:28.622Z Current month index: 8
[2025-09-24 16:09:28.630] LOG - 21:09:28.622Z Starting calculation with year=2025, month=8
[2025-09-24 16:09:28.630] LOG - 21:09:28.622Z Starting calculation with year=2025, month=8
[2025-09-24 16:09:28.630] LOG - 21:09:28.622Z Calculated quarterly code: letter=Z, yearDigit=5
[2025-09-24 16:09:28.630] LOG - 21:09:28.622Z Calculated quarterly code: letter=Z, yearDigit=5
[2025-09-24 16:09:28.630] LOG - 21:09:28.622Z Example front-quarter symbol created: NQZ5
[2025-09-24 16:09:28.630] LOG - 21:09:28.622Z Example front-quarter symbol created: NQZ5
[2025-09-24 16:09:28.638] LOG - 21:09:28.637Z Auto Risk Management: Running initial risk assessment...
[2025-09-24 16:09:28.639] LOG - 21:09:28.637Z Auto Risk Management: Running initial risk assessment...
[2025-09-24 16:09:28.639] LOG - 21:09:28.638Z [analyzePhase] resetting phaseData
[2025-09-24 16:09:28.640] LOG - 21:09:28.638Z [analyzePhase] resetting phaseData
[2025-09-24 16:09:28.641] LOG - 21:09:28.638Z [analyzePhase] set phase 1 maxActive to 1
[2025-09-24 16:09:28.641] LOG - 21:09:28.638Z [analyzePhase] set phase 1 maxActive to 1
[2025-09-24 16:09:28.642] LOG - 21:09:28.638Z [analyzePhase] increased phase 2 maxActive to 1
[2025-09-24 16:09:28.643] LOG - 21:09:28.638Z [analyzePhase] increased phase 2 maxActive to 1
[2025-09-24 16:09:28.644] LOG - 21:09:28.639Z [updateUserColumnPhaseStatus] Starting...
[2025-09-24 16:09:28.645] LOG - 21:09:28.639Z [updateUserColumnPhaseStatus] Starting...
[2025-09-24 16:09:28.646] LOG - 21:09:28.639Z [updateUserColumnPhaseStatus] Found 1 rows
[2025-09-24 16:09:28.647] LOG - 21:09:28.639Z [updateUserColumnPhaseStatus] Found 1 rows
[2025-09-24 16:09:28.649] LOG - 21:09:28.639Z [updateUserColumnPhaseStatus] Header cells: Account ▲,Total Available Margin,User,Dist Drawdown Net Liq,Dollar Open P L,Dollar Total P L
[2025-09-24 16:09:28.649] LOG - 21:09:28.639Z [updateUserColumnPhaseStatus] Header cells:
[2025-09-24 16:09:28.650] LOG - 21:09:28.639Z [updateUserColumnPhaseStatus] Found User column at index 2
[2025-09-24 16:09:28.650] LOG - 21:09:28.639Z [updateUserColumnPhaseStatus] Found User column at index 2
[2025-09-24 16:09:28.651] LOG - 21:09:28.639Z [updateUserColumnPhaseStatus] Getting table data...
[2025-09-24 16:09:28.651] LOG - 21:09:28.639Z [updateUserColumnPhaseStatus] Getting table data...
[2025-09-24 16:09:28.651] LOG - 21:09:28.639Z [analyzePhase] resetting phaseData
[2025-09-24 16:09:28.652] LOG - 21:09:28.639Z [analyzePhase] resetting phaseData
[2025-09-24 16:09:28.652] LOG - 21:09:28.639Z [analyzePhase] set phase 1 maxActive to 1
[2025-09-24 16:09:28.652] LOG - 21:09:28.639Z [analyzePhase] set phase 1 maxActive to 1
[2025-09-24 16:09:28.652] LOG - 21:09:28.640Z [analyzePhase] increased phase 2 maxActive to 1
[2025-09-24 16:09:28.652] LOG - 21:09:28.640Z [analyzePhase] increased phase 2 maxActive to 1
[2025-09-24 16:09:28.652] LOG - 21:09:28.640Z [updateUserColumnPhaseStatus] Table data: 0 rows
[2025-09-24 16:09:28.653] LOG - 21:09:28.640Z [updateUserColumnPhaseStatus] Table data: 0 rows
[2025-09-24 16:09:28.653] ERROR - 21:09:28.640Z [updateUserColumnPhaseStatus] No data from getTableData()
[2025-09-24 16:09:28.653] ERROR - 21:09:28.640Z [updateUserColumnPhaseStatus] No data from getTableData()
[2025-09-24 16:09:28.666] warning - The AudioContext was not allowed to start. It must be resumed (or created) after a user gesture on the page. https://developer.chrome.com/blog/autoplay/#web_audio
[2025-09-24 16:09:28.666] LOG - 21:09:28.654Z Auto Risk Management: Initial risk assessment completed
[2025-09-24 16:09:28.667] LOG - 21:09:28.654Z Auto Risk Management: Initial risk assessment completed
[2025-09-24 16:09:29.658] LOG - 21:09:29.656Z [analyzePhase] resetting phaseData
[2025-09-24 16:09:29.660] LOG - 21:09:29.656Z [analyzePhase] resetting phaseData
[2025-09-24 16:09:29.660] LOG - 21:09:29.656Z [analyzePhase] set phase 1 maxActive to 1
[2025-09-24 16:09:29.660] LOG - 21:09:29.656Z [analyzePhase] set phase 1 maxActive to 1
[2025-09-24 16:09:29.660] LOG - 21:09:29.656Z [analyzePhase] increased phase 2 maxActive to 1
[2025-09-24 16:09:29.660] LOG - 21:09:29.656Z [analyzePhase] increased phase 2 maxActive to 1
[2025-09-24 16:09:29.660] WARNING - 21:09:29.657Z Error in deferred func: TypeError: Cannot read properties of undefined (reading 'querySelector'), function(){d(a),f(function(){d(null)},0);var e=i.apply(this,arguments);return d(null),e} TypeError: Cannot read properties of undefined (reading 'querySelector'),    at <anonymous>:377:98,    at i.__trace__ (https://cdn.tradovate.com/tradovate/scripts/4418.33639a7d.js:2:4608573),    at https://cdn.tradovate.com/tradovate/scripts/4418.33639a7d.js:2:3542342
[2025-09-24 16:09:29.661] WARNING - 21:09:29.657Z Error in deferred func: TypeError: Cannot read properties of undefined (reading 'querySelector'), function(){d(a),f(function(){d(null)},0);var e=i.apply(this,arguments);return d(null),e}
[2025-09-24 16:09:29.672] LOG - 21:09:29.671Z Executing initial risk management assessment...
[2025-09-24 16:09:29.674] LOG - 21:09:29.671Z Executing initial risk management assessment...
[2025-09-24 16:09:29.675] ERROR - 21:09:29.671Z getTableData function not found
[2025-09-24 16:09:29.676] ERROR - 21:09:29.671Z getTableData function not found
[2025-09-24 16:09:29.676] ERROR - 21:09:29.672Z updateUserColumnPhaseStatus function not found
[2025-09-24 16:09:29.677] ERROR - 21:09:29.672Z updateUserColumnPhaseStatus function not found
[2025-09-24 16:09:29.677] ERROR - 21:09:29.672Z performAccountActions function not found
[2025-09-24 16:09:29.678] ERROR - 21:09:29.672Z performAccountActions function not found
[2025-09-24 16:09:29.678] LOG - 21:09:29.672Z Risk management assessment completed
[2025-09-24 16:09:29.679] LOG - 21:09:29.672Z Risk management assessment completed
[2025-09-24 16:10:19.467] INFO - 21:10:19.465Z time stats. avg diff: -86, min: -86, max: -86, roundtrip: 28 msec, #1
[2025-09-24 16:10:19.468] INFO - 21:10:19.465Z time stats. avg diff: -86, min: -86, max: -86, roundtrip: 28 msec, #1
[2025-09-24 16:11:21.205] LOG - 21:11:21.204Z WebGL:  {"geometries":62,"textures":1} 6 , devicePixelRatio:  2
[2025-09-24 16:12:33.104] LOG - 21:12:33.102Z Quantity input changed to: 9
[2025-09-24 16:12:33.104] LOG - 21:12:33.102Z Quantity input changed to: 9
[2025-09-24 16:12:33.110] LOG - 21:12:33.105Z TP input changed to: 3
[2025-09-24 16:12:33.112] LOG - 21:12:33.105Z TP input changed to: 3
[2025-09-24 16:12:33.113] LOG - 21:12:33.106Z SL input changed to: 1
[2025-09-24 16:12:33.114] LOG - 21:12:33.106Z SL input changed to: 1
[2025-09-24 16:12:33.115] LOG - 21:12:33.106Z Calculated TP: 4 (SL × 3.5)
[2025-09-24 16:12:33.116] LOG - 21:12:33.106Z Calculated TP: 4 (SL × 3.5)
[2025-09-24 16:12:33.116] LOG - 21:12:33.106Z Tick size input changed to: 0.25
[2025-09-24 16:12:33.116] LOG - 21:12:33.106Z Tick size input changed to: 0.25
[2025-09-24 16:12:33.116] LOG - 21:12:33.106Z Trade control updates complete: [object Object]
[2025-09-24 16:12:33.117] LOG - 21:12:33.106Z Trade control updates complete:
[2025-09-24 16:12:33.223] LOG - 21:12:33.222Z Quantity input changed to: 9
[2025-09-24 16:12:33.226] LOG - 21:12:33.222Z Quantity input changed to: 9
[2025-09-24 16:12:33.229] LOG - 21:12:33.223Z TP input changed to: 30
[2025-09-24 16:12:33.231] LOG - 21:12:33.223Z TP input changed to: 30
[2025-09-24 16:12:33.233] LOG - 21:12:33.223Z SL input changed to: 10
[2025-09-24 16:12:33.233] LOG - 21:12:33.223Z SL input changed to: 10
[2025-09-24 16:12:33.234] LOG - 21:12:33.223Z Calculated TP: 35 (SL × 3.5)
[2025-09-24 16:12:33.234] LOG - 21:12:33.223Z Calculated TP: 35 (SL × 3.5)
[2025-09-24 16:12:33.234] LOG - 21:12:33.223Z Tick size input changed to: 0.25
[2025-09-24 16:12:33.235] LOG - 21:12:33.223Z Tick size input changed to: 0.25
[2025-09-24 16:12:33.235] LOG - 21:12:33.224Z Trade control updates complete: [object Object]
[2025-09-24 16:12:33.235] LOG - 21:12:33.224Z Trade control updates complete:
[2025-09-24 16:12:34.730] LOG - 21:12:34.729Z Quantity input changed to: 9
[2025-09-24 16:12:34.731] LOG - 21:12:34.729Z Quantity input changed to: 9
[2025-09-24 16:12:34.732] LOG - 21:12:34.730Z TP input changed to: 3
[2025-09-24 16:12:34.732] LOG - 21:12:34.730Z TP input changed to: 3
[2025-09-24 16:12:34.733] LOG - 21:12:34.731Z SL input changed to: 1
[2025-09-24 16:12:34.734] LOG - 21:12:34.731Z SL input changed to: 1
[2025-09-24 16:12:34.735] LOG - 21:12:34.731Z Calculated TP: 4 (SL × 3.5)
[2025-09-24 16:12:34.736] LOG - 21:12:34.731Z Calculated TP: 4 (SL × 3.5)
[2025-09-24 16:12:34.736] LOG - 21:12:34.731Z Tick size input changed to: 0.25
[2025-09-24 16:12:34.736] LOG - 21:12:34.731Z Tick size input changed to: 0.25
[2025-09-24 16:12:34.736] LOG - 21:12:34.731Z Trade control updates complete: [object Object]
[2025-09-24 16:12:34.736] LOG - 21:12:34.731Z Trade control updates complete:
[2025-09-24 16:12:34.911] LOG - 21:12:34.910Z Quantity input changed to: 9
[2025-09-24 16:12:34.912] LOG - 21:12:34.910Z Quantity input changed to: 9
[2025-09-24 16:12:34.914] LOG - 21:12:34.911Z TP input changed to: 45
[2025-09-24 16:12:34.914] LOG - 21:12:34.911Z TP input changed to: 45
[2025-09-24 16:12:34.915] LOG - 21:12:34.911Z SL input changed to: 15
[2025-09-24 16:12:34.916] LOG - 21:12:34.911Z SL input changed to: 15
[2025-09-24 16:12:34.916] LOG - 21:12:34.911Z Calculated TP: 53 (SL × 3.5)
[2025-09-24 16:12:34.916] LOG - 21:12:34.911Z Calculated TP: 53 (SL × 3.5)
[2025-09-24 16:12:34.916] LOG - 21:12:34.911Z Tick size input changed to: 0.25
[2025-09-24 16:12:34.917] LOG - 21:12:34.911Z Tick size input changed to: 0.25
[2025-09-24 16:12:34.917] LOG - 21:12:34.911Z Trade control updates complete: [object Object]
[2025-09-24 16:12:34.917] LOG - 21:12:34.911Z Trade control updates complete:
[2025-09-24 16:12:38.907] LOG - 21:12:38.906Z Quantity input changed to: 9
[2025-09-24 16:12:38.908] LOG - 21:12:38.906Z Quantity input changed to: 9
[2025-09-24 16:12:38.909] LOG - 21:12:38.906Z TP input changed to: 45
[2025-09-24 16:12:38.910] LOG - 21:12:38.906Z TP input changed to: 45
[2025-09-24 16:12:38.911] LOG - 21:12:38.906Z SL input changed to: 15
[2025-09-24 16:12:38.912] LOG - 21:12:38.906Z SL input changed to: 15
[2025-09-24 16:12:38.912] LOG - 21:12:38.907Z Calculated TP: 53 (SL × 3.5)
[2025-09-24 16:12:38.912] LOG - 21:12:38.907Z Calculated TP: 53 (SL × 3.5)
[2025-09-24 16:12:38.912] LOG - 21:12:38.907Z Tick size input changed to: 0.25
[2025-09-24 16:12:38.913] LOG - 21:12:38.907Z Tick size input changed to: 0.25
[2025-09-24 16:12:38.913] LOG - 21:12:38.907Z Trade control updates complete: [object Object]
[2025-09-24 16:12:38.913] LOG - 21:12:38.907Z Trade control updates complete:
[2025-09-24 16:13:07.693] LOG - 21:13:07.692Z Auto Risk Management: Running initial risk assessment...
[2025-09-24 16:13:07.694] LOG - 21:13:07.692Z Auto Risk Management: Running initial risk assessment...
[2025-09-24 16:13:07.695] LOG - 21:13:07.692Z [analyzePhase] resetting phaseData
[2025-09-24 16:13:07.695] LOG - 21:13:07.692Z [analyzePhase] resetting phaseData
[2025-09-24 16:13:07.696] LOG - 21:13:07.692Z [analyzePhase] set phase 1 maxActive to 1
[2025-09-24 16:13:07.697] LOG - 21:13:07.692Z [analyzePhase] set phase 1 maxActive to 1
[2025-09-24 16:13:07.697] LOG - 21:13:07.692Z [analyzePhase] increased phase 2 maxActive to 1
[2025-09-24 16:13:07.698] LOG - 21:13:07.692Z [analyzePhase] increased phase 2 maxActive to 1
[2025-09-24 16:13:07.699] LOG - 21:13:07.693Z [updateUserColumnPhaseStatus] Starting...
[2025-09-24 16:13:07.700] LOG - 21:13:07.693Z [updateUserColumnPhaseStatus] Starting...
[2025-09-24 16:13:07.701] LOG - 21:13:07.693Z [updateUserColumnPhaseStatus] Found 1 rows
[2025-09-24 16:13:07.702] LOG - 21:13:07.693Z [updateUserColumnPhaseStatus] Found 1 rows
[2025-09-24 16:13:07.702] LOG - 21:13:07.693Z [updateUserColumnPhaseStatus] Header cells: Account ▲,Total Available Margin,User,Dist Drawdown Net Liq,Dollar Open P L,Dollar Total P L
[2025-09-24 16:13:07.702] LOG - 21:13:07.693Z [updateUserColumnPhaseStatus] Header cells:
[2025-09-24 16:13:07.702] LOG - 21:13:07.693Z [updateUserColumnPhaseStatus] Found User column at index 2
[2025-09-24 16:13:07.703] LOG - 21:13:07.693Z [updateUserColumnPhaseStatus] Found User column at index 2
[2025-09-24 16:13:07.703] LOG - 21:13:07.693Z [updateUserColumnPhaseStatus] Getting table data...
[2025-09-24 16:13:07.703] LOG - 21:13:07.693Z [updateUserColumnPhaseStatus] Getting table data...
[2025-09-24 16:13:07.703] LOG - 21:13:07.693Z [analyzePhase] resetting phaseData
[2025-09-24 16:13:07.703] LOG - 21:13:07.693Z [analyzePhase] resetting phaseData
[2025-09-24 16:13:07.703] LOG - 21:13:07.693Z [analyzePhase] set phase 1 maxActive to 1
[2025-09-24 16:13:07.704] LOG - 21:13:07.693Z [analyzePhase] set phase 1 maxActive to 1
[2025-09-24 16:13:07.704] LOG - 21:13:07.693Z [analyzePhase] increased phase 2 maxActive to 1
[2025-09-24 16:13:07.704] LOG - 21:13:07.693Z [analyzePhase] increased phase 2 maxActive to 1
[2025-09-24 16:13:07.704] LOG - 21:13:07.693Z [updateUserColumnPhaseStatus] Table data: 0 rows
[2025-09-24 16:13:07.704] LOG - 21:13:07.693Z [updateUserColumnPhaseStatus] Table data: 0 rows
[2025-09-24 16:13:07.704] ERROR - 21:13:07.693Z [updateUserColumnPhaseStatus] No data from getTableData()
[2025-09-24 16:13:07.704] ERROR - 21:13:07.693Z [updateUserColumnPhaseStatus] No data from getTableData()
[2025-09-24 16:13:07.705] LOG - 21:13:07.697Z Auto Risk Management: Initial risk assessment completed
[2025-09-24 16:13:07.705] LOG - 21:13:07.697Z Auto Risk Management: Initial risk assessment completed
[2025-09-24 16:13:08.701] LOG - 21:13:08.699Z [analyzePhase] resetting phaseData
[2025-09-24 16:13:08.702] LOG - 21:13:08.699Z [analyzePhase] resetting phaseData
[2025-09-24 16:13:08.702] LOG - 21:13:08.699Z [analyzePhase] set phase 1 maxActive to 1
[2025-09-24 16:13:08.702] LOG - 21:13:08.699Z [analyzePhase] set phase 1 maxActive to 1
[2025-09-24 16:13:08.702] LOG - 21:13:08.699Z [analyzePhase] increased phase 2 maxActive to 1
[2025-09-24 16:13:08.702] LOG - 21:13:08.699Z [analyzePhase] increased phase 2 maxActive to 1
[2025-09-24 16:13:08.703] LOG - 21:13:08.702Z Executing initial risk management assessment...
[2025-09-24 16:13:08.704] LOG - 21:13:08.702Z Executing initial risk management assessment...
[2025-09-24 16:13:08.705] ERROR - 21:13:08.702Z getTableData function not found
[2025-09-24 16:13:08.705] ERROR - 21:13:08.702Z getTableData function not found
[2025-09-24 16:13:08.705] ERROR - 21:13:08.703Z updateUserColumnPhaseStatus function not found
[2025-09-24 16:13:08.705] ERROR - 21:13:08.703Z updateUserColumnPhaseStatus function not found
[2025-09-24 16:13:08.706] ERROR - 21:13:08.703Z performAccountActions function not found
[2025-09-24 16:13:08.706] ERROR - 21:13:08.703Z performAccountActions function not found
[2025-09-24 16:13:08.706] LOG - 21:13:08.703Z Risk management assessment completed
[2025-09-24 16:13:08.707] LOG - 21:13:08.703Z Risk management assessment completed
[2025-09-24 16:13:21.206] LOG - 21:13:21.204Z WebGL:  {"geometries":62,"textures":1} 6 , devicePixelRatio:  2
[2025-09-24 16:15:21.206] LOG - 21:15:21.205Z WebGL:  {"geometries":62,"textures":1} 6 , devicePixelRatio:  2
[2025-09-24 16:16:01.430] INFO - 21:16:01.361Z visibilitychange: hidden, gd: 1000
[2025-09-24 16:16:01.436] INFO - 21:16:01.361Z visibilitychange: hidden, gd: 1000
