2025-07-25 21:19:53,710 - ERROR - websocket exception
Traceback (most recent call last):
  File "/Users/Mike/Library/Python/3.13/lib/python/site-packages/pychrome/tab.py", line 121, in _recv_loop
    message_json = self._ws.recv()
  File "/usr/local/lib/python3.13/site-packages/websocket/_core.py", line 388, in recv
    opcode, data = self.recv_data()
                   ~~~~~~~~~~~~~~^^
  File "/usr/local/lib/python3.13/site-packages/websocket/_core.py", line 416, in recv_data
    opcode, frame = self.recv_data_frame(control_frame)
                    ~~~~~~~~~~~~~~~~~~~~^^^^^^^^^^^^^^^
  File "/usr/local/lib/python3.13/site-packages/websocket/_core.py", line 437, in recv_data_frame
    frame = self.recv_frame()
  File "/usr/local/lib/python3.13/site-packages/websocket/_core.py", line 478, in recv_frame
    return self.frame_buffer.recv_frame()
           ~~~~~~~~~~~~~~~~~~~~~~~~~~~~^^
  File "/usr/local/lib/python3.13/site-packages/websocket/_abnf.py", line 363, in recv_frame
    self.recv_header()
    ~~~~~~~~~~~~~~~~^^
  File "/usr/local/lib/python3.13/site-packages/websocket/_abnf.py", line 319, in recv_header
    header = self.recv_strict(2)
  File "/usr/local/lib/python3.13/site-packages/websocket/_abnf.py", line 398, in recv_strict
    bytes_ = self.recv(min(16384, shortage))
  File "/usr/local/lib/python3.13/site-packages/websocket/_core.py", line 563, in _recv
    return recv(self.sock, bufsize)
  File "/usr/local/lib/python3.13/site-packages/websocket/_socket.py", line 132, in recv
    raise WebSocketConnectionClosedException("Connection to remote host was lost.")
websocket._exceptions.WebSocketConnectionClosedException: Connection to remote host was lost.
2025-07-25 21:19:53,711 - ERROR - websocket exception
Traceback (most recent call last):
  File "/Users/Mike/Library/Python/3.13/lib/python/site-packages/pychrome/tab.py", line 121, in _recv_loop
    message_json = self._ws.recv()
  File "/usr/local/lib/python3.13/site-packages/websocket/_core.py", line 388, in recv
    opcode, data = self.recv_data()
                   ~~~~~~~~~~~~~~^^
  File "/usr/local/lib/python3.13/site-packages/websocket/_core.py", line 416, in recv_data
    opcode, frame = self.recv_data_frame(control_frame)
                    ~~~~~~~~~~~~~~~~~~~~^^^^^^^^^^^^^^^
  File "/usr/local/lib/python3.13/site-packages/websocket/_core.py", line 437, in recv_data_frame
    frame = self.recv_frame()
  File "/usr/local/lib/python3.13/site-packages/websocket/_core.py", line 478, in recv_frame
    return self.frame_buffer.recv_frame()
           ~~~~~~~~~~~~~~~~~~~~~~~~~~~~^^
  File "/usr/local/lib/python3.13/site-packages/websocket/_abnf.py", line 363, in recv_frame
    self.recv_header()
    ~~~~~~~~~~~~~~~~^^
  File "/usr/local/lib/python3.13/site-packages/websocket/_abnf.py", line 319, in recv_header
    header = self.recv_strict(2)
  File "/usr/local/lib/python3.13/site-packages/websocket/_abnf.py", line 398, in recv_strict
    bytes_ = self.recv(min(16384, shortage))
  File "/usr/local/lib/python3.13/site-packages/websocket/_core.py", line 563, in _recv
    return recv(self.sock, bufsize)
  File "/usr/local/lib/python3.13/site-packages/websocket/_socket.py", line 132, in recv
    raise WebSocketConnectionClosedException("Connection to remote host was lost.")
websocket._exceptions.WebSocketConnectionClosedException: Connection to remote host was lost.
2025-07-25 21:19:53,723 - ERROR - websocket exception
Traceback (most recent call last):
  File "/Users/Mike/Library/Python/3.13/lib/python/site-packages/pychrome/tab.py", line 121, in _recv_loop
    message_json = self._ws.recv()
  File "/usr/local/lib/python3.13/site-packages/websocket/_core.py", line 388, in recv
    opcode, data = self.recv_data()
                   ~~~~~~~~~~~~~~^^
  File "/usr/local/lib/python3.13/site-packages/websocket/_core.py", line 416, in recv_data
    opcode, frame = self.recv_data_frame(control_frame)
                    ~~~~~~~~~~~~~~~~~~~~^^^^^^^^^^^^^^^
  File "/usr/local/lib/python3.13/site-packages/websocket/_core.py", line 437, in recv_data_frame
    frame = self.recv_frame()
  File "/usr/local/lib/python3.13/site-packages/websocket/_core.py", line 478, in recv_frame
    return self.frame_buffer.recv_frame()
           ~~~~~~~~~~~~~~~~~~~~~~~~~~~~^^
  File "/usr/local/lib/python3.13/site-packages/websocket/_abnf.py", line 363, in recv_frame
    self.recv_header()
    ~~~~~~~~~~~~~~~~^^
  File "/usr/local/lib/python3.13/site-packages/websocket/_abnf.py", line 319, in recv_header
    header = self.recv_strict(2)
  File "/usr/local/lib/python3.13/site-packages/websocket/_abnf.py", line 398, in recv_strict
    bytes_ = self.recv(min(16384, shortage))
  File "/usr/local/lib/python3.13/site-packages/websocket/_core.py", line 563, in _recv
    return recv(self.sock, bufsize)
  File "/usr/local/lib/python3.13/site-packages/websocket/_socket.py", line 132, in recv
    raise WebSocketConnectionClosedException("Connection to remote host was lost.")
websocket._exceptions.WebSocketConnectionClosedException: Connection to remote host was lost.
2025-07-25 21:19:53,724 - ERROR - websocket exception
Traceback (most recent call last):
  File "/Users/Mike/Library/Python/3.13/lib/python/site-packages/pychrome/tab.py", line 121, in _recv_loop
    message_json = self._ws.recv()
  File "/usr/local/lib/python3.13/site-packages/websocket/_core.py", line 388, in recv
    opcode, data = self.recv_data()
                   ~~~~~~~~~~~~~~^^
  File "/usr/local/lib/python3.13/site-packages/websocket/_core.py", line 416, in recv_data
    opcode, frame = self.recv_data_frame(control_frame)
                    ~~~~~~~~~~~~~~~~~~~~^^^^^^^^^^^^^^^
  File "/usr/local/lib/python3.13/site-packages/websocket/_core.py", line 437, in recv_data_frame
    frame = self.recv_frame()
  File "/usr/local/lib/python3.13/site-packages/websocket/_core.py", line 478, in recv_frame
    return self.frame_buffer.recv_frame()
           ~~~~~~~~~~~~~~~~~~~~~~~~~~~~^^
  File "/usr/local/lib/python3.13/site-packages/websocket/_abnf.py", line 363, in recv_frame
    self.recv_header()
    ~~~~~~~~~~~~~~~~^^
  File "/usr/local/lib/python3.13/site-packages/websocket/_abnf.py", line 319, in recv_header
    header = self.recv_strict(2)
  File "/usr/local/lib/python3.13/site-packages/websocket/_abnf.py", line 398, in recv_strict
    bytes_ = self.recv(min(16384, shortage))
  File "/usr/local/lib/python3.13/site-packages/websocket/_core.py", line 563, in _recv
    return recv(self.sock, bufsize)
  File "/usr/local/lib/python3.13/site-packages/websocket/_socket.py", line 132, in recv
    raise WebSocketConnectionClosedException("Connection to remote host was lost.")
websocket._exceptions.WebSocketConnectionClosedException: Connection to remote host was lost.
