[2025-09-20 17:14:06.997] LOG - 22:14:06.995Z Starting login process for: zenex3298@gmail.com
[2025-09-20 17:14:06.997] LOG - 22:14:06.995Z Starting login process for: zenex3298@gmail.com
[2025-09-20 17:14:06.998] LOG - 22:14:06.996Z Auto login function executing for: zenex3298@gmail.com
[2025-09-20 17:14:06.998] LOG - 22:14:06.996Z Auto login function executing for: zenex3298@gmail.com
[2025-09-20 17:14:06.998] LOG - 22:14:06.996Z Login form found, filling credentials...
[2025-09-20 17:14:06.998] LOG - 22:14:06.996Z Login form found, filling credentials...
[2025-09-20 17:14:07.124] LOG - 22:14:07.024Z Test element added to DOM
[2025-09-20 17:14:07.125] LOG - 22:14:07.024Z Test element added to DOM
[2025-09-20 17:14:07.127] LOG - 22:14:07.126Z All browser alerts and confirmations have been disabled
[2025-09-20 17:14:07.128] LOG - 22:14:07.126Z All browser alerts and confirmations have been disabled
[2025-09-20 17:14:07.511] LOG - 22:14:07.510Z Clicking login button...
[2025-09-20 17:14:07.511] LOG - 22:14:07.510Z Clicking login button...
[2025-09-20 17:14:07.522] LOG - 22:14:07.520Z authentication starting
[2025-09-20 17:14:07.522] LOG - 22:14:07.520Z authentication starting
[2025-09-20 17:14:07.870] warning - The AudioContext was not allowed to start. It must be resumed (or created) after a user gesture on the page. https://developer.chrome.com/blog/autoplay/#web_audio
[2025-09-20 17:14:07.872] LOG - 22:14:07.856Z Watching for account selection page...
[2025-09-20 17:14:07.875] LOG - 22:14:07.856Z Watching for account selection page...
[2025-09-20 17:14:08.159] LOG - 22:14:08.158Z Access token will be renewed in 75 minutes; expired: Sat Sep 20 2025 18:34:08 GMT-0500 (Central Daylight Time), now: Sat Sep 20 2025 17:14:08 GMT-0500 (Central Daylight Time)
[2025-09-20 17:14:08.160] LOG - 22:14:08.158Z Access token will be renewed in 75 minutes; expired: Sat Sep 20 2025 18:34:08 GMT-0500 (Central Daylight Time), now: Sat Sep 20 2025 17:14:08 GMT-0500 (Central Daylight Time)
[2025-09-20 17:14:08.447] error - Access to XMLHttpRequest at 'https://app.launchdarkly.com/sdk/evalx/66cdf5b9cf61891061b4e437/contexts/eyJraW5kIjoidXNlciIsImtleSI6IjQ2NTYwMjciLCJkZXZpY2UiOiJkZXNrdG9wIiwidXNlcklkIjo0NjU2MDI3LCJpcENvdW50cnkiOiJVUyIsIm9yZ05hbWUiOiJURFYiLCJuYW1lIjoiWmVuZXgzMjk4IiwibGFuZGluZ1BhcmFtcyI6IiJ9' from origin 'https://trader.tradovate.com' has been blocked by CORS policy: No 'Access-Control-Allow-Origin' header is present on the requested resource.
[2025-09-20 17:14:08.447] ERROR - 22:14:08.446Z [LaunchDarkly] network error (Error)
[2025-09-20 17:14:08.448] ERROR - 22:14:08.446Z [LaunchDarkly] network error (Error)
[2025-09-20 17:14:08.449] error - Failed to load resource: net::ERR_FAILED
[2025-09-20 17:14:08.458] ERROR - Exception: t
[2025-09-20 17:14:08.472] error - Access to XMLHttpRequest at 'https://app.launchdarkly.com/sdk/evalx/66cdf5b9cf61891061b4e437/contexts/eyJraW5kIjoidXNlciIsImtleSI6IjQ2NTYwMjciLCJkZXZpY2UiOiJkZXNrdG9wIiwidXNlcklkIjo0NjU2MDI3LCJpcENvdW50cnkiOiJVUyIsIm9yZ05hbWUiOiJURFYiLCJuYW1lIjoiWmVuZXgzMjk4IiwibGFuZGluZ1BhcmFtcyI6IiJ9' from origin 'https://trader.tradovate.com' has been blocked by CORS policy: No 'Access-Control-Allow-Origin' header is present on the requested resource.
[2025-09-20 17:14:08.473] ERROR - 22:14:08.472Z [LaunchDarkly] network error (Error)
[2025-09-20 17:14:08.473] ERROR - 22:14:08.472Z [LaunchDarkly] network error (Error)
[2025-09-20 17:14:08.473] error - Failed to load resource: net::ERR_FAILED
[2025-09-20 17:14:08.474] ERROR - Exception: t
[2025-09-20 17:14:08.859] LOG - 22:14:08.857Z Account selection page detected, clicking button...
[2025-09-20 17:14:08.859] LOG - 22:14:08.857Z Account selection page detected, clicking button...
[2025-09-20 17:14:09.018] LOG - 22:14:08.993Z Access token will be renewed in 75 minutes; expired: Sat Sep 20 2025 18:34:08 GMT-0500 (Central Daylight Time), now: Sat Sep 20 2025 17:14:08 GMT-0500 (Central Daylight Time)
[2025-09-20 17:14:09.018] LOG - 22:14:08.993Z Access token will be renewed in 75 minutes; expired: Sat Sep 20 2025 18:34:08 GMT-0500 (Central Daylight Time), now: Sat Sep 20 2025 17:14:08 GMT-0500 (Central Daylight Time)
[2025-09-20 17:14:09.090] error - Refused to connect to 'https://bat.bing.com/actionp/0?ti=26330043&Ver=2&mid=a554120d-b3d3-48e4-9111-47e932267e00&bo=2&sid=49ffa650964611f0b1c77d72422fc1b9&vid=99c3288092fe11f0bc7275adc39e6add&vids=0&msclkid=N&evt=pageHide' because it violates the following Content Security Policy directive: "connect-src wss://*.tradovate.com https://*.tradovate.com https://*.ntinnolab.com https://*.devel.ninjatrader.dev https://*.staging.ninjatrader.dev https://*.uat.ninjatrader.dev wss://*.ntinnolab.com wss://*.devel.ninjatrader.dev wss://*.staging.ninjatrader.dev wss://*.uat.ninjatrader.dev wss://*.tradovateapi.com https://*.tradovateapi.com https://*.ninjatrader.com https://cdn.walkme.com https://ec.walkme.com https://sessions.bugsnag.com https://notify.bugsnag.com https://*.plaid.com https://*.yodlee.com https://tradovate.zendesk.com https://rollout.ada.support https://static.ada.support https://ninjatrader.ada.support https://tradovate.ada.support https://ninjatrader-eap.ada.support/ https://demo-ninjatrader-gr.ada.support/ https://tradovate-gen.ada.support/ https://api.stripe.com https://apiproxy.ninjatrader.com https://apiproxy-d.ninjatrader.com https://us-autocomplete-pro.api.smartystreets.com https://international-autocomplete.api.smarty.com https://maps.googleapis.com https://accounts.google.com/ https://www.google.com https://www.googletagmanager.com/ https://*.browser-intake-datadoghq.com https://scripts.neuro-id.com https://receiver.neuroid.cloud https://logs.neuro-id.com https://firebaseinstallations.googleapis.com/ https://firebaseremoteconfig.googleapis.com/ https://logx.optimizely.com https://*.optimizely.com wss://mpsnare.iesnare.com wss://ci-mpsnare.iovation.com https://*.iovation.com/ https://*.reddit.com  https://www.redditstatic.com https://*.taboola.com https://*.launchdarkly.com https://*.alloy.co https://*.maze.co https://www.google-analytics.com https://analytics.google.com https://www.googletagmanager.com/ https://api.hubapi.com https://forms.hubspot.com https://stats.g.doubleclick.net https://alb.reddit.com https://analytics.twitter.com https://heapanalytics.com https://*.auryc.com https://*.contentsquare.net https://siteintercept.qualtrics.com https://api.userway.org/".

[2025-09-20 17:14:09.091] INFO - 22:14:09.089Z visibilitychange: hidden, gd: 1000
[2025-09-20 17:14:09.091] INFO - 22:14:09.089Z visibilitychange: hidden, gd: 1000
[2025-09-20 17:14:09.092] WARNING - 22:14:09.090Z [LaunchDarkly] Error on stream connection: {"isTrusted":true}, will continue retrying after 818 milliseconds.
[2025-09-20 17:14:09.093] WARNING - 22:14:09.090Z [LaunchDarkly] Error on stream connection: {"isTrusted":true}, will continue retrying after 818 milliseconds.
[2025-09-20 17:14:09.093] INFO - 22:14:09.090Z [LaunchDarkly] Closing stream connection
[2025-09-20 17:14:09.093] INFO - 22:14:09.090Z [LaunchDarkly] Closing stream connection
[2025-09-20 17:14:09.245] WARNING - Duplicate atom key "locale". This is a FATAL ERROR in
      production. But it is safe to ignore this warning if it occurred because of
      hot module replacement.
[2025-09-20 17:14:09.247] WARNING - Duplicate atom key "locale". This is a FATAL ERROR in
      production. But it is safe to ignore this warning if it occurred because of
      hot module replacement.
[2025-09-20 17:14:09.247] WARNING - Duplicate atom key "muiTheme". This is a FATAL ERROR in
      production. But it is safe to ignore this warning if it occurred because of
      hot module replacement.
[2025-09-20 17:14:09.248] WARNING - Duplicate atom key "muiTheme". This is a FATAL ERROR in
      production. But it is safe to ignore this warning if it occurred because of
      hot module replacement.
[2025-09-20 17:14:09.249] WARNING - Duplicate atom key "appLinksFooter". This is a FATAL ERROR in
      production. But it is safe to ignore this warning if it occurred because of
      hot module replacement.
[2025-09-20 17:14:09.251] WARNING - Duplicate atom key "appLinksFooter". This is a FATAL ERROR in
      production. But it is safe to ignore this warning if it occurred because of
      hot module replacement.
[2025-09-20 17:14:09.251] WARNING - Duplicate atom key "currentUserId2". This is a FATAL ERROR in
      production. But it is safe to ignore this warning if it occurred because of
      hot module replacement.
[2025-09-20 17:14:09.252] WARNING - Duplicate atom key "currentUserId2". This is a FATAL ERROR in
      production. But it is safe to ignore this warning if it occurred because of
      hot module replacement.
[2025-09-20 17:14:09.253] WARNING - Duplicate atom key "onboardingInProgress". This is a FATAL ERROR in
      production. But it is safe to ignore this warning if it occurred because of
      hot module replacement.
[2025-09-20 17:14:09.254] WARNING - Duplicate atom key "onboardingInProgress". This is a FATAL ERROR in
      production. But it is safe to ignore this warning if it occurred because of
      hot module replacement.
[2025-09-20 17:14:09.258] WARNING - Duplicate atom key "editing". This is a FATAL ERROR in
      production. But it is safe to ignore this warning if it occurred because of
      hot module replacement.
[2025-09-20 17:14:09.259] WARNING - Duplicate atom key "editing". This is a FATAL ERROR in
      production. But it is safe to ignore this warning if it occurred because of
      hot module replacement.
[2025-09-20 17:14:09.260] WARNING - Duplicate atom key "infoMessage". This is a FATAL ERROR in
      production. But it is safe to ignore this warning if it occurred because of
      hot module replacement.
[2025-09-20 17:14:09.261] WARNING - Duplicate atom key "infoMessage". This is a FATAL ERROR in
      production. But it is safe to ignore this warning if it occurred because of
      hot module replacement.
[2025-09-20 17:14:09.264] WARNING - Duplicate atom key "browserWarning". This is a FATAL ERROR in
      production. But it is safe to ignore this warning if it occurred because of
      hot module replacement.
[2025-09-20 17:14:09.264] WARNING - Duplicate atom key "browserWarning". This is a FATAL ERROR in
      production. But it is safe to ignore this warning if it occurred because of
      hot module replacement.
[2025-09-20 17:14:09.266] WARNING - Duplicate atom key "clockWarning". This is a FATAL ERROR in
      production. But it is safe to ignore this warning if it occurred because of
      hot module replacement.
[2025-09-20 17:14:09.266] WARNING - Duplicate atom key "clockWarning". This is a FATAL ERROR in
      production. But it is safe to ignore this warning if it occurred because of
      hot module replacement.
[2025-09-20 17:14:09.267] WARNING - Duplicate atom key "breakpoint". This is a FATAL ERROR in
      production. But it is safe to ignore this warning if it occurred because of
      hot module replacement.
[2025-09-20 17:14:09.268] WARNING - Duplicate atom key "breakpoint". This is a FATAL ERROR in
      production. But it is safe to ignore this warning if it occurred because of
      hot module replacement.
[2025-09-20 17:14:09.268] WARNING - Duplicate atom key "inMobileRange". This is a FATAL ERROR in
      production. But it is safe to ignore this warning if it occurred because of
      hot module replacement.
[2025-09-20 17:14:09.270] WARNING - Duplicate atom key "inMobileRange". This is a FATAL ERROR in
      production. But it is safe to ignore this warning if it occurred because of
      hot module replacement.
[2025-09-20 17:14:09.270] WARNING - Duplicate atom key "gridSpacing". This is a FATAL ERROR in
      production. But it is safe to ignore this warning if it occurred because of
      hot module replacement.
[2025-09-20 17:14:09.271] WARNING - Duplicate atom key "gridSpacing". This is a FATAL ERROR in
      production. But it is safe to ignore this warning if it occurred because of
      hot module replacement.
[2025-09-20 17:14:09.272] WARNING - Duplicate atom key "login". This is a FATAL ERROR in
      production. But it is safe to ignore this warning if it occurred because of
      hot module replacement.
[2025-09-20 17:14:09.273] WARNING - Duplicate atom key "login". This is a FATAL ERROR in
      production. But it is safe to ignore this warning if it occurred because of
      hot module replacement.
[2025-09-20 17:14:09.273] WARNING - Duplicate atom key "error". This is a FATAL ERROR in
      production. But it is safe to ignore this warning if it occurred because of
      hot module replacement.
[2025-09-20 17:14:09.273] WARNING - Duplicate atom key "error". This is a FATAL ERROR in
      production. But it is safe to ignore this warning if it occurred because of
      hot module replacement.
[2025-09-20 17:14:09.273] WARNING - Duplicate atom key "contactInfos2". This is a FATAL ERROR in
      production. But it is safe to ignore this warning if it occurred because of
      hot module replacement.
[2025-09-20 17:14:09.273] WARNING - Duplicate atom key "contactInfos2". This is a FATAL ERROR in
      production. But it is safe to ignore this warning if it occurred because of
      hot module replacement.
[2025-09-20 17:14:09.273] WARNING - Duplicate atom key "individualApplicantsTimestamp". This is a FATAL ERROR in
      production. But it is safe to ignore this warning if it occurred because of
      hot module replacement.
[2025-09-20 17:14:09.273] WARNING - Duplicate atom key "individualApplicantsTimestamp". This is a FATAL ERROR in
      production. But it is safe to ignore this warning if it occurred because of
      hot module replacement.
[2025-09-20 17:14:09.274] WARNING - Duplicate atom key "customerApplication". This is a FATAL ERROR in
      production. But it is safe to ignore this warning if it occurred because of
      hot module replacement.
[2025-09-20 17:14:09.274] WARNING - Duplicate atom key "customerApplication". This is a FATAL ERROR in
      production. But it is safe to ignore this warning if it occurred because of
      hot module replacement.
[2025-09-20 17:14:09.274] WARNING - Duplicate atom key "individualApplicants". This is a FATAL ERROR in
      production. But it is safe to ignore this warning if it occurred because of
      hot module replacement.
[2025-09-20 17:14:09.274] WARNING - Duplicate atom key "individualApplicants". This is a FATAL ERROR in
      production. But it is safe to ignore this warning if it occurred because of
      hot module replacement.
[2025-09-20 17:14:09.274] WARNING - Duplicate atom key "clearingHouses". This is a FATAL ERROR in
      production. But it is safe to ignore this warning if it occurred because of
      hot module replacement.
[2025-09-20 17:14:09.274] WARNING - Duplicate atom key "clearingHouses". This is a FATAL ERROR in
      production. But it is safe to ignore this warning if it occurred because of
      hot module replacement.
[2025-09-20 17:14:09.274] WARNING - Duplicate atom key "clearXClearingHouse". This is a FATAL ERROR in
      production. But it is safe to ignore this warning if it occurred because of
      hot module replacement.
[2025-09-20 17:14:09.274] WARNING - Duplicate atom key "clearXClearingHouse". This is a FATAL ERROR in
      production. But it is safe to ignore this warning if it occurred because of
      hot module replacement.
[2025-09-20 17:14:09.275] WARNING - Duplicate atom key "applicationClearingHouse". This is a FATAL ERROR in
      production. But it is safe to ignore this warning if it occurred because of
      hot module replacement.
[2025-09-20 17:14:09.275] WARNING - Duplicate atom key "applicationClearingHouse". This is a FATAL ERROR in
      production. But it is safe to ignore this warning if it occurred because of
      hot module replacement.
[2025-09-20 17:14:09.275] WARNING - Duplicate atom key "userLocation". This is a FATAL ERROR in
      production. But it is safe to ignore this warning if it occurred because of
      hot module replacement.
[2025-09-20 17:14:09.275] WARNING - Duplicate atom key "userLocation". This is a FATAL ERROR in
      production. But it is safe to ignore this warning if it occurred because of
      hot module replacement.
[2025-09-20 17:14:09.275] WARNING - Duplicate atom key "savedApplicationsTimestamp". This is a FATAL ERROR in
      production. But it is safe to ignore this warning if it occurred because of
      hot module replacement.
[2025-09-20 17:14:09.275] WARNING - Duplicate atom key "savedApplicationsTimestamp". This is a FATAL ERROR in
      production. But it is safe to ignore this warning if it occurred because of
      hot module replacement.
[2025-09-20 17:14:09.275] WARNING - Duplicate atom key "savedApplications". This is a FATAL ERROR in
      production. But it is safe to ignore this warning if it occurred because of
      hot module replacement.
[2025-09-20 17:14:09.275] WARNING - Duplicate atom key "savedApplications". This is a FATAL ERROR in
      production. But it is safe to ignore this warning if it occurred because of
      hot module replacement.
[2025-09-20 17:14:09.276] WARNING - Duplicate atom key "step". This is a FATAL ERROR in
      production. But it is safe to ignore this warning if it occurred because of
      hot module replacement.
[2025-09-20 17:14:09.276] WARNING - Duplicate atom key "step". This is a FATAL ERROR in
      production. But it is safe to ignore this warning if it occurred because of
      hot module replacement.
[2025-09-20 17:14:09.276] WARNING - Duplicate atom key "checkStates". This is a FATAL ERROR in
      production. But it is safe to ignore this warning if it occurred because of
      hot module replacement.
[2025-09-20 17:14:09.276] WARNING - Duplicate atom key "checkStates". This is a FATAL ERROR in
      production. But it is safe to ignore this warning if it occurred because of
      hot module replacement.
[2025-09-20 17:14:09.276] WARNING - Duplicate atom key "signStates". This is a FATAL ERROR in
      production. But it is safe to ignore this warning if it occurred because of
      hot module replacement.
[2025-09-20 17:14:09.276] WARNING - Duplicate atom key "signStates". This is a FATAL ERROR in
      production. But it is safe to ignore this warning if it occurred because of
      hot module replacement.
[2025-09-20 17:14:09.276] WARNING - Duplicate atom key "wizard". This is a FATAL ERROR in
      production. But it is safe to ignore this warning if it occurred because of
      hot module replacement.
[2025-09-20 17:14:09.276] WARNING - Duplicate atom key "wizard". This is a FATAL ERROR in
      production. But it is safe to ignore this warning if it occurred because of
      hot module replacement.
[2025-09-20 17:14:09.277] WARNING - Duplicate atom key "formBuilder". This is a FATAL ERROR in
      production. But it is safe to ignore this warning if it occurred because of
      hot module replacement.
[2025-09-20 17:14:09.277] WARNING - Duplicate atom key "formBuilder". This is a FATAL ERROR in
      production. But it is safe to ignore this warning if it occurred because of
      hot module replacement.
[2025-09-20 17:14:09.277] WARNING - Duplicate atom key "headerSlot". This is a FATAL ERROR in
      production. But it is safe to ignore this warning if it occurred because of
      hot module replacement.
[2025-09-20 17:14:09.277] WARNING - Duplicate atom key "headerSlot". This is a FATAL ERROR in
      production. But it is safe to ignore this warning if it occurred because of
      hot module replacement.
[2025-09-20 17:14:09.277] WARNING - Duplicate atom key "footerSlot". This is a FATAL ERROR in
      production. But it is safe to ignore this warning if it occurred because of
      hot module replacement.
[2025-09-20 17:14:09.277] WARNING - Duplicate atom key "footerSlot". This is a FATAL ERROR in
      production. But it is safe to ignore this warning if it occurred because of
      hot module replacement.
[2025-09-20 17:14:09.277] WARNING - Duplicate atom key "alloyJourneyToken". This is a FATAL ERROR in
      production. But it is safe to ignore this warning if it occurred because of
      hot module replacement.
[2025-09-20 17:14:09.277] WARNING - Duplicate atom key "alloyJourneyToken". This is a FATAL ERROR in
      production. But it is safe to ignore this warning if it occurred because of
      hot module replacement.
[2025-09-20 17:14:09.277] DEBUG - [bugsnag] Loaded!
[2025-09-20 17:14:09.278] DEBUG - [bugsnag] Loaded!
[2025-09-20 17:14:09.278] INFO - Version 3.250912.0 prod production 
[2025-09-20 17:14:09.278] INFO - Version 3.250912.0 prod production 
[2025-09-20 17:14:09.278] INFO - Time: Sat Sep 20 2025 17:14:09 GMT-0500 (Central Daylight Time)
[2025-09-20 17:14:09.278] INFO - Time:
[2025-09-20 17:14:09.304] LOG - 22:14:09.302Z Try to restore session
[2025-09-20 17:14:09.305] LOG - 22:14:09.302Z Try to restore session
[2025-09-20 17:14:09.305] LOG - 22:14:09.303Z Access token will be renewed in 75 minutes; expired: Sat Sep 20 2025 18:34:08 GMT-0500 (Central Daylight Time), now: Sat Sep 20 2025 17:14:09 GMT-0500 (Central Daylight Time)
[2025-09-20 17:14:09.305] LOG - 22:14:09.303Z Access token will be renewed in 75 minutes; expired: Sat Sep 20 2025 18:34:08 GMT-0500 (Central Daylight Time), now: Sat Sep 20 2025 17:14:09 GMT-0500 (Central Daylight Time)
[2025-09-20 17:14:09.310] WARNING - 22:14:09.309Z [LaunchDarkly] The waitForInitialization function was called without a timeout specified. In a future version a default timeout will be applied.
[2025-09-20 17:14:09.311] WARNING - 22:14:09.309Z [LaunchDarkly] The waitForInitialization function was called without a timeout specified. In a future version a default timeout will be applied.
[2025-09-20 17:14:09.314] INFO - 22:14:09.314Z chart cache state: islands=3, bars=1532
[2025-09-20 17:14:09.315] INFO - 22:14:09.314Z chart cache state: islands=3, bars=1532
[2025-09-20 17:14:09.315] INFO - 22:14:09.314Z Chart history database initialized
[2025-09-20 17:14:09.315] INFO - 22:14:09.314Z Chart history database initialized
[2025-09-20 17:14:09.326] INFO - 22:14:09.325Z [LaunchDarkly] LaunchDarkly client initialized
[2025-09-20 17:14:09.326] INFO - 22:14:09.325Z [LaunchDarkly] LaunchDarkly client initialized
[2025-09-20 17:14:09.327] INFO - 22:14:09.325Z [LaunchDarkly] Opening stream connection to https://clientstream.launchdarkly.com/eval/66cdf5b9cf61891061b4e437/eyJraW5kIjoidXNlciIsImtleSI6InVua25vd24iLCJhbm9ueW1vdXMiOmZhbHNlfQ
[2025-09-20 17:14:09.327] INFO - 22:14:09.325Z [LaunchDarkly] Opening stream connection to https://clientstream.launchdarkly.com/eval/66cdf5b9cf61891061b4e437/eyJraW5kIjoidXNlciIsImtleSI6InVua25vd24iLCJhbm9ueW1vdXMiOmZhbHNlfQ
[2025-09-20 17:14:09.766] error - Access to XMLHttpRequest at 'https://app.launchdarkly.com/sdk/evalx/66cdf5b9cf61891061b4e437/contexts/eyJraW5kIjoidXNlciIsImtleSI6IjQ2NTYwMjciLCJkZXZpY2UiOiJkZXNrdG9wIiwidXNlcklkIjo0NjU2MDI3LCJpcENvdW50cnkiOiJVUyIsIm9yZ05hbWUiOiJURFYiLCJuYW1lIjoiWmVuZXgzMjk4IiwibGFuZGluZ1BhcmFtcyI6IiJ9' from origin 'https://trader.tradovate.com' has been blocked by CORS policy: No 'Access-Control-Allow-Origin' header is present on the requested resource.
[2025-09-20 17:14:09.767] ERROR - 22:14:09.766Z [LaunchDarkly] network error (Error)
[2025-09-20 17:14:09.767] ERROR - 22:14:09.766Z [LaunchDarkly] network error (Error)
[2025-09-20 17:14:09.768] error - Failed to load resource: net::ERR_FAILED
[2025-09-20 17:14:09.772] ERROR - Exception: t
[2025-09-20 17:14:09.870] LOG - 22:14:09.866Z opening https://demo.tradovateapi.com/
[2025-09-20 17:14:09.871] LOG - 22:14:09.866Z opening https://demo.tradovateapi.com/
[2025-09-20 17:14:09.875] LOG - 22:14:09.874Z Hotkeys initialized {"Shift+Digit1":["orders/selectColumns"],"Shift+Digit2":["orders/showFilters"],"Shift+Digit3":["orders/standardTableView"],"Shift+Digit4":["orders/linkedOrdersView"],"Command+Shift+Digit0":["dom-chart/exit-and-cancel"]}
[2025-09-20 17:14:09.875] LOG - 22:14:09.874Z Hotkeys initialized {"Shift+Digit1":["orders/selectColumns"],"Shift+Digit2":["orders/showFilters"],"Shift+Digit3":["orders/standardTableView"],"Shift+Digit4":["orders/linkedOrdersView"],"Command+Shift+Digit0":["dom-chart/exit-and-cancel"]}
[2025-09-20 17:14:09.942] LOG - 22:14:09.941Z websocket opened
[2025-09-20 17:14:09.942] LOG - 22:14:09.941Z websocket opened
[2025-09-20 17:14:09.996] LOG - 22:14:09.993Z opening https://md-demo.tradovateapi.com/
[2025-09-20 17:14:09.998] LOG - 22:14:09.993Z opening https://md-demo.tradovateapi.com/
[2025-09-20 17:14:09.999] LOG - 22:14:09.994Z Connection:  open
[2025-09-20 17:14:10.000] LOG - 22:14:09.994Z Connection:  open
[2025-09-20 17:14:10.960] LOG - 22:14:10.959Z WebGL:  {"isWebGL2":true,"precision":"highp","logarithmicDepthBuffer":false,"maxTextures":16,"maxVertexTextures":16,"maxTextureSize":16384,"maxCubemapSize":16384,"maxAttributes":16,"maxVertexUniforms":1024,"maxVaryings":30,"maxFragmentUniforms":1024,"vertexTextures":true,"floatFragmentTextures":true,"floatVertexTextures":true,"maxSamples":8} , devicePixelRatio:  2
[2025-09-20 17:14:10.964] LOG - 22:14:10.959Z Canvas size: 500 896 dpp:  2
[2025-09-20 17:14:10.980] LOG - 22:14:10.969Z Loading App-level Plugins
[2025-09-20 17:14:10.985] LOG - 22:14:10.969Z Loading App-level Plugins
[2025-09-20 17:14:10.988] LOG - 22:14:10.981Z WebGL:  {"isWebGL2":true,"precision":"highp","logarithmicDepthBuffer":false,"maxTextures":16,"maxVertexTextures":16,"maxTextureSize":16384,"maxCubemapSize":16384,"maxAttributes":16,"maxVertexUniforms":1024,"maxVaryings":30,"maxFragmentUniforms":1024,"vertexTextures":true,"floatFragmentTextures":true,"floatVertexTextures":true,"maxSamples":8} , devicePixelRatio:  2
[2025-09-20 17:14:10.989] LOG - 22:14:10.981Z Canvas size: 500 896 dpp:  2
[2025-09-20 17:14:11.059] LOG - 22:14:11.036Z websocket opened
[2025-09-20 17:14:11.059] LOG - 22:14:11.036Z websocket opened
[2025-09-20 17:14:11.111] LOG - 22:14:11.109Z loadAppLevelPlugins:  [object Object]
[2025-09-20 17:14:11.111] LOG - 22:14:11.109Z loadAppLevelPlugins: 
[2025-09-20 17:14:11.957] LOG - 22:14:11.928Z jailing is in progress
[2025-09-20 17:14:11.957] LOG - 22:14:11.928Z jailing is in progress
[2025-09-20 17:14:12.113] LOG - 22:14:12.112Z pending jailing done. next starts
[2025-09-20 17:14:12.113] LOG - 22:14:12.112Z pending jailing done. next starts
[2025-09-20 17:14:13.004] LOG - 22:14:13.002Z created chart 1
[2025-09-20 17:14:13.224] LOG - 22:14:13.222Z updating the shared isolation
[2025-09-20 17:14:13.225] LOG - 22:14:13.222Z updating the shared isolation
[2025-09-20 17:14:13.293] LOG - 22:14:13.228Z requestChart: {"symbol":"3267312","chartDescription":{"underlyingType":"Tick","elementSize":5000,"elementSizeUnit":"UnderlyingUnits","withHistogram":false},"timeRange":{"asMuchAsElements":300}}
[2025-09-20 17:14:13.296] LOG - 22:14:13.228Z requestChart: {"symbol":"3267312","chartDescription":{"underlyingType":"Tick","elementSize":5000,"elementSizeUnit":"UnderlyingUnits","withHistogram":false},"timeRange":{"asMuchAsElements":300}}
[2025-09-20 17:14:13.297] LOG - 22:14:13.228Z mdMgApi open
[2025-09-20 17:14:13.297] LOG - 22:14:13.228Z mdMgApi open
[2025-09-20 17:14:18.044] LOG - 22:14:18.042Z Auto Order script initialized - AUTOMATIC HOT RELOAD SUCCESS!
[2025-09-20 17:14:18.044] LOG - 22:14:18.042Z Auto Order script initialized - AUTOMATIC HOT RELOAD SUCCESS!
[2025-09-20 17:14:18.045] LOG - 22:14:18.043Z Creating UI...
[2025-09-20 17:14:18.045] LOG - 22:14:18.043Z Creating UI...
[2025-09-20 17:14:18.045] LOG - 22:14:18.043Z Creating UI
[2025-09-20 17:14:18.045] LOG - 22:14:18.043Z Creating UI
[2025-09-20 17:14:18.046] LOG - 22:14:18.044Z Stored values: TP=120, SL=40, Qty=5, Tick=0.25, Symbol=NQ
[2025-09-20 17:14:18.047] LOG - 22:14:18.044Z Stored values: TP=120, SL=40, Qty=5, Tick=0.25, Symbol=NQ
[2025-09-20 17:14:18.047] LOG - 22:14:18.045Z UI container added to DOM
[2025-09-20 17:14:18.048] LOG - 22:14:18.045Z UI container added to DOM
[2025-09-20 17:14:18.049] LOG - 22:14:18.046Z Setting up UI event handlers
[2025-09-20 17:14:18.049] LOG - 22:14:18.046Z Setting up UI event handlers
[2025-09-20 17:14:18.050] LOG - 22:14:18.046Z Setting up persistent settings
[2025-09-20 17:14:18.051] LOG - 22:14:18.046Z Setting up persistent settings
[2025-09-20 17:14:18.051] LOG - 22:14:18.046Z Setting up drag functionality
[2025-09-20 17:14:18.052] LOG - 22:14:18.046Z Setting up drag functionality
[2025-09-20 17:14:18.052] LOG - 22:14:18.046Z Setting up trade buttons
[2025-09-20 17:14:18.053] LOG - 22:14:18.046Z Setting up trade buttons
[2025-09-20 17:14:18.053] LOG - 22:14:18.046Z UI creation complete
[2025-09-20 17:14:18.053] LOG - 22:14:18.046Z UI creation complete
[2025-09-20 17:14:18.053] LOG - 22:14:18.046Z Creating example front-quarter symbol
[2025-09-20 17:14:18.053] LOG - 22:14:18.046Z Creating example front-quarter symbol
[2025-09-20 17:14:18.053] LOG - 22:14:18.047Z getQuarterlyCode called with date: 2025-09-20T22:14:18.047Z
[2025-09-20 17:14:18.054] LOG - 22:14:18.047Z getQuarterlyCode called with date: 2025-09-20T22:14:18.047Z
[2025-09-20 17:14:18.054] LOG - 22:14:18.047Z Current month index: 8
[2025-09-20 17:14:18.054] LOG - 22:14:18.047Z Current month index: 8
[2025-09-20 17:14:18.054] LOG - 22:14:18.047Z Starting calculation with year=2025, month=8
[2025-09-20 17:14:18.054] LOG - 22:14:18.047Z Starting calculation with year=2025, month=8
[2025-09-20 17:14:18.054] LOG - 22:14:18.047Z Calculated quarterly code: letter=Z, yearDigit=5
[2025-09-20 17:14:18.054] LOG - 22:14:18.047Z Calculated quarterly code: letter=Z, yearDigit=5
[2025-09-20 17:14:18.054] LOG - 22:14:18.047Z Example front-quarter symbol created: NQZ5
[2025-09-20 17:14:18.055] LOG - 22:14:18.047Z Example front-quarter symbol created: NQZ5
[2025-09-20 17:14:18.064] LOG - 22:14:18.062Z Auto Risk Management: Running initial risk assessment...
[2025-09-20 17:14:18.065] LOG - 22:14:18.062Z Auto Risk Management: Running initial risk assessment...
[2025-09-20 17:14:18.067] LOG - 22:14:18.064Z [analyzePhase] resetting phaseData
[2025-09-20 17:14:18.068] LOG - 22:14:18.064Z [analyzePhase] resetting phaseData
[2025-09-20 17:14:18.069] LOG - 22:14:18.064Z [analyzePhase] set phase 1 maxActive to 1
[2025-09-20 17:14:18.069] LOG - 22:14:18.064Z [analyzePhase] set phase 1 maxActive to 1
[2025-09-20 17:14:18.070] LOG - 22:14:18.064Z [analyzePhase] increased phase 2 maxActive to 1
[2025-09-20 17:14:18.070] LOG - 22:14:18.064Z [analyzePhase] increased phase 2 maxActive to 1
[2025-09-20 17:14:18.071] LOG - 22:14:18.064Z [updateUserColumnPhaseStatus] Starting...
[2025-09-20 17:14:18.071] LOG - 22:14:18.064Z [updateUserColumnPhaseStatus] Starting...
[2025-09-20 17:14:18.072] LOG - 22:14:18.065Z [updateUserColumnPhaseStatus] Found 1 rows
[2025-09-20 17:14:18.072] LOG - 22:14:18.065Z [updateUserColumnPhaseStatus] Found 1 rows
[2025-09-20 17:14:18.073] LOG - 22:14:18.065Z [updateUserColumnPhaseStatus] Header cells: Account ▲,Total Available Margin,User,Dist Drawdown Net Liq,Dollar Open P L,Dollar Total P L
[2025-09-20 17:14:18.074] LOG - 22:14:18.065Z [updateUserColumnPhaseStatus] Header cells:
[2025-09-20 17:14:18.075] LOG - 22:14:18.065Z [updateUserColumnPhaseStatus] Found User column at index 2
[2025-09-20 17:14:18.075] LOG - 22:14:18.065Z [updateUserColumnPhaseStatus] Found User column at index 2
[2025-09-20 17:14:18.075] LOG - 22:14:18.065Z [updateUserColumnPhaseStatus] Getting table data...
[2025-09-20 17:14:18.075] LOG - 22:14:18.065Z [updateUserColumnPhaseStatus] Getting table data...
[2025-09-20 17:14:18.076] LOG - 22:14:18.065Z [analyzePhase] resetting phaseData
[2025-09-20 17:14:18.076] LOG - 22:14:18.065Z [analyzePhase] resetting phaseData
[2025-09-20 17:14:18.076] LOG - 22:14:18.065Z [analyzePhase] set phase 1 maxActive to 1
[2025-09-20 17:14:18.076] LOG - 22:14:18.065Z [analyzePhase] set phase 1 maxActive to 1
[2025-09-20 17:14:18.076] LOG - 22:14:18.065Z [analyzePhase] increased phase 2 maxActive to 1
[2025-09-20 17:14:18.076] LOG - 22:14:18.065Z [analyzePhase] increased phase 2 maxActive to 1
[2025-09-20 17:14:18.076] LOG - 22:14:18.066Z [updateUserColumnPhaseStatus] Table data: 0 rows
[2025-09-20 17:14:18.076] LOG - 22:14:18.066Z [updateUserColumnPhaseStatus] Table data: 0 rows
[2025-09-20 17:14:18.077] ERROR - 22:14:18.066Z [updateUserColumnPhaseStatus] No data from getTableData()
[2025-09-20 17:14:18.077] ERROR - 22:14:18.066Z [updateUserColumnPhaseStatus] No data from getTableData()
[2025-09-20 17:14:18.088] warning - The AudioContext was not allowed to start. It must be resumed (or created) after a user gesture on the page. https://developer.chrome.com/blog/autoplay/#web_audio
[2025-09-20 17:14:18.089] LOG - 22:14:18.077Z Auto Risk Management: Initial risk assessment completed
[2025-09-20 17:14:18.089] LOG - 22:14:18.077Z Auto Risk Management: Initial risk assessment completed
[2025-09-20 17:14:19.083] LOG - 22:14:19.081Z [analyzePhase] resetting phaseData
[2025-09-20 17:14:19.101] LOG - 22:14:19.081Z [analyzePhase] resetting phaseData
[2025-09-20 17:14:19.102] LOG - 22:14:19.082Z [analyzePhase] set phase 1 maxActive to 1
[2025-09-20 17:14:19.103] LOG - 22:14:19.082Z [analyzePhase] set phase 1 maxActive to 1
[2025-09-20 17:14:19.103] LOG - 22:14:19.082Z [analyzePhase] increased phase 2 maxActive to 1
[2025-09-20 17:14:19.103] LOG - 22:14:19.082Z [analyzePhase] increased phase 2 maxActive to 1
[2025-09-20 17:14:19.104] WARNING - 22:14:19.082Z Error in deferred func: TypeError: Cannot read properties of undefined (reading 'querySelector'), function(){d(a),f(function(){d(null)},0);var e=i.apply(this,arguments);return d(null),e} TypeError: Cannot read properties of undefined (reading 'querySelector'),    at <anonymous>:377:98,    at i.__trace__ (https://cdn.tradovate.com/tradovate/scripts/8623.bc07fac1.js:2:4608552),    at https://cdn.tradovate.com/tradovate/scripts/8623.bc07fac1.js:2:3545147
[2025-09-20 17:14:19.105] WARNING - 22:14:19.082Z Error in deferred func: TypeError: Cannot read properties of undefined (reading 'querySelector'), function(){d(a),f(function(){d(null)},0);var e=i.apply(this,arguments);return d(null),e}
[2025-09-20 17:14:19.105] LOG - 22:14:19.092Z Executing initial risk management assessment...
[2025-09-20 17:14:19.106] LOG - 22:14:19.092Z Executing initial risk management assessment...
[2025-09-20 17:14:19.106] ERROR - 22:14:19.093Z getTableData function not found
[2025-09-20 17:14:19.107] ERROR - 22:14:19.093Z getTableData function not found
[2025-09-20 17:14:19.114] ERROR - 22:14:19.093Z updateUserColumnPhaseStatus function not found
[2025-09-20 17:14:19.117] ERROR - 22:14:19.093Z updateUserColumnPhaseStatus function not found
[2025-09-20 17:14:19.117] ERROR - 22:14:19.093Z performAccountActions function not found
[2025-09-20 17:14:19.117] ERROR - 22:14:19.093Z performAccountActions function not found
[2025-09-20 17:14:19.117] LOG - 22:14:19.093Z Risk management assessment completed
[2025-09-20 17:14:19.118] LOG - 22:14:19.093Z Risk management assessment completed
[2025-09-20 17:14:34.187] LOG - 22:14:34.187Z Auto Risk Management: Running initial risk assessment...
[2025-09-20 17:14:34.188] LOG - 22:14:34.187Z Auto Risk Management: Running initial risk assessment...
[2025-09-20 17:14:34.189] LOG - 22:14:34.187Z [analyzePhase] resetting phaseData
[2025-09-20 17:14:34.190] LOG - 22:14:34.187Z [analyzePhase] resetting phaseData
[2025-09-20 17:14:34.191] LOG - 22:14:34.187Z [analyzePhase] set phase 1 maxActive to 1
[2025-09-20 17:14:34.192] LOG - 22:14:34.187Z [analyzePhase] set phase 1 maxActive to 1
[2025-09-20 17:14:34.192] LOG - 22:14:34.187Z [analyzePhase] increased phase 2 maxActive to 1
[2025-09-20 17:14:34.193] LOG - 22:14:34.187Z [analyzePhase] increased phase 2 maxActive to 1
[2025-09-20 17:14:34.195] LOG - 22:14:34.187Z [updateUserColumnPhaseStatus] Starting...
[2025-09-20 17:14:34.195] LOG - 22:14:34.187Z [updateUserColumnPhaseStatus] Starting...
[2025-09-20 17:14:34.196] LOG - 22:14:34.187Z [updateUserColumnPhaseStatus] Found 1 rows
[2025-09-20 17:14:34.196] LOG - 22:14:34.187Z [updateUserColumnPhaseStatus] Found 1 rows
[2025-09-20 17:14:34.196] LOG - 22:14:34.187Z [updateUserColumnPhaseStatus] Header cells: Account ▲,Total Available Margin,User,Dist Drawdown Net Liq,Dollar Open P L,Dollar Total P L
[2025-09-20 17:14:34.196] LOG - 22:14:34.187Z [updateUserColumnPhaseStatus] Header cells:
[2025-09-20 17:14:34.197] LOG - 22:14:34.187Z [updateUserColumnPhaseStatus] Found User column at index 2
[2025-09-20 17:14:34.197] LOG - 22:14:34.187Z [updateUserColumnPhaseStatus] Found User column at index 2
[2025-09-20 17:14:34.197] LOG - 22:14:34.188Z [updateUserColumnPhaseStatus] Getting table data...
[2025-09-20 17:14:34.197] LOG - 22:14:34.188Z [updateUserColumnPhaseStatus] Getting table data...
[2025-09-20 17:14:34.197] LOG - 22:14:34.188Z [analyzePhase] resetting phaseData
[2025-09-20 17:14:34.197] LOG - 22:14:34.188Z [analyzePhase] resetting phaseData
[2025-09-20 17:14:34.198] LOG - 22:14:34.188Z [analyzePhase] set phase 1 maxActive to 1
[2025-09-20 17:14:34.198] LOG - 22:14:34.188Z [analyzePhase] set phase 1 maxActive to 1
[2025-09-20 17:14:34.198] LOG - 22:14:34.188Z [analyzePhase] increased phase 2 maxActive to 1
[2025-09-20 17:14:34.198] LOG - 22:14:34.188Z [analyzePhase] increased phase 2 maxActive to 1
[2025-09-20 17:14:34.198] LOG - 22:14:34.188Z [updateUserColumnPhaseStatus] Table data: 0 rows
[2025-09-20 17:14:34.198] LOG - 22:14:34.188Z [updateUserColumnPhaseStatus] Table data: 0 rows
[2025-09-20 17:14:34.199] ERROR - 22:14:34.188Z [updateUserColumnPhaseStatus] No data from getTableData()
[2025-09-20 17:14:34.200] ERROR - 22:14:34.188Z [updateUserColumnPhaseStatus] No data from getTableData()
[2025-09-20 17:14:34.201] LOG - 22:14:34.191Z Auto Risk Management: Initial risk assessment completed
[2025-09-20 17:14:34.201] LOG - 22:14:34.191Z Auto Risk Management: Initial risk assessment completed
[2025-09-20 17:14:35.196] LOG - 22:14:35.193Z [analyzePhase] resetting phaseData
[2025-09-20 17:14:35.198] LOG - 22:14:35.193Z [analyzePhase] resetting phaseData
[2025-09-20 17:14:35.199] LOG - 22:14:35.193Z [analyzePhase] set phase 1 maxActive to 1
[2025-09-20 17:14:35.199] LOG - 22:14:35.193Z [analyzePhase] set phase 1 maxActive to 1
[2025-09-20 17:14:35.199] LOG - 22:14:35.194Z [analyzePhase] increased phase 2 maxActive to 1
[2025-09-20 17:14:35.200] LOG - 22:14:35.194Z [analyzePhase] increased phase 2 maxActive to 1
[2025-09-20 17:14:35.200] LOG - 22:14:35.196Z Executing initial risk management assessment...
[2025-09-20 17:14:35.201] LOG - 22:14:35.196Z Executing initial risk management assessment...
[2025-09-20 17:14:35.201] ERROR - 22:14:35.196Z getTableData function not found
[2025-09-20 17:14:35.201] ERROR - 22:14:35.196Z getTableData function not found
[2025-09-20 17:14:35.201] ERROR - 22:14:35.197Z updateUserColumnPhaseStatus function not found
[2025-09-20 17:14:35.202] ERROR - 22:14:35.197Z updateUserColumnPhaseStatus function not found
[2025-09-20 17:14:35.202] ERROR - 22:14:35.197Z performAccountActions function not found
[2025-09-20 17:14:35.202] ERROR - 22:14:35.197Z performAccountActions function not found
[2025-09-20 17:14:35.202] LOG - 22:14:35.197Z Risk management assessment completed
[2025-09-20 17:14:35.202] LOG - 22:14:35.197Z Risk management assessment completed
[2025-09-20 17:14:36.234] LOG - 22:14:36.233Z Auto Risk Management: Running initial risk assessment...
[2025-09-20 17:14:36.234] LOG - 22:14:36.233Z Auto Risk Management: Running initial risk assessment...
[2025-09-20 17:14:36.235] LOG - 22:14:36.233Z [analyzePhase] resetting phaseData
[2025-09-20 17:14:36.236] LOG - 22:14:36.233Z [analyzePhase] resetting phaseData
[2025-09-20 17:14:36.236] LOG - 22:14:36.233Z [analyzePhase] set phase 1 maxActive to 1
[2025-09-20 17:14:36.237] LOG - 22:14:36.233Z [analyzePhase] set phase 1 maxActive to 1
[2025-09-20 17:14:36.239] LOG - 22:14:36.233Z [analyzePhase] increased phase 2 maxActive to 1
[2025-09-20 17:14:36.240] LOG - 22:14:36.233Z [analyzePhase] increased phase 2 maxActive to 1
[2025-09-20 17:14:36.242] LOG - 22:14:36.233Z [updateUserColumnPhaseStatus] Starting...
[2025-09-20 17:14:36.242] LOG - 22:14:36.233Z [updateUserColumnPhaseStatus] Starting...
[2025-09-20 17:14:36.243] LOG - 22:14:36.233Z [updateUserColumnPhaseStatus] Found 1 rows
[2025-09-20 17:14:36.244] LOG - 22:14:36.233Z [updateUserColumnPhaseStatus] Found 1 rows
[2025-09-20 17:14:36.245] LOG - 22:14:36.234Z [updateUserColumnPhaseStatus] Header cells: Account ▲,Total Available Margin,User,Dist Drawdown Net Liq,Dollar Open P L,Dollar Total P L
[2025-09-20 17:14:36.246] LOG - 22:14:36.234Z [updateUserColumnPhaseStatus] Header cells:
[2025-09-20 17:14:36.247] LOG - 22:14:36.234Z [updateUserColumnPhaseStatus] Found User column at index 2
[2025-09-20 17:14:36.247] LOG - 22:14:36.234Z [updateUserColumnPhaseStatus] Found User column at index 2
[2025-09-20 17:14:36.248] LOG - 22:14:36.234Z [updateUserColumnPhaseStatus] Getting table data...
[2025-09-20 17:14:36.248] LOG - 22:14:36.234Z [updateUserColumnPhaseStatus] Getting table data...
[2025-09-20 17:14:36.248] LOG - 22:14:36.234Z [analyzePhase] resetting phaseData
[2025-09-20 17:14:36.248] LOG - 22:14:36.234Z [analyzePhase] resetting phaseData
[2025-09-20 17:14:36.249] LOG - 22:14:36.234Z [analyzePhase] set phase 1 maxActive to 1
[2025-09-20 17:14:36.249] LOG - 22:14:36.234Z [analyzePhase] set phase 1 maxActive to 1
[2025-09-20 17:14:36.249] LOG - 22:14:36.234Z [analyzePhase] increased phase 2 maxActive to 1
[2025-09-20 17:14:36.249] LOG - 22:14:36.234Z [analyzePhase] increased phase 2 maxActive to 1
[2025-09-20 17:14:36.249] LOG - 22:14:36.234Z [updateUserColumnPhaseStatus] Table data: 0 rows
[2025-09-20 17:14:36.249] LOG - 22:14:36.234Z [updateUserColumnPhaseStatus] Table data: 0 rows
[2025-09-20 17:14:36.250] ERROR - 22:14:36.234Z [updateUserColumnPhaseStatus] No data from getTableData()
[2025-09-20 17:14:36.250] ERROR - 22:14:36.234Z [updateUserColumnPhaseStatus] No data from getTableData()
[2025-09-20 17:14:36.250] LOG - 22:14:36.237Z Auto Risk Management: Initial risk assessment completed
[2025-09-20 17:14:36.250] LOG - 22:14:36.237Z Auto Risk Management: Initial risk assessment completed
[2025-09-20 17:14:37.241] LOG - 22:14:37.240Z [analyzePhase] resetting phaseData
[2025-09-20 17:14:37.242] LOG - 22:14:37.240Z [analyzePhase] resetting phaseData
[2025-09-20 17:14:37.242] LOG - 22:14:37.240Z [analyzePhase] set phase 1 maxActive to 1
[2025-09-20 17:14:37.244] LOG - 22:14:37.240Z [analyzePhase] set phase 1 maxActive to 1
[2025-09-20 17:14:37.244] LOG - 22:14:37.240Z [analyzePhase] increased phase 2 maxActive to 1
[2025-09-20 17:14:37.245] LOG - 22:14:37.240Z [analyzePhase] increased phase 2 maxActive to 1
[2025-09-20 17:14:37.246] LOG - 22:14:37.242Z Executing initial risk management assessment...
[2025-09-20 17:14:37.246] LOG - 22:14:37.242Z Executing initial risk management assessment...
[2025-09-20 17:14:37.246] ERROR - 22:14:37.243Z getTableData function not found
[2025-09-20 17:14:37.247] ERROR - 22:14:37.243Z getTableData function not found
[2025-09-20 17:14:37.247] ERROR - 22:14:37.243Z updateUserColumnPhaseStatus function not found
[2025-09-20 17:14:37.247] ERROR - 22:14:37.243Z updateUserColumnPhaseStatus function not found
[2025-09-20 17:14:37.247] ERROR - 22:14:37.243Z performAccountActions function not found
[2025-09-20 17:14:37.247] ERROR - 22:14:37.243Z performAccountActions function not found
[2025-09-20 17:14:37.247] LOG - 22:14:37.243Z Risk management assessment completed
[2025-09-20 17:14:37.247] LOG - 22:14:37.243Z Risk management assessment completed
[2025-09-20 17:15:09.334] INFO - 22:15:09.332Z time stats. avg diff: -27, min: -27, max: -27, roundtrip: 23 msec, #1
[2025-09-20 17:15:09.335] INFO - 22:15:09.332Z time stats. avg diff: -27, min: -27, max: -27, roundtrip: 23 msec, #1
[2025-09-20 17:16:10.996] LOG - 22:16:10.994Z WebGL:  {"geometries":65,"textures":1} 6 , devicePixelRatio:  2
[2025-09-20 17:18:10.996] LOG - 22:18:10.994Z WebGL:  {"geometries":65,"textures":1} 6 , devicePixelRatio:  2
[2025-09-20 17:18:38.007] LOG - 22:18:38.006Z Auto Risk Management: Running initial risk assessment...
[2025-09-20 17:18:38.007] LOG - 22:18:38.006Z Auto Risk Management: Running initial risk assessment...
[2025-09-20 17:18:38.008] LOG - 22:18:38.006Z [analyzePhase] resetting phaseData
[2025-09-20 17:18:38.009] LOG - 22:18:38.006Z [analyzePhase] resetting phaseData
[2025-09-20 17:18:38.009] LOG - 22:18:38.006Z [analyzePhase] set phase 1 maxActive to 1
[2025-09-20 17:18:38.010] LOG - 22:18:38.006Z [analyzePhase] set phase 1 maxActive to 1
[2025-09-20 17:18:38.011] LOG - 22:18:38.006Z [analyzePhase] increased phase 2 maxActive to 1
[2025-09-20 17:18:38.012] LOG - 22:18:38.006Z [analyzePhase] increased phase 2 maxActive to 1
[2025-09-20 17:18:38.013] LOG - 22:18:38.006Z [updateUserColumnPhaseStatus] Starting...
[2025-09-20 17:18:38.014] LOG - 22:18:38.006Z [updateUserColumnPhaseStatus] Starting...
[2025-09-20 17:18:38.015] LOG - 22:18:38.006Z [updateUserColumnPhaseStatus] Found 1 rows
[2025-09-20 17:18:38.016] LOG - 22:18:38.006Z [updateUserColumnPhaseStatus] Found 1 rows
[2025-09-20 17:18:38.016] LOG - 22:18:38.006Z [updateUserColumnPhaseStatus] Header cells: Account ▲,Total Available Margin,User,Dist Drawdown Net Liq,Dollar Open P L,Dollar Total P L
[2025-09-20 17:18:38.016] LOG - 22:18:38.006Z [updateUserColumnPhaseStatus] Header cells:
[2025-09-20 17:18:38.017] LOG - 22:18:38.006Z [updateUserColumnPhaseStatus] Found User column at index 2
[2025-09-20 17:18:38.017] LOG - 22:18:38.006Z [updateUserColumnPhaseStatus] Found User column at index 2
[2025-09-20 17:18:38.017] LOG - 22:18:38.007Z [updateUserColumnPhaseStatus] Getting table data...
[2025-09-20 17:18:38.017] LOG - 22:18:38.007Z [updateUserColumnPhaseStatus] Getting table data...
[2025-09-20 17:18:38.017] LOG - 22:18:38.007Z [analyzePhase] resetting phaseData
[2025-09-20 17:18:38.017] LOG - 22:18:38.007Z [analyzePhase] resetting phaseData
[2025-09-20 17:18:38.018] LOG - 22:18:38.007Z [analyzePhase] set phase 1 maxActive to 1
[2025-09-20 17:18:38.018] LOG - 22:18:38.007Z [analyzePhase] set phase 1 maxActive to 1
[2025-09-20 17:18:38.018] LOG - 22:18:38.007Z [analyzePhase] increased phase 2 maxActive to 1
[2025-09-20 17:18:38.018] LOG - 22:18:38.007Z [analyzePhase] increased phase 2 maxActive to 1
[2025-09-20 17:18:38.018] LOG - 22:18:38.007Z [updateUserColumnPhaseStatus] Table data: 0 rows
[2025-09-20 17:18:38.018] LOG - 22:18:38.007Z [updateUserColumnPhaseStatus] Table data: 0 rows
[2025-09-20 17:18:38.018] ERROR - 22:18:38.007Z [updateUserColumnPhaseStatus] No data from getTableData()
[2025-09-20 17:18:38.019] ERROR - 22:18:38.007Z [updateUserColumnPhaseStatus] No data from getTableData()
[2025-09-20 17:18:38.019] LOG - 22:18:38.012Z Auto Risk Management: Initial risk assessment completed
[2025-09-20 17:18:38.019] LOG - 22:18:38.012Z Auto Risk Management: Initial risk assessment completed
[2025-09-20 17:18:39.015] LOG - 22:18:39.013Z [analyzePhase] resetting phaseData
[2025-09-20 17:18:39.015] LOG - 22:18:39.013Z [analyzePhase] resetting phaseData
[2025-09-20 17:18:39.016] LOG - 22:18:39.013Z [analyzePhase] set phase 1 maxActive to 1
[2025-09-20 17:18:39.016] LOG - 22:18:39.013Z [analyzePhase] set phase 1 maxActive to 1
[2025-09-20 17:18:39.018] LOG - 22:18:39.014Z [analyzePhase] increased phase 2 maxActive to 1
[2025-09-20 17:18:39.018] LOG - 22:18:39.014Z [analyzePhase] increased phase 2 maxActive to 1
[2025-09-20 17:18:39.018] LOG - 22:18:39.016Z Executing initial risk management assessment...
[2025-09-20 17:18:39.018] LOG - 22:18:39.016Z Executing initial risk management assessment...
[2025-09-20 17:18:39.019] ERROR - 22:18:39.016Z getTableData function not found
[2025-09-20 17:18:39.019] ERROR - 22:18:39.016Z getTableData function not found
[2025-09-20 17:18:39.019] ERROR - 22:18:39.016Z updateUserColumnPhaseStatus function not found
[2025-09-20 17:18:39.019] ERROR - 22:18:39.016Z updateUserColumnPhaseStatus function not found
[2025-09-20 17:18:39.019] ERROR - 22:18:39.016Z performAccountActions function not found
[2025-09-20 17:18:39.019] ERROR - 22:18:39.016Z performAccountActions function not found
[2025-09-20 17:18:39.019] LOG - 22:18:39.016Z Risk management assessment completed
[2025-09-20 17:18:39.020] LOG - 22:18:39.016Z Risk management assessment completed
[2025-09-20 17:18:40.054] LOG - 22:18:40.053Z Auto Risk Management: Running initial risk assessment...
[2025-09-20 17:18:40.055] LOG - 22:18:40.053Z Auto Risk Management: Running initial risk assessment...
[2025-09-20 17:18:40.056] LOG - 22:18:40.053Z [analyzePhase] resetting phaseData
[2025-09-20 17:18:40.057] LOG - 22:18:40.053Z [analyzePhase] resetting phaseData
[2025-09-20 17:18:40.058] LOG - 22:18:40.053Z [analyzePhase] set phase 1 maxActive to 1
[2025-09-20 17:18:40.059] LOG - 22:18:40.053Z [analyzePhase] set phase 1 maxActive to 1
[2025-09-20 17:18:40.060] LOG - 22:18:40.054Z [analyzePhase] increased phase 2 maxActive to 1
[2025-09-20 17:18:40.061] LOG - 22:18:40.054Z [analyzePhase] increased phase 2 maxActive to 1
[2025-09-20 17:18:40.062] LOG - 22:18:40.054Z [updateUserColumnPhaseStatus] Starting...
[2025-09-20 17:18:40.062] LOG - 22:18:40.054Z [updateUserColumnPhaseStatus] Starting...
[2025-09-20 17:18:40.063] LOG - 22:18:40.054Z [updateUserColumnPhaseStatus] Found 1 rows
[2025-09-20 17:18:40.063] LOG - 22:18:40.054Z [updateUserColumnPhaseStatus] Found 1 rows
[2025-09-20 17:18:40.063] LOG - 22:18:40.054Z [updateUserColumnPhaseStatus] Header cells: Account ▲,Total Available Margin,User,Dist Drawdown Net Liq,Dollar Open P L,Dollar Total P L
[2025-09-20 17:18:40.063] LOG - 22:18:40.054Z [updateUserColumnPhaseStatus] Header cells:
[2025-09-20 17:18:40.064] LOG - 22:18:40.054Z [updateUserColumnPhaseStatus] Found User column at index 2
[2025-09-20 17:18:40.064] LOG - 22:18:40.054Z [updateUserColumnPhaseStatus] Found User column at index 2
[2025-09-20 17:18:40.064] LOG - 22:18:40.054Z [updateUserColumnPhaseStatus] Getting table data...
[2025-09-20 17:18:40.064] LOG - 22:18:40.054Z [updateUserColumnPhaseStatus] Getting table data...
[2025-09-20 17:18:40.064] LOG - 22:18:40.054Z [analyzePhase] resetting phaseData
[2025-09-20 17:18:40.065] LOG - 22:18:40.054Z [analyzePhase] resetting phaseData
[2025-09-20 17:18:40.065] LOG - 22:18:40.054Z [analyzePhase] set phase 1 maxActive to 1
[2025-09-20 17:18:40.065] LOG - 22:18:40.054Z [analyzePhase] set phase 1 maxActive to 1
[2025-09-20 17:18:40.065] LOG - 22:18:40.054Z [analyzePhase] increased phase 2 maxActive to 1
[2025-09-20 17:18:40.065] LOG - 22:18:40.054Z [analyzePhase] increased phase 2 maxActive to 1
[2025-09-20 17:18:40.065] LOG - 22:18:40.054Z [updateUserColumnPhaseStatus] Table data: 0 rows
[2025-09-20 17:18:40.065] LOG - 22:18:40.054Z [updateUserColumnPhaseStatus] Table data: 0 rows
[2025-09-20 17:18:40.066] ERROR - 22:18:40.055Z [updateUserColumnPhaseStatus] No data from getTableData()
[2025-09-20 17:18:40.066] ERROR - 22:18:40.055Z [updateUserColumnPhaseStatus] No data from getTableData()
[2025-09-20 17:18:40.066] LOG - 22:18:40.057Z Auto Risk Management: Initial risk assessment completed
[2025-09-20 17:18:40.066] LOG - 22:18:40.057Z Auto Risk Management: Initial risk assessment completed
[2025-09-20 17:18:41.062] LOG - 22:18:41.059Z [analyzePhase] resetting phaseData
[2025-09-20 17:18:41.063] LOG - 22:18:41.059Z [analyzePhase] resetting phaseData
[2025-09-20 17:18:41.066] LOG - 22:18:41.060Z [analyzePhase] set phase 1 maxActive to 1
[2025-09-20 17:18:41.066] LOG - 22:18:41.060Z [analyzePhase] set phase 1 maxActive to 1
[2025-09-20 17:18:41.066] LOG - 22:18:41.060Z [analyzePhase] increased phase 2 maxActive to 1
[2025-09-20 17:18:41.066] LOG - 22:18:41.060Z [analyzePhase] increased phase 2 maxActive to 1
[2025-09-20 17:18:41.066] LOG - 22:18:41.062Z Executing initial risk management assessment...
[2025-09-20 17:18:41.067] LOG - 22:18:41.062Z Executing initial risk management assessment...
[2025-09-20 17:18:41.067] ERROR - 22:18:41.063Z getTableData function not found
[2025-09-20 17:18:41.067] ERROR - 22:18:41.063Z getTableData function not found
[2025-09-20 17:18:41.067] ERROR - 22:18:41.063Z updateUserColumnPhaseStatus function not found
[2025-09-20 17:18:41.067] ERROR - 22:18:41.063Z updateUserColumnPhaseStatus function not found
[2025-09-20 17:18:41.067] ERROR - 22:18:41.063Z performAccountActions function not found
[2025-09-20 17:18:41.068] ERROR - 22:18:41.063Z performAccountActions function not found
[2025-09-20 17:18:41.068] LOG - 22:18:41.063Z Risk management assessment completed
[2025-09-20 17:18:41.068] LOG - 22:18:41.063Z Risk management assessment completed
[2025-09-20 17:20:10.997] LOG - 22:20:10.995Z WebGL:  {"geometries":71,"textures":1} 6 , devicePixelRatio:  2
[2025-09-20 17:22:10.996] LOG - 22:22:10.995Z WebGL:  {"geometries":71,"textures":1} 6 , devicePixelRatio:  2
[2025-09-20 17:22:26.362] LOG - 22:22:26.360Z Auto Risk Management: Running initial risk assessment...
[2025-09-20 17:22:26.364] LOG - 22:22:26.360Z Auto Risk Management: Running initial risk assessment...
[2025-09-20 17:22:26.364] LOG - 22:22:26.360Z [analyzePhase] resetting phaseData
[2025-09-20 17:22:26.365] LOG - 22:22:26.360Z [analyzePhase] resetting phaseData
[2025-09-20 17:22:26.366] LOG - 22:22:26.360Z [analyzePhase] set phase 1 maxActive to 1
[2025-09-20 17:22:26.367] LOG - 22:22:26.360Z [analyzePhase] set phase 1 maxActive to 1
[2025-09-20 17:22:26.367] LOG - 22:22:26.360Z [analyzePhase] increased phase 2 maxActive to 1
[2025-09-20 17:22:26.368] LOG - 22:22:26.360Z [analyzePhase] increased phase 2 maxActive to 1
[2025-09-20 17:22:26.369] LOG - 22:22:26.361Z [updateUserColumnPhaseStatus] Starting...
[2025-09-20 17:22:26.370] LOG - 22:22:26.361Z [updateUserColumnPhaseStatus] Starting...
[2025-09-20 17:22:26.370] LOG - 22:22:26.361Z [updateUserColumnPhaseStatus] Found 1 rows
[2025-09-20 17:22:26.370] LOG - 22:22:26.361Z [updateUserColumnPhaseStatus] Found 1 rows
[2025-09-20 17:22:26.370] LOG - 22:22:26.361Z [updateUserColumnPhaseStatus] Header cells: Account ▲,Total Available Margin,User,Dist Drawdown Net Liq,Dollar Open P L,Dollar Total P L
[2025-09-20 17:22:26.370] LOG - 22:22:26.361Z [updateUserColumnPhaseStatus] Header cells:
[2025-09-20 17:22:26.370] LOG - 22:22:26.361Z [updateUserColumnPhaseStatus] Found User column at index 2
[2025-09-20 17:22:26.371] LOG - 22:22:26.361Z [updateUserColumnPhaseStatus] Found User column at index 2
[2025-09-20 17:22:26.371] LOG - 22:22:26.361Z [updateUserColumnPhaseStatus] Getting table data...
[2025-09-20 17:22:26.371] LOG - 22:22:26.361Z [updateUserColumnPhaseStatus] Getting table data...
[2025-09-20 17:22:26.371] LOG - 22:22:26.361Z [analyzePhase] resetting phaseData
[2025-09-20 17:22:26.371] LOG - 22:22:26.361Z [analyzePhase] resetting phaseData
[2025-09-20 17:22:26.371] LOG - 22:22:26.361Z [analyzePhase] set phase 1 maxActive to 1
[2025-09-20 17:22:26.371] LOG - 22:22:26.361Z [analyzePhase] set phase 1 maxActive to 1
[2025-09-20 17:22:26.372] LOG - 22:22:26.361Z [analyzePhase] increased phase 2 maxActive to 1
[2025-09-20 17:22:26.372] LOG - 22:22:26.361Z [analyzePhase] increased phase 2 maxActive to 1
[2025-09-20 17:22:26.372] LOG - 22:22:26.361Z [updateUserColumnPhaseStatus] Table data: 0 rows
[2025-09-20 17:22:26.372] LOG - 22:22:26.361Z [updateUserColumnPhaseStatus] Table data: 0 rows
[2025-09-20 17:22:26.372] ERROR - 22:22:26.361Z [updateUserColumnPhaseStatus] No data from getTableData()
[2025-09-20 17:22:26.372] ERROR - 22:22:26.361Z [updateUserColumnPhaseStatus] No data from getTableData()
[2025-09-20 17:22:26.372] LOG - 22:22:26.365Z Auto Risk Management: Initial risk assessment completed
[2025-09-20 17:22:26.373] LOG - 22:22:26.365Z Auto Risk Management: Initial risk assessment completed
[2025-09-20 17:22:27.368] LOG - 22:22:27.366Z [analyzePhase] resetting phaseData
[2025-09-20 17:22:27.369] LOG - 22:22:27.366Z [analyzePhase] resetting phaseData
[2025-09-20 17:22:27.370] LOG - 22:22:27.367Z [analyzePhase] set phase 1 maxActive to 1
[2025-09-20 17:22:27.371] LOG - 22:22:27.367Z [analyzePhase] set phase 1 maxActive to 1
[2025-09-20 17:22:27.373] LOG - 22:22:27.367Z [analyzePhase] increased phase 2 maxActive to 1
[2025-09-20 17:22:27.374] LOG - 22:22:27.367Z [analyzePhase] increased phase 2 maxActive to 1
[2025-09-20 17:22:27.374] LOG - 22:22:27.370Z Executing initial risk management assessment...
[2025-09-20 17:22:27.374] LOG - 22:22:27.370Z Executing initial risk management assessment...
[2025-09-20 17:22:27.374] ERROR - 22:22:27.370Z getTableData function not found
[2025-09-20 17:22:27.374] ERROR - 22:22:27.370Z getTableData function not found
[2025-09-20 17:22:27.374] ERROR - 22:22:27.371Z updateUserColumnPhaseStatus function not found
[2025-09-20 17:22:27.375] ERROR - 22:22:27.371Z updateUserColumnPhaseStatus function not found
[2025-09-20 17:22:27.375] ERROR - 22:22:27.371Z performAccountActions function not found
[2025-09-20 17:22:27.375] ERROR - 22:22:27.371Z performAccountActions function not found
[2025-09-20 17:22:27.375] LOG - 22:22:27.371Z Risk management assessment completed
[2025-09-20 17:22:27.375] LOG - 22:22:27.371Z Risk management assessment completed
[2025-09-20 17:22:28.412] LOG - 22:22:28.411Z Auto Risk Management: Running initial risk assessment...
[2025-09-20 17:22:28.413] LOG - 22:22:28.411Z Auto Risk Management: Running initial risk assessment...
[2025-09-20 17:22:28.414] LOG - 22:22:28.411Z [analyzePhase] resetting phaseData
[2025-09-20 17:22:28.414] LOG - 22:22:28.411Z [analyzePhase] resetting phaseData
[2025-09-20 17:22:28.415] LOG - 22:22:28.411Z [analyzePhase] set phase 1 maxActive to 1
[2025-09-20 17:22:28.416] LOG - 22:22:28.411Z [analyzePhase] set phase 1 maxActive to 1
[2025-09-20 17:22:28.417] LOG - 22:22:28.411Z [analyzePhase] increased phase 2 maxActive to 1
[2025-09-20 17:22:28.418] LOG - 22:22:28.411Z [analyzePhase] increased phase 2 maxActive to 1
[2025-09-20 17:22:28.419] LOG - 22:22:28.411Z [updateUserColumnPhaseStatus] Starting...
[2025-09-20 17:22:28.420] LOG - 22:22:28.411Z [updateUserColumnPhaseStatus] Starting...
[2025-09-20 17:22:28.421] LOG - 22:22:28.411Z [updateUserColumnPhaseStatus] Found 1 rows
[2025-09-20 17:22:28.421] LOG - 22:22:28.411Z [updateUserColumnPhaseStatus] Found 1 rows
[2025-09-20 17:22:28.421] LOG - 22:22:28.411Z [updateUserColumnPhaseStatus] Header cells: Account ▲,Total Available Margin,User,Dist Drawdown Net Liq,Dollar Open P L,Dollar Total P L
[2025-09-20 17:22:28.421] LOG - 22:22:28.411Z [updateUserColumnPhaseStatus] Header cells:
[2025-09-20 17:22:28.421] LOG - 22:22:28.412Z [updateUserColumnPhaseStatus] Found User column at index 2
[2025-09-20 17:22:28.422] LOG - 22:22:28.412Z [updateUserColumnPhaseStatus] Found User column at index 2
[2025-09-20 17:22:28.422] LOG - 22:22:28.412Z [updateUserColumnPhaseStatus] Getting table data...
[2025-09-20 17:22:28.422] LOG - 22:22:28.412Z [updateUserColumnPhaseStatus] Getting table data...
[2025-09-20 17:22:28.422] LOG - 22:22:28.412Z [analyzePhase] resetting phaseData
[2025-09-20 17:22:28.422] LOG - 22:22:28.412Z [analyzePhase] resetting phaseData
[2025-09-20 17:22:28.422] LOG - 22:22:28.412Z [analyzePhase] set phase 1 maxActive to 1
[2025-09-20 17:22:28.423] LOG - 22:22:28.412Z [analyzePhase] set phase 1 maxActive to 1
[2025-09-20 17:22:28.423] LOG - 22:22:28.412Z [analyzePhase] increased phase 2 maxActive to 1
[2025-09-20 17:22:28.423] LOG - 22:22:28.412Z [analyzePhase] increased phase 2 maxActive to 1
[2025-09-20 17:22:28.423] LOG - 22:22:28.412Z [updateUserColumnPhaseStatus] Table data: 0 rows
[2025-09-20 17:22:28.423] LOG - 22:22:28.412Z [updateUserColumnPhaseStatus] Table data: 0 rows
[2025-09-20 17:22:28.423] ERROR - 22:22:28.412Z [updateUserColumnPhaseStatus] No data from getTableData()
[2025-09-20 17:22:28.423] ERROR - 22:22:28.412Z [updateUserColumnPhaseStatus] No data from getTableData()
[2025-09-20 17:22:28.424] LOG - 22:22:28.414Z Auto Risk Management: Initial risk assessment completed
[2025-09-20 17:22:28.424] LOG - 22:22:28.414Z Auto Risk Management: Initial risk assessment completed
[2025-09-20 17:22:29.419] LOG - 22:22:29.416Z [analyzePhase] resetting phaseData
[2025-09-20 17:22:29.420] LOG - 22:22:29.416Z [analyzePhase] resetting phaseData
[2025-09-20 17:22:29.421] LOG - 22:22:29.417Z [analyzePhase] set phase 1 maxActive to 1
[2025-09-20 17:22:29.423] LOG - 22:22:29.417Z [analyzePhase] set phase 1 maxActive to 1
[2025-09-20 17:22:29.423] LOG - 22:22:29.417Z [analyzePhase] increased phase 2 maxActive to 1
[2025-09-20 17:22:29.423] LOG - 22:22:29.417Z [analyzePhase] increased phase 2 maxActive to 1
[2025-09-20 17:22:29.424] LOG - 22:22:29.419Z Executing initial risk management assessment...
[2025-09-20 17:22:29.424] LOG - 22:22:29.419Z Executing initial risk management assessment...
[2025-09-20 17:22:29.424] ERROR - 22:22:29.419Z getTableData function not found
[2025-09-20 17:22:29.424] ERROR - 22:22:29.419Z getTableData function not found
[2025-09-20 17:22:29.424] ERROR - 22:22:29.419Z updateUserColumnPhaseStatus function not found
[2025-09-20 17:22:29.424] ERROR - 22:22:29.419Z updateUserColumnPhaseStatus function not found
[2025-09-20 17:22:29.425] ERROR - 22:22:29.420Z performAccountActions function not found
[2025-09-20 17:22:29.425] ERROR - 22:22:29.420Z performAccountActions function not found
[2025-09-20 17:22:29.425] LOG - 22:22:29.420Z Risk management assessment completed
[2025-09-20 17:22:29.425] LOG - 22:22:29.420Z Risk management assessment completed
[2025-09-20 17:24:10.997] LOG - 22:24:10.995Z WebGL:  {"geometries":71,"textures":1} 6 , devicePixelRatio:  2
[2025-09-20 17:24:39.636] INFO - 22:24:39.635Z visibilitychange: hidden, gd: 1000
[2025-09-20 17:24:39.637] INFO - 22:24:39.635Z visibilitychange: hidden, gd: 1000
