[2025-09-24 15:40:54.872] LOG - 20:40:54.871Z Starting login process for: stonkz92224@gmail.com
[2025-09-24 15:40:54.873] LOG - 20:40:54.871Z Starting login process for: stonkz92224@gmail.com
[2025-09-24 15:40:54.874] LOG - 20:40:54.871Z Auto login function executing for: stonkz92224@gmail.com
[2025-09-24 15:40:54.875] LOG - 20:40:54.871Z Auto login function executing for: stonkz92224@gmail.com
[2025-09-24 15:40:54.875] LOG - 20:40:54.872Z Login form found, filling credentials...
[2025-09-24 15:40:54.875] LOG - 20:40:54.872Z Login form found, filling credentials...
[2025-09-24 15:40:55.013] LOG - 20:40:54.911Z Test element added to DOM
[2025-09-24 15:40:55.013] LOG - 20:40:54.911Z Test element added to DOM
[2025-09-24 15:40:55.015] LOG - 20:40:55.014Z All browser alerts and confirmations have been disabled
[2025-09-24 15:40:55.016] LOG - 20:40:55.014Z All browser alerts and confirmations have been disabled
[2025-09-24 15:40:55.386] LOG - 20:40:55.384Z Clicking login button...
[2025-09-24 15:40:55.387] LOG - 20:40:55.384Z Clicking login button...
[2025-09-24 15:40:55.397] LOG - 20:40:55.394Z authentication starting
[2025-09-24 15:40:55.397] LOG - 20:40:55.394Z authentication starting
[2025-09-24 15:40:55.742] warning - The AudioContext was not allowed to start. It must be resumed (or created) after a user gesture on the page. https://developer.chrome.com/blog/autoplay/#web_audio
[2025-09-24 15:40:55.743] LOG - 20:40:55.727Z Watching for account selection page...
[2025-09-24 15:40:55.746] LOG - 20:40:55.727Z Watching for account selection page...
[2025-09-24 15:40:56.052] LOG - 20:40:56.052Z Access token will be renewed in 75 minutes; expired: Wed Sep 24 2025 17:00:56 GMT-0500 (Central Daylight Time), now: Wed Sep 24 2025 15:40:56 GMT-0500 (Central Daylight Time)
[2025-09-24 15:40:56.053] LOG - 20:40:56.052Z Access token will be renewed in 75 minutes; expired: Wed Sep 24 2025 17:00:56 GMT-0500 (Central Daylight Time), now: Wed Sep 24 2025 15:40:56 GMT-0500 (Central Daylight Time)
[2025-09-24 15:40:56.334] INFO - 20:40:56.332Z [LaunchDarkly] Closing stream connection
[2025-09-24 15:40:56.334] INFO - 20:40:56.332Z [LaunchDarkly] Closing stream connection
[2025-09-24 15:40:56.335] INFO - 20:40:56.332Z [LaunchDarkly] Opening stream connection to https://clientstream.launchdarkly.com/eval/66cdf5b9cf61891061b4e437/eyJraW5kIjoidXNlciIsImtleSI6IjM2NTUwNTkiLCJkZXZpY2UiOiJkZXNrdG9wIiwidXNlcklkIjozNjU1MDU5LCJpcENvdW50cnkiOiJVUyIsIm9yZ05hbWUiOiJURFYiLCJuYW1lIjoiU3Rvbmt6OTIyMjQiLCJsYW5kaW5nUGFyYW1zIjoiIn0
[2025-09-24 15:40:56.336] INFO - 20:40:56.332Z [LaunchDarkly] Opening stream connection to https://clientstream.launchdarkly.com/eval/66cdf5b9cf61891061b4e437/eyJraW5kIjoidXNlciIsImtleSI6IjM2NTUwNTkiLCJkZXZpY2UiOiJkZXNrdG9wIiwidXNlcklkIjozNjU1MDU5LCJpcENvdW50cnkiOiJVUyIsIm9yZ05hbWUiOiJURFYiLCJuYW1lIjoiU3Rvbmt6OTIyMjQiLCJsYW5kaW5nUGFyYW1zIjoiIn0
[2025-09-24 15:40:56.336] INFO - 20:40:56.333Z [LaunchDarkly] Closing stream connection
[2025-09-24 15:40:56.336] INFO - 20:40:56.333Z [LaunchDarkly] Closing stream connection
[2025-09-24 15:40:56.336] INFO - 20:40:56.333Z [LaunchDarkly] Opening stream connection to https://clientstream.launchdarkly.com/eval/66cdf5b9cf61891061b4e437/eyJraW5kIjoidXNlciIsImtleSI6IjM2NTUwNTkiLCJkZXZpY2UiOiJkZXNrdG9wIiwidXNlcklkIjozNjU1MDU5LCJpcENvdW50cnkiOiJVUyIsIm9yZ05hbWUiOiJURFYiLCJuYW1lIjoiU3Rvbmt6OTIyMjQiLCJsYW5kaW5nUGFyYW1zIjoiIn0
[2025-09-24 15:40:56.336] INFO - 20:40:56.333Z [LaunchDarkly] Opening stream connection to https://clientstream.launchdarkly.com/eval/66cdf5b9cf61891061b4e437/eyJraW5kIjoidXNlciIsImtleSI6IjM2NTUwNTkiLCJkZXZpY2UiOiJkZXNrdG9wIiwidXNlcklkIjozNjU1MDU5LCJpcENvdW50cnkiOiJVUyIsIm9yZ05hbWUiOiJURFYiLCJuYW1lIjoiU3Rvbmt6OTIyMjQiLCJsYW5kaW5nUGFyYW1zIjoiIn0
[2025-09-24 15:40:56.390] INFO - 20:40:56.389Z [LaunchDarkly] Closing stream connection
[2025-09-24 15:40:56.391] INFO - 20:40:56.389Z [LaunchDarkly] Closing stream connection
[2025-09-24 15:40:56.391] INFO - 20:40:56.389Z [LaunchDarkly] Opening stream connection to https://clientstream.launchdarkly.com/eval/66cdf5b9cf61891061b4e437/eyJraW5kIjoidXNlciIsImtleSI6IjM2NTUwNTkiLCJkZXZpY2UiOiJkZXNrdG9wIiwidXNlcklkIjozNjU1MDU5LCJpcENvdW50cnkiOiJVUyIsIm9yZ05hbWUiOiJURFYiLCJuYW1lIjoiU3Rvbmt6OTIyMjQiLCJsYW5kaW5nUGFyYW1zIjoiIn0
[2025-09-24 15:40:56.391] INFO - 20:40:56.389Z [LaunchDarkly] Opening stream connection to https://clientstream.launchdarkly.com/eval/66cdf5b9cf61891061b4e437/eyJraW5kIjoidXNlciIsImtleSI6IjM2NTUwNTkiLCJkZXZpY2UiOiJkZXNrdG9wIiwidXNlcklkIjozNjU1MDU5LCJpcENvdW50cnkiOiJVUyIsIm9yZ05hbWUiOiJURFYiLCJuYW1lIjoiU3Rvbmt6OTIyMjQiLCJsYW5kaW5nUGFyYW1zIjoiIn0
[2025-09-24 15:40:57.729] LOG - 20:40:57.728Z Account selection page detected, clicking button...
[2025-09-24 15:40:57.729] LOG - 20:40:57.728Z Account selection page detected, clicking button...
[2025-09-24 15:40:57.867] LOG - 20:40:57.836Z Access token will be renewed in 75 minutes; expired: Wed Sep 24 2025 17:00:56 GMT-0500 (Central Daylight Time), now: Wed Sep 24 2025 15:40:57 GMT-0500 (Central Daylight Time)
[2025-09-24 15:40:57.867] LOG - 20:40:57.836Z Access token will be renewed in 75 minutes; expired: Wed Sep 24 2025 17:00:56 GMT-0500 (Central Daylight Time), now: Wed Sep 24 2025 15:40:57 GMT-0500 (Central Daylight Time)
[2025-09-24 15:40:58.290] error - Refused to connect to 'https://bat.bing.com/actionp/0?ti=26330043&Ver=2&mid=ba6f932d-5cee-4d80-84c5-c8a4cb254338&bo=2&sid=a82ace0097af11f0b51d4179c6f235dd&vid=99c3288092fe11f0bc7275adc39e6add&vids=0&msclkid=N&evt=pageHide' because it violates the following Content Security Policy directive: "connect-src wss://*.tradovate.com https://*.tradovate.com https://*.ntinnolab.com https://*.devel.ninjatrader.dev https://*.staging.ninjatrader.dev https://*.uat.ninjatrader.dev wss://*.ntinnolab.com wss://*.devel.ninjatrader.dev wss://*.staging.ninjatrader.dev wss://*.uat.ninjatrader.dev wss://*.tradovateapi.com https://*.tradovateapi.com https://*.ninjatrader.com https://cdn.walkme.com https://ec.walkme.com https://sessions.bugsnag.com https://notify.bugsnag.com https://*.plaid.com https://*.yodlee.com https://tradovate.zendesk.com https://rollout.ada.support https://static.ada.support https://ninjatrader.ada.support https://tradovate.ada.support https://ninjatrader-eap.ada.support/ https://demo-ninjatrader-gr.ada.support/ https://tradovate-gen.ada.support/ https://api.stripe.com https://apiproxy.ninjatrader.com https://apiproxy-d.ninjatrader.com https://us-autocomplete-pro.api.smartystreets.com https://international-autocomplete.api.smarty.com https://maps.googleapis.com https://accounts.google.com/ https://www.google.com https://www.googletagmanager.com/ https://*.browser-intake-datadoghq.com https://scripts.neuro-id.com https://receiver.neuroid.cloud https://logs.neuro-id.com https://firebaseinstallations.googleapis.com/ https://firebaseremoteconfig.googleapis.com/ https://logx.optimizely.com https://*.optimizely.com wss://mpsnare.iesnare.com wss://ci-mpsnare.iovation.com https://*.iovation.com/ https://*.reddit.com  https://www.redditstatic.com https://*.taboola.com https://*.launchdarkly.com https://*.alloy.co https://*.maze.co https://www.google-analytics.com https://analytics.google.com https://www.googletagmanager.com/ https://api.hubapi.com https://forms.hubspot.com https://stats.g.doubleclick.net https://alb.reddit.com https://analytics.twitter.com https://heapanalytics.com https://*.auryc.com https://*.contentsquare.net https://siteintercept.qualtrics.com https://api.userway.org/".

[2025-09-24 15:40:58.290] INFO - 20:40:58.289Z visibilitychange: hidden, gd: 1000
[2025-09-24 15:40:58.291] INFO - 20:40:58.289Z visibilitychange: hidden, gd: 1000
[2025-09-24 15:40:58.292] WARNING - 20:40:58.291Z [LaunchDarkly] Error on stream connection: {"isTrusted":true}, will continue retrying after 759 milliseconds.
[2025-09-24 15:40:58.292] WARNING - 20:40:58.291Z [LaunchDarkly] Error on stream connection: {"isTrusted":true}, will continue retrying after 759 milliseconds.
[2025-09-24 15:40:58.293] INFO - 20:40:58.291Z [LaunchDarkly] Closing stream connection
[2025-09-24 15:40:58.293] INFO - 20:40:58.291Z [LaunchDarkly] Closing stream connection
[2025-09-24 15:40:58.873] WARNING - Duplicate atom key "locale". This is a FATAL ERROR in
      production. But it is safe to ignore this warning if it occurred because of
      hot module replacement.
[2025-09-24 15:40:58.875] WARNING - Duplicate atom key "locale". This is a FATAL ERROR in
      production. But it is safe to ignore this warning if it occurred because of
      hot module replacement.
[2025-09-24 15:40:58.877] WARNING - Duplicate atom key "muiTheme". This is a FATAL ERROR in
      production. But it is safe to ignore this warning if it occurred because of
      hot module replacement.
[2025-09-24 15:40:58.879] WARNING - Duplicate atom key "muiTheme". This is a FATAL ERROR in
      production. But it is safe to ignore this warning if it occurred because of
      hot module replacement.
[2025-09-24 15:40:58.880] WARNING - Duplicate atom key "appLinksFooter". This is a FATAL ERROR in
      production. But it is safe to ignore this warning if it occurred because of
      hot module replacement.
[2025-09-24 15:40:58.881] WARNING - Duplicate atom key "appLinksFooter". This is a FATAL ERROR in
      production. But it is safe to ignore this warning if it occurred because of
      hot module replacement.
[2025-09-24 15:40:58.882] WARNING - Duplicate atom key "currentUserId2". This is a FATAL ERROR in
      production. But it is safe to ignore this warning if it occurred because of
      hot module replacement.
[2025-09-24 15:40:58.884] WARNING - Duplicate atom key "currentUserId2". This is a FATAL ERROR in
      production. But it is safe to ignore this warning if it occurred because of
      hot module replacement.
[2025-09-24 15:40:58.885] WARNING - Duplicate atom key "onboardingInProgress". This is a FATAL ERROR in
      production. But it is safe to ignore this warning if it occurred because of
      hot module replacement.
[2025-09-24 15:40:58.886] WARNING - Duplicate atom key "onboardingInProgress". This is a FATAL ERROR in
      production. But it is safe to ignore this warning if it occurred because of
      hot module replacement.
[2025-09-24 15:40:58.887] WARNING - Duplicate atom key "editing". This is a FATAL ERROR in
      production. But it is safe to ignore this warning if it occurred because of
      hot module replacement.
[2025-09-24 15:40:58.887] WARNING - Duplicate atom key "editing". This is a FATAL ERROR in
      production. But it is safe to ignore this warning if it occurred because of
      hot module replacement.
[2025-09-24 15:40:58.888] WARNING - Duplicate atom key "infoMessage". This is a FATAL ERROR in
      production. But it is safe to ignore this warning if it occurred because of
      hot module replacement.
[2025-09-24 15:40:58.889] WARNING - Duplicate atom key "infoMessage". This is a FATAL ERROR in
      production. But it is safe to ignore this warning if it occurred because of
      hot module replacement.
[2025-09-24 15:40:58.890] WARNING - Duplicate atom key "browserWarning". This is a FATAL ERROR in
      production. But it is safe to ignore this warning if it occurred because of
      hot module replacement.
[2025-09-24 15:40:58.891] WARNING - Duplicate atom key "browserWarning". This is a FATAL ERROR in
      production. But it is safe to ignore this warning if it occurred because of
      hot module replacement.
[2025-09-24 15:40:58.892] WARNING - Duplicate atom key "clockWarning". This is a FATAL ERROR in
      production. But it is safe to ignore this warning if it occurred because of
      hot module replacement.
[2025-09-24 15:40:58.893] WARNING - Duplicate atom key "clockWarning". This is a FATAL ERROR in
      production. But it is safe to ignore this warning if it occurred because of
      hot module replacement.
[2025-09-24 15:40:58.896] WARNING - Duplicate atom key "breakpoint". This is a FATAL ERROR in
      production. But it is safe to ignore this warning if it occurred because of
      hot module replacement.
[2025-09-24 15:40:58.897] WARNING - Duplicate atom key "breakpoint". This is a FATAL ERROR in
      production. But it is safe to ignore this warning if it occurred because of
      hot module replacement.
[2025-09-24 15:40:58.898] WARNING - Duplicate atom key "inMobileRange". This is a FATAL ERROR in
      production. But it is safe to ignore this warning if it occurred because of
      hot module replacement.
[2025-09-24 15:40:58.898] WARNING - Duplicate atom key "inMobileRange". This is a FATAL ERROR in
      production. But it is safe to ignore this warning if it occurred because of
      hot module replacement.
[2025-09-24 15:40:58.898] WARNING - Duplicate atom key "gridSpacing". This is a FATAL ERROR in
      production. But it is safe to ignore this warning if it occurred because of
      hot module replacement.
[2025-09-24 15:40:58.898] WARNING - Duplicate atom key "gridSpacing". This is a FATAL ERROR in
      production. But it is safe to ignore this warning if it occurred because of
      hot module replacement.
[2025-09-24 15:40:58.899] WARNING - Duplicate atom key "login". This is a FATAL ERROR in
      production. But it is safe to ignore this warning if it occurred because of
      hot module replacement.
[2025-09-24 15:40:58.899] WARNING - Duplicate atom key "login". This is a FATAL ERROR in
      production. But it is safe to ignore this warning if it occurred because of
      hot module replacement.
[2025-09-24 15:40:58.899] WARNING - Duplicate atom key "error". This is a FATAL ERROR in
      production. But it is safe to ignore this warning if it occurred because of
      hot module replacement.
[2025-09-24 15:40:58.899] WARNING - Duplicate atom key "error". This is a FATAL ERROR in
      production. But it is safe to ignore this warning if it occurred because of
      hot module replacement.
[2025-09-24 15:40:58.899] WARNING - Duplicate atom key "contactInfos2". This is a FATAL ERROR in
      production. But it is safe to ignore this warning if it occurred because of
      hot module replacement.
[2025-09-24 15:40:58.899] WARNING - Duplicate atom key "contactInfos2". This is a FATAL ERROR in
      production. But it is safe to ignore this warning if it occurred because of
      hot module replacement.
[2025-09-24 15:40:58.899] WARNING - Duplicate atom key "individualApplicantsTimestamp". This is a FATAL ERROR in
      production. But it is safe to ignore this warning if it occurred because of
      hot module replacement.
[2025-09-24 15:40:58.899] WARNING - Duplicate atom key "individualApplicantsTimestamp". This is a FATAL ERROR in
      production. But it is safe to ignore this warning if it occurred because of
      hot module replacement.
[2025-09-24 15:40:58.900] WARNING - Duplicate atom key "customerApplication". This is a FATAL ERROR in
      production. But it is safe to ignore this warning if it occurred because of
      hot module replacement.
[2025-09-24 15:40:58.900] WARNING - Duplicate atom key "customerApplication". This is a FATAL ERROR in
      production. But it is safe to ignore this warning if it occurred because of
      hot module replacement.
[2025-09-24 15:40:58.900] WARNING - Duplicate atom key "individualApplicants". This is a FATAL ERROR in
      production. But it is safe to ignore this warning if it occurred because of
      hot module replacement.
[2025-09-24 15:40:58.900] WARNING - Duplicate atom key "individualApplicants". This is a FATAL ERROR in
      production. But it is safe to ignore this warning if it occurred because of
      hot module replacement.
[2025-09-24 15:40:58.900] WARNING - Duplicate atom key "clearingHouses". This is a FATAL ERROR in
      production. But it is safe to ignore this warning if it occurred because of
      hot module replacement.
[2025-09-24 15:40:58.900] WARNING - Duplicate atom key "clearingHouses". This is a FATAL ERROR in
      production. But it is safe to ignore this warning if it occurred because of
      hot module replacement.
[2025-09-24 15:40:58.900] WARNING - Duplicate atom key "clearXClearingHouse". This is a FATAL ERROR in
      production. But it is safe to ignore this warning if it occurred because of
      hot module replacement.
[2025-09-24 15:40:58.900] WARNING - Duplicate atom key "clearXClearingHouse". This is a FATAL ERROR in
      production. But it is safe to ignore this warning if it occurred because of
      hot module replacement.
[2025-09-24 15:40:58.900] WARNING - Duplicate atom key "applicationClearingHouse". This is a FATAL ERROR in
      production. But it is safe to ignore this warning if it occurred because of
      hot module replacement.
[2025-09-24 15:40:58.901] WARNING - Duplicate atom key "applicationClearingHouse". This is a FATAL ERROR in
      production. But it is safe to ignore this warning if it occurred because of
      hot module replacement.
[2025-09-24 15:40:58.901] WARNING - Duplicate atom key "userLocation". This is a FATAL ERROR in
      production. But it is safe to ignore this warning if it occurred because of
      hot module replacement.
[2025-09-24 15:40:58.901] WARNING - Duplicate atom key "userLocation". This is a FATAL ERROR in
      production. But it is safe to ignore this warning if it occurred because of
      hot module replacement.
[2025-09-24 15:40:58.901] WARNING - Duplicate atom key "savedApplicationsTimestamp". This is a FATAL ERROR in
      production. But it is safe to ignore this warning if it occurred because of
      hot module replacement.
[2025-09-24 15:40:58.901] WARNING - Duplicate atom key "savedApplicationsTimestamp". This is a FATAL ERROR in
      production. But it is safe to ignore this warning if it occurred because of
      hot module replacement.
[2025-09-24 15:40:58.901] WARNING - Duplicate atom key "savedApplications". This is a FATAL ERROR in
      production. But it is safe to ignore this warning if it occurred because of
      hot module replacement.
[2025-09-24 15:40:58.901] WARNING - Duplicate atom key "savedApplications". This is a FATAL ERROR in
      production. But it is safe to ignore this warning if it occurred because of
      hot module replacement.
[2025-09-24 15:40:58.901] WARNING - Duplicate atom key "step". This is a FATAL ERROR in
      production. But it is safe to ignore this warning if it occurred because of
      hot module replacement.
[2025-09-24 15:40:58.901] WARNING - Duplicate atom key "step". This is a FATAL ERROR in
      production. But it is safe to ignore this warning if it occurred because of
      hot module replacement.
[2025-09-24 15:40:58.902] WARNING - Duplicate atom key "checkStates". This is a FATAL ERROR in
      production. But it is safe to ignore this warning if it occurred because of
      hot module replacement.
[2025-09-24 15:40:58.902] WARNING - Duplicate atom key "checkStates". This is a FATAL ERROR in
      production. But it is safe to ignore this warning if it occurred because of
      hot module replacement.
[2025-09-24 15:40:58.902] WARNING - Duplicate atom key "signStates". This is a FATAL ERROR in
      production. But it is safe to ignore this warning if it occurred because of
      hot module replacement.
[2025-09-24 15:40:58.902] WARNING - Duplicate atom key "signStates". This is a FATAL ERROR in
      production. But it is safe to ignore this warning if it occurred because of
      hot module replacement.
[2025-09-24 15:40:58.902] WARNING - Duplicate atom key "wizard". This is a FATAL ERROR in
      production. But it is safe to ignore this warning if it occurred because of
      hot module replacement.
[2025-09-24 15:40:58.902] WARNING - Duplicate atom key "wizard". This is a FATAL ERROR in
      production. But it is safe to ignore this warning if it occurred because of
      hot module replacement.
[2025-09-24 15:40:58.902] WARNING - Duplicate atom key "formBuilder". This is a FATAL ERROR in
      production. But it is safe to ignore this warning if it occurred because of
      hot module replacement.
[2025-09-24 15:40:58.902] WARNING - Duplicate atom key "formBuilder". This is a FATAL ERROR in
      production. But it is safe to ignore this warning if it occurred because of
      hot module replacement.
[2025-09-24 15:40:58.903] WARNING - Duplicate atom key "headerSlot". This is a FATAL ERROR in
      production. But it is safe to ignore this warning if it occurred because of
      hot module replacement.
[2025-09-24 15:40:58.903] WARNING - Duplicate atom key "headerSlot". This is a FATAL ERROR in
      production. But it is safe to ignore this warning if it occurred because of
      hot module replacement.
[2025-09-24 15:40:58.903] WARNING - Duplicate atom key "footerSlot". This is a FATAL ERROR in
      production. But it is safe to ignore this warning if it occurred because of
      hot module replacement.
[2025-09-24 15:40:58.903] WARNING - Duplicate atom key "footerSlot". This is a FATAL ERROR in
      production. But it is safe to ignore this warning if it occurred because of
      hot module replacement.
[2025-09-24 15:40:58.904] WARNING - Duplicate atom key "alloyJourneyToken". This is a FATAL ERROR in
      production. But it is safe to ignore this warning if it occurred because of
      hot module replacement.
[2025-09-24 15:40:58.904] WARNING - Duplicate atom key "alloyJourneyToken". This is a FATAL ERROR in
      production. But it is safe to ignore this warning if it occurred because of
      hot module replacement.
[2025-09-24 15:40:58.904] DEBUG - [bugsnag] Loaded!
[2025-09-24 15:40:58.904] DEBUG - [bugsnag] Loaded!
[2025-09-24 15:40:58.911] INFO - Version 3.250919.0 prod production 
[2025-09-24 15:40:58.911] INFO - Version 3.250919.0 prod production 
[2025-09-24 15:40:58.912] INFO - Time: Wed Sep 24 2025 15:40:58 GMT-0500 (Central Daylight Time)
[2025-09-24 15:40:58.912] INFO - Time:
[2025-09-24 15:40:58.965] LOG - 20:40:58.963Z Try to restore session
[2025-09-24 15:40:58.966] LOG - 20:40:58.963Z Try to restore session
[2025-09-24 15:40:58.966] LOG - 20:40:58.965Z Access token will be renewed in 75 minutes; expired: Wed Sep 24 2025 17:00:56 GMT-0500 (Central Daylight Time), now: Wed Sep 24 2025 15:40:58 GMT-0500 (Central Daylight Time)
[2025-09-24 15:40:58.966] LOG - 20:40:58.965Z Access token will be renewed in 75 minutes; expired: Wed Sep 24 2025 17:00:56 GMT-0500 (Central Daylight Time), now: Wed Sep 24 2025 15:40:58 GMT-0500 (Central Daylight Time)
[2025-09-24 15:40:58.979] WARNING - 20:40:58.977Z [LaunchDarkly] The waitForInitialization function was called without a timeout specified. In a future version a default timeout will be applied.
[2025-09-24 15:40:58.979] WARNING - 20:40:58.977Z [LaunchDarkly] The waitForInitialization function was called without a timeout specified. In a future version a default timeout will be applied.
[2025-09-24 15:40:58.991] INFO - 20:40:58.990Z chart cache state: islands=8, bars=4070
[2025-09-24 15:40:58.991] INFO - 20:40:58.990Z chart cache state: islands=8, bars=4070
[2025-09-24 15:40:58.991] INFO - 20:40:58.990Z Chart history database initialized
[2025-09-24 15:40:58.991] INFO - 20:40:58.990Z Chart history database initialized
[2025-09-24 15:40:58.994] INFO - 20:40:58.993Z [LaunchDarkly] LaunchDarkly client initialized
[2025-09-24 15:40:58.995] INFO - 20:40:58.993Z [LaunchDarkly] LaunchDarkly client initialized
[2025-09-24 15:40:58.995] INFO - 20:40:58.993Z [LaunchDarkly] Opening stream connection to https://clientstream.launchdarkly.com/eval/66cdf5b9cf61891061b4e437/eyJraW5kIjoidXNlciIsImtleSI6InVua25vd24iLCJhbm9ueW1vdXMiOmZhbHNlfQ
[2025-09-24 15:40:58.995] INFO - 20:40:58.993Z [LaunchDarkly] Opening stream connection to https://clientstream.launchdarkly.com/eval/66cdf5b9cf61891061b4e437/eyJraW5kIjoidXNlciIsImtleSI6InVua25vd24iLCJhbm9ueW1vdXMiOmZhbHNlfQ
[2025-09-24 15:40:59.584] INFO - 20:40:59.583Z [LaunchDarkly] Closing stream connection
[2025-09-24 15:40:59.585] INFO - 20:40:59.583Z [LaunchDarkly] Closing stream connection
[2025-09-24 15:40:59.585] INFO - 20:40:59.583Z [LaunchDarkly] Opening stream connection to https://clientstream.launchdarkly.com/eval/66cdf5b9cf61891061b4e437/eyJraW5kIjoidXNlciIsImtleSI6IjM2NTUwNTkiLCJkZXZpY2UiOiJkZXNrdG9wIiwidXNlcklkIjozNjU1MDU5LCJpcENvdW50cnkiOiIiLCJvcmdOYW1lIjoiVERWIiwibmFtZSI6IlN0b25rejkyMjI0IiwibGFuZGluZ1BhcmFtcyI6IiJ9
[2025-09-24 15:40:59.585] INFO - 20:40:59.583Z [LaunchDarkly] Opening stream connection to https://clientstream.launchdarkly.com/eval/66cdf5b9cf61891061b4e437/eyJraW5kIjoidXNlciIsImtleSI6IjM2NTUwNTkiLCJkZXZpY2UiOiJkZXNrdG9wIiwidXNlcklkIjozNjU1MDU5LCJpcENvdW50cnkiOiIiLCJvcmdOYW1lIjoiVERWIiwibmFtZSI6IlN0b25rejkyMjI0IiwibGFuZGluZ1BhcmFtcyI6IiJ9
[2025-09-24 15:40:59.588] INFO - 20:40:59.588Z [LaunchDarkly] Closing stream connection
[2025-09-24 15:40:59.590] INFO - 20:40:59.588Z [LaunchDarkly] Closing stream connection
[2025-09-24 15:40:59.590] INFO - 20:40:59.588Z [LaunchDarkly] Opening stream connection to https://clientstream.launchdarkly.com/eval/66cdf5b9cf61891061b4e437/eyJraW5kIjoidXNlciIsImtleSI6IjM2NTUwNTkiLCJkZXZpY2UiOiJkZXNrdG9wIiwidXNlcklkIjozNjU1MDU5LCJpcENvdW50cnkiOiJVUyIsIm9yZ05hbWUiOiJURFYiLCJuYW1lIjoiU3Rvbmt6OTIyMjQiLCJsYW5kaW5nUGFyYW1zIjoiIn0
[2025-09-24 15:40:59.590] INFO - 20:40:59.588Z [LaunchDarkly] Opening stream connection to https://clientstream.launchdarkly.com/eval/66cdf5b9cf61891061b4e437/eyJraW5kIjoidXNlciIsImtleSI6IjM2NTUwNTkiLCJkZXZpY2UiOiJkZXNrdG9wIiwidXNlcklkIjozNjU1MDU5LCJpcENvdW50cnkiOiJVUyIsIm9yZ05hbWUiOiJURFYiLCJuYW1lIjoiU3Rvbmt6OTIyMjQiLCJsYW5kaW5nUGFyYW1zIjoiIn0
[2025-09-24 15:41:00.261] LOG - 20:41:00.258Z opening https://demo.tradovateapi.com/
[2025-09-24 15:41:00.262] LOG - 20:41:00.258Z opening https://demo.tradovateapi.com/
[2025-09-24 15:41:00.266] LOG - 20:41:00.265Z Hotkeys initialized {"Shift+Digit1":["orders/selectColumns"],"Shift+Digit2":["orders/showFilters"],"Shift+Digit3":["orders/standardTableView"],"Shift+Digit4":["orders/linkedOrdersView"],"Command+Shift+Digit0":["dom-chart/exit-and-cancel"]}
[2025-09-24 15:41:00.266] LOG - 20:41:00.265Z Hotkeys initialized {"Shift+Digit1":["orders/selectColumns"],"Shift+Digit2":["orders/showFilters"],"Shift+Digit3":["orders/standardTableView"],"Shift+Digit4":["orders/linkedOrdersView"],"Command+Shift+Digit0":["dom-chart/exit-and-cancel"]}
[2025-09-24 15:41:00.331] LOG - 20:41:00.330Z websocket opened
[2025-09-24 15:41:00.331] LOG - 20:41:00.330Z websocket opened
[2025-09-24 15:41:00.499] LOG - 20:41:00.498Z opening https://md-demo.tradovateapi.com/
[2025-09-24 15:41:00.500] LOG - 20:41:00.498Z opening https://md-demo.tradovateapi.com/
[2025-09-24 15:41:00.500] LOG - 20:41:00.499Z Connection:  open
[2025-09-24 15:41:00.500] LOG - 20:41:00.499Z Connection:  open
[2025-09-24 15:41:00.549] LOG - 20:41:00.547Z WebGL:  {"isWebGL2":true,"precision":"highp","logarithmicDepthBuffer":false,"maxTextures":16,"maxVertexTextures":16,"maxTextureSize":16384,"maxCubemapSize":16384,"maxAttributes":16,"maxVertexUniforms":1024,"maxVaryings":30,"maxFragmentUniforms":1024,"vertexTextures":true,"floatFragmentTextures":true,"floatVertexTextures":true,"maxSamples":8} , devicePixelRatio:  2
[2025-09-24 15:41:00.551] LOG - 20:41:00.548Z Canvas size: 1119 991 dpp:  2
[2025-09-24 15:41:00.566] LOG - 20:41:00.558Z Loading App-level Plugins
[2025-09-24 15:41:00.568] LOG - 20:41:00.558Z Loading App-level Plugins
[2025-09-24 15:41:00.575] LOG - 20:41:00.571Z WebGL:  {"isWebGL2":true,"precision":"highp","logarithmicDepthBuffer":false,"maxTextures":16,"maxVertexTextures":16,"maxTextureSize":16384,"maxCubemapSize":16384,"maxAttributes":16,"maxVertexUniforms":1024,"maxVaryings":30,"maxFragmentUniforms":1024,"vertexTextures":true,"floatFragmentTextures":true,"floatVertexTextures":true,"maxSamples":8} , devicePixelRatio:  2
[2025-09-24 15:41:00.576] LOG - 20:41:00.571Z Canvas size: 1119 991 dpp:  2
[2025-09-24 15:41:00.679] LOG - 20:41:00.634Z websocket opened
[2025-09-24 15:41:00.680] LOG - 20:41:00.634Z websocket opened
[2025-09-24 15:41:00.869] LOG - 20:41:00.867Z loadAppLevelPlugins:  [object Object]
[2025-09-24 15:41:00.869] LOG - 20:41:00.867Z loadAppLevelPlugins: 
[2025-09-24 15:41:00.873] LOG - 20:41:00.872Z sync to remote accountGroups
[2025-09-24 15:41:00.874] LOG - 20:41:00.872Z sync to remote accountGroups
[2025-09-24 15:41:01.701] LOG - 20:41:01.700Z jailing is in progress
[2025-09-24 15:41:01.701] LOG - 20:41:01.700Z jailing is in progress
[2025-09-24 15:41:01.753] LOG - 20:41:01.745Z created chart 1
[2025-09-24 15:41:02.139] LOG - 20:41:02.138Z requestChart: {"symbol":"3267312","chartDescription":{"underlyingType":"Tick","elementSize":5000,"elementSizeUnit":"UnderlyingUnits","withHistogram":false},"timeRange":{"asMuchAsElements":300}}
[2025-09-24 15:41:02.139] LOG - 20:41:02.138Z requestChart: {"symbol":"3267312","chartDescription":{"underlyingType":"Tick","elementSize":5000,"elementSizeUnit":"UnderlyingUnits","withHistogram":false},"timeRange":{"asMuchAsElements":300}}
[2025-09-24 15:41:02.139] LOG - 20:41:02.138Z mdMgApi open
[2025-09-24 15:41:02.140] LOG - 20:41:02.138Z mdMgApi open
[2025-09-24 15:41:02.379] LOG - 20:41:02.378Z pending jailing done. next starts
[2025-09-24 15:41:02.379] LOG - 20:41:02.378Z pending jailing done. next starts
[2025-09-24 15:41:03.473] LOG - 20:41:03.472Z updating the shared isolation
[2025-09-24 15:41:03.473] LOG - 20:41:03.472Z updating the shared isolation
[2025-09-24 15:41:03.814] LOG - 20:41:03.813Z updating the shared isolation
[2025-09-24 15:41:03.815] LOG - 20:41:03.813Z updating the shared isolation
[2025-09-24 15:41:05.199] LOG - 20:41:05.197Z Auto Order script initialized - AUTOMATIC HOT RELOAD SUCCESS!
[2025-09-24 15:41:05.199] LOG - 20:41:05.197Z Auto Order script initialized - AUTOMATIC HOT RELOAD SUCCESS!
[2025-09-24 15:41:05.200] LOG - 20:41:05.198Z Creating UI...
[2025-09-24 15:41:05.200] LOG - 20:41:05.198Z Creating UI...
[2025-09-24 15:41:05.200] LOG - 20:41:05.198Z Creating UI
[2025-09-24 15:41:05.201] LOG - 20:41:05.198Z Creating UI
[2025-09-24 15:41:05.201] LOG - 20:41:05.199Z Stored values: TP=60, SL=20, Qty=10, Tick=0.25, Symbol=NQ
[2025-09-24 15:41:05.201] LOG - 20:41:05.199Z Stored values: TP=60, SL=20, Qty=10, Tick=0.25, Symbol=NQ
[2025-09-24 15:41:05.201] LOG - 20:41:05.201Z UI container added to DOM
[2025-09-24 15:41:05.202] LOG - 20:41:05.201Z UI container added to DOM
[2025-09-24 15:41:05.203] LOG - 20:41:05.201Z Setting up UI event handlers
[2025-09-24 15:41:05.203] LOG - 20:41:05.201Z Setting up UI event handlers
[2025-09-24 15:41:05.204] LOG - 20:41:05.201Z Setting up persistent settings
[2025-09-24 15:41:05.205] LOG - 20:41:05.201Z Setting up persistent settings
[2025-09-24 15:41:05.205] LOG - 20:41:05.201Z Setting up drag functionality
[2025-09-24 15:41:05.206] LOG - 20:41:05.201Z Setting up drag functionality
[2025-09-24 15:41:05.207] LOG - 20:41:05.201Z Setting up trade buttons
[2025-09-24 15:41:05.208] LOG - 20:41:05.201Z Setting up trade buttons
[2025-09-24 15:41:05.208] LOG - 20:41:05.201Z UI creation complete
[2025-09-24 15:41:05.208] LOG - 20:41:05.201Z UI creation complete
[2025-09-24 15:41:05.208] LOG - 20:41:05.201Z Creating example front-quarter symbol
[2025-09-24 15:41:05.209] LOG - 20:41:05.201Z Creating example front-quarter symbol
[2025-09-24 15:41:05.209] LOG - 20:41:05.202Z getQuarterlyCode called with date: 2025-09-24T20:41:05.202Z
[2025-09-24 15:41:05.209] LOG - 20:41:05.202Z getQuarterlyCode called with date: 2025-09-24T20:41:05.202Z
[2025-09-24 15:41:05.209] LOG - 20:41:05.202Z Current month index: 8
[2025-09-24 15:41:05.209] LOG - 20:41:05.202Z Current month index: 8
[2025-09-24 15:41:05.209] LOG - 20:41:05.202Z Starting calculation with year=2025, month=8
[2025-09-24 15:41:05.209] LOG - 20:41:05.202Z Starting calculation with year=2025, month=8
[2025-09-24 15:41:05.210] LOG - 20:41:05.202Z Calculated quarterly code: letter=Z, yearDigit=5
[2025-09-24 15:41:05.210] LOG - 20:41:05.202Z Calculated quarterly code: letter=Z, yearDigit=5
[2025-09-24 15:41:05.210] LOG - 20:41:05.202Z Example front-quarter symbol created: NQZ5
[2025-09-24 15:41:05.210] LOG - 20:41:05.202Z Example front-quarter symbol created: NQZ5
[2025-09-24 15:41:05.223] LOG - 20:41:05.221Z Auto Risk Management: Running initial risk assessment...
[2025-09-24 15:41:05.224] LOG - 20:41:05.221Z Auto Risk Management: Running initial risk assessment...
[2025-09-24 15:41:05.225] LOG - 20:41:05.222Z [analyzePhase] resetting phaseData
[2025-09-24 15:41:05.225] LOG - 20:41:05.222Z [analyzePhase] resetting phaseData
[2025-09-24 15:41:05.225] LOG - 20:41:05.222Z [analyzePhase] set phase 1 maxActive to 1
[2025-09-24 15:41:05.226] LOG - 20:41:05.222Z [analyzePhase] set phase 1 maxActive to 1
[2025-09-24 15:41:05.227] LOG - 20:41:05.223Z [analyzePhase] increased phase 2 maxActive to 1
[2025-09-24 15:41:05.228] LOG - 20:41:05.223Z [analyzePhase] increased phase 2 maxActive to 1
[2025-09-24 15:41:05.228] LOG - 20:41:05.223Z [updateUserColumnPhaseStatus] Starting...
[2025-09-24 15:41:05.229] LOG - 20:41:05.223Z [updateUserColumnPhaseStatus] Starting...
[2025-09-24 15:41:05.230] LOG - 20:41:05.223Z [updateUserColumnPhaseStatus] Found 4 rows
[2025-09-24 15:41:05.230] LOG - 20:41:05.223Z [updateUserColumnPhaseStatus] Found 4 rows
[2025-09-24 15:41:05.231] LOG - 20:41:05.224Z [updateUserColumnPhaseStatus] Header cells: Account ▲,Total Available Margin,User,Dist Drawdown Net Liq,Dollar Open P L,Dollar Total P L
[2025-09-24 15:41:05.232] LOG - 20:41:05.224Z [updateUserColumnPhaseStatus] Header cells:
[2025-09-24 15:41:05.232] LOG - 20:41:05.224Z [updateUserColumnPhaseStatus] Found User column at index 2
[2025-09-24 15:41:05.233] LOG - 20:41:05.224Z [updateUserColumnPhaseStatus] Found User column at index 2
[2025-09-24 15:41:05.233] LOG - 20:41:05.224Z [updateUserColumnPhaseStatus] Getting table data...
[2025-09-24 15:41:05.233] LOG - 20:41:05.224Z [updateUserColumnPhaseStatus] Getting table data...
[2025-09-24 15:41:05.233] LOG - 20:41:05.224Z [analyzePhase] resetting phaseData
[2025-09-24 15:41:05.234] LOG - 20:41:05.224Z [analyzePhase] resetting phaseData
[2025-09-24 15:41:05.234] LOG - 20:41:05.224Z [analyzePhase] set phase 1 maxActive to 1
[2025-09-24 15:41:05.234] LOG - 20:41:05.224Z [analyzePhase] set phase 1 maxActive to 1
[2025-09-24 15:41:05.234] LOG - 20:41:05.224Z [analyzePhase] increased phase 2 maxActive to 1
[2025-09-24 15:41:05.234] LOG - 20:41:05.224Z [analyzePhase] increased phase 2 maxActive to 1
[2025-09-24 15:41:05.234] LOG - 20:41:05.224Z [updateUserColumnPhaseStatus] Table data: 3 rows
[2025-09-24 15:41:05.234] LOG - 20:41:05.224Z [updateUserColumnPhaseStatus] Table data: 3 rows
[2025-09-24 15:41:05.235] LOG - 20:41:05.225Z [updateUserColumnPhaseStatus] First data row has 6 cells, we need index 2
[2025-09-24 15:41:05.235] LOG - 20:41:05.225Z [updateUserColumnPhaseStatus] First data row has 6 cells, we need index 2
[2025-09-24 15:41:05.235] LOG - 20:41:05.225Z [updateUserColumnPhaseStatus] Setting row 1 (DEMO3655059) phase=Unknown, active=false
[2025-09-24 15:41:05.235] LOG - 20:41:05.225Z [updateUserColumnPhaseStatus] Setting row 1 (DEMO3655059) phase=Unknown, active=false
[2025-09-24 15:41:05.235] LOG - 20:41:05.225Z [updateUserColumnPhaseStatus] Setting row 2 (DEMO3655059-1) phase=2, active=true
[2025-09-24 15:41:05.235] LOG - 20:41:05.225Z [updateUserColumnPhaseStatus] Setting row 2 (DEMO3655059-1) phase=2, active=true
[2025-09-24 15:41:05.235] LOG - 20:41:05.225Z [updateUserColumnPhaseStatus] Setting row 3 (DEMO3655059-2) phase=2, active=false
[2025-09-24 15:41:05.236] LOG - 20:41:05.225Z [updateUserColumnPhaseStatus] Setting row 3 (DEMO3655059-2) phase=2, active=false
[2025-09-24 15:41:05.236] LOG - 20:41:05.225Z [updateUserColumnPhaseStatus] Completed
[2025-09-24 15:41:05.236] LOG - 20:41:05.225Z [updateUserColumnPhaseStatus] Completed
[2025-09-24 15:41:05.249] warning - The AudioContext was not allowed to start. It must be resumed (or created) after a user gesture on the page. https://developer.chrome.com/blog/autoplay/#web_audio
[2025-09-24 15:41:05.249] LOG - 20:41:05.237Z Auto Risk Management: Initial risk assessment completed
[2025-09-24 15:41:05.249] LOG - 20:41:05.237Z Auto Risk Management: Initial risk assessment completed
[2025-09-24 15:41:06.256] LOG - 20:41:06.254Z Executing initial risk management assessment...
[2025-09-24 15:41:06.256] LOG - 20:41:06.254Z Executing initial risk management assessment...
[2025-09-24 15:41:06.257] ERROR - 20:41:06.254Z getTableData function not found
[2025-09-24 15:41:06.257] ERROR - 20:41:06.254Z getTableData function not found
[2025-09-24 15:41:06.258] ERROR - 20:41:06.257Z updateUserColumnPhaseStatus function not found
[2025-09-24 15:41:06.259] ERROR - 20:41:06.257Z updateUserColumnPhaseStatus function not found
[2025-09-24 15:41:06.260] ERROR - 20:41:06.258Z performAccountActions function not found
[2025-09-24 15:41:06.261] ERROR - 20:41:06.258Z performAccountActions function not found
[2025-09-24 15:41:06.262] LOG - 20:41:06.258Z Risk management assessment completed
[2025-09-24 15:41:06.262] LOG - 20:41:06.258Z Risk management assessment completed
[2025-09-24 15:41:06.296] LOG - 20:41:06.294Z [analyzePhase] resetting phaseData
[2025-09-24 15:41:06.296] LOG - 20:41:06.294Z [analyzePhase] resetting phaseData
[2025-09-24 15:41:06.297] LOG - 20:41:06.294Z [analyzePhase] set phase 1 maxActive to 1
[2025-09-24 15:41:06.298] LOG - 20:41:06.294Z [analyzePhase] set phase 1 maxActive to 1
[2025-09-24 15:41:06.299] LOG - 20:41:06.294Z [analyzePhase] increased phase 2 maxActive to 1
[2025-09-24 15:41:06.299] LOG - 20:41:06.294Z [analyzePhase] increased phase 2 maxActive to 1
[2025-09-24 15:41:06.800] LOG - 20:41:06.797Z [analyzePhase] resetting phaseData
[2025-09-24 15:41:06.800] LOG - 20:41:06.797Z [analyzePhase] resetting phaseData
[2025-09-24 15:41:06.803] LOG - 20:41:06.798Z [analyzePhase] set phase 1 maxActive to 1
[2025-09-24 15:41:06.803] LOG - 20:41:06.798Z [analyzePhase] set phase 1 maxActive to 1
[2025-09-24 15:41:06.804] LOG - 20:41:06.798Z [analyzePhase] increased phase 2 maxActive to 1
[2025-09-24 15:41:06.804] LOG - 20:41:06.798Z [analyzePhase] increased phase 2 maxActive to 1
[2025-09-24 15:41:06.804] LOG - 20:41:06.799Z Set DEMO3655059-1 qty to 10
[2025-09-24 15:41:06.805] LOG - 20:41:06.799Z [analyzePhase] resetting phaseData
[2025-09-24 15:41:06.806] LOG - 20:41:06.799Z [analyzePhase] resetting phaseData
[2025-09-24 15:41:06.806] LOG - 20:41:06.800Z [analyzePhase] set phase 1 maxActive to 1
[2025-09-24 15:41:06.806] LOG - 20:41:06.800Z [analyzePhase] set phase 1 maxActive to 1
[2025-09-24 15:41:06.806] LOG - 20:41:06.800Z [analyzePhase] increased phase 2 maxActive to 1
[2025-09-24 15:41:06.806] LOG - 20:41:06.800Z [analyzePhase] increased phase 2 maxActive to 1
[2025-09-24 15:41:08.354] LOG - 20:41:08.352Z Updated master quantity to 10
[2025-09-24 15:41:08.356] LOG - 20:41:08.353Z Quantity input changed to: 10
[2025-09-24 15:41:08.357] LOG - 20:41:08.353Z Quantity input changed to: 10
[2025-09-24 15:41:08.357] LOG - 20:41:08.353Z Updated bracket trade quantity to 10
[2025-09-24 15:41:18.579] LOG - 20:41:18.577Z Quantity input changed to: 9
[2025-09-24 15:41:18.582] LOG - 20:41:18.577Z Quantity input changed to: 9
[2025-09-24 15:41:18.583] LOG - 20:41:18.578Z TP input changed to: 63
[2025-09-24 15:41:18.584] LOG - 20:41:18.578Z TP input changed to: 63
[2025-09-24 15:41:18.586] LOG - 20:41:18.578Z SL input changed to: 21
[2025-09-24 15:41:18.587] LOG - 20:41:18.578Z SL input changed to: 21
[2025-09-24 15:41:18.588] LOG - 20:41:18.579Z Calculated TP: 74 (SL × 3.5)
[2025-09-24 15:41:18.589] LOG - 20:41:18.579Z Calculated TP: 74 (SL × 3.5)
[2025-09-24 15:41:18.589] LOG - 20:41:18.579Z Tick size input changed to: 0.25
[2025-09-24 15:41:18.589] LOG - 20:41:18.579Z Tick size input changed to: 0.25
[2025-09-24 15:41:18.589] LOG - 20:41:18.579Z Trade control updates complete: [object Object]
[2025-09-24 15:41:18.590] LOG - 20:41:18.579Z Trade control updates complete:
[2025-09-24 15:41:18.995] LOG - 20:41:18.994Z Quantity input changed to: 9
[2025-09-24 15:41:18.997] LOG - 20:41:18.994Z Quantity input changed to: 9
[2025-09-24 15:41:18.998] LOG - 20:41:18.994Z TP input changed to: 66
[2025-09-24 15:41:18.999] LOG - 20:41:18.994Z TP input changed to: 66
[2025-09-24 15:41:19.001] LOG - 20:41:18.994Z SL input changed to: 22
[2025-09-24 15:41:19.002] LOG - 20:41:18.994Z SL input changed to: 22
[2025-09-24 15:41:19.003] LOG - 20:41:18.995Z Calculated TP: 77 (SL × 3.5)
[2025-09-24 15:41:19.004] LOG - 20:41:18.995Z Calculated TP: 77 (SL × 3.5)
[2025-09-24 15:41:19.004] LOG - 20:41:18.995Z Tick size input changed to: 0.25
[2025-09-24 15:41:19.005] LOG - 20:41:18.995Z Tick size input changed to: 0.25
[2025-09-24 15:41:19.006] LOG - 20:41:18.995Z Trade control updates complete: [object Object]
[2025-09-24 15:41:19.006] LOG - 20:41:18.995Z Trade control updates complete:
[2025-09-24 15:41:19.211] LOG - 20:41:19.210Z Quantity input changed to: 9
[2025-09-24 15:41:19.213] LOG - 20:41:19.210Z Quantity input changed to: 9
[2025-09-24 15:41:19.213] LOG - 20:41:19.210Z TP input changed to: 69
[2025-09-24 15:41:19.215] LOG - 20:41:19.210Z TP input changed to: 69
[2025-09-24 15:41:19.217] LOG - 20:41:19.210Z SL input changed to: 23
[2025-09-24 15:41:19.218] LOG - 20:41:19.210Z SL input changed to: 23
[2025-09-24 15:41:19.219] LOG - 20:41:19.211Z Calculated TP: 81 (SL × 3.5)
[2025-09-24 15:41:19.219] LOG - 20:41:19.211Z Calculated TP: 81 (SL × 3.5)
[2025-09-24 15:41:19.220] LOG - 20:41:19.211Z Tick size input changed to: 0.25
[2025-09-24 15:41:19.221] LOG - 20:41:19.211Z Tick size input changed to: 0.25
[2025-09-24 15:41:19.221] LOG - 20:41:19.211Z Trade control updates complete: [object Object]
[2025-09-24 15:41:19.221] LOG - 20:41:19.211Z Trade control updates complete:
[2025-09-24 15:41:20.228] LOG - 20:41:20.226Z Quantity input changed to: 9
[2025-09-24 15:41:20.229] LOG - 20:41:20.226Z Quantity input changed to: 9
[2025-09-24 15:41:20.230] LOG - 20:41:20.227Z TP input changed to: 72
[2025-09-24 15:41:20.231] LOG - 20:41:20.227Z TP input changed to: 72
[2025-09-24 15:41:20.232] LOG - 20:41:20.227Z SL input changed to: 24
[2025-09-24 15:41:20.234] LOG - 20:41:20.227Z SL input changed to: 24
[2025-09-24 15:41:20.235] LOG - 20:41:20.227Z Calculated TP: 84 (SL × 3.5)
[2025-09-24 15:41:20.235] LOG - 20:41:20.227Z Calculated TP: 84 (SL × 3.5)
[2025-09-24 15:41:20.236] LOG - 20:41:20.227Z Tick size input changed to: 0.25
[2025-09-24 15:41:20.236] LOG - 20:41:20.227Z Tick size input changed to: 0.25
[2025-09-24 15:41:20.237] LOG - 20:41:20.228Z Trade control updates complete: [object Object]
[2025-09-24 15:41:20.238] LOG - 20:41:20.228Z Trade control updates complete:
[2025-09-24 15:41:21.965] LOG - 20:41:21.964Z Quantity input changed to: 9
[2025-09-24 15:41:21.966] LOG - 20:41:21.964Z Quantity input changed to: 9
[2025-09-24 15:41:21.966] LOG - 20:41:21.964Z TP input changed to: 3
[2025-09-24 15:41:21.968] LOG - 20:41:21.964Z TP input changed to: 3
[2025-09-24 15:41:21.969] LOG - 20:41:21.965Z SL input changed to: 1
[2025-09-24 15:41:21.970] LOG - 20:41:21.965Z SL input changed to: 1
[2025-09-24 15:41:21.971] LOG - 20:41:21.965Z Calculated TP: 4 (SL × 3.5)
[2025-09-24 15:41:21.973] LOG - 20:41:21.965Z Calculated TP: 4 (SL × 3.5)
[2025-09-24 15:41:21.974] LOG - 20:41:21.965Z Tick size input changed to: 0.25
[2025-09-24 15:41:21.974] LOG - 20:41:21.965Z Tick size input changed to: 0.25
[2025-09-24 15:41:21.975] LOG - 20:41:21.965Z Trade control updates complete: [object Object]
[2025-09-24 15:41:21.976] LOG - 20:41:21.965Z Trade control updates complete:
[2025-09-24 15:41:22.145] LOG - 20:41:22.143Z Quantity input changed to: 9
[2025-09-24 15:41:22.146] LOG - 20:41:22.143Z Quantity input changed to: 9
[2025-09-24 15:41:22.146] LOG - 20:41:22.144Z TP input changed to: 45
[2025-09-24 15:41:22.147] LOG - 20:41:22.144Z TP input changed to: 45
[2025-09-24 15:41:22.149] LOG - 20:41:22.144Z SL input changed to: 15
[2025-09-24 15:41:22.149] LOG - 20:41:22.144Z SL input changed to: 15
[2025-09-24 15:41:22.149] LOG - 20:41:22.144Z Calculated TP: 53 (SL × 3.5)
[2025-09-24 15:41:22.150] LOG - 20:41:22.144Z Calculated TP: 53 (SL × 3.5)
[2025-09-24 15:41:22.150] LOG - 20:41:22.144Z Tick size input changed to: 0.25
[2025-09-24 15:41:22.150] LOG - 20:41:22.144Z Tick size input changed to: 0.25
[2025-09-24 15:41:22.150] LOG - 20:41:22.144Z Trade control updates complete: [object Object]
[2025-09-24 15:41:22.150] LOG - 20:41:22.144Z Trade control updates complete:
[2025-09-24 15:41:23.970] LOG - 20:41:23.969Z Quantity input changed to: 9
[2025-09-24 15:41:23.971] LOG - 20:41:23.969Z Quantity input changed to: 9
[2025-09-24 15:41:23.973] LOG - 20:41:23.969Z TP input changed to: 45
[2025-09-24 15:41:23.975] LOG - 20:41:23.969Z TP input changed to: 45
[2025-09-24 15:41:23.977] LOG - 20:41:23.970Z SL input changed to: 15
[2025-09-24 15:41:23.977] LOG - 20:41:23.970Z SL input changed to: 15
[2025-09-24 15:41:23.979] LOG - 20:41:23.970Z Calculated TP: 53 (SL × 3.5)
[2025-09-24 15:41:23.980] LOG - 20:41:23.970Z Calculated TP: 53 (SL × 3.5)
[2025-09-24 15:41:23.981] LOG - 20:41:23.970Z Tick size input changed to: 0.25
[2025-09-24 15:41:23.982] LOG - 20:41:23.970Z Tick size input changed to: 0.25
[2025-09-24 15:41:23.982] LOG - 20:41:23.970Z Trade control updates complete: [object Object]
[2025-09-24 15:41:23.982] LOG - 20:41:23.970Z Trade control updates complete:
[2025-09-24 15:41:58.996] INFO - 20:41:58.994Z time stats. avg diff: -152, min: -152, max: -152, roundtrip: 21 msec, #1
[2025-09-24 15:41:58.996] INFO - 20:41:58.994Z time stats. avg diff: -152, min: -152, max: -152, roundtrip: 21 msec, #1
