[2025-09-24 15:40:54.874] LOG - 20:40:54.872Z Starting login process for: zenex3298@gmail.com
[2025-09-24 15:40:54.874] LOG - 20:40:54.872Z Starting login process for: zenex3298@gmail.com
[2025-09-24 15:40:54.875] LOG - 20:40:54.873Z Auto login function executing for: zenex3298@gmail.com
[2025-09-24 15:40:54.875] LOG - 20:40:54.873Z Auto login function executing for: zenex3298@gmail.com
[2025-09-24 15:40:54.875] LOG - 20:40:54.873Z Login form found, filling credentials...
[2025-09-24 15:40:54.876] LOG - 20:40:54.873Z Login form found, filling credentials...
[2025-09-24 15:40:55.010] LOG - 20:40:54.909Z Test element added to DOM
[2025-09-24 15:40:55.011] LOG - 20:40:54.909Z Test element added to DOM
[2025-09-24 15:40:55.017] LOG - 20:40:55.015Z All browser alerts and confirmations have been disabled
[2025-09-24 15:40:55.017] LOG - 20:40:55.015Z All browser alerts and confirmations have been disabled
[2025-09-24 15:40:55.387] LOG - 20:40:55.385Z Clicking login button...
[2025-09-24 15:40:55.387] LOG - 20:40:55.385Z Clicking login button...
[2025-09-24 15:40:55.399] LOG - 20:40:55.396Z authentication starting
[2025-09-24 15:40:55.399] LOG - 20:40:55.396Z authentication starting
[2025-09-24 15:40:55.737] warning - The AudioContext was not allowed to start. It must be resumed (or created) after a user gesture on the page. https://developer.chrome.com/blog/autoplay/#web_audio
[2025-09-24 15:40:55.742] LOG - 20:40:55.726Z Watching for account selection page...
[2025-09-24 15:40:55.743] LOG - 20:40:55.726Z Watching for account selection page...
[2025-09-24 15:40:56.007] LOG - 20:40:56.006Z Access token will be renewed in 75 minutes; expired: Wed Sep 24 2025 17:00:56 GMT-0500 (Central Daylight Time), now: Wed Sep 24 2025 15:40:56 GMT-0500 (Central Daylight Time)
[2025-09-24 15:40:56.007] LOG - 20:40:56.006Z Access token will be renewed in 75 minutes; expired: Wed Sep 24 2025 17:00:56 GMT-0500 (Central Daylight Time), now: Wed Sep 24 2025 15:40:56 GMT-0500 (Central Daylight Time)
[2025-09-24 15:40:56.208] INFO - 20:40:56.206Z [LaunchDarkly] Closing stream connection
[2025-09-24 15:40:56.209] INFO - 20:40:56.206Z [LaunchDarkly] Closing stream connection
[2025-09-24 15:40:56.209] INFO - 20:40:56.207Z [LaunchDarkly] Opening stream connection to https://clientstream.launchdarkly.com/eval/66cdf5b9cf61891061b4e437/eyJraW5kIjoidXNlciIsImtleSI6IjQ2NTYwMjciLCJkZXZpY2UiOiJkZXNrdG9wIiwidXNlcklkIjo0NjU2MDI3LCJpcENvdW50cnkiOiJVUyIsIm9yZ05hbWUiOiJURFYiLCJuYW1lIjoiWmVuZXgzMjk4IiwibGFuZGluZ1BhcmFtcyI6IiJ9
[2025-09-24 15:40:56.209] INFO - 20:40:56.207Z [LaunchDarkly] Opening stream connection to https://clientstream.launchdarkly.com/eval/66cdf5b9cf61891061b4e437/eyJraW5kIjoidXNlciIsImtleSI6IjQ2NTYwMjciLCJkZXZpY2UiOiJkZXNrdG9wIiwidXNlcklkIjo0NjU2MDI3LCJpcENvdW50cnkiOiJVUyIsIm9yZ05hbWUiOiJURFYiLCJuYW1lIjoiWmVuZXgzMjk4IiwibGFuZGluZ1BhcmFtcyI6IiJ9
[2025-09-24 15:40:56.291] INFO - 20:40:56.289Z [LaunchDarkly] Closing stream connection
[2025-09-24 15:40:56.291] INFO - 20:40:56.289Z [LaunchDarkly] Closing stream connection
[2025-09-24 15:40:56.292] INFO - 20:40:56.289Z [LaunchDarkly] Opening stream connection to https://clientstream.launchdarkly.com/eval/66cdf5b9cf61891061b4e437/eyJraW5kIjoidXNlciIsImtleSI6IjQ2NTYwMjciLCJkZXZpY2UiOiJkZXNrdG9wIiwidXNlcklkIjo0NjU2MDI3LCJpcENvdW50cnkiOiJVUyIsIm9yZ05hbWUiOiJURFYiLCJuYW1lIjoiWmVuZXgzMjk4IiwibGFuZGluZ1BhcmFtcyI6IiJ9
[2025-09-24 15:40:56.292] INFO - 20:40:56.289Z [LaunchDarkly] Opening stream connection to https://clientstream.launchdarkly.com/eval/66cdf5b9cf61891061b4e437/eyJraW5kIjoidXNlciIsImtleSI6IjQ2NTYwMjciLCJkZXZpY2UiOiJkZXNrdG9wIiwidXNlcklkIjo0NjU2MDI3LCJpcENvdW50cnkiOiJVUyIsIm9yZ05hbWUiOiJURFYiLCJuYW1lIjoiWmVuZXgzMjk4IiwibGFuZGluZ1BhcmFtcyI6IiJ9
[2025-09-24 15:40:56.728] LOG - 20:40:56.727Z Account selection page detected, clicking button...
[2025-09-24 15:40:56.728] LOG - 20:40:56.727Z Account selection page detected, clicking button...
[2025-09-24 15:40:56.912] LOG - 20:40:56.888Z Access token will be renewed in 75 minutes; expired: Wed Sep 24 2025 17:00:56 GMT-0500 (Central Daylight Time), now: Wed Sep 24 2025 15:40:56 GMT-0500 (Central Daylight Time)
[2025-09-24 15:40:56.912] LOG - 20:40:56.888Z Access token will be renewed in 75 minutes; expired: Wed Sep 24 2025 17:00:56 GMT-0500 (Central Daylight Time), now: Wed Sep 24 2025 15:40:56 GMT-0500 (Central Daylight Time)
[2025-09-24 15:40:56.975] error - Refused to connect to 'https://bat.bing.com/actionp/0?ti=26330043&Ver=2&mid=623b0cdc-db59-4352-83d7-0b8621799ba1&bo=2&sid=e921826097c611f09785499b91a2dd7e&vid=9abf384092fe11f0b30e9fac449e4642&vids=0&msclkid=N&evt=pageHide' because it violates the following Content Security Policy directive: "connect-src wss://*.tradovate.com https://*.tradovate.com https://*.ntinnolab.com https://*.devel.ninjatrader.dev https://*.staging.ninjatrader.dev https://*.uat.ninjatrader.dev wss://*.ntinnolab.com wss://*.devel.ninjatrader.dev wss://*.staging.ninjatrader.dev wss://*.uat.ninjatrader.dev wss://*.tradovateapi.com https://*.tradovateapi.com https://*.ninjatrader.com https://cdn.walkme.com https://ec.walkme.com https://sessions.bugsnag.com https://notify.bugsnag.com https://*.plaid.com https://*.yodlee.com https://tradovate.zendesk.com https://rollout.ada.support https://static.ada.support https://ninjatrader.ada.support https://tradovate.ada.support https://ninjatrader-eap.ada.support/ https://demo-ninjatrader-gr.ada.support/ https://tradovate-gen.ada.support/ https://api.stripe.com https://apiproxy.ninjatrader.com https://apiproxy-d.ninjatrader.com https://us-autocomplete-pro.api.smartystreets.com https://international-autocomplete.api.smarty.com https://maps.googleapis.com https://accounts.google.com/ https://www.google.com https://www.googletagmanager.com/ https://*.browser-intake-datadoghq.com https://scripts.neuro-id.com https://receiver.neuroid.cloud https://logs.neuro-id.com https://firebaseinstallations.googleapis.com/ https://firebaseremoteconfig.googleapis.com/ https://logx.optimizely.com https://*.optimizely.com wss://mpsnare.iesnare.com wss://ci-mpsnare.iovation.com https://*.iovation.com/ https://*.reddit.com  https://www.redditstatic.com https://*.taboola.com https://*.launchdarkly.com https://*.alloy.co https://*.maze.co https://www.google-analytics.com https://analytics.google.com https://www.googletagmanager.com/ https://api.hubapi.com https://forms.hubspot.com https://stats.g.doubleclick.net https://alb.reddit.com https://analytics.twitter.com https://heapanalytics.com https://*.auryc.com https://*.contentsquare.net https://siteintercept.qualtrics.com https://api.userway.org/".

[2025-09-24 15:40:56.976] INFO - 20:40:56.974Z visibilitychange: hidden, gd: 1000
[2025-09-24 15:40:56.977] INFO - 20:40:56.974Z visibilitychange: hidden, gd: 1000
[2025-09-24 15:40:56.978] WARNING - 20:40:56.974Z [LaunchDarkly] Error on stream connection: {"isTrusted":true}, will continue retrying after 867 milliseconds.
[2025-09-24 15:40:56.979] WARNING - 20:40:56.974Z [LaunchDarkly] Error on stream connection: {"isTrusted":true}, will continue retrying after 867 milliseconds.
[2025-09-24 15:40:56.979] INFO - 20:40:56.975Z [LaunchDarkly] Closing stream connection
[2025-09-24 15:40:56.979] INFO - 20:40:56.975Z [LaunchDarkly] Closing stream connection
[2025-09-24 15:40:57.367] WARNING - Duplicate atom key "locale". This is a FATAL ERROR in
      production. But it is safe to ignore this warning if it occurred because of
      hot module replacement.
[2025-09-24 15:40:57.368] WARNING - Duplicate atom key "locale". This is a FATAL ERROR in
      production. But it is safe to ignore this warning if it occurred because of
      hot module replacement.
[2025-09-24 15:40:57.370] WARNING - Duplicate atom key "muiTheme". This is a FATAL ERROR in
      production. But it is safe to ignore this warning if it occurred because of
      hot module replacement.
[2025-09-24 15:40:57.371] WARNING - Duplicate atom key "muiTheme". This is a FATAL ERROR in
      production. But it is safe to ignore this warning if it occurred because of
      hot module replacement.
[2025-09-24 15:40:57.371] WARNING - Duplicate atom key "appLinksFooter". This is a FATAL ERROR in
      production. But it is safe to ignore this warning if it occurred because of
      hot module replacement.
[2025-09-24 15:40:57.373] WARNING - Duplicate atom key "appLinksFooter". This is a FATAL ERROR in
      production. But it is safe to ignore this warning if it occurred because of
      hot module replacement.
[2025-09-24 15:40:57.374] WARNING - Duplicate atom key "currentUserId2". This is a FATAL ERROR in
      production. But it is safe to ignore this warning if it occurred because of
      hot module replacement.
[2025-09-24 15:40:57.375] WARNING - Duplicate atom key "currentUserId2". This is a FATAL ERROR in
      production. But it is safe to ignore this warning if it occurred because of
      hot module replacement.
[2025-09-24 15:40:57.376] WARNING - Duplicate atom key "onboardingInProgress". This is a FATAL ERROR in
      production. But it is safe to ignore this warning if it occurred because of
      hot module replacement.
[2025-09-24 15:40:57.378] WARNING - Duplicate atom key "onboardingInProgress". This is a FATAL ERROR in
      production. But it is safe to ignore this warning if it occurred because of
      hot module replacement.
[2025-09-24 15:40:57.379] WARNING - Duplicate atom key "editing". This is a FATAL ERROR in
      production. But it is safe to ignore this warning if it occurred because of
      hot module replacement.
[2025-09-24 15:40:57.379] WARNING - Duplicate atom key "editing". This is a FATAL ERROR in
      production. But it is safe to ignore this warning if it occurred because of
      hot module replacement.
[2025-09-24 15:40:57.380] WARNING - Duplicate atom key "infoMessage". This is a FATAL ERROR in
      production. But it is safe to ignore this warning if it occurred because of
      hot module replacement.
[2025-09-24 15:40:57.382] WARNING - Duplicate atom key "infoMessage". This is a FATAL ERROR in
      production. But it is safe to ignore this warning if it occurred because of
      hot module replacement.
[2025-09-24 15:40:57.384] WARNING - Duplicate atom key "browserWarning". This is a FATAL ERROR in
      production. But it is safe to ignore this warning if it occurred because of
      hot module replacement.
[2025-09-24 15:40:57.386] WARNING - Duplicate atom key "browserWarning". This is a FATAL ERROR in
      production. But it is safe to ignore this warning if it occurred because of
      hot module replacement.
[2025-09-24 15:40:57.387] WARNING - Duplicate atom key "clockWarning". This is a FATAL ERROR in
      production. But it is safe to ignore this warning if it occurred because of
      hot module replacement.
[2025-09-24 15:40:57.388] WARNING - Duplicate atom key "clockWarning". This is a FATAL ERROR in
      production. But it is safe to ignore this warning if it occurred because of
      hot module replacement.
[2025-09-24 15:40:57.390] WARNING - Duplicate atom key "breakpoint". This is a FATAL ERROR in
      production. But it is safe to ignore this warning if it occurred because of
      hot module replacement.
[2025-09-24 15:40:57.391] WARNING - Duplicate atom key "breakpoint". This is a FATAL ERROR in
      production. But it is safe to ignore this warning if it occurred because of
      hot module replacement.
[2025-09-24 15:40:57.392] WARNING - Duplicate atom key "inMobileRange". This is a FATAL ERROR in
      production. But it is safe to ignore this warning if it occurred because of
      hot module replacement.
[2025-09-24 15:40:57.393] WARNING - Duplicate atom key "inMobileRange". This is a FATAL ERROR in
      production. But it is safe to ignore this warning if it occurred because of
      hot module replacement.
[2025-09-24 15:40:57.394] WARNING - Duplicate atom key "gridSpacing". This is a FATAL ERROR in
      production. But it is safe to ignore this warning if it occurred because of
      hot module replacement.
[2025-09-24 15:40:57.394] WARNING - Duplicate atom key "gridSpacing". This is a FATAL ERROR in
      production. But it is safe to ignore this warning if it occurred because of
      hot module replacement.
[2025-09-24 15:40:57.395] WARNING - Duplicate atom key "login". This is a FATAL ERROR in
      production. But it is safe to ignore this warning if it occurred because of
      hot module replacement.
[2025-09-24 15:40:57.395] WARNING - Duplicate atom key "login". This is a FATAL ERROR in
      production. But it is safe to ignore this warning if it occurred because of
      hot module replacement.
[2025-09-24 15:40:57.396] WARNING - Duplicate atom key "error". This is a FATAL ERROR in
      production. But it is safe to ignore this warning if it occurred because of
      hot module replacement.
[2025-09-24 15:40:57.396] WARNING - Duplicate atom key "error". This is a FATAL ERROR in
      production. But it is safe to ignore this warning if it occurred because of
      hot module replacement.
[2025-09-24 15:40:57.396] WARNING - Duplicate atom key "contactInfos2". This is a FATAL ERROR in
      production. But it is safe to ignore this warning if it occurred because of
      hot module replacement.
[2025-09-24 15:40:57.396] WARNING - Duplicate atom key "contactInfos2". This is a FATAL ERROR in
      production. But it is safe to ignore this warning if it occurred because of
      hot module replacement.
[2025-09-24 15:40:57.396] WARNING - Duplicate atom key "individualApplicantsTimestamp". This is a FATAL ERROR in
      production. But it is safe to ignore this warning if it occurred because of
      hot module replacement.
[2025-09-24 15:40:57.396] WARNING - Duplicate atom key "individualApplicantsTimestamp". This is a FATAL ERROR in
      production. But it is safe to ignore this warning if it occurred because of
      hot module replacement.
[2025-09-24 15:40:57.396] WARNING - Duplicate atom key "customerApplication". This is a FATAL ERROR in
      production. But it is safe to ignore this warning if it occurred because of
      hot module replacement.
[2025-09-24 15:40:57.396] WARNING - Duplicate atom key "customerApplication". This is a FATAL ERROR in
      production. But it is safe to ignore this warning if it occurred because of
      hot module replacement.
[2025-09-24 15:40:57.397] WARNING - Duplicate atom key "individualApplicants". This is a FATAL ERROR in
      production. But it is safe to ignore this warning if it occurred because of
      hot module replacement.
[2025-09-24 15:40:57.397] WARNING - Duplicate atom key "individualApplicants". This is a FATAL ERROR in
      production. But it is safe to ignore this warning if it occurred because of
      hot module replacement.
[2025-09-24 15:40:57.397] WARNING - Duplicate atom key "clearingHouses". This is a FATAL ERROR in
      production. But it is safe to ignore this warning if it occurred because of
      hot module replacement.
[2025-09-24 15:40:57.397] WARNING - Duplicate atom key "clearingHouses". This is a FATAL ERROR in
      production. But it is safe to ignore this warning if it occurred because of
      hot module replacement.
[2025-09-24 15:40:57.397] WARNING - Duplicate atom key "clearXClearingHouse". This is a FATAL ERROR in
      production. But it is safe to ignore this warning if it occurred because of
      hot module replacement.
[2025-09-24 15:40:57.398] WARNING - Duplicate atom key "clearXClearingHouse". This is a FATAL ERROR in
      production. But it is safe to ignore this warning if it occurred because of
      hot module replacement.
[2025-09-24 15:40:57.398] WARNING - Duplicate atom key "applicationClearingHouse". This is a FATAL ERROR in
      production. But it is safe to ignore this warning if it occurred because of
      hot module replacement.
[2025-09-24 15:40:57.398] WARNING - Duplicate atom key "applicationClearingHouse". This is a FATAL ERROR in
      production. But it is safe to ignore this warning if it occurred because of
      hot module replacement.
[2025-09-24 15:40:57.398] WARNING - Duplicate atom key "userLocation". This is a FATAL ERROR in
      production. But it is safe to ignore this warning if it occurred because of
      hot module replacement.
[2025-09-24 15:40:57.398] WARNING - Duplicate atom key "userLocation". This is a FATAL ERROR in
      production. But it is safe to ignore this warning if it occurred because of
      hot module replacement.
[2025-09-24 15:40:57.398] WARNING - Duplicate atom key "savedApplicationsTimestamp". This is a FATAL ERROR in
      production. But it is safe to ignore this warning if it occurred because of
      hot module replacement.
[2025-09-24 15:40:57.398] WARNING - Duplicate atom key "savedApplicationsTimestamp". This is a FATAL ERROR in
      production. But it is safe to ignore this warning if it occurred because of
      hot module replacement.
[2025-09-24 15:40:57.399] WARNING - Duplicate atom key "savedApplications". This is a FATAL ERROR in
      production. But it is safe to ignore this warning if it occurred because of
      hot module replacement.
[2025-09-24 15:40:57.399] WARNING - Duplicate atom key "savedApplications". This is a FATAL ERROR in
      production. But it is safe to ignore this warning if it occurred because of
      hot module replacement.
[2025-09-24 15:40:57.399] WARNING - Duplicate atom key "step". This is a FATAL ERROR in
      production. But it is safe to ignore this warning if it occurred because of
      hot module replacement.
[2025-09-24 15:40:57.399] WARNING - Duplicate atom key "step". This is a FATAL ERROR in
      production. But it is safe to ignore this warning if it occurred because of
      hot module replacement.
[2025-09-24 15:40:57.399] WARNING - Duplicate atom key "checkStates". This is a FATAL ERROR in
      production. But it is safe to ignore this warning if it occurred because of
      hot module replacement.
[2025-09-24 15:40:57.399] WARNING - Duplicate atom key "checkStates". This is a FATAL ERROR in
      production. But it is safe to ignore this warning if it occurred because of
      hot module replacement.
[2025-09-24 15:40:57.400] WARNING - Duplicate atom key "signStates". This is a FATAL ERROR in
      production. But it is safe to ignore this warning if it occurred because of
      hot module replacement.
[2025-09-24 15:40:57.400] WARNING - Duplicate atom key "signStates". This is a FATAL ERROR in
      production. But it is safe to ignore this warning if it occurred because of
      hot module replacement.
[2025-09-24 15:40:57.400] WARNING - Duplicate atom key "wizard". This is a FATAL ERROR in
      production. But it is safe to ignore this warning if it occurred because of
      hot module replacement.
[2025-09-24 15:40:57.400] WARNING - Duplicate atom key "wizard". This is a FATAL ERROR in
      production. But it is safe to ignore this warning if it occurred because of
      hot module replacement.
[2025-09-24 15:40:57.400] WARNING - Duplicate atom key "formBuilder". This is a FATAL ERROR in
      production. But it is safe to ignore this warning if it occurred because of
      hot module replacement.
[2025-09-24 15:40:57.400] WARNING - Duplicate atom key "formBuilder". This is a FATAL ERROR in
      production. But it is safe to ignore this warning if it occurred because of
      hot module replacement.
[2025-09-24 15:40:57.400] WARNING - Duplicate atom key "headerSlot". This is a FATAL ERROR in
      production. But it is safe to ignore this warning if it occurred because of
      hot module replacement.
[2025-09-24 15:40:57.401] WARNING - Duplicate atom key "headerSlot". This is a FATAL ERROR in
      production. But it is safe to ignore this warning if it occurred because of
      hot module replacement.
[2025-09-24 15:40:57.401] WARNING - Duplicate atom key "footerSlot". This is a FATAL ERROR in
      production. But it is safe to ignore this warning if it occurred because of
      hot module replacement.
[2025-09-24 15:40:57.401] WARNING - Duplicate atom key "footerSlot". This is a FATAL ERROR in
      production. But it is safe to ignore this warning if it occurred because of
      hot module replacement.
[2025-09-24 15:40:57.401] WARNING - Duplicate atom key "alloyJourneyToken". This is a FATAL ERROR in
      production. But it is safe to ignore this warning if it occurred because of
      hot module replacement.
[2025-09-24 15:40:57.401] WARNING - Duplicate atom key "alloyJourneyToken". This is a FATAL ERROR in
      production. But it is safe to ignore this warning if it occurred because of
      hot module replacement.
[2025-09-24 15:40:57.402] DEBUG - [bugsnag] Loaded!
[2025-09-24 15:40:57.402] DEBUG - [bugsnag] Loaded!
[2025-09-24 15:40:57.402] INFO - Version 3.250919.0 prod production 
[2025-09-24 15:40:57.402] INFO - Version 3.250919.0 prod production 
[2025-09-24 15:40:57.403] INFO - Time: Wed Sep 24 2025 15:40:57 GMT-0500 (Central Daylight Time)
[2025-09-24 15:40:57.403] INFO - Time:
[2025-09-24 15:40:57.449] LOG - 20:40:57.447Z Try to restore session
[2025-09-24 15:40:57.450] LOG - 20:40:57.447Z Try to restore session
[2025-09-24 15:40:57.451] LOG - 20:40:57.449Z Access token will be renewed in 75 minutes; expired: Wed Sep 24 2025 17:00:56 GMT-0500 (Central Daylight Time), now: Wed Sep 24 2025 15:40:57 GMT-0500 (Central Daylight Time)
[2025-09-24 15:40:57.451] LOG - 20:40:57.449Z Access token will be renewed in 75 minutes; expired: Wed Sep 24 2025 17:00:56 GMT-0500 (Central Daylight Time), now: Wed Sep 24 2025 15:40:57 GMT-0500 (Central Daylight Time)
[2025-09-24 15:40:57.456] WARNING - 20:40:57.455Z [LaunchDarkly] The waitForInitialization function was called without a timeout specified. In a future version a default timeout will be applied.
[2025-09-24 15:40:57.456] WARNING - 20:40:57.455Z [LaunchDarkly] The waitForInitialization function was called without a timeout specified. In a future version a default timeout will be applied.
[2025-09-24 15:40:57.462] INFO - 20:40:57.461Z chart cache state: islands=1, bars=462
[2025-09-24 15:40:57.463] INFO - 20:40:57.461Z chart cache state: islands=1, bars=462
[2025-09-24 15:40:57.463] INFO - 20:40:57.462Z Chart history database initialized
[2025-09-24 15:40:57.463] INFO - 20:40:57.462Z Chart history database initialized
[2025-09-24 15:40:57.471] INFO - 20:40:57.470Z [LaunchDarkly] LaunchDarkly client initialized
[2025-09-24 15:40:57.472] INFO - 20:40:57.470Z [LaunchDarkly] LaunchDarkly client initialized
[2025-09-24 15:40:57.472] INFO - 20:40:57.470Z [LaunchDarkly] Opening stream connection to https://clientstream.launchdarkly.com/eval/66cdf5b9cf61891061b4e437/eyJraW5kIjoidXNlciIsImtleSI6InVua25vd24iLCJhbm9ueW1vdXMiOmZhbHNlfQ
[2025-09-24 15:40:57.472] INFO - 20:40:57.470Z [LaunchDarkly] Opening stream connection to https://clientstream.launchdarkly.com/eval/66cdf5b9cf61891061b4e437/eyJraW5kIjoidXNlciIsImtleSI6InVua25vd24iLCJhbm9ueW1vdXMiOmZhbHNlfQ
[2025-09-24 15:40:57.892] INFO - 20:40:57.892Z [LaunchDarkly] Closing stream connection
[2025-09-24 15:40:57.894] INFO - 20:40:57.892Z [LaunchDarkly] Closing stream connection
[2025-09-24 15:40:57.896] INFO - 20:40:57.892Z [LaunchDarkly] Opening stream connection to https://clientstream.launchdarkly.com/eval/66cdf5b9cf61891061b4e437/eyJraW5kIjoidXNlciIsImtleSI6IjQ2NTYwMjciLCJkZXZpY2UiOiJkZXNrdG9wIiwidXNlcklkIjo0NjU2MDI3LCJpcENvdW50cnkiOiIiLCJvcmdOYW1lIjoiVERWIiwibmFtZSI6IlplbmV4MzI5OCIsImxhbmRpbmdQYXJhbXMiOiIifQ
[2025-09-24 15:40:57.897] INFO - 20:40:57.892Z [LaunchDarkly] Opening stream connection to https://clientstream.launchdarkly.com/eval/66cdf5b9cf61891061b4e437/eyJraW5kIjoidXNlciIsImtleSI6IjQ2NTYwMjciLCJkZXZpY2UiOiJkZXNrdG9wIiwidXNlcklkIjo0NjU2MDI3LCJpcENvdW50cnkiOiIiLCJvcmdOYW1lIjoiVERWIiwibmFtZSI6IlplbmV4MzI5OCIsImxhbmRpbmdQYXJhbXMiOiIifQ
[2025-09-24 15:40:58.014] LOG - 20:40:58.011Z opening https://demo.tradovateapi.com/
[2025-09-24 15:40:58.014] LOG - 20:40:58.011Z opening https://demo.tradovateapi.com/
[2025-09-24 15:40:58.019] LOG - 20:40:58.018Z Hotkeys initialized {"Shift+Digit1":["orders/selectColumns"],"Shift+Digit2":["orders/showFilters"],"Shift+Digit3":["orders/standardTableView"],"Shift+Digit4":["orders/linkedOrdersView"],"Command+Shift+Digit0":["dom-chart/exit-and-cancel"]}
[2025-09-24 15:40:58.019] LOG - 20:40:58.018Z Hotkeys initialized {"Shift+Digit1":["orders/selectColumns"],"Shift+Digit2":["orders/showFilters"],"Shift+Digit3":["orders/standardTableView"],"Shift+Digit4":["orders/linkedOrdersView"],"Command+Shift+Digit0":["dom-chart/exit-and-cancel"]}
[2025-09-24 15:40:58.085] LOG - 20:40:58.084Z websocket opened
[2025-09-24 15:40:58.085] LOG - 20:40:58.084Z websocket opened
[2025-09-24 15:40:58.139] LOG - 20:40:58.138Z opening https://md-demo.tradovateapi.com/
[2025-09-24 15:40:58.140] LOG - 20:40:58.138Z opening https://md-demo.tradovateapi.com/
[2025-09-24 15:40:58.140] LOG - 20:40:58.139Z Connection:  open
[2025-09-24 15:40:58.140] LOG - 20:40:58.139Z Connection:  open
[2025-09-24 15:40:59.124] LOG - 20:40:59.122Z WebGL:  {"isWebGL2":true,"precision":"highp","logarithmicDepthBuffer":false,"maxTextures":16,"maxVertexTextures":16,"maxTextureSize":16384,"maxCubemapSize":16384,"maxAttributes":16,"maxVertexUniforms":1024,"maxVaryings":30,"maxFragmentUniforms":1024,"vertexTextures":true,"floatFragmentTextures":true,"floatVertexTextures":true,"maxSamples":8} , devicePixelRatio:  2
[2025-09-24 15:40:59.129] LOG - 20:40:59.123Z Canvas size: 501 897 dpp:  2
[2025-09-24 15:40:59.133] LOG - 20:40:59.132Z Loading App-level Plugins
[2025-09-24 15:40:59.133] LOG - 20:40:59.132Z Loading App-level Plugins
[2025-09-24 15:40:59.147] LOG - 20:40:59.143Z WebGL:  {"isWebGL2":true,"precision":"highp","logarithmicDepthBuffer":false,"maxTextures":16,"maxVertexTextures":16,"maxTextureSize":16384,"maxCubemapSize":16384,"maxAttributes":16,"maxVertexUniforms":1024,"maxVaryings":30,"maxFragmentUniforms":1024,"vertexTextures":true,"floatFragmentTextures":true,"floatVertexTextures":true,"maxSamples":8} , devicePixelRatio:  2
[2025-09-24 15:40:59.151] LOG - 20:40:59.143Z Canvas size: 501 897 dpp:  2
[2025-09-24 15:40:59.236] LOG - 20:40:59.198Z websocket opened
[2025-09-24 15:40:59.237] LOG - 20:40:59.198Z websocket opened
[2025-09-24 15:40:59.421] LOG - 20:40:59.420Z loadAppLevelPlugins:  [object Object]
[2025-09-24 15:40:59.421] LOG - 20:40:59.420Z loadAppLevelPlugins: 
[2025-09-24 15:41:00.138] LOG - 20:41:00.137Z jailing is in progress
[2025-09-24 15:41:00.138] LOG - 20:41:00.137Z jailing is in progress
[2025-09-24 15:41:00.325] LOG - 20:41:00.324Z pending jailing done. next starts
[2025-09-24 15:41:00.326] LOG - 20:41:00.324Z pending jailing done. next starts
[2025-09-24 15:41:01.277] LOG - 20:41:01.231Z created chart 1
[2025-09-24 15:41:01.477] LOG - 20:41:01.476Z updating the shared isolation
[2025-09-24 15:41:01.477] LOG - 20:41:01.476Z updating the shared isolation
[2025-09-24 15:41:01.484] LOG - 20:41:01.482Z requestChart: {"symbol":"3267312","chartDescription":{"underlyingType":"Tick","elementSize":5000,"elementSizeUnit":"UnderlyingUnits","withHistogram":false},"timeRange":{"asMuchAsElements":300}}
[2025-09-24 15:41:01.484] LOG - 20:41:01.482Z requestChart: {"symbol":"3267312","chartDescription":{"underlyingType":"Tick","elementSize":5000,"elementSizeUnit":"UnderlyingUnits","withHistogram":false},"timeRange":{"asMuchAsElements":300}}
[2025-09-24 15:41:01.484] LOG - 20:41:01.482Z mdMgApi open
[2025-09-24 15:41:01.485] LOG - 20:41:01.482Z mdMgApi open
[2025-09-24 15:41:06.270] LOG - 20:41:06.268Z Auto Order script initialized - AUTOMATIC HOT RELOAD SUCCESS!
[2025-09-24 15:41:06.271] LOG - 20:41:06.268Z Auto Order script initialized - AUTOMATIC HOT RELOAD SUCCESS!
[2025-09-24 15:41:06.271] LOG - 20:41:06.269Z Creating UI...
[2025-09-24 15:41:06.271] LOG - 20:41:06.269Z Creating UI...
[2025-09-24 15:41:06.271] LOG - 20:41:06.269Z Creating UI
[2025-09-24 15:41:06.272] LOG - 20:41:06.269Z Creating UI
[2025-09-24 15:41:06.272] LOG - 20:41:06.270Z Stored values: TP=60, SL=20, Qty=9, Tick=0.25, Symbol=NQ
[2025-09-24 15:41:06.272] LOG - 20:41:06.270Z Stored values: TP=60, SL=20, Qty=9, Tick=0.25, Symbol=NQ
[2025-09-24 15:41:06.273] LOG - 20:41:06.272Z UI container added to DOM
[2025-09-24 15:41:06.274] LOG - 20:41:06.272Z UI container added to DOM
[2025-09-24 15:41:06.275] LOG - 20:41:06.272Z Setting up UI event handlers
[2025-09-24 15:41:06.275] LOG - 20:41:06.272Z Setting up UI event handlers
[2025-09-24 15:41:06.276] LOG - 20:41:06.272Z Setting up persistent settings
[2025-09-24 15:41:06.276] LOG - 20:41:06.272Z Setting up persistent settings
[2025-09-24 15:41:06.277] LOG - 20:41:06.272Z Setting up drag functionality
[2025-09-24 15:41:06.278] LOG - 20:41:06.272Z Setting up drag functionality
[2025-09-24 15:41:06.278] LOG - 20:41:06.272Z Setting up trade buttons
[2025-09-24 15:41:06.279] LOG - 20:41:06.272Z Setting up trade buttons
[2025-09-24 15:41:06.279] LOG - 20:41:06.272Z UI creation complete
[2025-09-24 15:41:06.279] LOG - 20:41:06.272Z UI creation complete
[2025-09-24 15:41:06.279] LOG - 20:41:06.272Z Creating example front-quarter symbol
[2025-09-24 15:41:06.280] LOG - 20:41:06.272Z Creating example front-quarter symbol
[2025-09-24 15:41:06.280] LOG - 20:41:06.272Z getQuarterlyCode called with date: 2025-09-24T20:41:06.272Z
[2025-09-24 15:41:06.280] LOG - 20:41:06.272Z getQuarterlyCode called with date: 2025-09-24T20:41:06.272Z
[2025-09-24 15:41:06.280] LOG - 20:41:06.273Z Current month index: 8
[2025-09-24 15:41:06.280] LOG - 20:41:06.273Z Current month index: 8
[2025-09-24 15:41:06.280] LOG - 20:41:06.273Z Starting calculation with year=2025, month=8
[2025-09-24 15:41:06.280] LOG - 20:41:06.273Z Starting calculation with year=2025, month=8
[2025-09-24 15:41:06.281] LOG - 20:41:06.273Z Calculated quarterly code: letter=Z, yearDigit=5
[2025-09-24 15:41:06.281] LOG - 20:41:06.273Z Calculated quarterly code: letter=Z, yearDigit=5
[2025-09-24 15:41:06.281] LOG - 20:41:06.273Z Example front-quarter symbol created: NQZ5
[2025-09-24 15:41:06.281] LOG - 20:41:06.273Z Example front-quarter symbol created: NQZ5
[2025-09-24 15:41:06.288] LOG - 20:41:06.287Z Auto Risk Management: Running initial risk assessment...
[2025-09-24 15:41:06.289] LOG - 20:41:06.287Z Auto Risk Management: Running initial risk assessment...
[2025-09-24 15:41:06.290] LOG - 20:41:06.288Z [analyzePhase] resetting phaseData
[2025-09-24 15:41:06.291] LOG - 20:41:06.288Z [analyzePhase] resetting phaseData
[2025-09-24 15:41:06.291] LOG - 20:41:06.288Z [analyzePhase] set phase 1 maxActive to 1
[2025-09-24 15:41:06.292] LOG - 20:41:06.288Z [analyzePhase] set phase 1 maxActive to 1
[2025-09-24 15:41:06.293] LOG - 20:41:06.288Z [analyzePhase] increased phase 2 maxActive to 1
[2025-09-24 15:41:06.293] LOG - 20:41:06.288Z [analyzePhase] increased phase 2 maxActive to 1
[2025-09-24 15:41:06.294] LOG - 20:41:06.289Z [updateUserColumnPhaseStatus] Starting...
[2025-09-24 15:41:06.295] LOG - 20:41:06.289Z [updateUserColumnPhaseStatus] Starting...
[2025-09-24 15:41:06.296] LOG - 20:41:06.289Z [updateUserColumnPhaseStatus] Found 1 rows
[2025-09-24 15:41:06.297] LOG - 20:41:06.289Z [updateUserColumnPhaseStatus] Found 1 rows
[2025-09-24 15:41:06.298] LOG - 20:41:06.289Z [updateUserColumnPhaseStatus] Header cells: Account ▲,Total Available Margin,User,Dist Drawdown Net Liq,Dollar Open P L,Dollar Total P L
[2025-09-24 15:41:06.299] LOG - 20:41:06.289Z [updateUserColumnPhaseStatus] Header cells:
[2025-09-24 15:41:06.300] LOG - 20:41:06.289Z [updateUserColumnPhaseStatus] Found User column at index 2
[2025-09-24 15:41:06.300] LOG - 20:41:06.289Z [updateUserColumnPhaseStatus] Found User column at index 2
[2025-09-24 15:41:06.300] LOG - 20:41:06.289Z [updateUserColumnPhaseStatus] Getting table data...
[2025-09-24 15:41:06.300] LOG - 20:41:06.289Z [updateUserColumnPhaseStatus] Getting table data...
[2025-09-24 15:41:06.300] LOG - 20:41:06.290Z [analyzePhase] resetting phaseData
[2025-09-24 15:41:06.301] LOG - 20:41:06.290Z [analyzePhase] resetting phaseData
[2025-09-24 15:41:06.301] LOG - 20:41:06.290Z [analyzePhase] set phase 1 maxActive to 1
[2025-09-24 15:41:06.301] LOG - 20:41:06.290Z [analyzePhase] set phase 1 maxActive to 1
[2025-09-24 15:41:06.301] LOG - 20:41:06.290Z [analyzePhase] increased phase 2 maxActive to 1
[2025-09-24 15:41:06.301] LOG - 20:41:06.290Z [analyzePhase] increased phase 2 maxActive to 1
[2025-09-24 15:41:06.301] LOG - 20:41:06.290Z [updateUserColumnPhaseStatus] Table data: 0 rows
[2025-09-24 15:41:06.301] LOG - 20:41:06.290Z [updateUserColumnPhaseStatus] Table data: 0 rows
[2025-09-24 15:41:06.302] ERROR - 20:41:06.290Z [updateUserColumnPhaseStatus] No data from getTableData()
[2025-09-24 15:41:06.302] ERROR - 20:41:06.290Z [updateUserColumnPhaseStatus] No data from getTableData()
[2025-09-24 15:41:06.316] warning - The AudioContext was not allowed to start. It must be resumed (or created) after a user gesture on the page. https://developer.chrome.com/blog/autoplay/#web_audio
[2025-09-24 15:41:06.316] LOG - 20:41:06.304Z Auto Risk Management: Initial risk assessment completed
[2025-09-24 15:41:06.316] LOG - 20:41:06.304Z Auto Risk Management: Initial risk assessment completed
[2025-09-24 15:41:07.307] LOG - 20:41:07.305Z [analyzePhase] resetting phaseData
[2025-09-24 15:41:07.309] LOG - 20:41:07.305Z [analyzePhase] resetting phaseData
[2025-09-24 15:41:07.309] LOG - 20:41:07.305Z [analyzePhase] set phase 1 maxActive to 1
[2025-09-24 15:41:07.309] LOG - 20:41:07.305Z [analyzePhase] set phase 1 maxActive to 1
[2025-09-24 15:41:07.309] LOG - 20:41:07.305Z [analyzePhase] increased phase 2 maxActive to 1
[2025-09-24 15:41:07.310] LOG - 20:41:07.305Z [analyzePhase] increased phase 2 maxActive to 1
[2025-09-24 15:41:07.310] WARNING - 20:41:07.306Z Error in deferred func: TypeError: Cannot read properties of undefined (reading 'querySelector'), function(){d(a),f(function(){d(null)},0);var e=i.apply(this,arguments);return d(null),e} TypeError: Cannot read properties of undefined (reading 'querySelector'),    at <anonymous>:377:98,    at i.__trace__ (https://cdn.tradovate.com/tradovate/scripts/4418.33639a7d.js:2:4608573),    at https://cdn.tradovate.com/tradovate/scripts/4418.33639a7d.js:2:3542342
[2025-09-24 15:41:07.310] WARNING - 20:41:07.306Z Error in deferred func: TypeError: Cannot read properties of undefined (reading 'querySelector'), function(){d(a),f(function(){d(null)},0);var e=i.apply(this,arguments);return d(null),e}
[2025-09-24 15:41:07.323] LOG - 20:41:07.320Z Executing initial risk management assessment...
[2025-09-24 15:41:07.325] LOG - 20:41:07.320Z Executing initial risk management assessment...
[2025-09-24 15:41:07.326] ERROR - 20:41:07.320Z getTableData function not found
[2025-09-24 15:41:07.326] ERROR - 20:41:07.320Z getTableData function not found
[2025-09-24 15:41:07.327] ERROR - 20:41:07.321Z updateUserColumnPhaseStatus function not found
[2025-09-24 15:41:07.327] ERROR - 20:41:07.321Z updateUserColumnPhaseStatus function not found
[2025-09-24 15:41:07.328] ERROR - 20:41:07.321Z performAccountActions function not found
[2025-09-24 15:41:07.328] ERROR - 20:41:07.321Z performAccountActions function not found
[2025-09-24 15:41:07.329] LOG - 20:41:07.321Z Risk management assessment completed
[2025-09-24 15:41:07.330] LOG - 20:41:07.321Z Risk management assessment completed
[2025-09-24 15:41:18.582] LOG - 20:41:18.581Z Quantity input changed to: 9
[2025-09-24 15:41:18.583] LOG - 20:41:18.581Z Quantity input changed to: 9
[2025-09-24 15:41:18.584] LOG - 20:41:18.582Z TP input changed to: 63
[2025-09-24 15:41:18.586] LOG - 20:41:18.582Z TP input changed to: 63
[2025-09-24 15:41:18.586] LOG - 20:41:18.582Z SL input changed to: 21
[2025-09-24 15:41:18.587] LOG - 20:41:18.582Z SL input changed to: 21
[2025-09-24 15:41:18.588] LOG - 20:41:18.583Z Calculated TP: 74 (SL × 3.5)
[2025-09-24 15:41:18.588] LOG - 20:41:18.583Z Calculated TP: 74 (SL × 3.5)
[2025-09-24 15:41:18.589] LOG - 20:41:18.583Z Tick size input changed to: 0.25
[2025-09-24 15:41:18.589] LOG - 20:41:18.583Z Tick size input changed to: 0.25
[2025-09-24 15:41:18.589] LOG - 20:41:18.583Z Trade control updates complete: [object Object]
[2025-09-24 15:41:18.590] LOG - 20:41:18.583Z Trade control updates complete:
[2025-09-24 15:41:18.999] LOG - 20:41:18.997Z Quantity input changed to: 9
[2025-09-24 15:41:19.001] LOG - 20:41:18.997Z Quantity input changed to: 9
[2025-09-24 15:41:19.002] LOG - 20:41:18.998Z TP input changed to: 66
[2025-09-24 15:41:19.003] LOG - 20:41:18.998Z TP input changed to: 66
[2025-09-24 15:41:19.004] LOG - 20:41:18.998Z SL input changed to: 22
[2025-09-24 15:41:19.005] LOG - 20:41:18.998Z SL input changed to: 22
[2025-09-24 15:41:19.005] LOG - 20:41:18.998Z Calculated TP: 77 (SL × 3.5)
[2025-09-24 15:41:19.006] LOG - 20:41:18.998Z Calculated TP: 77 (SL × 3.5)
[2025-09-24 15:41:19.006] LOG - 20:41:18.998Z Tick size input changed to: 0.25
[2025-09-24 15:41:19.006] LOG - 20:41:18.998Z Tick size input changed to: 0.25
[2025-09-24 15:41:19.006] LOG - 20:41:18.998Z Trade control updates complete: [object Object]
[2025-09-24 15:41:19.007] LOG - 20:41:18.998Z Trade control updates complete:
[2025-09-24 15:41:19.216] LOG - 20:41:19.213Z Quantity input changed to: 9
[2025-09-24 15:41:19.217] LOG - 20:41:19.213Z Quantity input changed to: 9
[2025-09-24 15:41:19.218] LOG - 20:41:19.213Z TP input changed to: 69
[2025-09-24 15:41:19.218] LOG - 20:41:19.213Z TP input changed to: 69
[2025-09-24 15:41:19.219] LOG - 20:41:19.213Z SL input changed to: 23
[2025-09-24 15:41:19.220] LOG - 20:41:19.213Z SL input changed to: 23
[2025-09-24 15:41:19.221] LOG - 20:41:19.214Z Calculated TP: 81 (SL × 3.5)
[2025-09-24 15:41:19.221] LOG - 20:41:19.214Z Calculated TP: 81 (SL × 3.5)
[2025-09-24 15:41:19.221] LOG - 20:41:19.214Z Tick size input changed to: 0.25
[2025-09-24 15:41:19.222] LOG - 20:41:19.214Z Tick size input changed to: 0.25
[2025-09-24 15:41:19.222] LOG - 20:41:19.214Z Trade control updates complete: [object Object]
[2025-09-24 15:41:19.222] LOG - 20:41:19.214Z Trade control updates complete:
[2025-09-24 15:41:20.232] LOG - 20:41:20.230Z Quantity input changed to: 9
[2025-09-24 15:41:20.233] LOG - 20:41:20.230Z Quantity input changed to: 9
[2025-09-24 15:41:20.234] LOG - 20:41:20.231Z TP input changed to: 72
[2025-09-24 15:41:20.235] LOG - 20:41:20.231Z TP input changed to: 72
[2025-09-24 15:41:20.235] LOG - 20:41:20.231Z SL input changed to: 24
[2025-09-24 15:41:20.236] LOG - 20:41:20.231Z SL input changed to: 24
[2025-09-24 15:41:20.237] LOG - 20:41:20.231Z Calculated TP: 84 (SL × 3.5)
[2025-09-24 15:41:20.237] LOG - 20:41:20.231Z Calculated TP: 84 (SL × 3.5)
[2025-09-24 15:41:20.238] LOG - 20:41:20.231Z Tick size input changed to: 0.25
[2025-09-24 15:41:20.238] LOG - 20:41:20.231Z Tick size input changed to: 0.25
[2025-09-24 15:41:20.238] LOG - 20:41:20.231Z Trade control updates complete: [object Object]
[2025-09-24 15:41:20.239] LOG - 20:41:20.231Z Trade control updates complete:
[2025-09-24 15:41:21.970] LOG - 20:41:21.969Z Quantity input changed to: 9
[2025-09-24 15:41:21.972] LOG - 20:41:21.969Z Quantity input changed to: 9
[2025-09-24 15:41:21.973] LOG - 20:41:21.969Z TP input changed to: 3
[2025-09-24 15:41:21.974] LOG - 20:41:21.969Z TP input changed to: 3
[2025-09-24 15:41:21.975] LOG - 20:41:21.969Z SL input changed to: 1
[2025-09-24 15:41:21.975] LOG - 20:41:21.969Z SL input changed to: 1
[2025-09-24 15:41:21.976] LOG - 20:41:21.969Z Calculated TP: 4 (SL × 3.5)
[2025-09-24 15:41:21.976] LOG - 20:41:21.969Z Calculated TP: 4 (SL × 3.5)
[2025-09-24 15:41:21.977] LOG - 20:41:21.970Z Tick size input changed to: 0.25
[2025-09-24 15:41:21.977] LOG - 20:41:21.970Z Tick size input changed to: 0.25
[2025-09-24 15:41:21.977] LOG - 20:41:21.970Z Trade control updates complete: [object Object]
[2025-09-24 15:41:21.977] LOG - 20:41:21.970Z Trade control updates complete:
[2025-09-24 15:41:22.157] LOG - 20:41:22.153Z Quantity input changed to: 9
[2025-09-24 15:41:22.158] LOG - 20:41:22.153Z Quantity input changed to: 9
[2025-09-24 15:41:22.159] LOG - 20:41:22.154Z TP input changed to: 45
[2025-09-24 15:41:22.160] LOG - 20:41:22.154Z TP input changed to: 45
[2025-09-24 15:41:22.161] LOG - 20:41:22.154Z SL input changed to: 15
[2025-09-24 15:41:22.161] LOG - 20:41:22.154Z SL input changed to: 15
[2025-09-24 15:41:22.161] LOG - 20:41:22.154Z Calculated TP: 53 (SL × 3.5)
[2025-09-24 15:41:22.161] LOG - 20:41:22.154Z Calculated TP: 53 (SL × 3.5)
[2025-09-24 15:41:22.161] LOG - 20:41:22.154Z Tick size input changed to: 0.25
[2025-09-24 15:41:22.161] LOG - 20:41:22.154Z Tick size input changed to: 0.25
[2025-09-24 15:41:22.162] LOG - 20:41:22.155Z Trade control updates complete: [object Object]
[2025-09-24 15:41:22.162] LOG - 20:41:22.155Z Trade control updates complete:
[2025-09-24 15:41:23.973] LOG - 20:41:23.972Z Quantity input changed to: 9
[2025-09-24 15:41:23.975] LOG - 20:41:23.972Z Quantity input changed to: 9
[2025-09-24 15:41:23.976] LOG - 20:41:23.972Z TP input changed to: 45
[2025-09-24 15:41:23.977] LOG - 20:41:23.972Z TP input changed to: 45
[2025-09-24 15:41:23.979] LOG - 20:41:23.972Z SL input changed to: 15
[2025-09-24 15:41:23.980] LOG - 20:41:23.972Z SL input changed to: 15
[2025-09-24 15:41:23.981] LOG - 20:41:23.972Z Calculated TP: 53 (SL × 3.5)
[2025-09-24 15:41:23.981] LOG - 20:41:23.972Z Calculated TP: 53 (SL × 3.5)
[2025-09-24 15:41:23.982] LOG - 20:41:23.973Z Tick size input changed to: 0.25
[2025-09-24 15:41:23.982] LOG - 20:41:23.973Z Tick size input changed to: 0.25
[2025-09-24 15:41:23.982] LOG - 20:41:23.973Z Trade control updates complete: [object Object]
[2025-09-24 15:41:23.982] LOG - 20:41:23.973Z Trade control updates complete:
[2025-09-24 15:41:56.617] warning - The AudioContext was not allowed to start. It must be resumed (or created) after a user gesture on the page. https://developer.chrome.com/blog/autoplay/#web_audio
[2025-09-24 15:41:57.477] INFO - 20:41:57.476Z time stats. avg diff: -151, min: -151, max: -151, roundtrip: 21 msec, #1
[2025-09-24 15:41:57.478] INFO - 20:41:57.476Z time stats. avg diff: -151, min: -151, max: -151, roundtrip: 21 msec, #1
