[2025-09-27 09:39:48.395] LOG - 14:39:48.393Z Starting login process for: zenex3298@gmail.com
[2025-09-27 09:39:48.396] LOG - 14:39:48.393Z Starting login process for: zenex3298@gmail.com
[2025-09-27 09:39:48.397] LOG - 14:39:48.394Z Auto login function executing for: zenex3298@gmail.com
[2025-09-27 09:39:48.397] LOG - 14:39:48.394Z Auto login function executing for: zenex3298@gmail.com
[2025-09-27 09:39:48.398] LOG - 14:39:48.394Z Login form found, filling credentials...
[2025-09-27 09:39:48.398] LOG - 14:39:48.394Z Login form found, filling credentials...
[2025-09-27 09:39:48.557] LOG - 14:39:48.434Z Test element added to DOM
[2025-09-27 09:39:48.560] LOG - 14:39:48.434Z Test element added to DOM
[2025-09-27 09:39:48.567] LOG - 14:39:48.561Z All browser alerts and confirmations have been disabled
[2025-09-27 09:39:48.568] LOG - 14:39:48.561Z All browser alerts and confirmations have been disabled
[2025-09-27 09:39:48.909] LOG - 14:39:48.907Z Clicking login button...
[2025-09-27 09:39:48.910] LOG - 14:39:48.907Z Clicking login button...
[2025-09-27 09:39:48.921] LOG - 14:39:48.917Z authentication starting
[2025-09-27 09:39:48.922] LOG - 14:39:48.917Z authentication starting
[2025-09-27 09:39:49.340] warning - The AudioContext was not allowed to start. It must be resumed (or created) after a user gesture on the page. https://developer.chrome.com/blog/autoplay/#web_audio
[2025-09-27 09:39:49.343] LOG - 14:39:49.326Z Watching for account selection page...
[2025-09-27 09:39:49.345] LOG - 14:39:49.326Z Watching for account selection page...
[2025-09-27 09:39:49.573] LOG - 14:39:49.572Z Access token will be renewed in 75 minutes; expired: Sat Sep 27 2025 10:59:49 GMT-0500 (Central Daylight Time), now: Sat Sep 27 2025 09:39:49 GMT-0500 (Central Daylight Time)
[2025-09-27 09:39:49.573] LOG - 14:39:49.572Z Access token will be renewed in 75 minutes; expired: Sat Sep 27 2025 10:59:49 GMT-0500 (Central Daylight Time), now: Sat Sep 27 2025 09:39:49 GMT-0500 (Central Daylight Time)
[2025-09-27 09:39:49.894] INFO - 14:39:49.893Z [LaunchDarkly] Closing stream connection
[2025-09-27 09:39:49.896] INFO - 14:39:49.893Z [LaunchDarkly] Closing stream connection
[2025-09-27 09:39:49.898] INFO - 14:39:49.893Z [LaunchDarkly] Opening stream connection to https://clientstream.launchdarkly.com/eval/66cdf5b9cf61891061b4e437/eyJraW5kIjoidXNlciIsImtleSI6IjQ2NTYwMjciLCJkZXZpY2UiOiJkZXNrdG9wIiwidXNlcklkIjo0NjU2MDI3LCJpcENvdW50cnkiOiJVUyIsIm9yZ05hbWUiOiJURFYiLCJuYW1lIjoiWmVuZXgzMjk4IiwibGFuZGluZ1BhcmFtcyI6IiJ9
[2025-09-27 09:39:49.899] INFO - 14:39:49.893Z [LaunchDarkly] Opening stream connection to https://clientstream.launchdarkly.com/eval/66cdf5b9cf61891061b4e437/eyJraW5kIjoidXNlciIsImtleSI6IjQ2NTYwMjciLCJkZXZpY2UiOiJkZXNrdG9wIiwidXNlcklkIjo0NjU2MDI3LCJpcENvdW50cnkiOiJVUyIsIm9yZ05hbWUiOiJURFYiLCJuYW1lIjoiWmVuZXgzMjk4IiwibGFuZGluZ1BhcmFtcyI6IiJ9
[2025-09-27 09:39:49.899] INFO - 14:39:49.893Z [LaunchDarkly] Closing stream connection
[2025-09-27 09:39:49.900] INFO - 14:39:49.893Z [LaunchDarkly] Closing stream connection
[2025-09-27 09:39:49.900] INFO - 14:39:49.893Z [LaunchDarkly] Opening stream connection to https://clientstream.launchdarkly.com/eval/66cdf5b9cf61891061b4e437/eyJraW5kIjoidXNlciIsImtleSI6IjQ2NTYwMjciLCJkZXZpY2UiOiJkZXNrdG9wIiwidXNlcklkIjo0NjU2MDI3LCJpcENvdW50cnkiOiJVUyIsIm9yZ05hbWUiOiJURFYiLCJuYW1lIjoiWmVuZXgzMjk4IiwibGFuZGluZ1BhcmFtcyI6IiJ9
[2025-09-27 09:39:49.901] INFO - 14:39:49.893Z [LaunchDarkly] Opening stream connection to https://clientstream.launchdarkly.com/eval/66cdf5b9cf61891061b4e437/eyJraW5kIjoidXNlciIsImtleSI6IjQ2NTYwMjciLCJkZXZpY2UiOiJkZXNrdG9wIiwidXNlcklkIjo0NjU2MDI3LCJpcENvdW50cnkiOiJVUyIsIm9yZ05hbWUiOiJURFYiLCJuYW1lIjoiWmVuZXgzMjk4IiwibGFuZGluZ1BhcmFtcyI6IiJ9
[2025-09-27 09:39:49.938] INFO - 14:39:49.937Z [LaunchDarkly] Closing stream connection
[2025-09-27 09:39:49.938] INFO - 14:39:49.937Z [LaunchDarkly] Closing stream connection
[2025-09-27 09:39:49.939] INFO - 14:39:49.937Z [LaunchDarkly] Opening stream connection to https://clientstream.launchdarkly.com/eval/66cdf5b9cf61891061b4e437/eyJraW5kIjoidXNlciIsImtleSI6IjQ2NTYwMjciLCJkZXZpY2UiOiJkZXNrdG9wIiwidXNlcklkIjo0NjU2MDI3LCJpcENvdW50cnkiOiJVUyIsIm9yZ05hbWUiOiJURFYiLCJuYW1lIjoiWmVuZXgzMjk4IiwibGFuZGluZ1BhcmFtcyI6IiJ9
[2025-09-27 09:39:49.939] INFO - 14:39:49.937Z [LaunchDarkly] Opening stream connection to https://clientstream.launchdarkly.com/eval/66cdf5b9cf61891061b4e437/eyJraW5kIjoidXNlciIsImtleSI6IjQ2NTYwMjciLCJkZXZpY2UiOiJkZXNrdG9wIiwidXNlcklkIjo0NjU2MDI3LCJpcENvdW50cnkiOiJVUyIsIm9yZ05hbWUiOiJURFYiLCJuYW1lIjoiWmVuZXgzMjk4IiwibGFuZGluZ1BhcmFtcyI6IiJ9
[2025-09-27 09:39:50.328] LOG - 14:39:50.326Z Account selection page detected, clicking button...
[2025-09-27 09:39:50.328] LOG - 14:39:50.326Z Account selection page detected, clicking button...
[2025-09-27 09:39:50.502] LOG - 14:39:50.477Z Access token will be renewed in 75 minutes; expired: Sat Sep 27 2025 10:59:49 GMT-0500 (Central Daylight Time), now: Sat Sep 27 2025 09:39:50 GMT-0500 (Central Daylight Time)
[2025-09-27 09:39:50.503] LOG - 14:39:50.477Z Access token will be renewed in 75 minutes; expired: Sat Sep 27 2025 10:59:49 GMT-0500 (Central Daylight Time), now: Sat Sep 27 2025 09:39:50 GMT-0500 (Central Daylight Time)
[2025-09-27 09:39:50.576] error - Refused to connect to 'https://bat.bing.com/actionp/0?ti=26330043&Ver=2&mid=c45fe383-a379-4bc5-95cf-7e6f6d32c781&bo=2&sid=3660cc809ad411f094ce7fdad7d91748&vid=9abf384092fe11f0b30e9fac449e4642&vids=0&msclkid=N&evt=pageHide' because it violates the following Content Security Policy directive: "connect-src wss://*.tradovate.com https://*.tradovate.com https://*.ntinnolab.com https://*.devel.ninjatrader.dev https://*.staging.ninjatrader.dev https://*.uat.ninjatrader.dev wss://*.ntinnolab.com wss://*.devel.ninjatrader.dev wss://*.staging.ninjatrader.dev wss://*.uat.ninjatrader.dev wss://*.tradovateapi.com https://*.tradovateapi.com https://*.ninjatrader.com https://cdn.walkme.com https://ec.walkme.com https://sessions.bugsnag.com https://notify.bugsnag.com https://*.plaid.com https://*.yodlee.com https://tradovate.zendesk.com https://rollout.ada.support https://static.ada.support https://ninjatrader.ada.support https://tradovate.ada.support https://ninjatrader-eap.ada.support/ https://demo-ninjatrader-gr.ada.support/ https://tradovate-gen.ada.support/ https://api.stripe.com https://apiproxy.ninjatrader.com https://apiproxy-d.ninjatrader.com https://us-autocomplete-pro.api.smartystreets.com https://international-autocomplete.api.smarty.com https://maps.googleapis.com https://accounts.google.com/ https://www.google.com https://www.googletagmanager.com/ https://*.browser-intake-datadoghq.com https://scripts.neuro-id.com https://receiver.neuroid.cloud https://logs.neuro-id.com https://firebaseinstallations.googleapis.com/ https://firebaseremoteconfig.googleapis.com/ https://logx.optimizely.com https://*.optimizely.com wss://mpsnare.iesnare.com wss://ci-mpsnare.iovation.com https://*.iovation.com/ https://*.reddit.com  https://www.redditstatic.com https://*.taboola.com https://*.launchdarkly.com https://*.alloy.co https://*.maze.co https://www.google-analytics.com https://analytics.google.com https://www.googletagmanager.com/ https://api.hubapi.com https://forms.hubspot.com https://stats.g.doubleclick.net https://alb.reddit.com https://analytics.twitter.com https://heapanalytics.com https://*.auryc.com https://*.contentsquare.net https://siteintercept.qualtrics.com https://api.userway.org/".

[2025-09-27 09:39:50.578] INFO - 14:39:50.573Z visibilitychange: hidden, gd: 1000
[2025-09-27 09:39:50.579] INFO - 14:39:50.573Z visibilitychange: hidden, gd: 1000
[2025-09-27 09:39:50.579] WARNING - 14:39:50.574Z [LaunchDarkly] Error on stream connection: {"isTrusted":true}, will continue retrying after 653 milliseconds.
[2025-09-27 09:39:50.580] WARNING - 14:39:50.574Z [LaunchDarkly] Error on stream connection: {"isTrusted":true}, will continue retrying after 653 milliseconds.
[2025-09-27 09:39:50.581] INFO - 14:39:50.574Z [LaunchDarkly] Closing stream connection
[2025-09-27 09:39:50.581] INFO - 14:39:50.574Z [LaunchDarkly] Closing stream connection
[2025-09-27 09:39:50.733] WARNING - Duplicate atom key "locale". This is a FATAL ERROR in
      production. But it is safe to ignore this warning if it occurred because of
      hot module replacement.
[2025-09-27 09:39:50.735] WARNING - Duplicate atom key "locale". This is a FATAL ERROR in
      production. But it is safe to ignore this warning if it occurred because of
      hot module replacement.
[2025-09-27 09:39:50.737] WARNING - Duplicate atom key "muiTheme". This is a FATAL ERROR in
      production. But it is safe to ignore this warning if it occurred because of
      hot module replacement.
[2025-09-27 09:39:50.737] WARNING - Duplicate atom key "muiTheme". This is a FATAL ERROR in
      production. But it is safe to ignore this warning if it occurred because of
      hot module replacement.
[2025-09-27 09:39:50.739] WARNING - Duplicate atom key "appLinksFooter". This is a FATAL ERROR in
      production. But it is safe to ignore this warning if it occurred because of
      hot module replacement.
[2025-09-27 09:39:50.740] WARNING - Duplicate atom key "appLinksFooter". This is a FATAL ERROR in
      production. But it is safe to ignore this warning if it occurred because of
      hot module replacement.
[2025-09-27 09:39:50.741] WARNING - Duplicate atom key "currentUserId2". This is a FATAL ERROR in
      production. But it is safe to ignore this warning if it occurred because of
      hot module replacement.
[2025-09-27 09:39:50.742] WARNING - Duplicate atom key "currentUserId2". This is a FATAL ERROR in
      production. But it is safe to ignore this warning if it occurred because of
      hot module replacement.
[2025-09-27 09:39:50.743] WARNING - Duplicate atom key "onboardingInProgress". This is a FATAL ERROR in
      production. But it is safe to ignore this warning if it occurred because of
      hot module replacement.
[2025-09-27 09:39:50.744] WARNING - Duplicate atom key "onboardingInProgress". This is a FATAL ERROR in
      production. But it is safe to ignore this warning if it occurred because of
      hot module replacement.
[2025-09-27 09:39:50.745] WARNING - Duplicate atom key "editing". This is a FATAL ERROR in
      production. But it is safe to ignore this warning if it occurred because of
      hot module replacement.
[2025-09-27 09:39:50.747] WARNING - Duplicate atom key "editing". This is a FATAL ERROR in
      production. But it is safe to ignore this warning if it occurred because of
      hot module replacement.
[2025-09-27 09:39:50.749] WARNING - Duplicate atom key "infoMessage". This is a FATAL ERROR in
      production. But it is safe to ignore this warning if it occurred because of
      hot module replacement.
[2025-09-27 09:39:50.750] WARNING - Duplicate atom key "infoMessage". This is a FATAL ERROR in
      production. But it is safe to ignore this warning if it occurred because of
      hot module replacement.
[2025-09-27 09:39:50.752] WARNING - Duplicate atom key "browserWarning". This is a FATAL ERROR in
      production. But it is safe to ignore this warning if it occurred because of
      hot module replacement.
[2025-09-27 09:39:50.753] WARNING - Duplicate atom key "browserWarning". This is a FATAL ERROR in
      production. But it is safe to ignore this warning if it occurred because of
      hot module replacement.
[2025-09-27 09:39:50.753] WARNING - Duplicate atom key "clockWarning". This is a FATAL ERROR in
      production. But it is safe to ignore this warning if it occurred because of
      hot module replacement.
[2025-09-27 09:39:50.754] WARNING - Duplicate atom key "clockWarning". This is a FATAL ERROR in
      production. But it is safe to ignore this warning if it occurred because of
      hot module replacement.
[2025-09-27 09:39:50.755] WARNING - Duplicate atom key "breakpoint". This is a FATAL ERROR in
      production. But it is safe to ignore this warning if it occurred because of
      hot module replacement.
[2025-09-27 09:39:50.756] WARNING - Duplicate atom key "breakpoint". This is a FATAL ERROR in
      production. But it is safe to ignore this warning if it occurred because of
      hot module replacement.
[2025-09-27 09:39:50.757] WARNING - Duplicate atom key "inMobileRange". This is a FATAL ERROR in
      production. But it is safe to ignore this warning if it occurred because of
      hot module replacement.
[2025-09-27 09:39:50.758] WARNING - Duplicate atom key "inMobileRange". This is a FATAL ERROR in
      production. But it is safe to ignore this warning if it occurred because of
      hot module replacement.
[2025-09-27 09:39:50.759] WARNING - Duplicate atom key "gridSpacing". This is a FATAL ERROR in
      production. But it is safe to ignore this warning if it occurred because of
      hot module replacement.
[2025-09-27 09:39:50.759] WARNING - Duplicate atom key "gridSpacing". This is a FATAL ERROR in
      production. But it is safe to ignore this warning if it occurred because of
      hot module replacement.
[2025-09-27 09:39:50.760] WARNING - Duplicate atom key "login". This is a FATAL ERROR in
      production. But it is safe to ignore this warning if it occurred because of
      hot module replacement.
[2025-09-27 09:39:50.760] WARNING - Duplicate atom key "login". This is a FATAL ERROR in
      production. But it is safe to ignore this warning if it occurred because of
      hot module replacement.
[2025-09-27 09:39:50.760] WARNING - Duplicate atom key "error". This is a FATAL ERROR in
      production. But it is safe to ignore this warning if it occurred because of
      hot module replacement.
[2025-09-27 09:39:50.760] WARNING - Duplicate atom key "error". This is a FATAL ERROR in
      production. But it is safe to ignore this warning if it occurred because of
      hot module replacement.
[2025-09-27 09:39:50.760] WARNING - Duplicate atom key "contactInfos2". This is a FATAL ERROR in
      production. But it is safe to ignore this warning if it occurred because of
      hot module replacement.
[2025-09-27 09:39:50.760] WARNING - Duplicate atom key "contactInfos2". This is a FATAL ERROR in
      production. But it is safe to ignore this warning if it occurred because of
      hot module replacement.
[2025-09-27 09:39:50.760] WARNING - Duplicate atom key "individualApplicantsTimestamp". This is a FATAL ERROR in
      production. But it is safe to ignore this warning if it occurred because of
      hot module replacement.
[2025-09-27 09:39:50.760] WARNING - Duplicate atom key "individualApplicantsTimestamp". This is a FATAL ERROR in
      production. But it is safe to ignore this warning if it occurred because of
      hot module replacement.
[2025-09-27 09:39:50.761] WARNING - Duplicate atom key "customerApplication". This is a FATAL ERROR in
      production. But it is safe to ignore this warning if it occurred because of
      hot module replacement.
[2025-09-27 09:39:50.761] WARNING - Duplicate atom key "customerApplication". This is a FATAL ERROR in
      production. But it is safe to ignore this warning if it occurred because of
      hot module replacement.
[2025-09-27 09:39:50.761] WARNING - Duplicate atom key "individualApplicants". This is a FATAL ERROR in
      production. But it is safe to ignore this warning if it occurred because of
      hot module replacement.
[2025-09-27 09:39:50.761] WARNING - Duplicate atom key "individualApplicants". This is a FATAL ERROR in
      production. But it is safe to ignore this warning if it occurred because of
      hot module replacement.
[2025-09-27 09:39:50.761] WARNING - Duplicate atom key "clearingHouses". This is a FATAL ERROR in
      production. But it is safe to ignore this warning if it occurred because of
      hot module replacement.
[2025-09-27 09:39:50.761] WARNING - Duplicate atom key "clearingHouses". This is a FATAL ERROR in
      production. But it is safe to ignore this warning if it occurred because of
      hot module replacement.
[2025-09-27 09:39:50.761] WARNING - Duplicate atom key "clearXClearingHouse". This is a FATAL ERROR in
      production. But it is safe to ignore this warning if it occurred because of
      hot module replacement.
[2025-09-27 09:39:50.762] WARNING - Duplicate atom key "clearXClearingHouse". This is a FATAL ERROR in
      production. But it is safe to ignore this warning if it occurred because of
      hot module replacement.
[2025-09-27 09:39:50.762] WARNING - Duplicate atom key "applicationClearingHouse". This is a FATAL ERROR in
      production. But it is safe to ignore this warning if it occurred because of
      hot module replacement.
[2025-09-27 09:39:50.762] WARNING - Duplicate atom key "applicationClearingHouse". This is a FATAL ERROR in
      production. But it is safe to ignore this warning if it occurred because of
      hot module replacement.
[2025-09-27 09:39:50.762] WARNING - Duplicate atom key "userLocation". This is a FATAL ERROR in
      production. But it is safe to ignore this warning if it occurred because of
      hot module replacement.
[2025-09-27 09:39:50.762] WARNING - Duplicate atom key "userLocation". This is a FATAL ERROR in
      production. But it is safe to ignore this warning if it occurred because of
      hot module replacement.
[2025-09-27 09:39:50.762] WARNING - Duplicate atom key "savedApplicationsTimestamp". This is a FATAL ERROR in
      production. But it is safe to ignore this warning if it occurred because of
      hot module replacement.
[2025-09-27 09:39:50.762] WARNING - Duplicate atom key "savedApplicationsTimestamp". This is a FATAL ERROR in
      production. But it is safe to ignore this warning if it occurred because of
      hot module replacement.
[2025-09-27 09:39:50.762] WARNING - Duplicate atom key "savedApplications". This is a FATAL ERROR in
      production. But it is safe to ignore this warning if it occurred because of
      hot module replacement.
[2025-09-27 09:39:50.763] WARNING - Duplicate atom key "savedApplications". This is a FATAL ERROR in
      production. But it is safe to ignore this warning if it occurred because of
      hot module replacement.
[2025-09-27 09:39:50.763] WARNING - Duplicate atom key "step". This is a FATAL ERROR in
      production. But it is safe to ignore this warning if it occurred because of
      hot module replacement.
[2025-09-27 09:39:50.763] WARNING - Duplicate atom key "step". This is a FATAL ERROR in
      production. But it is safe to ignore this warning if it occurred because of
      hot module replacement.
[2025-09-27 09:39:50.763] WARNING - Duplicate atom key "checkStates". This is a FATAL ERROR in
      production. But it is safe to ignore this warning if it occurred because of
      hot module replacement.
[2025-09-27 09:39:50.763] WARNING - Duplicate atom key "checkStates". This is a FATAL ERROR in
      production. But it is safe to ignore this warning if it occurred because of
      hot module replacement.
[2025-09-27 09:39:50.763] WARNING - Duplicate atom key "signStates". This is a FATAL ERROR in
      production. But it is safe to ignore this warning if it occurred because of
      hot module replacement.
[2025-09-27 09:39:50.763] WARNING - Duplicate atom key "signStates". This is a FATAL ERROR in
      production. But it is safe to ignore this warning if it occurred because of
      hot module replacement.
[2025-09-27 09:39:50.763] WARNING - Duplicate atom key "wizard". This is a FATAL ERROR in
      production. But it is safe to ignore this warning if it occurred because of
      hot module replacement.
[2025-09-27 09:39:50.766] WARNING - Duplicate atom key "wizard". This is a FATAL ERROR in
      production. But it is safe to ignore this warning if it occurred because of
      hot module replacement.
[2025-09-27 09:39:50.766] WARNING - Duplicate atom key "formBuilder". This is a FATAL ERROR in
      production. But it is safe to ignore this warning if it occurred because of
      hot module replacement.
[2025-09-27 09:39:50.766] WARNING - Duplicate atom key "formBuilder". This is a FATAL ERROR in
      production. But it is safe to ignore this warning if it occurred because of
      hot module replacement.
[2025-09-27 09:39:50.766] WARNING - Duplicate atom key "headerSlot". This is a FATAL ERROR in
      production. But it is safe to ignore this warning if it occurred because of
      hot module replacement.
[2025-09-27 09:39:50.766] WARNING - Duplicate atom key "headerSlot". This is a FATAL ERROR in
      production. But it is safe to ignore this warning if it occurred because of
      hot module replacement.
[2025-09-27 09:39:50.766] WARNING - Duplicate atom key "footerSlot". This is a FATAL ERROR in
      production. But it is safe to ignore this warning if it occurred because of
      hot module replacement.
[2025-09-27 09:39:50.767] WARNING - Duplicate atom key "footerSlot". This is a FATAL ERROR in
      production. But it is safe to ignore this warning if it occurred because of
      hot module replacement.
[2025-09-27 09:39:50.767] WARNING - Duplicate atom key "alloyJourneyToken". This is a FATAL ERROR in
      production. But it is safe to ignore this warning if it occurred because of
      hot module replacement.
[2025-09-27 09:39:50.767] WARNING - Duplicate atom key "alloyJourneyToken". This is a FATAL ERROR in
      production. But it is safe to ignore this warning if it occurred because of
      hot module replacement.
[2025-09-27 09:39:50.767] DEBUG - [bugsnag] Loaded!
[2025-09-27 09:39:50.767] DEBUG - [bugsnag] Loaded!
[2025-09-27 09:39:50.767] INFO - Version 3.250926.0 prod production 
[2025-09-27 09:39:50.767] INFO - Version 3.250926.0 prod production 
[2025-09-27 09:39:50.768] INFO - Time: Sat Sep 27 2025 09:39:50 GMT-0500 (Central Daylight Time)
[2025-09-27 09:39:50.768] INFO - Time:
[2025-09-27 09:39:50.876] LOG - 14:39:50.873Z Try to restore session
[2025-09-27 09:39:50.876] LOG - 14:39:50.873Z Try to restore session
[2025-09-27 09:39:50.876] LOG - 14:39:50.874Z Access token will be renewed in 75 minutes; expired: Sat Sep 27 2025 10:59:49 GMT-0500 (Central Daylight Time), now: Sat Sep 27 2025 09:39:50 GMT-0500 (Central Daylight Time)
[2025-09-27 09:39:50.876] LOG - 14:39:50.874Z Access token will be renewed in 75 minutes; expired: Sat Sep 27 2025 10:59:49 GMT-0500 (Central Daylight Time), now: Sat Sep 27 2025 09:39:50 GMT-0500 (Central Daylight Time)
[2025-09-27 09:39:50.882] WARNING - 14:39:50.880Z [LaunchDarkly] The waitForInitialization function was called without a timeout specified. In a future version a default timeout will be applied.
[2025-09-27 09:39:50.882] WARNING - 14:39:50.880Z [LaunchDarkly] The waitForInitialization function was called without a timeout specified. In a future version a default timeout will be applied.
[2025-09-27 09:39:50.888] INFO - 14:39:50.887Z chart cache state: islands=3, bars=2006
[2025-09-27 09:39:50.889] INFO - 14:39:50.887Z chart cache state: islands=3, bars=2006
[2025-09-27 09:39:50.889] INFO - 14:39:50.887Z Chart history database initialized
[2025-09-27 09:39:50.889] INFO - 14:39:50.887Z Chart history database initialized
[2025-09-27 09:39:50.896] INFO - 14:39:50.895Z [LaunchDarkly] LaunchDarkly client initialized
[2025-09-27 09:39:50.897] INFO - 14:39:50.895Z [LaunchDarkly] LaunchDarkly client initialized
[2025-09-27 09:39:50.898] INFO - 14:39:50.895Z [LaunchDarkly] Opening stream connection to https://clientstream.launchdarkly.com/eval/66cdf5b9cf61891061b4e437/eyJraW5kIjoidXNlciIsImtleSI6InVua25vd24iLCJhbm9ueW1vdXMiOmZhbHNlfQ
[2025-09-27 09:39:50.898] INFO - 14:39:50.895Z [LaunchDarkly] Opening stream connection to https://clientstream.launchdarkly.com/eval/66cdf5b9cf61891061b4e437/eyJraW5kIjoidXNlciIsImtleSI6InVua25vd24iLCJhbm9ueW1vdXMiOmZhbHNlfQ
[2025-09-27 09:39:51.058] INFO - 14:39:51.057Z [LaunchDarkly] Closing stream connection
[2025-09-27 09:39:51.059] INFO - 14:39:51.057Z [LaunchDarkly] Closing stream connection
[2025-09-27 09:39:51.059] INFO - 14:39:51.057Z [LaunchDarkly] Opening stream connection to https://clientstream.launchdarkly.com/eval/66cdf5b9cf61891061b4e437/eyJraW5kIjoidXNlciIsImtleSI6IjQ2NTYwMjciLCJkZXZpY2UiOiJkZXNrdG9wIiwidXNlcklkIjo0NjU2MDI3LCJpcENvdW50cnkiOiIiLCJvcmdOYW1lIjoiVERWIiwibmFtZSI6IlplbmV4MzI5OCIsImxhbmRpbmdQYXJhbXMiOiIifQ
[2025-09-27 09:39:51.060] INFO - 14:39:51.057Z [LaunchDarkly] Opening stream connection to https://clientstream.launchdarkly.com/eval/66cdf5b9cf61891061b4e437/eyJraW5kIjoidXNlciIsImtleSI6IjQ2NTYwMjciLCJkZXZpY2UiOiJkZXNrdG9wIiwidXNlcklkIjo0NjU2MDI3LCJpcENvdW50cnkiOiIiLCJvcmdOYW1lIjoiVERWIiwibmFtZSI6IlplbmV4MzI5OCIsImxhbmRpbmdQYXJhbXMiOiIifQ
[2025-09-27 09:39:51.512] INFO - 14:39:51.509Z [LaunchDarkly] Closing stream connection
[2025-09-27 09:39:51.513] INFO - 14:39:51.509Z [LaunchDarkly] Closing stream connection
[2025-09-27 09:39:51.514] INFO - 14:39:51.510Z [LaunchDarkly] Opening stream connection to https://clientstream.launchdarkly.com/eval/66cdf5b9cf61891061b4e437/eyJraW5kIjoidXNlciIsImtleSI6IjQ2NTYwMjciLCJkZXZpY2UiOiJkZXNrdG9wIiwidXNlcklkIjo0NjU2MDI3LCJpcENvdW50cnkiOiJVUyIsIm9yZ05hbWUiOiJURFYiLCJuYW1lIjoiWmVuZXgzMjk4IiwibGFuZGluZ1BhcmFtcyI6IiJ9
[2025-09-27 09:39:51.514] INFO - 14:39:51.510Z [LaunchDarkly] Opening stream connection to https://clientstream.launchdarkly.com/eval/66cdf5b9cf61891061b4e437/eyJraW5kIjoidXNlciIsImtleSI6IjQ2NTYwMjciLCJkZXZpY2UiOiJkZXNrdG9wIiwidXNlcklkIjo0NjU2MDI3LCJpcENvdW50cnkiOiJVUyIsIm9yZ05hbWUiOiJURFYiLCJuYW1lIjoiWmVuZXgzMjk4IiwibGFuZGluZ1BhcmFtcyI6IiJ9
[2025-09-27 09:39:51.612] LOG - 14:39:51.608Z opening https://demo.tradovateapi.com/
[2025-09-27 09:39:51.612] LOG - 14:39:51.608Z opening https://demo.tradovateapi.com/
[2025-09-27 09:39:51.617] LOG - 14:39:51.616Z Hotkeys initialized {"Shift+Digit1":["orders/selectColumns"],"Shift+Digit2":["orders/showFilters"],"Shift+Digit3":["orders/standardTableView"],"Shift+Digit4":["orders/linkedOrdersView"],"Command+Shift+Digit0":["dom-chart/exit-and-cancel"]}
[2025-09-27 09:39:51.618] LOG - 14:39:51.616Z Hotkeys initialized {"Shift+Digit1":["orders/selectColumns"],"Shift+Digit2":["orders/showFilters"],"Shift+Digit3":["orders/standardTableView"],"Shift+Digit4":["orders/linkedOrdersView"],"Command+Shift+Digit0":["dom-chart/exit-and-cancel"]}
[2025-09-27 09:39:51.700] LOG - 14:39:51.699Z websocket opened
[2025-09-27 09:39:51.700] LOG - 14:39:51.699Z websocket opened
[2025-09-27 09:39:51.755] LOG - 14:39:51.753Z opening https://md-demo.tradovateapi.com/
[2025-09-27 09:39:51.756] LOG - 14:39:51.753Z opening https://md-demo.tradovateapi.com/
[2025-09-27 09:39:51.756] LOG - 14:39:51.754Z Connection:  open
[2025-09-27 09:39:51.756] LOG - 14:39:51.754Z Connection:  open
[2025-09-27 09:39:52.727] LOG - 14:39:52.725Z WebGL:  {"isWebGL2":true,"precision":"highp","logarithmicDepthBuffer":false,"maxTextures":16,"maxVertexTextures":16,"maxTextureSize":16384,"maxCubemapSize":16384,"maxAttributes":16,"maxVertexUniforms":1024,"maxVaryings":30,"maxFragmentUniforms":1024,"vertexTextures":true,"floatFragmentTextures":true,"floatVertexTextures":true,"maxSamples":8} , devicePixelRatio:  2
[2025-09-27 09:39:52.742] LOG - 14:39:52.725Z Canvas size: 853 899 dpp:  2
[2025-09-27 09:39:52.747] LOG - 14:39:52.735Z Loading App-level Plugins
[2025-09-27 09:39:52.748] LOG - 14:39:52.735Z Loading App-level Plugins
[2025-09-27 09:39:52.755] LOG - 14:39:52.749Z WebGL:  {"isWebGL2":true,"precision":"highp","logarithmicDepthBuffer":false,"maxTextures":16,"maxVertexTextures":16,"maxTextureSize":16384,"maxCubemapSize":16384,"maxAttributes":16,"maxVertexUniforms":1024,"maxVaryings":30,"maxFragmentUniforms":1024,"vertexTextures":true,"floatFragmentTextures":true,"floatVertexTextures":true,"maxSamples":8} , devicePixelRatio:  2
[2025-09-27 09:39:52.757] LOG - 14:39:52.749Z Canvas size: 853 899 dpp:  2
[2025-09-27 09:39:52.855] LOG - 14:39:52.812Z websocket opened
[2025-09-27 09:39:52.856] LOG - 14:39:52.812Z websocket opened
[2025-09-27 09:39:53.080] LOG - 14:39:53.079Z loadAppLevelPlugins:  [object Object]
[2025-09-27 09:39:53.081] LOG - 14:39:53.079Z loadAppLevelPlugins: 
[2025-09-27 09:39:53.849] LOG - 14:39:53.848Z jailing is in progress
[2025-09-27 09:39:53.850] LOG - 14:39:53.848Z jailing is in progress
[2025-09-27 09:39:54.067] LOG - 14:39:54.065Z pending jailing done. next starts
[2025-09-27 09:39:54.067] LOG - 14:39:54.065Z pending jailing done. next starts
[2025-09-27 09:39:55.132] LOG - 14:39:55.083Z created chart 1
[2025-09-27 09:39:55.266] LOG - 14:39:55.264Z updating the shared isolation
[2025-09-27 09:39:55.267] LOG - 14:39:55.264Z updating the shared isolation
[2025-09-27 09:39:55.353] LOG - 14:39:55.346Z requestChart: {"symbol":"3267312","chartDescription":{"underlyingType":"Tick","elementSize":5000,"elementSizeUnit":"UnderlyingUnits","withHistogram":false},"timeRange":{"asMuchAsElements":608}}
[2025-09-27 09:39:55.356] LOG - 14:39:55.346Z requestChart: {"symbol":"3267312","chartDescription":{"underlyingType":"Tick","elementSize":5000,"elementSizeUnit":"UnderlyingUnits","withHistogram":false},"timeRange":{"asMuchAsElements":608}}
[2025-09-27 09:39:55.358] LOG - 14:39:55.346Z mdMgApi open
[2025-09-27 09:39:55.358] LOG - 14:39:55.346Z mdMgApi open
[2025-09-27 09:39:59.757] LOG - 14:39:59.756Z Auto Order script initialized - AUTOMATIC HOT RELOAD SUCCESS!
[2025-09-27 09:39:59.758] LOG - 14:39:59.756Z Auto Order script initialized - AUTOMATIC HOT RELOAD SUCCESS!
[2025-09-27 09:39:59.759] LOG - 14:39:59.757Z Creating UI for dashboard trading...
[2025-09-27 09:39:59.760] LOG - 14:39:59.757Z Creating UI for dashboard trading...
[2025-09-27 09:39:59.761] LOG - 14:39:59.757Z Creating UI (visible=false)
[2025-09-27 09:39:59.761] LOG - 14:39:59.757Z Creating UI (visible=false)
[2025-09-27 09:39:59.763] LOG - 14:39:59.757Z Stored values: TP=53, SL=15, Qty=1, Tick=0.25, Symbol=NQ
[2025-09-27 09:39:59.763] LOG - 14:39:59.757Z Stored values: TP=53, SL=15, Qty=1, Tick=0.25, Symbol=NQ
[2025-09-27 09:39:59.764] LOG - 14:39:59.758Z UI container added to DOM
[2025-09-27 09:39:59.765] LOG - 14:39:59.758Z UI container added to DOM
[2025-09-27 09:39:59.766] LOG - 14:39:59.758Z Setting up localStorage persistence
[2025-09-27 09:39:59.767] LOG - 14:39:59.758Z Setting up localStorage persistence
[2025-09-27 09:39:59.768] LOG - 14:39:59.758Z UI initialization complete
[2025-09-27 09:39:59.770] LOG - 14:39:59.758Z UI initialization complete
[2025-09-27 09:39:59.770] LOG - 14:39:59.758Z Creating example front-quarter symbol
[2025-09-27 09:39:59.772] LOG - 14:39:59.758Z Creating example front-quarter symbol
[2025-09-27 09:39:59.773] LOG - 14:39:59.758Z getQuarterlyCode called with date: 2025-09-27T14:39:59.758Z
[2025-09-27 09:39:59.773] LOG - 14:39:59.758Z getQuarterlyCode called with date: 2025-09-27T14:39:59.758Z
[2025-09-27 09:39:59.774] LOG - 14:39:59.758Z Current month index: 8
[2025-09-27 09:39:59.775] LOG - 14:39:59.758Z Current month index: 8
[2025-09-27 09:39:59.775] LOG - 14:39:59.758Z Starting calculation with year=2025, month=8
[2025-09-27 09:39:59.776] LOG - 14:39:59.758Z Starting calculation with year=2025, month=8
[2025-09-27 09:39:59.776] LOG - 14:39:59.758Z Calculated quarterly code: letter=Z, yearDigit=5
[2025-09-27 09:39:59.777] LOG - 14:39:59.758Z Calculated quarterly code: letter=Z, yearDigit=5
[2025-09-27 09:39:59.777] LOG - 14:39:59.759Z Example front-quarter symbol created: NQZ5
[2025-09-27 09:39:59.777] LOG - 14:39:59.759Z Example front-quarter symbol created: NQZ5
[2025-09-27 09:39:59.778] LOG - 14:39:59.764Z Auto Risk Management: Running initial risk assessment...
[2025-09-27 09:39:59.778] LOG - 14:39:59.764Z Auto Risk Management: Running initial risk assessment...
[2025-09-27 09:39:59.778] LOG - 14:39:59.765Z [analyzePhase] resetting phaseData
[2025-09-27 09:39:59.778] LOG - 14:39:59.765Z [analyzePhase] resetting phaseData
[2025-09-27 09:39:59.778] LOG - 14:39:59.765Z [analyzePhase] set phase 1 maxActive to 1
[2025-09-27 09:39:59.778] LOG - 14:39:59.765Z [analyzePhase] set phase 1 maxActive to 1
[2025-09-27 09:39:59.779] LOG - 14:39:59.765Z [analyzePhase] increased phase 2 maxActive to 1
[2025-09-27 09:39:59.779] LOG - 14:39:59.765Z [analyzePhase] increased phase 2 maxActive to 1
[2025-09-27 09:39:59.779] LOG - 14:39:59.766Z [updateUserColumnPhaseStatus] Starting...
[2025-09-27 09:39:59.779] LOG - 14:39:59.766Z [updateUserColumnPhaseStatus] Starting...
[2025-09-27 09:39:59.779] LOG - 14:39:59.766Z [updateUserColumnPhaseStatus] Found 1 rows
[2025-09-27 09:39:59.779] LOG - 14:39:59.766Z [updateUserColumnPhaseStatus] Found 1 rows
[2025-09-27 09:39:59.779] LOG - 14:39:59.766Z [updateUserColumnPhaseStatus] Header cells: Account ▲,Total Available Margin,User,Dist Drawdown Net Liq,Dollar Open P L,Dollar Total P L
[2025-09-27 09:39:59.780] LOG - 14:39:59.766Z [updateUserColumnPhaseStatus] Header cells:
[2025-09-27 09:39:59.780] LOG - 14:39:59.766Z [updateUserColumnPhaseStatus] Found User column at index 2
[2025-09-27 09:39:59.780] LOG - 14:39:59.766Z [updateUserColumnPhaseStatus] Found User column at index 2
[2025-09-27 09:39:59.780] LOG - 14:39:59.766Z [updateUserColumnPhaseStatus] Getting table data...
[2025-09-27 09:39:59.781] LOG - 14:39:59.766Z [updateUserColumnPhaseStatus] Getting table data...
[2025-09-27 09:39:59.781] LOG - 14:39:59.766Z [analyzePhase] resetting phaseData
[2025-09-27 09:39:59.781] LOG - 14:39:59.766Z [analyzePhase] resetting phaseData
[2025-09-27 09:39:59.781] LOG - 14:39:59.766Z [analyzePhase] set phase 1 maxActive to 1
[2025-09-27 09:39:59.781] LOG - 14:39:59.766Z [analyzePhase] set phase 1 maxActive to 1
[2025-09-27 09:39:59.781] LOG - 14:39:59.766Z [analyzePhase] increased phase 2 maxActive to 1
[2025-09-27 09:39:59.782] LOG - 14:39:59.766Z [analyzePhase] increased phase 2 maxActive to 1
[2025-09-27 09:39:59.782] LOG - 14:39:59.767Z [updateUserColumnPhaseStatus] Table data: 0 rows
[2025-09-27 09:39:59.782] LOG - 14:39:59.767Z [updateUserColumnPhaseStatus] Table data: 0 rows
[2025-09-27 09:39:59.782] ERROR - 14:39:59.767Z [updateUserColumnPhaseStatus] No data from getTableData()
[2025-09-27 09:39:59.782] ERROR - 14:39:59.767Z [updateUserColumnPhaseStatus] No data from getTableData()
[2025-09-27 09:39:59.798] warning - The AudioContext was not allowed to start. It must be resumed (or created) after a user gesture on the page. https://developer.chrome.com/blog/autoplay/#web_audio
[2025-09-27 09:39:59.799] LOG - 14:39:59.783Z Auto Risk Management: Initial risk assessment completed
[2025-09-27 09:39:59.799] LOG - 14:39:59.783Z Auto Risk Management: Initial risk assessment completed
[2025-09-27 09:40:00.788] LOG - 14:40:00.785Z [analyzePhase] resetting phaseData
[2025-09-27 09:40:00.789] LOG - 14:40:00.785Z [analyzePhase] resetting phaseData
[2025-09-27 09:40:00.789] LOG - 14:40:00.785Z [analyzePhase] set phase 1 maxActive to 1
[2025-09-27 09:40:00.789] LOG - 14:40:00.785Z [analyzePhase] set phase 1 maxActive to 1
[2025-09-27 09:40:00.789] LOG - 14:40:00.785Z [analyzePhase] increased phase 2 maxActive to 1
[2025-09-27 09:40:00.789] LOG - 14:40:00.785Z [analyzePhase] increased phase 2 maxActive to 1
[2025-09-27 09:40:00.789] WARNING - 14:40:00.786Z Error in deferred func: TypeError: Cannot read properties of undefined (reading 'querySelector'), function(){d(a),f(function(){d(null)},0);var e=i.apply(this,arguments);return d(null),e} TypeError: Cannot read properties of undefined (reading 'querySelector'),    at <anonymous>:377:98,    at i.__trace__ (https://cdn.tradovate.com/tradovate/scripts/4418.49f1ab77.js:2:4613725),    at https://cdn.tradovate.com/tradovate/scripts/4418.49f1ab77.js:2:3547494
[2025-09-27 09:40:00.790] WARNING - 14:40:00.786Z Error in deferred func: TypeError: Cannot read properties of undefined (reading 'querySelector'), function(){d(a),f(function(){d(null)},0);var e=i.apply(this,arguments);return d(null),e}
[2025-09-27 09:40:00.804] LOG - 14:40:00.803Z Executing initial risk management assessment...
[2025-09-27 09:40:00.806] LOG - 14:40:00.803Z Executing initial risk management assessment...
[2025-09-27 09:40:00.807] ERROR - 14:40:00.803Z getTableData function not found
[2025-09-27 09:40:00.808] ERROR - 14:40:00.803Z getTableData function not found
[2025-09-27 09:40:00.808] ERROR - 14:40:00.804Z updateUserColumnPhaseStatus function not found
[2025-09-27 09:40:00.809] ERROR - 14:40:00.804Z updateUserColumnPhaseStatus function not found
[2025-09-27 09:40:00.809] ERROR - 14:40:00.804Z performAccountActions function not found
[2025-09-27 09:40:00.810] ERROR - 14:40:00.804Z performAccountActions function not found
[2025-09-27 09:40:00.810] LOG - 14:40:00.804Z Risk management assessment completed
[2025-09-27 09:40:00.811] LOG - 14:40:00.804Z Risk management assessment completed
