[2025-09-27 07:18:15.853] LOG - 12:18:15.850Z Starting login process for: zenex3298@gmail.com
[2025-09-27 07:18:15.854] LOG - 12:18:15.850Z Starting login process for: zenex3298@gmail.com
[2025-09-27 07:18:15.855] LOG - 12:18:15.851Z Auto login function executing for: zenex3298@gmail.com
[2025-09-27 07:18:15.855] LOG - 12:18:15.851Z Auto login function executing for: zenex3298@gmail.com
[2025-09-27 07:18:15.856] LOG - 12:18:15.852Z Login form found, filling credentials...
[2025-09-27 07:18:15.857] LOG - 12:18:15.852Z Login form found, filling credentials...
[2025-09-27 07:18:16.050] LOG - 12:18:15.900Z Test element added to DOM
[2025-09-27 07:18:16.051] LOG - 12:18:15.900Z Test element added to DOM
[2025-09-27 07:18:16.053] LOG - 12:18:16.052Z All browser alerts and confirmations have been disabled
[2025-09-27 07:18:16.054] LOG - 12:18:16.052Z All browser alerts and confirmations have been disabled
[2025-09-27 07:18:16.367] LOG - 12:18:16.365Z Clicking login button...
[2025-09-27 07:18:16.368] LOG - 12:18:16.365Z Clicking login button...
[2025-09-27 07:18:16.382] LOG - 12:18:16.378Z authentication starting
[2025-09-27 07:18:16.385] LOG - 12:18:16.378Z authentication starting
[2025-09-27 07:18:17.119] warning - The AudioContext was not allowed to start. It must be resumed (or created) after a user gesture on the page. https://developer.chrome.com/blog/autoplay/#web_audio
[2025-09-27 07:18:17.120] LOG - 12:18:17.111Z Watching for account selection page...
[2025-09-27 07:18:17.120] LOG - 12:18:17.111Z Watching for account selection page...
[2025-09-27 07:18:17.397] LOG - 12:18:17.396Z Access token will be renewed in 75 minutes; expired: Sat Sep 27 2025 08:38:17 GMT-0500 (Central Daylight Time), now: Sat Sep 27 2025 07:18:17 GMT-0500 (Central Daylight Time)
[2025-09-27 07:18:17.397] LOG - 12:18:17.396Z Access token will be renewed in 75 minutes; expired: Sat Sep 27 2025 08:38:17 GMT-0500 (Central Daylight Time), now: Sat Sep 27 2025 07:18:17 GMT-0500 (Central Daylight Time)
[2025-09-27 07:18:17.732] INFO - 12:18:17.730Z [LaunchDarkly] Closing stream connection
[2025-09-27 07:18:17.735] INFO - 12:18:17.730Z [LaunchDarkly] Closing stream connection
[2025-09-27 07:18:17.736] INFO - 12:18:17.731Z [LaunchDarkly] Opening stream connection to https://clientstream.launchdarkly.com/eval/66cdf5b9cf61891061b4e437/eyJraW5kIjoidXNlciIsImtleSI6IjQ2NTYwMjciLCJkZXZpY2UiOiJkZXNrdG9wIiwidXNlcklkIjo0NjU2MDI3LCJpcENvdW50cnkiOiJVUyIsIm9yZ05hbWUiOiJURFYiLCJuYW1lIjoiWmVuZXgzMjk4IiwibGFuZGluZ1BhcmFtcyI6IiJ9
[2025-09-27 07:18:17.736] INFO - 12:18:17.731Z [LaunchDarkly] Opening stream connection to https://clientstream.launchdarkly.com/eval/66cdf5b9cf61891061b4e437/eyJraW5kIjoidXNlciIsImtleSI6IjQ2NTYwMjciLCJkZXZpY2UiOiJkZXNrdG9wIiwidXNlcklkIjo0NjU2MDI3LCJpcENvdW50cnkiOiJVUyIsIm9yZ05hbWUiOiJURFYiLCJuYW1lIjoiWmVuZXgzMjk4IiwibGFuZGluZ1BhcmFtcyI6IiJ9
[2025-09-27 07:18:17.736] INFO - 12:18:17.731Z [LaunchDarkly] Closing stream connection
[2025-09-27 07:18:17.736] INFO - 12:18:17.731Z [LaunchDarkly] Closing stream connection
[2025-09-27 07:18:17.736] INFO - 12:18:17.731Z [LaunchDarkly] Opening stream connection to https://clientstream.launchdarkly.com/eval/66cdf5b9cf61891061b4e437/eyJraW5kIjoidXNlciIsImtleSI6IjQ2NTYwMjciLCJkZXZpY2UiOiJkZXNrdG9wIiwidXNlcklkIjo0NjU2MDI3LCJpcENvdW50cnkiOiJVUyIsIm9yZ05hbWUiOiJURFYiLCJuYW1lIjoiWmVuZXgzMjk4IiwibGFuZGluZ1BhcmFtcyI6IiJ9
[2025-09-27 07:18:17.737] INFO - 12:18:17.731Z [LaunchDarkly] Opening stream connection to https://clientstream.launchdarkly.com/eval/66cdf5b9cf61891061b4e437/eyJraW5kIjoidXNlciIsImtleSI6IjQ2NTYwMjciLCJkZXZpY2UiOiJkZXNrdG9wIiwidXNlcklkIjo0NjU2MDI3LCJpcENvdW50cnkiOiJVUyIsIm9yZ05hbWUiOiJURFYiLCJuYW1lIjoiWmVuZXgzMjk4IiwibGFuZGluZ1BhcmFtcyI6IiJ9
[2025-09-27 07:18:17.773] INFO - 12:18:17.772Z [LaunchDarkly] Closing stream connection
[2025-09-27 07:18:17.774] INFO - 12:18:17.772Z [LaunchDarkly] Closing stream connection
[2025-09-27 07:18:17.774] INFO - 12:18:17.772Z [LaunchDarkly] Opening stream connection to https://clientstream.launchdarkly.com/eval/66cdf5b9cf61891061b4e437/eyJraW5kIjoidXNlciIsImtleSI6IjQ2NTYwMjciLCJkZXZpY2UiOiJkZXNrdG9wIiwidXNlcklkIjo0NjU2MDI3LCJpcENvdW50cnkiOiJVUyIsIm9yZ05hbWUiOiJURFYiLCJuYW1lIjoiWmVuZXgzMjk4IiwibGFuZGluZ1BhcmFtcyI6IiJ9
[2025-09-27 07:18:17.775] INFO - 12:18:17.772Z [LaunchDarkly] Opening stream connection to https://clientstream.launchdarkly.com/eval/66cdf5b9cf61891061b4e437/eyJraW5kIjoidXNlciIsImtleSI6IjQ2NTYwMjciLCJkZXZpY2UiOiJkZXNrdG9wIiwidXNlcklkIjo0NjU2MDI3LCJpcENvdW50cnkiOiJVUyIsIm9yZ05hbWUiOiJURFYiLCJuYW1lIjoiWmVuZXgzMjk4IiwibGFuZGluZ1BhcmFtcyI6IiJ9
[2025-09-27 07:18:18.115] LOG - 12:18:18.114Z Account selection page detected, clicking button...
[2025-09-27 07:18:18.115] LOG - 12:18:18.114Z Account selection page detected, clicking button...
[2025-09-27 07:18:18.261] LOG - 12:18:18.234Z Access token will be renewed in 75 minutes; expired: Sat Sep 27 2025 08:38:17 GMT-0500 (Central Daylight Time), now: Sat Sep 27 2025 07:18:18 GMT-0500 (Central Daylight Time)
[2025-09-27 07:18:18.262] LOG - 12:18:18.234Z Access token will be renewed in 75 minutes; expired: Sat Sep 27 2025 08:38:17 GMT-0500 (Central Daylight Time), now: Sat Sep 27 2025 07:18:18 GMT-0500 (Central Daylight Time)
[2025-09-27 07:18:18.344] error - Refused to connect to 'https://bat.bing.com/actionp/0?ti=26330043&Ver=2&mid=4afc5027-0471-43bb-9dba-17a3aad8f6e6&bo=2&sid=3660cc809ad411f094ce7fdad7d91748&vid=9abf384092fe11f0b30e9fac449e4642&vids=0&msclkid=N&evt=pageHide' because it violates the following Content Security Policy directive: "connect-src wss://*.tradovate.com https://*.tradovate.com https://*.ntinnolab.com https://*.devel.ninjatrader.dev https://*.staging.ninjatrader.dev https://*.uat.ninjatrader.dev wss://*.ntinnolab.com wss://*.devel.ninjatrader.dev wss://*.staging.ninjatrader.dev wss://*.uat.ninjatrader.dev wss://*.tradovateapi.com https://*.tradovateapi.com https://*.ninjatrader.com https://cdn.walkme.com https://ec.walkme.com https://sessions.bugsnag.com https://notify.bugsnag.com https://*.plaid.com https://*.yodlee.com https://tradovate.zendesk.com https://rollout.ada.support https://static.ada.support https://ninjatrader.ada.support https://tradovate.ada.support https://ninjatrader-eap.ada.support/ https://demo-ninjatrader-gr.ada.support/ https://tradovate-gen.ada.support/ https://api.stripe.com https://apiproxy.ninjatrader.com https://apiproxy-d.ninjatrader.com https://us-autocomplete-pro.api.smartystreets.com https://international-autocomplete.api.smarty.com https://maps.googleapis.com https://accounts.google.com/ https://www.google.com https://www.googletagmanager.com/ https://*.browser-intake-datadoghq.com https://scripts.neuro-id.com https://receiver.neuroid.cloud https://logs.neuro-id.com https://firebaseinstallations.googleapis.com/ https://firebaseremoteconfig.googleapis.com/ https://logx.optimizely.com https://*.optimizely.com wss://mpsnare.iesnare.com wss://ci-mpsnare.iovation.com https://*.iovation.com/ https://*.reddit.com  https://www.redditstatic.com https://*.taboola.com https://*.launchdarkly.com https://*.alloy.co https://*.maze.co https://www.google-analytics.com https://analytics.google.com https://www.googletagmanager.com/ https://api.hubapi.com https://forms.hubspot.com https://stats.g.doubleclick.net https://alb.reddit.com https://analytics.twitter.com https://heapanalytics.com https://*.auryc.com https://*.contentsquare.net https://siteintercept.qualtrics.com https://api.userway.org/".

[2025-09-27 07:18:18.348] INFO - 12:18:18.340Z visibilitychange: hidden, gd: 1000
[2025-09-27 07:18:18.348] INFO - 12:18:18.340Z visibilitychange: hidden, gd: 1000
[2025-09-27 07:18:18.348] WARNING - 12:18:18.343Z [LaunchDarkly] Error on stream connection: {"isTrusted":true}, will continue retrying after 620 milliseconds.
[2025-09-27 07:18:18.349] WARNING - 12:18:18.343Z [LaunchDarkly] Error on stream connection: {"isTrusted":true}, will continue retrying after 620 milliseconds.
[2025-09-27 07:18:18.349] INFO - 12:18:18.343Z [LaunchDarkly] Closing stream connection
[2025-09-27 07:18:18.349] INFO - 12:18:18.343Z [LaunchDarkly] Closing stream connection
[2025-09-27 07:18:18.559] WARNING - Duplicate atom key "locale". This is a FATAL ERROR in
      production. But it is safe to ignore this warning if it occurred because of
      hot module replacement.
[2025-09-27 07:18:18.562] WARNING - Duplicate atom key "locale". This is a FATAL ERROR in
      production. But it is safe to ignore this warning if it occurred because of
      hot module replacement.
[2025-09-27 07:18:18.564] WARNING - Duplicate atom key "muiTheme". This is a FATAL ERROR in
      production. But it is safe to ignore this warning if it occurred because of
      hot module replacement.
[2025-09-27 07:18:18.566] WARNING - Duplicate atom key "muiTheme". This is a FATAL ERROR in
      production. But it is safe to ignore this warning if it occurred because of
      hot module replacement.
[2025-09-27 07:18:18.568] WARNING - Duplicate atom key "appLinksFooter". This is a FATAL ERROR in
      production. But it is safe to ignore this warning if it occurred because of
      hot module replacement.
[2025-09-27 07:18:18.569] WARNING - Duplicate atom key "appLinksFooter". This is a FATAL ERROR in
      production. But it is safe to ignore this warning if it occurred because of
      hot module replacement.
[2025-09-27 07:18:18.570] WARNING - Duplicate atom key "currentUserId2". This is a FATAL ERROR in
      production. But it is safe to ignore this warning if it occurred because of
      hot module replacement.
[2025-09-27 07:18:18.573] WARNING - Duplicate atom key "currentUserId2". This is a FATAL ERROR in
      production. But it is safe to ignore this warning if it occurred because of
      hot module replacement.
[2025-09-27 07:18:18.573] WARNING - Duplicate atom key "onboardingInProgress". This is a FATAL ERROR in
      production. But it is safe to ignore this warning if it occurred because of
      hot module replacement.
[2025-09-27 07:18:18.575] WARNING - Duplicate atom key "onboardingInProgress". This is a FATAL ERROR in
      production. But it is safe to ignore this warning if it occurred because of
      hot module replacement.
[2025-09-27 07:18:18.576] WARNING - Duplicate atom key "editing". This is a FATAL ERROR in
      production. But it is safe to ignore this warning if it occurred because of
      hot module replacement.
[2025-09-27 07:18:18.579] WARNING - Duplicate atom key "editing". This is a FATAL ERROR in
      production. But it is safe to ignore this warning if it occurred because of
      hot module replacement.
[2025-09-27 07:18:18.580] WARNING - Duplicate atom key "infoMessage". This is a FATAL ERROR in
      production. But it is safe to ignore this warning if it occurred because of
      hot module replacement.
[2025-09-27 07:18:18.581] WARNING - Duplicate atom key "infoMessage". This is a FATAL ERROR in
      production. But it is safe to ignore this warning if it occurred because of
      hot module replacement.
[2025-09-27 07:18:18.582] WARNING - Duplicate atom key "browserWarning". This is a FATAL ERROR in
      production. But it is safe to ignore this warning if it occurred because of
      hot module replacement.
[2025-09-27 07:18:18.583] WARNING - Duplicate atom key "browserWarning". This is a FATAL ERROR in
      production. But it is safe to ignore this warning if it occurred because of
      hot module replacement.
[2025-09-27 07:18:18.584] WARNING - Duplicate atom key "clockWarning". This is a FATAL ERROR in
      production. But it is safe to ignore this warning if it occurred because of
      hot module replacement.
[2025-09-27 07:18:18.585] WARNING - Duplicate atom key "clockWarning". This is a FATAL ERROR in
      production. But it is safe to ignore this warning if it occurred because of
      hot module replacement.
[2025-09-27 07:18:18.587] WARNING - Duplicate atom key "breakpoint". This is a FATAL ERROR in
      production. But it is safe to ignore this warning if it occurred because of
      hot module replacement.
[2025-09-27 07:18:18.589] WARNING - Duplicate atom key "breakpoint". This is a FATAL ERROR in
      production. But it is safe to ignore this warning if it occurred because of
      hot module replacement.
[2025-09-27 07:18:18.591] WARNING - Duplicate atom key "inMobileRange". This is a FATAL ERROR in
      production. But it is safe to ignore this warning if it occurred because of
      hot module replacement.
[2025-09-27 07:18:18.592] WARNING - Duplicate atom key "inMobileRange". This is a FATAL ERROR in
      production. But it is safe to ignore this warning if it occurred because of
      hot module replacement.
[2025-09-27 07:18:18.592] WARNING - Duplicate atom key "gridSpacing". This is a FATAL ERROR in
      production. But it is safe to ignore this warning if it occurred because of
      hot module replacement.
[2025-09-27 07:18:18.594] WARNING - Duplicate atom key "gridSpacing". This is a FATAL ERROR in
      production. But it is safe to ignore this warning if it occurred because of
      hot module replacement.
[2025-09-27 07:18:18.596] WARNING - Duplicate atom key "login". This is a FATAL ERROR in
      production. But it is safe to ignore this warning if it occurred because of
      hot module replacement.
[2025-09-27 07:18:18.597] WARNING - Duplicate atom key "login". This is a FATAL ERROR in
      production. But it is safe to ignore this warning if it occurred because of
      hot module replacement.
[2025-09-27 07:18:18.597] WARNING - Duplicate atom key "error". This is a FATAL ERROR in
      production. But it is safe to ignore this warning if it occurred because of
      hot module replacement.
[2025-09-27 07:18:18.597] WARNING - Duplicate atom key "error". This is a FATAL ERROR in
      production. But it is safe to ignore this warning if it occurred because of
      hot module replacement.
[2025-09-27 07:18:18.597] WARNING - Duplicate atom key "contactInfos2". This is a FATAL ERROR in
      production. But it is safe to ignore this warning if it occurred because of
      hot module replacement.
[2025-09-27 07:18:18.597] WARNING - Duplicate atom key "contactInfos2". This is a FATAL ERROR in
      production. But it is safe to ignore this warning if it occurred because of
      hot module replacement.
[2025-09-27 07:18:18.597] WARNING - Duplicate atom key "individualApplicantsTimestamp". This is a FATAL ERROR in
      production. But it is safe to ignore this warning if it occurred because of
      hot module replacement.
[2025-09-27 07:18:18.598] WARNING - Duplicate atom key "individualApplicantsTimestamp". This is a FATAL ERROR in
      production. But it is safe to ignore this warning if it occurred because of
      hot module replacement.
[2025-09-27 07:18:18.598] WARNING - Duplicate atom key "customerApplication". This is a FATAL ERROR in
      production. But it is safe to ignore this warning if it occurred because of
      hot module replacement.
[2025-09-27 07:18:18.598] WARNING - Duplicate atom key "customerApplication". This is a FATAL ERROR in
      production. But it is safe to ignore this warning if it occurred because of
      hot module replacement.
[2025-09-27 07:18:18.598] WARNING - Duplicate atom key "individualApplicants". This is a FATAL ERROR in
      production. But it is safe to ignore this warning if it occurred because of
      hot module replacement.
[2025-09-27 07:18:18.598] WARNING - Duplicate atom key "individualApplicants". This is a FATAL ERROR in
      production. But it is safe to ignore this warning if it occurred because of
      hot module replacement.
[2025-09-27 07:18:18.598] WARNING - Duplicate atom key "clearingHouses". This is a FATAL ERROR in
      production. But it is safe to ignore this warning if it occurred because of
      hot module replacement.
[2025-09-27 07:18:18.598] WARNING - Duplicate atom key "clearingHouses". This is a FATAL ERROR in
      production. But it is safe to ignore this warning if it occurred because of
      hot module replacement.
[2025-09-27 07:18:18.599] WARNING - Duplicate atom key "clearXClearingHouse". This is a FATAL ERROR in
      production. But it is safe to ignore this warning if it occurred because of
      hot module replacement.
[2025-09-27 07:18:18.599] WARNING - Duplicate atom key "clearXClearingHouse". This is a FATAL ERROR in
      production. But it is safe to ignore this warning if it occurred because of
      hot module replacement.
[2025-09-27 07:18:18.599] WARNING - Duplicate atom key "applicationClearingHouse". This is a FATAL ERROR in
      production. But it is safe to ignore this warning if it occurred because of
      hot module replacement.
[2025-09-27 07:18:18.599] WARNING - Duplicate atom key "applicationClearingHouse". This is a FATAL ERROR in
      production. But it is safe to ignore this warning if it occurred because of
      hot module replacement.
[2025-09-27 07:18:18.599] WARNING - Duplicate atom key "userLocation". This is a FATAL ERROR in
      production. But it is safe to ignore this warning if it occurred because of
      hot module replacement.
[2025-09-27 07:18:18.600] WARNING - Duplicate atom key "userLocation". This is a FATAL ERROR in
      production. But it is safe to ignore this warning if it occurred because of
      hot module replacement.
[2025-09-27 07:18:18.600] WARNING - Duplicate atom key "savedApplicationsTimestamp". This is a FATAL ERROR in
      production. But it is safe to ignore this warning if it occurred because of
      hot module replacement.
[2025-09-27 07:18:18.600] WARNING - Duplicate atom key "savedApplicationsTimestamp". This is a FATAL ERROR in
      production. But it is safe to ignore this warning if it occurred because of
      hot module replacement.
[2025-09-27 07:18:18.600] WARNING - Duplicate atom key "savedApplications". This is a FATAL ERROR in
      production. But it is safe to ignore this warning if it occurred because of
      hot module replacement.
[2025-09-27 07:18:18.600] WARNING - Duplicate atom key "savedApplications". This is a FATAL ERROR in
      production. But it is safe to ignore this warning if it occurred because of
      hot module replacement.
[2025-09-27 07:18:18.601] WARNING - Duplicate atom key "step". This is a FATAL ERROR in
      production. But it is safe to ignore this warning if it occurred because of
      hot module replacement.
[2025-09-27 07:18:18.601] WARNING - Duplicate atom key "step". This is a FATAL ERROR in
      production. But it is safe to ignore this warning if it occurred because of
      hot module replacement.
[2025-09-27 07:18:18.601] WARNING - Duplicate atom key "checkStates". This is a FATAL ERROR in
      production. But it is safe to ignore this warning if it occurred because of
      hot module replacement.
[2025-09-27 07:18:18.601] WARNING - Duplicate atom key "checkStates". This is a FATAL ERROR in
      production. But it is safe to ignore this warning if it occurred because of
      hot module replacement.
[2025-09-27 07:18:18.602] WARNING - Duplicate atom key "signStates". This is a FATAL ERROR in
      production. But it is safe to ignore this warning if it occurred because of
      hot module replacement.
[2025-09-27 07:18:18.602] WARNING - Duplicate atom key "signStates". This is a FATAL ERROR in
      production. But it is safe to ignore this warning if it occurred because of
      hot module replacement.
[2025-09-27 07:18:18.602] WARNING - Duplicate atom key "wizard". This is a FATAL ERROR in
      production. But it is safe to ignore this warning if it occurred because of
      hot module replacement.
[2025-09-27 07:18:18.602] WARNING - Duplicate atom key "wizard". This is a FATAL ERROR in
      production. But it is safe to ignore this warning if it occurred because of
      hot module replacement.
[2025-09-27 07:18:18.602] WARNING - Duplicate atom key "formBuilder". This is a FATAL ERROR in
      production. But it is safe to ignore this warning if it occurred because of
      hot module replacement.
[2025-09-27 07:18:18.602] WARNING - Duplicate atom key "formBuilder". This is a FATAL ERROR in
      production. But it is safe to ignore this warning if it occurred because of
      hot module replacement.
[2025-09-27 07:18:18.602] WARNING - Duplicate atom key "headerSlot". This is a FATAL ERROR in
      production. But it is safe to ignore this warning if it occurred because of
      hot module replacement.
[2025-09-27 07:18:18.603] WARNING - Duplicate atom key "headerSlot". This is a FATAL ERROR in
      production. But it is safe to ignore this warning if it occurred because of
      hot module replacement.
[2025-09-27 07:18:18.603] WARNING - Duplicate atom key "footerSlot". This is a FATAL ERROR in
      production. But it is safe to ignore this warning if it occurred because of
      hot module replacement.
[2025-09-27 07:18:18.603] WARNING - Duplicate atom key "footerSlot". This is a FATAL ERROR in
      production. But it is safe to ignore this warning if it occurred because of
      hot module replacement.
[2025-09-27 07:18:18.603] WARNING - Duplicate atom key "alloyJourneyToken". This is a FATAL ERROR in
      production. But it is safe to ignore this warning if it occurred because of
      hot module replacement.
[2025-09-27 07:18:18.604] WARNING - Duplicate atom key "alloyJourneyToken". This is a FATAL ERROR in
      production. But it is safe to ignore this warning if it occurred because of
      hot module replacement.
[2025-09-27 07:18:18.604] DEBUG - [bugsnag] Loaded!
[2025-09-27 07:18:18.604] DEBUG - [bugsnag] Loaded!
[2025-09-27 07:18:18.604] INFO - Version 3.250926.0 prod production 
[2025-09-27 07:18:18.605] INFO - Version 3.250926.0 prod production 
[2025-09-27 07:18:18.605] INFO - Time: Sat Sep 27 2025 07:18:18 GMT-0500 (Central Daylight Time)
[2025-09-27 07:18:18.605] INFO - Time:
[2025-09-27 07:18:18.685] LOG - 12:18:18.683Z Try to restore session
[2025-09-27 07:18:18.686] LOG - 12:18:18.683Z Try to restore session
[2025-09-27 07:18:18.687] LOG - 12:18:18.684Z Access token will be renewed in 75 minutes; expired: Sat Sep 27 2025 08:38:17 GMT-0500 (Central Daylight Time), now: Sat Sep 27 2025 07:18:18 GMT-0500 (Central Daylight Time)
[2025-09-27 07:18:18.687] LOG - 12:18:18.684Z Access token will be renewed in 75 minutes; expired: Sat Sep 27 2025 08:38:17 GMT-0500 (Central Daylight Time), now: Sat Sep 27 2025 07:18:18 GMT-0500 (Central Daylight Time)
[2025-09-27 07:18:18.692] WARNING - 12:18:18.691Z [LaunchDarkly] The waitForInitialization function was called without a timeout specified. In a future version a default timeout will be applied.
[2025-09-27 07:18:18.693] WARNING - 12:18:18.691Z [LaunchDarkly] The waitForInitialization function was called without a timeout specified. In a future version a default timeout will be applied.
[2025-09-27 07:18:18.701] INFO - 12:18:18.699Z chart cache state: islands=2, bars=1400
[2025-09-27 07:18:18.702] INFO - 12:18:18.699Z chart cache state: islands=2, bars=1400
[2025-09-27 07:18:18.702] INFO - 12:18:18.700Z Chart history database initialized
[2025-09-27 07:18:18.702] INFO - 12:18:18.700Z Chart history database initialized
[2025-09-27 07:18:18.706] INFO - 12:18:18.705Z [LaunchDarkly] LaunchDarkly client initialized
[2025-09-27 07:18:18.707] INFO - 12:18:18.705Z [LaunchDarkly] LaunchDarkly client initialized
[2025-09-27 07:18:18.707] INFO - 12:18:18.705Z [LaunchDarkly] Opening stream connection to https://clientstream.launchdarkly.com/eval/66cdf5b9cf61891061b4e437/eyJraW5kIjoidXNlciIsImtleSI6InVua25vd24iLCJhbm9ueW1vdXMiOmZhbHNlfQ
[2025-09-27 07:18:18.707] INFO - 12:18:18.705Z [LaunchDarkly] Opening stream connection to https://clientstream.launchdarkly.com/eval/66cdf5b9cf61891061b4e437/eyJraW5kIjoidXNlciIsImtleSI6InVua25vd24iLCJhbm9ueW1vdXMiOmZhbHNlfQ
[2025-09-27 07:18:19.223] INFO - 12:18:19.220Z [LaunchDarkly] Closing stream connection
[2025-09-27 07:18:19.225] INFO - 12:18:19.220Z [LaunchDarkly] Closing stream connection
[2025-09-27 07:18:19.225] INFO - 12:18:19.220Z [LaunchDarkly] Opening stream connection to https://clientstream.launchdarkly.com/eval/66cdf5b9cf61891061b4e437/eyJraW5kIjoidXNlciIsImtleSI6IjQ2NTYwMjciLCJkZXZpY2UiOiJkZXNrdG9wIiwidXNlcklkIjo0NjU2MDI3LCJpcENvdW50cnkiOiIiLCJvcmdOYW1lIjoiVERWIiwibmFtZSI6IlplbmV4MzI5OCIsImxhbmRpbmdQYXJhbXMiOiIifQ
[2025-09-27 07:18:19.225] INFO - 12:18:19.220Z [LaunchDarkly] Opening stream connection to https://clientstream.launchdarkly.com/eval/66cdf5b9cf61891061b4e437/eyJraW5kIjoidXNlciIsImtleSI6IjQ2NTYwMjciLCJkZXZpY2UiOiJkZXNrdG9wIiwidXNlcklkIjo0NjU2MDI3LCJpcENvdW50cnkiOiIiLCJvcmdOYW1lIjoiVERWIiwibmFtZSI6IlplbmV4MzI5OCIsImxhbmRpbmdQYXJhbXMiOiIifQ
[2025-09-27 07:18:19.241] INFO - 12:18:19.239Z [LaunchDarkly] Closing stream connection
[2025-09-27 07:18:19.242] INFO - 12:18:19.239Z [LaunchDarkly] Closing stream connection
[2025-09-27 07:18:19.243] INFO - 12:18:19.239Z [LaunchDarkly] Opening stream connection to https://clientstream.launchdarkly.com/eval/66cdf5b9cf61891061b4e437/eyJraW5kIjoidXNlciIsImtleSI6IjQ2NTYwMjciLCJkZXZpY2UiOiJkZXNrdG9wIiwidXNlcklkIjo0NjU2MDI3LCJpcENvdW50cnkiOiJVUyIsIm9yZ05hbWUiOiJURFYiLCJuYW1lIjoiWmVuZXgzMjk4IiwibGFuZGluZ1BhcmFtcyI6IiJ9
[2025-09-27 07:18:19.243] INFO - 12:18:19.239Z [LaunchDarkly] Opening stream connection to https://clientstream.launchdarkly.com/eval/66cdf5b9cf61891061b4e437/eyJraW5kIjoidXNlciIsImtleSI6IjQ2NTYwMjciLCJkZXZpY2UiOiJkZXNrdG9wIiwidXNlcklkIjo0NjU2MDI3LCJpcENvdW50cnkiOiJVUyIsIm9yZ05hbWUiOiJURFYiLCJuYW1lIjoiWmVuZXgzMjk4IiwibGFuZGluZ1BhcmFtcyI6IiJ9
[2025-09-27 07:18:19.338] LOG - 12:18:19.335Z opening https://demo.tradovateapi.com/
[2025-09-27 07:18:19.338] LOG - 12:18:19.335Z opening https://demo.tradovateapi.com/
[2025-09-27 07:18:19.342] LOG - 12:18:19.341Z Hotkeys initialized {}
[2025-09-27 07:18:19.342] LOG - 12:18:19.341Z Hotkeys initialized {}
[2025-09-27 07:18:19.412] LOG - 12:18:19.411Z websocket opened
[2025-09-27 07:18:19.412] LOG - 12:18:19.411Z websocket opened
[2025-09-27 07:18:19.467] LOG - 12:18:19.466Z opening https://md-demo.tradovateapi.com/
[2025-09-27 07:18:19.469] LOG - 12:18:19.466Z opening https://md-demo.tradovateapi.com/
[2025-09-27 07:18:19.469] LOG - 12:18:19.467Z Connection:  open
[2025-09-27 07:18:19.469] LOG - 12:18:19.467Z Connection:  open
[2025-09-27 07:18:20.463] LOG - 12:18:20.461Z WebGL:  {"isWebGL2":true,"precision":"highp","logarithmicDepthBuffer":false,"maxTextures":16,"maxVertexTextures":16,"maxTextureSize":16384,"maxCubemapSize":16384,"maxAttributes":16,"maxVertexUniforms":1024,"maxVaryings":30,"maxFragmentUniforms":1024,"vertexTextures":true,"floatFragmentTextures":true,"floatVertexTextures":true,"maxSamples":8} , devicePixelRatio:  2
[2025-09-27 07:18:20.495] LOG - 12:18:20.462Z Canvas size: 1070 897 dpp:  2
[2025-09-27 07:18:20.500] LOG - 12:18:20.474Z Loading App-level Plugins
[2025-09-27 07:18:20.504] LOG - 12:18:20.474Z Loading App-level Plugins
[2025-09-27 07:18:20.505] LOG - 12:18:20.481Z WebGL:  {"isWebGL2":true,"precision":"highp","logarithmicDepthBuffer":false,"maxTextures":16,"maxVertexTextures":16,"maxTextureSize":16384,"maxCubemapSize":16384,"maxAttributes":16,"maxVertexUniforms":1024,"maxVaryings":30,"maxFragmentUniforms":1024,"vertexTextures":true,"floatFragmentTextures":true,"floatVertexTextures":true,"maxSamples":8} , devicePixelRatio:  2
[2025-09-27 07:18:20.506] LOG - 12:18:20.482Z Canvas size: 1070 897 dpp:  2
[2025-09-27 07:18:20.611] LOG - 12:18:20.588Z websocket opened
[2025-09-27 07:18:20.611] LOG - 12:18:20.588Z websocket opened
[2025-09-27 07:18:20.818] LOG - 12:18:20.817Z loadAppLevelPlugins:  [object Object]
[2025-09-27 07:18:20.819] LOG - 12:18:20.817Z loadAppLevelPlugins: 
[2025-09-27 07:18:21.783] LOG - 12:18:21.780Z updating the shared isolation
[2025-09-27 07:18:21.786] LOG - 12:18:21.780Z updating the shared isolation
[2025-09-27 07:18:23.090] LOG - 12:18:23.070Z created chart 1
[2025-09-27 07:18:23.212] LOG - 12:18:23.211Z requestChart: {"symbol":"3267312","chartDescription":{"underlyingType":"Tick","elementSize":5000,"elementSizeUnit":"UnderlyingUnits","withHistogram":false},"timeRange":{"asMuchAsElements":608}}
[2025-09-27 07:18:23.213] LOG - 12:18:23.211Z requestChart: {"symbol":"3267312","chartDescription":{"underlyingType":"Tick","elementSize":5000,"elementSizeUnit":"UnderlyingUnits","withHistogram":false},"timeRange":{"asMuchAsElements":608}}
[2025-09-27 07:18:23.213] LOG - 12:18:23.211Z mdMgApi open
[2025-09-27 07:18:23.213] LOG - 12:18:23.211Z mdMgApi open
[2025-09-27 07:18:24.123] LOG - 12:18:24.122Z requestChart: {"symbol":"3267312","chartDescription":{"underlyingType":"Tick","elementSize":5000,"elementSizeUnit":"UnderlyingUnits","withHistogram":false},"timeRange":{"asMuchAsElements":94,"closestTimestamp":"2025-09-21T22:00:00.067Z"}}
[2025-09-27 07:18:24.123] LOG - 12:18:24.122Z requestChart: {"symbol":"3267312","chartDescription":{"underlyingType":"Tick","elementSize":5000,"elementSizeUnit":"UnderlyingUnits","withHistogram":false},"timeRange":{"asMuchAsElements":94,"closestTimestamp":"2025-09-21T22:00:00.067Z"}}
[2025-09-27 07:18:24.124] LOG - 12:18:24.122Z mdMgApi open
[2025-09-27 07:18:24.124] LOG - 12:18:24.122Z mdMgApi open
[2025-09-27 07:18:24.507] DEBUG - 12:18:24.506Z Slow prev calc
[2025-09-27 07:18:24.507] DEBUG - 12:18:24.506Z Slow prev calc
[2025-09-27 07:18:27.144] LOG - 12:18:27.143Z Auto Order script initialized - AUTOMATIC HOT RELOAD SUCCESS!
[2025-09-27 07:18:27.145] LOG - 12:18:27.143Z Auto Order script initialized - AUTOMATIC HOT RELOAD SUCCESS!
[2025-09-27 07:18:27.145] LOG - 12:18:27.144Z Creating example front-quarter symbol
[2025-09-27 07:18:27.146] LOG - 12:18:27.144Z Creating example front-quarter symbol
[2025-09-27 07:18:27.147] LOG - 12:18:27.144Z getQuarterlyCode called with date: 2025-09-27T12:18:27.144Z
[2025-09-27 07:18:27.147] LOG - 12:18:27.144Z getQuarterlyCode called with date: 2025-09-27T12:18:27.144Z
[2025-09-27 07:18:27.148] LOG - 12:18:27.144Z Current month index: 8
[2025-09-27 07:18:27.149] LOG - 12:18:27.144Z Current month index: 8
[2025-09-27 07:18:27.149] LOG - 12:18:27.144Z Starting calculation with year=2025, month=8
[2025-09-27 07:18:27.149] LOG - 12:18:27.144Z Starting calculation with year=2025, month=8
[2025-09-27 07:18:27.149] LOG - 12:18:27.144Z Calculated quarterly code: letter=Z, yearDigit=5
[2025-09-27 07:18:27.149] LOG - 12:18:27.144Z Calculated quarterly code: letter=Z, yearDigit=5
[2025-09-27 07:18:27.150] LOG - 12:18:27.145Z Example front-quarter symbol created: NQZ5
[2025-09-27 07:18:27.150] LOG - 12:18:27.145Z Example front-quarter symbol created: NQZ5
[2025-09-27 07:18:27.150] LOG - 12:18:27.149Z Auto Risk Management: Running initial risk assessment...
[2025-09-27 07:18:27.151] LOG - 12:18:27.149Z Auto Risk Management: Running initial risk assessment...
[2025-09-27 07:18:27.151] LOG - 12:18:27.150Z [analyzePhase] resetting phaseData
[2025-09-27 07:18:27.152] LOG - 12:18:27.150Z [analyzePhase] resetting phaseData
[2025-09-27 07:18:27.153] LOG - 12:18:27.151Z [analyzePhase] set phase 1 maxActive to 1
[2025-09-27 07:18:27.153] LOG - 12:18:27.151Z [analyzePhase] set phase 1 maxActive to 1
[2025-09-27 07:18:27.154] LOG - 12:18:27.151Z [analyzePhase] increased phase 2 maxActive to 1
[2025-09-27 07:18:27.155] LOG - 12:18:27.151Z [analyzePhase] increased phase 2 maxActive to 1
[2025-09-27 07:18:27.156] LOG - 12:18:27.151Z [updateUserColumnPhaseStatus] Starting...
[2025-09-27 07:18:27.157] LOG - 12:18:27.151Z [updateUserColumnPhaseStatus] Starting...
[2025-09-27 07:18:27.157] LOG - 12:18:27.151Z [updateUserColumnPhaseStatus] Found 1 rows
[2025-09-27 07:18:27.158] LOG - 12:18:27.151Z [updateUserColumnPhaseStatus] Found 1 rows
[2025-09-27 07:18:27.159] LOG - 12:18:27.151Z [updateUserColumnPhaseStatus] Header cells: Account ▲,Total Available Margin,User,Dist Drawdown Net Liq,Dollar Open P L,Dollar Total P L
[2025-09-27 07:18:27.159] LOG - 12:18:27.151Z [updateUserColumnPhaseStatus] Header cells:
[2025-09-27 07:18:27.159] LOG - 12:18:27.151Z [updateUserColumnPhaseStatus] Found User column at index 2
[2025-09-27 07:18:27.160] LOG - 12:18:27.151Z [updateUserColumnPhaseStatus] Found User column at index 2
[2025-09-27 07:18:27.161] LOG - 12:18:27.151Z [updateUserColumnPhaseStatus] Getting table data...
[2025-09-27 07:18:27.161] LOG - 12:18:27.151Z [updateUserColumnPhaseStatus] Getting table data...
[2025-09-27 07:18:27.162] LOG - 12:18:27.152Z [analyzePhase] resetting phaseData
[2025-09-27 07:18:27.162] LOG - 12:18:27.152Z [analyzePhase] resetting phaseData
[2025-09-27 07:18:27.162] LOG - 12:18:27.152Z [analyzePhase] set phase 1 maxActive to 1
[2025-09-27 07:18:27.162] LOG - 12:18:27.152Z [analyzePhase] set phase 1 maxActive to 1
[2025-09-27 07:18:27.162] LOG - 12:18:27.152Z [analyzePhase] increased phase 2 maxActive to 1
[2025-09-27 07:18:27.162] LOG - 12:18:27.152Z [analyzePhase] increased phase 2 maxActive to 1
[2025-09-27 07:18:27.163] LOG - 12:18:27.152Z [updateUserColumnPhaseStatus] Table data: 0 rows
[2025-09-27 07:18:27.163] LOG - 12:18:27.152Z [updateUserColumnPhaseStatus] Table data: 0 rows
[2025-09-27 07:18:27.163] ERROR - 12:18:27.152Z [updateUserColumnPhaseStatus] No data from getTableData()
[2025-09-27 07:18:27.163] ERROR - 12:18:27.152Z [updateUserColumnPhaseStatus] No data from getTableData()
[2025-09-27 07:18:27.175] warning - The AudioContext was not allowed to start. It must be resumed (or created) after a user gesture on the page. https://developer.chrome.com/blog/autoplay/#web_audio
[2025-09-27 07:18:27.175] LOG - 12:18:27.163Z Auto Risk Management: Initial risk assessment completed
[2025-09-27 07:18:27.175] LOG - 12:18:27.163Z Auto Risk Management: Initial risk assessment completed
[2025-09-27 07:18:28.167] LOG - 12:18:28.165Z [analyzePhase] resetting phaseData
[2025-09-27 07:18:28.168] LOG - 12:18:28.165Z [analyzePhase] resetting phaseData
[2025-09-27 07:18:28.169] LOG - 12:18:28.166Z [analyzePhase] set phase 1 maxActive to 1
[2025-09-27 07:18:28.169] LOG - 12:18:28.166Z [analyzePhase] set phase 1 maxActive to 1
[2025-09-27 07:18:28.169] LOG - 12:18:28.166Z [analyzePhase] increased phase 2 maxActive to 1
[2025-09-27 07:18:28.170] LOG - 12:18:28.166Z [analyzePhase] increased phase 2 maxActive to 1
[2025-09-27 07:18:28.170] WARNING - 12:18:28.166Z Error in deferred func: TypeError: Cannot read properties of undefined (reading 'querySelector'), function(){d(a),f(function(){d(null)},0);var e=i.apply(this,arguments);return d(null),e} TypeError: Cannot read properties of undefined (reading 'querySelector'),    at <anonymous>:377:98,    at i.__trace__ (https://cdn.tradovate.com/tradovate/scripts/4418.49f1ab77.js:2:4613725),    at https://cdn.tradovate.com/tradovate/scripts/4418.49f1ab77.js:2:3547494
[2025-09-27 07:18:28.170] WARNING - 12:18:28.166Z Error in deferred func: TypeError: Cannot read properties of undefined (reading 'querySelector'), function(){d(a),f(function(){d(null)},0);var e=i.apply(this,arguments);return d(null),e}
[2025-09-27 07:18:28.181] LOG - 12:18:28.181Z Executing initial risk management assessment...
[2025-09-27 07:18:28.182] LOG - 12:18:28.181Z Executing initial risk management assessment...
[2025-09-27 07:18:28.184] ERROR - 12:18:28.181Z getTableData function not found
[2025-09-27 07:18:28.185] ERROR - 12:18:28.181Z getTableData function not found
[2025-09-27 07:18:28.186] ERROR - 12:18:28.181Z updateUserColumnPhaseStatus function not found
[2025-09-27 07:18:28.187] ERROR - 12:18:28.181Z updateUserColumnPhaseStatus function not found
[2025-09-27 07:18:28.187] ERROR - 12:18:28.181Z performAccountActions function not found
[2025-09-27 07:18:28.188] ERROR - 12:18:28.181Z performAccountActions function not found
[2025-09-27 07:18:28.189] LOG - 12:18:28.182Z Risk management assessment completed
[2025-09-27 07:18:28.189] LOG - 12:18:28.182Z Risk management assessment completed
[2025-09-27 07:18:28.815] LOG - 12:18:28.802Z Canvas size: 1053 898 dpp:  2
[2025-09-27 07:18:28.872] LOG - 12:18:28.826Z Canvas size: 1053 898 dpp:  2
[2025-09-27 07:18:28.874] LOG - 12:18:28.865Z Canvas size: 1036 899 dpp:  2
[2025-09-27 07:18:28.953] LOG - 12:18:28.874Z Canvas size: 1036 899 dpp:  2
[2025-09-27 07:18:28.955] LOG - 12:18:28.926Z Canvas size: 1015 901 dpp:  2
[2025-09-27 07:18:28.956] LOG - 12:18:28.952Z Canvas size: 1015 901 dpp:  2
[2025-09-27 07:18:29.143] LOG - 12:18:29.093Z Canvas size: 996 902 dpp:  2
[2025-09-27 07:18:29.145] LOG - 12:18:29.117Z Canvas size: 996 902 dpp:  2
[2025-09-27 07:18:29.374] LOG - 12:18:29.325Z Canvas size: 959 908 dpp:  2
[2025-09-27 07:18:29.374] LOG - 12:18:29.345Z Canvas size: 959 908 dpp:  2
[2025-09-27 07:18:29.543] LOG - 12:18:29.542Z Canvas size: 890 917 dpp:  2
[2025-09-27 07:18:29.652] LOG - 12:18:29.565Z Canvas size: 890 917 dpp:  2
[2025-09-27 07:18:29.655] INFO - 12:18:29.582Z [LaunchDarkly] Closing stream connection
[2025-09-27 07:18:29.655] INFO - 12:18:29.582Z [LaunchDarkly] Closing stream connection
[2025-09-27 07:18:29.656] INFO - 12:18:29.582Z [LaunchDarkly] Opening stream connection to https://clientstream.launchdarkly.com/eval/66cdf5b9cf61891061b4e437/eyJraW5kIjoidXNlciIsImtleSI6IjQ2NTYwMjciLCJkZXZpY2UiOiJkZXNrdG9wIiwidXNlcklkIjo0NjU2MDI3LCJpcENvdW50cnkiOiJVUyIsIm9yZ05hbWUiOiJURFYiLCJuYW1lIjoiWmVuZXgzMjk4IiwibGFuZGluZ1BhcmFtcyI6IiJ9
[2025-09-27 07:18:29.656] INFO - 12:18:29.582Z [LaunchDarkly] Opening stream connection to https://clientstream.launchdarkly.com/eval/66cdf5b9cf61891061b4e437/eyJraW5kIjoidXNlciIsImtleSI6IjQ2NTYwMjciLCJkZXZpY2UiOiJkZXNrdG9wIiwidXNlcklkIjo0NjU2MDI3LCJpcENvdW50cnkiOiJVUyIsIm9yZ05hbWUiOiJURFYiLCJuYW1lIjoiWmVuZXgzMjk4IiwibGFuZGluZ1BhcmFtcyI6IiJ9
[2025-09-27 07:18:29.656] LOG - 12:18:29.584Z Canvas size: 851 918 dpp:  2
[2025-09-27 07:18:29.657] LOG - 12:18:29.598Z Canvas size: 851 918 dpp:  2
[2025-09-27 07:18:29.797] LOG - 12:18:29.767Z Canvas size: 848 918 dpp:  2
[2025-09-27 07:18:29.799] LOG - 12:18:29.770Z Canvas size: 848 918 dpp:  2
[2025-09-27 07:18:32.078] LOG - 12:18:32.067Z Canvas size: 848 911 dpp:  2
[2025-09-27 07:18:32.081] LOG - 12:18:32.077Z Canvas size: 848 911 dpp:  2
[2025-09-27 07:18:32.088] LOG - 12:18:32.087Z Canvas size: 848 910 dpp:  2
[2025-09-27 07:18:32.093] LOG - 12:18:32.092Z Canvas size: 848 910 dpp:  2
[2025-09-27 07:18:32.103] LOG - 12:18:32.102Z Canvas size: 849 909 dpp:  2
[2025-09-27 07:18:32.111] LOG - 12:18:32.110Z Canvas size: 849 909 dpp:  2
[2025-09-27 07:18:32.281] LOG - 12:18:32.251Z Canvas size: 849 908 dpp:  2
[2025-09-27 07:18:32.283] LOG - 12:18:32.256Z Canvas size: 849 908 dpp:  2
[2025-09-27 07:18:32.400] LOG - 12:18:32.350Z Canvas size: 851 903 dpp:  2
[2025-09-27 07:18:32.401] LOG - 12:18:32.358Z Canvas size: 851 903 dpp:  2
[2025-09-27 07:18:32.538] LOG - 12:18:32.503Z Canvas size: 852 900 dpp:  2
[2025-09-27 07:18:32.539] LOG - 12:18:32.510Z Canvas size: 852 900 dpp:  2
[2025-09-27 07:18:32.678] LOG - 12:18:32.639Z Canvas size: 853 899 dpp:  2
[2025-09-27 07:18:32.679] LOG - 12:18:32.647Z Canvas size: 853 899 dpp:  2
[2025-09-27 07:18:36.597] LOG - 12:18:36.596Z Trade control updates complete: [object Object]
[2025-09-27 07:18:36.599] LOG - 12:18:36.596Z Trade control updates complete:
[2025-09-27 07:18:36.684] LOG - 12:18:36.682Z normalizeSymbol called with: "MNQ"
[2025-09-27 07:18:36.685] LOG - 12:18:36.682Z normalizeSymbol called with: "MNQ"
[2025-09-27 07:18:36.687] LOG - 12:18:36.683Z Is root symbol: true
[2025-09-27 07:18:36.688] LOG - 12:18:36.683Z Is root symbol: true
[2025-09-27 07:18:36.689] LOG - 12:18:36.683Z getFrontQuarter called for root: "MNQ"
[2025-09-27 07:18:36.691] LOG - 12:18:36.683Z getFrontQuarter called for root: "MNQ"
[2025-09-27 07:18:36.691] LOG - 12:18:36.683Z getQuarterlyCode called with date: 2025-09-27T12:18:36.683Z
[2025-09-27 07:18:36.693] LOG - 12:18:36.683Z getQuarterlyCode called with date: 2025-09-27T12:18:36.683Z
[2025-09-27 07:18:36.693] LOG - 12:18:36.683Z Current month index: 8
[2025-09-27 07:18:36.694] LOG - 12:18:36.683Z Current month index: 8
[2025-09-27 07:18:36.695] LOG - 12:18:36.683Z Starting calculation with year=2025, month=8
[2025-09-27 07:18:36.695] LOG - 12:18:36.683Z Starting calculation with year=2025, month=8
[2025-09-27 07:18:36.696] LOG - 12:18:36.683Z Calculated quarterly code: letter=Z, yearDigit=5
[2025-09-27 07:18:36.697] LOG - 12:18:36.683Z Calculated quarterly code: letter=Z, yearDigit=5
[2025-09-27 07:18:36.698] LOG - 12:18:36.683Z Got quarterly code: letter=Z, yearDigit=5
[2025-09-27 07:18:36.698] LOG - 12:18:36.683Z Got quarterly code: letter=Z, yearDigit=5
[2025-09-27 07:18:36.699] LOG - 12:18:36.683Z Returning front quarter symbol: "MNQZ5"
[2025-09-27 07:18:36.700] LOG - 12:18:36.683Z Returning front quarter symbol: "MNQZ5"
[2025-09-27 07:18:36.701] LOG - 12:18:36.683Z Normalized symbol: "MNQZ5"
[2025-09-27 07:18:36.702] LOG - 12:18:36.683Z Normalized symbol: "MNQZ5"
[2025-09-27 07:18:36.703] LOG - 12:18:36.683Z updateSymbol called with selector: ".trading-ticket .search-box--input", value: "MNQZ5"
[2025-09-27 07:18:36.703] LOG - 12:18:36.683Z updateSymbol called with selector: ".trading-ticket .search-box--input", value: "MNQZ5"
[2025-09-27 07:18:36.704] LOG - 12:18:36.684Z Found 1 matching inputs with selector: .trading-ticket .search-box--input
[2025-09-27 07:18:36.704] LOG - 12:18:36.684Z Found 1 matching inputs with selector: .trading-ticket .search-box--input
[2025-09-27 07:18:36.704] LOG - 12:18:36.684Z Selected input: [object HTMLInputElement]
[2025-09-27 07:18:36.704] LOG - 12:18:36.684Z Selected input:
[2025-09-27 07:18:36.705] LOG - 12:18:36.684Z Input location: [object Object]
[2025-09-27 07:18:36.705] LOG - 12:18:36.684Z Input location:
[2025-09-27 07:18:36.705] LOG - 12:18:36.684Z Clearing input field
[2025-09-27 07:18:36.705] LOG - 12:18:36.684Z Clearing input field
[2025-09-27 07:18:36.705] LOG - 12:18:36.687Z Delaying for 400ms
[2025-09-27 07:18:36.705] LOG - 12:18:36.687Z Delaying for 400ms
[2025-09-27 07:18:36.783] LOG - 12:18:36.782Z Trade control updates complete: [object Object]
[2025-09-27 07:18:36.784] LOG - 12:18:36.782Z Trade control updates complete:
[2025-09-27 07:18:37.090] LOG - 12:18:37.089Z Setting input value to: "MNQZ5"
[2025-09-27 07:18:37.090] LOG - 12:18:37.089Z Setting input value to: "MNQZ5"
[2025-09-27 07:18:37.092] LOG - 12:18:37.091Z Delaying for 900ms
[2025-09-27 07:18:37.092] LOG - 12:18:37.091Z Delaying for 900ms
[2025-09-27 07:18:37.993] LOG - 12:18:37.992Z Simulating Enter key press
[2025-09-27 07:18:37.993] LOG - 12:18:37.992Z Simulating Enter key press
[2025-09-27 07:18:38.005] LOG - 12:18:38.003Z Symbol update complete
[2025-09-27 07:18:38.005] LOG - 12:18:38.003Z Symbol update complete
[2025-09-27 07:18:39.871] LOG - 12:18:39.870Z Trade control updates complete: [object Object]
[2025-09-27 07:18:39.872] LOG - 12:18:39.870Z Trade control updates complete:
[2025-09-27 07:18:40.180] LOG - 12:18:40.179Z Trade control updates complete: [object Object]
[2025-09-27 07:18:40.181] LOG - 12:18:40.179Z Trade control updates complete:
[2025-09-27 07:18:41.163] LOG - 12:18:41.162Z Trade control updates complete: [object Object]
[2025-09-27 07:18:41.164] LOG - 12:18:41.162Z Trade control updates complete:
[2025-09-27 07:18:42.120] LOG - 12:18:42.118Z autoTrade called with: symbol=MNQ, qty=1, action=Sell, TP=53, SL=15, tickSize=0.25
[2025-09-27 07:18:42.120] LOG - 12:18:42.118Z autoTrade called with: symbol=MNQ, qty=1, action=Sell, TP=53, SL=15, tickSize=0.25
[2025-09-27 07:18:43.809] LOG - 12:18:43.809Z autoTrade called with: symbol=MNQ, qty=1, action=Sell, TP=53, SL=15, tickSize=0.25
[2025-09-27 07:18:43.810] LOG - 12:18:43.809Z autoTrade called with: symbol=MNQ, qty=1, action=Sell, TP=53, SL=15, tickSize=0.25
[2025-09-27 07:18:44.410] LOG - 12:18:44.409Z autoTrade called with: symbol=MNQ, qty=1, action=Buy, TP=53, SL=15, tickSize=0.25
[2025-09-27 07:18:44.411] LOG - 12:18:44.409Z autoTrade called with: symbol=MNQ, qty=1, action=Buy, TP=53, SL=15, tickSize=0.25
[2025-09-27 07:19:18.715] INFO - 12:19:18.713Z time stats. avg diff: -45, min: -45, max: -45, roundtrip: 23 msec, #1
[2025-09-27 07:19:18.715] INFO - 12:19:18.713Z time stats. avg diff: -45, min: -45, max: -45, roundtrip: 23 msec, #1
[2025-09-27 07:19:51.086] LOG - 12:19:51.084Z autoTrade called with: symbol=MNQ, qty=1, action=Sell, TP=53, SL=15, tickSize=0.25
[2025-09-27 07:19:51.087] LOG - 12:19:51.084Z autoTrade called with: symbol=MNQ, qty=1, action=Sell, TP=53, SL=15, tickSize=0.25
[2025-09-27 07:19:52.748] LOG - 12:19:52.747Z Trade control updates complete: [object Object]
[2025-09-27 07:19:52.749] LOG - 12:19:52.747Z Trade control updates complete:
[2025-09-27 07:19:52.886] LOG - 12:19:52.884Z Trade control updates complete: [object Object]
[2025-09-27 07:19:52.886] LOG - 12:19:52.884Z Trade control updates complete:
[2025-09-27 07:19:53.041] LOG - 12:19:53.040Z normalizeSymbol called with: "NQ"
[2025-09-27 07:19:53.042] LOG - 12:19:53.040Z normalizeSymbol called with: "NQ"
[2025-09-27 07:19:53.043] LOG - 12:19:53.040Z Is root symbol: true
[2025-09-27 07:19:53.044] LOG - 12:19:53.040Z Is root symbol: true
[2025-09-27 07:19:53.045] LOG - 12:19:53.040Z getFrontQuarter called for root: "NQ"
[2025-09-27 07:19:53.046] LOG - 12:19:53.040Z getFrontQuarter called for root: "NQ"
[2025-09-27 07:19:53.046] LOG - 12:19:53.040Z getQuarterlyCode called with date: 2025-09-27T12:19:53.040Z
[2025-09-27 07:19:53.048] LOG - 12:19:53.040Z getQuarterlyCode called with date: 2025-09-27T12:19:53.040Z
[2025-09-27 07:19:53.048] LOG - 12:19:53.040Z Current month index: 8
[2025-09-27 07:19:53.050] LOG - 12:19:53.040Z Current month index: 8
[2025-09-27 07:19:53.050] LOG - 12:19:53.040Z Starting calculation with year=2025, month=8
[2025-09-27 07:19:53.051] LOG - 12:19:53.040Z Starting calculation with year=2025, month=8
[2025-09-27 07:19:53.051] LOG - 12:19:53.041Z Calculated quarterly code: letter=Z, yearDigit=5
[2025-09-27 07:19:53.052] LOG - 12:19:53.041Z Calculated quarterly code: letter=Z, yearDigit=5
[2025-09-27 07:19:53.053] LOG - 12:19:53.041Z Got quarterly code: letter=Z, yearDigit=5
[2025-09-27 07:19:53.054] LOG - 12:19:53.041Z Got quarterly code: letter=Z, yearDigit=5
[2025-09-27 07:19:53.054] LOG - 12:19:53.041Z Returning front quarter symbol: "NQZ5"
[2025-09-27 07:19:53.055] LOG - 12:19:53.041Z Returning front quarter symbol: "NQZ5"
[2025-09-27 07:19:53.056] LOG - 12:19:53.041Z Normalized symbol: "NQZ5"
[2025-09-27 07:19:53.056] LOG - 12:19:53.041Z Normalized symbol: "NQZ5"
[2025-09-27 07:19:53.057] LOG - 12:19:53.041Z updateSymbol called with selector: ".trading-ticket .search-box--input", value: "NQZ5"
[2025-09-27 07:19:53.057] LOG - 12:19:53.041Z updateSymbol called with selector: ".trading-ticket .search-box--input", value: "NQZ5"
[2025-09-27 07:19:53.057] LOG - 12:19:53.041Z Found 1 matching inputs with selector: .trading-ticket .search-box--input
[2025-09-27 07:19:53.057] LOG - 12:19:53.041Z Found 1 matching inputs with selector: .trading-ticket .search-box--input
[2025-09-27 07:19:53.057] LOG - 12:19:53.041Z Selected input: [object HTMLInputElement]
[2025-09-27 07:19:53.057] LOG - 12:19:53.041Z Selected input:
[2025-09-27 07:19:53.058] LOG - 12:19:53.041Z Input location: [object Object]
[2025-09-27 07:19:53.058] LOG - 12:19:53.041Z Input location:
[2025-09-27 07:19:53.058] LOG - 12:19:53.041Z Clearing input field
[2025-09-27 07:19:53.058] LOG - 12:19:53.041Z Clearing input field
[2025-09-27 07:19:53.058] LOG - 12:19:53.043Z Delaying for 400ms
[2025-09-27 07:19:53.058] LOG - 12:19:53.043Z Delaying for 400ms
[2025-09-27 07:19:53.140] LOG - 12:19:53.139Z Trade control updates complete: [object Object]
[2025-09-27 07:19:53.141] LOG - 12:19:53.139Z Trade control updates complete:
[2025-09-27 07:19:53.444] LOG - 12:19:53.444Z Setting input value to: "NQZ5"
[2025-09-27 07:19:53.445] LOG - 12:19:53.444Z Setting input value to: "NQZ5"
[2025-09-27 07:19:53.446] LOG - 12:19:53.445Z Delaying for 900ms
[2025-09-27 07:19:53.446] LOG - 12:19:53.445Z Delaying for 900ms
[2025-09-27 07:19:54.346] LOG - 12:19:54.345Z Simulating Enter key press
[2025-09-27 07:19:54.347] LOG - 12:19:54.345Z Simulating Enter key press
[2025-09-27 07:19:54.359] LOG - 12:19:54.358Z Symbol update complete
[2025-09-27 07:19:54.360] LOG - 12:19:54.358Z Symbol update complete
[2025-09-27 07:20:20.501] LOG - 12:20:20.500Z WebGL:  {"geometries":72,"textures":1} 6 , devicePixelRatio:  2
[2025-09-27 07:21:28.833] LOG - 12:21:28.832Z Auto Risk Management: Running initial risk assessment...
[2025-09-27 07:21:28.834] LOG - 12:21:28.832Z Auto Risk Management: Running initial risk assessment...
[2025-09-27 07:21:28.835] LOG - 12:21:28.832Z [analyzePhase] resetting phaseData
[2025-09-27 07:21:28.836] LOG - 12:21:28.832Z [analyzePhase] resetting phaseData
[2025-09-27 07:21:28.837] LOG - 12:21:28.833Z [analyzePhase] set phase 1 maxActive to 1
[2025-09-27 07:21:28.838] LOG - 12:21:28.833Z [analyzePhase] set phase 1 maxActive to 1
[2025-09-27 07:21:28.838] LOG - 12:21:28.833Z [analyzePhase] increased phase 2 maxActive to 1
[2025-09-27 07:21:28.839] LOG - 12:21:28.833Z [analyzePhase] increased phase 2 maxActive to 1
[2025-09-27 07:21:28.840] LOG - 12:21:28.833Z [updateUserColumnPhaseStatus] Starting...
[2025-09-27 07:21:28.842] LOG - 12:21:28.833Z [updateUserColumnPhaseStatus] Starting...
[2025-09-27 07:21:28.842] LOG - 12:21:28.833Z [updateUserColumnPhaseStatus] Found 1 rows
[2025-09-27 07:21:28.842] LOG - 12:21:28.833Z [updateUserColumnPhaseStatus] Found 1 rows
[2025-09-27 07:21:28.843] LOG - 12:21:28.833Z [updateUserColumnPhaseStatus] Header cells: Account ▲,Total Available Margin,User,Dist Drawdown Net Liq,Dollar Open P L,Dollar Total P L
[2025-09-27 07:21:28.843] LOG - 12:21:28.833Z [updateUserColumnPhaseStatus] Header cells:
[2025-09-27 07:21:28.843] LOG - 12:21:28.833Z [updateUserColumnPhaseStatus] Found User column at index 2
[2025-09-27 07:21:28.843] LOG - 12:21:28.833Z [updateUserColumnPhaseStatus] Found User column at index 2
[2025-09-27 07:21:28.843] LOG - 12:21:28.833Z [updateUserColumnPhaseStatus] Getting table data...
[2025-09-27 07:21:28.843] LOG - 12:21:28.833Z [updateUserColumnPhaseStatus] Getting table data...
[2025-09-27 07:21:28.844] LOG - 12:21:28.833Z [analyzePhase] resetting phaseData
[2025-09-27 07:21:28.844] LOG - 12:21:28.833Z [analyzePhase] resetting phaseData
[2025-09-27 07:21:28.844] LOG - 12:21:28.833Z [analyzePhase] set phase 1 maxActive to 1
[2025-09-27 07:21:28.844] LOG - 12:21:28.833Z [analyzePhase] set phase 1 maxActive to 1
[2025-09-27 07:21:28.844] LOG - 12:21:28.833Z [analyzePhase] increased phase 2 maxActive to 1
[2025-09-27 07:21:28.845] LOG - 12:21:28.833Z [analyzePhase] increased phase 2 maxActive to 1
[2025-09-27 07:21:28.845] LOG - 12:21:28.834Z [updateUserColumnPhaseStatus] Table data: 0 rows
[2025-09-27 07:21:28.845] LOG - 12:21:28.834Z [updateUserColumnPhaseStatus] Table data: 0 rows
[2025-09-27 07:21:28.845] ERROR - 12:21:28.834Z [updateUserColumnPhaseStatus] No data from getTableData()
[2025-09-27 07:21:28.845] ERROR - 12:21:28.834Z [updateUserColumnPhaseStatus] No data from getTableData()
[2025-09-27 07:21:28.845] LOG - 12:21:28.838Z Auto Risk Management: Initial risk assessment completed
[2025-09-27 07:21:28.846] LOG - 12:21:28.838Z Auto Risk Management: Initial risk assessment completed
[2025-09-27 07:21:29.843] LOG - 12:21:29.841Z [analyzePhase] resetting phaseData
[2025-09-27 07:21:29.844] LOG - 12:21:29.841Z [analyzePhase] resetting phaseData
[2025-09-27 07:21:29.846] LOG - 12:21:29.841Z [analyzePhase] set phase 1 maxActive to 1
[2025-09-27 07:21:29.848] LOG - 12:21:29.841Z [analyzePhase] set phase 1 maxActive to 1
[2025-09-27 07:21:29.848] LOG - 12:21:29.841Z [analyzePhase] increased phase 2 maxActive to 1
[2025-09-27 07:21:29.848] LOG - 12:21:29.841Z [analyzePhase] increased phase 2 maxActive to 1
[2025-09-27 07:21:29.848] LOG - 12:21:29.844Z Executing initial risk management assessment...
[2025-09-27 07:21:29.848] LOG - 12:21:29.844Z Executing initial risk management assessment...
[2025-09-27 07:21:29.848] ERROR - 12:21:29.844Z getTableData function not found
[2025-09-27 07:21:29.849] ERROR - 12:21:29.844Z getTableData function not found
[2025-09-27 07:21:29.849] ERROR - 12:21:29.844Z updateUserColumnPhaseStatus function not found
[2025-09-27 07:21:29.849] ERROR - 12:21:29.844Z updateUserColumnPhaseStatus function not found
[2025-09-27 07:21:29.849] ERROR - 12:21:29.844Z performAccountActions function not found
[2025-09-27 07:21:29.849] ERROR - 12:21:29.844Z performAccountActions function not found
[2025-09-27 07:21:29.849] LOG - 12:21:29.844Z Risk management assessment completed
[2025-09-27 07:21:29.850] LOG - 12:21:29.844Z Risk management assessment completed
[2025-09-27 07:21:30.881] LOG - 12:21:30.880Z Auto Risk Management: Running initial risk assessment...
[2025-09-27 07:21:30.882] LOG - 12:21:30.880Z Auto Risk Management: Running initial risk assessment...
[2025-09-27 07:21:30.884] LOG - 12:21:30.880Z [analyzePhase] resetting phaseData
[2025-09-27 07:21:30.885] LOG - 12:21:30.880Z [analyzePhase] resetting phaseData
[2025-09-27 07:21:30.886] LOG - 12:21:30.881Z [analyzePhase] set phase 1 maxActive to 1
[2025-09-27 07:21:30.887] LOG - 12:21:30.881Z [analyzePhase] set phase 1 maxActive to 1
[2025-09-27 07:21:30.887] LOG - 12:21:30.881Z [analyzePhase] increased phase 2 maxActive to 1
[2025-09-27 07:21:30.888] LOG - 12:21:30.881Z [analyzePhase] increased phase 2 maxActive to 1
[2025-09-27 07:21:30.889] LOG - 12:21:30.881Z [updateUserColumnPhaseStatus] Starting...
[2025-09-27 07:21:30.889] LOG - 12:21:30.881Z [updateUserColumnPhaseStatus] Starting...
[2025-09-27 07:21:30.890] LOG - 12:21:30.881Z [updateUserColumnPhaseStatus] Found 1 rows
[2025-09-27 07:21:30.890] LOG - 12:21:30.881Z [updateUserColumnPhaseStatus] Found 1 rows
[2025-09-27 07:21:30.890] LOG - 12:21:30.881Z [updateUserColumnPhaseStatus] Header cells: Account ▲,Total Available Margin,User,Dist Drawdown Net Liq,Dollar Open P L,Dollar Total P L
[2025-09-27 07:21:30.891] LOG - 12:21:30.881Z [updateUserColumnPhaseStatus] Header cells:
[2025-09-27 07:21:30.891] LOG - 12:21:30.881Z [updateUserColumnPhaseStatus] Found User column at index 2
[2025-09-27 07:21:30.891] LOG - 12:21:30.881Z [updateUserColumnPhaseStatus] Found User column at index 2
[2025-09-27 07:21:30.891] LOG - 12:21:30.881Z [updateUserColumnPhaseStatus] Getting table data...
[2025-09-27 07:21:30.891] LOG - 12:21:30.881Z [updateUserColumnPhaseStatus] Getting table data...
[2025-09-27 07:21:30.891] LOG - 12:21:30.881Z [analyzePhase] resetting phaseData
[2025-09-27 07:21:30.892] LOG - 12:21:30.881Z [analyzePhase] resetting phaseData
[2025-09-27 07:21:30.892] LOG - 12:21:30.881Z [analyzePhase] set phase 1 maxActive to 1
[2025-09-27 07:21:30.892] LOG - 12:21:30.881Z [analyzePhase] set phase 1 maxActive to 1
[2025-09-27 07:21:30.892] LOG - 12:21:30.881Z [analyzePhase] increased phase 2 maxActive to 1
[2025-09-27 07:21:30.892] LOG - 12:21:30.881Z [analyzePhase] increased phase 2 maxActive to 1
[2025-09-27 07:21:30.892] LOG - 12:21:30.881Z [updateUserColumnPhaseStatus] Table data: 0 rows
[2025-09-27 07:21:30.892] LOG - 12:21:30.881Z [updateUserColumnPhaseStatus] Table data: 0 rows
[2025-09-27 07:21:30.893] ERROR - 12:21:30.881Z [updateUserColumnPhaseStatus] No data from getTableData()
[2025-09-27 07:21:30.893] ERROR - 12:21:30.881Z [updateUserColumnPhaseStatus] No data from getTableData()
[2025-09-27 07:21:30.893] LOG - 12:21:30.884Z Auto Risk Management: Initial risk assessment completed
[2025-09-27 07:21:30.893] LOG - 12:21:30.884Z Auto Risk Management: Initial risk assessment completed
[2025-09-27 07:21:31.887] LOG - 12:21:31.886Z [analyzePhase] resetting phaseData
[2025-09-27 07:21:31.887] LOG - 12:21:31.886Z [analyzePhase] resetting phaseData
[2025-09-27 07:21:31.888] LOG - 12:21:31.886Z [analyzePhase] set phase 1 maxActive to 1
[2025-09-27 07:21:31.888] LOG - 12:21:31.886Z [analyzePhase] set phase 1 maxActive to 1
[2025-09-27 07:21:31.888] LOG - 12:21:31.886Z [analyzePhase] increased phase 2 maxActive to 1
[2025-09-27 07:21:31.889] LOG - 12:21:31.886Z [analyzePhase] increased phase 2 maxActive to 1
[2025-09-27 07:21:31.889] LOG - 12:21:31.889Z Executing initial risk management assessment...
[2025-09-27 07:21:31.890] LOG - 12:21:31.889Z Executing initial risk management assessment...
[2025-09-27 07:21:31.891] ERROR - 12:21:31.889Z getTableData function not found
[2025-09-27 07:21:31.892] ERROR - 12:21:31.889Z getTableData function not found
[2025-09-27 07:21:31.892] ERROR - 12:21:31.889Z updateUserColumnPhaseStatus function not found
[2025-09-27 07:21:31.892] ERROR - 12:21:31.889Z updateUserColumnPhaseStatus function not found
[2025-09-27 07:21:31.892] ERROR - 12:21:31.889Z performAccountActions function not found
[2025-09-27 07:21:31.892] ERROR - 12:21:31.889Z performAccountActions function not found
[2025-09-27 07:21:31.893] LOG - 12:21:31.889Z Risk management assessment completed
[2025-09-27 07:21:31.893] LOG - 12:21:31.889Z Risk management assessment completed
[2025-09-27 07:22:20.501] LOG - 12:22:20.499Z WebGL:  {"geometries":72,"textures":1} 6 , devicePixelRatio:  2
[2025-09-27 07:24:20.499] LOG - 12:24:20.497Z WebGL:  {"geometries":72,"textures":1} 6 , devicePixelRatio:  2
[2025-09-27 07:24:22.720] LOG - 12:24:22.719Z autoTrade called with: symbol=NQ, qty=1, action=Sell, TP=100, SL=40, tickSize=0.25
[2025-09-27 07:24:22.721] LOG - 12:24:22.719Z autoTrade called with: symbol=NQ, qty=1, action=Sell, TP=100, SL=40, tickSize=0.25
[2025-09-27 07:24:33.839] LOG - 12:24:33.839Z Auto Risk Management: Running initial risk assessment...
[2025-09-27 07:24:33.841] LOG - 12:24:33.839Z Auto Risk Management: Running initial risk assessment...
[2025-09-27 07:24:33.841] LOG - 12:24:33.839Z [analyzePhase] resetting phaseData
[2025-09-27 07:24:33.843] LOG - 12:24:33.839Z [analyzePhase] resetting phaseData
[2025-09-27 07:24:33.843] LOG - 12:24:33.839Z [analyzePhase] set phase 1 maxActive to 1
[2025-09-27 07:24:33.845] LOG - 12:24:33.839Z [analyzePhase] set phase 1 maxActive to 1
[2025-09-27 07:24:33.845] LOG - 12:24:33.839Z [analyzePhase] increased phase 2 maxActive to 1
[2025-09-27 07:24:33.846] LOG - 12:24:33.839Z [analyzePhase] increased phase 2 maxActive to 1
[2025-09-27 07:24:33.847] LOG - 12:24:33.839Z [updateUserColumnPhaseStatus] Starting...
[2025-09-27 07:24:33.848] LOG - 12:24:33.839Z [updateUserColumnPhaseStatus] Starting...
[2025-09-27 07:24:33.848] LOG - 12:24:33.839Z [updateUserColumnPhaseStatus] Found 1 rows
[2025-09-27 07:24:33.849] LOG - 12:24:33.839Z [updateUserColumnPhaseStatus] Found 1 rows
[2025-09-27 07:24:33.850] LOG - 12:24:33.839Z [updateUserColumnPhaseStatus] Header cells: Account ▲,Total Available Margin,User,Dist Drawdown Net Liq,Dollar Open P L,Dollar Total P L
[2025-09-27 07:24:33.850] LOG - 12:24:33.839Z [updateUserColumnPhaseStatus] Header cells:
[2025-09-27 07:24:33.850] LOG - 12:24:33.840Z [updateUserColumnPhaseStatus] Found User column at index 2
[2025-09-27 07:24:33.850] LOG - 12:24:33.840Z [updateUserColumnPhaseStatus] Found User column at index 2
[2025-09-27 07:24:33.850] LOG - 12:24:33.840Z [updateUserColumnPhaseStatus] Getting table data...
[2025-09-27 07:24:33.850] LOG - 12:24:33.840Z [updateUserColumnPhaseStatus] Getting table data...
[2025-09-27 07:24:33.851] LOG - 12:24:33.840Z [analyzePhase] resetting phaseData
[2025-09-27 07:24:33.851] LOG - 12:24:33.840Z [analyzePhase] resetting phaseData
[2025-09-27 07:24:33.851] LOG - 12:24:33.840Z [analyzePhase] set phase 1 maxActive to 1
[2025-09-27 07:24:33.851] LOG - 12:24:33.840Z [analyzePhase] set phase 1 maxActive to 1
[2025-09-27 07:24:33.851] LOG - 12:24:33.840Z [analyzePhase] increased phase 2 maxActive to 1
[2025-09-27 07:24:33.851] LOG - 12:24:33.840Z [analyzePhase] increased phase 2 maxActive to 1
[2025-09-27 07:24:33.852] LOG - 12:24:33.840Z [updateUserColumnPhaseStatus] Table data: 0 rows
[2025-09-27 07:24:33.852] LOG - 12:24:33.840Z [updateUserColumnPhaseStatus] Table data: 0 rows
[2025-09-27 07:24:33.852] ERROR - 12:24:33.840Z [updateUserColumnPhaseStatus] No data from getTableData()
[2025-09-27 07:24:33.852] ERROR - 12:24:33.840Z [updateUserColumnPhaseStatus] No data from getTableData()
[2025-09-27 07:24:33.852] LOG - 12:24:33.843Z Auto Risk Management: Initial risk assessment completed
[2025-09-27 07:24:33.852] LOG - 12:24:33.843Z Auto Risk Management: Initial risk assessment completed
[2025-09-27 07:24:34.848] LOG - 12:24:34.846Z [analyzePhase] resetting phaseData
[2025-09-27 07:24:34.851] LOG - 12:24:34.846Z [analyzePhase] resetting phaseData
[2025-09-27 07:24:34.852] LOG - 12:24:34.846Z [analyzePhase] set phase 1 maxActive to 1
[2025-09-27 07:24:34.852] LOG - 12:24:34.846Z [analyzePhase] set phase 1 maxActive to 1
[2025-09-27 07:24:34.852] LOG - 12:24:34.846Z [analyzePhase] increased phase 2 maxActive to 1
[2025-09-27 07:24:34.852] LOG - 12:24:34.846Z [analyzePhase] increased phase 2 maxActive to 1
[2025-09-27 07:24:34.852] LOG - 12:24:34.847Z Executing initial risk management assessment...
[2025-09-27 07:24:34.853] LOG - 12:24:34.847Z Executing initial risk management assessment...
[2025-09-27 07:24:34.853] ERROR - 12:24:34.848Z getTableData function not found
[2025-09-27 07:24:34.853] ERROR - 12:24:34.848Z getTableData function not found
[2025-09-27 07:24:34.853] ERROR - 12:24:34.848Z updateUserColumnPhaseStatus function not found
[2025-09-27 07:24:34.853] ERROR - 12:24:34.848Z updateUserColumnPhaseStatus function not found
[2025-09-27 07:24:34.853] ERROR - 12:24:34.848Z performAccountActions function not found
[2025-09-27 07:24:34.854] ERROR - 12:24:34.848Z performAccountActions function not found
[2025-09-27 07:24:34.854] LOG - 12:24:34.848Z Risk management assessment completed
[2025-09-27 07:24:34.854] LOG - 12:24:34.848Z Risk management assessment completed
[2025-09-27 07:24:35.886] LOG - 12:24:35.885Z Auto Risk Management: Running initial risk assessment...
[2025-09-27 07:24:35.887] LOG - 12:24:35.885Z Auto Risk Management: Running initial risk assessment...
[2025-09-27 07:24:35.888] LOG - 12:24:35.885Z [analyzePhase] resetting phaseData
[2025-09-27 07:24:35.889] LOG - 12:24:35.885Z [analyzePhase] resetting phaseData
[2025-09-27 07:24:35.890] LOG - 12:24:35.885Z [analyzePhase] set phase 1 maxActive to 1
[2025-09-27 07:24:35.891] LOG - 12:24:35.885Z [analyzePhase] set phase 1 maxActive to 1
[2025-09-27 07:24:35.891] LOG - 12:24:35.885Z [analyzePhase] increased phase 2 maxActive to 1
[2025-09-27 07:24:35.892] LOG - 12:24:35.885Z [analyzePhase] increased phase 2 maxActive to 1
[2025-09-27 07:24:35.893] LOG - 12:24:35.885Z [updateUserColumnPhaseStatus] Starting...
[2025-09-27 07:24:35.894] LOG - 12:24:35.885Z [updateUserColumnPhaseStatus] Starting...
[2025-09-27 07:24:35.895] LOG - 12:24:35.885Z [updateUserColumnPhaseStatus] Found 1 rows
[2025-09-27 07:24:35.896] LOG - 12:24:35.885Z [updateUserColumnPhaseStatus] Found 1 rows
[2025-09-27 07:24:35.897] LOG - 12:24:35.886Z [updateUserColumnPhaseStatus] Header cells: Account ▲,Total Available Margin,User,Dist Drawdown Net Liq,Dollar Open P L,Dollar Total P L
[2025-09-27 07:24:35.898] LOG - 12:24:35.886Z [updateUserColumnPhaseStatus] Header cells:
[2025-09-27 07:24:35.898] LOG - 12:24:35.886Z [updateUserColumnPhaseStatus] Found User column at index 2
[2025-09-27 07:24:35.899] LOG - 12:24:35.886Z [updateUserColumnPhaseStatus] Found User column at index 2
[2025-09-27 07:24:35.899] LOG - 12:24:35.886Z [updateUserColumnPhaseStatus] Getting table data...
[2025-09-27 07:24:35.899] LOG - 12:24:35.886Z [updateUserColumnPhaseStatus] Getting table data...
[2025-09-27 07:24:35.899] LOG - 12:24:35.886Z [analyzePhase] resetting phaseData
[2025-09-27 07:24:35.899] LOG - 12:24:35.886Z [analyzePhase] resetting phaseData
[2025-09-27 07:24:35.899] LOG - 12:24:35.886Z [analyzePhase] set phase 1 maxActive to 1
[2025-09-27 07:24:35.900] LOG - 12:24:35.886Z [analyzePhase] set phase 1 maxActive to 1
[2025-09-27 07:24:35.900] LOG - 12:24:35.886Z [analyzePhase] increased phase 2 maxActive to 1
[2025-09-27 07:24:35.900] LOG - 12:24:35.886Z [analyzePhase] increased phase 2 maxActive to 1
[2025-09-27 07:24:35.900] LOG - 12:24:35.886Z [updateUserColumnPhaseStatus] Table data: 0 rows
[2025-09-27 07:24:35.900] LOG - 12:24:35.886Z [updateUserColumnPhaseStatus] Table data: 0 rows
[2025-09-27 07:24:35.900] ERROR - 12:24:35.886Z [updateUserColumnPhaseStatus] No data from getTableData()
[2025-09-27 07:24:35.901] ERROR - 12:24:35.886Z [updateUserColumnPhaseStatus] No data from getTableData()
[2025-09-27 07:24:35.901] LOG - 12:24:35.889Z Auto Risk Management: Initial risk assessment completed
[2025-09-27 07:24:35.901] LOG - 12:24:35.889Z Auto Risk Management: Initial risk assessment completed
[2025-09-27 07:24:36.892] LOG - 12:24:36.890Z [analyzePhase] resetting phaseData
[2025-09-27 07:24:36.892] LOG - 12:24:36.890Z [analyzePhase] resetting phaseData
[2025-09-27 07:24:36.892] LOG - 12:24:36.890Z [analyzePhase] set phase 1 maxActive to 1
[2025-09-27 07:24:36.893] LOG - 12:24:36.890Z [analyzePhase] set phase 1 maxActive to 1
[2025-09-27 07:24:36.893] LOG - 12:24:36.890Z [analyzePhase] increased phase 2 maxActive to 1
[2025-09-27 07:24:36.893] LOG - 12:24:36.890Z [analyzePhase] increased phase 2 maxActive to 1
[2025-09-27 07:24:36.896] LOG - 12:24:36.894Z Executing initial risk management assessment...
[2025-09-27 07:24:36.896] LOG - 12:24:36.894Z Executing initial risk management assessment...
[2025-09-27 07:24:36.897] ERROR - 12:24:36.894Z getTableData function not found
[2025-09-27 07:24:36.897] ERROR - 12:24:36.894Z getTableData function not found
[2025-09-27 07:24:36.897] ERROR - 12:24:36.895Z updateUserColumnPhaseStatus function not found
[2025-09-27 07:24:36.897] ERROR - 12:24:36.895Z updateUserColumnPhaseStatus function not found
[2025-09-27 07:24:36.897] ERROR - 12:24:36.895Z performAccountActions function not found
[2025-09-27 07:24:36.898] ERROR - 12:24:36.895Z performAccountActions function not found
[2025-09-27 07:24:36.898] LOG - 12:24:36.895Z Risk management assessment completed
[2025-09-27 07:24:36.898] LOG - 12:24:36.895Z Risk management assessment completed
[2025-09-27 07:24:43.044] LOG - 12:24:43.043Z autoTrade called with: symbol=NQ, qty=1, action=Sell, TP=100, SL=40, tickSize=0.25
[2025-09-27 07:24:43.045] LOG - 12:24:43.043Z autoTrade called with: symbol=NQ, qty=1, action=Sell, TP=100, SL=40, tickSize=0.25
[2025-09-27 07:24:46.472] LOG - 12:24:46.470Z autoTrade called with: symbol=NQ, qty=1, action=Sell, TP=100, SL=40, tickSize=0.25
[2025-09-27 07:24:46.473] LOG - 12:24:46.470Z autoTrade called with: symbol=NQ, qty=1, action=Sell, TP=100, SL=40, tickSize=0.25
[2025-09-27 07:24:49.461] INFO - 12:24:49.459Z visibilitychange: hidden, gd: 1000
[2025-09-27 07:24:49.461] INFO - 12:24:49.459Z visibilitychange: hidden, gd: 1000
