[2025-09-24 09:06:15.937] LOG - 14:06:15.935Z Starting login process for: stonkz92224@gmail.com
[2025-09-24 09:06:15.938] LOG - 14:06:15.935Z Starting login process for: stonkz92224@gmail.com
[2025-09-24 09:06:15.939] LOG - 14:06:15.935Z Auto login function executing for: stonkz92224@gmail.com
[2025-09-24 09:06:15.939] LOG - 14:06:15.935Z Auto login function executing for: stonkz92224@gmail.com
[2025-09-24 09:06:15.939] LOG - 14:06:15.936Z Login form found, filling credentials...
[2025-09-24 09:06:15.939] LOG - 14:06:15.936Z Login form found, filling credentials...
[2025-09-24 09:06:15.963] LOG - 14:06:15.961Z Test element added to DOM
[2025-09-24 09:06:15.965] LOG - 14:06:15.961Z Test element added to DOM
[2025-09-24 09:06:16.086] LOG - 14:06:15.991Z All browser alerts and confirmations have been disabled
[2025-09-24 09:06:16.088] LOG - 14:06:15.991Z All browser alerts and confirmations have been disabled
[2025-09-24 09:06:16.545] LOG - 14:06:16.544Z Clicking login button...
[2025-09-24 09:06:16.545] LOG - 14:06:16.544Z Clicking login button...
[2025-09-24 09:06:16.558] LOG - 14:06:16.555Z authentication starting
[2025-09-24 09:06:16.558] LOG - 14:06:16.555Z authentication starting
[2025-09-24 09:06:16.967] warning - The AudioContext was not allowed to start. It must be resumed (or created) after a user gesture on the page. https://developer.chrome.com/blog/autoplay/#web_audio
[2025-09-24 09:06:16.969] LOG - 14:06:16.948Z Watching for account selection page...
[2025-09-24 09:06:16.971] LOG - 14:06:16.948Z Watching for account selection page...
[2025-09-24 09:06:17.283] LOG - 14:06:17.281Z Access token will be renewed in 75 minutes; expired: Wed Sep 24 2025 10:26:17 GMT-0500 (Central Daylight Time), now: Wed Sep 24 2025 09:06:17 GMT-0500 (Central Daylight Time)
[2025-09-24 09:06:17.285] LOG - 14:06:17.281Z Access token will be renewed in 75 minutes; expired: Wed Sep 24 2025 10:26:17 GMT-0500 (Central Daylight Time), now: Wed Sep 24 2025 09:06:17 GMT-0500 (Central Daylight Time)
[2025-09-24 09:06:17.550] INFO - 14:06:17.547Z [LaunchDarkly] Closing stream connection
[2025-09-24 09:06:17.552] INFO - 14:06:17.547Z [LaunchDarkly] Closing stream connection
[2025-09-24 09:06:17.553] INFO - 14:06:17.548Z [LaunchDarkly] Opening stream connection to https://clientstream.launchdarkly.com/eval/66cdf5b9cf61891061b4e437/eyJraW5kIjoidXNlciIsImtleSI6IjM2NTUwNTkiLCJkZXZpY2UiOiJkZXNrdG9wIiwidXNlcklkIjozNjU1MDU5LCJpcENvdW50cnkiOiJVUyIsIm9yZ05hbWUiOiJURFYiLCJuYW1lIjoiU3Rvbmt6OTIyMjQiLCJsYW5kaW5nUGFyYW1zIjoiIn0
[2025-09-24 09:06:17.553] INFO - 14:06:17.548Z [LaunchDarkly] Opening stream connection to https://clientstream.launchdarkly.com/eval/66cdf5b9cf61891061b4e437/eyJraW5kIjoidXNlciIsImtleSI6IjM2NTUwNTkiLCJkZXZpY2UiOiJkZXNrdG9wIiwidXNlcklkIjozNjU1MDU5LCJpcENvdW50cnkiOiJVUyIsIm9yZ05hbWUiOiJURFYiLCJuYW1lIjoiU3Rvbmt6OTIyMjQiLCJsYW5kaW5nUGFyYW1zIjoiIn0
[2025-09-24 09:06:17.669] INFO - 14:06:17.668Z [LaunchDarkly] Closing stream connection
[2025-09-24 09:06:17.671] INFO - 14:06:17.668Z [LaunchDarkly] Closing stream connection
[2025-09-24 09:06:17.671] INFO - 14:06:17.668Z [LaunchDarkly] Opening stream connection to https://clientstream.launchdarkly.com/eval/66cdf5b9cf61891061b4e437/eyJraW5kIjoidXNlciIsImtleSI6IjM2NTUwNTkiLCJkZXZpY2UiOiJkZXNrdG9wIiwidXNlcklkIjozNjU1MDU5LCJpcENvdW50cnkiOiJVUyIsIm9yZ05hbWUiOiJURFYiLCJuYW1lIjoiU3Rvbmt6OTIyMjQiLCJsYW5kaW5nUGFyYW1zIjoiIn0
[2025-09-24 09:06:17.671] INFO - 14:06:17.668Z [LaunchDarkly] Opening stream connection to https://clientstream.launchdarkly.com/eval/66cdf5b9cf61891061b4e437/eyJraW5kIjoidXNlciIsImtleSI6IjM2NTUwNTkiLCJkZXZpY2UiOiJkZXNrdG9wIiwidXNlcklkIjozNjU1MDU5LCJpcENvdW50cnkiOiJVUyIsIm9yZ05hbWUiOiJURFYiLCJuYW1lIjoiU3Rvbmt6OTIyMjQiLCJsYW5kaW5nUGFyYW1zIjoiIn0
[2025-09-24 09:06:18.662] INFO - 14:06:18.659Z [LaunchDarkly] Closing stream connection
[2025-09-24 09:06:18.663] INFO - 14:06:18.659Z [LaunchDarkly] Closing stream connection
[2025-09-24 09:06:18.663] INFO - 14:06:18.659Z [LaunchDarkly] Opening stream connection to https://clientstream.launchdarkly.com/eval/66cdf5b9cf61891061b4e437/eyJraW5kIjoidXNlciIsImtleSI6IjM2NTUwNTkiLCJkZXZpY2UiOiJkZXNrdG9wIiwidXNlcklkIjozNjU1MDU5LCJpcENvdW50cnkiOiJVUyIsIm9yZ05hbWUiOiJURFYiLCJuYW1lIjoiU3Rvbmt6OTIyMjQiLCJsYW5kaW5nUGFyYW1zIjoiIn0
[2025-09-24 09:06:18.664] INFO - 14:06:18.659Z [LaunchDarkly] Opening stream connection to https://clientstream.launchdarkly.com/eval/66cdf5b9cf61891061b4e437/eyJraW5kIjoidXNlciIsImtleSI6IjM2NTUwNTkiLCJkZXZpY2UiOiJkZXNrdG9wIiwidXNlcklkIjozNjU1MDU5LCJpcENvdW50cnkiOiJVUyIsIm9yZ05hbWUiOiJURFYiLCJuYW1lIjoiU3Rvbmt6OTIyMjQiLCJsYW5kaW5nUGFyYW1zIjoiIn0
[2025-09-24 09:06:19.520] LOG - 14:06:19.519Z Account selection page detected, clicking button...
[2025-09-24 09:06:19.521] LOG - 14:06:19.519Z Account selection page detected, clicking button...
[2025-09-24 09:06:19.672] LOG - 14:06:19.642Z Access token will be renewed in 75 minutes; expired: Wed Sep 24 2025 10:26:17 GMT-0500 (Central Daylight Time), now: Wed Sep 24 2025 09:06:19 GMT-0500 (Central Daylight Time)
[2025-09-24 09:06:19.672] LOG - 14:06:19.642Z Access token will be renewed in 75 minutes; expired: Wed Sep 24 2025 10:26:17 GMT-0500 (Central Daylight Time), now: Wed Sep 24 2025 09:06:19 GMT-0500 (Central Daylight Time)
[2025-09-24 09:06:20.026] error - Refused to connect to 'https://bat.bing.com/actionp/0?ti=26330043&Ver=2&mid=7136c9c7-908e-430b-9a21-0206ea11b049&bo=2&sid=a82ace0097af11f0b51d4179c6f235dd&vid=99c3288092fe11f0bc7275adc39e6add&vids=0&msclkid=N&evt=pageHide' because it violates the following Content Security Policy directive: "connect-src wss://*.tradovate.com https://*.tradovate.com https://*.ntinnolab.com https://*.devel.ninjatrader.dev https://*.staging.ninjatrader.dev https://*.uat.ninjatrader.dev wss://*.ntinnolab.com wss://*.devel.ninjatrader.dev wss://*.staging.ninjatrader.dev wss://*.uat.ninjatrader.dev wss://*.tradovateapi.com https://*.tradovateapi.com https://*.ninjatrader.com https://cdn.walkme.com https://ec.walkme.com https://sessions.bugsnag.com https://notify.bugsnag.com https://*.plaid.com https://*.yodlee.com https://tradovate.zendesk.com https://rollout.ada.support https://static.ada.support https://ninjatrader.ada.support https://tradovate.ada.support https://ninjatrader-eap.ada.support/ https://demo-ninjatrader-gr.ada.support/ https://tradovate-gen.ada.support/ https://api.stripe.com https://apiproxy.ninjatrader.com https://apiproxy-d.ninjatrader.com https://us-autocomplete-pro.api.smartystreets.com https://international-autocomplete.api.smarty.com https://maps.googleapis.com https://accounts.google.com/ https://www.google.com https://www.googletagmanager.com/ https://*.browser-intake-datadoghq.com https://scripts.neuro-id.com https://receiver.neuroid.cloud https://logs.neuro-id.com https://firebaseinstallations.googleapis.com/ https://firebaseremoteconfig.googleapis.com/ https://logx.optimizely.com https://*.optimizely.com wss://mpsnare.iesnare.com wss://ci-mpsnare.iovation.com https://*.iovation.com/ https://*.reddit.com  https://www.redditstatic.com https://*.taboola.com https://*.launchdarkly.com https://*.alloy.co https://*.maze.co https://www.google-analytics.com https://analytics.google.com https://www.googletagmanager.com/ https://api.hubapi.com https://forms.hubspot.com https://stats.g.doubleclick.net https://alb.reddit.com https://analytics.twitter.com https://heapanalytics.com https://*.auryc.com https://*.contentsquare.net https://siteintercept.qualtrics.com https://api.userway.org/".

[2025-09-24 09:06:20.035] WARNING - 14:06:19.959Z [LaunchDarkly] Error on stream connection: {"isTrusted":true}, will continue retrying after 727 milliseconds.
[2025-09-24 09:06:20.039] WARNING - 14:06:19.959Z [LaunchDarkly] Error on stream connection: {"isTrusted":true}, will continue retrying after 727 milliseconds.
[2025-09-24 09:06:20.040] INFO - 14:06:19.960Z [LaunchDarkly] Closing stream connection
[2025-09-24 09:06:20.040] INFO - 14:06:19.960Z [LaunchDarkly] Closing stream connection
[2025-09-24 09:06:20.261] WARNING - Duplicate atom key "locale". This is a FATAL ERROR in
      production. But it is safe to ignore this warning if it occurred because of
      hot module replacement.
[2025-09-24 09:06:20.262] WARNING - Duplicate atom key "locale". This is a FATAL ERROR in
      production. But it is safe to ignore this warning if it occurred because of
      hot module replacement.
[2025-09-24 09:06:20.264] WARNING - Duplicate atom key "muiTheme". This is a FATAL ERROR in
      production. But it is safe to ignore this warning if it occurred because of
      hot module replacement.
[2025-09-24 09:06:20.266] WARNING - Duplicate atom key "muiTheme". This is a FATAL ERROR in
      production. But it is safe to ignore this warning if it occurred because of
      hot module replacement.
[2025-09-24 09:06:20.266] WARNING - Duplicate atom key "appLinksFooter". This is a FATAL ERROR in
      production. But it is safe to ignore this warning if it occurred because of
      hot module replacement.
[2025-09-24 09:06:20.269] WARNING - Duplicate atom key "appLinksFooter". This is a FATAL ERROR in
      production. But it is safe to ignore this warning if it occurred because of
      hot module replacement.
[2025-09-24 09:06:20.269] WARNING - Duplicate atom key "currentUserId2". This is a FATAL ERROR in
      production. But it is safe to ignore this warning if it occurred because of
      hot module replacement.
[2025-09-24 09:06:20.270] WARNING - Duplicate atom key "currentUserId2". This is a FATAL ERROR in
      production. But it is safe to ignore this warning if it occurred because of
      hot module replacement.
[2025-09-24 09:06:20.271] WARNING - Duplicate atom key "onboardingInProgress". This is a FATAL ERROR in
      production. But it is safe to ignore this warning if it occurred because of
      hot module replacement.
[2025-09-24 09:06:20.272] WARNING - Duplicate atom key "onboardingInProgress". This is a FATAL ERROR in
      production. But it is safe to ignore this warning if it occurred because of
      hot module replacement.
[2025-09-24 09:06:20.272] WARNING - Duplicate atom key "editing". This is a FATAL ERROR in
      production. But it is safe to ignore this warning if it occurred because of
      hot module replacement.
[2025-09-24 09:06:20.274] WARNING - Duplicate atom key "editing". This is a FATAL ERROR in
      production. But it is safe to ignore this warning if it occurred because of
      hot module replacement.
[2025-09-24 09:06:20.276] WARNING - Duplicate atom key "infoMessage". This is a FATAL ERROR in
      production. But it is safe to ignore this warning if it occurred because of
      hot module replacement.
[2025-09-24 09:06:20.277] WARNING - Duplicate atom key "infoMessage". This is a FATAL ERROR in
      production. But it is safe to ignore this warning if it occurred because of
      hot module replacement.
[2025-09-24 09:06:20.278] WARNING - Duplicate atom key "browserWarning". This is a FATAL ERROR in
      production. But it is safe to ignore this warning if it occurred because of
      hot module replacement.
[2025-09-24 09:06:20.279] WARNING - Duplicate atom key "browserWarning". This is a FATAL ERROR in
      production. But it is safe to ignore this warning if it occurred because of
      hot module replacement.
[2025-09-24 09:06:20.279] WARNING - Duplicate atom key "clockWarning". This is a FATAL ERROR in
      production. But it is safe to ignore this warning if it occurred because of
      hot module replacement.
[2025-09-24 09:06:20.281] WARNING - Duplicate atom key "clockWarning". This is a FATAL ERROR in
      production. But it is safe to ignore this warning if it occurred because of
      hot module replacement.
[2025-09-24 09:06:20.282] WARNING - Duplicate atom key "breakpoint". This is a FATAL ERROR in
      production. But it is safe to ignore this warning if it occurred because of
      hot module replacement.
[2025-09-24 09:06:20.283] WARNING - Duplicate atom key "breakpoint". This is a FATAL ERROR in
      production. But it is safe to ignore this warning if it occurred because of
      hot module replacement.
[2025-09-24 09:06:20.284] WARNING - Duplicate atom key "inMobileRange". This is a FATAL ERROR in
      production. But it is safe to ignore this warning if it occurred because of
      hot module replacement.
[2025-09-24 09:06:20.285] WARNING - Duplicate atom key "inMobileRange". This is a FATAL ERROR in
      production. But it is safe to ignore this warning if it occurred because of
      hot module replacement.
[2025-09-24 09:06:20.286] WARNING - Duplicate atom key "gridSpacing". This is a FATAL ERROR in
      production. But it is safe to ignore this warning if it occurred because of
      hot module replacement.
[2025-09-24 09:06:20.287] WARNING - Duplicate atom key "gridSpacing". This is a FATAL ERROR in
      production. But it is safe to ignore this warning if it occurred because of
      hot module replacement.
[2025-09-24 09:06:20.289] WARNING - Duplicate atom key "login". This is a FATAL ERROR in
      production. But it is safe to ignore this warning if it occurred because of
      hot module replacement.
[2025-09-24 09:06:20.290] WARNING - Duplicate atom key "login". This is a FATAL ERROR in
      production. But it is safe to ignore this warning if it occurred because of
      hot module replacement.
[2025-09-24 09:06:20.291] WARNING - Duplicate atom key "error". This is a FATAL ERROR in
      production. But it is safe to ignore this warning if it occurred because of
      hot module replacement.
[2025-09-24 09:06:20.291] WARNING - Duplicate atom key "error". This is a FATAL ERROR in
      production. But it is safe to ignore this warning if it occurred because of
      hot module replacement.
[2025-09-24 09:06:20.291] WARNING - Duplicate atom key "contactInfos2". This is a FATAL ERROR in
      production. But it is safe to ignore this warning if it occurred because of
      hot module replacement.
[2025-09-24 09:06:20.291] WARNING - Duplicate atom key "contactInfos2". This is a FATAL ERROR in
      production. But it is safe to ignore this warning if it occurred because of
      hot module replacement.
[2025-09-24 09:06:20.292] WARNING - Duplicate atom key "individualApplicantsTimestamp". This is a FATAL ERROR in
      production. But it is safe to ignore this warning if it occurred because of
      hot module replacement.
[2025-09-24 09:06:20.292] WARNING - Duplicate atom key "individualApplicantsTimestamp". This is a FATAL ERROR in
      production. But it is safe to ignore this warning if it occurred because of
      hot module replacement.
[2025-09-24 09:06:20.292] WARNING - Duplicate atom key "customerApplication". This is a FATAL ERROR in
      production. But it is safe to ignore this warning if it occurred because of
      hot module replacement.
[2025-09-24 09:06:20.292] WARNING - Duplicate atom key "customerApplication". This is a FATAL ERROR in
      production. But it is safe to ignore this warning if it occurred because of
      hot module replacement.
[2025-09-24 09:06:20.292] WARNING - Duplicate atom key "individualApplicants". This is a FATAL ERROR in
      production. But it is safe to ignore this warning if it occurred because of
      hot module replacement.
[2025-09-24 09:06:20.292] WARNING - Duplicate atom key "individualApplicants". This is a FATAL ERROR in
      production. But it is safe to ignore this warning if it occurred because of
      hot module replacement.
[2025-09-24 09:06:20.292] WARNING - Duplicate atom key "clearingHouses". This is a FATAL ERROR in
      production. But it is safe to ignore this warning if it occurred because of
      hot module replacement.
[2025-09-24 09:06:20.293] WARNING - Duplicate atom key "clearingHouses". This is a FATAL ERROR in
      production. But it is safe to ignore this warning if it occurred because of
      hot module replacement.
[2025-09-24 09:06:20.293] WARNING - Duplicate atom key "clearXClearingHouse". This is a FATAL ERROR in
      production. But it is safe to ignore this warning if it occurred because of
      hot module replacement.
[2025-09-24 09:06:20.293] WARNING - Duplicate atom key "clearXClearingHouse". This is a FATAL ERROR in
      production. But it is safe to ignore this warning if it occurred because of
      hot module replacement.
[2025-09-24 09:06:20.293] WARNING - Duplicate atom key "applicationClearingHouse". This is a FATAL ERROR in
      production. But it is safe to ignore this warning if it occurred because of
      hot module replacement.
[2025-09-24 09:06:20.293] WARNING - Duplicate atom key "applicationClearingHouse". This is a FATAL ERROR in
      production. But it is safe to ignore this warning if it occurred because of
      hot module replacement.
[2025-09-24 09:06:20.293] WARNING - Duplicate atom key "userLocation". This is a FATAL ERROR in
      production. But it is safe to ignore this warning if it occurred because of
      hot module replacement.
[2025-09-24 09:06:20.294] WARNING - Duplicate atom key "userLocation". This is a FATAL ERROR in
      production. But it is safe to ignore this warning if it occurred because of
      hot module replacement.
[2025-09-24 09:06:20.294] WARNING - Duplicate atom key "savedApplicationsTimestamp". This is a FATAL ERROR in
      production. But it is safe to ignore this warning if it occurred because of
      hot module replacement.
[2025-09-24 09:06:20.294] WARNING - Duplicate atom key "savedApplicationsTimestamp". This is a FATAL ERROR in
      production. But it is safe to ignore this warning if it occurred because of
      hot module replacement.
[2025-09-24 09:06:20.295] WARNING - Duplicate atom key "savedApplications". This is a FATAL ERROR in
      production. But it is safe to ignore this warning if it occurred because of
      hot module replacement.
[2025-09-24 09:06:20.295] WARNING - Duplicate atom key "savedApplications". This is a FATAL ERROR in
      production. But it is safe to ignore this warning if it occurred because of
      hot module replacement.
[2025-09-24 09:06:20.295] WARNING - Duplicate atom key "step". This is a FATAL ERROR in
      production. But it is safe to ignore this warning if it occurred because of
      hot module replacement.
[2025-09-24 09:06:20.295] WARNING - Duplicate atom key "step". This is a FATAL ERROR in
      production. But it is safe to ignore this warning if it occurred because of
      hot module replacement.
[2025-09-24 09:06:20.296] WARNING - Duplicate atom key "checkStates". This is a FATAL ERROR in
      production. But it is safe to ignore this warning if it occurred because of
      hot module replacement.
[2025-09-24 09:06:20.296] WARNING - Duplicate atom key "checkStates". This is a FATAL ERROR in
      production. But it is safe to ignore this warning if it occurred because of
      hot module replacement.
[2025-09-24 09:06:20.296] WARNING - Duplicate atom key "signStates". This is a FATAL ERROR in
      production. But it is safe to ignore this warning if it occurred because of
      hot module replacement.
[2025-09-24 09:06:20.296] WARNING - Duplicate atom key "signStates". This is a FATAL ERROR in
      production. But it is safe to ignore this warning if it occurred because of
      hot module replacement.
[2025-09-24 09:06:20.296] WARNING - Duplicate atom key "wizard". This is a FATAL ERROR in
      production. But it is safe to ignore this warning if it occurred because of
      hot module replacement.
[2025-09-24 09:06:20.297] WARNING - Duplicate atom key "wizard". This is a FATAL ERROR in
      production. But it is safe to ignore this warning if it occurred because of
      hot module replacement.
[2025-09-24 09:06:20.297] WARNING - Duplicate atom key "formBuilder". This is a FATAL ERROR in
      production. But it is safe to ignore this warning if it occurred because of
      hot module replacement.
[2025-09-24 09:06:20.297] WARNING - Duplicate atom key "formBuilder". This is a FATAL ERROR in
      production. But it is safe to ignore this warning if it occurred because of
      hot module replacement.
[2025-09-24 09:06:20.297] WARNING - Duplicate atom key "headerSlot". This is a FATAL ERROR in
      production. But it is safe to ignore this warning if it occurred because of
      hot module replacement.
[2025-09-24 09:06:20.297] WARNING - Duplicate atom key "headerSlot". This is a FATAL ERROR in
      production. But it is safe to ignore this warning if it occurred because of
      hot module replacement.
[2025-09-24 09:06:20.298] WARNING - Duplicate atom key "footerSlot". This is a FATAL ERROR in
      production. But it is safe to ignore this warning if it occurred because of
      hot module replacement.
[2025-09-24 09:06:20.298] WARNING - Duplicate atom key "footerSlot". This is a FATAL ERROR in
      production. But it is safe to ignore this warning if it occurred because of
      hot module replacement.
[2025-09-24 09:06:20.298] WARNING - Duplicate atom key "alloyJourneyToken". This is a FATAL ERROR in
      production. But it is safe to ignore this warning if it occurred because of
      hot module replacement.
[2025-09-24 09:06:20.298] WARNING - Duplicate atom key "alloyJourneyToken". This is a FATAL ERROR in
      production. But it is safe to ignore this warning if it occurred because of
      hot module replacement.
[2025-09-24 09:06:20.299] DEBUG - [bugsnag] Loaded!
[2025-09-24 09:06:20.299] DEBUG - [bugsnag] Loaded!
[2025-09-24 09:06:20.299] INFO - Version 3.250919.0 prod production 
[2025-09-24 09:06:20.299] INFO - Version 3.250919.0 prod production 
[2025-09-24 09:06:20.299] INFO - Time: Wed Sep 24 2025 09:06:20 GMT-0500 (Central Daylight Time)
[2025-09-24 09:06:20.299] INFO - Time:
[2025-09-24 09:06:20.335] INFO - 14:06:20.334Z chart cache state: islands=8, bars=3773
[2025-09-24 09:06:20.336] INFO - 14:06:20.334Z chart cache state: islands=8, bars=3773
[2025-09-24 09:06:20.336] INFO - 14:06:20.334Z Chart history database initialized
[2025-09-24 09:06:20.336] INFO - 14:06:20.334Z Chart history database initialized
[2025-09-24 09:06:20.349] LOG - 14:06:20.347Z Try to restore session
[2025-09-24 09:06:20.350] LOG - 14:06:20.347Z Try to restore session
[2025-09-24 09:06:20.350] LOG - 14:06:20.348Z Access token will be renewed in 75 minutes; expired: Wed Sep 24 2025 10:26:17 GMT-0500 (Central Daylight Time), now: Wed Sep 24 2025 09:06:20 GMT-0500 (Central Daylight Time)
[2025-09-24 09:06:20.350] LOG - 14:06:20.348Z Access token will be renewed in 75 minutes; expired: Wed Sep 24 2025 10:26:17 GMT-0500 (Central Daylight Time), now: Wed Sep 24 2025 09:06:20 GMT-0500 (Central Daylight Time)
[2025-09-24 09:06:20.359] WARNING - 14:06:20.357Z [LaunchDarkly] The waitForInitialization function was called without a timeout specified. In a future version a default timeout will be applied.
[2025-09-24 09:06:20.360] WARNING - 14:06:20.357Z [LaunchDarkly] The waitForInitialization function was called without a timeout specified. In a future version a default timeout will be applied.
[2025-09-24 09:06:20.375] INFO - 14:06:20.373Z [LaunchDarkly] LaunchDarkly client initialized
[2025-09-24 09:06:20.377] INFO - 14:06:20.373Z [LaunchDarkly] LaunchDarkly client initialized
[2025-09-24 09:06:20.377] INFO - 14:06:20.374Z [LaunchDarkly] Opening stream connection to https://clientstream.launchdarkly.com/eval/66cdf5b9cf61891061b4e437/eyJraW5kIjoidXNlciIsImtleSI6InVua25vd24iLCJhbm9ueW1vdXMiOmZhbHNlfQ
[2025-09-24 09:06:20.378] INFO - 14:06:20.374Z [LaunchDarkly] Opening stream connection to https://clientstream.launchdarkly.com/eval/66cdf5b9cf61891061b4e437/eyJraW5kIjoidXNlciIsImtleSI6InVua25vd24iLCJhbm9ueW1vdXMiOmZhbHNlfQ
[2025-09-24 09:06:20.612] INFO - 14:06:20.558Z [LaunchDarkly] Closing stream connection
[2025-09-24 09:06:20.615] INFO - 14:06:20.558Z [LaunchDarkly] Closing stream connection
[2025-09-24 09:06:20.617] INFO - 14:06:20.559Z [LaunchDarkly] Opening stream connection to https://clientstream.launchdarkly.com/eval/66cdf5b9cf61891061b4e437/eyJraW5kIjoidXNlciIsImtleSI6IjM2NTUwNTkiLCJkZXZpY2UiOiJkZXNrdG9wIiwidXNlcklkIjozNjU1MDU5LCJpcENvdW50cnkiOiIiLCJvcmdOYW1lIjoiVERWIiwibmFtZSI6IlN0b25rejkyMjI0IiwibGFuZGluZ1BhcmFtcyI6IiJ9
[2025-09-24 09:06:20.618] INFO - 14:06:20.559Z [LaunchDarkly] Opening stream connection to https://clientstream.launchdarkly.com/eval/66cdf5b9cf61891061b4e437/eyJraW5kIjoidXNlciIsImtleSI6IjM2NTUwNTkiLCJkZXZpY2UiOiJkZXNrdG9wIiwidXNlcklkIjozNjU1MDU5LCJpcENvdW50cnkiOiIiLCJvcmdOYW1lIjoiVERWIiwibmFtZSI6IlN0b25rejkyMjI0IiwibGFuZGluZ1BhcmFtcyI6IiJ9
[2025-09-24 09:06:20.620] INFO - 14:06:20.580Z [LaunchDarkly] Closing stream connection
[2025-09-24 09:06:20.620] INFO - 14:06:20.580Z [LaunchDarkly] Closing stream connection
[2025-09-24 09:06:20.620] INFO - 14:06:20.581Z [LaunchDarkly] Opening stream connection to https://clientstream.launchdarkly.com/eval/66cdf5b9cf61891061b4e437/eyJraW5kIjoidXNlciIsImtleSI6IjM2NTUwNTkiLCJkZXZpY2UiOiJkZXNrdG9wIiwidXNlcklkIjozNjU1MDU5LCJpcENvdW50cnkiOiJVUyIsIm9yZ05hbWUiOiJURFYiLCJuYW1lIjoiU3Rvbmt6OTIyMjQiLCJsYW5kaW5nUGFyYW1zIjoiIn0
[2025-09-24 09:06:20.621] INFO - 14:06:20.581Z [LaunchDarkly] Opening stream connection to https://clientstream.launchdarkly.com/eval/66cdf5b9cf61891061b4e437/eyJraW5kIjoidXNlciIsImtleSI6IjM2NTUwNTkiLCJkZXZpY2UiOiJkZXNrdG9wIiwidXNlcklkIjozNjU1MDU5LCJpcENvdW50cnkiOiJVUyIsIm9yZ05hbWUiOiJURFYiLCJuYW1lIjoiU3Rvbmt6OTIyMjQiLCJsYW5kaW5nUGFyYW1zIjoiIn0
[2025-09-24 09:06:21.422] INFO - 14:06:21.381Z visibilitychange: visible, gd: 0
[2025-09-24 09:06:21.422] INFO - 14:06:21.381Z visibilitychange: visible, gd: 0
[2025-09-24 09:06:22.055] LOG - 14:06:22.051Z opening https://demo.tradovateapi.com/
[2025-09-24 09:06:22.056] LOG - 14:06:22.051Z opening https://demo.tradovateapi.com/
[2025-09-24 09:06:22.059] LOG - 14:06:22.059Z Hotkeys initialized {"Shift+Digit1":["orders/selectColumns"],"Shift+Digit2":["orders/showFilters"],"Shift+Digit3":["orders/standardTableView"],"Shift+Digit4":["orders/linkedOrdersView"],"Command+Shift+Digit0":["dom-chart/exit-and-cancel"]}
[2025-09-24 09:06:22.060] LOG - 14:06:22.059Z Hotkeys initialized {"Shift+Digit1":["orders/selectColumns"],"Shift+Digit2":["orders/showFilters"],"Shift+Digit3":["orders/standardTableView"],"Shift+Digit4":["orders/linkedOrdersView"],"Command+Shift+Digit0":["dom-chart/exit-and-cancel"]}
[2025-09-24 09:06:22.127] LOG - 14:06:22.126Z websocket opened
[2025-09-24 09:06:22.127] LOG - 14:06:22.126Z websocket opened
[2025-09-24 09:06:22.215] LOG - 14:06:22.214Z opening https://md-demo.tradovateapi.com/
[2025-09-24 09:06:22.216] LOG - 14:06:22.214Z opening https://md-demo.tradovateapi.com/
[2025-09-24 09:06:22.216] LOG - 14:06:22.215Z Connection:  open
[2025-09-24 09:06:22.217] LOG - 14:06:22.215Z Connection:  open
[2025-09-24 09:06:22.274] LOG - 14:06:22.271Z WebGL:  {"isWebGL2":true,"precision":"highp","logarithmicDepthBuffer":false,"maxTextures":16,"maxVertexTextures":16,"maxTextureSize":16384,"maxCubemapSize":16384,"maxAttributes":16,"maxVertexUniforms":1024,"maxVaryings":30,"maxFragmentUniforms":1024,"vertexTextures":true,"floatFragmentTextures":true,"floatVertexTextures":true,"maxSamples":8} , devicePixelRatio:  2
[2025-09-24 09:06:22.276] LOG - 14:06:22.272Z Canvas size: 1217 998 dpp:  2
[2025-09-24 09:06:22.324] LOG - 14:06:22.286Z Loading App-level Plugins
[2025-09-24 09:06:22.325] LOG - 14:06:22.286Z Loading App-level Plugins
[2025-09-24 09:06:22.325] LOG - 14:06:22.302Z WebGL:  {"isWebGL2":true,"precision":"highp","logarithmicDepthBuffer":false,"maxTextures":16,"maxVertexTextures":16,"maxTextureSize":16384,"maxCubemapSize":16384,"maxAttributes":16,"maxVertexUniforms":1024,"maxVaryings":30,"maxFragmentUniforms":1024,"vertexTextures":true,"floatFragmentTextures":true,"floatVertexTextures":true,"maxSamples":8} , devicePixelRatio:  2
[2025-09-24 09:06:22.327] LOG - 14:06:22.302Z Canvas size: 1217 998 dpp:  2
[2025-09-24 09:06:22.394] LOG - 14:06:22.358Z websocket opened
[2025-09-24 09:06:22.395] LOG - 14:06:22.358Z websocket opened
[2025-09-24 09:06:23.525] LOG - 14:06:23.524Z sync to remote accountGroups
[2025-09-24 09:06:23.525] LOG - 14:06:23.524Z sync to remote accountGroups
[2025-09-24 09:06:23.868] LOG - 14:06:23.867Z updating the shared isolation
[2025-09-24 09:06:23.869] LOG - 14:06:23.867Z updating the shared isolation
[2025-09-24 09:06:23.878] LOG - 14:06:23.875Z loadAppLevelPlugins:  [object Object]
[2025-09-24 09:06:23.879] LOG - 14:06:23.875Z loadAppLevelPlugins: 
[2025-09-24 09:06:24.714] LOG - 14:06:24.692Z created chart 1
[2025-09-24 09:06:25.223] LOG - 14:06:25.222Z updating the shared isolation
[2025-09-24 09:06:25.223] LOG - 14:06:25.222Z updating the shared isolation
[2025-09-24 09:06:25.240] LOG - 14:06:25.236Z requestChart: {"symbol":"3267312","chartDescription":{"underlyingType":"Tick","elementSize":5000,"elementSizeUnit":"UnderlyingUnits","withHistogram":false},"timeRange":{"asMuchAsElements":300}}
[2025-09-24 09:06:25.241] LOG - 14:06:25.236Z requestChart: {"symbol":"3267312","chartDescription":{"underlyingType":"Tick","elementSize":5000,"elementSizeUnit":"UnderlyingUnits","withHistogram":false},"timeRange":{"asMuchAsElements":300}}
[2025-09-24 09:06:25.241] LOG - 14:06:25.236Z mdMgApi open
[2025-09-24 09:06:25.241] LOG - 14:06:25.236Z mdMgApi open
[2025-09-24 09:07:20.380] INFO - 14:07:20.378Z time stats. avg diff: -133, min: -133, max: -133, roundtrip: 22 msec, #1
[2025-09-24 09:07:20.381] INFO - 14:07:20.378Z time stats. avg diff: -133, min: -133, max: -133, roundtrip: 22 msec, #1
[2025-09-24 09:08:16.088] ERROR - 14:08:16.087Z Cannot play sound: alert_message.wav [object DOMException]
[2025-09-24 09:08:16.089] ERROR - 14:08:16.087Z Cannot play sound: alert_message.wav
[2025-09-24 09:08:22.323] LOG - 14:08:22.322Z WebGL:  {"geometries":79,"textures":1} 6 , devicePixelRatio:  2
[2025-09-24 09:09:22.611] INFO - 14:09:22.506Z visibilitychange: hidden, gd: 1000
[2025-09-24 09:09:22.634] INFO - 14:09:22.506Z visibilitychange: hidden, gd: 1000
