[2025-09-24 09:11:27.910] LOG - 14:11:27.908Z Starting login process for: stonkz92224@gmail.com
[2025-09-24 09:11:27.911] LOG - 14:11:27.908Z Starting login process for: stonkz92224@gmail.com
[2025-09-24 09:11:27.912] LOG - 14:11:27.908Z Auto login function executing for: stonkz92224@gmail.com
[2025-09-24 09:11:27.913] LOG - 14:11:27.908Z Auto login function executing for: stonkz92224@gmail.com
[2025-09-24 09:11:27.914] LOG - 14:11:27.909Z Login form found, filling credentials...
[2025-09-24 09:11:27.914] LOG - 14:11:27.909Z Login form found, filling credentials...
[2025-09-24 09:11:28.108] LOG - 14:11:27.958Z Test element added to DOM
[2025-09-24 09:11:28.109] LOG - 14:11:27.958Z Test element added to DOM
[2025-09-24 09:11:28.120] LOG - 14:11:28.117Z All browser alerts and confirmations have been disabled
[2025-09-24 09:11:28.121] LOG - 14:11:28.117Z All browser alerts and confirmations have been disabled
[2025-09-24 09:11:28.429] LOG - 14:11:28.424Z Clicking login button...
[2025-09-24 09:11:28.429] LOG - 14:11:28.424Z Clicking login button...
[2025-09-24 09:11:28.438] LOG - 14:11:28.435Z authentication starting
[2025-09-24 09:11:28.440] LOG - 14:11:28.435Z authentication starting
[2025-09-24 09:11:28.896] warning - The AudioContext was not allowed to start. It must be resumed (or created) after a user gesture on the page. https://developer.chrome.com/blog/autoplay/#web_audio
[2025-09-24 09:11:28.898] LOG - 14:11:28.876Z Watching for account selection page...
[2025-09-24 09:11:28.899] LOG - 14:11:28.876Z Watching for account selection page...
[2025-09-24 09:11:29.224] LOG - 14:11:29.222Z Access token will be renewed in 75 minutes; expired: Wed Sep 24 2025 10:31:29 GMT-0500 (Central Daylight Time), now: Wed Sep 24 2025 09:11:29 GMT-0500 (Central Daylight Time)
[2025-09-24 09:11:29.224] LOG - 14:11:29.222Z Access token will be renewed in 75 minutes; expired: Wed Sep 24 2025 10:31:29 GMT-0500 (Central Daylight Time), now: Wed Sep 24 2025 09:11:29 GMT-0500 (Central Daylight Time)
[2025-09-24 09:11:29.606] INFO - 14:11:29.604Z [LaunchDarkly] Closing stream connection
[2025-09-24 09:11:29.608] INFO - 14:11:29.604Z [LaunchDarkly] Closing stream connection
[2025-09-24 09:11:29.609] INFO - 14:11:29.605Z [LaunchDarkly] Opening stream connection to https://clientstream.launchdarkly.com/eval/66cdf5b9cf61891061b4e437/eyJraW5kIjoidXNlciIsImtleSI6IjM2NTUwNTkiLCJkZXZpY2UiOiJkZXNrdG9wIiwidXNlcklkIjozNjU1MDU5LCJpcENvdW50cnkiOiJVUyIsIm9yZ05hbWUiOiJURFYiLCJuYW1lIjoiU3Rvbmt6OTIyMjQiLCJsYW5kaW5nUGFyYW1zIjoiIn0
[2025-09-24 09:11:29.610] INFO - 14:11:29.605Z [LaunchDarkly] Opening stream connection to https://clientstream.launchdarkly.com/eval/66cdf5b9cf61891061b4e437/eyJraW5kIjoidXNlciIsImtleSI6IjM2NTUwNTkiLCJkZXZpY2UiOiJkZXNrdG9wIiwidXNlcklkIjozNjU1MDU5LCJpcENvdW50cnkiOiJVUyIsIm9yZ05hbWUiOiJURFYiLCJuYW1lIjoiU3Rvbmt6OTIyMjQiLCJsYW5kaW5nUGFyYW1zIjoiIn0
[2025-09-24 09:11:29.610] INFO - 14:11:29.605Z [LaunchDarkly] Closing stream connection
[2025-09-24 09:11:29.610] INFO - 14:11:29.605Z [LaunchDarkly] Closing stream connection
[2025-09-24 09:11:29.610] INFO - 14:11:29.605Z [LaunchDarkly] Opening stream connection to https://clientstream.launchdarkly.com/eval/66cdf5b9cf61891061b4e437/eyJraW5kIjoidXNlciIsImtleSI6IjM2NTUwNTkiLCJkZXZpY2UiOiJkZXNrdG9wIiwidXNlcklkIjozNjU1MDU5LCJpcENvdW50cnkiOiJVUyIsIm9yZ05hbWUiOiJURFYiLCJuYW1lIjoiU3Rvbmt6OTIyMjQiLCJsYW5kaW5nUGFyYW1zIjoiIn0
[2025-09-24 09:11:29.610] INFO - 14:11:29.605Z [LaunchDarkly] Opening stream connection to https://clientstream.launchdarkly.com/eval/66cdf5b9cf61891061b4e437/eyJraW5kIjoidXNlciIsImtleSI6IjM2NTUwNTkiLCJkZXZpY2UiOiJkZXNrdG9wIiwidXNlcklkIjozNjU1MDU5LCJpcENvdW50cnkiOiJVUyIsIm9yZ05hbWUiOiJURFYiLCJuYW1lIjoiU3Rvbmt6OTIyMjQiLCJsYW5kaW5nUGFyYW1zIjoiIn0
[2025-09-24 09:11:29.656] INFO - 14:11:29.654Z [LaunchDarkly] Closing stream connection
[2025-09-24 09:11:29.657] INFO - 14:11:29.654Z [LaunchDarkly] Closing stream connection
[2025-09-24 09:11:29.657] INFO - 14:11:29.654Z [LaunchDarkly] Opening stream connection to https://clientstream.launchdarkly.com/eval/66cdf5b9cf61891061b4e437/eyJraW5kIjoidXNlciIsImtleSI6IjM2NTUwNTkiLCJkZXZpY2UiOiJkZXNrdG9wIiwidXNlcklkIjozNjU1MDU5LCJpcENvdW50cnkiOiJVUyIsIm9yZ05hbWUiOiJURFYiLCJuYW1lIjoiU3Rvbmt6OTIyMjQiLCJsYW5kaW5nUGFyYW1zIjoiIn0
[2025-09-24 09:11:29.657] INFO - 14:11:29.654Z [LaunchDarkly] Opening stream connection to https://clientstream.launchdarkly.com/eval/66cdf5b9cf61891061b4e437/eyJraW5kIjoidXNlciIsImtleSI6IjM2NTUwNTkiLCJkZXZpY2UiOiJkZXNrdG9wIiwidXNlcklkIjozNjU1MDU5LCJpcENvdW50cnkiOiJVUyIsIm9yZ05hbWUiOiJURFYiLCJuYW1lIjoiU3Rvbmt6OTIyMjQiLCJsYW5kaW5nUGFyYW1zIjoiIn0
[2025-09-24 09:11:31.379] LOG - 14:11:31.377Z Account selection page detected, clicking button...
[2025-09-24 09:11:31.379] LOG - 14:11:31.377Z Account selection page detected, clicking button...
[2025-09-24 09:11:31.522] LOG - 14:11:31.489Z Access token will be renewed in 75 minutes; expired: Wed Sep 24 2025 10:31:29 GMT-0500 (Central Daylight Time), now: Wed Sep 24 2025 09:11:31 GMT-0500 (Central Daylight Time)
[2025-09-24 09:11:31.523] LOG - 14:11:31.489Z Access token will be renewed in 75 minutes; expired: Wed Sep 24 2025 10:31:29 GMT-0500 (Central Daylight Time), now: Wed Sep 24 2025 09:11:31 GMT-0500 (Central Daylight Time)
[2025-09-24 09:11:31.687] error - Refused to connect to 'https://bat.bing.com/actionp/0?ti=26330043&Ver=2&mid=e9b29f87-1ebb-487e-a57d-aa34a15ba948&bo=2&sid=a82ace0097af11f0b51d4179c6f235dd&vid=99c3288092fe11f0bc7275adc39e6add&vids=0&msclkid=N&evt=pageHide' because it violates the following Content Security Policy directive: "connect-src wss://*.tradovate.com https://*.tradovate.com https://*.ntinnolab.com https://*.devel.ninjatrader.dev https://*.staging.ninjatrader.dev https://*.uat.ninjatrader.dev wss://*.ntinnolab.com wss://*.devel.ninjatrader.dev wss://*.staging.ninjatrader.dev wss://*.uat.ninjatrader.dev wss://*.tradovateapi.com https://*.tradovateapi.com https://*.ninjatrader.com https://cdn.walkme.com https://ec.walkme.com https://sessions.bugsnag.com https://notify.bugsnag.com https://*.plaid.com https://*.yodlee.com https://tradovate.zendesk.com https://rollout.ada.support https://static.ada.support https://ninjatrader.ada.support https://tradovate.ada.support https://ninjatrader-eap.ada.support/ https://demo-ninjatrader-gr.ada.support/ https://tradovate-gen.ada.support/ https://api.stripe.com https://apiproxy.ninjatrader.com https://apiproxy-d.ninjatrader.com https://us-autocomplete-pro.api.smartystreets.com https://international-autocomplete.api.smarty.com https://maps.googleapis.com https://accounts.google.com/ https://www.google.com https://www.googletagmanager.com/ https://*.browser-intake-datadoghq.com https://scripts.neuro-id.com https://receiver.neuroid.cloud https://logs.neuro-id.com https://firebaseinstallations.googleapis.com/ https://firebaseremoteconfig.googleapis.com/ https://logx.optimizely.com https://*.optimizely.com wss://mpsnare.iesnare.com wss://ci-mpsnare.iovation.com https://*.iovation.com/ https://*.reddit.com  https://www.redditstatic.com https://*.taboola.com https://*.launchdarkly.com https://*.alloy.co https://*.maze.co https://www.google-analytics.com https://analytics.google.com https://www.googletagmanager.com/ https://api.hubapi.com https://forms.hubspot.com https://stats.g.doubleclick.net https://alb.reddit.com https://analytics.twitter.com https://heapanalytics.com https://*.auryc.com https://*.contentsquare.net https://siteintercept.qualtrics.com https://api.userway.org/".

[2025-09-24 09:11:31.692] INFO - 14:11:31.672Z visibilitychange: hidden, gd: 1000
[2025-09-24 09:11:31.693] INFO - 14:11:31.672Z visibilitychange: hidden, gd: 1000
[2025-09-24 09:11:31.693] WARNING - 14:11:31.674Z [LaunchDarkly] Error on stream connection: {"isTrusted":true}, will continue retrying after 514 milliseconds.
[2025-09-24 09:11:31.693] WARNING - 14:11:31.674Z [LaunchDarkly] Error on stream connection: {"isTrusted":true}, will continue retrying after 514 milliseconds.
[2025-09-24 09:11:31.694] INFO - 14:11:31.674Z [LaunchDarkly] Closing stream connection
[2025-09-24 09:11:31.694] INFO - 14:11:31.674Z [LaunchDarkly] Closing stream connection
[2025-09-24 09:11:31.880] WARNING - Duplicate atom key "locale". This is a FATAL ERROR in
      production. But it is safe to ignore this warning if it occurred because of
      hot module replacement.
[2025-09-24 09:11:31.882] WARNING - Duplicate atom key "locale". This is a FATAL ERROR in
      production. But it is safe to ignore this warning if it occurred because of
      hot module replacement.
[2025-09-24 09:11:31.883] WARNING - Duplicate atom key "muiTheme". This is a FATAL ERROR in
      production. But it is safe to ignore this warning if it occurred because of
      hot module replacement.
[2025-09-24 09:11:31.886] WARNING - Duplicate atom key "muiTheme". This is a FATAL ERROR in
      production. But it is safe to ignore this warning if it occurred because of
      hot module replacement.
[2025-09-24 09:11:31.889] WARNING - Duplicate atom key "appLinksFooter". This is a FATAL ERROR in
      production. But it is safe to ignore this warning if it occurred because of
      hot module replacement.
[2025-09-24 09:11:31.891] WARNING - Duplicate atom key "appLinksFooter". This is a FATAL ERROR in
      production. But it is safe to ignore this warning if it occurred because of
      hot module replacement.
[2025-09-24 09:11:31.893] WARNING - Duplicate atom key "currentUserId2". This is a FATAL ERROR in
      production. But it is safe to ignore this warning if it occurred because of
      hot module replacement.
[2025-09-24 09:11:31.895] WARNING - Duplicate atom key "currentUserId2". This is a FATAL ERROR in
      production. But it is safe to ignore this warning if it occurred because of
      hot module replacement.
[2025-09-24 09:11:31.898] WARNING - Duplicate atom key "onboardingInProgress". This is a FATAL ERROR in
      production. But it is safe to ignore this warning if it occurred because of
      hot module replacement.
[2025-09-24 09:11:31.901] WARNING - Duplicate atom key "onboardingInProgress". This is a FATAL ERROR in
      production. But it is safe to ignore this warning if it occurred because of
      hot module replacement.
[2025-09-24 09:11:31.903] WARNING - Duplicate atom key "editing". This is a FATAL ERROR in
      production. But it is safe to ignore this warning if it occurred because of
      hot module replacement.
[2025-09-24 09:11:31.906] WARNING - Duplicate atom key "editing". This is a FATAL ERROR in
      production. But it is safe to ignore this warning if it occurred because of
      hot module replacement.
[2025-09-24 09:11:31.906] WARNING - Duplicate atom key "infoMessage". This is a FATAL ERROR in
      production. But it is safe to ignore this warning if it occurred because of
      hot module replacement.
[2025-09-24 09:11:31.907] WARNING - Duplicate atom key "infoMessage". This is a FATAL ERROR in
      production. But it is safe to ignore this warning if it occurred because of
      hot module replacement.
[2025-09-24 09:11:31.908] WARNING - Duplicate atom key "browserWarning". This is a FATAL ERROR in
      production. But it is safe to ignore this warning if it occurred because of
      hot module replacement.
[2025-09-24 09:11:31.910] WARNING - Duplicate atom key "browserWarning". This is a FATAL ERROR in
      production. But it is safe to ignore this warning if it occurred because of
      hot module replacement.
[2025-09-24 09:11:31.912] WARNING - Duplicate atom key "clockWarning". This is a FATAL ERROR in
      production. But it is safe to ignore this warning if it occurred because of
      hot module replacement.
[2025-09-24 09:11:31.913] WARNING - Duplicate atom key "clockWarning". This is a FATAL ERROR in
      production. But it is safe to ignore this warning if it occurred because of
      hot module replacement.
[2025-09-24 09:11:31.915] WARNING - Duplicate atom key "breakpoint". This is a FATAL ERROR in
      production. But it is safe to ignore this warning if it occurred because of
      hot module replacement.
[2025-09-24 09:11:31.915] WARNING - Duplicate atom key "breakpoint". This is a FATAL ERROR in
      production. But it is safe to ignore this warning if it occurred because of
      hot module replacement.
[2025-09-24 09:11:31.917] WARNING - Duplicate atom key "inMobileRange". This is a FATAL ERROR in
      production. But it is safe to ignore this warning if it occurred because of
      hot module replacement.
[2025-09-24 09:11:31.917] WARNING - Duplicate atom key "inMobileRange". This is a FATAL ERROR in
      production. But it is safe to ignore this warning if it occurred because of
      hot module replacement.
[2025-09-24 09:11:31.919] WARNING - Duplicate atom key "gridSpacing". This is a FATAL ERROR in
      production. But it is safe to ignore this warning if it occurred because of
      hot module replacement.
[2025-09-24 09:11:31.920] WARNING - Duplicate atom key "gridSpacing". This is a FATAL ERROR in
      production. But it is safe to ignore this warning if it occurred because of
      hot module replacement.
[2025-09-24 09:11:31.921] WARNING - Duplicate atom key "login". This is a FATAL ERROR in
      production. But it is safe to ignore this warning if it occurred because of
      hot module replacement.
[2025-09-24 09:11:31.922] WARNING - Duplicate atom key "login". This is a FATAL ERROR in
      production. But it is safe to ignore this warning if it occurred because of
      hot module replacement.
[2025-09-24 09:11:31.922] WARNING - Duplicate atom key "error". This is a FATAL ERROR in
      production. But it is safe to ignore this warning if it occurred because of
      hot module replacement.
[2025-09-24 09:11:31.922] WARNING - Duplicate atom key "error". This is a FATAL ERROR in
      production. But it is safe to ignore this warning if it occurred because of
      hot module replacement.
[2025-09-24 09:11:31.923] WARNING - Duplicate atom key "contactInfos2". This is a FATAL ERROR in
      production. But it is safe to ignore this warning if it occurred because of
      hot module replacement.
[2025-09-24 09:11:31.923] WARNING - Duplicate atom key "contactInfos2". This is a FATAL ERROR in
      production. But it is safe to ignore this warning if it occurred because of
      hot module replacement.
[2025-09-24 09:11:31.923] WARNING - Duplicate atom key "individualApplicantsTimestamp". This is a FATAL ERROR in
      production. But it is safe to ignore this warning if it occurred because of
      hot module replacement.
[2025-09-24 09:11:31.923] WARNING - Duplicate atom key "individualApplicantsTimestamp". This is a FATAL ERROR in
      production. But it is safe to ignore this warning if it occurred because of
      hot module replacement.
[2025-09-24 09:11:31.923] WARNING - Duplicate atom key "customerApplication". This is a FATAL ERROR in
      production. But it is safe to ignore this warning if it occurred because of
      hot module replacement.
[2025-09-24 09:11:31.924] WARNING - Duplicate atom key "customerApplication". This is a FATAL ERROR in
      production. But it is safe to ignore this warning if it occurred because of
      hot module replacement.
[2025-09-24 09:11:31.925] WARNING - Duplicate atom key "individualApplicants". This is a FATAL ERROR in
      production. But it is safe to ignore this warning if it occurred because of
      hot module replacement.
[2025-09-24 09:11:31.925] WARNING - Duplicate atom key "individualApplicants". This is a FATAL ERROR in
      production. But it is safe to ignore this warning if it occurred because of
      hot module replacement.
[2025-09-24 09:11:31.934] WARNING - Duplicate atom key "clearingHouses". This is a FATAL ERROR in
      production. But it is safe to ignore this warning if it occurred because of
      hot module replacement.
[2025-09-24 09:11:31.935] WARNING - Duplicate atom key "clearingHouses". This is a FATAL ERROR in
      production. But it is safe to ignore this warning if it occurred because of
      hot module replacement.
[2025-09-24 09:11:31.935] WARNING - Duplicate atom key "clearXClearingHouse". This is a FATAL ERROR in
      production. But it is safe to ignore this warning if it occurred because of
      hot module replacement.
[2025-09-24 09:11:31.935] WARNING - Duplicate atom key "clearXClearingHouse". This is a FATAL ERROR in
      production. But it is safe to ignore this warning if it occurred because of
      hot module replacement.
[2025-09-24 09:11:31.936] WARNING - Duplicate atom key "applicationClearingHouse". This is a FATAL ERROR in
      production. But it is safe to ignore this warning if it occurred because of
      hot module replacement.
[2025-09-24 09:11:31.937] WARNING - Duplicate atom key "applicationClearingHouse". This is a FATAL ERROR in
      production. But it is safe to ignore this warning if it occurred because of
      hot module replacement.
[2025-09-24 09:11:31.937] WARNING - Duplicate atom key "userLocation". This is a FATAL ERROR in
      production. But it is safe to ignore this warning if it occurred because of
      hot module replacement.
[2025-09-24 09:11:31.937] WARNING - Duplicate atom key "userLocation". This is a FATAL ERROR in
      production. But it is safe to ignore this warning if it occurred because of
      hot module replacement.
[2025-09-24 09:11:31.938] WARNING - Duplicate atom key "savedApplicationsTimestamp". This is a FATAL ERROR in
      production. But it is safe to ignore this warning if it occurred because of
      hot module replacement.
[2025-09-24 09:11:31.938] WARNING - Duplicate atom key "savedApplicationsTimestamp". This is a FATAL ERROR in
      production. But it is safe to ignore this warning if it occurred because of
      hot module replacement.
[2025-09-24 09:11:31.938] WARNING - Duplicate atom key "savedApplications". This is a FATAL ERROR in
      production. But it is safe to ignore this warning if it occurred because of
      hot module replacement.
[2025-09-24 09:11:31.938] WARNING - Duplicate atom key "savedApplications". This is a FATAL ERROR in
      production. But it is safe to ignore this warning if it occurred because of
      hot module replacement.
[2025-09-24 09:11:31.939] WARNING - Duplicate atom key "step". This is a FATAL ERROR in
      production. But it is safe to ignore this warning if it occurred because of
      hot module replacement.
[2025-09-24 09:11:31.939] WARNING - Duplicate atom key "step". This is a FATAL ERROR in
      production. But it is safe to ignore this warning if it occurred because of
      hot module replacement.
[2025-09-24 09:11:31.939] WARNING - Duplicate atom key "checkStates". This is a FATAL ERROR in
      production. But it is safe to ignore this warning if it occurred because of
      hot module replacement.
[2025-09-24 09:11:31.940] WARNING - Duplicate atom key "checkStates". This is a FATAL ERROR in
      production. But it is safe to ignore this warning if it occurred because of
      hot module replacement.
[2025-09-24 09:11:31.940] WARNING - Duplicate atom key "signStates". This is a FATAL ERROR in
      production. But it is safe to ignore this warning if it occurred because of
      hot module replacement.
[2025-09-24 09:11:31.940] WARNING - Duplicate atom key "signStates". This is a FATAL ERROR in
      production. But it is safe to ignore this warning if it occurred because of
      hot module replacement.
[2025-09-24 09:11:31.940] WARNING - Duplicate atom key "wizard". This is a FATAL ERROR in
      production. But it is safe to ignore this warning if it occurred because of
      hot module replacement.
[2025-09-24 09:11:31.941] WARNING - Duplicate atom key "wizard". This is a FATAL ERROR in
      production. But it is safe to ignore this warning if it occurred because of
      hot module replacement.
[2025-09-24 09:11:31.941] WARNING - Duplicate atom key "formBuilder". This is a FATAL ERROR in
      production. But it is safe to ignore this warning if it occurred because of
      hot module replacement.
[2025-09-24 09:11:31.941] WARNING - Duplicate atom key "formBuilder". This is a FATAL ERROR in
      production. But it is safe to ignore this warning if it occurred because of
      hot module replacement.
[2025-09-24 09:11:31.941] WARNING - Duplicate atom key "headerSlot". This is a FATAL ERROR in
      production. But it is safe to ignore this warning if it occurred because of
      hot module replacement.
[2025-09-24 09:11:31.942] WARNING - Duplicate atom key "headerSlot". This is a FATAL ERROR in
      production. But it is safe to ignore this warning if it occurred because of
      hot module replacement.
[2025-09-24 09:11:31.942] WARNING - Duplicate atom key "footerSlot". This is a FATAL ERROR in
      production. But it is safe to ignore this warning if it occurred because of
      hot module replacement.
[2025-09-24 09:11:31.942] WARNING - Duplicate atom key "footerSlot". This is a FATAL ERROR in
      production. But it is safe to ignore this warning if it occurred because of
      hot module replacement.
[2025-09-24 09:11:31.942] WARNING - Duplicate atom key "alloyJourneyToken". This is a FATAL ERROR in
      production. But it is safe to ignore this warning if it occurred because of
      hot module replacement.
[2025-09-24 09:11:31.943] WARNING - Duplicate atom key "alloyJourneyToken". This is a FATAL ERROR in
      production. But it is safe to ignore this warning if it occurred because of
      hot module replacement.
[2025-09-24 09:11:31.943] DEBUG - [bugsnag] Loaded!
[2025-09-24 09:11:31.943] DEBUG - [bugsnag] Loaded!
[2025-09-24 09:11:31.943] INFO - Version 3.250919.0 prod production 
[2025-09-24 09:11:31.943] INFO - Version 3.250919.0 prod production 
[2025-09-24 09:11:31.944] INFO - Time: Wed Sep 24 2025 09:11:31 GMT-0500 (Central Daylight Time)
[2025-09-24 09:11:31.944] INFO - Time:
[2025-09-24 09:11:31.949] LOG - 14:11:31.947Z Try to restore session
[2025-09-24 09:11:31.950] LOG - 14:11:31.947Z Try to restore session
[2025-09-24 09:11:31.951] LOG - 14:11:31.948Z Access token will be renewed in 75 minutes; expired: Wed Sep 24 2025 10:31:29 GMT-0500 (Central Daylight Time), now: Wed Sep 24 2025 09:11:31 GMT-0500 (Central Daylight Time)
[2025-09-24 09:11:31.951] LOG - 14:11:31.948Z Access token will be renewed in 75 minutes; expired: Wed Sep 24 2025 10:31:29 GMT-0500 (Central Daylight Time), now: Wed Sep 24 2025 09:11:31 GMT-0500 (Central Daylight Time)
[2025-09-24 09:11:31.958] WARNING - 14:11:31.956Z [LaunchDarkly] The waitForInitialization function was called without a timeout specified. In a future version a default timeout will be applied.
[2025-09-24 09:11:31.958] WARNING - 14:11:31.956Z [LaunchDarkly] The waitForInitialization function was called without a timeout specified. In a future version a default timeout will be applied.
[2025-09-24 09:11:31.966] INFO - 14:11:31.964Z chart cache state: islands=8, bars=3776
[2025-09-24 09:11:31.966] INFO - 14:11:31.964Z chart cache state: islands=8, bars=3776
[2025-09-24 09:11:31.967] INFO - 14:11:31.964Z Chart history database initialized
[2025-09-24 09:11:31.967] INFO - 14:11:31.964Z Chart history database initialized
[2025-09-24 09:11:31.978] INFO - 14:11:31.976Z [LaunchDarkly] LaunchDarkly client initialized
[2025-09-24 09:11:31.980] INFO - 14:11:31.976Z [LaunchDarkly] LaunchDarkly client initialized
[2025-09-24 09:11:31.981] INFO - 14:11:31.977Z [LaunchDarkly] Opening stream connection to https://clientstream.launchdarkly.com/eval/66cdf5b9cf61891061b4e437/eyJraW5kIjoidXNlciIsImtleSI6InVua25vd24iLCJhbm9ueW1vdXMiOmZhbHNlfQ
[2025-09-24 09:11:31.981] INFO - 14:11:31.977Z [LaunchDarkly] Opening stream connection to https://clientstream.launchdarkly.com/eval/66cdf5b9cf61891061b4e437/eyJraW5kIjoidXNlciIsImtleSI6InVua25vd24iLCJhbm9ueW1vdXMiOmZhbHNlfQ
[2025-09-24 09:11:32.623] INFO - 14:11:32.621Z [LaunchDarkly] Closing stream connection
[2025-09-24 09:11:32.623] INFO - 14:11:32.621Z [LaunchDarkly] Closing stream connection
[2025-09-24 09:11:32.624] INFO - 14:11:32.621Z [LaunchDarkly] Opening stream connection to https://clientstream.launchdarkly.com/eval/66cdf5b9cf61891061b4e437/eyJraW5kIjoidXNlciIsImtleSI6IjM2NTUwNTkiLCJkZXZpY2UiOiJkZXNrdG9wIiwidXNlcklkIjozNjU1MDU5LCJpcENvdW50cnkiOiIiLCJvcmdOYW1lIjoiVERWIiwibmFtZSI6IlN0b25rejkyMjI0IiwibGFuZGluZ1BhcmFtcyI6IiJ9
[2025-09-24 09:11:32.624] INFO - 14:11:32.621Z [LaunchDarkly] Opening stream connection to https://clientstream.launchdarkly.com/eval/66cdf5b9cf61891061b4e437/eyJraW5kIjoidXNlciIsImtleSI6IjM2NTUwNTkiLCJkZXZpY2UiOiJkZXNrdG9wIiwidXNlcklkIjozNjU1MDU5LCJpcENvdW50cnkiOiIiLCJvcmdOYW1lIjoiVERWIiwibmFtZSI6IlN0b25rejkyMjI0IiwibGFuZGluZ1BhcmFtcyI6IiJ9
[2025-09-24 09:11:32.655] INFO - 14:11:32.653Z [LaunchDarkly] Closing stream connection
[2025-09-24 09:11:32.656] INFO - 14:11:32.653Z [LaunchDarkly] Closing stream connection
[2025-09-24 09:11:32.656] INFO - 14:11:32.653Z [LaunchDarkly] Opening stream connection to https://clientstream.launchdarkly.com/eval/66cdf5b9cf61891061b4e437/eyJraW5kIjoidXNlciIsImtleSI6IjM2NTUwNTkiLCJkZXZpY2UiOiJkZXNrdG9wIiwidXNlcklkIjozNjU1MDU5LCJpcENvdW50cnkiOiJVUyIsIm9yZ05hbWUiOiJURFYiLCJuYW1lIjoiU3Rvbmt6OTIyMjQiLCJsYW5kaW5nUGFyYW1zIjoiIn0
[2025-09-24 09:11:32.656] INFO - 14:11:32.653Z [LaunchDarkly] Opening stream connection to https://clientstream.launchdarkly.com/eval/66cdf5b9cf61891061b4e437/eyJraW5kIjoidXNlciIsImtleSI6IjM2NTUwNTkiLCJkZXZpY2UiOiJkZXNrdG9wIiwidXNlcklkIjozNjU1MDU5LCJpcENvdW50cnkiOiJVUyIsIm9yZ05hbWUiOiJURFYiLCJuYW1lIjoiU3Rvbmt6OTIyMjQiLCJsYW5kaW5nUGFyYW1zIjoiIn0
[2025-09-24 09:11:33.508] LOG - 14:11:33.500Z opening https://demo.tradovateapi.com/
[2025-09-24 09:11:33.509] LOG - 14:11:33.500Z opening https://demo.tradovateapi.com/
[2025-09-24 09:11:33.511] LOG - 14:11:33.509Z Hotkeys initialized {"Shift+Digit1":["orders/selectColumns"],"Shift+Digit2":["orders/showFilters"],"Shift+Digit3":["orders/standardTableView"],"Shift+Digit4":["orders/linkedOrdersView"],"Command+Shift+Digit0":["dom-chart/exit-and-cancel"]}
[2025-09-24 09:11:33.513] LOG - 14:11:33.509Z Hotkeys initialized {"Shift+Digit1":["orders/selectColumns"],"Shift+Digit2":["orders/showFilters"],"Shift+Digit3":["orders/standardTableView"],"Shift+Digit4":["orders/linkedOrdersView"],"Command+Shift+Digit0":["dom-chart/exit-and-cancel"]}
[2025-09-24 09:11:33.582] LOG - 14:11:33.581Z websocket opened
[2025-09-24 09:11:33.582] LOG - 14:11:33.581Z websocket opened
[2025-09-24 09:11:33.677] LOG - 14:11:33.675Z opening https://md-demo.tradovateapi.com/
[2025-09-24 09:11:33.678] LOG - 14:11:33.675Z opening https://md-demo.tradovateapi.com/
[2025-09-24 09:11:33.678] LOG - 14:11:33.677Z Connection:  open
[2025-09-24 09:11:33.679] LOG - 14:11:33.677Z Connection:  open
[2025-09-24 09:11:33.741] LOG - 14:11:33.738Z WebGL:  {"isWebGL2":true,"precision":"highp","logarithmicDepthBuffer":false,"maxTextures":16,"maxVertexTextures":16,"maxTextureSize":16384,"maxCubemapSize":16384,"maxAttributes":16,"maxVertexUniforms":1024,"maxVaryings":30,"maxFragmentUniforms":1024,"vertexTextures":true,"floatFragmentTextures":true,"floatVertexTextures":true,"maxSamples":8} , devicePixelRatio:  2
[2025-09-24 09:11:33.743] LOG - 14:11:33.739Z Canvas size: 1217 998 dpp:  2
[2025-09-24 09:11:33.760] LOG - 14:11:33.754Z Loading App-level Plugins
[2025-09-24 09:11:33.766] LOG - 14:11:33.754Z Loading App-level Plugins
[2025-09-24 09:11:33.778] LOG - 14:11:33.777Z WebGL:  {"isWebGL2":true,"precision":"highp","logarithmicDepthBuffer":false,"maxTextures":16,"maxVertexTextures":16,"maxTextureSize":16384,"maxCubemapSize":16384,"maxAttributes":16,"maxVertexUniforms":1024,"maxVaryings":30,"maxFragmentUniforms":1024,"vertexTextures":true,"floatFragmentTextures":true,"floatVertexTextures":true,"maxSamples":8} , devicePixelRatio:  2
[2025-09-24 09:11:33.781] LOG - 14:11:33.777Z Canvas size: 1217 998 dpp:  2
[2025-09-24 09:11:33.902] LOG - 14:11:33.845Z websocket opened
[2025-09-24 09:11:33.902] LOG - 14:11:33.845Z websocket opened
[2025-09-24 09:11:33.993] LOG - 14:11:33.992Z sync to remote defaultModules
[2025-09-24 09:11:33.994] LOG - 14:11:33.992Z sync to remote defaultModules
[2025-09-24 09:11:34.212] LOG - 14:11:34.210Z loadAppLevelPlugins:  [object Object]
[2025-09-24 09:11:34.213] LOG - 14:11:34.210Z loadAppLevelPlugins: 
[2025-09-24 09:11:35.141] LOG - 14:11:35.109Z jailing is in progress
[2025-09-24 09:11:35.141] LOG - 14:11:35.109Z jailing is in progress
[2025-09-24 09:11:35.345] LOG - 14:11:35.341Z pending jailing done. next starts
[2025-09-24 09:11:35.346] LOG - 14:11:35.341Z pending jailing done. next starts
[2025-09-24 09:11:35.417] LOG - 14:11:35.395Z created chart 1
[2025-09-24 09:11:35.941] LOG - 14:11:35.938Z requestChart: {"symbol":"3267312","chartDescription":{"underlyingType":"Tick","elementSize":5000,"elementSizeUnit":"UnderlyingUnits","withHistogram":false},"timeRange":{"asMuchAsElements":300}}
[2025-09-24 09:11:35.943] LOG - 14:11:35.938Z requestChart: {"symbol":"3267312","chartDescription":{"underlyingType":"Tick","elementSize":5000,"elementSizeUnit":"UnderlyingUnits","withHistogram":false},"timeRange":{"asMuchAsElements":300}}
[2025-09-24 09:11:35.943] LOG - 14:11:35.939Z mdMgApi open
[2025-09-24 09:11:35.944] LOG - 14:11:35.939Z mdMgApi open
[2025-09-24 09:11:36.460] LOG - 14:11:36.459Z updating the shared isolation
[2025-09-24 09:11:36.461] LOG - 14:11:36.459Z updating the shared isolation
[2025-09-24 09:11:36.605] DEBUG - 14:11:36.602Z Slow prev calc
[2025-09-24 09:11:36.605] DEBUG - 14:11:36.602Z Slow prev calc
[2025-09-24 09:11:36.606] DEBUG - 14:11:36.602Z Slow prev calc
[2025-09-24 09:11:36.606] DEBUG - 14:11:36.602Z Slow prev calc
[2025-09-24 09:11:36.644] DEBUG - 14:11:36.642Z Slow prev calc
[2025-09-24 09:11:36.645] DEBUG - 14:11:36.642Z Slow prev calc
[2025-09-24 09:11:36.904] LOG - 14:11:36.899Z updating the shared isolation
[2025-09-24 09:11:36.904] LOG - 14:11:36.899Z updating the shared isolation
[2025-09-24 09:11:36.956] DEBUG - 14:11:36.954Z Slow prev calc
[2025-09-24 09:11:36.956] DEBUG - 14:11:36.954Z Slow prev calc
[2025-09-24 09:12:31.976] INFO - 14:12:31.974Z time stats. avg diff: -144, min: -144, max: -144, roundtrip: 20 msec, #1
[2025-09-24 09:12:31.977] INFO - 14:12:31.974Z time stats. avg diff: -144, min: -144, max: -144, roundtrip: 20 msec, #1
[2025-09-24 09:13:02.711] ERROR - 14:13:02.709Z Cannot play sound: alert_message.wav [object DOMException]
[2025-09-24 09:13:02.711] ERROR - 14:13:02.709Z Cannot play sound: alert_message.wav
[2025-09-24 09:13:26.518] DEBUG - 14:13:26.517Z Slow prev calc
[2025-09-24 09:13:26.518] DEBUG - 14:13:26.517Z Slow prev calc
[2025-09-24 09:13:33.796] LOG - 14:13:33.795Z WebGL:  {"geometries":87,"textures":1} 6 , devicePixelRatio:  2
[2025-09-24 09:13:45.709] LOG - 14:13:45.706Z timeViewChanged [object Object]
[2025-09-24 09:13:45.710] LOG - 14:13:45.706Z timeViewChanged
[2025-09-24 09:14:03.239] LOG - 14:14:03.237Z timeViewChanged [object Object]
[2025-09-24 09:14:03.239] LOG - 14:14:03.237Z timeViewChanged
[2025-09-24 09:14:06.029] LOG - 14:14:06.026Z timeViewChanged [object Object]
[2025-09-24 09:14:06.029] LOG - 14:14:06.026Z timeViewChanged
[2025-09-24 09:14:18.991] LOG - 14:14:18.989Z timeViewChanged [object Object]
[2025-09-24 09:14:18.992] LOG - 14:14:18.989Z timeViewChanged
[2025-09-24 09:14:31.257] LOG - 14:14:31.255Z timeViewChanged [object Object]
[2025-09-24 09:14:31.258] LOG - 14:14:31.255Z timeViewChanged
[2025-09-24 09:14:40.035] LOG - 14:14:40.034Z timeViewChanged [object Object]
[2025-09-24 09:14:40.037] LOG - 14:14:40.034Z timeViewChanged
[2025-09-24 09:14:53.684] LOG - 14:14:53.682Z timeViewChanged [object Object]
[2025-09-24 09:14:53.685] LOG - 14:14:53.682Z timeViewChanged
[2025-09-24 09:15:18.922] INFO - 14:15:18.867Z visibilitychange: hidden, gd: 1000
[2025-09-24 09:15:18.926] INFO - 14:15:18.867Z visibilitychange: hidden, gd: 1000
