[2025-09-28 11:28:34.965] LOG - 16:28:34.955Z Starting login process for: stonkz92224@gmail.com
[2025-09-28 11:28:34.970] LOG - 16:28:34.955Z Starting login process for: stonkz92224@gmail.com
[2025-09-28 11:28:34.987] LOG - 16:28:34.956Z Auto login function executing for: stonkz92224@gmail.com
[2025-09-28 11:28:34.989] LOG - 16:28:34.956Z Auto login function executing for: stonkz92224@gmail.com
[2025-09-28 11:28:34.990] LOG - 16:28:34.956Z Login form found, filling credentials...
[2025-09-28 11:28:34.992] LOG - 16:28:34.956Z Login form found, filling credentials...
[2025-09-28 11:28:35.253] LOG - 16:28:35.020Z Test element added to DOM
[2025-09-28 11:28:35.257] LOG - 16:28:35.020Z Test element added to DOM
[2025-09-28 11:28:35.259] LOG - 16:28:35.258Z All browser alerts and confirmations have been disabled
[2025-09-28 11:28:35.260] LOG - 16:28:35.258Z All browser alerts and confirmations have been disabled
[2025-09-28 11:28:35.477] LOG - 16:28:35.474Z Clicking login button...
[2025-09-28 11:28:35.477] LOG - 16:28:35.474Z Clicking login button...
[2025-09-28 11:28:35.492] LOG - 16:28:35.485Z authentication starting
[2025-09-28 11:28:35.508] LOG - 16:28:35.485Z authentication starting
[2025-09-28 11:28:36.200] warning - The AudioContext was not allowed to start. It must be resumed (or created) after a user gesture on the page. https://developer.chrome.com/blog/autoplay/#web_audio
[2025-09-28 11:28:36.202] LOG - 16:28:36.162Z Watching for account selection page...
[2025-09-28 11:28:36.205] LOG - 16:28:36.162Z Watching for account selection page...
[2025-09-28 11:28:36.598] LOG - 16:28:36.597Z Access token will be renewed in 75 minutes; expired: Sun Sep 28 2025 12:48:36 GMT-0500 (Central Daylight Time), now: Sun Sep 28 2025 11:28:36 GMT-0500 (Central Daylight Time)
[2025-09-28 11:28:36.599] LOG - 16:28:36.597Z Access token will be renewed in 75 minutes; expired: Sun Sep 28 2025 12:48:36 GMT-0500 (Central Daylight Time), now: Sun Sep 28 2025 11:28:36 GMT-0500 (Central Daylight Time)
[2025-09-28 11:28:37.239] INFO - 16:28:37.237Z [LaunchDarkly] Closing stream connection
[2025-09-28 11:28:37.240] INFO - 16:28:37.237Z [LaunchDarkly] Closing stream connection
[2025-09-28 11:28:37.240] INFO - 16:28:37.237Z [LaunchDarkly] Opening stream connection to https://clientstream.launchdarkly.com/eval/66cdf5b9cf61891061b4e437/eyJraW5kIjoidXNlciIsImtleSI6IjM2NTUwNTkiLCJkZXZpY2UiOiJkZXNrdG9wIiwidXNlcklkIjozNjU1MDU5LCJpcENvdW50cnkiOiJVUyIsIm9yZ05hbWUiOiJURFYiLCJuYW1lIjoiU3Rvbmt6OTIyMjQiLCJsYW5kaW5nUGFyYW1zIjoiIn0
[2025-09-28 11:28:37.242] INFO - 16:28:37.237Z [LaunchDarkly] Opening stream connection to https://clientstream.launchdarkly.com/eval/66cdf5b9cf61891061b4e437/eyJraW5kIjoidXNlciIsImtleSI6IjM2NTUwNTkiLCJkZXZpY2UiOiJkZXNrdG9wIiwidXNlcklkIjozNjU1MDU5LCJpcENvdW50cnkiOiJVUyIsIm9yZ05hbWUiOiJURFYiLCJuYW1lIjoiU3Rvbmt6OTIyMjQiLCJsYW5kaW5nUGFyYW1zIjoiIn0
[2025-09-28 11:28:37.243] INFO - 16:28:37.237Z [LaunchDarkly] Closing stream connection
[2025-09-28 11:28:37.244] INFO - 16:28:37.237Z [LaunchDarkly] Closing stream connection
[2025-09-28 11:28:37.244] INFO - 16:28:37.238Z [LaunchDarkly] Opening stream connection to https://clientstream.launchdarkly.com/eval/66cdf5b9cf61891061b4e437/eyJraW5kIjoidXNlciIsImtleSI6IjM2NTUwNTkiLCJkZXZpY2UiOiJkZXNrdG9wIiwidXNlcklkIjozNjU1MDU5LCJpcENvdW50cnkiOiJVUyIsIm9yZ05hbWUiOiJURFYiLCJuYW1lIjoiU3Rvbmt6OTIyMjQiLCJsYW5kaW5nUGFyYW1zIjoiIn0
[2025-09-28 11:28:37.245] INFO - 16:28:37.238Z [LaunchDarkly] Opening stream connection to https://clientstream.launchdarkly.com/eval/66cdf5b9cf61891061b4e437/eyJraW5kIjoidXNlciIsImtleSI6IjM2NTUwNTkiLCJkZXZpY2UiOiJkZXNrdG9wIiwidXNlcklkIjozNjU1MDU5LCJpcENvdW50cnkiOiJVUyIsIm9yZ05hbWUiOiJURFYiLCJuYW1lIjoiU3Rvbmt6OTIyMjQiLCJsYW5kaW5nUGFyYW1zIjoiIn0
[2025-09-28 11:28:37.245] INFO - 16:28:37.238Z [LaunchDarkly] Closing stream connection
[2025-09-28 11:28:37.245] INFO - 16:28:37.238Z [LaunchDarkly] Closing stream connection
[2025-09-28 11:28:37.245] INFO - 16:28:37.238Z [LaunchDarkly] Opening stream connection to https://clientstream.launchdarkly.com/eval/66cdf5b9cf61891061b4e437/eyJraW5kIjoidXNlciIsImtleSI6IjM2NTUwNTkiLCJkZXZpY2UiOiJkZXNrdG9wIiwidXNlcklkIjozNjU1MDU5LCJpcENvdW50cnkiOiJVUyIsIm9yZ05hbWUiOiJURFYiLCJuYW1lIjoiU3Rvbmt6OTIyMjQiLCJsYW5kaW5nUGFyYW1zIjoiIn0
[2025-09-28 11:28:37.246] INFO - 16:28:37.238Z [LaunchDarkly] Opening stream connection to https://clientstream.launchdarkly.com/eval/66cdf5b9cf61891061b4e437/eyJraW5kIjoidXNlciIsImtleSI6IjM2NTUwNTkiLCJkZXZpY2UiOiJkZXNrdG9wIiwidXNlcklkIjozNjU1MDU5LCJpcENvdW50cnkiOiJVUyIsIm9yZ05hbWUiOiJURFYiLCJuYW1lIjoiU3Rvbmt6OTIyMjQiLCJsYW5kaW5nUGFyYW1zIjoiIn0
[2025-09-28 11:28:40.164] LOG - 16:28:40.163Z Account selection page detected, clicking button...
[2025-09-28 11:28:40.165] LOG - 16:28:40.163Z Account selection page detected, clicking button...
[2025-09-28 11:28:40.316] LOG - 16:28:40.276Z Access token will be renewed in 75 minutes; expired: Sun Sep 28 2025 12:48:36 GMT-0500 (Central Daylight Time), now: Sun Sep 28 2025 11:28:40 GMT-0500 (Central Daylight Time)
[2025-09-28 11:28:40.316] LOG - 16:28:40.276Z Access token will be renewed in 75 minutes; expired: Sun Sep 28 2025 12:48:36 GMT-0500 (Central Daylight Time), now: Sun Sep 28 2025 11:28:40 GMT-0500 (Central Daylight Time)
[2025-09-28 11:28:40.941] error - Refused to connect to 'https://bat.bing.com/actionp/0?ti=26330043&Ver=2&mid=2e1fd3a7-5145-4444-8863-1beec5db0275&bo=2&sid=a82ace0097af11f0b51d4179c6f235dd&vid=99c3288092fe11f0bc7275adc39e6add&vids=0&msclkid=N&evt=pageHide' because it violates the following Content Security Policy directive: "connect-src wss://*.tradovate.com https://*.tradovate.com https://*.ntinnolab.com https://*.devel.ninjatrader.dev https://*.staging.ninjatrader.dev https://*.uat.ninjatrader.dev wss://*.ntinnolab.com wss://*.devel.ninjatrader.dev wss://*.staging.ninjatrader.dev wss://*.uat.ninjatrader.dev wss://*.tradovateapi.com https://*.tradovateapi.com https://*.ninjatrader.com https://cdn.walkme.com https://ec.walkme.com https://sessions.bugsnag.com https://notify.bugsnag.com https://*.plaid.com https://*.yodlee.com https://tradovate.zendesk.com https://rollout.ada.support https://static.ada.support https://ninjatrader.ada.support https://tradovate.ada.support https://ninjatrader-eap.ada.support/ https://demo-ninjatrader-gr.ada.support/ https://tradovate-gen.ada.support/ https://api.stripe.com https://apiproxy.ninjatrader.com https://apiproxy-d.ninjatrader.com https://us-autocomplete-pro.api.smartystreets.com https://international-autocomplete.api.smarty.com https://maps.googleapis.com https://accounts.google.com/ https://www.google.com https://www.googletagmanager.com/ https://*.browser-intake-datadoghq.com https://scripts.neuro-id.com https://receiver.neuroid.cloud https://logs.neuro-id.com https://firebaseinstallations.googleapis.com/ https://firebaseremoteconfig.googleapis.com/ https://logx.optimizely.com https://*.optimizely.com wss://mpsnare.iesnare.com wss://ci-mpsnare.iovation.com https://*.iovation.com/ https://*.reddit.com  https://www.redditstatic.com https://*.taboola.com https://*.launchdarkly.com https://*.alloy.co https://*.maze.co https://www.google-analytics.com https://analytics.google.com https://www.googletagmanager.com/ https://api.hubapi.com https://forms.hubspot.com https://stats.g.doubleclick.net https://alb.reddit.com https://analytics.twitter.com https://heapanalytics.com https://*.auryc.com https://*.contentsquare.net https://siteintercept.qualtrics.com https://api.userway.org/".

[2025-09-28 11:28:40.942] INFO - 16:28:40.939Z visibilitychange: hidden, gd: 1000
[2025-09-28 11:28:40.944] INFO - 16:28:40.939Z visibilitychange: hidden, gd: 1000
[2025-09-28 11:28:40.945] WARNING - 16:28:40.940Z [LaunchDarkly] Error on stream connection: {"isTrusted":true}, will continue retrying after 595 milliseconds.
[2025-09-28 11:28:40.945] WARNING - 16:28:40.940Z [LaunchDarkly] Error on stream connection: {"isTrusted":true}, will continue retrying after 595 milliseconds.
[2025-09-28 11:28:40.946] INFO - 16:28:40.941Z [LaunchDarkly] Closing stream connection
[2025-09-28 11:28:40.946] INFO - 16:28:40.941Z [LaunchDarkly] Closing stream connection
[2025-09-28 11:28:41.872] WARNING - Duplicate atom key "locale". This is a FATAL ERROR in
      production. But it is safe to ignore this warning if it occurred because of
      hot module replacement.
[2025-09-28 11:28:41.874] WARNING - Duplicate atom key "locale". This is a FATAL ERROR in
      production. But it is safe to ignore this warning if it occurred because of
      hot module replacement.
[2025-09-28 11:28:41.876] WARNING - Duplicate atom key "muiTheme". This is a FATAL ERROR in
      production. But it is safe to ignore this warning if it occurred because of
      hot module replacement.
[2025-09-28 11:28:41.877] WARNING - Duplicate atom key "muiTheme". This is a FATAL ERROR in
      production. But it is safe to ignore this warning if it occurred because of
      hot module replacement.
[2025-09-28 11:28:41.880] WARNING - Duplicate atom key "appLinksFooter". This is a FATAL ERROR in
      production. But it is safe to ignore this warning if it occurred because of
      hot module replacement.
[2025-09-28 11:28:41.885] WARNING - Duplicate atom key "appLinksFooter". This is a FATAL ERROR in
      production. But it is safe to ignore this warning if it occurred because of
      hot module replacement.
[2025-09-28 11:28:41.922] WARNING - Duplicate atom key "currentUserId2". This is a FATAL ERROR in
      production. But it is safe to ignore this warning if it occurred because of
      hot module replacement.
[2025-09-28 11:28:41.926] WARNING - Duplicate atom key "currentUserId2". This is a FATAL ERROR in
      production. But it is safe to ignore this warning if it occurred because of
      hot module replacement.
[2025-09-28 11:28:41.930] WARNING - Duplicate atom key "onboardingInProgress". This is a FATAL ERROR in
      production. But it is safe to ignore this warning if it occurred because of
      hot module replacement.
[2025-09-28 11:28:41.940] WARNING - Duplicate atom key "onboardingInProgress". This is a FATAL ERROR in
      production. But it is safe to ignore this warning if it occurred because of
      hot module replacement.
[2025-09-28 11:28:41.942] WARNING - Duplicate atom key "editing". This is a FATAL ERROR in
      production. But it is safe to ignore this warning if it occurred because of
      hot module replacement.
[2025-09-28 11:28:41.944] WARNING - Duplicate atom key "editing". This is a FATAL ERROR in
      production. But it is safe to ignore this warning if it occurred because of
      hot module replacement.
[2025-09-28 11:28:41.946] WARNING - Duplicate atom key "infoMessage". This is a FATAL ERROR in
      production. But it is safe to ignore this warning if it occurred because of
      hot module replacement.
[2025-09-28 11:28:41.947] WARNING - Duplicate atom key "infoMessage". This is a FATAL ERROR in
      production. But it is safe to ignore this warning if it occurred because of
      hot module replacement.
[2025-09-28 11:28:41.949] WARNING - Duplicate atom key "browserWarning". This is a FATAL ERROR in
      production. But it is safe to ignore this warning if it occurred because of
      hot module replacement.
[2025-09-28 11:28:41.951] WARNING - Duplicate atom key "browserWarning". This is a FATAL ERROR in
      production. But it is safe to ignore this warning if it occurred because of
      hot module replacement.
[2025-09-28 11:28:41.954] WARNING - Duplicate atom key "clockWarning". This is a FATAL ERROR in
      production. But it is safe to ignore this warning if it occurred because of
      hot module replacement.
[2025-09-28 11:28:41.956] WARNING - Duplicate atom key "clockWarning". This is a FATAL ERROR in
      production. But it is safe to ignore this warning if it occurred because of
      hot module replacement.
[2025-09-28 11:28:41.957] WARNING - Duplicate atom key "breakpoint". This is a FATAL ERROR in
      production. But it is safe to ignore this warning if it occurred because of
      hot module replacement.
[2025-09-28 11:28:41.959] WARNING - Duplicate atom key "breakpoint". This is a FATAL ERROR in
      production. But it is safe to ignore this warning if it occurred because of
      hot module replacement.
[2025-09-28 11:28:41.960] WARNING - Duplicate atom key "inMobileRange". This is a FATAL ERROR in
      production. But it is safe to ignore this warning if it occurred because of
      hot module replacement.
[2025-09-28 11:28:41.962] WARNING - Duplicate atom key "inMobileRange". This is a FATAL ERROR in
      production. But it is safe to ignore this warning if it occurred because of
      hot module replacement.
[2025-09-28 11:28:41.962] WARNING - Duplicate atom key "gridSpacing". This is a FATAL ERROR in
      production. But it is safe to ignore this warning if it occurred because of
      hot module replacement.
[2025-09-28 11:28:41.962] WARNING - Duplicate atom key "gridSpacing". This is a FATAL ERROR in
      production. But it is safe to ignore this warning if it occurred because of
      hot module replacement.
[2025-09-28 11:28:41.963] WARNING - Duplicate atom key "login". This is a FATAL ERROR in
      production. But it is safe to ignore this warning if it occurred because of
      hot module replacement.
[2025-09-28 11:28:41.963] WARNING - Duplicate atom key "login". This is a FATAL ERROR in
      production. But it is safe to ignore this warning if it occurred because of
      hot module replacement.
[2025-09-28 11:28:41.963] WARNING - Duplicate atom key "error". This is a FATAL ERROR in
      production. But it is safe to ignore this warning if it occurred because of
      hot module replacement.
[2025-09-28 11:28:41.963] WARNING - Duplicate atom key "error". This is a FATAL ERROR in
      production. But it is safe to ignore this warning if it occurred because of
      hot module replacement.
[2025-09-28 11:28:41.963] WARNING - Duplicate atom key "contactInfos2". This is a FATAL ERROR in
      production. But it is safe to ignore this warning if it occurred because of
      hot module replacement.
[2025-09-28 11:28:41.964] WARNING - Duplicate atom key "contactInfos2". This is a FATAL ERROR in
      production. But it is safe to ignore this warning if it occurred because of
      hot module replacement.
[2025-09-28 11:28:41.964] WARNING - Duplicate atom key "individualApplicantsTimestamp". This is a FATAL ERROR in
      production. But it is safe to ignore this warning if it occurred because of
      hot module replacement.
[2025-09-28 11:28:41.964] WARNING - Duplicate atom key "individualApplicantsTimestamp". This is a FATAL ERROR in
      production. But it is safe to ignore this warning if it occurred because of
      hot module replacement.
[2025-09-28 11:28:41.964] WARNING - Duplicate atom key "customerApplication". This is a FATAL ERROR in
      production. But it is safe to ignore this warning if it occurred because of
      hot module replacement.
[2025-09-28 11:28:41.965] WARNING - Duplicate atom key "customerApplication". This is a FATAL ERROR in
      production. But it is safe to ignore this warning if it occurred because of
      hot module replacement.
[2025-09-28 11:28:41.965] WARNING - Duplicate atom key "individualApplicants". This is a FATAL ERROR in
      production. But it is safe to ignore this warning if it occurred because of
      hot module replacement.
[2025-09-28 11:28:41.965] WARNING - Duplicate atom key "individualApplicants". This is a FATAL ERROR in
      production. But it is safe to ignore this warning if it occurred because of
      hot module replacement.
[2025-09-28 11:28:41.965] WARNING - Duplicate atom key "clearingHouses". This is a FATAL ERROR in
      production. But it is safe to ignore this warning if it occurred because of
      hot module replacement.
[2025-09-28 11:28:41.965] WARNING - Duplicate atom key "clearingHouses". This is a FATAL ERROR in
      production. But it is safe to ignore this warning if it occurred because of
      hot module replacement.
[2025-09-28 11:28:41.965] WARNING - Duplicate atom key "clearXClearingHouse". This is a FATAL ERROR in
      production. But it is safe to ignore this warning if it occurred because of
      hot module replacement.
[2025-09-28 11:28:41.966] WARNING - Duplicate atom key "clearXClearingHouse". This is a FATAL ERROR in
      production. But it is safe to ignore this warning if it occurred because of
      hot module replacement.
[2025-09-28 11:28:41.966] WARNING - Duplicate atom key "applicationClearingHouse". This is a FATAL ERROR in
      production. But it is safe to ignore this warning if it occurred because of
      hot module replacement.
[2025-09-28 11:28:41.966] WARNING - Duplicate atom key "applicationClearingHouse". This is a FATAL ERROR in
      production. But it is safe to ignore this warning if it occurred because of
      hot module replacement.
[2025-09-28 11:28:41.966] WARNING - Duplicate atom key "userLocation". This is a FATAL ERROR in
      production. But it is safe to ignore this warning if it occurred because of
      hot module replacement.
[2025-09-28 11:28:41.966] WARNING - Duplicate atom key "userLocation". This is a FATAL ERROR in
      production. But it is safe to ignore this warning if it occurred because of
      hot module replacement.
[2025-09-28 11:28:41.967] WARNING - Duplicate atom key "savedApplicationsTimestamp". This is a FATAL ERROR in
      production. But it is safe to ignore this warning if it occurred because of
      hot module replacement.
[2025-09-28 11:28:41.967] WARNING - Duplicate atom key "savedApplicationsTimestamp". This is a FATAL ERROR in
      production. But it is safe to ignore this warning if it occurred because of
      hot module replacement.
[2025-09-28 11:28:41.967] WARNING - Duplicate atom key "savedApplications". This is a FATAL ERROR in
      production. But it is safe to ignore this warning if it occurred because of
      hot module replacement.
[2025-09-28 11:28:41.967] WARNING - Duplicate atom key "savedApplications". This is a FATAL ERROR in
      production. But it is safe to ignore this warning if it occurred because of
      hot module replacement.
[2025-09-28 11:28:41.967] WARNING - Duplicate atom key "step". This is a FATAL ERROR in
      production. But it is safe to ignore this warning if it occurred because of
      hot module replacement.
[2025-09-28 11:28:41.968] WARNING - Duplicate atom key "step". This is a FATAL ERROR in
      production. But it is safe to ignore this warning if it occurred because of
      hot module replacement.
[2025-09-28 11:28:41.968] WARNING - Duplicate atom key "checkStates". This is a FATAL ERROR in
      production. But it is safe to ignore this warning if it occurred because of
      hot module replacement.
[2025-09-28 11:28:41.968] WARNING - Duplicate atom key "checkStates". This is a FATAL ERROR in
      production. But it is safe to ignore this warning if it occurred because of
      hot module replacement.
[2025-09-28 11:28:41.968] WARNING - Duplicate atom key "signStates". This is a FATAL ERROR in
      production. But it is safe to ignore this warning if it occurred because of
      hot module replacement.
[2025-09-28 11:28:41.969] WARNING - Duplicate atom key "signStates". This is a FATAL ERROR in
      production. But it is safe to ignore this warning if it occurred because of
      hot module replacement.
[2025-09-28 11:28:41.969] WARNING - Duplicate atom key "wizard". This is a FATAL ERROR in
      production. But it is safe to ignore this warning if it occurred because of
      hot module replacement.
[2025-09-28 11:28:41.969] WARNING - Duplicate atom key "wizard". This is a FATAL ERROR in
      production. But it is safe to ignore this warning if it occurred because of
      hot module replacement.
[2025-09-28 11:28:41.969] WARNING - Duplicate atom key "formBuilder". This is a FATAL ERROR in
      production. But it is safe to ignore this warning if it occurred because of
      hot module replacement.
[2025-09-28 11:28:41.969] WARNING - Duplicate atom key "formBuilder". This is a FATAL ERROR in
      production. But it is safe to ignore this warning if it occurred because of
      hot module replacement.
[2025-09-28 11:28:41.970] WARNING - Duplicate atom key "headerSlot". This is a FATAL ERROR in
      production. But it is safe to ignore this warning if it occurred because of
      hot module replacement.
[2025-09-28 11:28:41.970] WARNING - Duplicate atom key "headerSlot". This is a FATAL ERROR in
      production. But it is safe to ignore this warning if it occurred because of
      hot module replacement.
[2025-09-28 11:28:41.970] WARNING - Duplicate atom key "footerSlot". This is a FATAL ERROR in
      production. But it is safe to ignore this warning if it occurred because of
      hot module replacement.
[2025-09-28 11:28:41.970] WARNING - Duplicate atom key "footerSlot". This is a FATAL ERROR in
      production. But it is safe to ignore this warning if it occurred because of
      hot module replacement.
[2025-09-28 11:28:41.970] WARNING - Duplicate atom key "alloyJourneyToken". This is a FATAL ERROR in
      production. But it is safe to ignore this warning if it occurred because of
      hot module replacement.
[2025-09-28 11:28:41.971] WARNING - Duplicate atom key "alloyJourneyToken". This is a FATAL ERROR in
      production. But it is safe to ignore this warning if it occurred because of
      hot module replacement.
[2025-09-28 11:28:41.971] DEBUG - [bugsnag] Loaded!
[2025-09-28 11:28:41.971] DEBUG - [bugsnag] Loaded!
[2025-09-28 11:28:41.971] INFO - Version 3.250926.0 prod production 
[2025-09-28 11:28:41.971] INFO - Version 3.250926.0 prod production 
[2025-09-28 11:28:41.972] INFO - Time: Sun Sep 28 2025 11:28:41 GMT-0500 (Central Daylight Time)
[2025-09-28 11:28:41.972] INFO - Time:
[2025-09-28 11:28:42.048] LOG - 16:28:42.044Z Try to restore session
[2025-09-28 11:28:42.049] LOG - 16:28:42.044Z Try to restore session
[2025-09-28 11:28:42.051] LOG - 16:28:42.046Z Access token will be renewed in 75 minutes; expired: Sun Sep 28 2025 12:48:36 GMT-0500 (Central Daylight Time), now: Sun Sep 28 2025 11:28:42 GMT-0500 (Central Daylight Time)
[2025-09-28 11:28:42.052] LOG - 16:28:42.046Z Access token will be renewed in 75 minutes; expired: Sun Sep 28 2025 12:48:36 GMT-0500 (Central Daylight Time), now: Sun Sep 28 2025 11:28:42 GMT-0500 (Central Daylight Time)
[2025-09-28 11:28:42.058] WARNING - 16:28:42.055Z [LaunchDarkly] The waitForInitialization function was called without a timeout specified. In a future version a default timeout will be applied.
[2025-09-28 11:28:42.059] WARNING - 16:28:42.055Z [LaunchDarkly] The waitForInitialization function was called without a timeout specified. In a future version a default timeout will be applied.
[2025-09-28 11:28:42.074] INFO - 16:28:42.072Z chart cache state: islands=5, bars=1196
[2025-09-28 11:28:42.075] INFO - 16:28:42.072Z chart cache state: islands=5, bars=1196
[2025-09-28 11:28:42.075] INFO - 16:28:42.073Z Chart history database initialized
[2025-09-28 11:28:42.075] INFO - 16:28:42.073Z Chart history database initialized
[2025-09-28 11:28:42.117] INFO - 16:28:42.115Z [LaunchDarkly] LaunchDarkly client initialized
[2025-09-28 11:28:42.118] INFO - 16:28:42.115Z [LaunchDarkly] LaunchDarkly client initialized
[2025-09-28 11:28:42.118] INFO - 16:28:42.116Z [LaunchDarkly] Opening stream connection to https://clientstream.launchdarkly.com/eval/66cdf5b9cf61891061b4e437/eyJraW5kIjoidXNlciIsImtleSI6InVua25vd24iLCJhbm9ueW1vdXMiOmZhbHNlfQ
[2025-09-28 11:28:42.119] INFO - 16:28:42.116Z [LaunchDarkly] Opening stream connection to https://clientstream.launchdarkly.com/eval/66cdf5b9cf61891061b4e437/eyJraW5kIjoidXNlciIsImtleSI6InVua25vd24iLCJhbm9ueW1vdXMiOmZhbHNlfQ
[2025-09-28 11:28:43.065] INFO - 16:28:43.063Z [LaunchDarkly] Closing stream connection
[2025-09-28 11:28:43.066] INFO - 16:28:43.063Z [LaunchDarkly] Closing stream connection
[2025-09-28 11:28:43.066] INFO - 16:28:43.063Z [LaunchDarkly] Opening stream connection to https://clientstream.launchdarkly.com/eval/66cdf5b9cf61891061b4e437/eyJraW5kIjoidXNlciIsImtleSI6IjM2NTUwNTkiLCJkZXZpY2UiOiJkZXNrdG9wIiwidXNlcklkIjozNjU1MDU5LCJpcENvdW50cnkiOiIiLCJvcmdOYW1lIjoiVERWIiwibmFtZSI6IlN0b25rejkyMjI0IiwibGFuZGluZ1BhcmFtcyI6IiJ9
[2025-09-28 11:28:43.066] INFO - 16:28:43.063Z [LaunchDarkly] Opening stream connection to https://clientstream.launchdarkly.com/eval/66cdf5b9cf61891061b4e437/eyJraW5kIjoidXNlciIsImtleSI6IjM2NTUwNTkiLCJkZXZpY2UiOiJkZXNrdG9wIiwidXNlcklkIjozNjU1MDU5LCJpcENvdW50cnkiOiIiLCJvcmdOYW1lIjoiVERWIiwibmFtZSI6IlN0b25rejkyMjI0IiwibGFuZGluZ1BhcmFtcyI6IiJ9
[2025-09-28 11:28:43.095] INFO - 16:28:43.093Z [LaunchDarkly] Closing stream connection
[2025-09-28 11:28:43.096] INFO - 16:28:43.093Z [LaunchDarkly] Closing stream connection
[2025-09-28 11:28:43.097] INFO - 16:28:43.093Z [LaunchDarkly] Opening stream connection to https://clientstream.launchdarkly.com/eval/66cdf5b9cf61891061b4e437/eyJraW5kIjoidXNlciIsImtleSI6IjM2NTUwNTkiLCJkZXZpY2UiOiJkZXNrdG9wIiwidXNlcklkIjozNjU1MDU5LCJpcENvdW50cnkiOiJVUyIsIm9yZ05hbWUiOiJURFYiLCJuYW1lIjoiU3Rvbmt6OTIyMjQiLCJsYW5kaW5nUGFyYW1zIjoiIn0
[2025-09-28 11:28:43.097] INFO - 16:28:43.093Z [LaunchDarkly] Opening stream connection to https://clientstream.launchdarkly.com/eval/66cdf5b9cf61891061b4e437/eyJraW5kIjoidXNlciIsImtleSI6IjM2NTUwNTkiLCJkZXZpY2UiOiJkZXNrdG9wIiwidXNlcklkIjozNjU1MDU5LCJpcENvdW50cnkiOiJVUyIsIm9yZ05hbWUiOiJURFYiLCJuYW1lIjoiU3Rvbmt6OTIyMjQiLCJsYW5kaW5nUGFyYW1zIjoiIn0
[2025-09-28 11:28:44.749] LOG - 16:28:44.714Z opening https://demo.tradovateapi.com/
[2025-09-28 11:28:44.774] LOG - 16:28:44.714Z opening https://demo.tradovateapi.com/
[2025-09-28 11:28:44.775] LOG - 16:28:44.723Z Hotkeys initialized {"Shift+Digit1":["orders/selectColumns"],"Shift+Digit2":["orders/showFilters"],"Shift+Digit3":["orders/standardTableView"],"Shift+Digit4":["orders/linkedOrdersView"],"Command+Shift+Digit0":["dom-chart/exit-and-cancel"]}
[2025-09-28 11:28:44.775] LOG - 16:28:44.723Z Hotkeys initialized {"Shift+Digit1":["orders/selectColumns"],"Shift+Digit2":["orders/showFilters"],"Shift+Digit3":["orders/standardTableView"],"Shift+Digit4":["orders/linkedOrdersView"],"Command+Shift+Digit0":["dom-chart/exit-and-cancel"]}
[2025-09-28 11:28:44.921] LOG - 16:28:44.920Z websocket opened
[2025-09-28 11:28:44.921] LOG - 16:28:44.920Z websocket opened
[2025-09-28 11:28:45.106] LOG - 16:28:45.104Z opening https://md-demo.tradovateapi.com/
[2025-09-28 11:28:45.107] LOG - 16:28:45.104Z opening https://md-demo.tradovateapi.com/
[2025-09-28 11:28:45.108] LOG - 16:28:45.106Z Connection:  open
[2025-09-28 11:28:45.108] LOG - 16:28:45.106Z Connection:  open
[2025-09-28 11:28:45.179] LOG - 16:28:45.174Z WebGL:  {"isWebGL2":true,"precision":"highp","logarithmicDepthBuffer":false,"maxTextures":16,"maxVertexTextures":16,"maxTextureSize":16384,"maxCubemapSize":16384,"maxAttributes":16,"maxVertexUniforms":1024,"maxVaryings":30,"maxFragmentUniforms":1024,"vertexTextures":true,"floatFragmentTextures":true,"floatVertexTextures":true,"maxSamples":8} , devicePixelRatio:  2
[2025-09-28 11:28:45.180] LOG - 16:28:45.174Z WebGL:  {"isWebGL2":true,"precision":"highp","logarithmicDepthBuffer":false,"maxTextures":16,"maxVertexTextures":16,"maxTextureSize":16384,"maxCubemapSize":16384,"maxAttributes":16,"maxVertexUniforms":1024,"maxVaryings":30,"maxFragmentUniforms":1024,"vertexTextures":true,"floatFragmentTextures":true,"floatVertexTextures":true,"maxSamples":8} , devicePixelRatio:  2
[2025-09-28 11:28:45.184] LOG - 16:28:45.174Z Canvas size: 1119 991 dpp:  2
[2025-09-28 11:28:45.184] LOG - 16:28:45.174Z Canvas size: 1119 991 dpp:  2
[2025-09-28 11:28:45.245] LOG - 16:28:45.191Z Loading App-level Plugins
[2025-09-28 11:28:45.249] LOG - 16:28:45.191Z Loading App-level Plugins
[2025-09-28 11:28:45.249] LOG - 16:28:45.210Z WebGL:  {"isWebGL2":true,"precision":"highp","logarithmicDepthBuffer":false,"maxTextures":16,"maxVertexTextures":16,"maxTextureSize":16384,"maxCubemapSize":16384,"maxAttributes":16,"maxVertexUniforms":1024,"maxVaryings":30,"maxFragmentUniforms":1024,"vertexTextures":true,"floatFragmentTextures":true,"floatVertexTextures":true,"maxSamples":8} , devicePixelRatio:  2
[2025-09-28 11:28:45.249] LOG - 16:28:45.210Z WebGL:  {"isWebGL2":true,"precision":"highp","logarithmicDepthBuffer":false,"maxTextures":16,"maxVertexTextures":16,"maxTextureSize":16384,"maxCubemapSize":16384,"maxAttributes":16,"maxVertexUniforms":1024,"maxVaryings":30,"maxFragmentUniforms":1024,"vertexTextures":true,"floatFragmentTextures":true,"floatVertexTextures":true,"maxSamples":8} , devicePixelRatio:  2
[2025-09-28 11:28:45.253] LOG - 16:28:45.210Z Canvas size: 1119 991 dpp:  2
[2025-09-28 11:28:45.254] LOG - 16:28:45.210Z Canvas size: 1119 991 dpp:  2
[2025-09-28 11:28:45.320] LOG - 16:28:45.317Z websocket opened
[2025-09-28 11:28:45.320] LOG - 16:28:45.317Z websocket opened
[2025-09-28 11:28:45.328] LOG - 16:28:45.325Z Auto Order script initialized - AUTOMATIC HOT RELOAD SUCCESS!
[2025-09-28 11:28:45.329] LOG - 16:28:45.325Z Auto Order script initialized - AUTOMATIC HOT RELOAD SUCCESS!
[2025-09-28 11:28:45.330] LOG - 16:28:45.327Z Creating UI for dashboard trading...
[2025-09-28 11:28:45.331] LOG - 16:28:45.327Z Creating UI for dashboard trading...
[2025-09-28 11:28:45.332] LOG - 16:28:45.327Z Creating UI (visible=false)
[2025-09-28 11:28:45.333] LOG - 16:28:45.327Z Creating UI (visible=false)
[2025-09-28 11:28:45.334] LOG - 16:28:45.328Z Stored values: TP=100, SL=40, Qty=3, Tick=0.25, Symbol=NQ
[2025-09-28 11:28:45.335] LOG - 16:28:45.328Z Stored values: TP=100, SL=40, Qty=3, Tick=0.25, Symbol=NQ
[2025-09-28 11:28:45.335] LOG - 16:28:45.328Z UI container added to DOM
[2025-09-28 11:28:45.336] LOG - 16:28:45.328Z UI container added to DOM
[2025-09-28 11:28:45.337] LOG - 16:28:45.328Z Setting up localStorage persistence
[2025-09-28 11:28:45.337] LOG - 16:28:45.328Z Setting up localStorage persistence
[2025-09-28 11:28:45.338] LOG - 16:28:45.328Z UI initialization complete
[2025-09-28 11:28:45.339] LOG - 16:28:45.328Z UI initialization complete
[2025-09-28 11:28:45.339] LOG - 16:28:45.328Z Creating example front-quarter symbol
[2025-09-28 11:28:45.339] LOG - 16:28:45.328Z Creating example front-quarter symbol
[2025-09-28 11:28:45.340] LOG - 16:28:45.329Z getQuarterlyCode called with date: 2025-09-28T16:28:45.328Z
[2025-09-28 11:28:45.340] LOG - 16:28:45.329Z getQuarterlyCode called with date: 2025-09-28T16:28:45.328Z
[2025-09-28 11:28:45.341] LOG - 16:28:45.329Z Current month index: 8
[2025-09-28 11:28:45.341] LOG - 16:28:45.329Z Current month index: 8
[2025-09-28 11:28:45.341] LOG - 16:28:45.329Z Starting calculation with year=2025, month=8
[2025-09-28 11:28:45.342] LOG - 16:28:45.329Z Starting calculation with year=2025, month=8
[2025-09-28 11:28:45.342] LOG - 16:28:45.329Z Calculated quarterly code: letter=Z, yearDigit=5
[2025-09-28 11:28:45.342] LOG - 16:28:45.329Z Calculated quarterly code: letter=Z, yearDigit=5
[2025-09-28 11:28:45.342] LOG - 16:28:45.329Z Example front-quarter symbol created: NQZ5
[2025-09-28 11:28:45.343] LOG - 16:28:45.329Z Example front-quarter symbol created: NQZ5
[2025-09-28 11:28:45.343] LOG - 16:28:45.336Z Auto Risk Management: Running initial risk assessment...
[2025-09-28 11:28:45.343] LOG - 16:28:45.336Z Auto Risk Management: Running initial risk assessment...
[2025-09-28 11:28:45.343] LOG - 16:28:45.337Z [updateUserColumnPhaseStatus] Starting...
[2025-09-28 11:28:45.343] LOG - 16:28:45.337Z [updateUserColumnPhaseStatus] Starting...
[2025-09-28 11:28:45.343] ERROR - 16:28:45.337Z [updateUserColumnPhaseStatus] No accountTable found
[2025-09-28 11:28:45.344] ERROR - 16:28:45.337Z [updateUserColumnPhaseStatus] No accountTable found
[2025-09-28 11:28:45.344] LOG - 16:28:45.340Z Auto Risk Management: Initial risk assessment completed
[2025-09-28 11:28:45.344] LOG - 16:28:45.340Z Auto Risk Management: Initial risk assessment completed
[2025-09-28 11:28:45.631] LOG - 16:28:45.630Z loadAppLevelPlugins:  [object Object]
[2025-09-28 11:28:45.632] LOG - 16:28:45.630Z loadAppLevelPlugins: 
[2025-09-28 11:28:45.640] LOG - 16:28:45.633Z sync to remote accountGroups
[2025-09-28 11:28:45.641] LOG - 16:28:45.633Z sync to remote accountGroups
[2025-09-28 11:28:46.621] LOG - 16:28:46.620Z jailing is in progress
[2025-09-28 11:28:46.622] LOG - 16:28:46.620Z jailing is in progress
[2025-09-28 11:28:46.625] LOG - 16:28:46.624Z Executing initial risk management assessment...
[2025-09-28 11:28:46.626] LOG - 16:28:46.624Z Executing initial risk management assessment...
[2025-09-28 11:28:46.627] ERROR - 16:28:46.624Z getTableData function not found
[2025-09-28 11:28:46.628] ERROR - 16:28:46.624Z getTableData function not found
[2025-09-28 11:28:46.628] ERROR - 16:28:46.625Z updateUserColumnPhaseStatus function not found
[2025-09-28 11:28:46.628] ERROR - 16:28:46.625Z updateUserColumnPhaseStatus function not found
[2025-09-28 11:28:46.628] ERROR - 16:28:46.625Z performAccountActions function not found
[2025-09-28 11:28:46.628] ERROR - 16:28:46.625Z performAccountActions function not found
[2025-09-28 11:28:46.629] LOG - 16:28:46.625Z Risk management assessment completed
[2025-09-28 11:28:46.629] LOG - 16:28:46.625Z Risk management assessment completed
[2025-09-28 11:28:46.879] LOG - 16:28:46.863Z created chart 1
[2025-09-28 11:28:46.880] LOG - 16:28:46.863Z created chart 1
[2025-09-28 11:28:46.880] LOG - 16:28:46.870Z created chart 2
[2025-09-28 11:28:46.880] LOG - 16:28:46.870Z created chart 2
[2025-09-28 11:28:47.157] LOG - 16:28:47.142Z [analyzePhase] resetting phaseData
[2025-09-28 11:28:47.158] LOG - 16:28:47.142Z [analyzePhase] resetting phaseData
[2025-09-28 11:28:47.159] LOG - 16:28:47.143Z [analyzePhase] set phase 1 maxActive to 1
[2025-09-28 11:28:47.159] LOG - 16:28:47.143Z [analyzePhase] set phase 1 maxActive to 1
[2025-09-28 11:28:47.159] LOG - 16:28:47.143Z [analyzePhase] increased phase 2 maxActive to 1
[2025-09-28 11:28:47.159] LOG - 16:28:47.143Z [analyzePhase] increased phase 2 maxActive to 1
[2025-09-28 11:28:47.259] LOG - 16:28:47.258Z requestChart: {"symbol":"3267312","chartDescription":{"underlyingType":"Tick","elementSize":5000,"elementSizeUnit":"UnderlyingUnits","withHistogram":false},"timeRange":{"asMuchAsElements":300}}
[2025-09-28 11:28:47.260] LOG - 16:28:47.258Z requestChart: {"symbol":"3267312","chartDescription":{"underlyingType":"Tick","elementSize":5000,"elementSizeUnit":"UnderlyingUnits","withHistogram":false},"timeRange":{"asMuchAsElements":300}}
[2025-09-28 11:28:47.260] LOG - 16:28:47.258Z mdMgApi open
[2025-09-28 11:28:47.260] LOG - 16:28:47.258Z mdMgApi open
[2025-09-28 11:28:47.369] LOG - 16:28:47.367Z requestChart: {"symbol":"4086418","chartDescription":{"underlyingType":"MinuteBar","elementSize":15,"elementSizeUnit":"UnderlyingUnits","withHistogram":false},"timeRange":{"asMuchAsElements":300}}
[2025-09-28 11:28:47.370] LOG - 16:28:47.367Z requestChart: {"symbol":"4086418","chartDescription":{"underlyingType":"MinuteBar","elementSize":15,"elementSizeUnit":"UnderlyingUnits","withHistogram":false},"timeRange":{"asMuchAsElements":300}}
[2025-09-28 11:28:47.370] LOG - 16:28:47.367Z mdMgApi open
[2025-09-28 11:28:47.371] LOG - 16:28:47.367Z mdMgApi open
[2025-09-28 11:28:47.463] LOG - 16:28:47.462Z pending jailing done. next starts
[2025-09-28 11:28:47.464] LOG - 16:28:47.462Z pending jailing done. next starts
[2025-09-28 11:28:47.649] LOG - 16:28:47.648Z [analyzePhase] resetting phaseData
[2025-09-28 11:28:47.651] LOG - 16:28:47.648Z [analyzePhase] resetting phaseData
[2025-09-28 11:28:47.652] LOG - 16:28:47.648Z [analyzePhase] set phase 1 maxActive to 1
[2025-09-28 11:28:47.653] LOG - 16:28:47.648Z [analyzePhase] set phase 1 maxActive to 1
[2025-09-28 11:28:47.654] LOG - 16:28:47.648Z [analyzePhase] increased phase 2 maxActive to 1
[2025-09-28 11:28:47.655] LOG - 16:28:47.648Z [analyzePhase] increased phase 2 maxActive to 1
[2025-09-28 11:28:47.655] LOG - 16:28:47.649Z Set DEMO3655059 qty to 20
[2025-09-28 11:28:47.656] LOG - 16:28:47.649Z Set DEMO3655059 qty to 20
[2025-09-28 11:28:47.656] LOG - 16:28:47.649Z Set DEMO3655059-2 qty to 10
[2025-09-28 11:28:47.657] LOG - 16:28:47.649Z Set DEMO3655059-2 qty to 10
[2025-09-28 11:28:47.657] LOG - 16:28:47.649Z [analyzePhase] resetting phaseData
[2025-09-28 11:28:47.657] LOG - 16:28:47.649Z [analyzePhase] resetting phaseData
[2025-09-28 11:28:47.657] LOG - 16:28:47.650Z [analyzePhase] set phase 1 maxActive to 1
[2025-09-28 11:28:47.658] LOG - 16:28:47.650Z [analyzePhase] set phase 1 maxActive to 1
[2025-09-28 11:28:47.658] LOG - 16:28:47.650Z [analyzePhase] increased phase 2 maxActive to 1
[2025-09-28 11:28:47.658] LOG - 16:28:47.650Z [analyzePhase] increased phase 2 maxActive to 1
[2025-09-28 11:28:47.684] warning - The AudioContext was not allowed to start. It must be resumed (or created) after a user gesture on the page. https://developer.chrome.com/blog/autoplay/#web_audio
[2025-09-28 11:28:48.585] LOG - 16:28:48.583Z updating the shared isolation
[2025-09-28 11:28:48.585] LOG - 16:28:48.583Z updating the shared isolation
[2025-09-28 11:28:49.219] LOG - 16:28:49.218Z updating the shared isolation
[2025-09-28 11:28:49.220] LOG - 16:28:49.218Z updating the shared isolation
[2025-09-28 11:28:49.258] LOG - 16:28:49.257Z Updated master quantity to 30
[2025-09-28 11:28:49.261] LOG - 16:28:49.257Z Updated master quantity to 30
[2025-09-28 11:28:49.261] LOG - 16:28:49.257Z Saved bracketTrade_qty = 30
[2025-09-28 11:28:49.262] LOG - 16:28:49.257Z Saved bracketTrade_qty = 30
[2025-09-28 11:28:49.262] LOG - 16:28:49.257Z Updated bracket trade quantity to 30
[2025-09-28 11:28:49.263] LOG - 16:28:49.257Z Updated bracket trade quantity to 30
[2025-09-28 11:29:42.110] INFO - 16:29:42.108Z time stats. avg diff: 59, min: 59, max: 59, roundtrip: 54 msec, #1
[2025-09-28 11:29:42.110] INFO - 16:29:42.108Z time stats. avg diff: 59, min: 59, max: 59, roundtrip: 54 msec, #1
[2025-09-28 11:30:45.234] LOG - 16:30:45.233Z WebGL:  {"geometries":71,"textures":1} 6 , devicePixelRatio:  2
[2025-09-28 11:30:45.234] LOG - 16:30:45.233Z WebGL:  {"geometries":71,"textures":1} 6 , devicePixelRatio:  2
[2025-09-28 11:32:45.234] LOG - 16:32:45.232Z WebGL:  {"geometries":71,"textures":1} 6 , devicePixelRatio:  2
[2025-09-28 11:32:45.234] LOG - 16:32:45.232Z WebGL:  {"geometries":71,"textures":1} 6 , devicePixelRatio:  2
[2025-09-28 11:34:45.234] LOG - 16:34:45.232Z WebGL:  {"geometries":71,"textures":1} 6 , devicePixelRatio:  2
[2025-09-28 11:34:45.234] LOG - 16:34:45.232Z WebGL:  {"geometries":71,"textures":1} 6 , devicePixelRatio:  2
[2025-09-28 11:36:34.191] INFO - 16:36:34.166Z visibilitychange: hidden, gd: 1000
[2025-09-28 11:36:34.202] INFO - 16:36:34.166Z visibilitychange: hidden, gd: 1000
