[2025-09-24 16:04:13.047] LOG - 21:04:13.042Z Starting login process for: stonkz92224@gmail.com
[2025-09-24 16:04:13.048] LOG - 21:04:13.042Z Starting login process for: stonkz92224@gmail.com
[2025-09-24 16:04:13.048] LOG - 21:04:13.043Z Auto login function executing for: stonkz92224@gmail.com
[2025-09-24 16:04:13.048] LOG - 21:04:13.043Z Auto login function executing for: stonkz92224@gmail.com
[2025-09-24 16:04:13.049] LOG - 21:04:13.043Z Login form found, filling credentials...
[2025-09-24 16:04:13.049] LOG - 21:04:13.043Z Login form found, filling credentials...
[2025-09-24 16:04:13.194] LOG - 21:04:13.073Z Test element added to DOM
[2025-09-24 16:04:13.195] LOG - 21:04:13.073Z Test element added to DOM
[2025-09-24 16:04:13.198] LOG - 21:04:13.196Z All browser alerts and confirmations have been disabled
[2025-09-24 16:04:13.199] LOG - 21:04:13.196Z All browser alerts and confirmations have been disabled
[2025-09-24 16:04:13.559] LOG - 21:04:13.557Z Clicking login button...
[2025-09-24 16:04:13.559] LOG - 21:04:13.557Z Clicking login button...
[2025-09-24 16:04:13.569] LOG - 21:04:13.566Z authentication starting
[2025-09-24 16:04:13.571] LOG - 21:04:13.566Z authentication starting
[2025-09-24 16:04:13.951] warning - The AudioContext was not allowed to start. It must be resumed (or created) after a user gesture on the page. https://developer.chrome.com/blog/autoplay/#web_audio
[2025-09-24 16:04:13.952] LOG - 21:04:13.931Z Watching for account selection page...
[2025-09-24 16:04:13.953] LOG - 21:04:13.931Z Watching for account selection page...
[2025-09-24 16:04:14.202] LOG - 21:04:14.201Z Access token will be renewed in 75 minutes; expired: Wed Sep 24 2025 17:24:14 GMT-0500 (Central Daylight Time), now: Wed Sep 24 2025 16:04:14 GMT-0500 (Central Daylight Time)
[2025-09-24 16:04:14.202] LOG - 21:04:14.201Z Access token will be renewed in 75 minutes; expired: Wed Sep 24 2025 17:24:14 GMT-0500 (Central Daylight Time), now: Wed Sep 24 2025 16:04:14 GMT-0500 (Central Daylight Time)
[2025-09-24 16:04:14.443] INFO - 21:04:14.440Z [LaunchDarkly] Closing stream connection
[2025-09-24 16:04:14.443] INFO - 21:04:14.440Z [LaunchDarkly] Closing stream connection
[2025-09-24 16:04:14.443] INFO - 21:04:14.440Z [LaunchDarkly] Opening stream connection to https://clientstream.launchdarkly.com/eval/66cdf5b9cf61891061b4e437/eyJraW5kIjoidXNlciIsImtleSI6IjM2NTUwNTkiLCJkZXZpY2UiOiJkZXNrdG9wIiwidXNlcklkIjozNjU1MDU5LCJpcENvdW50cnkiOiJVUyIsIm9yZ05hbWUiOiJURFYiLCJuYW1lIjoiU3Rvbmt6OTIyMjQiLCJsYW5kaW5nUGFyYW1zIjoiIn0
[2025-09-24 16:04:14.443] INFO - 21:04:14.440Z [LaunchDarkly] Opening stream connection to https://clientstream.launchdarkly.com/eval/66cdf5b9cf61891061b4e437/eyJraW5kIjoidXNlciIsImtleSI6IjM2NTUwNTkiLCJkZXZpY2UiOiJkZXNrdG9wIiwidXNlcklkIjozNjU1MDU5LCJpcENvdW50cnkiOiJVUyIsIm9yZ05hbWUiOiJURFYiLCJuYW1lIjoiU3Rvbmt6OTIyMjQiLCJsYW5kaW5nUGFyYW1zIjoiIn0
[2025-09-24 16:04:14.512] INFO - 21:04:14.511Z [LaunchDarkly] Closing stream connection
[2025-09-24 16:04:14.513] INFO - 21:04:14.511Z [LaunchDarkly] Closing stream connection
[2025-09-24 16:04:14.513] INFO - 21:04:14.511Z [LaunchDarkly] Opening stream connection to https://clientstream.launchdarkly.com/eval/66cdf5b9cf61891061b4e437/eyJraW5kIjoidXNlciIsImtleSI6IjM2NTUwNTkiLCJkZXZpY2UiOiJkZXNrdG9wIiwidXNlcklkIjozNjU1MDU5LCJpcENvdW50cnkiOiJVUyIsIm9yZ05hbWUiOiJURFYiLCJuYW1lIjoiU3Rvbmt6OTIyMjQiLCJsYW5kaW5nUGFyYW1zIjoiIn0
[2025-09-24 16:04:14.514] INFO - 21:04:14.511Z [LaunchDarkly] Opening stream connection to https://clientstream.launchdarkly.com/eval/66cdf5b9cf61891061b4e437/eyJraW5kIjoidXNlciIsImtleSI6IjM2NTUwNTkiLCJkZXZpY2UiOiJkZXNrdG9wIiwidXNlcklkIjozNjU1MDU5LCJpcENvdW50cnkiOiJVUyIsIm9yZ05hbWUiOiJURFYiLCJuYW1lIjoiU3Rvbmt6OTIyMjQiLCJsYW5kaW5nUGFyYW1zIjoiIn0
[2025-09-24 16:04:14.573] INFO - 21:04:14.572Z [LaunchDarkly] Closing stream connection
[2025-09-24 16:04:14.573] INFO - 21:04:14.572Z [LaunchDarkly] Closing stream connection
[2025-09-24 16:04:14.574] INFO - 21:04:14.572Z [LaunchDarkly] Opening stream connection to https://clientstream.launchdarkly.com/eval/66cdf5b9cf61891061b4e437/eyJraW5kIjoidXNlciIsImtleSI6IjM2NTUwNTkiLCJkZXZpY2UiOiJkZXNrdG9wIiwidXNlcklkIjozNjU1MDU5LCJpcENvdW50cnkiOiJVUyIsIm9yZ05hbWUiOiJURFYiLCJuYW1lIjoiU3Rvbmt6OTIyMjQiLCJsYW5kaW5nUGFyYW1zIjoiIn0
[2025-09-24 16:04:14.574] INFO - 21:04:14.572Z [LaunchDarkly] Opening stream connection to https://clientstream.launchdarkly.com/eval/66cdf5b9cf61891061b4e437/eyJraW5kIjoidXNlciIsImtleSI6IjM2NTUwNTkiLCJkZXZpY2UiOiJkZXNrdG9wIiwidXNlcklkIjozNjU1MDU5LCJpcENvdW50cnkiOiJVUyIsIm9yZ05hbWUiOiJURFYiLCJuYW1lIjoiU3Rvbmt6OTIyMjQiLCJsYW5kaW5nUGFyYW1zIjoiIn0
[2025-09-24 16:04:15.933] LOG - 21:04:15.932Z Account selection page detected, clicking button...
[2025-09-24 16:04:15.934] LOG - 21:04:15.932Z Account selection page detected, clicking button...
[2025-09-24 16:04:16.065] LOG - 21:04:16.041Z Access token will be renewed in 75 minutes; expired: Wed Sep 24 2025 17:24:14 GMT-0500 (Central Daylight Time), now: Wed Sep 24 2025 16:04:16 GMT-0500 (Central Daylight Time)
[2025-09-24 16:04:16.065] LOG - 21:04:16.041Z Access token will be renewed in 75 minutes; expired: Wed Sep 24 2025 17:24:14 GMT-0500 (Central Daylight Time), now: Wed Sep 24 2025 16:04:16 GMT-0500 (Central Daylight Time)
[2025-09-24 16:04:16.125] error - Refused to connect to 'https://bat.bing.com/actionp/0?ti=26330043&Ver=2&mid=f255c3d1-0fc3-4556-bfb7-668351e7ef5c&bo=2&sid=a82ace0097af11f0b51d4179c6f235dd&vid=99c3288092fe11f0bc7275adc39e6add&vids=0&msclkid=N&evt=pageHide' because it violates the following Content Security Policy directive: "connect-src wss://*.tradovate.com https://*.tradovate.com https://*.ntinnolab.com https://*.devel.ninjatrader.dev https://*.staging.ninjatrader.dev https://*.uat.ninjatrader.dev wss://*.ntinnolab.com wss://*.devel.ninjatrader.dev wss://*.staging.ninjatrader.dev wss://*.uat.ninjatrader.dev wss://*.tradovateapi.com https://*.tradovateapi.com https://*.ninjatrader.com https://cdn.walkme.com https://ec.walkme.com https://sessions.bugsnag.com https://notify.bugsnag.com https://*.plaid.com https://*.yodlee.com https://tradovate.zendesk.com https://rollout.ada.support https://static.ada.support https://ninjatrader.ada.support https://tradovate.ada.support https://ninjatrader-eap.ada.support/ https://demo-ninjatrader-gr.ada.support/ https://tradovate-gen.ada.support/ https://api.stripe.com https://apiproxy.ninjatrader.com https://apiproxy-d.ninjatrader.com https://us-autocomplete-pro.api.smartystreets.com https://international-autocomplete.api.smarty.com https://maps.googleapis.com https://accounts.google.com/ https://www.google.com https://www.googletagmanager.com/ https://*.browser-intake-datadoghq.com https://scripts.neuro-id.com https://receiver.neuroid.cloud https://logs.neuro-id.com https://firebaseinstallations.googleapis.com/ https://firebaseremoteconfig.googleapis.com/ https://logx.optimizely.com https://*.optimizely.com wss://mpsnare.iesnare.com wss://ci-mpsnare.iovation.com https://*.iovation.com/ https://*.reddit.com  https://www.redditstatic.com https://*.taboola.com https://*.launchdarkly.com https://*.alloy.co https://*.maze.co https://www.google-analytics.com https://analytics.google.com https://www.googletagmanager.com/ https://api.hubapi.com https://forms.hubspot.com https://stats.g.doubleclick.net https://alb.reddit.com https://analytics.twitter.com https://heapanalytics.com https://*.auryc.com https://*.contentsquare.net https://siteintercept.qualtrics.com https://api.userway.org/".

[2025-09-24 16:04:16.127] INFO - 21:04:16.126Z visibilitychange: hidden, gd: 1000
[2025-09-24 16:04:16.128] INFO - 21:04:16.126Z visibilitychange: hidden, gd: 1000
[2025-09-24 16:04:16.130] WARNING - 21:04:16.127Z [LaunchDarkly] Error on stream connection: {"isTrusted":true}, will continue retrying after 525 milliseconds.
[2025-09-24 16:04:16.132] WARNING - 21:04:16.127Z [LaunchDarkly] Error on stream connection: {"isTrusted":true}, will continue retrying after 525 milliseconds.
[2025-09-24 16:04:16.132] INFO - 21:04:16.127Z [LaunchDarkly] Closing stream connection
[2025-09-24 16:04:16.133] INFO - 21:04:16.127Z [LaunchDarkly] Closing stream connection
[2025-09-24 16:04:16.496] WARNING - Duplicate atom key "locale". This is a FATAL ERROR in
      production. But it is safe to ignore this warning if it occurred because of
      hot module replacement.
[2025-09-24 16:04:16.497] WARNING - Duplicate atom key "locale". This is a FATAL ERROR in
      production. But it is safe to ignore this warning if it occurred because of
      hot module replacement.
[2025-09-24 16:04:16.498] WARNING - Duplicate atom key "muiTheme". This is a FATAL ERROR in
      production. But it is safe to ignore this warning if it occurred because of
      hot module replacement.
[2025-09-24 16:04:16.500] WARNING - Duplicate atom key "muiTheme". This is a FATAL ERROR in
      production. But it is safe to ignore this warning if it occurred because of
      hot module replacement.
[2025-09-24 16:04:16.502] WARNING - Duplicate atom key "appLinksFooter". This is a FATAL ERROR in
      production. But it is safe to ignore this warning if it occurred because of
      hot module replacement.
[2025-09-24 16:04:16.504] WARNING - Duplicate atom key "appLinksFooter". This is a FATAL ERROR in
      production. But it is safe to ignore this warning if it occurred because of
      hot module replacement.
[2025-09-24 16:04:16.504] WARNING - Duplicate atom key "currentUserId2". This is a FATAL ERROR in
      production. But it is safe to ignore this warning if it occurred because of
      hot module replacement.
[2025-09-24 16:04:16.505] WARNING - Duplicate atom key "currentUserId2". This is a FATAL ERROR in
      production. But it is safe to ignore this warning if it occurred because of
      hot module replacement.
[2025-09-24 16:04:16.506] WARNING - Duplicate atom key "onboardingInProgress". This is a FATAL ERROR in
      production. But it is safe to ignore this warning if it occurred because of
      hot module replacement.
[2025-09-24 16:04:16.507] WARNING - Duplicate atom key "onboardingInProgress". This is a FATAL ERROR in
      production. But it is safe to ignore this warning if it occurred because of
      hot module replacement.
[2025-09-24 16:04:16.508] WARNING - Duplicate atom key "editing". This is a FATAL ERROR in
      production. But it is safe to ignore this warning if it occurred because of
      hot module replacement.
[2025-09-24 16:04:16.509] WARNING - Duplicate atom key "editing". This is a FATAL ERROR in
      production. But it is safe to ignore this warning if it occurred because of
      hot module replacement.
[2025-09-24 16:04:16.509] WARNING - Duplicate atom key "infoMessage". This is a FATAL ERROR in
      production. But it is safe to ignore this warning if it occurred because of
      hot module replacement.
[2025-09-24 16:04:16.510] WARNING - Duplicate atom key "infoMessage". This is a FATAL ERROR in
      production. But it is safe to ignore this warning if it occurred because of
      hot module replacement.
[2025-09-24 16:04:16.511] WARNING - Duplicate atom key "browserWarning". This is a FATAL ERROR in
      production. But it is safe to ignore this warning if it occurred because of
      hot module replacement.
[2025-09-24 16:04:16.512] WARNING - Duplicate atom key "browserWarning". This is a FATAL ERROR in
      production. But it is safe to ignore this warning if it occurred because of
      hot module replacement.
[2025-09-24 16:04:16.513] WARNING - Duplicate atom key "clockWarning". This is a FATAL ERROR in
      production. But it is safe to ignore this warning if it occurred because of
      hot module replacement.
[2025-09-24 16:04:16.514] WARNING - Duplicate atom key "clockWarning". This is a FATAL ERROR in
      production. But it is safe to ignore this warning if it occurred because of
      hot module replacement.
[2025-09-24 16:04:16.515] WARNING - Duplicate atom key "breakpoint". This is a FATAL ERROR in
      production. But it is safe to ignore this warning if it occurred because of
      hot module replacement.
[2025-09-24 16:04:16.515] WARNING - Duplicate atom key "breakpoint". This is a FATAL ERROR in
      production. But it is safe to ignore this warning if it occurred because of
      hot module replacement.
[2025-09-24 16:04:16.516] WARNING - Duplicate atom key "inMobileRange". This is a FATAL ERROR in
      production. But it is safe to ignore this warning if it occurred because of
      hot module replacement.
[2025-09-24 16:04:16.520] WARNING - Duplicate atom key "inMobileRange". This is a FATAL ERROR in
      production. But it is safe to ignore this warning if it occurred because of
      hot module replacement.
[2025-09-24 16:04:16.521] WARNING - Duplicate atom key "gridSpacing". This is a FATAL ERROR in
      production. But it is safe to ignore this warning if it occurred because of
      hot module replacement.
[2025-09-24 16:04:16.521] WARNING - Duplicate atom key "gridSpacing". This is a FATAL ERROR in
      production. But it is safe to ignore this warning if it occurred because of
      hot module replacement.
[2025-09-24 16:04:16.521] WARNING - Duplicate atom key "login". This is a FATAL ERROR in
      production. But it is safe to ignore this warning if it occurred because of
      hot module replacement.
[2025-09-24 16:04:16.521] WARNING - Duplicate atom key "login". This is a FATAL ERROR in
      production. But it is safe to ignore this warning if it occurred because of
      hot module replacement.
[2025-09-24 16:04:16.522] WARNING - Duplicate atom key "error". This is a FATAL ERROR in
      production. But it is safe to ignore this warning if it occurred because of
      hot module replacement.
[2025-09-24 16:04:16.522] WARNING - Duplicate atom key "error". This is a FATAL ERROR in
      production. But it is safe to ignore this warning if it occurred because of
      hot module replacement.
[2025-09-24 16:04:16.522] WARNING - Duplicate atom key "contactInfos2". This is a FATAL ERROR in
      production. But it is safe to ignore this warning if it occurred because of
      hot module replacement.
[2025-09-24 16:04:16.522] WARNING - Duplicate atom key "contactInfos2". This is a FATAL ERROR in
      production. But it is safe to ignore this warning if it occurred because of
      hot module replacement.
[2025-09-24 16:04:16.522] WARNING - Duplicate atom key "individualApplicantsTimestamp". This is a FATAL ERROR in
      production. But it is safe to ignore this warning if it occurred because of
      hot module replacement.
[2025-09-24 16:04:16.522] WARNING - Duplicate atom key "individualApplicantsTimestamp". This is a FATAL ERROR in
      production. But it is safe to ignore this warning if it occurred because of
      hot module replacement.
[2025-09-24 16:04:16.523] WARNING - Duplicate atom key "customerApplication". This is a FATAL ERROR in
      production. But it is safe to ignore this warning if it occurred because of
      hot module replacement.
[2025-09-24 16:04:16.523] WARNING - Duplicate atom key "customerApplication". This is a FATAL ERROR in
      production. But it is safe to ignore this warning if it occurred because of
      hot module replacement.
[2025-09-24 16:04:16.523] WARNING - Duplicate atom key "individualApplicants". This is a FATAL ERROR in
      production. But it is safe to ignore this warning if it occurred because of
      hot module replacement.
[2025-09-24 16:04:16.523] WARNING - Duplicate atom key "individualApplicants". This is a FATAL ERROR in
      production. But it is safe to ignore this warning if it occurred because of
      hot module replacement.
[2025-09-24 16:04:16.523] WARNING - Duplicate atom key "clearingHouses". This is a FATAL ERROR in
      production. But it is safe to ignore this warning if it occurred because of
      hot module replacement.
[2025-09-24 16:04:16.523] WARNING - Duplicate atom key "clearingHouses". This is a FATAL ERROR in
      production. But it is safe to ignore this warning if it occurred because of
      hot module replacement.
[2025-09-24 16:04:16.523] WARNING - Duplicate atom key "clearXClearingHouse". This is a FATAL ERROR in
      production. But it is safe to ignore this warning if it occurred because of
      hot module replacement.
[2025-09-24 16:04:16.523] WARNING - Duplicate atom key "clearXClearingHouse". This is a FATAL ERROR in
      production. But it is safe to ignore this warning if it occurred because of
      hot module replacement.
[2025-09-24 16:04:16.523] WARNING - Duplicate atom key "applicationClearingHouse". This is a FATAL ERROR in
      production. But it is safe to ignore this warning if it occurred because of
      hot module replacement.
[2025-09-24 16:04:16.524] WARNING - Duplicate atom key "applicationClearingHouse". This is a FATAL ERROR in
      production. But it is safe to ignore this warning if it occurred because of
      hot module replacement.
[2025-09-24 16:04:16.524] WARNING - Duplicate atom key "userLocation". This is a FATAL ERROR in
      production. But it is safe to ignore this warning if it occurred because of
      hot module replacement.
[2025-09-24 16:04:16.524] WARNING - Duplicate atom key "userLocation". This is a FATAL ERROR in
      production. But it is safe to ignore this warning if it occurred because of
      hot module replacement.
[2025-09-24 16:04:16.524] WARNING - Duplicate atom key "savedApplicationsTimestamp". This is a FATAL ERROR in
      production. But it is safe to ignore this warning if it occurred because of
      hot module replacement.
[2025-09-24 16:04:16.524] WARNING - Duplicate atom key "savedApplicationsTimestamp". This is a FATAL ERROR in
      production. But it is safe to ignore this warning if it occurred because of
      hot module replacement.
[2025-09-24 16:04:16.524] WARNING - Duplicate atom key "savedApplications". This is a FATAL ERROR in
      production. But it is safe to ignore this warning if it occurred because of
      hot module replacement.
[2025-09-24 16:04:16.524] WARNING - Duplicate atom key "savedApplications". This is a FATAL ERROR in
      production. But it is safe to ignore this warning if it occurred because of
      hot module replacement.
[2025-09-24 16:04:16.525] WARNING - Duplicate atom key "step". This is a FATAL ERROR in
      production. But it is safe to ignore this warning if it occurred because of
      hot module replacement.
[2025-09-24 16:04:16.525] WARNING - Duplicate atom key "step". This is a FATAL ERROR in
      production. But it is safe to ignore this warning if it occurred because of
      hot module replacement.
[2025-09-24 16:04:16.525] WARNING - Duplicate atom key "checkStates". This is a FATAL ERROR in
      production. But it is safe to ignore this warning if it occurred because of
      hot module replacement.
[2025-09-24 16:04:16.525] WARNING - Duplicate atom key "checkStates". This is a FATAL ERROR in
      production. But it is safe to ignore this warning if it occurred because of
      hot module replacement.
[2025-09-24 16:04:16.525] WARNING - Duplicate atom key "signStates". This is a FATAL ERROR in
      production. But it is safe to ignore this warning if it occurred because of
      hot module replacement.
[2025-09-24 16:04:16.525] WARNING - Duplicate atom key "signStates". This is a FATAL ERROR in
      production. But it is safe to ignore this warning if it occurred because of
      hot module replacement.
[2025-09-24 16:04:16.525] WARNING - Duplicate atom key "wizard". This is a FATAL ERROR in
      production. But it is safe to ignore this warning if it occurred because of
      hot module replacement.
[2025-09-24 16:04:16.525] WARNING - Duplicate atom key "wizard". This is a FATAL ERROR in
      production. But it is safe to ignore this warning if it occurred because of
      hot module replacement.
[2025-09-24 16:04:16.525] WARNING - Duplicate atom key "formBuilder". This is a FATAL ERROR in
      production. But it is safe to ignore this warning if it occurred because of
      hot module replacement.
[2025-09-24 16:04:16.526] WARNING - Duplicate atom key "formBuilder". This is a FATAL ERROR in
      production. But it is safe to ignore this warning if it occurred because of
      hot module replacement.
[2025-09-24 16:04:16.526] WARNING - Duplicate atom key "headerSlot". This is a FATAL ERROR in
      production. But it is safe to ignore this warning if it occurred because of
      hot module replacement.
[2025-09-24 16:04:16.526] WARNING - Duplicate atom key "headerSlot". This is a FATAL ERROR in
      production. But it is safe to ignore this warning if it occurred because of
      hot module replacement.
[2025-09-24 16:04:16.526] WARNING - Duplicate atom key "footerSlot". This is a FATAL ERROR in
      production. But it is safe to ignore this warning if it occurred because of
      hot module replacement.
[2025-09-24 16:04:16.526] WARNING - Duplicate atom key "footerSlot". This is a FATAL ERROR in
      production. But it is safe to ignore this warning if it occurred because of
      hot module replacement.
[2025-09-24 16:04:16.526] WARNING - Duplicate atom key "alloyJourneyToken". This is a FATAL ERROR in
      production. But it is safe to ignore this warning if it occurred because of
      hot module replacement.
[2025-09-24 16:04:16.526] WARNING - Duplicate atom key "alloyJourneyToken". This is a FATAL ERROR in
      production. But it is safe to ignore this warning if it occurred because of
      hot module replacement.
[2025-09-24 16:04:16.526] DEBUG - [bugsnag] Loaded!
[2025-09-24 16:04:16.527] DEBUG - [bugsnag] Loaded!
[2025-09-24 16:04:16.527] INFO - Version 3.250919.0 prod production 
[2025-09-24 16:04:16.527] INFO - Version 3.250919.0 prod production 
[2025-09-24 16:04:16.527] INFO - Time: Wed Sep 24 2025 16:04:16 GMT-0500 (Central Daylight Time)
[2025-09-24 16:04:16.527] INFO - Time:
[2025-09-24 16:04:16.638] LOG - 21:04:16.637Z Try to restore session
[2025-09-24 16:04:16.640] LOG - 21:04:16.637Z Try to restore session
[2025-09-24 16:04:16.640] LOG - 21:04:16.638Z Access token will be renewed in 75 minutes; expired: Wed Sep 24 2025 17:24:14 GMT-0500 (Central Daylight Time), now: Wed Sep 24 2025 16:04:16 GMT-0500 (Central Daylight Time)
[2025-09-24 16:04:16.640] LOG - 21:04:16.638Z Access token will be renewed in 75 minutes; expired: Wed Sep 24 2025 17:24:14 GMT-0500 (Central Daylight Time), now: Wed Sep 24 2025 16:04:16 GMT-0500 (Central Daylight Time)
[2025-09-24 16:04:16.645] WARNING - 21:04:16.644Z [LaunchDarkly] The waitForInitialization function was called without a timeout specified. In a future version a default timeout will be applied.
[2025-09-24 16:04:16.646] WARNING - 21:04:16.644Z [LaunchDarkly] The waitForInitialization function was called without a timeout specified. In a future version a default timeout will be applied.
[2025-09-24 16:04:16.655] INFO - 21:04:16.654Z chart cache state: islands=8, bars=4070
[2025-09-24 16:04:16.656] INFO - 21:04:16.654Z chart cache state: islands=8, bars=4070
[2025-09-24 16:04:16.656] INFO - 21:04:16.654Z Chart history database initialized
[2025-09-24 16:04:16.656] INFO - 21:04:16.654Z Chart history database initialized
[2025-09-24 16:04:16.705] INFO - 21:04:16.704Z [LaunchDarkly] LaunchDarkly client initialized
[2025-09-24 16:04:16.706] INFO - 21:04:16.704Z [LaunchDarkly] LaunchDarkly client initialized
[2025-09-24 16:04:16.706] INFO - 21:04:16.704Z [LaunchDarkly] Opening stream connection to https://clientstream.launchdarkly.com/eval/66cdf5b9cf61891061b4e437/eyJraW5kIjoidXNlciIsImtleSI6InVua25vd24iLCJhbm9ueW1vdXMiOmZhbHNlfQ
[2025-09-24 16:04:16.706] INFO - 21:04:16.704Z [LaunchDarkly] Opening stream connection to https://clientstream.launchdarkly.com/eval/66cdf5b9cf61891061b4e437/eyJraW5kIjoidXNlciIsImtleSI6InVua25vd24iLCJhbm9ueW1vdXMiOmZhbHNlfQ
[2025-09-24 16:04:17.273] INFO - 21:04:17.272Z [LaunchDarkly] Closing stream connection
[2025-09-24 16:04:17.274] INFO - 21:04:17.272Z [LaunchDarkly] Closing stream connection
[2025-09-24 16:04:17.275] INFO - 21:04:17.272Z [LaunchDarkly] Opening stream connection to https://clientstream.launchdarkly.com/eval/66cdf5b9cf61891061b4e437/eyJraW5kIjoidXNlciIsImtleSI6IjM2NTUwNTkiLCJkZXZpY2UiOiJkZXNrdG9wIiwidXNlcklkIjozNjU1MDU5LCJpcENvdW50cnkiOiJVUyIsIm9yZ05hbWUiOiJURFYiLCJuYW1lIjoiU3Rvbmt6OTIyMjQiLCJsYW5kaW5nUGFyYW1zIjoiIn0
[2025-09-24 16:04:17.275] INFO - 21:04:17.272Z [LaunchDarkly] Opening stream connection to https://clientstream.launchdarkly.com/eval/66cdf5b9cf61891061b4e437/eyJraW5kIjoidXNlciIsImtleSI6IjM2NTUwNTkiLCJkZXZpY2UiOiJkZXNrdG9wIiwidXNlcklkIjozNjU1MDU5LCJpcENvdW50cnkiOiJVUyIsIm9yZ05hbWUiOiJURFYiLCJuYW1lIjoiU3Rvbmt6OTIyMjQiLCJsYW5kaW5nUGFyYW1zIjoiIn0
[2025-09-24 16:04:17.308] INFO - 21:04:17.304Z [LaunchDarkly] Closing stream connection
[2025-09-24 16:04:17.309] INFO - 21:04:17.304Z [LaunchDarkly] Closing stream connection
[2025-09-24 16:04:17.309] INFO - 21:04:17.305Z [LaunchDarkly] Opening stream connection to https://clientstream.launchdarkly.com/eval/66cdf5b9cf61891061b4e437/eyJraW5kIjoidXNlciIsImtleSI6IjM2NTUwNTkiLCJkZXZpY2UiOiJkZXNrdG9wIiwidXNlcklkIjozNjU1MDU5LCJpcENvdW50cnkiOiJVUyIsIm9yZ05hbWUiOiJURFYiLCJuYW1lIjoiU3Rvbmt6OTIyMjQiLCJsYW5kaW5nUGFyYW1zIjoiIn0
[2025-09-24 16:04:17.310] INFO - 21:04:17.305Z [LaunchDarkly] Opening stream connection to https://clientstream.launchdarkly.com/eval/66cdf5b9cf61891061b4e437/eyJraW5kIjoidXNlciIsImtleSI6IjM2NTUwNTkiLCJkZXZpY2UiOiJkZXNrdG9wIiwidXNlcklkIjozNjU1MDU5LCJpcENvdW50cnkiOiJVUyIsIm9yZ05hbWUiOiJURFYiLCJuYW1lIjoiU3Rvbmt6OTIyMjQiLCJsYW5kaW5nUGFyYW1zIjoiIn0
[2025-09-24 16:04:18.159] LOG - 21:04:18.156Z opening https://demo.tradovateapi.com/
[2025-09-24 16:04:18.160] LOG - 21:04:18.156Z opening https://demo.tradovateapi.com/
[2025-09-24 16:04:18.163] LOG - 21:04:18.162Z Hotkeys initialized {"Shift+Digit1":["orders/selectColumns"],"Shift+Digit2":["orders/showFilters"],"Shift+Digit3":["orders/standardTableView"],"Shift+Digit4":["orders/linkedOrdersView"],"Command+Shift+Digit0":["dom-chart/exit-and-cancel"]}
[2025-09-24 16:04:18.164] LOG - 21:04:18.162Z Hotkeys initialized {"Shift+Digit1":["orders/selectColumns"],"Shift+Digit2":["orders/showFilters"],"Shift+Digit3":["orders/standardTableView"],"Shift+Digit4":["orders/linkedOrdersView"],"Command+Shift+Digit0":["dom-chart/exit-and-cancel"]}
[2025-09-24 16:04:18.233] LOG - 21:04:18.232Z websocket opened
[2025-09-24 16:04:18.233] LOG - 21:04:18.232Z websocket opened
[2025-09-24 16:04:18.435] LOG - 21:04:18.433Z opening https://md-demo.tradovateapi.com/
[2025-09-24 16:04:18.436] LOG - 21:04:18.433Z opening https://md-demo.tradovateapi.com/
[2025-09-24 16:04:18.437] LOG - 21:04:18.434Z Connection:  open
[2025-09-24 16:04:18.437] LOG - 21:04:18.434Z Connection:  open
[2025-09-24 16:04:18.501] LOG - 21:04:18.495Z WebGL:  {"isWebGL2":true,"precision":"highp","logarithmicDepthBuffer":false,"maxTextures":16,"maxVertexTextures":16,"maxTextureSize":16384,"maxCubemapSize":16384,"maxAttributes":16,"maxVertexUniforms":1024,"maxVaryings":30,"maxFragmentUniforms":1024,"vertexTextures":true,"floatFragmentTextures":true,"floatVertexTextures":true,"maxSamples":8} , devicePixelRatio:  2
[2025-09-24 16:04:18.556] LOG - 21:04:18.496Z Canvas size: 1119 991 dpp:  2
[2025-09-24 16:04:18.568] LOG - 21:04:18.512Z Loading App-level Plugins
[2025-09-24 16:04:18.574] LOG - 21:04:18.512Z Loading App-level Plugins
[2025-09-24 16:04:18.575] LOG - 21:04:18.534Z WebGL:  {"isWebGL2":true,"precision":"highp","logarithmicDepthBuffer":false,"maxTextures":16,"maxVertexTextures":16,"maxTextureSize":16384,"maxCubemapSize":16384,"maxAttributes":16,"maxVertexUniforms":1024,"maxVaryings":30,"maxFragmentUniforms":1024,"vertexTextures":true,"floatFragmentTextures":true,"floatVertexTextures":true,"maxSamples":8} , devicePixelRatio:  2
[2025-09-24 16:04:18.583] LOG - 21:04:18.534Z Canvas size: 1119 991 dpp:  2
[2025-09-24 16:04:18.629] LOG - 21:04:18.597Z websocket opened
[2025-09-24 16:04:18.629] LOG - 21:04:18.597Z websocket opened
[2025-09-24 16:04:18.849] LOG - 21:04:18.848Z loadAppLevelPlugins:  [object Object]
[2025-09-24 16:04:18.849] LOG - 21:04:18.848Z loadAppLevelPlugins: 
[2025-09-24 16:04:18.850] LOG - 21:04:18.849Z sync to remote accountGroups
[2025-09-24 16:04:18.850] LOG - 21:04:18.849Z sync to remote accountGroups
[2025-09-24 16:04:19.698] LOG - 21:04:19.689Z created chart 1
[2025-09-24 16:04:20.088] LOG - 21:04:20.087Z requestChart: {"symbol":"3267312","chartDescription":{"underlyingType":"Tick","elementSize":5000,"elementSizeUnit":"UnderlyingUnits","withHistogram":false},"timeRange":{"asMuchAsElements":300}}
[2025-09-24 16:04:20.089] LOG - 21:04:20.087Z requestChart: {"symbol":"3267312","chartDescription":{"underlyingType":"Tick","elementSize":5000,"elementSizeUnit":"UnderlyingUnits","withHistogram":false},"timeRange":{"asMuchAsElements":300}}
[2025-09-24 16:04:20.089] LOG - 21:04:20.087Z mdMgApi open
[2025-09-24 16:04:20.089] LOG - 21:04:20.087Z mdMgApi open
[2025-09-24 16:04:21.289] LOG - 21:04:21.288Z updating the shared isolation
[2025-09-24 16:04:21.289] LOG - 21:04:21.288Z updating the shared isolation
[2025-09-24 16:04:22.037] LOG - 21:04:22.036Z updating the shared isolation
[2025-09-24 16:04:22.037] LOG - 21:04:22.036Z updating the shared isolation
[2025-09-24 16:04:23.327] LOG - 21:04:23.326Z Auto Order script initialized - AUTOMATIC HOT RELOAD SUCCESS!
[2025-09-24 16:04:23.328] LOG - 21:04:23.326Z Auto Order script initialized - AUTOMATIC HOT RELOAD SUCCESS!
[2025-09-24 16:04:23.329] LOG - 21:04:23.326Z Creating UI...
[2025-09-24 16:04:23.329] LOG - 21:04:23.326Z Creating UI...
[2025-09-24 16:04:23.329] LOG - 21:04:23.327Z Creating UI
[2025-09-24 16:04:23.329] LOG - 21:04:23.327Z Creating UI
[2025-09-24 16:04:23.330] LOG - 21:04:23.327Z Stored values: TP=53, SL=15, Qty=9, Tick=0.25, Symbol=NQ
[2025-09-24 16:04:23.330] LOG - 21:04:23.327Z Stored values: TP=53, SL=15, Qty=9, Tick=0.25, Symbol=NQ
[2025-09-24 16:04:23.331] LOG - 21:04:23.329Z UI container added to DOM
[2025-09-24 16:04:23.332] LOG - 21:04:23.329Z UI container added to DOM
[2025-09-24 16:04:23.332] LOG - 21:04:23.329Z Setting up UI event handlers
[2025-09-24 16:04:23.333] LOG - 21:04:23.329Z Setting up UI event handlers
[2025-09-24 16:04:23.333] LOG - 21:04:23.329Z Setting up persistent settings
[2025-09-24 16:04:23.334] LOG - 21:04:23.329Z Setting up persistent settings
[2025-09-24 16:04:23.334] LOG - 21:04:23.330Z Setting up drag functionality
[2025-09-24 16:04:23.335] LOG - 21:04:23.330Z Setting up drag functionality
[2025-09-24 16:04:23.336] LOG - 21:04:23.330Z Setting up trade buttons
[2025-09-24 16:04:23.336] LOG - 21:04:23.330Z Setting up trade buttons
[2025-09-24 16:04:23.337] LOG - 21:04:23.330Z UI creation complete
[2025-09-24 16:04:23.337] LOG - 21:04:23.330Z UI creation complete
[2025-09-24 16:04:23.338] LOG - 21:04:23.330Z Creating example front-quarter symbol
[2025-09-24 16:04:23.338] LOG - 21:04:23.330Z Creating example front-quarter symbol
[2025-09-24 16:04:23.339] LOG - 21:04:23.330Z getQuarterlyCode called with date: 2025-09-24T21:04:23.330Z
[2025-09-24 16:04:23.340] LOG - 21:04:23.330Z getQuarterlyCode called with date: 2025-09-24T21:04:23.330Z
[2025-09-24 16:04:23.340] LOG - 21:04:23.330Z Current month index: 8
[2025-09-24 16:04:23.341] LOG - 21:04:23.330Z Current month index: 8
[2025-09-24 16:04:23.342] LOG - 21:04:23.330Z Starting calculation with year=2025, month=8
[2025-09-24 16:04:23.342] LOG - 21:04:23.330Z Starting calculation with year=2025, month=8
[2025-09-24 16:04:23.343] LOG - 21:04:23.330Z Calculated quarterly code: letter=Z, yearDigit=5
[2025-09-24 16:04:23.343] LOG - 21:04:23.330Z Calculated quarterly code: letter=Z, yearDigit=5
[2025-09-24 16:04:23.344] LOG - 21:04:23.330Z Example front-quarter symbol created: NQZ5
[2025-09-24 16:04:23.345] LOG - 21:04:23.330Z Example front-quarter symbol created: NQZ5
[2025-09-24 16:04:23.345] LOG - 21:04:23.337Z Auto Risk Management: Running initial risk assessment...
[2025-09-24 16:04:23.346] LOG - 21:04:23.337Z Auto Risk Management: Running initial risk assessment...
[2025-09-24 16:04:23.346] LOG - 21:04:23.338Z [analyzePhase] resetting phaseData
[2025-09-24 16:04:23.347] LOG - 21:04:23.338Z [analyzePhase] resetting phaseData
[2025-09-24 16:04:23.347] LOG - 21:04:23.338Z [analyzePhase] set phase 1 maxActive to 1
[2025-09-24 16:04:23.348] LOG - 21:04:23.338Z [analyzePhase] set phase 1 maxActive to 1
[2025-09-24 16:04:23.348] LOG - 21:04:23.338Z [analyzePhase] increased phase 2 maxActive to 1
[2025-09-24 16:04:23.348] LOG - 21:04:23.338Z [analyzePhase] increased phase 2 maxActive to 1
[2025-09-24 16:04:23.348] LOG - 21:04:23.339Z [updateUserColumnPhaseStatus] Starting...
[2025-09-24 16:04:23.348] LOG - 21:04:23.339Z [updateUserColumnPhaseStatus] Starting...
[2025-09-24 16:04:23.348] LOG - 21:04:23.339Z [updateUserColumnPhaseStatus] Found 4 rows
[2025-09-24 16:04:23.348] LOG - 21:04:23.339Z [updateUserColumnPhaseStatus] Found 4 rows
[2025-09-24 16:04:23.348] LOG - 21:04:23.339Z [updateUserColumnPhaseStatus] Header cells: Account ▲,Total Available Margin,User,Dist Drawdown Net Liq,Dollar Open P L,Dollar Total P L
[2025-09-24 16:04:23.349] LOG - 21:04:23.339Z [updateUserColumnPhaseStatus] Header cells:
[2025-09-24 16:04:23.349] LOG - 21:04:23.339Z [updateUserColumnPhaseStatus] Found User column at index 2
[2025-09-24 16:04:23.349] LOG - 21:04:23.339Z [updateUserColumnPhaseStatus] Found User column at index 2
[2025-09-24 16:04:23.349] LOG - 21:04:23.340Z [updateUserColumnPhaseStatus] Getting table data...
[2025-09-24 16:04:23.349] LOG - 21:04:23.340Z [updateUserColumnPhaseStatus] Getting table data...
[2025-09-24 16:04:23.349] LOG - 21:04:23.340Z [analyzePhase] resetting phaseData
[2025-09-24 16:04:23.349] LOG - 21:04:23.340Z [analyzePhase] resetting phaseData
[2025-09-24 16:04:23.349] LOG - 21:04:23.340Z [analyzePhase] set phase 1 maxActive to 1
[2025-09-24 16:04:23.349] LOG - 21:04:23.340Z [analyzePhase] set phase 1 maxActive to 1
[2025-09-24 16:04:23.350] LOG - 21:04:23.340Z [analyzePhase] increased phase 2 maxActive to 1
[2025-09-24 16:04:23.350] LOG - 21:04:23.340Z [analyzePhase] increased phase 2 maxActive to 1
[2025-09-24 16:04:23.350] LOG - 21:04:23.340Z [updateUserColumnPhaseStatus] Table data: 3 rows
[2025-09-24 16:04:23.350] LOG - 21:04:23.340Z [updateUserColumnPhaseStatus] Table data: 3 rows
[2025-09-24 16:04:23.350] LOG - 21:04:23.340Z [updateUserColumnPhaseStatus] First data row has 6 cells, we need index 2
[2025-09-24 16:04:23.350] LOG - 21:04:23.340Z [updateUserColumnPhaseStatus] First data row has 6 cells, we need index 2
[2025-09-24 16:04:23.350] LOG - 21:04:23.340Z [updateUserColumnPhaseStatus] Setting row 1 (DEMO3655059) phase=Unknown, active=false
[2025-09-24 16:04:23.350] LOG - 21:04:23.340Z [updateUserColumnPhaseStatus] Setting row 1 (DEMO3655059) phase=Unknown, active=false
[2025-09-24 16:04:23.351] LOG - 21:04:23.340Z [updateUserColumnPhaseStatus] Setting row 2 (DEMO3655059-1) phase=2, active=true
[2025-09-24 16:04:23.351] LOG - 21:04:23.340Z [updateUserColumnPhaseStatus] Setting row 2 (DEMO3655059-1) phase=2, active=true
[2025-09-24 16:04:23.351] LOG - 21:04:23.341Z [updateUserColumnPhaseStatus] Setting row 3 (DEMO3655059-2) phase=2, active=false
[2025-09-24 16:04:23.351] LOG - 21:04:23.341Z [updateUserColumnPhaseStatus] Setting row 3 (DEMO3655059-2) phase=2, active=false
[2025-09-24 16:04:23.351] LOG - 21:04:23.341Z [updateUserColumnPhaseStatus] Completed
[2025-09-24 16:04:23.351] LOG - 21:04:23.341Z [updateUserColumnPhaseStatus] Completed
[2025-09-24 16:04:23.372] warning - The AudioContext was not allowed to start. It must be resumed (or created) after a user gesture on the page. https://developer.chrome.com/blog/autoplay/#web_audio
[2025-09-24 16:04:23.372] LOG - 21:04:23.360Z Auto Risk Management: Initial risk assessment completed
[2025-09-24 16:04:23.372] LOG - 21:04:23.360Z Auto Risk Management: Initial risk assessment completed
[2025-09-24 16:04:24.378] LOG - 21:04:24.377Z Executing initial risk management assessment...
[2025-09-24 16:04:24.379] LOG - 21:04:24.377Z Executing initial risk management assessment...
[2025-09-24 16:04:24.379] ERROR - 21:04:24.378Z getTableData function not found
[2025-09-24 16:04:24.379] ERROR - 21:04:24.378Z getTableData function not found
[2025-09-24 16:04:24.380] ERROR - 21:04:24.380Z updateUserColumnPhaseStatus function not found
[2025-09-24 16:04:24.381] ERROR - 21:04:24.380Z updateUserColumnPhaseStatus function not found
[2025-09-24 16:04:24.383] ERROR - 21:04:24.380Z performAccountActions function not found
[2025-09-24 16:04:24.384] ERROR - 21:04:24.380Z performAccountActions function not found
[2025-09-24 16:04:24.384] LOG - 21:04:24.380Z Risk management assessment completed
[2025-09-24 16:04:24.384] LOG - 21:04:24.380Z Risk management assessment completed
[2025-09-24 16:04:24.415] LOG - 21:04:24.414Z [analyzePhase] resetting phaseData
[2025-09-24 16:04:24.415] LOG - 21:04:24.414Z [analyzePhase] resetting phaseData
[2025-09-24 16:04:24.416] LOG - 21:04:24.414Z [analyzePhase] set phase 1 maxActive to 1
[2025-09-24 16:04:24.417] LOG - 21:04:24.414Z [analyzePhase] set phase 1 maxActive to 1
[2025-09-24 16:04:24.417] LOG - 21:04:24.414Z [analyzePhase] increased phase 2 maxActive to 1
[2025-09-24 16:04:24.417] LOG - 21:04:24.414Z [analyzePhase] increased phase 2 maxActive to 1
[2025-09-24 16:04:24.919] LOG - 21:04:24.917Z [analyzePhase] resetting phaseData
[2025-09-24 16:04:24.921] LOG - 21:04:24.917Z [analyzePhase] resetting phaseData
[2025-09-24 16:04:24.922] LOG - 21:04:24.917Z [analyzePhase] set phase 1 maxActive to 1
[2025-09-24 16:04:24.922] LOG - 21:04:24.917Z [analyzePhase] set phase 1 maxActive to 1
[2025-09-24 16:04:24.923] LOG - 21:04:24.917Z [analyzePhase] increased phase 2 maxActive to 1
[2025-09-24 16:04:24.924] LOG - 21:04:24.917Z [analyzePhase] increased phase 2 maxActive to 1
[2025-09-24 16:04:24.924] LOG - 21:04:24.918Z Set DEMO3655059-1 qty to 10
[2025-09-24 16:04:24.925] LOG - 21:04:24.918Z [analyzePhase] resetting phaseData
[2025-09-24 16:04:24.925] LOG - 21:04:24.918Z [analyzePhase] resetting phaseData
[2025-09-24 16:04:24.926] LOG - 21:04:24.919Z [analyzePhase] set phase 1 maxActive to 1
[2025-09-24 16:04:24.926] LOG - 21:04:24.919Z [analyzePhase] set phase 1 maxActive to 1
[2025-09-24 16:04:24.926] LOG - 21:04:24.919Z [analyzePhase] increased phase 2 maxActive to 1
[2025-09-24 16:04:24.926] LOG - 21:04:24.919Z [analyzePhase] increased phase 2 maxActive to 1
[2025-09-24 16:04:26.470] LOG - 21:04:26.467Z Updated master quantity to 10
[2025-09-24 16:04:26.471] LOG - 21:04:26.468Z Quantity input changed to: 10
[2025-09-24 16:04:26.471] LOG - 21:04:26.468Z Quantity input changed to: 10
[2025-09-24 16:04:26.471] LOG - 21:04:26.468Z Updated bracket trade quantity to 10
