[2025-09-20 17:46:48.173] LOG - 22:46:48.170Z Starting login process for: zenex3298@gmail.com
[2025-09-20 17:46:48.175] LOG - 22:46:48.170Z Starting login process for: zenex3298@gmail.com
[2025-09-20 17:46:48.177] LOG - 22:46:48.171Z Auto login function executing for: zenex3298@gmail.com
[2025-09-20 17:46:48.178] LOG - 22:46:48.171Z Auto login function executing for: zenex3298@gmail.com
[2025-09-20 17:46:48.179] LOG - 22:46:48.171Z Login form found, filling credentials...
[2025-09-20 17:46:48.179] LOG - 22:46:48.171Z Login form found, filling credentials...
[2025-09-20 17:46:48.339] LOG - 22:46:48.204Z Test element added to DOM
[2025-09-20 17:46:48.346] LOG - 22:46:48.204Z Test element added to DOM
[2025-09-20 17:46:48.348] LOG - 22:46:48.339Z All browser alerts and confirmations have been disabled
[2025-09-20 17:46:48.367] LOG - 22:46:48.339Z All browser alerts and confirmations have been disabled
[2025-09-20 17:46:48.689] LOG - 22:46:48.688Z Clicking login button...
[2025-09-20 17:46:48.701] LOG - 22:46:48.688Z Clicking login button...
[2025-09-20 17:46:48.703] LOG - 22:46:48.698Z authentication starting
[2025-09-20 17:46:48.722] LOG - 22:46:48.698Z authentication starting
[2025-09-20 17:46:49.058] warning - The AudioContext was not allowed to start. It must be resumed (or created) after a user gesture on the page. https://developer.chrome.com/blog/autoplay/#web_audio
[2025-09-20 17:46:49.064] LOG - 22:46:49.040Z Watching for account selection page...
[2025-09-20 17:46:49.080] LOG - 22:46:49.040Z Watching for account selection page...
[2025-09-20 17:46:49.382] LOG - 22:46:49.380Z Access token will be renewed in 75 minutes; expired: Sat Sep 20 2025 19:06:49 GMT-0500 (Central Daylight Time), now: Sat Sep 20 2025 17:46:49 GMT-0500 (Central Daylight Time)
[2025-09-20 17:46:49.383] LOG - 22:46:49.380Z Access token will be renewed in 75 minutes; expired: Sat Sep 20 2025 19:06:49 GMT-0500 (Central Daylight Time), now: Sat Sep 20 2025 17:46:49 GMT-0500 (Central Daylight Time)
[2025-09-20 17:46:49.775] error - Access to XMLHttpRequest at 'https://app.launchdarkly.com/sdk/evalx/66cdf5b9cf61891061b4e437/contexts/eyJraW5kIjoidXNlciIsImtleSI6IjQ2NTYwMjciLCJkZXZpY2UiOiJkZXNrdG9wIiwidXNlcklkIjo0NjU2MDI3LCJpcENvdW50cnkiOiJVUyIsIm9yZ05hbWUiOiJURFYiLCJuYW1lIjoiWmVuZXgzMjk4IiwibGFuZGluZ1BhcmFtcyI6IiJ9' from origin 'https://trader.tradovate.com' has been blocked by CORS policy: No 'Access-Control-Allow-Origin' header is present on the requested resource.
[2025-09-20 17:46:49.776] ERROR - 22:46:49.774Z [LaunchDarkly] network error (Error)
[2025-09-20 17:46:49.778] ERROR - 22:46:49.774Z [LaunchDarkly] network error (Error)
[2025-09-20 17:46:49.778] error - Failed to load resource: net::ERR_FAILED
[2025-09-20 17:46:49.787] ERROR - Exception: t
[2025-09-20 17:46:49.805] error - Access to XMLHttpRequest at 'https://app.launchdarkly.com/sdk/evalx/66cdf5b9cf61891061b4e437/contexts/eyJraW5kIjoidXNlciIsImtleSI6IjQ2NTYwMjciLCJkZXZpY2UiOiJkZXNrdG9wIiwidXNlcklkIjo0NjU2MDI3LCJpcENvdW50cnkiOiJVUyIsIm9yZ05hbWUiOiJURFYiLCJuYW1lIjoiWmVuZXgzMjk4IiwibGFuZGluZ1BhcmFtcyI6IiJ9' from origin 'https://trader.tradovate.com' has been blocked by CORS policy: No 'Access-Control-Allow-Origin' header is present on the requested resource.
[2025-09-20 17:46:49.806] ERROR - 22:46:49.803Z [LaunchDarkly] network error (Error)
[2025-09-20 17:46:49.806] ERROR - 22:46:49.803Z [LaunchDarkly] network error (Error)
[2025-09-20 17:46:49.806] error - Failed to load resource: net::ERR_FAILED
[2025-09-20 17:46:49.806] ERROR - Exception: t
[2025-09-20 17:46:50.265] error - Refused to connect to 'https://bat.bing.com/actionp/0?ti=26330043&Ver=2&mid=bbedbe8d-5ab3-44bd-92fe-528c08a0200c&bo=2&sid=49ffa650964611f0b1c77d72422fc1b9&vid=99c3288092fe11f0bc7275adc39e6add&vids=0&msclkid=N&evt=pageHide' because it violates the following Content Security Policy directive: "connect-src wss://*.tradovate.com https://*.tradovate.com https://*.ntinnolab.com https://*.devel.ninjatrader.dev https://*.staging.ninjatrader.dev https://*.uat.ninjatrader.dev wss://*.ntinnolab.com wss://*.devel.ninjatrader.dev wss://*.staging.ninjatrader.dev wss://*.uat.ninjatrader.dev wss://*.tradovateapi.com https://*.tradovateapi.com https://*.ninjatrader.com https://cdn.walkme.com https://ec.walkme.com https://sessions.bugsnag.com https://notify.bugsnag.com https://*.plaid.com https://*.yodlee.com https://tradovate.zendesk.com https://rollout.ada.support https://static.ada.support https://ninjatrader.ada.support https://tradovate.ada.support https://ninjatrader-eap.ada.support/ https://demo-ninjatrader-gr.ada.support/ https://tradovate-gen.ada.support/ https://api.stripe.com https://apiproxy.ninjatrader.com https://apiproxy-d.ninjatrader.com https://us-autocomplete-pro.api.smartystreets.com https://international-autocomplete.api.smarty.com https://maps.googleapis.com https://accounts.google.com/ https://www.google.com https://www.googletagmanager.com/ https://*.browser-intake-datadoghq.com https://scripts.neuro-id.com https://receiver.neuroid.cloud https://logs.neuro-id.com https://firebaseinstallations.googleapis.com/ https://firebaseremoteconfig.googleapis.com/ https://logx.optimizely.com https://*.optimizely.com wss://mpsnare.iesnare.com wss://ci-mpsnare.iovation.com https://*.iovation.com/ https://*.reddit.com  https://www.redditstatic.com https://*.taboola.com https://*.launchdarkly.com https://*.alloy.co https://*.maze.co https://www.google-analytics.com https://analytics.google.com https://www.googletagmanager.com/ https://api.hubapi.com https://forms.hubspot.com https://stats.g.doubleclick.net https://alb.reddit.com https://analytics.twitter.com https://heapanalytics.com https://*.auryc.com https://*.contentsquare.net https://siteintercept.qualtrics.com https://api.userway.org/".

