2025-07-25 19:47:02,407 - INFO - Stopping Chrome process monitoring...
2025-07-25 19:47:02,407 - INFO - Chrome process monitoring stopped
2025-07-25 19:47:15,664 - ERROR - websocket exception
Traceback (most recent call last):
  File "/Users/Mike/trading/tradovate_interface/venv/lib/python3.13/site-packages/pychrome/tab.py", line 121, in _recv_loop
    message_json = self._ws.recv()
  File "/Users/Mike/trading/tradovate_interface/venv/lib/python3.13/site-packages/websocket/_core.py", line 388, in recv
    opcode, data = self.recv_data()
                   ~~~~~~~~~~~~~~^^
  File "/Users/Mike/trading/tradovate_interface/venv/lib/python3.13/site-packages/websocket/_core.py", line 416, in recv_data
    opcode, frame = self.recv_data_frame(control_frame)
                    ~~~~~~~~~~~~~~~~~~~~^^^^^^^^^^^^^^^
  File "/Users/Mike/trading/tradovate_interface/venv/lib/python3.13/site-packages/websocket/_core.py", line 437, in recv_data_frame
    frame = self.recv_frame()
  File "/Users/Mike/trading/tradovate_interface/venv/lib/python3.13/site-packages/websocket/_core.py", line 478, in recv_frame
    return self.frame_buffer.recv_frame()
           ~~~~~~~~~~~~~~~~~~~~~~~~~~~~^^
  File "/Users/Mike/trading/tradovate_interface/venv/lib/python3.13/site-packages/websocket/_abnf.py", line 363, in recv_frame
    self.recv_header()
    ~~~~~~~~~~~~~~~~^^
  File "/Users/Mike/trading/tradovate_interface/venv/lib/python3.13/site-packages/websocket/_abnf.py", line 319, in recv_header
    header = self.recv_strict(2)
  File "/Users/Mike/trading/tradovate_interface/venv/lib/python3.13/site-packages/websocket/_abnf.py", line 398, in recv_strict
    bytes_ = self.recv(min(16384, shortage))
  File "/Users/Mike/trading/tradovate_interface/venv/lib/python3.13/site-packages/websocket/_core.py", line 563, in _recv
    return recv(self.sock, bufsize)
  File "/Users/Mike/trading/tradovate_interface/venv/lib/python3.13/site-packages/websocket/_socket.py", line 132, in recv
    raise WebSocketConnectionClosedException("Connection to remote host was lost.")
websocket._exceptions.WebSocketConnectionClosedException: Connection to remote host was lost.
2025-07-25 19:47:15,671 - ERROR - websocket exception
Traceback (most recent call last):
  File "/Users/Mike/trading/tradovate_interface/venv/lib/python3.13/site-packages/pychrome/tab.py", line 121, in _recv_loop
    message_json = self._ws.recv()
  File "/Users/Mike/trading/tradovate_interface/venv/lib/python3.13/site-packages/websocket/_core.py", line 388, in recv
    opcode, data = self.recv_data()
                   ~~~~~~~~~~~~~~^^
  File "/Users/Mike/trading/tradovate_interface/venv/lib/python3.13/site-packages/websocket/_core.py", line 416, in recv_data
    opcode, frame = self.recv_data_frame(control_frame)
                    ~~~~~~~~~~~~~~~~~~~~^^^^^^^^^^^^^^^
  File "/Users/Mike/trading/tradovate_interface/venv/lib/python3.13/site-packages/websocket/_core.py", line 437, in recv_data_frame
    frame = self.recv_frame()
  File "/Users/Mike/trading/tradovate_interface/venv/lib/python3.13/site-packages/websocket/_core.py", line 478, in recv_frame
    return self.frame_buffer.recv_frame()
           ~~~~~~~~~~~~~~~~~~~~~~~~~~~~^^
  File "/Users/Mike/trading/tradovate_interface/venv/lib/python3.13/site-packages/websocket/_abnf.py", line 363, in recv_frame
    self.recv_header()
    ~~~~~~~~~~~~~~~~^^
  File "/Users/Mike/trading/tradovate_interface/venv/lib/python3.13/site-packages/websocket/_abnf.py", line 319, in recv_header
    header = self.recv_strict(2)
  File "/Users/Mike/trading/tradovate_interface/venv/lib/python3.13/site-packages/websocket/_abnf.py", line 398, in recv_strict
    bytes_ = self.recv(min(16384, shortage))
  File "/Users/Mike/trading/tradovate_interface/venv/lib/python3.13/site-packages/websocket/_core.py", line 563, in _recv
    return recv(self.sock, bufsize)
  File "/Users/Mike/trading/tradovate_interface/venv/lib/python3.13/site-packages/websocket/_socket.py", line 132, in recv
    raise WebSocketConnectionClosedException("Connection to remote host was lost.")
websocket._exceptions.WebSocketConnectionClosedException: Connection to remote host was lost.
2025-07-25 19:47:15,689 - ERROR - websocket exception
Traceback (most recent call last):
  File "/Users/Mike/trading/tradovate_interface/venv/lib/python3.13/site-packages/pychrome/tab.py", line 121, in _recv_loop
    message_json = self._ws.recv()
  File "/Users/Mike/trading/tradovate_interface/venv/lib/python3.13/site-packages/websocket/_core.py", line 388, in recv
    opcode, data = self.recv_data()
                   ~~~~~~~~~~~~~~^^
  File "/Users/Mike/trading/tradovate_interface/venv/lib/python3.13/site-packages/websocket/_core.py", line 416, in recv_data
    opcode, frame = self.recv_data_frame(control_frame)
                    ~~~~~~~~~~~~~~~~~~~~^^^^^^^^^^^^^^^
  File "/Users/Mike/trading/tradovate_interface/venv/lib/python3.13/site-packages/websocket/_core.py", line 437, in recv_data_frame
    frame = self.recv_frame()
  File "/Users/Mike/trading/tradovate_interface/venv/lib/python3.13/site-packages/websocket/_core.py", line 478, in recv_frame
    return self.frame_buffer.recv_frame()
           ~~~~~~~~~~~~~~~~~~~~~~~~~~~~^^
  File "/Users/Mike/trading/tradovate_interface/venv/lib/python3.13/site-packages/websocket/_abnf.py", line 363, in recv_frame
    self.recv_header()
    ~~~~~~~~~~~~~~~~^^
  File "/Users/Mike/trading/tradovate_interface/venv/lib/python3.13/site-packages/websocket/_abnf.py", line 319, in recv_header
    header = self.recv_strict(2)
  File "/Users/Mike/trading/tradovate_interface/venv/lib/python3.13/site-packages/websocket/_abnf.py", line 398, in recv_strict
    bytes_ = self.recv(min(16384, shortage))
  File "/Users/Mike/trading/tradovate_interface/venv/lib/python3.13/site-packages/websocket/_core.py", line 563, in _recv
    return recv(self.sock, bufsize)
  File "/Users/Mike/trading/tradovate_interface/venv/lib/python3.13/site-packages/websocket/_socket.py", line 132, in recv
    raise WebSocketConnectionClosedException("Connection to remote host was lost.")
websocket._exceptions.WebSocketConnectionClosedException: Connection to remote host was lost.
2025-07-25 19:47:15,692 - ERROR - websocket exception
Traceback (most recent call last):
  File "/Users/Mike/trading/tradovate_interface/venv/lib/python3.13/site-packages/pychrome/tab.py", line 121, in _recv_loop
    message_json = self._ws.recv()
  File "/Users/Mike/trading/tradovate_interface/venv/lib/python3.13/site-packages/websocket/_core.py", line 388, in recv
    opcode, data = self.recv_data()
                   ~~~~~~~~~~~~~~^^
  File "/Users/Mike/trading/tradovate_interface/venv/lib/python3.13/site-packages/websocket/_core.py", line 416, in recv_data
    opcode, frame = self.recv_data_frame(control_frame)
                    ~~~~~~~~~~~~~~~~~~~~^^^^^^^^^^^^^^^
  File "/Users/Mike/trading/tradovate_interface/venv/lib/python3.13/site-packages/websocket/_core.py", line 437, in recv_data_frame
    frame = self.recv_frame()
  File "/Users/Mike/trading/tradovate_interface/venv/lib/python3.13/site-packages/websocket/_core.py", line 478, in recv_frame
    return self.frame_buffer.recv_frame()
           ~~~~~~~~~~~~~~~~~~~~~~~~~~~~^^
  File "/Users/Mike/trading/tradovate_interface/venv/lib/python3.13/site-packages/websocket/_abnf.py", line 363, in recv_frame
    self.recv_header()
    ~~~~~~~~~~~~~~~~^^
  File "/Users/Mike/trading/tradovate_interface/venv/lib/python3.13/site-packages/websocket/_abnf.py", line 319, in recv_header
    header = self.recv_strict(2)
  File "/Users/Mike/trading/tradovate_interface/venv/lib/python3.13/site-packages/websocket/_abnf.py", line 398, in recv_strict
    bytes_ = self.recv(min(16384, shortage))
  File "/Users/Mike/trading/tradovate_interface/venv/lib/python3.13/site-packages/websocket/_core.py", line 563, in _recv
    return recv(self.sock, bufsize)
  File "/Users/Mike/trading/tradovate_interface/venv/lib/python3.13/site-packages/websocket/_socket.py", line 132, in recv
    raise WebSocketConnectionClosedException("Connection to remote host was lost.")
websocket._exceptions.WebSocketConnectionClosedException: Connection to remote host was lost.
