[2025-09-20 17:41:03.257] LOG - 22:41:03.256Z Starting login process for: zenex3298@gmail.com
[2025-09-20 17:41:03.259] LOG - 22:41:03.256Z Starting login process for: zenex3298@gmail.com
[2025-09-20 17:41:03.260] LOG - 22:41:03.257Z Auto login function executing for: zenex3298@gmail.com
[2025-09-20 17:41:03.261] LOG - 22:41:03.257Z Auto login function executing for: zenex3298@gmail.com
[2025-09-20 17:41:03.261] LOG - 22:41:03.257Z Login form found, filling credentials...
[2025-09-20 17:41:03.261] LOG - 22:41:03.257Z Login form found, filling credentials...
[2025-09-20 17:41:03.383] LOG - 22:41:03.287Z Test element added to DOM
[2025-09-20 17:41:03.384] LOG - 22:41:03.287Z Test element added to DOM
[2025-09-20 17:41:03.386] LOG - 22:41:03.384Z All browser alerts and confirmations have been disabled
[2025-09-20 17:41:03.386] LOG - 22:41:03.384Z All browser alerts and confirmations have been disabled
[2025-09-20 17:41:03.773] LOG - 22:41:03.772Z Clicking login button...
[2025-09-20 17:41:03.773] LOG - 22:41:03.772Z Clicking login button...
[2025-09-20 17:41:03.785] LOG - 22:41:03.783Z authentication starting
[2025-09-20 17:41:03.785] LOG - 22:41:03.783Z authentication starting
[2025-09-20 17:41:04.139] warning - The AudioContext was not allowed to start. It must be resumed (or created) after a user gesture on the page. https://developer.chrome.com/blog/autoplay/#web_audio
[2025-09-20 17:41:04.143] LOG - 22:41:04.127Z Watching for account selection page...
[2025-09-20 17:41:04.146] LOG - 22:41:04.127Z Watching for account selection page...
[2025-09-20 17:41:04.391] LOG - 22:41:04.390Z Access token will be renewed in 75 minutes; expired: Sat Sep 20 2025 19:01:04 GMT-0500 (Central Daylight Time), now: Sat Sep 20 2025 17:41:04 GMT-0500 (Central Daylight Time)
[2025-09-20 17:41:04.391] LOG - 22:41:04.390Z Access token will be renewed in 75 minutes; expired: Sat Sep 20 2025 19:01:04 GMT-0500 (Central Daylight Time), now: Sat Sep 20 2025 17:41:04 GMT-0500 (Central Daylight Time)
[2025-09-20 17:41:04.748] error - Access to XMLHttpRequest at 'https://app.launchdarkly.com/sdk/evalx/66cdf5b9cf61891061b4e437/contexts/eyJraW5kIjoidXNlciIsImtleSI6IjQ2NTYwMjciLCJkZXZpY2UiOiJkZXNrdG9wIiwidXNlcklkIjo0NjU2MDI3LCJpcENvdW50cnkiOiJVUyIsIm9yZ05hbWUiOiJURFYiLCJuYW1lIjoiWmVuZXgzMjk4IiwibGFuZGluZ1BhcmFtcyI6IiJ9' from origin 'https://trader.tradovate.com' has been blocked by CORS policy: No 'Access-Control-Allow-Origin' header is present on the requested resource.
[2025-09-20 17:41:04.749] ERROR - 22:41:04.748Z [LaunchDarkly] network error (Error)
[2025-09-20 17:41:04.749] ERROR - 22:41:04.748Z [LaunchDarkly] network error (Error)
[2025-09-20 17:41:04.751] ERROR - 22:41:04.750Z [LaunchDarkly] network error (Error)
[2025-09-20 17:41:04.751] ERROR - 22:41:04.750Z [LaunchDarkly] network error (Error)
[2025-09-20 17:41:04.751] error - Failed to load resource: net::ERR_FAILED
[2025-09-20 17:41:04.756] ERROR - Exception: t
[2025-09-20 17:41:04.757] ERROR - Exception: t
[2025-09-20 17:41:05.130] LOG - 22:41:05.128Z Account selection page detected, clicking button...
[2025-09-20 17:41:05.130] LOG - 22:41:05.128Z Account selection page detected, clicking button...
[2025-09-20 17:41:05.296] LOG - 22:41:05.271Z Access token will be renewed in 75 minutes; expired: Sat Sep 20 2025 19:01:04 GMT-0500 (Central Daylight Time), now: Sat Sep 20 2025 17:41:05 GMT-0500 (Central Daylight Time)
[2025-09-20 17:41:05.296] LOG - 22:41:05.271Z Access token will be renewed in 75 minutes; expired: Sat Sep 20 2025 19:01:04 GMT-0500 (Central Daylight Time), now: Sat Sep 20 2025 17:41:05 GMT-0500 (Central Daylight Time)
[2025-09-20 17:41:05.358] error - Refused to connect to 'https://bat.bing.com/actionp/0?ti=26330043&Ver=2&mid=bb57ed44-0f31-4684-8b26-e1910b6877c4&bo=2&sid=49ffa650964611f0b1c77d72422fc1b9&vid=99c3288092fe11f0bc7275adc39e6add&vids=0&msclkid=N&evt=pageHide' because it violates the following Content Security Policy directive: "connect-src wss://*.tradovate.com https://*.tradovate.com https://*.ntinnolab.com https://*.devel.ninjatrader.dev https://*.staging.ninjatrader.dev https://*.uat.ninjatrader.dev wss://*.ntinnolab.com wss://*.devel.ninjatrader.dev wss://*.staging.ninjatrader.dev wss://*.uat.ninjatrader.dev wss://*.tradovateapi.com https://*.tradovateapi.com https://*.ninjatrader.com https://cdn.walkme.com https://ec.walkme.com https://sessions.bugsnag.com https://notify.bugsnag.com https://*.plaid.com https://*.yodlee.com https://tradovate.zendesk.com https://rollout.ada.support https://static.ada.support https://ninjatrader.ada.support https://tradovate.ada.support https://ninjatrader-eap.ada.support/ https://demo-ninjatrader-gr.ada.support/ https://tradovate-gen.ada.support/ https://api.stripe.com https://apiproxy.ninjatrader.com https://apiproxy-d.ninjatrader.com https://us-autocomplete-pro.api.smartystreets.com https://international-autocomplete.api.smarty.com https://maps.googleapis.com https://accounts.google.com/ https://www.google.com https://www.googletagmanager.com/ https://*.browser-intake-datadoghq.com https://scripts.neuro-id.com https://receiver.neuroid.cloud https://logs.neuro-id.com https://firebaseinstallations.googleapis.com/ https://firebaseremoteconfig.googleapis.com/ https://logx.optimizely.com https://*.optimizely.com wss://mpsnare.iesnare.com wss://ci-mpsnare.iovation.com https://*.iovation.com/ https://*.reddit.com  https://www.redditstatic.com https://*.taboola.com https://*.launchdarkly.com https://*.alloy.co https://*.maze.co https://www.google-analytics.com https://analytics.google.com https://www.googletagmanager.com/ https://api.hubapi.com https://forms.hubspot.com https://stats.g.doubleclick.net https://alb.reddit.com https://analytics.twitter.com https://heapanalytics.com https://*.auryc.com https://*.contentsquare.net https://siteintercept.qualtrics.com https://api.userway.org/".

[2025-09-20 17:41:05.359] INFO - 22:41:05.357Z visibilitychange: hidden, gd: 1000
[2025-09-20 17:41:05.361] INFO - 22:41:05.357Z visibilitychange: hidden, gd: 1000
[2025-09-20 17:41:05.361] WARNING - 22:41:05.357Z [LaunchDarkly] Error on stream connection: {"isTrusted":true}, will continue retrying after 618 milliseconds.
[2025-09-20 17:41:05.361] WARNING - 22:41:05.357Z [LaunchDarkly] Error on stream connection: {"isTrusted":true}, will continue retrying after 618 milliseconds.
[2025-09-20 17:41:05.362] INFO - 22:41:05.358Z [LaunchDarkly] Closing stream connection
[2025-09-20 17:41:05.362] INFO - 22:41:05.358Z [LaunchDarkly] Closing stream connection
[2025-09-20 17:41:05.502] WARNING - Duplicate atom key "locale". This is a FATAL ERROR in
      production. But it is safe to ignore this warning if it occurred because of
      hot module replacement.
[2025-09-20 17:41:05.503] WARNING - Duplicate atom key "locale". This is a FATAL ERROR in
      production. But it is safe to ignore this warning if it occurred because of
      hot module replacement.
[2025-09-20 17:41:05.504] WARNING - Duplicate atom key "muiTheme". This is a FATAL ERROR in
      production. But it is safe to ignore this warning if it occurred because of
      hot module replacement.
[2025-09-20 17:41:05.505] WARNING - Duplicate atom key "muiTheme". This is a FATAL ERROR in
      production. But it is safe to ignore this warning if it occurred because of
      hot module replacement.
[2025-09-20 17:41:05.506] WARNING - Duplicate atom key "appLinksFooter". This is a FATAL ERROR in
      production. But it is safe to ignore this warning if it occurred because of
      hot module replacement.
[2025-09-20 17:41:05.507] WARNING - Duplicate atom key "appLinksFooter". This is a FATAL ERROR in
      production. But it is safe to ignore this warning if it occurred because of
      hot module replacement.
[2025-09-20 17:41:05.508] WARNING - Duplicate atom key "currentUserId2". This is a FATAL ERROR in
      production. But it is safe to ignore this warning if it occurred because of
      hot module replacement.
[2025-09-20 17:41:05.509] WARNING - Duplicate atom key "currentUserId2". This is a FATAL ERROR in
      production. But it is safe to ignore this warning if it occurred because of
      hot module replacement.
[2025-09-20 17:41:05.510] WARNING - Duplicate atom key "onboardingInProgress". This is a FATAL ERROR in
      production. But it is safe to ignore this warning if it occurred because of
      hot module replacement.
[2025-09-20 17:41:05.511] WARNING - Duplicate atom key "onboardingInProgress". This is a FATAL ERROR in
      production. But it is safe to ignore this warning if it occurred because of
      hot module replacement.
[2025-09-20 17:41:05.511] WARNING - Duplicate atom key "editing". This is a FATAL ERROR in
      production. But it is safe to ignore this warning if it occurred because of
      hot module replacement.
[2025-09-20 17:41:05.512] WARNING - Duplicate atom key "editing". This is a FATAL ERROR in
      production. But it is safe to ignore this warning if it occurred because of
      hot module replacement.
[2025-09-20 17:41:05.513] WARNING - Duplicate atom key "infoMessage". This is a FATAL ERROR in
      production. But it is safe to ignore this warning if it occurred because of
      hot module replacement.
[2025-09-20 17:41:05.513] WARNING - Duplicate atom key "infoMessage". This is a FATAL ERROR in
      production. But it is safe to ignore this warning if it occurred because of
      hot module replacement.
[2025-09-20 17:41:05.514] WARNING - Duplicate atom key "browserWarning". This is a FATAL ERROR in
      production. But it is safe to ignore this warning if it occurred because of
      hot module replacement.
[2025-09-20 17:41:05.515] WARNING - Duplicate atom key "browserWarning". This is a FATAL ERROR in
      production. But it is safe to ignore this warning if it occurred because of
      hot module replacement.
[2025-09-20 17:41:05.516] WARNING - Duplicate atom key "clockWarning". This is a FATAL ERROR in
      production. But it is safe to ignore this warning if it occurred because of
      hot module replacement.
[2025-09-20 17:41:05.517] WARNING - Duplicate atom key "clockWarning". This is a FATAL ERROR in
      production. But it is safe to ignore this warning if it occurred because of
      hot module replacement.
[2025-09-20 17:41:05.520] WARNING - Duplicate atom key "breakpoint". This is a FATAL ERROR in
      production. But it is safe to ignore this warning if it occurred because of
      hot module replacement.
[2025-09-20 17:41:05.520] WARNING - Duplicate atom key "breakpoint". This is a FATAL ERROR in
      production. But it is safe to ignore this warning if it occurred because of
      hot module replacement.
[2025-09-20 17:41:05.521] WARNING - Duplicate atom key "inMobileRange". This is a FATAL ERROR in
      production. But it is safe to ignore this warning if it occurred because of
      hot module replacement.
[2025-09-20 17:41:05.522] WARNING - Duplicate atom key "inMobileRange". This is a FATAL ERROR in
      production. But it is safe to ignore this warning if it occurred because of
      hot module replacement.
[2025-09-20 17:41:05.522] WARNING - Duplicate atom key "gridSpacing". This is a FATAL ERROR in
      production. But it is safe to ignore this warning if it occurred because of
      hot module replacement.
[2025-09-20 17:41:05.524] WARNING - Duplicate atom key "gridSpacing". This is a FATAL ERROR in
      production. But it is safe to ignore this warning if it occurred because of
      hot module replacement.
[2025-09-20 17:41:05.525] WARNING - Duplicate atom key "login". This is a FATAL ERROR in
      production. But it is safe to ignore this warning if it occurred because of
      hot module replacement.
[2025-09-20 17:41:05.525] WARNING - Duplicate atom key "login". This is a FATAL ERROR in
      production. But it is safe to ignore this warning if it occurred because of
      hot module replacement.
[2025-09-20 17:41:05.527] WARNING - Duplicate atom key "error". This is a FATAL ERROR in
      production. But it is safe to ignore this warning if it occurred because of
      hot module replacement.
[2025-09-20 17:41:05.528] WARNING - Duplicate atom key "error". This is a FATAL ERROR in
      production. But it is safe to ignore this warning if it occurred because of
      hot module replacement.
[2025-09-20 17:41:05.528] WARNING - Duplicate atom key "contactInfos2". This is a FATAL ERROR in
      production. But it is safe to ignore this warning if it occurred because of
      hot module replacement.
[2025-09-20 17:41:05.528] WARNING - Duplicate atom key "contactInfos2". This is a FATAL ERROR in
      production. But it is safe to ignore this warning if it occurred because of
      hot module replacement.
[2025-09-20 17:41:05.529] WARNING - Duplicate atom key "individualApplicantsTimestamp". This is a FATAL ERROR in
      production. But it is safe to ignore this warning if it occurred because of
      hot module replacement.
[2025-09-20 17:41:05.529] WARNING - Duplicate atom key "individualApplicantsTimestamp". This is a FATAL ERROR in
      production. But it is safe to ignore this warning if it occurred because of
      hot module replacement.
[2025-09-20 17:41:05.529] WARNING - Duplicate atom key "customerApplication". This is a FATAL ERROR in
      production. But it is safe to ignore this warning if it occurred because of
      hot module replacement.
[2025-09-20 17:41:05.529] WARNING - Duplicate atom key "customerApplication". This is a FATAL ERROR in
      production. But it is safe to ignore this warning if it occurred because of
      hot module replacement.
[2025-09-20 17:41:05.529] WARNING - Duplicate atom key "individualApplicants". This is a FATAL ERROR in
      production. But it is safe to ignore this warning if it occurred because of
      hot module replacement.
[2025-09-20 17:41:05.529] WARNING - Duplicate atom key "individualApplicants". This is a FATAL ERROR in
      production. But it is safe to ignore this warning if it occurred because of
      hot module replacement.
[2025-09-20 17:41:05.529] WARNING - Duplicate atom key "clearingHouses". This is a FATAL ERROR in
      production. But it is safe to ignore this warning if it occurred because of
      hot module replacement.
[2025-09-20 17:41:05.529] WARNING - Duplicate atom key "clearingHouses". This is a FATAL ERROR in
      production. But it is safe to ignore this warning if it occurred because of
      hot module replacement.
[2025-09-20 17:41:05.529] WARNING - Duplicate atom key "clearXClearingHouse". This is a FATAL ERROR in
      production. But it is safe to ignore this warning if it occurred because of
      hot module replacement.
[2025-09-20 17:41:05.530] WARNING - Duplicate atom key "clearXClearingHouse". This is a FATAL ERROR in
      production. But it is safe to ignore this warning if it occurred because of
      hot module replacement.
[2025-09-20 17:41:05.530] WARNING - Duplicate atom key "applicationClearingHouse". This is a FATAL ERROR in
      production. But it is safe to ignore this warning if it occurred because of
      hot module replacement.
[2025-09-20 17:41:05.530] WARNING - Duplicate atom key "applicationClearingHouse". This is a FATAL ERROR in
      production. But it is safe to ignore this warning if it occurred because of
      hot module replacement.
[2025-09-20 17:41:05.530] WARNING - Duplicate atom key "userLocation". This is a FATAL ERROR in
      production. But it is safe to ignore this warning if it occurred because of
      hot module replacement.
[2025-09-20 17:41:05.530] WARNING - Duplicate atom key "userLocation". This is a FATAL ERROR in
      production. But it is safe to ignore this warning if it occurred because of
      hot module replacement.
[2025-09-20 17:41:05.530] WARNING - Duplicate atom key "savedApplicationsTimestamp". This is a FATAL ERROR in
      production. But it is safe to ignore this warning if it occurred because of
      hot module replacement.
[2025-09-20 17:41:05.530] WARNING - Duplicate atom key "savedApplicationsTimestamp". This is a FATAL ERROR in
      production. But it is safe to ignore this warning if it occurred because of
      hot module replacement.
[2025-09-20 17:41:05.530] WARNING - Duplicate atom key "savedApplications". This is a FATAL ERROR in
      production. But it is safe to ignore this warning if it occurred because of
      hot module replacement.
[2025-09-20 17:41:05.531] WARNING - Duplicate atom key "savedApplications". This is a FATAL ERROR in
      production. But it is safe to ignore this warning if it occurred because of
      hot module replacement.
[2025-09-20 17:41:05.531] WARNING - Duplicate atom key "step". This is a FATAL ERROR in
      production. But it is safe to ignore this warning if it occurred because of
      hot module replacement.
[2025-09-20 17:41:05.531] WARNING - Duplicate atom key "step". This is a FATAL ERROR in
      production. But it is safe to ignore this warning if it occurred because of
      hot module replacement.
[2025-09-20 17:41:05.531] WARNING - Duplicate atom key "checkStates". This is a FATAL ERROR in
      production. But it is safe to ignore this warning if it occurred because of
      hot module replacement.
[2025-09-20 17:41:05.531] WARNING - Duplicate atom key "checkStates". This is a FATAL ERROR in
      production. But it is safe to ignore this warning if it occurred because of
      hot module replacement.
[2025-09-20 17:41:05.531] WARNING - Duplicate atom key "signStates". This is a FATAL ERROR in
      production. But it is safe to ignore this warning if it occurred because of
      hot module replacement.
[2025-09-20 17:41:05.531] WARNING - Duplicate atom key "signStates". This is a FATAL ERROR in
      production. But it is safe to ignore this warning if it occurred because of
      hot module replacement.
[2025-09-20 17:41:05.531] WARNING - Duplicate atom key "wizard". This is a FATAL ERROR in
      production. But it is safe to ignore this warning if it occurred because of
      hot module replacement.
[2025-09-20 17:41:05.531] WARNING - Duplicate atom key "wizard". This is a FATAL ERROR in
      production. But it is safe to ignore this warning if it occurred because of
      hot module replacement.
[2025-09-20 17:41:05.532] WARNING - Duplicate atom key "formBuilder". This is a FATAL ERROR in
      production. But it is safe to ignore this warning if it occurred because of
      hot module replacement.
[2025-09-20 17:41:05.532] WARNING - Duplicate atom key "formBuilder". This is a FATAL ERROR in
      production. But it is safe to ignore this warning if it occurred because of
      hot module replacement.
[2025-09-20 17:41:05.532] WARNING - Duplicate atom key "headerSlot". This is a FATAL ERROR in
      production. But it is safe to ignore this warning if it occurred because of
      hot module replacement.
[2025-09-20 17:41:05.532] WARNING - Duplicate atom key "headerSlot". This is a FATAL ERROR in
      production. But it is safe to ignore this warning if it occurred because of
      hot module replacement.
[2025-09-20 17:41:05.532] WARNING - Duplicate atom key "footerSlot". This is a FATAL ERROR in
      production. But it is safe to ignore this warning if it occurred because of
      hot module replacement.
[2025-09-20 17:41:05.532] WARNING - Duplicate atom key "footerSlot". This is a FATAL ERROR in
      production. But it is safe to ignore this warning if it occurred because of
      hot module replacement.
[2025-09-20 17:41:05.532] WARNING - Duplicate atom key "alloyJourneyToken". This is a FATAL ERROR in
      production. But it is safe to ignore this warning if it occurred because of
      hot module replacement.
[2025-09-20 17:41:05.532] WARNING - Duplicate atom key "alloyJourneyToken". This is a FATAL ERROR in
      production. But it is safe to ignore this warning if it occurred because of
      hot module replacement.
[2025-09-20 17:41:05.532] DEBUG - [bugsnag] Loaded!
[2025-09-20 17:41:05.533] DEBUG - [bugsnag] Loaded!
[2025-09-20 17:41:05.533] INFO - Version 3.250912.0 prod production 
[2025-09-20 17:41:05.533] INFO - Version 3.250912.0 prod production 
[2025-09-20 17:41:05.533] INFO - Time: Sat Sep 20 2025 17:41:05 GMT-0500 (Central Daylight Time)
[2025-09-20 17:41:05.533] INFO - Time:
[2025-09-20 17:41:05.556] LOG - 22:41:05.554Z Try to restore session
[2025-09-20 17:41:05.557] LOG - 22:41:05.554Z Try to restore session
[2025-09-20 17:41:05.557] LOG - 22:41:05.555Z Access token will be renewed in 75 minutes; expired: Sat Sep 20 2025 19:01:04 GMT-0500 (Central Daylight Time), now: Sat Sep 20 2025 17:41:05 GMT-0500 (Central Daylight Time)
[2025-09-20 17:41:05.557] LOG - 22:41:05.555Z Access token will be renewed in 75 minutes; expired: Sat Sep 20 2025 19:01:04 GMT-0500 (Central Daylight Time), now: Sat Sep 20 2025 17:41:05 GMT-0500 (Central Daylight Time)
[2025-09-20 17:41:05.562] WARNING - 22:41:05.561Z [LaunchDarkly] The waitForInitialization function was called without a timeout specified. In a future version a default timeout will be applied.
[2025-09-20 17:41:05.562] WARNING - 22:41:05.561Z [LaunchDarkly] The waitForInitialization function was called without a timeout specified. In a future version a default timeout will be applied.
[2025-09-20 17:41:05.570] INFO - 22:41:05.570Z chart cache state: islands=3, bars=1532
[2025-09-20 17:41:05.571] INFO - 22:41:05.570Z chart cache state: islands=3, bars=1532
[2025-09-20 17:41:05.571] INFO - 22:41:05.570Z Chart history database initialized
[2025-09-20 17:41:05.572] INFO - 22:41:05.570Z Chart history database initialized
[2025-09-20 17:41:05.578] INFO - 22:41:05.577Z [LaunchDarkly] LaunchDarkly client initialized
[2025-09-20 17:41:05.579] INFO - 22:41:05.577Z [LaunchDarkly] LaunchDarkly client initialized
[2025-09-20 17:41:05.579] INFO - 22:41:05.577Z [LaunchDarkly] Opening stream connection to https://clientstream.launchdarkly.com/eval/66cdf5b9cf61891061b4e437/eyJraW5kIjoidXNlciIsImtleSI6InVua25vd24iLCJhbm9ueW1vdXMiOmZhbHNlfQ
[2025-09-20 17:41:05.579] INFO - 22:41:05.577Z [LaunchDarkly] Opening stream connection to https://clientstream.launchdarkly.com/eval/66cdf5b9cf61891061b4e437/eyJraW5kIjoidXNlciIsImtleSI6InVua25vd24iLCJhbm9ueW1vdXMiOmZhbHNlfQ
[2025-09-20 17:41:06.140] error - Access to XMLHttpRequest at 'https://app.launchdarkly.com/sdk/evalx/66cdf5b9cf61891061b4e437/contexts/eyJraW5kIjoidXNlciIsImtleSI6IjQ2NTYwMjciLCJkZXZpY2UiOiJkZXNrdG9wIiwidXNlcklkIjo0NjU2MDI3LCJpcENvdW50cnkiOiJVUyIsIm9yZ05hbWUiOiJURFYiLCJuYW1lIjoiWmVuZXgzMjk4IiwibGFuZGluZ1BhcmFtcyI6IiJ9' from origin 'https://trader.tradovate.com' has been blocked by CORS policy: No 'Access-Control-Allow-Origin' header is present on the requested resource.
[2025-09-20 17:41:06.141] ERROR - 22:41:06.140Z [LaunchDarkly] network error (Error)
[2025-09-20 17:41:06.141] ERROR - 22:41:06.140Z [LaunchDarkly] network error (Error)
[2025-09-20 17:41:06.142] error - Failed to load resource: net::ERR_FAILED
[2025-09-20 17:41:06.146] ERROR - Exception: t
[2025-09-20 17:41:06.266] LOG - 22:41:06.264Z opening https://demo.tradovateapi.com/
[2025-09-20 17:41:06.268] LOG - 22:41:06.264Z opening https://demo.tradovateapi.com/
[2025-09-20 17:41:06.272] LOG - 22:41:06.271Z Hotkeys initialized {"Shift+Digit1":["orders/selectColumns"],"Shift+Digit2":["orders/showFilters"],"Shift+Digit3":["orders/standardTableView"],"Shift+Digit4":["orders/linkedOrdersView"],"Command+Shift+Digit0":["dom-chart/exit-and-cancel"]}
[2025-09-20 17:41:06.272] LOG - 22:41:06.271Z Hotkeys initialized {"Shift+Digit1":["orders/selectColumns"],"Shift+Digit2":["orders/showFilters"],"Shift+Digit3":["orders/standardTableView"],"Shift+Digit4":["orders/linkedOrdersView"],"Command+Shift+Digit0":["dom-chart/exit-and-cancel"]}
[2025-09-20 17:41:06.341] LOG - 22:41:06.340Z websocket opened
[2025-09-20 17:41:06.341] LOG - 22:41:06.340Z websocket opened
[2025-09-20 17:41:06.396] LOG - 22:41:06.394Z opening https://md-demo.tradovateapi.com/
[2025-09-20 17:41:06.396] LOG - 22:41:06.394Z opening https://md-demo.tradovateapi.com/
[2025-09-20 17:41:06.396] LOG - 22:41:06.395Z Connection:  open
[2025-09-20 17:41:06.396] LOG - 22:41:06.395Z Connection:  open
[2025-09-20 17:41:07.370] LOG - 22:41:07.368Z WebGL:  {"isWebGL2":true,"precision":"highp","logarithmicDepthBuffer":false,"maxTextures":16,"maxVertexTextures":16,"maxTextureSize":16384,"maxCubemapSize":16384,"maxAttributes":16,"maxVertexUniforms":1024,"maxVaryings":30,"maxFragmentUniforms":1024,"vertexTextures":true,"floatFragmentTextures":true,"floatVertexTextures":true,"maxSamples":8} , devicePixelRatio:  2
[2025-09-20 17:41:07.393] LOG - 22:41:07.368Z Canvas size: 500 932 dpp:  2
[2025-09-20 17:41:07.401] LOG - 22:41:07.378Z Loading App-level Plugins
[2025-09-20 17:41:07.402] LOG - 22:41:07.378Z Loading App-level Plugins
[2025-09-20 17:41:07.402] LOG - 22:41:07.391Z WebGL:  {"isWebGL2":true,"precision":"highp","logarithmicDepthBuffer":false,"maxTextures":16,"maxVertexTextures":16,"maxTextureSize":16384,"maxCubemapSize":16384,"maxAttributes":16,"maxVertexUniforms":1024,"maxVaryings":30,"maxFragmentUniforms":1024,"vertexTextures":true,"floatFragmentTextures":true,"floatVertexTextures":true,"maxSamples":8} , devicePixelRatio:  2
[2025-09-20 17:41:07.403] LOG - 22:41:07.391Z Canvas size: 500 932 dpp:  2
[2025-09-20 17:41:07.481] LOG - 22:41:07.436Z websocket opened
[2025-09-20 17:41:07.482] LOG - 22:41:07.436Z websocket opened
[2025-09-20 17:41:07.653] LOG - 22:41:07.652Z loadAppLevelPlugins:  [object Object]
[2025-09-20 17:41:07.653] LOG - 22:41:07.652Z loadAppLevelPlugins: 
[2025-09-20 17:41:08.349] LOG - 22:41:08.347Z jailing is in progress
[2025-09-20 17:41:08.350] LOG - 22:41:08.347Z jailing is in progress
[2025-09-20 17:41:08.469] LOG - 22:41:08.468Z pending jailing done. next starts
[2025-09-20 17:41:08.469] LOG - 22:41:08.468Z pending jailing done. next starts
[2025-09-20 17:41:09.425] LOG - 22:41:09.424Z created chart 1
[2025-09-20 17:41:09.640] LOG - 22:41:09.639Z updating the shared isolation
[2025-09-20 17:41:09.640] LOG - 22:41:09.639Z updating the shared isolation
[2025-09-20 17:41:09.651] LOG - 22:41:09.649Z requestChart: {"symbol":"3267312","chartDescription":{"underlyingType":"Tick","elementSize":5000,"elementSizeUnit":"UnderlyingUnits","withHistogram":false},"timeRange":{"asMuchAsElements":300}}
[2025-09-20 17:41:09.652] LOG - 22:41:09.649Z requestChart: {"symbol":"3267312","chartDescription":{"underlyingType":"Tick","elementSize":5000,"elementSizeUnit":"UnderlyingUnits","withHistogram":false},"timeRange":{"asMuchAsElements":300}}
[2025-09-20 17:41:09.652] LOG - 22:41:09.650Z mdMgApi open
[2025-09-20 17:41:09.652] LOG - 22:41:09.650Z mdMgApi open
[2025-09-20 17:41:14.374] LOG - 22:41:14.372Z Auto Order script initialized - AUTOMATIC HOT RELOAD SUCCESS!
[2025-09-20 17:41:14.374] LOG - 22:41:14.372Z Auto Order script initialized - AUTOMATIC HOT RELOAD SUCCESS!
[2025-09-20 17:41:14.375] LOG - 22:41:14.373Z Creating UI...
[2025-09-20 17:41:14.375] LOG - 22:41:14.373Z Creating UI...
[2025-09-20 17:41:14.376] LOG - 22:41:14.373Z Creating UI
[2025-09-20 17:41:14.376] LOG - 22:41:14.373Z Creating UI
[2025-09-20 17:41:14.376] LOG - 22:41:14.374Z Stored values: TP=120, SL=40, Qty=2, Tick=0.25, Symbol=NQ
[2025-09-20 17:41:14.376] LOG - 22:41:14.374Z Stored values: TP=120, SL=40, Qty=2, Tick=0.25, Symbol=NQ
[2025-09-20 17:41:14.377] LOG - 22:41:14.376Z UI container added to DOM
[2025-09-20 17:41:14.378] LOG - 22:41:14.376Z UI container added to DOM
[2025-09-20 17:41:14.379] LOG - 22:41:14.376Z Setting up UI event handlers
[2025-09-20 17:41:14.379] LOG - 22:41:14.376Z Setting up UI event handlers
[2025-09-20 17:41:14.380] LOG - 22:41:14.376Z Setting up persistent settings
[2025-09-20 17:41:14.380] LOG - 22:41:14.376Z Setting up persistent settings
[2025-09-20 17:41:14.381] LOG - 22:41:14.376Z Setting up drag functionality
[2025-09-20 17:41:14.382] LOG - 22:41:14.376Z Setting up drag functionality
[2025-09-20 17:41:14.383] LOG - 22:41:14.376Z Setting up trade buttons
[2025-09-20 17:41:14.383] LOG - 22:41:14.376Z Setting up trade buttons
[2025-09-20 17:41:14.383] LOG - 22:41:14.376Z UI creation complete
[2025-09-20 17:41:14.383] LOG - 22:41:14.376Z UI creation complete
[2025-09-20 17:41:14.383] LOG - 22:41:14.376Z Creating example front-quarter symbol
[2025-09-20 17:41:14.384] LOG - 22:41:14.376Z Creating example front-quarter symbol
[2025-09-20 17:41:14.384] LOG - 22:41:14.377Z getQuarterlyCode called with date: 2025-09-20T22:41:14.377Z
[2025-09-20 17:41:14.384] LOG - 22:41:14.377Z getQuarterlyCode called with date: 2025-09-20T22:41:14.377Z
[2025-09-20 17:41:14.384] LOG - 22:41:14.377Z Current month index: 8
[2025-09-20 17:41:14.384] LOG - 22:41:14.377Z Current month index: 8
[2025-09-20 17:41:14.384] LOG - 22:41:14.377Z Starting calculation with year=2025, month=8
[2025-09-20 17:41:14.384] LOG - 22:41:14.377Z Starting calculation with year=2025, month=8
[2025-09-20 17:41:14.385] LOG - 22:41:14.377Z Calculated quarterly code: letter=Z, yearDigit=5
[2025-09-20 17:41:14.385] LOG - 22:41:14.377Z Calculated quarterly code: letter=Z, yearDigit=5
[2025-09-20 17:41:14.385] LOG - 22:41:14.377Z Example front-quarter symbol created: NQZ5
[2025-09-20 17:41:14.385] LOG - 22:41:14.377Z Example front-quarter symbol created: NQZ5
[2025-09-20 17:41:14.395] LOG - 22:41:14.393Z Auto Risk Management: Running initial risk assessment...
[2025-09-20 17:41:14.395] LOG - 22:41:14.393Z Auto Risk Management: Running initial risk assessment...
[2025-09-20 17:41:14.396] LOG - 22:41:14.394Z [analyzePhase] resetting phaseData
[2025-09-20 17:41:14.397] LOG - 22:41:14.394Z [analyzePhase] resetting phaseData
[2025-09-20 17:41:14.398] LOG - 22:41:14.395Z [analyzePhase] set phase 1 maxActive to 1
[2025-09-20 17:41:14.398] LOG - 22:41:14.395Z [analyzePhase] set phase 1 maxActive to 1
[2025-09-20 17:41:14.399] LOG - 22:41:14.395Z [analyzePhase] increased phase 2 maxActive to 1
[2025-09-20 17:41:14.399] LOG - 22:41:14.395Z [analyzePhase] increased phase 2 maxActive to 1
[2025-09-20 17:41:14.400] LOG - 22:41:14.395Z [updateUserColumnPhaseStatus] Starting...
[2025-09-20 17:41:14.401] LOG - 22:41:14.395Z [updateUserColumnPhaseStatus] Starting...
[2025-09-20 17:41:14.402] LOG - 22:41:14.395Z [updateUserColumnPhaseStatus] Found 1 rows
[2025-09-20 17:41:14.402] LOG - 22:41:14.395Z [updateUserColumnPhaseStatus] Found 1 rows
[2025-09-20 17:41:14.403] LOG - 22:41:14.395Z [updateUserColumnPhaseStatus] Header cells: Account ▲,Total Available Margin,User,Dist Drawdown Net Liq,Dollar Open P L,Dollar Total P L
[2025-09-20 17:41:14.403] LOG - 22:41:14.395Z [updateUserColumnPhaseStatus] Header cells:
[2025-09-20 17:41:14.403] LOG - 22:41:14.396Z [updateUserColumnPhaseStatus] Found User column at index 2
[2025-09-20 17:41:14.403] LOG - 22:41:14.396Z [updateUserColumnPhaseStatus] Found User column at index 2
[2025-09-20 17:41:14.404] LOG - 22:41:14.396Z [updateUserColumnPhaseStatus] Getting table data...
[2025-09-20 17:41:14.404] LOG - 22:41:14.396Z [updateUserColumnPhaseStatus] Getting table data...
[2025-09-20 17:41:14.404] LOG - 22:41:14.396Z [analyzePhase] resetting phaseData
[2025-09-20 17:41:14.404] LOG - 22:41:14.396Z [analyzePhase] resetting phaseData
[2025-09-20 17:41:14.404] LOG - 22:41:14.396Z [analyzePhase] set phase 1 maxActive to 1
[2025-09-20 17:41:14.404] LOG - 22:41:14.396Z [analyzePhase] set phase 1 maxActive to 1
[2025-09-20 17:41:14.404] LOG - 22:41:14.396Z [analyzePhase] increased phase 2 maxActive to 1
[2025-09-20 17:41:14.405] LOG - 22:41:14.396Z [analyzePhase] increased phase 2 maxActive to 1
[2025-09-20 17:41:14.405] LOG - 22:41:14.396Z [updateUserColumnPhaseStatus] Table data: 0 rows
[2025-09-20 17:41:14.405] LOG - 22:41:14.396Z [updateUserColumnPhaseStatus] Table data: 0 rows
[2025-09-20 17:41:14.405] ERROR - 22:41:14.396Z [updateUserColumnPhaseStatus] No data from getTableData()
[2025-09-20 17:41:14.405] ERROR - 22:41:14.396Z [updateUserColumnPhaseStatus] No data from getTableData()
[2025-09-20 17:41:14.421] warning - The AudioContext was not allowed to start. It must be resumed (or created) after a user gesture on the page. https://developer.chrome.com/blog/autoplay/#web_audio
[2025-09-20 17:41:14.421] LOG - 22:41:14.409Z Auto Risk Management: Initial risk assessment completed
[2025-09-20 17:41:14.421] LOG - 22:41:14.409Z Auto Risk Management: Initial risk assessment completed
[2025-09-20 17:41:15.412] LOG - 22:41:15.411Z [analyzePhase] resetting phaseData
[2025-09-20 17:41:15.414] LOG - 22:41:15.411Z [analyzePhase] resetting phaseData
[2025-09-20 17:41:15.414] LOG - 22:41:15.411Z [analyzePhase] set phase 1 maxActive to 1
[2025-09-20 17:41:15.415] LOG - 22:41:15.411Z [analyzePhase] set phase 1 maxActive to 1
[2025-09-20 17:41:15.415] LOG - 22:41:15.411Z [analyzePhase] increased phase 2 maxActive to 1
[2025-09-20 17:41:15.415] LOG - 22:41:15.411Z [analyzePhase] increased phase 2 maxActive to 1
[2025-09-20 17:41:15.415] WARNING - 22:41:15.411Z Error in deferred func: TypeError: Cannot read properties of undefined (reading 'querySelector'), function(){d(a),f(function(){d(null)},0);var e=i.apply(this,arguments);return d(null),e} TypeError: Cannot read properties of undefined (reading 'querySelector'),    at <anonymous>:377:98,    at i.__trace__ (https://cdn.tradovate.com/tradovate/scripts/8623.bc07fac1.js:2:4608552),    at https://cdn.tradovate.com/tradovate/scripts/8623.bc07fac1.js:2:3545147
[2025-09-20 17:41:15.416] WARNING - 22:41:15.411Z Error in deferred func: TypeError: Cannot read properties of undefined (reading 'querySelector'), function(){d(a),f(function(){d(null)},0);var e=i.apply(this,arguments);return d(null),e}
[2025-09-20 17:41:15.428] LOG - 22:41:15.426Z Executing initial risk management assessment...
[2025-09-20 17:41:15.428] LOG - 22:41:15.426Z Executing initial risk management assessment...
[2025-09-20 17:41:15.430] ERROR - 22:41:15.427Z getTableData function not found
[2025-09-20 17:41:15.431] ERROR - 22:41:15.427Z getTableData function not found
[2025-09-20 17:41:15.432] ERROR - 22:41:15.427Z updateUserColumnPhaseStatus function not found
[2025-09-20 17:41:15.432] ERROR - 22:41:15.427Z updateUserColumnPhaseStatus function not found
[2025-09-20 17:41:15.433] ERROR - 22:41:15.427Z performAccountActions function not found
[2025-09-20 17:41:15.434] ERROR - 22:41:15.427Z performAccountActions function not found
[2025-09-20 17:41:15.434] LOG - 22:41:15.428Z Risk management assessment completed
[2025-09-20 17:41:15.435] LOG - 22:41:15.428Z Risk management assessment completed
[2025-09-20 17:42:05.582] INFO - 22:42:05.581Z time stats. avg diff: -63, min: -63, max: -63, roundtrip: 21 msec, #1
[2025-09-20 17:42:05.582] INFO - 22:42:05.581Z time stats. avg diff: -63, min: -63, max: -63, roundtrip: 21 msec, #1
[2025-09-20 17:42:33.404] INFO - 22:42:33.402Z visibilitychange: hidden, gd: 1000
[2025-09-20 17:42:33.432] INFO - 22:42:33.402Z visibilitychange: hidden, gd: 1000
