[2025-09-20 16:55:23.779] LOG - 21:55:23.777Z Starting login process for: stonkz92224@gmail.com
[2025-09-20 16:55:23.780] LOG - 21:55:23.777Z Starting login process for: stonkz92224@gmail.com
[2025-09-20 16:55:23.781] LOG - 21:55:23.777Z Auto login function executing for: stonkz92224@gmail.com
[2025-09-20 16:55:23.781] LOG - 21:55:23.777Z Auto login function executing for: stonkz92224@gmail.com
[2025-09-20 16:55:23.781] LOG - 21:55:23.777Z Login form found, filling credentials...
[2025-09-20 16:55:23.782] LOG - 21:55:23.777Z Login form found, filling credentials...
[2025-09-20 16:55:23.926] LOG - 21:55:23.816Z Test element added to DOM
[2025-09-20 16:55:23.930] LOG - 21:55:23.816Z Test element added to DOM
[2025-09-20 16:55:23.933] LOG - 21:55:23.931Z All browser alerts and confirmations have been disabled
[2025-09-20 16:55:23.935] LOG - 21:55:23.931Z All browser alerts and confirmations have been disabled
[2025-09-20 16:55:24.291] LOG - 21:55:24.290Z Clicking login button...
[2025-09-20 16:55:24.293] LOG - 21:55:24.290Z Clicking login button...
[2025-09-20 16:55:24.303] LOG - 21:55:24.300Z authentication starting
[2025-09-20 16:55:24.304] LOG - 21:55:24.300Z authentication starting
[2025-09-20 16:55:24.688] warning - The AudioContext was not allowed to start. It must be resumed (or created) after a user gesture on the page. https://developer.chrome.com/blog/autoplay/#web_audio
[2025-09-20 16:55:24.692] LOG - 21:55:24.676Z Watching for account selection page...
[2025-09-20 16:55:24.693] LOG - 21:55:24.676Z Watching for account selection page...
[2025-09-20 16:55:24.987] LOG - 21:55:24.986Z Access token will be renewed in 75 minutes; expired: Sat Sep 20 2025 18:15:24 GMT-0500 (Central Daylight Time), now: Sat Sep 20 2025 16:55:24 GMT-0500 (Central Daylight Time)
[2025-09-20 16:55:24.988] LOG - 21:55:24.986Z Access token will be renewed in 75 minutes; expired: Sat Sep 20 2025 18:15:24 GMT-0500 (Central Daylight Time), now: Sat Sep 20 2025 16:55:24 GMT-0500 (Central Daylight Time)
[2025-09-20 16:55:25.381] error - Access to XMLHttpRequest at 'https://app.launchdarkly.com/sdk/evalx/66cdf5b9cf61891061b4e437/contexts/eyJraW5kIjoidXNlciIsImtleSI6IjM2NTUwNTkiLCJkZXZpY2UiOiJkZXNrdG9wIiwidXNlcklkIjozNjU1MDU5LCJpcENvdW50cnkiOiJVUyIsIm9yZ05hbWUiOiJURFYiLCJuYW1lIjoiU3Rvbmt6OTIyMjQiLCJsYW5kaW5nUGFyYW1zIjoiIn0' from origin 'https://trader.tradovate.com' has been blocked by CORS policy: No 'Access-Control-Allow-Origin' header is present on the requested resource.
[2025-09-20 16:55:25.382] ERROR - 21:55:25.380Z [LaunchDarkly] network error (Error)
[2025-09-20 16:55:25.383] ERROR - 21:55:25.380Z [LaunchDarkly] network error (Error)
[2025-09-20 16:55:25.385] ERROR - 21:55:25.382Z [LaunchDarkly] network error (Error)
[2025-09-20 16:55:25.385] ERROR - 21:55:25.382Z [LaunchDarkly] network error (Error)
[2025-09-20 16:55:25.385] error - Failed to load resource: net::ERR_FAILED
[2025-09-20 16:55:25.391] ERROR - Exception: t
[2025-09-20 16:55:25.392] ERROR - Exception: t
[2025-09-20 16:55:25.414] error - Access to XMLHttpRequest at 'https://app.launchdarkly.com/sdk/evalx/66cdf5b9cf61891061b4e437/contexts/eyJraW5kIjoidXNlciIsImtleSI6IjM2NTUwNTkiLCJkZXZpY2UiOiJkZXNrdG9wIiwidXNlcklkIjozNjU1MDU5LCJpcENvdW50cnkiOiJVUyIsIm9yZ05hbWUiOiJURFYiLCJuYW1lIjoiU3Rvbmt6OTIyMjQiLCJsYW5kaW5nUGFyYW1zIjoiIn0' from origin 'https://trader.tradovate.com' has been blocked by CORS policy: No 'Access-Control-Allow-Origin' header is present on the requested resource.
[2025-09-20 16:55:25.414] ERROR - 21:55:25.412Z [LaunchDarkly] network error (Error)
[2025-09-20 16:55:25.415] ERROR - 21:55:25.412Z [LaunchDarkly] network error (Error)
[2025-09-20 16:55:25.415] error - Failed to load resource: net::ERR_FAILED
[2025-09-20 16:55:25.415] ERROR - Exception: t
[2025-09-20 16:55:26.679] LOG - 21:55:26.678Z Account selection page detected, clicking button...
[2025-09-20 16:55:26.679] LOG - 21:55:26.678Z Account selection page detected, clicking button...
[2025-09-20 16:55:26.813] LOG - 21:55:26.789Z Access token will be renewed in 75 minutes; expired: Sat Sep 20 2025 18:15:24 GMT-0500 (Central Daylight Time), now: Sat Sep 20 2025 16:55:26 GMT-0500 (Central Daylight Time)
[2025-09-20 16:55:26.813] LOG - 21:55:26.789Z Access token will be renewed in 75 minutes; expired: Sat Sep 20 2025 18:15:24 GMT-0500 (Central Daylight Time), now: Sat Sep 20 2025 16:55:26 GMT-0500 (Central Daylight Time)
[2025-09-20 16:55:26.878] error - Refused to connect to 'https://bat.bing.com/actionp/0?ti=26330043&Ver=2&mid=5f4723d0-37d8-4ee3-97a1-df9d02052099&bo=2&sid=2801add0965411f09165ab2c93c38bf7&vid=2801c1c0965411f0afa211e8ba13cf6d&vids=0&msclkid=N&evt=pageHide' because it violates the following Content Security Policy directive: "connect-src wss://*.tradovate.com https://*.tradovate.com https://*.ntinnolab.com https://*.devel.ninjatrader.dev https://*.staging.ninjatrader.dev https://*.uat.ninjatrader.dev wss://*.ntinnolab.com wss://*.devel.ninjatrader.dev wss://*.staging.ninjatrader.dev wss://*.uat.ninjatrader.dev wss://*.tradovateapi.com https://*.tradovateapi.com https://*.ninjatrader.com https://cdn.walkme.com https://ec.walkme.com https://sessions.bugsnag.com https://notify.bugsnag.com https://*.plaid.com https://*.yodlee.com https://tradovate.zendesk.com https://rollout.ada.support https://static.ada.support https://ninjatrader.ada.support https://tradovate.ada.support https://ninjatrader-eap.ada.support/ https://demo-ninjatrader-gr.ada.support/ https://tradovate-gen.ada.support/ https://api.stripe.com https://apiproxy.ninjatrader.com https://apiproxy-d.ninjatrader.com https://us-autocomplete-pro.api.smartystreets.com https://international-autocomplete.api.smarty.com https://maps.googleapis.com https://accounts.google.com/ https://www.google.com https://www.googletagmanager.com/ https://*.browser-intake-datadoghq.com https://scripts.neuro-id.com https://receiver.neuroid.cloud https://logs.neuro-id.com https://firebaseinstallations.googleapis.com/ https://firebaseremoteconfig.googleapis.com/ https://logx.optimizely.com https://*.optimizely.com wss://mpsnare.iesnare.com wss://ci-mpsnare.iovation.com https://*.iovation.com/ https://*.reddit.com  https://www.redditstatic.com https://*.taboola.com https://*.launchdarkly.com https://*.alloy.co https://*.maze.co https://www.google-analytics.com https://analytics.google.com https://www.googletagmanager.com/ https://api.hubapi.com https://forms.hubspot.com https://stats.g.doubleclick.net https://alb.reddit.com https://analytics.twitter.com https://heapanalytics.com https://*.auryc.com https://*.contentsquare.net https://siteintercept.qualtrics.com https://api.userway.org/".

[2025-09-20 16:55:26.879] INFO - 21:55:26.874Z visibilitychange: hidden, gd: 1000
[2025-09-20 16:55:26.880] INFO - 21:55:26.874Z visibilitychange: hidden, gd: 1000
[2025-09-20 16:55:26.881] WARNING - 21:55:26.876Z [LaunchDarkly] Error on stream connection: {"isTrusted":true}, will continue retrying after 533 milliseconds.
[2025-09-20 16:55:26.882] WARNING - 21:55:26.876Z [LaunchDarkly] Error on stream connection: {"isTrusted":true}, will continue retrying after 533 milliseconds.
[2025-09-20 16:55:26.882] INFO - 21:55:26.876Z [LaunchDarkly] Closing stream connection
[2025-09-20 16:55:26.882] INFO - 21:55:26.876Z [LaunchDarkly] Closing stream connection
[2025-09-20 16:55:27.273] WARNING - Duplicate atom key "locale". This is a FATAL ERROR in
      production. But it is safe to ignore this warning if it occurred because of
      hot module replacement.
[2025-09-20 16:55:27.275] WARNING - Duplicate atom key "locale". This is a FATAL ERROR in
      production. But it is safe to ignore this warning if it occurred because of
      hot module replacement.
[2025-09-20 16:55:27.277] WARNING - Duplicate atom key "muiTheme". This is a FATAL ERROR in
      production. But it is safe to ignore this warning if it occurred because of
      hot module replacement.
[2025-09-20 16:55:27.278] WARNING - Duplicate atom key "muiTheme". This is a FATAL ERROR in
      production. But it is safe to ignore this warning if it occurred because of
      hot module replacement.
[2025-09-20 16:55:27.278] WARNING - Duplicate atom key "appLinksFooter". This is a FATAL ERROR in
      production. But it is safe to ignore this warning if it occurred because of
      hot module replacement.
[2025-09-20 16:55:27.280] WARNING - Duplicate atom key "appLinksFooter". This is a FATAL ERROR in
      production. But it is safe to ignore this warning if it occurred because of
      hot module replacement.
[2025-09-20 16:55:27.281] WARNING - Duplicate atom key "currentUserId2". This is a FATAL ERROR in
      production. But it is safe to ignore this warning if it occurred because of
      hot module replacement.
[2025-09-20 16:55:27.283] WARNING - Duplicate atom key "currentUserId2". This is a FATAL ERROR in
      production. But it is safe to ignore this warning if it occurred because of
      hot module replacement.
[2025-09-20 16:55:27.283] WARNING - Duplicate atom key "onboardingInProgress". This is a FATAL ERROR in
      production. But it is safe to ignore this warning if it occurred because of
      hot module replacement.
[2025-09-20 16:55:27.284] WARNING - Duplicate atom key "onboardingInProgress". This is a FATAL ERROR in
      production. But it is safe to ignore this warning if it occurred because of
      hot module replacement.
[2025-09-20 16:55:27.293] WARNING - Duplicate atom key "editing". This is a FATAL ERROR in
      production. But it is safe to ignore this warning if it occurred because of
      hot module replacement.
[2025-09-20 16:55:27.294] WARNING - Duplicate atom key "editing". This is a FATAL ERROR in
      production. But it is safe to ignore this warning if it occurred because of
      hot module replacement.
[2025-09-20 16:55:27.296] WARNING - Duplicate atom key "infoMessage". This is a FATAL ERROR in
      production. But it is safe to ignore this warning if it occurred because of
      hot module replacement.
[2025-09-20 16:55:27.298] WARNING - Duplicate atom key "infoMessage". This is a FATAL ERROR in
      production. But it is safe to ignore this warning if it occurred because of
      hot module replacement.
[2025-09-20 16:55:27.300] WARNING - Duplicate atom key "browserWarning". This is a FATAL ERROR in
      production. But it is safe to ignore this warning if it occurred because of
      hot module replacement.
[2025-09-20 16:55:27.301] WARNING - Duplicate atom key "browserWarning". This is a FATAL ERROR in
      production. But it is safe to ignore this warning if it occurred because of
      hot module replacement.
[2025-09-20 16:55:27.302] WARNING - Duplicate atom key "clockWarning". This is a FATAL ERROR in
      production. But it is safe to ignore this warning if it occurred because of
      hot module replacement.
[2025-09-20 16:55:27.303] WARNING - Duplicate atom key "clockWarning". This is a FATAL ERROR in
      production. But it is safe to ignore this warning if it occurred because of
      hot module replacement.
[2025-09-20 16:55:27.303] WARNING - Duplicate atom key "breakpoint". This is a FATAL ERROR in
      production. But it is safe to ignore this warning if it occurred because of
      hot module replacement.
[2025-09-20 16:55:27.304] WARNING - Duplicate atom key "breakpoint". This is a FATAL ERROR in
      production. But it is safe to ignore this warning if it occurred because of
      hot module replacement.
[2025-09-20 16:55:27.304] WARNING - Duplicate atom key "inMobileRange". This is a FATAL ERROR in
      production. But it is safe to ignore this warning if it occurred because of
      hot module replacement.
[2025-09-20 16:55:27.304] WARNING - Duplicate atom key "inMobileRange". This is a FATAL ERROR in
      production. But it is safe to ignore this warning if it occurred because of
      hot module replacement.
[2025-09-20 16:55:27.304] WARNING - Duplicate atom key "gridSpacing". This is a FATAL ERROR in
      production. But it is safe to ignore this warning if it occurred because of
      hot module replacement.
[2025-09-20 16:55:27.304] WARNING - Duplicate atom key "gridSpacing". This is a FATAL ERROR in
      production. But it is safe to ignore this warning if it occurred because of
      hot module replacement.
[2025-09-20 16:55:27.304] WARNING - Duplicate atom key "login". This is a FATAL ERROR in
      production. But it is safe to ignore this warning if it occurred because of
      hot module replacement.
[2025-09-20 16:55:27.304] WARNING - Duplicate atom key "login". This is a FATAL ERROR in
      production. But it is safe to ignore this warning if it occurred because of
      hot module replacement.
[2025-09-20 16:55:27.305] WARNING - Duplicate atom key "error". This is a FATAL ERROR in
      production. But it is safe to ignore this warning if it occurred because of
      hot module replacement.
[2025-09-20 16:55:27.305] WARNING - Duplicate atom key "error". This is a FATAL ERROR in
      production. But it is safe to ignore this warning if it occurred because of
      hot module replacement.
[2025-09-20 16:55:27.305] WARNING - Duplicate atom key "contactInfos2". This is a FATAL ERROR in
      production. But it is safe to ignore this warning if it occurred because of
      hot module replacement.
[2025-09-20 16:55:27.305] WARNING - Duplicate atom key "contactInfos2". This is a FATAL ERROR in
      production. But it is safe to ignore this warning if it occurred because of
      hot module replacement.
[2025-09-20 16:55:27.305] WARNING - Duplicate atom key "individualApplicantsTimestamp". This is a FATAL ERROR in
      production. But it is safe to ignore this warning if it occurred because of
      hot module replacement.
[2025-09-20 16:55:27.305] WARNING - Duplicate atom key "individualApplicantsTimestamp". This is a FATAL ERROR in
      production. But it is safe to ignore this warning if it occurred because of
      hot module replacement.
[2025-09-20 16:55:27.305] WARNING - Duplicate atom key "customerApplication". This is a FATAL ERROR in
      production. But it is safe to ignore this warning if it occurred because of
      hot module replacement.
[2025-09-20 16:55:27.305] WARNING - Duplicate atom key "customerApplication". This is a FATAL ERROR in
      production. But it is safe to ignore this warning if it occurred because of
      hot module replacement.
[2025-09-20 16:55:27.305] WARNING - Duplicate atom key "individualApplicants". This is a FATAL ERROR in
      production. But it is safe to ignore this warning if it occurred because of
      hot module replacement.
[2025-09-20 16:55:27.306] WARNING - Duplicate atom key "individualApplicants". This is a FATAL ERROR in
      production. But it is safe to ignore this warning if it occurred because of
      hot module replacement.
[2025-09-20 16:55:27.306] WARNING - Duplicate atom key "clearingHouses". This is a FATAL ERROR in
      production. But it is safe to ignore this warning if it occurred because of
      hot module replacement.
[2025-09-20 16:55:27.306] WARNING - Duplicate atom key "clearingHouses". This is a FATAL ERROR in
      production. But it is safe to ignore this warning if it occurred because of
      hot module replacement.
[2025-09-20 16:55:27.306] WARNING - Duplicate atom key "clearXClearingHouse". This is a FATAL ERROR in
      production. But it is safe to ignore this warning if it occurred because of
      hot module replacement.
[2025-09-20 16:55:27.306] WARNING - Duplicate atom key "clearXClearingHouse". This is a FATAL ERROR in
      production. But it is safe to ignore this warning if it occurred because of
      hot module replacement.
[2025-09-20 16:55:27.306] WARNING - Duplicate atom key "applicationClearingHouse". This is a FATAL ERROR in
      production. But it is safe to ignore this warning if it occurred because of
      hot module replacement.
[2025-09-20 16:55:27.306] WARNING - Duplicate atom key "applicationClearingHouse". This is a FATAL ERROR in
      production. But it is safe to ignore this warning if it occurred because of
      hot module replacement.
[2025-09-20 16:55:27.306] WARNING - Duplicate atom key "userLocation". This is a FATAL ERROR in
      production. But it is safe to ignore this warning if it occurred because of
      hot module replacement.
[2025-09-20 16:55:27.306] WARNING - Duplicate atom key "userLocation". This is a FATAL ERROR in
      production. But it is safe to ignore this warning if it occurred because of
      hot module replacement.
[2025-09-20 16:55:27.307] WARNING - Duplicate atom key "savedApplicationsTimestamp". This is a FATAL ERROR in
      production. But it is safe to ignore this warning if it occurred because of
      hot module replacement.
[2025-09-20 16:55:27.307] WARNING - Duplicate atom key "savedApplicationsTimestamp". This is a FATAL ERROR in
      production. But it is safe to ignore this warning if it occurred because of
      hot module replacement.
[2025-09-20 16:55:27.307] WARNING - Duplicate atom key "savedApplications". This is a FATAL ERROR in
      production. But it is safe to ignore this warning if it occurred because of
      hot module replacement.
[2025-09-20 16:55:27.307] WARNING - Duplicate atom key "savedApplications". This is a FATAL ERROR in
      production. But it is safe to ignore this warning if it occurred because of
      hot module replacement.
[2025-09-20 16:55:27.307] WARNING - Duplicate atom key "step". This is a FATAL ERROR in
      production. But it is safe to ignore this warning if it occurred because of
      hot module replacement.
[2025-09-20 16:55:27.307] WARNING - Duplicate atom key "step". This is a FATAL ERROR in
      production. But it is safe to ignore this warning if it occurred because of
      hot module replacement.
[2025-09-20 16:55:27.307] WARNING - Duplicate atom key "checkStates". This is a FATAL ERROR in
      production. But it is safe to ignore this warning if it occurred because of
      hot module replacement.
[2025-09-20 16:55:27.307] WARNING - Duplicate atom key "checkStates". This is a FATAL ERROR in
      production. But it is safe to ignore this warning if it occurred because of
      hot module replacement.
[2025-09-20 16:55:27.308] WARNING - Duplicate atom key "signStates". This is a FATAL ERROR in
      production. But it is safe to ignore this warning if it occurred because of
      hot module replacement.
[2025-09-20 16:55:27.308] WARNING - Duplicate atom key "signStates". This is a FATAL ERROR in
      production. But it is safe to ignore this warning if it occurred because of
      hot module replacement.
[2025-09-20 16:55:27.308] WARNING - Duplicate atom key "wizard". This is a FATAL ERROR in
      production. But it is safe to ignore this warning if it occurred because of
      hot module replacement.
[2025-09-20 16:55:27.308] WARNING - Duplicate atom key "wizard". This is a FATAL ERROR in
      production. But it is safe to ignore this warning if it occurred because of
      hot module replacement.
[2025-09-20 16:55:27.308] WARNING - Duplicate atom key "formBuilder". This is a FATAL ERROR in
      production. But it is safe to ignore this warning if it occurred because of
      hot module replacement.
[2025-09-20 16:55:27.308] WARNING - Duplicate atom key "formBuilder". This is a FATAL ERROR in
      production. But it is safe to ignore this warning if it occurred because of
      hot module replacement.
[2025-09-20 16:55:27.308] WARNING - Duplicate atom key "headerSlot". This is a FATAL ERROR in
      production. But it is safe to ignore this warning if it occurred because of
      hot module replacement.
[2025-09-20 16:55:27.308] WARNING - Duplicate atom key "headerSlot". This is a FATAL ERROR in
      production. But it is safe to ignore this warning if it occurred because of
      hot module replacement.
[2025-09-20 16:55:27.308] WARNING - Duplicate atom key "footerSlot". This is a FATAL ERROR in
      production. But it is safe to ignore this warning if it occurred because of
      hot module replacement.
[2025-09-20 16:55:27.309] WARNING - Duplicate atom key "footerSlot". This is a FATAL ERROR in
      production. But it is safe to ignore this warning if it occurred because of
      hot module replacement.
[2025-09-20 16:55:27.309] WARNING - Duplicate atom key "alloyJourneyToken". This is a FATAL ERROR in
      production. But it is safe to ignore this warning if it occurred because of
      hot module replacement.
[2025-09-20 16:55:27.309] WARNING - Duplicate atom key "alloyJourneyToken". This is a FATAL ERROR in
      production. But it is safe to ignore this warning if it occurred because of
      hot module replacement.
[2025-09-20 16:55:27.309] DEBUG - [bugsnag] Loaded!
[2025-09-20 16:55:27.309] DEBUG - [bugsnag] Loaded!
[2025-09-20 16:55:27.309] INFO - Version 3.250912.0 prod production 
[2025-09-20 16:55:27.310] INFO - Version 3.250912.0 prod production 
[2025-09-20 16:55:27.310] INFO - Time: Sat Sep 20 2025 16:55:27 GMT-0500 (Central Daylight Time)
[2025-09-20 16:55:27.310] INFO - Time:
[2025-09-20 16:55:27.373] LOG - 21:55:27.371Z Try to restore session
[2025-09-20 16:55:27.374] LOG - 21:55:27.371Z Try to restore session
[2025-09-20 16:55:27.374] LOG - 21:55:27.373Z Access token will be renewed in 75 minutes; expired: Sat Sep 20 2025 18:15:24 GMT-0500 (Central Daylight Time), now: Sat Sep 20 2025 16:55:27 GMT-0500 (Central Daylight Time)
[2025-09-20 16:55:27.374] LOG - 21:55:27.373Z Access token will be renewed in 75 minutes; expired: Sat Sep 20 2025 18:15:24 GMT-0500 (Central Daylight Time), now: Sat Sep 20 2025 16:55:27 GMT-0500 (Central Daylight Time)
[2025-09-20 16:55:27.379] WARNING - 21:55:27.378Z [LaunchDarkly] The waitForInitialization function was called without a timeout specified. In a future version a default timeout will be applied.
[2025-09-20 16:55:27.380] WARNING - 21:55:27.378Z [LaunchDarkly] The waitForInitialization function was called without a timeout specified. In a future version a default timeout will be applied.
[2025-09-20 16:55:27.384] INFO - 21:55:27.383Z chart cache state: islands=1, bars=395
[2025-09-20 16:55:27.385] INFO - 21:55:27.383Z chart cache state: islands=1, bars=395
[2025-09-20 16:55:27.385] INFO - 21:55:27.384Z Chart history database initialized
[2025-09-20 16:55:27.385] INFO - 21:55:27.384Z Chart history database initialized
[2025-09-20 16:55:27.394] INFO - 21:55:27.393Z [LaunchDarkly] LaunchDarkly client initialized
[2025-09-20 16:55:27.395] INFO - 21:55:27.393Z [LaunchDarkly] LaunchDarkly client initialized
[2025-09-20 16:55:27.396] INFO - 21:55:27.393Z [LaunchDarkly] Opening stream connection to https://clientstream.launchdarkly.com/eval/66cdf5b9cf61891061b4e437/eyJraW5kIjoidXNlciIsImtleSI6InVua25vd24iLCJhbm9ueW1vdXMiOmZhbHNlfQ
[2025-09-20 16:55:27.396] INFO - 21:55:27.393Z [LaunchDarkly] Opening stream connection to https://clientstream.launchdarkly.com/eval/66cdf5b9cf61891061b4e437/eyJraW5kIjoidXNlciIsImtleSI6InVua25vd24iLCJhbm9ueW1vdXMiOmZhbHNlfQ
[2025-09-20 16:55:28.286] error - Access to XMLHttpRequest at 'https://app.launchdarkly.com/sdk/evalx/66cdf5b9cf61891061b4e437/contexts/eyJraW5kIjoidXNlciIsImtleSI6IjM2NTUwNTkiLCJkZXZpY2UiOiJkZXNrdG9wIiwidXNlcklkIjozNjU1MDU5LCJpcENvdW50cnkiOiJVUyIsIm9yZ05hbWUiOiJURFYiLCJuYW1lIjoiU3Rvbmt6OTIyMjQiLCJsYW5kaW5nUGFyYW1zIjoiIn0' from origin 'https://trader.tradovate.com' has been blocked by CORS policy: No 'Access-Control-Allow-Origin' header is present on the requested resource.
[2025-09-20 16:55:28.287] ERROR - 21:55:28.286Z [LaunchDarkly] network error (Error)
[2025-09-20 16:55:28.288] ERROR - 21:55:28.286Z [LaunchDarkly] network error (Error)
[2025-09-20 16:55:28.288] error - Failed to load resource: net::ERR_FAILED
[2025-09-20 16:55:28.293] ERROR - Exception: t
[2025-09-20 16:55:28.402] error - Access to XMLHttpRequest at 'https://app.launchdarkly.com/sdk/evalx/66cdf5b9cf61891061b4e437/contexts/eyJraW5kIjoidXNlciIsImtleSI6IjM2NTUwNTkiLCJkZXZpY2UiOiJkZXNrdG9wIiwidXNlcklkIjozNjU1MDU5LCJpcENvdW50cnkiOiJVUyIsIm9yZ05hbWUiOiJURFYiLCJuYW1lIjoiU3Rvbmt6OTIyMjQiLCJsYW5kaW5nUGFyYW1zIjoiIn0' from origin 'https://trader.tradovate.com' has been blocked by CORS policy: No 'Access-Control-Allow-Origin' header is present on the requested resource.
[2025-09-20 16:55:28.402] ERROR - 21:55:28.398Z [LaunchDarkly] network error (Error)
[2025-09-20 16:55:28.403] ERROR - 21:55:28.398Z [LaunchDarkly] network error (Error)
[2025-09-20 16:55:28.403] error - Failed to load resource: net::ERR_FAILED
[2025-09-20 16:55:28.403] ERROR - Exception: t
[2025-09-20 16:55:29.070] LOG - 21:55:29.066Z opening https://demo.tradovateapi.com/
[2025-09-20 16:55:29.071] LOG - 21:55:29.066Z opening https://demo.tradovateapi.com/
[2025-09-20 16:55:29.075] LOG - 21:55:29.074Z Hotkeys initialized {"Shift+Digit1":["orders/selectColumns"],"Shift+Digit2":["orders/showFilters"],"Shift+Digit3":["orders/standardTableView"],"Shift+Digit4":["orders/linkedOrdersView"],"Command+Shift+Digit0":["dom-chart/exit-and-cancel"]}
[2025-09-20 16:55:29.077] LOG - 21:55:29.074Z Hotkeys initialized {"Shift+Digit1":["orders/selectColumns"],"Shift+Digit2":["orders/showFilters"],"Shift+Digit3":["orders/standardTableView"],"Shift+Digit4":["orders/linkedOrdersView"],"Command+Shift+Digit0":["dom-chart/exit-and-cancel"]}
[2025-09-20 16:55:29.144] LOG - 21:55:29.143Z websocket opened
[2025-09-20 16:55:29.145] LOG - 21:55:29.143Z websocket opened
[2025-09-20 16:55:29.207] LOG - 21:55:29.205Z opening https://md-demo.tradovateapi.com/
[2025-09-20 16:55:29.217] LOG - 21:55:29.205Z opening https://md-demo.tradovateapi.com/
[2025-09-20 16:55:29.217] LOG - 21:55:29.207Z Connection:  open
[2025-09-20 16:55:29.218] LOG - 21:55:29.207Z Connection:  open
[2025-09-20 16:55:29.267] LOG - 21:55:29.265Z WebGL:  {"isWebGL2":true,"precision":"highp","logarithmicDepthBuffer":false,"maxTextures":16,"maxVertexTextures":16,"maxTextureSize":16384,"maxCubemapSize":16384,"maxAttributes":16,"maxVertexUniforms":1024,"maxVaryings":30,"maxFragmentUniforms":1024,"vertexTextures":true,"floatFragmentTextures":true,"floatVertexTextures":true,"maxSamples":8} , devicePixelRatio:  2
[2025-09-20 16:55:29.270] LOG - 21:55:29.265Z Canvas size: 1228 940 dpp:  2
[2025-09-20 16:55:29.301] LOG - 21:55:29.278Z Loading App-level Plugins
[2025-09-20 16:55:29.303] LOG - 21:55:29.278Z Loading App-level Plugins
[2025-09-20 16:55:29.305] LOG - 21:55:29.288Z WebGL:  {"isWebGL2":true,"precision":"highp","logarithmicDepthBuffer":false,"maxTextures":16,"maxVertexTextures":16,"maxTextureSize":16384,"maxCubemapSize":16384,"maxAttributes":16,"maxVertexUniforms":1024,"maxVaryings":30,"maxFragmentUniforms":1024,"vertexTextures":true,"floatFragmentTextures":true,"floatVertexTextures":true,"maxSamples":8} , devicePixelRatio:  2
[2025-09-20 16:55:29.306] LOG - 21:55:29.288Z Canvas size: 1228 940 dpp:  2
[2025-09-20 16:55:29.366] LOG - 21:55:29.348Z websocket opened
[2025-09-20 16:55:29.366] LOG - 21:55:29.348Z websocket opened
[2025-09-20 16:55:29.456] LOG - 21:55:29.454Z sync to remote accountGroups
[2025-09-20 16:55:29.457] LOG - 21:55:29.454Z sync to remote accountGroups
[2025-09-20 16:55:29.636] LOG - 21:55:29.634Z loadAppLevelPlugins:  [object Object]
[2025-09-20 16:55:29.637] LOG - 21:55:29.634Z loadAppLevelPlugins: 
[2025-09-20 16:55:30.394] LOG - 21:55:30.393Z jailing is in progress
[2025-09-20 16:55:30.394] LOG - 21:55:30.393Z jailing is in progress
[2025-09-20 16:55:30.651] LOG - 21:55:30.650Z pending jailing done. next starts
[2025-09-20 16:55:30.654] LOG - 21:55:30.650Z pending jailing done. next starts
[2025-09-20 16:55:30.655] LOG - 21:55:30.652Z created chart 1
[2025-09-20 16:55:30.938] LOG - 21:55:30.936Z requestChart: {"symbol":"3267312","chartDescription":{"underlyingType":"Tick","elementSize":5000,"elementSizeUnit":"UnderlyingUnits","withHistogram":false},"timeRange":{"asMuchAsElements":398}}
[2025-09-20 16:55:30.939] LOG - 21:55:30.936Z requestChart: {"symbol":"3267312","chartDescription":{"underlyingType":"Tick","elementSize":5000,"elementSizeUnit":"UnderlyingUnits","withHistogram":false},"timeRange":{"asMuchAsElements":398}}
[2025-09-20 16:55:30.939] LOG - 21:55:30.937Z mdMgApi open
[2025-09-20 16:55:30.939] LOG - 21:55:30.937Z mdMgApi open
[2025-09-20 16:55:31.755] LOG - 21:55:31.754Z updating the shared isolation
[2025-09-20 16:55:31.755] LOG - 21:55:31.754Z updating the shared isolation
[2025-09-20 16:55:31.767] LOG - 21:55:31.765Z requestChart: {"symbol":"3267312","chartDescription":{"underlyingType":"Tick","elementSize":5000,"elementSizeUnit":"UnderlyingUnits","withHistogram":false},"timeRange":{"asMuchAsElements":1,"closestTimestamp":"2025-09-07T22:00:00.053Z"}}
[2025-09-20 16:55:31.768] LOG - 21:55:31.765Z requestChart: {"symbol":"3267312","chartDescription":{"underlyingType":"Tick","elementSize":5000,"elementSizeUnit":"UnderlyingUnits","withHistogram":false},"timeRange":{"asMuchAsElements":1,"closestTimestamp":"2025-09-07T22:00:00.053Z"}}
[2025-09-20 16:55:31.768] LOG - 21:55:31.765Z mdMgApi open
[2025-09-20 16:55:31.768] LOG - 21:55:31.765Z mdMgApi open
[2025-09-20 16:55:32.119] LOG - 21:55:32.118Z updating the shared isolation
[2025-09-20 16:55:32.119] LOG - 21:55:32.118Z updating the shared isolation
[2025-09-20 16:55:33.746] LOG - 21:55:33.744Z Auto Risk Management: Running initial risk assessment...
[2025-09-20 16:55:33.746] LOG - 21:55:33.744Z Auto Risk Management: Running initial risk assessment...
[2025-09-20 16:55:33.747] LOG - 21:55:33.745Z [analyzePhase] resetting phaseData
[2025-09-20 16:55:33.747] LOG - 21:55:33.745Z [analyzePhase] resetting phaseData
[2025-09-20 16:55:33.748] LOG - 21:55:33.746Z [analyzePhase] set phase 1 maxActive to 1
[2025-09-20 16:55:33.749] LOG - 21:55:33.746Z [analyzePhase] set phase 1 maxActive to 1
[2025-09-20 16:55:33.749] LOG - 21:55:33.746Z [analyzePhase] increased phase 2 maxActive to 1
[2025-09-20 16:55:33.750] LOG - 21:55:33.746Z [analyzePhase] increased phase 2 maxActive to 1
[2025-09-20 16:55:33.750] LOG - 21:55:33.746Z [updateUserColumnPhaseStatus] Starting...
[2025-09-20 16:55:33.751] LOG - 21:55:33.746Z [updateUserColumnPhaseStatus] Starting...
[2025-09-20 16:55:33.751] LOG - 21:55:33.747Z [updateUserColumnPhaseStatus] Found 4 rows
[2025-09-20 16:55:33.752] LOG - 21:55:33.747Z [updateUserColumnPhaseStatus] Found 4 rows
[2025-09-20 16:55:33.753] LOG - 21:55:33.747Z [updateUserColumnPhaseStatus] Header cells: Account ▲,Total Available Margin,User,Dist Drawdown Net Liq,Dollar Open P L,Dollar Total P L
[2025-09-20 16:55:33.753] LOG - 21:55:33.747Z [updateUserColumnPhaseStatus] Header cells:
[2025-09-20 16:55:33.754] LOG - 21:55:33.747Z [updateUserColumnPhaseStatus] Found User column at index 2
[2025-09-20 16:55:33.754] LOG - 21:55:33.747Z [updateUserColumnPhaseStatus] Found User column at index 2
[2025-09-20 16:55:33.755] LOG - 21:55:33.747Z [updateUserColumnPhaseStatus] Getting table data...
[2025-09-20 16:55:33.755] LOG - 21:55:33.747Z [updateUserColumnPhaseStatus] Getting table data...
[2025-09-20 16:55:33.755] LOG - 21:55:33.747Z [analyzePhase] resetting phaseData
[2025-09-20 16:55:33.756] LOG - 21:55:33.747Z [analyzePhase] resetting phaseData
[2025-09-20 16:55:33.756] LOG - 21:55:33.747Z [analyzePhase] set phase 1 maxActive to 1
[2025-09-20 16:55:33.756] LOG - 21:55:33.747Z [analyzePhase] set phase 1 maxActive to 1
[2025-09-20 16:55:33.756] LOG - 21:55:33.747Z [analyzePhase] increased phase 2 maxActive to 1
[2025-09-20 16:55:33.756] LOG - 21:55:33.747Z [analyzePhase] increased phase 2 maxActive to 1
[2025-09-20 16:55:33.756] LOG - 21:55:33.747Z [updateUserColumnPhaseStatus] Table data: 3 rows
[2025-09-20 16:55:33.756] LOG - 21:55:33.747Z [updateUserColumnPhaseStatus] Table data: 3 rows
[2025-09-20 16:55:33.756] LOG - 21:55:33.748Z [updateUserColumnPhaseStatus] First data row has 6 cells, we need index 2
[2025-09-20 16:55:33.757] LOG - 21:55:33.748Z [updateUserColumnPhaseStatus] First data row has 6 cells, we need index 2
[2025-09-20 16:55:33.757] LOG - 21:55:33.748Z [updateUserColumnPhaseStatus] Setting row 1 (DEMO3655059) phase=1, active=true
[2025-09-20 16:55:33.757] LOG - 21:55:33.748Z [updateUserColumnPhaseStatus] Setting row 1 (DEMO3655059) phase=1, active=true
[2025-09-20 16:55:33.757] LOG - 21:55:33.748Z [updateUserColumnPhaseStatus] Setting row 2 (DEMO3655059-1) phase=2, active=true
[2025-09-20 16:55:33.757] LOG - 21:55:33.748Z [updateUserColumnPhaseStatus] Setting row 2 (DEMO3655059-1) phase=2, active=true
[2025-09-20 16:55:33.757] LOG - 21:55:33.748Z [updateUserColumnPhaseStatus] Setting row 3 (DEMO3655059-2) phase=2, active=false
[2025-09-20 16:55:33.757] LOG - 21:55:33.748Z [updateUserColumnPhaseStatus] Setting row 3 (DEMO3655059-2) phase=2, active=false
[2025-09-20 16:55:33.757] LOG - 21:55:33.748Z [updateUserColumnPhaseStatus] Completed
[2025-09-20 16:55:33.758] LOG - 21:55:33.748Z [updateUserColumnPhaseStatus] Completed
[2025-09-20 16:55:33.768] warning - The AudioContext was not allowed to start. It must be resumed (or created) after a user gesture on the page. https://developer.chrome.com/blog/autoplay/#web_audio
[2025-09-20 16:55:33.769] LOG - 21:55:33.758Z Auto Risk Management: Initial risk assessment completed
[2025-09-20 16:55:33.769] LOG - 21:55:33.758Z Auto Risk Management: Initial risk assessment completed
[2025-09-20 16:55:34.774] LOG - 21:55:34.772Z Executing initial risk management assessment...
[2025-09-20 16:55:34.775] LOG - 21:55:34.772Z Executing initial risk management assessment...
[2025-09-20 16:55:34.776] ERROR - 21:55:34.772Z getTableData function not found
[2025-09-20 16:55:34.777] ERROR - 21:55:34.772Z getTableData function not found
[2025-09-20 16:55:34.778] ERROR - 21:55:34.773Z updateUserColumnPhaseStatus function not found
[2025-09-20 16:55:34.779] ERROR - 21:55:34.773Z updateUserColumnPhaseStatus function not found
[2025-09-20 16:55:34.779] ERROR - 21:55:34.773Z performAccountActions function not found
[2025-09-20 16:55:34.780] ERROR - 21:55:34.773Z performAccountActions function not found
[2025-09-20 16:55:34.780] LOG - 21:55:34.773Z Risk management assessment completed
[2025-09-20 16:55:34.780] LOG - 21:55:34.773Z Risk management assessment completed
[2025-09-20 16:55:34.803] LOG - 21:55:34.801Z [analyzePhase] resetting phaseData
[2025-09-20 16:55:34.804] LOG - 21:55:34.801Z [analyzePhase] resetting phaseData
[2025-09-20 16:55:34.804] LOG - 21:55:34.802Z [analyzePhase] set phase 1 maxActive to 1
[2025-09-20 16:55:34.805] LOG - 21:55:34.802Z [analyzePhase] set phase 1 maxActive to 1
[2025-09-20 16:55:34.805] LOG - 21:55:34.802Z [analyzePhase] increased phase 2 maxActive to 1
[2025-09-20 16:55:34.805] LOG - 21:55:34.802Z [analyzePhase] increased phase 2 maxActive to 1
[2025-09-20 16:55:35.306] LOG - 21:55:35.304Z [analyzePhase] resetting phaseData
[2025-09-20 16:55:35.307] LOG - 21:55:35.304Z [analyzePhase] resetting phaseData
[2025-09-20 16:55:35.308] LOG - 21:55:35.304Z [analyzePhase] set phase 1 maxActive to 1
[2025-09-20 16:55:35.308] LOG - 21:55:35.304Z [analyzePhase] set phase 1 maxActive to 1
[2025-09-20 16:55:35.309] LOG - 21:55:35.304Z [analyzePhase] increased phase 2 maxActive to 1
[2025-09-20 16:55:35.311] LOG - 21:55:35.304Z [analyzePhase] increased phase 2 maxActive to 1
[2025-09-20 16:55:35.311] LOG - 21:55:35.305Z Set DEMO3655059 qty to 20
[2025-09-20 16:55:35.312] LOG - 21:55:35.306Z Set DEMO3655059-1 qty to 10
[2025-09-20 16:55:35.313] LOG - 21:55:35.306Z [analyzePhase] resetting phaseData
[2025-09-20 16:55:35.313] LOG - 21:55:35.306Z [analyzePhase] resetting phaseData
[2025-09-20 16:55:35.313] LOG - 21:55:35.306Z [analyzePhase] set phase 1 maxActive to 1
[2025-09-20 16:55:35.313] LOG - 21:55:35.306Z [analyzePhase] set phase 1 maxActive to 1
[2025-09-20 16:55:35.314] LOG - 21:55:35.307Z [analyzePhase] increased phase 2 maxActive to 1
[2025-09-20 16:55:35.314] LOG - 21:55:35.307Z [analyzePhase] increased phase 2 maxActive to 1
[2025-09-20 16:55:36.842] LOG - 21:55:36.841Z Updated master quantity to 30
[2025-09-20 16:56:27.405] INFO - 21:56:27.403Z time stats. avg diff: -8, min: -8, max: -8, roundtrip: 25 msec, #1
[2025-09-20 16:56:27.405] INFO - 21:56:27.403Z time stats. avg diff: -8, min: -8, max: -8, roundtrip: 25 msec, #1
[2025-09-20 16:57:29.303] LOG - 21:57:29.301Z WebGL:  {"geometries":72,"textures":1} 6 , devicePixelRatio:  2
[2025-09-20 16:58:22.396] LOG - 21:58:22.171Z Hotkey Command+Shift+KeyR => undefined
[2025-09-20 16:58:22.397] LOG - 21:58:22.171Z Hotkey Command+Shift+KeyR => undefined
[2025-09-20 16:58:22.457] INFO - 21:58:22.456Z visibilitychange: hidden, gd: 1000
[2025-09-20 16:58:22.458] INFO - 21:58:22.456Z visibilitychange: hidden, gd: 1000
[2025-09-20 16:58:22.470] WARNING - 21:58:22.460Z [LaunchDarkly] Error on stream connection: {"isTrusted":true}, will continue retrying after 620 milliseconds.
[2025-09-20 16:58:22.470] WARNING - 21:58:22.460Z [LaunchDarkly] Error on stream connection: {"isTrusted":true}, will continue retrying after 620 milliseconds.
[2025-09-20 16:58:22.471] INFO - 21:58:22.460Z [LaunchDarkly] Closing stream connection
[2025-09-20 16:58:22.472] INFO - 21:58:22.460Z [LaunchDarkly] Closing stream connection
[2025-09-20 16:58:23.885] WARNING - Duplicate atom key "locale". This is a FATAL ERROR in
      production. But it is safe to ignore this warning if it occurred because of
      hot module replacement.
[2025-09-20 16:58:23.886] WARNING - Duplicate atom key "locale". This is a FATAL ERROR in
      production. But it is safe to ignore this warning if it occurred because of
      hot module replacement.
[2025-09-20 16:58:23.890] WARNING - Duplicate atom key "muiTheme". This is a FATAL ERROR in
      production. But it is safe to ignore this warning if it occurred because of
      hot module replacement.
[2025-09-20 16:58:23.890] WARNING - Duplicate atom key "muiTheme". This is a FATAL ERROR in
      production. But it is safe to ignore this warning if it occurred because of
      hot module replacement.
[2025-09-20 16:58:23.891] WARNING - Duplicate atom key "appLinksFooter". This is a FATAL ERROR in
      production. But it is safe to ignore this warning if it occurred because of
      hot module replacement.
[2025-09-20 16:58:23.893] WARNING - Duplicate atom key "appLinksFooter". This is a FATAL ERROR in
      production. But it is safe to ignore this warning if it occurred because of
      hot module replacement.
[2025-09-20 16:58:23.894] WARNING - Duplicate atom key "currentUserId2". This is a FATAL ERROR in
      production. But it is safe to ignore this warning if it occurred because of
      hot module replacement.
[2025-09-20 16:58:23.894] WARNING - Duplicate atom key "currentUserId2". This is a FATAL ERROR in
      production. But it is safe to ignore this warning if it occurred because of
      hot module replacement.
[2025-09-20 16:58:23.895] WARNING - Duplicate atom key "onboardingInProgress". This is a FATAL ERROR in
      production. But it is safe to ignore this warning if it occurred because of
      hot module replacement.
[2025-09-20 16:58:23.896] WARNING - Duplicate atom key "onboardingInProgress". This is a FATAL ERROR in
      production. But it is safe to ignore this warning if it occurred because of
      hot module replacement.
[2025-09-20 16:58:23.896] WARNING - Duplicate atom key "editing". This is a FATAL ERROR in
      production. But it is safe to ignore this warning if it occurred because of
      hot module replacement.
[2025-09-20 16:58:23.897] WARNING - Duplicate atom key "editing". This is a FATAL ERROR in
      production. But it is safe to ignore this warning if it occurred because of
      hot module replacement.
[2025-09-20 16:58:23.899] WARNING - Duplicate atom key "infoMessage". This is a FATAL ERROR in
      production. But it is safe to ignore this warning if it occurred because of
      hot module replacement.
[2025-09-20 16:58:23.901] WARNING - Duplicate atom key "infoMessage". This is a FATAL ERROR in
      production. But it is safe to ignore this warning if it occurred because of
      hot module replacement.
[2025-09-20 16:58:23.901] WARNING - Duplicate atom key "browserWarning". This is a FATAL ERROR in
      production. But it is safe to ignore this warning if it occurred because of
      hot module replacement.
[2025-09-20 16:58:23.902] WARNING - Duplicate atom key "browserWarning". This is a FATAL ERROR in
      production. But it is safe to ignore this warning if it occurred because of
      hot module replacement.
[2025-09-20 16:58:23.903] WARNING - Duplicate atom key "clockWarning". This is a FATAL ERROR in
      production. But it is safe to ignore this warning if it occurred because of
      hot module replacement.
[2025-09-20 16:58:23.904] WARNING - Duplicate atom key "clockWarning". This is a FATAL ERROR in
      production. But it is safe to ignore this warning if it occurred because of
      hot module replacement.
[2025-09-20 16:58:23.904] WARNING - Duplicate atom key "breakpoint". This is a FATAL ERROR in
      production. But it is safe to ignore this warning if it occurred because of
      hot module replacement.
[2025-09-20 16:58:23.905] WARNING - Duplicate atom key "breakpoint". This is a FATAL ERROR in
      production. But it is safe to ignore this warning if it occurred because of
      hot module replacement.
[2025-09-20 16:58:23.906] WARNING - Duplicate atom key "inMobileRange". This is a FATAL ERROR in
      production. But it is safe to ignore this warning if it occurred because of
      hot module replacement.
[2025-09-20 16:58:23.907] WARNING - Duplicate atom key "inMobileRange". This is a FATAL ERROR in
      production. But it is safe to ignore this warning if it occurred because of
      hot module replacement.
[2025-09-20 16:58:23.908] WARNING - Duplicate atom key "gridSpacing". This is a FATAL ERROR in
      production. But it is safe to ignore this warning if it occurred because of
      hot module replacement.
[2025-09-20 16:58:23.909] WARNING - Duplicate atom key "gridSpacing". This is a FATAL ERROR in
      production. But it is safe to ignore this warning if it occurred because of
      hot module replacement.
[2025-09-20 16:58:23.910] WARNING - Duplicate atom key "login". This is a FATAL ERROR in
      production. But it is safe to ignore this warning if it occurred because of
      hot module replacement.
[2025-09-20 16:58:23.911] WARNING - Duplicate atom key "login". This is a FATAL ERROR in
      production. But it is safe to ignore this warning if it occurred because of
      hot module replacement.
[2025-09-20 16:58:23.911] WARNING - Duplicate atom key "error". This is a FATAL ERROR in
      production. But it is safe to ignore this warning if it occurred because of
      hot module replacement.
[2025-09-20 16:58:23.912] WARNING - Duplicate atom key "error". This is a FATAL ERROR in
      production. But it is safe to ignore this warning if it occurred because of
      hot module replacement.
[2025-09-20 16:58:23.912] WARNING - Duplicate atom key "contactInfos2". This is a FATAL ERROR in
      production. But it is safe to ignore this warning if it occurred because of
      hot module replacement.
[2025-09-20 16:58:23.912] WARNING - Duplicate atom key "contactInfos2". This is a FATAL ERROR in
      production. But it is safe to ignore this warning if it occurred because of
      hot module replacement.
[2025-09-20 16:58:23.912] WARNING - Duplicate atom key "individualApplicantsTimestamp". This is a FATAL ERROR in
      production. But it is safe to ignore this warning if it occurred because of
      hot module replacement.
[2025-09-20 16:58:23.912] WARNING - Duplicate atom key "individualApplicantsTimestamp". This is a FATAL ERROR in
      production. But it is safe to ignore this warning if it occurred because of
      hot module replacement.
[2025-09-20 16:58:23.912] WARNING - Duplicate atom key "customerApplication". This is a FATAL ERROR in
      production. But it is safe to ignore this warning if it occurred because of
      hot module replacement.
[2025-09-20 16:58:23.912] WARNING - Duplicate atom key "customerApplication". This is a FATAL ERROR in
      production. But it is safe to ignore this warning if it occurred because of
      hot module replacement.
[2025-09-20 16:58:23.913] WARNING - Duplicate atom key "individualApplicants". This is a FATAL ERROR in
      production. But it is safe to ignore this warning if it occurred because of
      hot module replacement.
[2025-09-20 16:58:23.913] WARNING - Duplicate atom key "individualApplicants". This is a FATAL ERROR in
      production. But it is safe to ignore this warning if it occurred because of
      hot module replacement.
[2025-09-20 16:58:23.913] WARNING - Duplicate atom key "clearingHouses". This is a FATAL ERROR in
      production. But it is safe to ignore this warning if it occurred because of
      hot module replacement.
[2025-09-20 16:58:23.913] WARNING - Duplicate atom key "clearingHouses". This is a FATAL ERROR in
      production. But it is safe to ignore this warning if it occurred because of
      hot module replacement.
[2025-09-20 16:58:23.913] WARNING - Duplicate atom key "clearXClearingHouse". This is a FATAL ERROR in
      production. But it is safe to ignore this warning if it occurred because of
      hot module replacement.
[2025-09-20 16:58:23.913] WARNING - Duplicate atom key "clearXClearingHouse". This is a FATAL ERROR in
      production. But it is safe to ignore this warning if it occurred because of
      hot module replacement.
[2025-09-20 16:58:23.913] WARNING - Duplicate atom key "applicationClearingHouse". This is a FATAL ERROR in
      production. But it is safe to ignore this warning if it occurred because of
      hot module replacement.
[2025-09-20 16:58:23.914] WARNING - Duplicate atom key "applicationClearingHouse". This is a FATAL ERROR in
      production. But it is safe to ignore this warning if it occurred because of
      hot module replacement.
[2025-09-20 16:58:23.914] WARNING - Duplicate atom key "userLocation". This is a FATAL ERROR in
      production. But it is safe to ignore this warning if it occurred because of
      hot module replacement.
[2025-09-20 16:58:23.914] WARNING - Duplicate atom key "userLocation". This is a FATAL ERROR in
      production. But it is safe to ignore this warning if it occurred because of
      hot module replacement.
[2025-09-20 16:58:23.914] WARNING - Duplicate atom key "savedApplicationsTimestamp". This is a FATAL ERROR in
      production. But it is safe to ignore this warning if it occurred because of
      hot module replacement.
[2025-09-20 16:58:23.914] WARNING - Duplicate atom key "savedApplicationsTimestamp". This is a FATAL ERROR in
      production. But it is safe to ignore this warning if it occurred because of
      hot module replacement.
[2025-09-20 16:58:23.914] WARNING - Duplicate atom key "savedApplications". This is a FATAL ERROR in
      production. But it is safe to ignore this warning if it occurred because of
      hot module replacement.
[2025-09-20 16:58:23.914] WARNING - Duplicate atom key "savedApplications". This is a FATAL ERROR in
      production. But it is safe to ignore this warning if it occurred because of
      hot module replacement.
[2025-09-20 16:58:23.914] WARNING - Duplicate atom key "step". This is a FATAL ERROR in
      production. But it is safe to ignore this warning if it occurred because of
      hot module replacement.
[2025-09-20 16:58:23.915] WARNING - Duplicate atom key "step". This is a FATAL ERROR in
      production. But it is safe to ignore this warning if it occurred because of
      hot module replacement.
[2025-09-20 16:58:23.915] WARNING - Duplicate atom key "checkStates". This is a FATAL ERROR in
      production. But it is safe to ignore this warning if it occurred because of
      hot module replacement.
[2025-09-20 16:58:23.915] WARNING - Duplicate atom key "checkStates". This is a FATAL ERROR in
      production. But it is safe to ignore this warning if it occurred because of
      hot module replacement.
[2025-09-20 16:58:23.915] WARNING - Duplicate atom key "signStates". This is a FATAL ERROR in
      production. But it is safe to ignore this warning if it occurred because of
      hot module replacement.
[2025-09-20 16:58:23.915] WARNING - Duplicate atom key "signStates". This is a FATAL ERROR in
      production. But it is safe to ignore this warning if it occurred because of
      hot module replacement.
[2025-09-20 16:58:23.915] WARNING - Duplicate atom key "wizard". This is a FATAL ERROR in
      production. But it is safe to ignore this warning if it occurred because of
      hot module replacement.
[2025-09-20 16:58:23.915] WARNING - Duplicate atom key "wizard". This is a FATAL ERROR in
      production. But it is safe to ignore this warning if it occurred because of
      hot module replacement.
[2025-09-20 16:58:23.915] WARNING - Duplicate atom key "formBuilder". This is a FATAL ERROR in
      production. But it is safe to ignore this warning if it occurred because of
      hot module replacement.
[2025-09-20 16:58:23.916] WARNING - Duplicate atom key "formBuilder". This is a FATAL ERROR in
      production. But it is safe to ignore this warning if it occurred because of
      hot module replacement.
[2025-09-20 16:58:23.916] WARNING - Duplicate atom key "headerSlot". This is a FATAL ERROR in
      production. But it is safe to ignore this warning if it occurred because of
      hot module replacement.
[2025-09-20 16:58:23.916] WARNING - Duplicate atom key "headerSlot". This is a FATAL ERROR in
      production. But it is safe to ignore this warning if it occurred because of
      hot module replacement.
[2025-09-20 16:58:23.916] WARNING - Duplicate atom key "footerSlot". This is a FATAL ERROR in
      production. But it is safe to ignore this warning if it occurred because of
      hot module replacement.
[2025-09-20 16:58:23.916] WARNING - Duplicate atom key "footerSlot". This is a FATAL ERROR in
      production. But it is safe to ignore this warning if it occurred because of
      hot module replacement.
[2025-09-20 16:58:23.916] WARNING - Duplicate atom key "alloyJourneyToken". This is a FATAL ERROR in
      production. But it is safe to ignore this warning if it occurred because of
      hot module replacement.
[2025-09-20 16:58:23.916] WARNING - Duplicate atom key "alloyJourneyToken". This is a FATAL ERROR in
      production. But it is safe to ignore this warning if it occurred because of
      hot module replacement.
[2025-09-20 16:58:23.916] DEBUG - [bugsnag] Loaded!
[2025-09-20 16:58:23.917] DEBUG - [bugsnag] Loaded!
[2025-09-20 16:58:23.939] INFO - Version 3.250912.0 prod production 
[2025-09-20 16:58:23.941] INFO - Version 3.250912.0 prod production 
[2025-09-20 16:58:23.941] INFO - Time: Sat Sep 20 2025 16:58:23 GMT-0500 (Central Daylight Time)
[2025-09-20 16:58:23.942] INFO - Time:
[2025-09-20 16:58:24.038] LOG - 21:58:24.035Z Try to restore session
[2025-09-20 16:58:24.038] LOG - 21:58:24.035Z Try to restore session
[2025-09-20 16:58:24.039] LOG - 21:58:24.037Z Access token will be renewed in 72 minutes; expired: Sat Sep 20 2025 18:15:24 GMT-0500 (Central Daylight Time), now: Sat Sep 20 2025 16:58:24 GMT-0500 (Central Daylight Time)
[2025-09-20 16:58:24.039] LOG - 21:58:24.037Z Access token will be renewed in 72 minutes; expired: Sat Sep 20 2025 18:15:24 GMT-0500 (Central Daylight Time), now: Sat Sep 20 2025 16:58:24 GMT-0500 (Central Daylight Time)
[2025-09-20 16:58:24.050] WARNING - 21:58:24.050Z [LaunchDarkly] The waitForInitialization function was called without a timeout specified. In a future version a default timeout will be applied.
[2025-09-20 16:58:24.051] WARNING - 21:58:24.050Z [LaunchDarkly] The waitForInitialization function was called without a timeout specified. In a future version a default timeout will be applied.
[2025-09-20 16:58:24.059] INFO - 21:58:24.058Z chart cache state: islands=1, bars=395
[2025-09-20 16:58:24.059] INFO - 21:58:24.058Z chart cache state: islands=1, bars=395
[2025-09-20 16:58:24.059] INFO - 21:58:24.058Z Chart history database initialized
[2025-09-20 16:58:24.059] INFO - 21:58:24.058Z Chart history database initialized
[2025-09-20 16:58:24.109] INFO - 21:58:24.108Z [LaunchDarkly] LaunchDarkly client initialized
[2025-09-20 16:58:24.110] INFO - 21:58:24.108Z [LaunchDarkly] LaunchDarkly client initialized
[2025-09-20 16:58:24.110] INFO - 21:58:24.108Z [LaunchDarkly] Opening stream connection to https://clientstream.launchdarkly.com/eval/66cdf5b9cf61891061b4e437/eyJraW5kIjoidXNlciIsImtleSI6InVua25vd24iLCJhbm9ueW1vdXMiOmZhbHNlfQ
[2025-09-20 16:58:24.110] INFO - 21:58:24.108Z [LaunchDarkly] Opening stream connection to https://clientstream.launchdarkly.com/eval/66cdf5b9cf61891061b4e437/eyJraW5kIjoidXNlciIsImtleSI6InVua25vd24iLCJhbm9ueW1vdXMiOmZhbHNlfQ
[2025-09-20 16:58:24.765] error - Access to XMLHttpRequest at 'https://app.launchdarkly.com/sdk/evalx/66cdf5b9cf61891061b4e437/contexts/eyJraW5kIjoidXNlciIsImtleSI6IjM2NTUwNTkiLCJkZXZpY2UiOiJkZXNrdG9wIiwidXNlcklkIjozNjU1MDU5LCJpcENvdW50cnkiOiJVUyIsIm9yZ05hbWUiOiJURFYiLCJuYW1lIjoiU3Rvbmt6OTIyMjQiLCJsYW5kaW5nUGFyYW1zIjoiIn0' from origin 'https://trader.tradovate.com' has been blocked by CORS policy: No 'Access-Control-Allow-Origin' header is present on the requested resource.
[2025-09-20 16:58:24.766] ERROR - 21:58:24.765Z [LaunchDarkly] network error (Error)
[2025-09-20 16:58:24.766] ERROR - 21:58:24.765Z [LaunchDarkly] network error (Error)
[2025-09-20 16:58:24.767] error - Failed to load resource: net::ERR_FAILED
[2025-09-20 16:58:24.771] ERROR - Exception: t
[2025-09-20 16:58:24.794] error - Access to XMLHttpRequest at 'https://app.launchdarkly.com/sdk/evalx/66cdf5b9cf61891061b4e437/contexts/eyJraW5kIjoidXNlciIsImtleSI6IjM2NTUwNTkiLCJkZXZpY2UiOiJkZXNrdG9wIiwidXNlcklkIjozNjU1MDU5LCJpcENvdW50cnkiOiJVUyIsIm9yZ05hbWUiOiJURFYiLCJuYW1lIjoiU3Rvbmt6OTIyMjQiLCJsYW5kaW5nUGFyYW1zIjoiIn0' from origin 'https://trader.tradovate.com' has been blocked by CORS policy: No 'Access-Control-Allow-Origin' header is present on the requested resource.
[2025-09-20 16:58:24.795] ERROR - 21:58:24.793Z [LaunchDarkly] network error (Error)
[2025-09-20 16:58:24.796] ERROR - 21:58:24.793Z [LaunchDarkly] network error (Error)
[2025-09-20 16:58:24.796] error - Failed to load resource: net::ERR_FAILED
[2025-09-20 16:58:24.797] ERROR - Exception: t
[2025-09-20 16:58:25.560] LOG - 21:58:25.556Z opening https://demo.tradovateapi.com/
[2025-09-20 16:58:25.560] LOG - 21:58:25.556Z opening https://demo.tradovateapi.com/
[2025-09-20 16:58:25.564] LOG - 21:58:25.563Z Hotkeys initialized {"Shift+Digit1":["orders/selectColumns"],"Shift+Digit2":["orders/showFilters"],"Shift+Digit3":["orders/standardTableView"],"Shift+Digit4":["orders/linkedOrdersView"],"Command+Shift+Digit0":["dom-chart/exit-and-cancel"]}
[2025-09-20 16:58:25.565] LOG - 21:58:25.563Z Hotkeys initialized {"Shift+Digit1":["orders/selectColumns"],"Shift+Digit2":["orders/showFilters"],"Shift+Digit3":["orders/standardTableView"],"Shift+Digit4":["orders/linkedOrdersView"],"Command+Shift+Digit0":["dom-chart/exit-and-cancel"]}
[2025-09-20 16:58:25.633] LOG - 21:58:25.632Z websocket opened
[2025-09-20 16:58:25.633] LOG - 21:58:25.632Z websocket opened
[2025-09-20 16:58:25.707] LOG - 21:58:25.705Z opening https://md-demo.tradovateapi.com/
[2025-09-20 16:58:25.707] LOG - 21:58:25.705Z opening https://md-demo.tradovateapi.com/
[2025-09-20 16:58:25.708] LOG - 21:58:25.706Z Connection:  open
[2025-09-20 16:58:25.708] LOG - 21:58:25.706Z Connection:  open
[2025-09-20 16:58:25.755] LOG - 21:58:25.752Z WebGL:  {"isWebGL2":true,"precision":"highp","logarithmicDepthBuffer":false,"maxTextures":16,"maxVertexTextures":16,"maxTextureSize":16384,"maxCubemapSize":16384,"maxAttributes":16,"maxVertexUniforms":1024,"maxVaryings":30,"maxFragmentUniforms":1024,"vertexTextures":true,"floatFragmentTextures":true,"floatVertexTextures":true,"maxSamples":8} , devicePixelRatio:  2
[2025-09-20 16:58:25.758] LOG - 21:58:25.753Z Canvas size: 1228 940 dpp:  2
[2025-09-20 16:58:25.774] LOG - 21:58:25.764Z Loading App-level Plugins
[2025-09-20 16:58:25.777] LOG - 21:58:25.764Z Loading App-level Plugins
[2025-09-20 16:58:25.777] LOG - 21:58:25.773Z WebGL:  {"isWebGL2":true,"precision":"highp","logarithmicDepthBuffer":false,"maxTextures":16,"maxVertexTextures":16,"maxTextureSize":16384,"maxCubemapSize":16384,"maxAttributes":16,"maxVertexUniforms":1024,"maxVaryings":30,"maxFragmentUniforms":1024,"vertexTextures":true,"floatFragmentTextures":true,"floatVertexTextures":true,"maxSamples":8} , devicePixelRatio:  2
[2025-09-20 16:58:25.777] LOG - 21:58:25.773Z Canvas size: 1228 940 dpp:  2
[2025-09-20 16:58:25.867] LOG - 21:58:25.842Z websocket opened
[2025-09-20 16:58:25.868] LOG - 21:58:25.842Z websocket opened
[2025-09-20 16:58:25.906] LOG - 21:58:25.905Z loadAppLevelPlugins:  [object Object]
[2025-09-20 16:58:25.906] LOG - 21:58:25.905Z loadAppLevelPlugins: 
[2025-09-20 16:58:26.068] LOG - 21:58:26.067Z sync to remote accountGroups
[2025-09-20 16:58:26.068] LOG - 21:58:26.067Z sync to remote accountGroups
[2025-09-20 16:58:26.770] LOG - 21:58:26.769Z jailing is in progress
[2025-09-20 16:58:26.770] LOG - 21:58:26.769Z jailing is in progress
[2025-09-20 16:58:26.917] LOG - 21:58:26.916Z pending jailing done. next starts
[2025-09-20 16:58:26.917] LOG - 21:58:26.916Z pending jailing done. next starts
[2025-09-20 16:58:26.932] LOG - 21:58:26.931Z created chart 1
[2025-09-20 16:58:27.298] LOG - 21:58:27.273Z requestChart: {"symbol":"3267312","chartDescription":{"underlyingType":"Tick","elementSize":5000,"elementSizeUnit":"UnderlyingUnits","withHistogram":false},"timeRange":{"asMuchAsElements":398}}
[2025-09-20 16:58:27.298] LOG - 21:58:27.273Z requestChart: {"symbol":"3267312","chartDescription":{"underlyingType":"Tick","elementSize":5000,"elementSizeUnit":"UnderlyingUnits","withHistogram":false},"timeRange":{"asMuchAsElements":398}}
[2025-09-20 16:58:27.299] LOG - 21:58:27.273Z mdMgApi open
[2025-09-20 16:58:27.299] LOG - 21:58:27.273Z mdMgApi open
[2025-09-20 16:58:28.012] LOG - 21:58:28.011Z updating the shared isolation
[2025-09-20 16:58:28.012] LOG - 21:58:28.011Z updating the shared isolation
[2025-09-20 16:58:28.030] LOG - 21:58:28.029Z requestChart: {"symbol":"3267312","chartDescription":{"underlyingType":"Tick","elementSize":5000,"elementSizeUnit":"UnderlyingUnits","withHistogram":false},"timeRange":{"asMuchAsElements":1,"closestTimestamp":"2025-09-07T22:00:00.053Z"}}
[2025-09-20 16:58:28.031] LOG - 21:58:28.029Z requestChart: {"symbol":"3267312","chartDescription":{"underlyingType":"Tick","elementSize":5000,"elementSizeUnit":"UnderlyingUnits","withHistogram":false},"timeRange":{"asMuchAsElements":1,"closestTimestamp":"2025-09-07T22:00:00.053Z"}}
[2025-09-20 16:58:28.031] LOG - 21:58:28.030Z mdMgApi open
[2025-09-20 16:58:28.031] LOG - 21:58:28.030Z mdMgApi open
[2025-09-20 16:58:28.301] LOG - 21:58:28.300Z updating the shared isolation
[2025-09-20 16:58:28.302] LOG - 21:58:28.300Z updating the shared isolation
[2025-09-20 16:58:28.360] DEBUG - 21:58:28.359Z Slow prev calc
[2025-09-20 16:58:28.360] DEBUG - 21:58:28.359Z Slow prev calc
[2025-09-20 16:59:24.069] INFO - 21:59:24.068Z time stats. avg diff: -26, min: -26, max: -26, roundtrip: 22 msec, #1
[2025-09-20 16:59:24.070] INFO - 21:59:24.068Z time stats. avg diff: -26, min: -26, max: -26, roundtrip: 22 msec, #1
[2025-09-20 17:00:16.170] INFO - 22:00:16.169Z visibilitychange: hidden, gd: 1000
[2025-09-20 17:00:16.178] INFO - 22:00:16.169Z visibilitychange: hidden, gd: 1000
