[2025-09-20 16:55:23.778] LOG - 21:55:23.776Z Starting login process for: zenex3298@gmail.com
[2025-09-20 16:55:23.780] LOG - 21:55:23.776Z Starting login process for: zenex3298@gmail.com
[2025-09-20 16:55:23.780] LOG - 21:55:23.777Z Auto login function executing for: zenex3298@gmail.com
[2025-09-20 16:55:23.781] LOG - 21:55:23.777Z Auto login function executing for: zenex3298@gmail.com
[2025-09-20 16:55:23.781] LOG - 21:55:23.777Z Login form found, filling credentials...
[2025-09-20 16:55:23.781] LOG - 21:55:23.777Z Login form found, filling credentials...
[2025-09-20 16:55:23.930] LOG - 21:55:23.816Z Test element added to DOM
[2025-09-20 16:55:23.932] LOG - 21:55:23.816Z Test element added to DOM
[2025-09-20 16:55:23.934] LOG - 21:55:23.932Z All browser alerts and confirmations have been disabled
[2025-09-20 16:55:23.936] LOG - 21:55:23.932Z All browser alerts and confirmations have been disabled
[2025-09-20 16:55:24.293] LOG - 21:55:24.290Z Clicking login button...
[2025-09-20 16:55:24.293] LOG - 21:55:24.290Z Clicking login button...
[2025-09-20 16:55:24.303] LOG - 21:55:24.300Z authentication starting
[2025-09-20 16:55:24.304] LOG - 21:55:24.300Z authentication starting
[2025-09-20 16:55:24.693] warning - The AudioContext was not allowed to start. It must be resumed (or created) after a user gesture on the page. https://developer.chrome.com/blog/autoplay/#web_audio
[2025-09-20 16:55:24.693] LOG - 21:55:24.677Z Watching for account selection page...
[2025-09-20 16:55:24.694] LOG - 21:55:24.677Z Watching for account selection page...
[2025-09-20 16:55:25.005] LOG - 21:55:25.003Z Access token will be renewed in 75 minutes; expired: Sat Sep 20 2025 18:15:24 GMT-0500 (Central Daylight Time), now: Sat Sep 20 2025 16:55:25 GMT-0500 (Central Daylight Time)
[2025-09-20 16:55:25.005] LOG - 21:55:25.003Z Access token will be renewed in 75 minutes; expired: Sat Sep 20 2025 18:15:24 GMT-0500 (Central Daylight Time), now: Sat Sep 20 2025 16:55:25 GMT-0500 (Central Daylight Time)
[2025-09-20 16:55:25.332] error - Access to XMLHttpRequest at 'https://app.launchdarkly.com/sdk/evalx/66cdf5b9cf61891061b4e437/contexts/eyJraW5kIjoidXNlciIsImtleSI6IjQ2NTYwMjciLCJkZXZpY2UiOiJkZXNrdG9wIiwidXNlcklkIjo0NjU2MDI3LCJpcENvdW50cnkiOiJVUyIsIm9yZ05hbWUiOiJURFYiLCJuYW1lIjoiWmVuZXgzMjk4IiwibGFuZGluZ1BhcmFtcyI6IiJ9' from origin 'https://trader.tradovate.com' has been blocked by CORS policy: No 'Access-Control-Allow-Origin' header is present on the requested resource.
[2025-09-20 16:55:25.332] ERROR - 21:55:25.332Z [LaunchDarkly] network error (Error)
[2025-09-20 16:55:25.333] ERROR - 21:55:25.332Z [LaunchDarkly] network error (Error)
[2025-09-20 16:55:25.334] error - Failed to load resource: net::ERR_FAILED
[2025-09-20 16:55:25.342] ERROR - Exception: t
[2025-09-20 16:55:25.379] error - Access to XMLHttpRequest at 'https://app.launchdarkly.com/sdk/evalx/66cdf5b9cf61891061b4e437/contexts/eyJraW5kIjoidXNlciIsImtleSI6IjQ2NTYwMjciLCJkZXZpY2UiOiJkZXNrdG9wIiwidXNlcklkIjo0NjU2MDI3LCJpcENvdW50cnkiOiJVUyIsIm9yZ05hbWUiOiJURFYiLCJuYW1lIjoiWmVuZXgzMjk4IiwibGFuZGluZ1BhcmFtcyI6IiJ9' from origin 'https://trader.tradovate.com' has been blocked by CORS policy: No 'Access-Control-Allow-Origin' header is present on the requested resource.
[2025-09-20 16:55:25.380] ERROR - 21:55:25.375Z [LaunchDarkly] network error (Error)
[2025-09-20 16:55:25.381] ERROR - 21:55:25.375Z [LaunchDarkly] network error (Error)
[2025-09-20 16:55:25.383] error - Failed to load resource: net::ERR_FAILED
[2025-09-20 16:55:25.384] ERROR - Exception: t
[2025-09-20 16:55:25.678] LOG - 21:55:25.677Z Account selection page detected, clicking button...
[2025-09-20 16:55:25.679] LOG - 21:55:25.677Z Account selection page detected, clicking button...
[2025-09-20 16:55:25.846] LOG - 21:55:25.822Z Access token will be renewed in 75 minutes; expired: Sat Sep 20 2025 18:15:24 GMT-0500 (Central Daylight Time), now: Sat Sep 20 2025 16:55:25 GMT-0500 (Central Daylight Time)
[2025-09-20 16:55:25.847] LOG - 21:55:25.822Z Access token will be renewed in 75 minutes; expired: Sat Sep 20 2025 18:15:24 GMT-0500 (Central Daylight Time), now: Sat Sep 20 2025 16:55:25 GMT-0500 (Central Daylight Time)
[2025-09-20 16:55:25.928] error - Refused to connect to 'https://bat.bing.com/actionp/0?ti=26330043&Ver=2&mid=d1d20017-da13-47c9-ad64-a22d7c2862d3&bo=2&sid=49ffa650964611f0b1c77d72422fc1b9&vid=99c3288092fe11f0bc7275adc39e6add&vids=0&msclkid=N&evt=pageHide' because it violates the following Content Security Policy directive: "connect-src wss://*.tradovate.com https://*.tradovate.com https://*.ntinnolab.com https://*.devel.ninjatrader.dev https://*.staging.ninjatrader.dev https://*.uat.ninjatrader.dev wss://*.ntinnolab.com wss://*.devel.ninjatrader.dev wss://*.staging.ninjatrader.dev wss://*.uat.ninjatrader.dev wss://*.tradovateapi.com https://*.tradovateapi.com https://*.ninjatrader.com https://cdn.walkme.com https://ec.walkme.com https://sessions.bugsnag.com https://notify.bugsnag.com https://*.plaid.com https://*.yodlee.com https://tradovate.zendesk.com https://rollout.ada.support https://static.ada.support https://ninjatrader.ada.support https://tradovate.ada.support https://ninjatrader-eap.ada.support/ https://demo-ninjatrader-gr.ada.support/ https://tradovate-gen.ada.support/ https://api.stripe.com https://apiproxy.ninjatrader.com https://apiproxy-d.ninjatrader.com https://us-autocomplete-pro.api.smartystreets.com https://international-autocomplete.api.smarty.com https://maps.googleapis.com https://accounts.google.com/ https://www.google.com https://www.googletagmanager.com/ https://*.browser-intake-datadoghq.com https://scripts.neuro-id.com https://receiver.neuroid.cloud https://logs.neuro-id.com https://firebaseinstallations.googleapis.com/ https://firebaseremoteconfig.googleapis.com/ https://logx.optimizely.com https://*.optimizely.com wss://mpsnare.iesnare.com wss://ci-mpsnare.iovation.com https://*.iovation.com/ https://*.reddit.com  https://www.redditstatic.com https://*.taboola.com https://*.launchdarkly.com https://*.alloy.co https://*.maze.co https://www.google-analytics.com https://analytics.google.com https://www.googletagmanager.com/ https://api.hubapi.com https://forms.hubspot.com https://stats.g.doubleclick.net https://alb.reddit.com https://analytics.twitter.com https://heapanalytics.com https://*.auryc.com https://*.contentsquare.net https://siteintercept.qualtrics.com https://api.userway.org/".

[2025-09-20 16:55:25.930] INFO - 21:55:25.924Z visibilitychange: hidden, gd: 1000
[2025-09-20 16:55:25.932] INFO - 21:55:25.924Z visibilitychange: hidden, gd: 1000
[2025-09-20 16:55:25.932] WARNING - 21:55:25.925Z [LaunchDarkly] Error on stream connection: {"isTrusted":true}, will continue retrying after 541 milliseconds.
[2025-09-20 16:55:25.932] WARNING - 21:55:25.925Z [LaunchDarkly] Error on stream connection: {"isTrusted":true}, will continue retrying after 541 milliseconds.
[2025-09-20 16:55:25.933] INFO - 21:55:25.926Z [LaunchDarkly] Closing stream connection
[2025-09-20 16:55:25.933] INFO - 21:55:25.926Z [LaunchDarkly] Closing stream connection
[2025-09-20 16:55:26.301] WARNING - Duplicate atom key "locale". This is a FATAL ERROR in
      production. But it is safe to ignore this warning if it occurred because of
      hot module replacement.
[2025-09-20 16:55:26.303] WARNING - Duplicate atom key "locale". This is a FATAL ERROR in
      production. But it is safe to ignore this warning if it occurred because of
      hot module replacement.
[2025-09-20 16:55:26.304] WARNING - Duplicate atom key "muiTheme". This is a FATAL ERROR in
      production. But it is safe to ignore this warning if it occurred because of
      hot module replacement.
[2025-09-20 16:55:26.305] WARNING - Duplicate atom key "muiTheme". This is a FATAL ERROR in
      production. But it is safe to ignore this warning if it occurred because of
      hot module replacement.
[2025-09-20 16:55:26.306] WARNING - Duplicate atom key "appLinksFooter". This is a FATAL ERROR in
      production. But it is safe to ignore this warning if it occurred because of
      hot module replacement.
[2025-09-20 16:55:26.307] WARNING - Duplicate atom key "appLinksFooter". This is a FATAL ERROR in
      production. But it is safe to ignore this warning if it occurred because of
      hot module replacement.
[2025-09-20 16:55:26.308] WARNING - Duplicate atom key "currentUserId2". This is a FATAL ERROR in
      production. But it is safe to ignore this warning if it occurred because of
      hot module replacement.
[2025-09-20 16:55:26.309] WARNING - Duplicate atom key "currentUserId2". This is a FATAL ERROR in
      production. But it is safe to ignore this warning if it occurred because of
      hot module replacement.
[2025-09-20 16:55:26.312] WARNING - Duplicate atom key "onboardingInProgress". This is a FATAL ERROR in
      production. But it is safe to ignore this warning if it occurred because of
      hot module replacement.
[2025-09-20 16:55:26.313] WARNING - Duplicate atom key "onboardingInProgress". This is a FATAL ERROR in
      production. But it is safe to ignore this warning if it occurred because of
      hot module replacement.
[2025-09-20 16:55:26.314] WARNING - Duplicate atom key "editing". This is a FATAL ERROR in
      production. But it is safe to ignore this warning if it occurred because of
      hot module replacement.
[2025-09-20 16:55:26.315] WARNING - Duplicate atom key "editing". This is a FATAL ERROR in
      production. But it is safe to ignore this warning if it occurred because of
      hot module replacement.
[2025-09-20 16:55:26.316] WARNING - Duplicate atom key "infoMessage". This is a FATAL ERROR in
      production. But it is safe to ignore this warning if it occurred because of
      hot module replacement.
[2025-09-20 16:55:26.317] WARNING - Duplicate atom key "infoMessage". This is a FATAL ERROR in
      production. But it is safe to ignore this warning if it occurred because of
      hot module replacement.
[2025-09-20 16:55:26.318] WARNING - Duplicate atom key "browserWarning". This is a FATAL ERROR in
      production. But it is safe to ignore this warning if it occurred because of
      hot module replacement.
[2025-09-20 16:55:26.318] WARNING - Duplicate atom key "browserWarning". This is a FATAL ERROR in
      production. But it is safe to ignore this warning if it occurred because of
      hot module replacement.
[2025-09-20 16:55:26.320] WARNING - Duplicate atom key "clockWarning". This is a FATAL ERROR in
      production. But it is safe to ignore this warning if it occurred because of
      hot module replacement.
[2025-09-20 16:55:26.320] WARNING - Duplicate atom key "clockWarning". This is a FATAL ERROR in
      production. But it is safe to ignore this warning if it occurred because of
      hot module replacement.
[2025-09-20 16:55:26.321] WARNING - Duplicate atom key "breakpoint". This is a FATAL ERROR in
      production. But it is safe to ignore this warning if it occurred because of
      hot module replacement.
[2025-09-20 16:55:26.322] WARNING - Duplicate atom key "breakpoint". This is a FATAL ERROR in
      production. But it is safe to ignore this warning if it occurred because of
      hot module replacement.
[2025-09-20 16:55:26.323] WARNING - Duplicate atom key "inMobileRange". This is a FATAL ERROR in
      production. But it is safe to ignore this warning if it occurred because of
      hot module replacement.
[2025-09-20 16:55:26.324] WARNING - Duplicate atom key "inMobileRange". This is a FATAL ERROR in
      production. But it is safe to ignore this warning if it occurred because of
      hot module replacement.
[2025-09-20 16:55:26.325] WARNING - Duplicate atom key "gridSpacing". This is a FATAL ERROR in
      production. But it is safe to ignore this warning if it occurred because of
      hot module replacement.
[2025-09-20 16:55:26.326] WARNING - Duplicate atom key "gridSpacing". This is a FATAL ERROR in
      production. But it is safe to ignore this warning if it occurred because of
      hot module replacement.
[2025-09-20 16:55:26.326] WARNING - Duplicate atom key "login". This is a FATAL ERROR in
      production. But it is safe to ignore this warning if it occurred because of
      hot module replacement.
[2025-09-20 16:55:26.327] WARNING - Duplicate atom key "login". This is a FATAL ERROR in
      production. But it is safe to ignore this warning if it occurred because of
      hot module replacement.
[2025-09-20 16:55:26.328] WARNING - Duplicate atom key "error". This is a FATAL ERROR in
      production. But it is safe to ignore this warning if it occurred because of
      hot module replacement.
[2025-09-20 16:55:26.328] WARNING - Duplicate atom key "error". This is a FATAL ERROR in
      production. But it is safe to ignore this warning if it occurred because of
      hot module replacement.
[2025-09-20 16:55:26.328] WARNING - Duplicate atom key "contactInfos2". This is a FATAL ERROR in
      production. But it is safe to ignore this warning if it occurred because of
      hot module replacement.
[2025-09-20 16:55:26.328] WARNING - Duplicate atom key "contactInfos2". This is a FATAL ERROR in
      production. But it is safe to ignore this warning if it occurred because of
      hot module replacement.
[2025-09-20 16:55:26.328] WARNING - Duplicate atom key "individualApplicantsTimestamp". This is a FATAL ERROR in
      production. But it is safe to ignore this warning if it occurred because of
      hot module replacement.
[2025-09-20 16:55:26.328] WARNING - Duplicate atom key "individualApplicantsTimestamp". This is a FATAL ERROR in
      production. But it is safe to ignore this warning if it occurred because of
      hot module replacement.
[2025-09-20 16:55:26.328] WARNING - Duplicate atom key "customerApplication". This is a FATAL ERROR in
      production. But it is safe to ignore this warning if it occurred because of
      hot module replacement.
[2025-09-20 16:55:26.328] WARNING - Duplicate atom key "customerApplication". This is a FATAL ERROR in
      production. But it is safe to ignore this warning if it occurred because of
      hot module replacement.
[2025-09-20 16:55:26.329] WARNING - Duplicate atom key "individualApplicants". This is a FATAL ERROR in
      production. But it is safe to ignore this warning if it occurred because of
      hot module replacement.
[2025-09-20 16:55:26.329] WARNING - Duplicate atom key "individualApplicants". This is a FATAL ERROR in
      production. But it is safe to ignore this warning if it occurred because of
      hot module replacement.
[2025-09-20 16:55:26.329] WARNING - Duplicate atom key "clearingHouses". This is a FATAL ERROR in
      production. But it is safe to ignore this warning if it occurred because of
      hot module replacement.
[2025-09-20 16:55:26.329] WARNING - Duplicate atom key "clearingHouses". This is a FATAL ERROR in
      production. But it is safe to ignore this warning if it occurred because of
      hot module replacement.
[2025-09-20 16:55:26.329] WARNING - Duplicate atom key "clearXClearingHouse". This is a FATAL ERROR in
      production. But it is safe to ignore this warning if it occurred because of
      hot module replacement.
[2025-09-20 16:55:26.329] WARNING - Duplicate atom key "clearXClearingHouse". This is a FATAL ERROR in
      production. But it is safe to ignore this warning if it occurred because of
      hot module replacement.
[2025-09-20 16:55:26.330] WARNING - Duplicate atom key "applicationClearingHouse". This is a FATAL ERROR in
      production. But it is safe to ignore this warning if it occurred because of
      hot module replacement.
[2025-09-20 16:55:26.330] WARNING - Duplicate atom key "applicationClearingHouse". This is a FATAL ERROR in
      production. But it is safe to ignore this warning if it occurred because of
      hot module replacement.
[2025-09-20 16:55:26.330] WARNING - Duplicate atom key "userLocation". This is a FATAL ERROR in
      production. But it is safe to ignore this warning if it occurred because of
      hot module replacement.
[2025-09-20 16:55:26.330] WARNING - Duplicate atom key "userLocation". This is a FATAL ERROR in
      production. But it is safe to ignore this warning if it occurred because of
      hot module replacement.
[2025-09-20 16:55:26.330] WARNING - Duplicate atom key "savedApplicationsTimestamp". This is a FATAL ERROR in
      production. But it is safe to ignore this warning if it occurred because of
      hot module replacement.
[2025-09-20 16:55:26.330] WARNING - Duplicate atom key "savedApplicationsTimestamp". This is a FATAL ERROR in
      production. But it is safe to ignore this warning if it occurred because of
      hot module replacement.
[2025-09-20 16:55:26.330] WARNING - Duplicate atom key "savedApplications". This is a FATAL ERROR in
      production. But it is safe to ignore this warning if it occurred because of
      hot module replacement.
[2025-09-20 16:55:26.330] WARNING - Duplicate atom key "savedApplications". This is a FATAL ERROR in
      production. But it is safe to ignore this warning if it occurred because of
      hot module replacement.
[2025-09-20 16:55:26.331] WARNING - Duplicate atom key "step". This is a FATAL ERROR in
      production. But it is safe to ignore this warning if it occurred because of
      hot module replacement.
[2025-09-20 16:55:26.331] WARNING - Duplicate atom key "step". This is a FATAL ERROR in
      production. But it is safe to ignore this warning if it occurred because of
      hot module replacement.
[2025-09-20 16:55:26.331] WARNING - Duplicate atom key "checkStates". This is a FATAL ERROR in
      production. But it is safe to ignore this warning if it occurred because of
      hot module replacement.
[2025-09-20 16:55:26.331] WARNING - Duplicate atom key "checkStates". This is a FATAL ERROR in
      production. But it is safe to ignore this warning if it occurred because of
      hot module replacement.
[2025-09-20 16:55:26.331] WARNING - Duplicate atom key "signStates". This is a FATAL ERROR in
      production. But it is safe to ignore this warning if it occurred because of
      hot module replacement.
[2025-09-20 16:55:26.331] WARNING - Duplicate atom key "signStates". This is a FATAL ERROR in
      production. But it is safe to ignore this warning if it occurred because of
      hot module replacement.
[2025-09-20 16:55:26.331] WARNING - Duplicate atom key "wizard". This is a FATAL ERROR in
      production. But it is safe to ignore this warning if it occurred because of
      hot module replacement.
[2025-09-20 16:55:26.332] WARNING - Duplicate atom key "wizard". This is a FATAL ERROR in
      production. But it is safe to ignore this warning if it occurred because of
      hot module replacement.
[2025-09-20 16:55:26.332] WARNING - Duplicate atom key "formBuilder". This is a FATAL ERROR in
      production. But it is safe to ignore this warning if it occurred because of
      hot module replacement.
[2025-09-20 16:55:26.332] WARNING - Duplicate atom key "formBuilder". This is a FATAL ERROR in
      production. But it is safe to ignore this warning if it occurred because of
      hot module replacement.
[2025-09-20 16:55:26.332] WARNING - Duplicate atom key "headerSlot". This is a FATAL ERROR in
      production. But it is safe to ignore this warning if it occurred because of
      hot module replacement.
[2025-09-20 16:55:26.332] WARNING - Duplicate atom key "headerSlot". This is a FATAL ERROR in
      production. But it is safe to ignore this warning if it occurred because of
      hot module replacement.
[2025-09-20 16:55:26.332] WARNING - Duplicate atom key "footerSlot". This is a FATAL ERROR in
      production. But it is safe to ignore this warning if it occurred because of
      hot module replacement.
[2025-09-20 16:55:26.332] WARNING - Duplicate atom key "footerSlot". This is a FATAL ERROR in
      production. But it is safe to ignore this warning if it occurred because of
      hot module replacement.
[2025-09-20 16:55:26.332] WARNING - Duplicate atom key "alloyJourneyToken". This is a FATAL ERROR in
      production. But it is safe to ignore this warning if it occurred because of
      hot module replacement.
[2025-09-20 16:55:26.332] WARNING - Duplicate atom key "alloyJourneyToken". This is a FATAL ERROR in
      production. But it is safe to ignore this warning if it occurred because of
      hot module replacement.
[2025-09-20 16:55:26.333] DEBUG - [bugsnag] Loaded!
[2025-09-20 16:55:26.333] DEBUG - [bugsnag] Loaded!
[2025-09-20 16:55:26.333] INFO - Version 3.250912.0 prod production 
[2025-09-20 16:55:26.333] INFO - Version 3.250912.0 prod production 
[2025-09-20 16:55:26.333] INFO - Time: Sat Sep 20 2025 16:55:26 GMT-0500 (Central Daylight Time)
[2025-09-20 16:55:26.333] INFO - Time:
[2025-09-20 16:55:26.389] LOG - 21:55:26.387Z Try to restore session
[2025-09-20 16:55:26.390] LOG - 21:55:26.387Z Try to restore session
[2025-09-20 16:55:26.390] LOG - 21:55:26.388Z Access token will be renewed in 75 minutes; expired: Sat Sep 20 2025 18:15:24 GMT-0500 (Central Daylight Time), now: Sat Sep 20 2025 16:55:26 GMT-0500 (Central Daylight Time)
[2025-09-20 16:55:26.390] LOG - 21:55:26.388Z Access token will be renewed in 75 minutes; expired: Sat Sep 20 2025 18:15:24 GMT-0500 (Central Daylight Time), now: Sat Sep 20 2025 16:55:26 GMT-0500 (Central Daylight Time)
[2025-09-20 16:55:26.395] WARNING - 21:55:26.394Z [LaunchDarkly] The waitForInitialization function was called without a timeout specified. In a future version a default timeout will be applied.
[2025-09-20 16:55:26.395] WARNING - 21:55:26.394Z [LaunchDarkly] The waitForInitialization function was called without a timeout specified. In a future version a default timeout will be applied.
[2025-09-20 16:55:26.403] INFO - 21:55:26.401Z chart cache state: islands=3, bars=1532
[2025-09-20 16:55:26.403] INFO - 21:55:26.401Z chart cache state: islands=3, bars=1532
[2025-09-20 16:55:26.404] INFO - 21:55:26.402Z Chart history database initialized
[2025-09-20 16:55:26.404] INFO - 21:55:26.402Z Chart history database initialized
[2025-09-20 16:55:26.409] INFO - 21:55:26.408Z [LaunchDarkly] LaunchDarkly client initialized
[2025-09-20 16:55:26.410] INFO - 21:55:26.408Z [LaunchDarkly] LaunchDarkly client initialized
[2025-09-20 16:55:26.410] INFO - 21:55:26.409Z [LaunchDarkly] Opening stream connection to https://clientstream.launchdarkly.com/eval/66cdf5b9cf61891061b4e437/eyJraW5kIjoidXNlciIsImtleSI6InVua25vd24iLCJhbm9ueW1vdXMiOmZhbHNlfQ
[2025-09-20 16:55:26.410] INFO - 21:55:26.409Z [LaunchDarkly] Opening stream connection to https://clientstream.launchdarkly.com/eval/66cdf5b9cf61891061b4e437/eyJraW5kIjoidXNlciIsImtleSI6InVua25vd24iLCJhbm9ueW1vdXMiOmZhbHNlfQ
[2025-09-20 16:55:27.023] error - Access to XMLHttpRequest at 'https://app.launchdarkly.com/sdk/evalx/66cdf5b9cf61891061b4e437/contexts/eyJraW5kIjoidXNlciIsImtleSI6IjQ2NTYwMjciLCJkZXZpY2UiOiJkZXNrdG9wIiwidXNlcklkIjo0NjU2MDI3LCJpcENvdW50cnkiOiJVUyIsIm9yZ05hbWUiOiJURFYiLCJuYW1lIjoiWmVuZXgzMjk4IiwibGFuZGluZ1BhcmFtcyI6IiJ9' from origin 'https://trader.tradovate.com' has been blocked by CORS policy: No 'Access-Control-Allow-Origin' header is present on the requested resource.
[2025-09-20 16:55:27.024] ERROR - 21:55:27.022Z [LaunchDarkly] network error (Error)
[2025-09-20 16:55:27.024] ERROR - 21:55:27.022Z [LaunchDarkly] network error (Error)
[2025-09-20 16:55:27.026] error - Failed to load resource: net::ERR_FAILED
[2025-09-20 16:55:27.030] ERROR - Exception: t
[2025-09-20 16:55:27.128] LOG - 21:55:27.124Z opening https://demo.tradovateapi.com/
[2025-09-20 16:55:27.129] LOG - 21:55:27.124Z opening https://demo.tradovateapi.com/
[2025-09-20 16:55:27.133] LOG - 21:55:27.132Z Hotkeys initialized {"Shift+Digit1":["orders/selectColumns"],"Shift+Digit2":["orders/showFilters"],"Shift+Digit3":["orders/standardTableView"],"Shift+Digit4":["orders/linkedOrdersView"],"Command+Shift+Digit0":["dom-chart/exit-and-cancel"]}
[2025-09-20 16:55:27.134] LOG - 21:55:27.132Z Hotkeys initialized {"Shift+Digit1":["orders/selectColumns"],"Shift+Digit2":["orders/showFilters"],"Shift+Digit3":["orders/standardTableView"],"Shift+Digit4":["orders/linkedOrdersView"],"Command+Shift+Digit0":["dom-chart/exit-and-cancel"]}
[2025-09-20 16:55:27.211] LOG - 21:55:27.210Z websocket opened
[2025-09-20 16:55:27.211] LOG - 21:55:27.210Z websocket opened
[2025-09-20 16:55:27.274] LOG - 21:55:27.272Z opening https://md-demo.tradovateapi.com/
[2025-09-20 16:55:27.275] LOG - 21:55:27.272Z opening https://md-demo.tradovateapi.com/
[2025-09-20 16:55:27.277] LOG - 21:55:27.273Z Connection:  open
[2025-09-20 16:55:27.278] LOG - 21:55:27.273Z Connection:  open
[2025-09-20 16:55:28.249] LOG - 21:55:28.247Z WebGL:  {"isWebGL2":true,"precision":"highp","logarithmicDepthBuffer":false,"maxTextures":16,"maxVertexTextures":16,"maxTextureSize":16384,"maxCubemapSize":16384,"maxAttributes":16,"maxVertexUniforms":1024,"maxVaryings":30,"maxFragmentUniforms":1024,"vertexTextures":true,"floatFragmentTextures":true,"floatVertexTextures":true,"maxSamples":8} , devicePixelRatio:  2
[2025-09-20 16:55:28.254] LOG - 21:55:28.247Z Canvas size: 500 896 dpp:  2
[2025-09-20 16:55:28.267] LOG - 21:55:28.258Z Loading App-level Plugins
[2025-09-20 16:55:28.267] LOG - 21:55:28.258Z Loading App-level Plugins
[2025-09-20 16:55:28.272] LOG - 21:55:28.269Z WebGL:  {"isWebGL2":true,"precision":"highp","logarithmicDepthBuffer":false,"maxTextures":16,"maxVertexTextures":16,"maxTextureSize":16384,"maxCubemapSize":16384,"maxAttributes":16,"maxVertexUniforms":1024,"maxVaryings":30,"maxFragmentUniforms":1024,"vertexTextures":true,"floatFragmentTextures":true,"floatVertexTextures":true,"maxSamples":8} , devicePixelRatio:  2
[2025-09-20 16:55:28.274] LOG - 21:55:28.270Z Canvas size: 500 896 dpp:  2
[2025-09-20 16:55:28.373] LOG - 21:55:28.316Z websocket opened
[2025-09-20 16:55:28.374] LOG - 21:55:28.316Z websocket opened
[2025-09-20 16:55:28.458] LOG - 21:55:28.456Z loadAppLevelPlugins:  [object Object]
[2025-09-20 16:55:28.459] LOG - 21:55:28.456Z loadAppLevelPlugins: 
[2025-09-20 16:55:29.383] LOG - 21:55:29.383Z jailing is in progress
[2025-09-20 16:55:29.384] LOG - 21:55:29.383Z jailing is in progress
[2025-09-20 16:55:29.700] LOG - 21:55:29.699Z pending jailing done. next starts
[2025-09-20 16:55:29.701] LOG - 21:55:29.699Z pending jailing done. next starts
[2025-09-20 16:55:30.668] LOG - 21:55:30.640Z created chart 1
[2025-09-20 16:55:30.874] LOG - 21:55:30.872Z updating the shared isolation
[2025-09-20 16:55:30.874] LOG - 21:55:30.872Z updating the shared isolation
[2025-09-20 16:55:30.881] LOG - 21:55:30.879Z requestChart: {"symbol":"3267312","chartDescription":{"underlyingType":"Tick","elementSize":5000,"elementSizeUnit":"UnderlyingUnits","withHistogram":false},"timeRange":{"asMuchAsElements":300}}
[2025-09-20 16:55:30.881] LOG - 21:55:30.879Z requestChart: {"symbol":"3267312","chartDescription":{"underlyingType":"Tick","elementSize":5000,"elementSizeUnit":"UnderlyingUnits","withHistogram":false},"timeRange":{"asMuchAsElements":300}}
[2025-09-20 16:55:30.881] LOG - 21:55:30.879Z mdMgApi open
[2025-09-20 16:55:30.881] LOG - 21:55:30.879Z mdMgApi open
[2025-09-20 16:55:34.790] LOG - 21:55:34.789Z Auto Risk Management: Running initial risk assessment...
[2025-09-20 16:55:34.790] LOG - 21:55:34.789Z Auto Risk Management: Running initial risk assessment...
[2025-09-20 16:55:34.791] LOG - 21:55:34.790Z [analyzePhase] resetting phaseData
[2025-09-20 16:55:34.792] LOG - 21:55:34.790Z [analyzePhase] resetting phaseData
[2025-09-20 16:55:34.792] LOG - 21:55:34.790Z [analyzePhase] set phase 1 maxActive to 1
[2025-09-20 16:55:34.793] LOG - 21:55:34.790Z [analyzePhase] set phase 1 maxActive to 1
[2025-09-20 16:55:34.793] LOG - 21:55:34.790Z [analyzePhase] increased phase 2 maxActive to 1
[2025-09-20 16:55:34.794] LOG - 21:55:34.790Z [analyzePhase] increased phase 2 maxActive to 1
[2025-09-20 16:55:34.795] LOG - 21:55:34.791Z [updateUserColumnPhaseStatus] Starting...
[2025-09-20 16:55:34.795] LOG - 21:55:34.791Z [updateUserColumnPhaseStatus] Starting...
[2025-09-20 16:55:34.796] LOG - 21:55:34.791Z [updateUserColumnPhaseStatus] Found 1 rows
[2025-09-20 16:55:34.797] LOG - 21:55:34.791Z [updateUserColumnPhaseStatus] Found 1 rows
[2025-09-20 16:55:34.798] LOG - 21:55:34.791Z [updateUserColumnPhaseStatus] Header cells: Account ▲,Total Available Margin,User,Dist Drawdown Net Liq,Dollar Open P L,Dollar Total P L
[2025-09-20 16:55:34.799] LOG - 21:55:34.791Z [updateUserColumnPhaseStatus] Header cells:
[2025-09-20 16:55:34.799] LOG - 21:55:34.791Z [updateUserColumnPhaseStatus] Found User column at index 2
[2025-09-20 16:55:34.799] LOG - 21:55:34.791Z [updateUserColumnPhaseStatus] Found User column at index 2
[2025-09-20 16:55:34.799] LOG - 21:55:34.791Z [updateUserColumnPhaseStatus] Getting table data...
[2025-09-20 16:55:34.799] LOG - 21:55:34.791Z [updateUserColumnPhaseStatus] Getting table data...
[2025-09-20 16:55:34.800] LOG - 21:55:34.791Z [analyzePhase] resetting phaseData
[2025-09-20 16:55:34.800] LOG - 21:55:34.791Z [analyzePhase] resetting phaseData
[2025-09-20 16:55:34.800] LOG - 21:55:34.791Z [analyzePhase] set phase 1 maxActive to 1
[2025-09-20 16:55:34.800] LOG - 21:55:34.791Z [analyzePhase] set phase 1 maxActive to 1
[2025-09-20 16:55:34.800] LOG - 21:55:34.792Z [analyzePhase] increased phase 2 maxActive to 1
[2025-09-20 16:55:34.800] LOG - 21:55:34.792Z [analyzePhase] increased phase 2 maxActive to 1
[2025-09-20 16:55:34.800] LOG - 21:55:34.792Z [updateUserColumnPhaseStatus] Table data: 0 rows
[2025-09-20 16:55:34.801] LOG - 21:55:34.792Z [updateUserColumnPhaseStatus] Table data: 0 rows
[2025-09-20 16:55:34.801] ERROR - 21:55:34.792Z [updateUserColumnPhaseStatus] No data from getTableData()
[2025-09-20 16:55:34.801] ERROR - 21:55:34.792Z [updateUserColumnPhaseStatus] No data from getTableData()
[2025-09-20 16:55:34.817] warning - The AudioContext was not allowed to start. It must be resumed (or created) after a user gesture on the page. https://developer.chrome.com/blog/autoplay/#web_audio
[2025-09-20 16:55:34.818] LOG - 21:55:34.805Z Auto Risk Management: Initial risk assessment completed
[2025-09-20 16:55:34.818] LOG - 21:55:34.805Z Auto Risk Management: Initial risk assessment completed
[2025-09-20 16:55:35.807] LOG - 21:55:35.806Z [analyzePhase] resetting phaseData
[2025-09-20 16:55:35.808] LOG - 21:55:35.806Z [analyzePhase] resetting phaseData
[2025-09-20 16:55:35.810] LOG - 21:55:35.807Z [analyzePhase] set phase 1 maxActive to 1
[2025-09-20 16:55:35.810] LOG - 21:55:35.807Z [analyzePhase] set phase 1 maxActive to 1
[2025-09-20 16:55:35.810] LOG - 21:55:35.807Z [analyzePhase] increased phase 2 maxActive to 1
[2025-09-20 16:55:35.810] LOG - 21:55:35.807Z [analyzePhase] increased phase 2 maxActive to 1
[2025-09-20 16:55:35.810] WARNING - 21:55:35.807Z Error in deferred func: TypeError: Cannot read properties of undefined (reading 'querySelector'), function(){d(a),f(function(){d(null)},0);var e=i.apply(this,arguments);return d(null),e} TypeError: Cannot read properties of undefined (reading 'querySelector'),    at <anonymous>:377:98,    at i.__trace__ (https://cdn.tradovate.com/tradovate/scripts/8623.bc07fac1.js:2:4608552),    at https://cdn.tradovate.com/tradovate/scripts/8623.bc07fac1.js:2:3545147
[2025-09-20 16:55:35.810] WARNING - 21:55:35.807Z Error in deferred func: TypeError: Cannot read properties of undefined (reading 'querySelector'), function(){d(a),f(function(){d(null)},0);var e=i.apply(this,arguments);return d(null),e}
[2025-09-20 16:55:35.824] LOG - 21:55:35.823Z Executing initial risk management assessment...
[2025-09-20 16:55:35.825] LOG - 21:55:35.823Z Executing initial risk management assessment...
[2025-09-20 16:55:35.826] ERROR - 21:55:35.823Z getTableData function not found
[2025-09-20 16:55:35.827] ERROR - 21:55:35.823Z getTableData function not found
[2025-09-20 16:55:35.827] ERROR - 21:55:35.823Z updateUserColumnPhaseStatus function not found
[2025-09-20 16:55:35.828] ERROR - 21:55:35.823Z updateUserColumnPhaseStatus function not found
[2025-09-20 16:55:35.828] ERROR - 21:55:35.823Z performAccountActions function not found
[2025-09-20 16:55:35.829] ERROR - 21:55:35.823Z performAccountActions function not found
[2025-09-20 16:55:35.829] LOG - 21:55:35.823Z Risk management assessment completed
[2025-09-20 16:55:35.829] LOG - 21:55:35.823Z Risk management assessment completed
[2025-09-20 16:56:26.423] INFO - 21:56:26.419Z time stats. avg diff: -9, min: -9, max: -9, roundtrip: 24 msec, #1
[2025-09-20 16:56:26.424] INFO - 21:56:26.419Z time stats. avg diff: -9, min: -9, max: -9, roundtrip: 24 msec, #1
[2025-09-20 16:57:28.278] LOG - 21:57:28.277Z WebGL:  {"geometries":71,"textures":1} 6 , devicePixelRatio:  2
[2025-09-20 16:59:28.268] LOG - 21:59:28.267Z WebGL:  {"geometries":71,"textures":1} 6 , devicePixelRatio:  2
[2025-09-20 17:00:16.185] INFO - 22:00:16.170Z visibilitychange: hidden, gd: 1000
[2025-09-20 17:00:16.210] INFO - 22:00:16.170Z visibilitychange: hidden, gd: 1000
