[2025-09-27 11:29:48.296] LOG - 16:29:48.294Z Starting login process for: stonkz92224@gmail.com
[2025-09-27 11:29:48.296] LOG - 16:29:48.294Z Starting login process for: stonkz92224@gmail.com
[2025-09-27 11:29:48.297] LOG - 16:29:48.295Z Auto login function executing for: stonkz92224@gmail.com
[2025-09-27 11:29:48.299] LOG - 16:29:48.295Z Auto login function executing for: stonkz92224@gmail.com
[2025-09-27 11:29:48.299] LOG - 16:29:48.295Z Login form found, filling credentials...
[2025-09-27 11:29:48.300] LOG - 16:29:48.295Z Login form found, filling credentials...
[2025-09-27 11:29:48.445] LOG - 16:29:48.320Z Test element added to DOM
[2025-09-27 11:29:48.446] LOG - 16:29:48.320Z Test element added to DOM
[2025-09-27 11:29:48.450] LOG - 16:29:48.447Z All browser alerts and confirmations have been disabled
[2025-09-27 11:29:48.451] LOG - 16:29:48.447Z All browser alerts and confirmations have been disabled
[2025-09-27 11:29:48.809] LOG - 16:29:48.806Z Clicking login button...
[2025-09-27 11:29:48.809] LOG - 16:29:48.806Z Clicking login button...
[2025-09-27 11:29:48.820] LOG - 16:29:48.817Z authentication starting
[2025-09-27 11:29:48.820] LOG - 16:29:48.817Z authentication starting
[2025-09-27 11:29:49.180] warning - The AudioContext was not allowed to start. It must be resumed (or created) after a user gesture on the page. https://developer.chrome.com/blog/autoplay/#web_audio
[2025-09-27 11:29:49.181] LOG - 16:29:49.162Z Watching for account selection page...
[2025-09-27 11:29:49.182] LOG - 16:29:49.162Z Watching for account selection page...
[2025-09-27 11:29:49.406] LOG - 16:29:49.405Z Access token will be renewed in 75 minutes; expired: Sat Sep 27 2025 12:49:49 GMT-0500 (Central Daylight Time), now: Sat Sep 27 2025 11:29:49 GMT-0500 (Central Daylight Time)
[2025-09-27 11:29:49.406] LOG - 16:29:49.405Z Access token will be renewed in 75 minutes; expired: Sat Sep 27 2025 12:49:49 GMT-0500 (Central Daylight Time), now: Sat Sep 27 2025 11:29:49 GMT-0500 (Central Daylight Time)
[2025-09-27 11:29:49.662] INFO - 16:29:49.660Z [LaunchDarkly] Closing stream connection
[2025-09-27 11:29:49.664] INFO - 16:29:49.660Z [LaunchDarkly] Closing stream connection
[2025-09-27 11:29:49.664] INFO - 16:29:49.660Z [LaunchDarkly] Opening stream connection to https://clientstream.launchdarkly.com/eval/66cdf5b9cf61891061b4e437/eyJraW5kIjoidXNlciIsImtleSI6IjM2NTUwNTkiLCJkZXZpY2UiOiJkZXNrdG9wIiwidXNlcklkIjozNjU1MDU5LCJpcENvdW50cnkiOiJVUyIsIm9yZ05hbWUiOiJURFYiLCJuYW1lIjoiU3Rvbmt6OTIyMjQiLCJsYW5kaW5nUGFyYW1zIjoiIn0
[2025-09-27 11:29:49.665] INFO - 16:29:49.660Z [LaunchDarkly] Opening stream connection to https://clientstream.launchdarkly.com/eval/66cdf5b9cf61891061b4e437/eyJraW5kIjoidXNlciIsImtleSI6IjM2NTUwNTkiLCJkZXZpY2UiOiJkZXNrdG9wIiwidXNlcklkIjozNjU1MDU5LCJpcENvdW50cnkiOiJVUyIsIm9yZ05hbWUiOiJURFYiLCJuYW1lIjoiU3Rvbmt6OTIyMjQiLCJsYW5kaW5nUGFyYW1zIjoiIn0
[2025-09-27 11:29:49.710] INFO - 16:29:49.709Z [LaunchDarkly] Closing stream connection
[2025-09-27 11:29:49.711] INFO - 16:29:49.709Z [LaunchDarkly] Closing stream connection
[2025-09-27 11:29:49.711] INFO - 16:29:49.709Z [LaunchDarkly] Opening stream connection to https://clientstream.launchdarkly.com/eval/66cdf5b9cf61891061b4e437/eyJraW5kIjoidXNlciIsImtleSI6IjM2NTUwNTkiLCJkZXZpY2UiOiJkZXNrdG9wIiwidXNlcklkIjozNjU1MDU5LCJpcENvdW50cnkiOiJVUyIsIm9yZ05hbWUiOiJURFYiLCJuYW1lIjoiU3Rvbmt6OTIyMjQiLCJsYW5kaW5nUGFyYW1zIjoiIn0
[2025-09-27 11:29:49.712] INFO - 16:29:49.709Z [LaunchDarkly] Opening stream connection to https://clientstream.launchdarkly.com/eval/66cdf5b9cf61891061b4e437/eyJraW5kIjoidXNlciIsImtleSI6IjM2NTUwNTkiLCJkZXZpY2UiOiJkZXNrdG9wIiwidXNlcklkIjozNjU1MDU5LCJpcENvdW50cnkiOiJVUyIsIm9yZ05hbWUiOiJURFYiLCJuYW1lIjoiU3Rvbmt6OTIyMjQiLCJsYW5kaW5nUGFyYW1zIjoiIn0
[2025-09-27 11:29:49.787] INFO - 16:29:49.785Z [LaunchDarkly] Closing stream connection
[2025-09-27 11:29:49.787] INFO - 16:29:49.785Z [LaunchDarkly] Closing stream connection
[2025-09-27 11:29:49.788] INFO - 16:29:49.785Z [LaunchDarkly] Opening stream connection to https://clientstream.launchdarkly.com/eval/66cdf5b9cf61891061b4e437/eyJraW5kIjoidXNlciIsImtleSI6IjM2NTUwNTkiLCJkZXZpY2UiOiJkZXNrdG9wIiwidXNlcklkIjozNjU1MDU5LCJpcENvdW50cnkiOiJVUyIsIm9yZ05hbWUiOiJURFYiLCJuYW1lIjoiU3Rvbmt6OTIyMjQiLCJsYW5kaW5nUGFyYW1zIjoiIn0
[2025-09-27 11:29:49.788] INFO - 16:29:49.785Z [LaunchDarkly] Opening stream connection to https://clientstream.launchdarkly.com/eval/66cdf5b9cf61891061b4e437/eyJraW5kIjoidXNlciIsImtleSI6IjM2NTUwNTkiLCJkZXZpY2UiOiJkZXNrdG9wIiwidXNlcklkIjozNjU1MDU5LCJpcENvdW50cnkiOiJVUyIsIm9yZ05hbWUiOiJURFYiLCJuYW1lIjoiU3Rvbmt6OTIyMjQiLCJsYW5kaW5nUGFyYW1zIjoiIn0
[2025-09-27 11:29:51.165] LOG - 16:29:51.164Z Account selection page detected, clicking button...
[2025-09-27 11:29:51.165] LOG - 16:29:51.164Z Account selection page detected, clicking button...
[2025-09-27 11:29:51.303] LOG - 16:29:51.273Z Access token will be renewed in 75 minutes; expired: Sat Sep 27 2025 12:49:49 GMT-0500 (Central Daylight Time), now: Sat Sep 27 2025 11:29:51 GMT-0500 (Central Daylight Time)
[2025-09-27 11:29:51.303] LOG - 16:29:51.273Z Access token will be renewed in 75 minutes; expired: Sat Sep 27 2025 12:49:49 GMT-0500 (Central Daylight Time), now: Sat Sep 27 2025 11:29:51 GMT-0500 (Central Daylight Time)
[2025-09-27 11:29:51.381] error - Refused to connect to 'https://bat.bing.com/actionp/0?ti=26330043&Ver=2&mid=80bc4f73-e0c6-4402-8eda-05086b411ed3&bo=2&sid=a82ace0097af11f0b51d4179c6f235dd&vid=99c3288092fe11f0bc7275adc39e6add&vids=0&msclkid=N&evt=pageHide' because it violates the following Content Security Policy directive: "connect-src wss://*.tradovate.com https://*.tradovate.com https://*.ntinnolab.com https://*.devel.ninjatrader.dev https://*.staging.ninjatrader.dev https://*.uat.ninjatrader.dev wss://*.ntinnolab.com wss://*.devel.ninjatrader.dev wss://*.staging.ninjatrader.dev wss://*.uat.ninjatrader.dev wss://*.tradovateapi.com https://*.tradovateapi.com https://*.ninjatrader.com https://cdn.walkme.com https://ec.walkme.com https://sessions.bugsnag.com https://notify.bugsnag.com https://*.plaid.com https://*.yodlee.com https://tradovate.zendesk.com https://rollout.ada.support https://static.ada.support https://ninjatrader.ada.support https://tradovate.ada.support https://ninjatrader-eap.ada.support/ https://demo-ninjatrader-gr.ada.support/ https://tradovate-gen.ada.support/ https://api.stripe.com https://apiproxy.ninjatrader.com https://apiproxy-d.ninjatrader.com https://us-autocomplete-pro.api.smartystreets.com https://international-autocomplete.api.smarty.com https://maps.googleapis.com https://accounts.google.com/ https://www.google.com https://www.googletagmanager.com/ https://*.browser-intake-datadoghq.com https://scripts.neuro-id.com https://receiver.neuroid.cloud https://logs.neuro-id.com https://firebaseinstallations.googleapis.com/ https://firebaseremoteconfig.googleapis.com/ https://logx.optimizely.com https://*.optimizely.com wss://mpsnare.iesnare.com wss://ci-mpsnare.iovation.com https://*.iovation.com/ https://*.reddit.com  https://www.redditstatic.com https://*.taboola.com https://*.launchdarkly.com https://*.alloy.co https://*.maze.co https://www.google-analytics.com https://analytics.google.com https://www.googletagmanager.com/ https://api.hubapi.com https://forms.hubspot.com https://stats.g.doubleclick.net https://alb.reddit.com https://analytics.twitter.com https://heapanalytics.com https://*.auryc.com https://*.contentsquare.net https://siteintercept.qualtrics.com https://api.userway.org/".

[2025-09-27 11:29:51.383] INFO - 16:29:51.375Z visibilitychange: hidden, gd: 1000
[2025-09-27 11:29:51.384] INFO - 16:29:51.375Z visibilitychange: hidden, gd: 1000
[2025-09-27 11:29:51.384] WARNING - 16:29:51.376Z [LaunchDarkly] Error on stream connection: {"isTrusted":true}, will continue retrying after 831 milliseconds.
[2025-09-27 11:29:51.384] WARNING - 16:29:51.376Z [LaunchDarkly] Error on stream connection: {"isTrusted":true}, will continue retrying after 831 milliseconds.
[2025-09-27 11:29:51.384] INFO - 16:29:51.376Z [LaunchDarkly] Closing stream connection
[2025-09-27 11:29:51.385] INFO - 16:29:51.376Z [LaunchDarkly] Closing stream connection
[2025-09-27 11:29:51.791] WARNING - Duplicate atom key "locale". This is a FATAL ERROR in
      production. But it is safe to ignore this warning if it occurred because of
      hot module replacement.
[2025-09-27 11:29:51.793] WARNING - Duplicate atom key "locale". This is a FATAL ERROR in
      production. But it is safe to ignore this warning if it occurred because of
      hot module replacement.
[2025-09-27 11:29:51.794] WARNING - Duplicate atom key "muiTheme". This is a FATAL ERROR in
      production. But it is safe to ignore this warning if it occurred because of
      hot module replacement.
[2025-09-27 11:29:51.794] WARNING - Duplicate atom key "muiTheme". This is a FATAL ERROR in
      production. But it is safe to ignore this warning if it occurred because of
      hot module replacement.
[2025-09-27 11:29:51.795] WARNING - Duplicate atom key "appLinksFooter". This is a FATAL ERROR in
      production. But it is safe to ignore this warning if it occurred because of
      hot module replacement.
[2025-09-27 11:29:51.796] WARNING - Duplicate atom key "appLinksFooter". This is a FATAL ERROR in
      production. But it is safe to ignore this warning if it occurred because of
      hot module replacement.
[2025-09-27 11:29:51.797] WARNING - Duplicate atom key "currentUserId2". This is a FATAL ERROR in
      production. But it is safe to ignore this warning if it occurred because of
      hot module replacement.
[2025-09-27 11:29:51.797] WARNING - Duplicate atom key "currentUserId2". This is a FATAL ERROR in
      production. But it is safe to ignore this warning if it occurred because of
      hot module replacement.
[2025-09-27 11:29:51.798] WARNING - Duplicate atom key "onboardingInProgress". This is a FATAL ERROR in
      production. But it is safe to ignore this warning if it occurred because of
      hot module replacement.
[2025-09-27 11:29:51.800] WARNING - Duplicate atom key "onboardingInProgress". This is a FATAL ERROR in
      production. But it is safe to ignore this warning if it occurred because of
      hot module replacement.
[2025-09-27 11:29:51.800] WARNING - Duplicate atom key "editing". This is a FATAL ERROR in
      production. But it is safe to ignore this warning if it occurred because of
      hot module replacement.
[2025-09-27 11:29:51.801] WARNING - Duplicate atom key "editing". This is a FATAL ERROR in
      production. But it is safe to ignore this warning if it occurred because of
      hot module replacement.
[2025-09-27 11:29:51.802] WARNING - Duplicate atom key "infoMessage". This is a FATAL ERROR in
      production. But it is safe to ignore this warning if it occurred because of
      hot module replacement.
[2025-09-27 11:29:51.803] WARNING - Duplicate atom key "infoMessage". This is a FATAL ERROR in
      production. But it is safe to ignore this warning if it occurred because of
      hot module replacement.
[2025-09-27 11:29:51.804] WARNING - Duplicate atom key "browserWarning". This is a FATAL ERROR in
      production. But it is safe to ignore this warning if it occurred because of
      hot module replacement.
[2025-09-27 11:29:51.805] WARNING - Duplicate atom key "browserWarning". This is a FATAL ERROR in
      production. But it is safe to ignore this warning if it occurred because of
      hot module replacement.
[2025-09-27 11:29:51.806] WARNING - Duplicate atom key "clockWarning". This is a FATAL ERROR in
      production. But it is safe to ignore this warning if it occurred because of
      hot module replacement.
[2025-09-27 11:29:51.806] WARNING - Duplicate atom key "clockWarning". This is a FATAL ERROR in
      production. But it is safe to ignore this warning if it occurred because of
      hot module replacement.
[2025-09-27 11:29:51.808] WARNING - Duplicate atom key "breakpoint". This is a FATAL ERROR in
      production. But it is safe to ignore this warning if it occurred because of
      hot module replacement.
[2025-09-27 11:29:51.809] WARNING - Duplicate atom key "breakpoint". This is a FATAL ERROR in
      production. But it is safe to ignore this warning if it occurred because of
      hot module replacement.
[2025-09-27 11:29:51.809] WARNING - Duplicate atom key "inMobileRange". This is a FATAL ERROR in
      production. But it is safe to ignore this warning if it occurred because of
      hot module replacement.
[2025-09-27 11:29:51.810] WARNING - Duplicate atom key "inMobileRange". This is a FATAL ERROR in
      production. But it is safe to ignore this warning if it occurred because of
      hot module replacement.
[2025-09-27 11:29:51.811] WARNING - Duplicate atom key "gridSpacing". This is a FATAL ERROR in
      production. But it is safe to ignore this warning if it occurred because of
      hot module replacement.
[2025-09-27 11:29:51.812] WARNING - Duplicate atom key "gridSpacing". This is a FATAL ERROR in
      production. But it is safe to ignore this warning if it occurred because of
      hot module replacement.
[2025-09-27 11:29:51.812] WARNING - Duplicate atom key "login". This is a FATAL ERROR in
      production. But it is safe to ignore this warning if it occurred because of
      hot module replacement.
[2025-09-27 11:29:51.813] WARNING - Duplicate atom key "login". This is a FATAL ERROR in
      production. But it is safe to ignore this warning if it occurred because of
      hot module replacement.
[2025-09-27 11:29:51.814] WARNING - Duplicate atom key "error". This is a FATAL ERROR in
      production. But it is safe to ignore this warning if it occurred because of
      hot module replacement.
[2025-09-27 11:29:51.815] WARNING - Duplicate atom key "error". This is a FATAL ERROR in
      production. But it is safe to ignore this warning if it occurred because of
      hot module replacement.
[2025-09-27 11:29:51.816] WARNING - Duplicate atom key "contactInfos2". This is a FATAL ERROR in
      production. But it is safe to ignore this warning if it occurred because of
      hot module replacement.
[2025-09-27 11:29:51.817] WARNING - Duplicate atom key "contactInfos2". This is a FATAL ERROR in
      production. But it is safe to ignore this warning if it occurred because of
      hot module replacement.
[2025-09-27 11:29:51.817] WARNING - Duplicate atom key "individualApplicantsTimestamp". This is a FATAL ERROR in
      production. But it is safe to ignore this warning if it occurred because of
      hot module replacement.
[2025-09-27 11:29:51.817] WARNING - Duplicate atom key "individualApplicantsTimestamp". This is a FATAL ERROR in
      production. But it is safe to ignore this warning if it occurred because of
      hot module replacement.
[2025-09-27 11:29:51.817] WARNING - Duplicate atom key "customerApplication". This is a FATAL ERROR in
      production. But it is safe to ignore this warning if it occurred because of
      hot module replacement.
[2025-09-27 11:29:51.817] WARNING - Duplicate atom key "customerApplication". This is a FATAL ERROR in
      production. But it is safe to ignore this warning if it occurred because of
      hot module replacement.
[2025-09-27 11:29:51.817] WARNING - Duplicate atom key "individualApplicants". This is a FATAL ERROR in
      production. But it is safe to ignore this warning if it occurred because of
      hot module replacement.
[2025-09-27 11:29:51.817] WARNING - Duplicate atom key "individualApplicants". This is a FATAL ERROR in
      production. But it is safe to ignore this warning if it occurred because of
      hot module replacement.
[2025-09-27 11:29:51.817] WARNING - Duplicate atom key "clearingHouses". This is a FATAL ERROR in
      production. But it is safe to ignore this warning if it occurred because of
      hot module replacement.
[2025-09-27 11:29:51.818] WARNING - Duplicate atom key "clearingHouses". This is a FATAL ERROR in
      production. But it is safe to ignore this warning if it occurred because of
      hot module replacement.
[2025-09-27 11:29:51.818] WARNING - Duplicate atom key "clearXClearingHouse". This is a FATAL ERROR in
      production. But it is safe to ignore this warning if it occurred because of
      hot module replacement.
[2025-09-27 11:29:51.818] WARNING - Duplicate atom key "clearXClearingHouse". This is a FATAL ERROR in
      production. But it is safe to ignore this warning if it occurred because of
      hot module replacement.
[2025-09-27 11:29:51.818] WARNING - Duplicate atom key "applicationClearingHouse". This is a FATAL ERROR in
      production. But it is safe to ignore this warning if it occurred because of
      hot module replacement.
[2025-09-27 11:29:51.818] WARNING - Duplicate atom key "applicationClearingHouse". This is a FATAL ERROR in
      production. But it is safe to ignore this warning if it occurred because of
      hot module replacement.
[2025-09-27 11:29:51.818] WARNING - Duplicate atom key "userLocation". This is a FATAL ERROR in
      production. But it is safe to ignore this warning if it occurred because of
      hot module replacement.
[2025-09-27 11:29:51.818] WARNING - Duplicate atom key "userLocation". This is a FATAL ERROR in
      production. But it is safe to ignore this warning if it occurred because of
      hot module replacement.
[2025-09-27 11:29:51.818] WARNING - Duplicate atom key "savedApplicationsTimestamp". This is a FATAL ERROR in
      production. But it is safe to ignore this warning if it occurred because of
      hot module replacement.
[2025-09-27 11:29:51.819] WARNING - Duplicate atom key "savedApplicationsTimestamp". This is a FATAL ERROR in
      production. But it is safe to ignore this warning if it occurred because of
      hot module replacement.
[2025-09-27 11:29:51.819] WARNING - Duplicate atom key "savedApplications". This is a FATAL ERROR in
      production. But it is safe to ignore this warning if it occurred because of
      hot module replacement.
[2025-09-27 11:29:51.819] WARNING - Duplicate atom key "savedApplications". This is a FATAL ERROR in
      production. But it is safe to ignore this warning if it occurred because of
      hot module replacement.
[2025-09-27 11:29:51.819] WARNING - Duplicate atom key "step". This is a FATAL ERROR in
      production. But it is safe to ignore this warning if it occurred because of
      hot module replacement.
[2025-09-27 11:29:51.819] WARNING - Duplicate atom key "step". This is a FATAL ERROR in
      production. But it is safe to ignore this warning if it occurred because of
      hot module replacement.
[2025-09-27 11:29:51.819] WARNING - Duplicate atom key "checkStates". This is a FATAL ERROR in
      production. But it is safe to ignore this warning if it occurred because of
      hot module replacement.
[2025-09-27 11:29:51.819] WARNING - Duplicate atom key "checkStates". This is a FATAL ERROR in
      production. But it is safe to ignore this warning if it occurred because of
      hot module replacement.
[2025-09-27 11:29:51.819] WARNING - Duplicate atom key "signStates". This is a FATAL ERROR in
      production. But it is safe to ignore this warning if it occurred because of
      hot module replacement.
[2025-09-27 11:29:51.819] WARNING - Duplicate atom key "signStates". This is a FATAL ERROR in
      production. But it is safe to ignore this warning if it occurred because of
      hot module replacement.
[2025-09-27 11:29:51.820] WARNING - Duplicate atom key "wizard". This is a FATAL ERROR in
      production. But it is safe to ignore this warning if it occurred because of
      hot module replacement.
[2025-09-27 11:29:51.820] WARNING - Duplicate atom key "wizard". This is a FATAL ERROR in
      production. But it is safe to ignore this warning if it occurred because of
      hot module replacement.
[2025-09-27 11:29:51.820] WARNING - Duplicate atom key "formBuilder". This is a FATAL ERROR in
      production. But it is safe to ignore this warning if it occurred because of
      hot module replacement.
[2025-09-27 11:29:51.820] WARNING - Duplicate atom key "formBuilder". This is a FATAL ERROR in
      production. But it is safe to ignore this warning if it occurred because of
      hot module replacement.
[2025-09-27 11:29:51.820] WARNING - Duplicate atom key "headerSlot". This is a FATAL ERROR in
      production. But it is safe to ignore this warning if it occurred because of
      hot module replacement.
[2025-09-27 11:29:51.820] WARNING - Duplicate atom key "headerSlot". This is a FATAL ERROR in
      production. But it is safe to ignore this warning if it occurred because of
      hot module replacement.
[2025-09-27 11:29:51.820] WARNING - Duplicate atom key "footerSlot". This is a FATAL ERROR in
      production. But it is safe to ignore this warning if it occurred because of
      hot module replacement.
[2025-09-27 11:29:51.821] WARNING - Duplicate atom key "footerSlot". This is a FATAL ERROR in
      production. But it is safe to ignore this warning if it occurred because of
      hot module replacement.
[2025-09-27 11:29:51.821] WARNING - Duplicate atom key "alloyJourneyToken". This is a FATAL ERROR in
      production. But it is safe to ignore this warning if it occurred because of
      hot module replacement.
[2025-09-27 11:29:51.821] WARNING - Duplicate atom key "alloyJourneyToken". This is a FATAL ERROR in
      production. But it is safe to ignore this warning if it occurred because of
      hot module replacement.
[2025-09-27 11:29:51.821] DEBUG - [bugsnag] Loaded!
[2025-09-27 11:29:51.821] DEBUG - [bugsnag] Loaded!
[2025-09-27 11:29:51.821] INFO - Version 3.250926.0 prod production 
[2025-09-27 11:29:51.821] INFO - Version 3.250926.0 prod production 
[2025-09-27 11:29:51.821] INFO - Time: Sat Sep 27 2025 11:29:51 GMT-0500 (Central Daylight Time)
[2025-09-27 11:29:51.822] INFO - Time:
[2025-09-27 11:29:51.855] LOG - 16:29:51.853Z Try to restore session
[2025-09-27 11:29:51.856] LOG - 16:29:51.853Z Try to restore session
[2025-09-27 11:29:51.856] LOG - 16:29:51.854Z Access token will be renewed in 75 minutes; expired: Sat Sep 27 2025 12:49:49 GMT-0500 (Central Daylight Time), now: Sat Sep 27 2025 11:29:51 GMT-0500 (Central Daylight Time)
[2025-09-27 11:29:51.856] LOG - 16:29:51.854Z Access token will be renewed in 75 minutes; expired: Sat Sep 27 2025 12:49:49 GMT-0500 (Central Daylight Time), now: Sat Sep 27 2025 11:29:51 GMT-0500 (Central Daylight Time)
[2025-09-27 11:29:51.860] WARNING - 16:29:51.860Z [LaunchDarkly] The waitForInitialization function was called without a timeout specified. In a future version a default timeout will be applied.
[2025-09-27 11:29:51.861] WARNING - 16:29:51.860Z [LaunchDarkly] The waitForInitialization function was called without a timeout specified. In a future version a default timeout will be applied.
[2025-09-27 11:29:51.868] INFO - 16:29:51.867Z chart cache state: islands=5, bars=1196
[2025-09-27 11:29:51.868] INFO - 16:29:51.867Z chart cache state: islands=5, bars=1196
[2025-09-27 11:29:51.869] INFO - 16:29:51.867Z Chart history database initialized
[2025-09-27 11:29:51.869] INFO - 16:29:51.867Z Chart history database initialized
[2025-09-27 11:29:51.874] INFO - 16:29:51.873Z [LaunchDarkly] LaunchDarkly client initialized
[2025-09-27 11:29:51.875] INFO - 16:29:51.873Z [LaunchDarkly] LaunchDarkly client initialized
[2025-09-27 11:29:51.875] INFO - 16:29:51.874Z [LaunchDarkly] Opening stream connection to https://clientstream.launchdarkly.com/eval/66cdf5b9cf61891061b4e437/eyJraW5kIjoidXNlciIsImtleSI6InVua25vd24iLCJhbm9ueW1vdXMiOmZhbHNlfQ
[2025-09-27 11:29:51.875] INFO - 16:29:51.874Z [LaunchDarkly] Opening stream connection to https://clientstream.launchdarkly.com/eval/66cdf5b9cf61891061b4e437/eyJraW5kIjoidXNlciIsImtleSI6InVua25vd24iLCJhbm9ueW1vdXMiOmZhbHNlfQ
[2025-09-27 11:29:52.385] INFO - 16:29:52.383Z [LaunchDarkly] Closing stream connection
[2025-09-27 11:29:52.385] INFO - 16:29:52.383Z [LaunchDarkly] Closing stream connection
[2025-09-27 11:29:52.386] INFO - 16:29:52.383Z [LaunchDarkly] Opening stream connection to https://clientstream.launchdarkly.com/eval/66cdf5b9cf61891061b4e437/eyJraW5kIjoidXNlciIsImtleSI6IjM2NTUwNTkiLCJkZXZpY2UiOiJkZXNrdG9wIiwidXNlcklkIjozNjU1MDU5LCJpcENvdW50cnkiOiIiLCJvcmdOYW1lIjoiVERWIiwibmFtZSI6IlN0b25rejkyMjI0IiwibGFuZGluZ1BhcmFtcyI6IiJ9
[2025-09-27 11:29:52.386] INFO - 16:29:52.383Z [LaunchDarkly] Opening stream connection to https://clientstream.launchdarkly.com/eval/66cdf5b9cf61891061b4e437/eyJraW5kIjoidXNlciIsImtleSI6IjM2NTUwNTkiLCJkZXZpY2UiOiJkZXNrdG9wIiwidXNlcklkIjozNjU1MDU5LCJpcENvdW50cnkiOiIiLCJvcmdOYW1lIjoiVERWIiwibmFtZSI6IlN0b25rejkyMjI0IiwibGFuZGluZ1BhcmFtcyI6IiJ9
[2025-09-27 11:29:52.446] INFO - 16:29:52.444Z [LaunchDarkly] Closing stream connection
[2025-09-27 11:29:52.446] INFO - 16:29:52.444Z [LaunchDarkly] Closing stream connection
[2025-09-27 11:29:52.447] INFO - 16:29:52.444Z [LaunchDarkly] Opening stream connection to https://clientstream.launchdarkly.com/eval/66cdf5b9cf61891061b4e437/eyJraW5kIjoidXNlciIsImtleSI6IjM2NTUwNTkiLCJkZXZpY2UiOiJkZXNrdG9wIiwidXNlcklkIjozNjU1MDU5LCJpcENvdW50cnkiOiJVUyIsIm9yZ05hbWUiOiJURFYiLCJuYW1lIjoiU3Rvbmt6OTIyMjQiLCJsYW5kaW5nUGFyYW1zIjoiIn0
[2025-09-27 11:29:52.447] INFO - 16:29:52.444Z [LaunchDarkly] Opening stream connection to https://clientstream.launchdarkly.com/eval/66cdf5b9cf61891061b4e437/eyJraW5kIjoidXNlciIsImtleSI6IjM2NTUwNTkiLCJkZXZpY2UiOiJkZXNrdG9wIiwidXNlcklkIjozNjU1MDU5LCJpcENvdW50cnkiOiJVUyIsIm9yZ05hbWUiOiJURFYiLCJuYW1lIjoiU3Rvbmt6OTIyMjQiLCJsYW5kaW5nUGFyYW1zIjoiIn0
[2025-09-27 11:29:53.198] LOG - 16:29:53.194Z opening https://demo.tradovateapi.com/
[2025-09-27 11:29:53.198] LOG - 16:29:53.194Z opening https://demo.tradovateapi.com/
[2025-09-27 11:29:53.203] LOG - 16:29:53.201Z Hotkeys initialized {"Shift+Digit1":["orders/selectColumns"],"Shift+Digit2":["orders/showFilters"],"Shift+Digit3":["orders/standardTableView"],"Shift+Digit4":["orders/linkedOrdersView"],"Command+Shift+Digit0":["dom-chart/exit-and-cancel"]}
[2025-09-27 11:29:53.203] LOG - 16:29:53.201Z Hotkeys initialized {"Shift+Digit1":["orders/selectColumns"],"Shift+Digit2":["orders/showFilters"],"Shift+Digit3":["orders/standardTableView"],"Shift+Digit4":["orders/linkedOrdersView"],"Command+Shift+Digit0":["dom-chart/exit-and-cancel"]}
[2025-09-27 11:29:53.275] LOG - 16:29:53.274Z websocket opened
[2025-09-27 11:29:53.276] LOG - 16:29:53.274Z websocket opened
[2025-09-27 11:29:53.361] LOG - 16:29:53.359Z opening https://md-demo.tradovateapi.com/
[2025-09-27 11:29:53.362] LOG - 16:29:53.359Z opening https://md-demo.tradovateapi.com/
[2025-09-27 11:29:53.362] LOG - 16:29:53.361Z Connection:  open
[2025-09-27 11:29:53.363] LOG - 16:29:53.361Z Connection:  open
[2025-09-27 11:29:53.413] LOG - 16:29:53.411Z WebGL:  {"isWebGL2":true,"precision":"highp","logarithmicDepthBuffer":false,"maxTextures":16,"maxVertexTextures":16,"maxTextureSize":16384,"maxCubemapSize":16384,"maxAttributes":16,"maxVertexUniforms":1024,"maxVaryings":30,"maxFragmentUniforms":1024,"vertexTextures":true,"floatFragmentTextures":true,"floatVertexTextures":true,"maxSamples":8} , devicePixelRatio:  2
[2025-09-27 11:29:53.416] LOG - 16:29:53.412Z Canvas size: 1119 991 dpp:  2
[2025-09-27 11:29:53.444] LOG - 16:29:53.424Z Loading App-level Plugins
[2025-09-27 11:29:53.447] LOG - 16:29:53.424Z Loading App-level Plugins
[2025-09-27 11:29:53.447] LOG - 16:29:53.432Z WebGL:  {"isWebGL2":true,"precision":"highp","logarithmicDepthBuffer":false,"maxTextures":16,"maxVertexTextures":16,"maxTextureSize":16384,"maxCubemapSize":16384,"maxAttributes":16,"maxVertexUniforms":1024,"maxVaryings":30,"maxFragmentUniforms":1024,"vertexTextures":true,"floatFragmentTextures":true,"floatVertexTextures":true,"maxSamples":8} , devicePixelRatio:  2
[2025-09-27 11:29:53.448] LOG - 16:29:53.432Z Canvas size: 1119 991 dpp:  2
[2025-09-27 11:29:53.518] LOG - 16:29:53.517Z websocket opened
[2025-09-27 11:29:53.518] LOG - 16:29:53.517Z websocket opened
[2025-09-27 11:29:53.614] LOG - 16:29:53.584Z loadAppLevelPlugins:  [object Object]
[2025-09-27 11:29:53.614] LOG - 16:29:53.584Z loadAppLevelPlugins: 
[2025-09-27 11:29:53.777] LOG - 16:29:53.775Z sync to remote defaultModules
[2025-09-27 11:29:53.777] LOG - 16:29:53.775Z sync to remote defaultModules
[2025-09-27 11:29:53.791] LOG - 16:29:53.788Z sync to remote accountGroups
[2025-09-27 11:29:53.792] LOG - 16:29:53.788Z sync to remote accountGroups
[2025-09-27 11:29:54.739] LOG - 16:29:54.737Z jailing is in progress
[2025-09-27 11:29:54.739] LOG - 16:29:54.737Z jailing is in progress
[2025-09-27 11:29:54.798] LOG - 16:29:54.785Z created chart 1
[2025-09-27 11:29:55.083] LOG - 16:29:55.081Z requestChart: {"symbol":"3267312","chartDescription":{"underlyingType":"Tick","elementSize":5000,"elementSizeUnit":"UnderlyingUnits","withHistogram":false},"timeRange":{"asMuchAsElements":300}}
[2025-09-27 11:29:55.084] LOG - 16:29:55.081Z requestChart: {"symbol":"3267312","chartDescription":{"underlyingType":"Tick","elementSize":5000,"elementSizeUnit":"UnderlyingUnits","withHistogram":false},"timeRange":{"asMuchAsElements":300}}
[2025-09-27 11:29:55.084] LOG - 16:29:55.081Z mdMgApi open
[2025-09-27 11:29:55.084] LOG - 16:29:55.081Z mdMgApi open
[2025-09-27 11:29:55.180] LOG - 16:29:55.179Z pending jailing done. next starts
[2025-09-27 11:29:55.188] LOG - 16:29:55.179Z pending jailing done. next starts
[2025-09-27 11:29:56.035] LOG - 16:29:56.014Z created chart 14
[2025-09-27 11:29:56.056] LOG - 16:29:56.055Z requestChart: {"symbol":"4086418","chartDescription":{"underlyingType":"MinuteBar","elementSize":15,"elementSizeUnit":"UnderlyingUnits","withHistogram":false},"timeRange":{"asMuchAsElements":300}}
[2025-09-27 11:29:56.057] LOG - 16:29:56.055Z requestChart: {"symbol":"4086418","chartDescription":{"underlyingType":"MinuteBar","elementSize":15,"elementSizeUnit":"UnderlyingUnits","withHistogram":false},"timeRange":{"asMuchAsElements":300}}
[2025-09-27 11:29:56.057] LOG - 16:29:56.055Z mdMgApi open
[2025-09-27 11:29:56.057] LOG - 16:29:56.055Z mdMgApi open
[2025-09-27 11:29:56.266] LOG - 16:29:56.265Z updating the shared isolation
[2025-09-27 11:29:56.266] LOG - 16:29:56.265Z updating the shared isolation
[2025-09-27 11:29:56.656] LOG - 16:29:56.655Z updating the shared isolation
[2025-09-27 11:29:56.656] LOG - 16:29:56.655Z updating the shared isolation
[2025-09-27 11:29:58.996] LOG - 16:29:58.993Z Auto Order script initialized - AUTOMATIC HOT RELOAD SUCCESS!
[2025-09-27 11:29:58.997] LOG - 16:29:58.993Z Auto Order script initialized - AUTOMATIC HOT RELOAD SUCCESS!
[2025-09-27 11:29:58.998] LOG - 16:29:58.994Z Creating UI for dashboard trading...
[2025-09-27 11:29:58.999] LOG - 16:29:58.994Z Creating UI for dashboard trading...
[2025-09-27 11:29:59.000] LOG - 16:29:58.995Z Creating UI (visible=false)
[2025-09-27 11:29:59.001] LOG - 16:29:58.995Z Creating UI (visible=false)
[2025-09-27 11:29:59.001] LOG - 16:29:58.995Z Stored values: TP=53, SL=15, Qty=4, Tick=0.25, Symbol=NQ
[2025-09-27 11:29:59.002] LOG - 16:29:58.995Z Stored values: TP=53, SL=15, Qty=4, Tick=0.25, Symbol=NQ
[2025-09-27 11:29:59.003] LOG - 16:29:58.995Z UI container added to DOM
[2025-09-27 11:29:59.004] LOG - 16:29:58.995Z UI container added to DOM
[2025-09-27 11:29:59.004] LOG - 16:29:58.996Z Setting up localStorage persistence
[2025-09-27 11:29:59.005] LOG - 16:29:58.996Z Setting up localStorage persistence
[2025-09-27 11:29:59.006] LOG - 16:29:58.996Z UI initialization complete
[2025-09-27 11:29:59.006] LOG - 16:29:58.996Z UI initialization complete
[2025-09-27 11:29:59.008] LOG - 16:29:58.996Z Creating example front-quarter symbol
[2025-09-27 11:29:59.009] LOG - 16:29:58.996Z Creating example front-quarter symbol
[2025-09-27 11:29:59.010] LOG - 16:29:58.996Z getQuarterlyCode called with date: 2025-09-27T16:29:58.996Z
[2025-09-27 11:29:59.011] LOG - 16:29:58.996Z getQuarterlyCode called with date: 2025-09-27T16:29:58.996Z
[2025-09-27 11:29:59.012] LOG - 16:29:58.996Z Current month index: 8
[2025-09-27 11:29:59.013] LOG - 16:29:58.996Z Current month index: 8
[2025-09-27 11:29:59.014] LOG - 16:29:58.996Z Starting calculation with year=2025, month=8
[2025-09-27 11:29:59.015] LOG - 16:29:58.996Z Starting calculation with year=2025, month=8
[2025-09-27 11:29:59.015] LOG - 16:29:58.996Z Calculated quarterly code: letter=Z, yearDigit=5
[2025-09-27 11:29:59.017] LOG - 16:29:58.996Z Calculated quarterly code: letter=Z, yearDigit=5
[2025-09-27 11:29:59.017] LOG - 16:29:58.996Z Example front-quarter symbol created: NQZ5
[2025-09-27 11:29:59.018] LOG - 16:29:58.996Z Example front-quarter symbol created: NQZ5
[2025-09-27 11:29:59.020] LOG - 16:29:59.005Z Auto Risk Management: Running initial risk assessment...
[2025-09-27 11:29:59.021] LOG - 16:29:59.005Z Auto Risk Management: Running initial risk assessment...
[2025-09-27 11:29:59.022] LOG - 16:29:59.006Z [analyzePhase] resetting phaseData
[2025-09-27 11:29:59.023] LOG - 16:29:59.006Z [analyzePhase] resetting phaseData
[2025-09-27 11:29:59.024] LOG - 16:29:59.006Z [analyzePhase] set phase 1 maxActive to 1
[2025-09-27 11:29:59.025] LOG - 16:29:59.006Z [analyzePhase] set phase 1 maxActive to 1
[2025-09-27 11:29:59.026] LOG - 16:29:59.007Z [analyzePhase] increased phase 2 maxActive to 1
[2025-09-27 11:29:59.026] LOG - 16:29:59.007Z [analyzePhase] increased phase 2 maxActive to 1
[2025-09-27 11:29:59.026] LOG - 16:29:59.007Z [updateUserColumnPhaseStatus] Starting...
[2025-09-27 11:29:59.026] LOG - 16:29:59.007Z [updateUserColumnPhaseStatus] Starting...
[2025-09-27 11:29:59.027] LOG - 16:29:59.007Z [updateUserColumnPhaseStatus] Found 4 rows
[2025-09-27 11:29:59.027] LOG - 16:29:59.007Z [updateUserColumnPhaseStatus] Found 4 rows
[2025-09-27 11:29:59.027] LOG - 16:29:59.008Z [updateUserColumnPhaseStatus] Header cells: Account ▲,Total Available Margin,User,Dist Drawdown Net Liq,Dollar Open P L,Dollar Total P L
[2025-09-27 11:29:59.027] LOG - 16:29:59.008Z [updateUserColumnPhaseStatus] Header cells:
[2025-09-27 11:29:59.027] LOG - 16:29:59.008Z [updateUserColumnPhaseStatus] Found User column at index 2
[2025-09-27 11:29:59.028] LOG - 16:29:59.008Z [updateUserColumnPhaseStatus] Found User column at index 2
[2025-09-27 11:29:59.028] LOG - 16:29:59.008Z [updateUserColumnPhaseStatus] Getting table data...
[2025-09-27 11:29:59.028] LOG - 16:29:59.008Z [updateUserColumnPhaseStatus] Getting table data...
[2025-09-27 11:29:59.028] LOG - 16:29:59.008Z [analyzePhase] resetting phaseData
[2025-09-27 11:29:59.029] LOG - 16:29:59.008Z [analyzePhase] resetting phaseData
[2025-09-27 11:29:59.029] LOG - 16:29:59.008Z [analyzePhase] set phase 1 maxActive to 1
[2025-09-27 11:29:59.029] LOG - 16:29:59.008Z [analyzePhase] set phase 1 maxActive to 1
[2025-09-27 11:29:59.029] LOG - 16:29:59.008Z [analyzePhase] increased phase 2 maxActive to 1
[2025-09-27 11:29:59.030] LOG - 16:29:59.008Z [analyzePhase] increased phase 2 maxActive to 1
[2025-09-27 11:29:59.030] LOG - 16:29:59.008Z [updateUserColumnPhaseStatus] Table data: 3 rows
[2025-09-27 11:29:59.030] LOG - 16:29:59.008Z [updateUserColumnPhaseStatus] Table data: 3 rows
[2025-09-27 11:29:59.030] LOG - 16:29:59.009Z [updateUserColumnPhaseStatus] First data row has 6 cells, we need index 2
[2025-09-27 11:29:59.030] LOG - 16:29:59.009Z [updateUserColumnPhaseStatus] First data row has 6 cells, we need index 2
[2025-09-27 11:29:59.031] LOG - 16:29:59.009Z [updateUserColumnPhaseStatus] Setting row 1 (DEMO3655059) phase=1, active=true
[2025-09-27 11:29:59.031] LOG - 16:29:59.009Z [updateUserColumnPhaseStatus] Setting row 1 (DEMO3655059) phase=1, active=true
[2025-09-27 11:29:59.031] LOG - 16:29:59.009Z [updateUserColumnPhaseStatus] Setting row 2 (DEMO3655059-1) phase=1, active=false
[2025-09-27 11:29:59.031] LOG - 16:29:59.009Z [updateUserColumnPhaseStatus] Setting row 2 (DEMO3655059-1) phase=1, active=false
[2025-09-27 11:29:59.032] LOG - 16:29:59.009Z [updateUserColumnPhaseStatus] Setting row 3 (DEMO3655059-2) phase=2, active=true
[2025-09-27 11:29:59.032] LOG - 16:29:59.009Z [updateUserColumnPhaseStatus] Setting row 3 (DEMO3655059-2) phase=2, active=true
[2025-09-27 11:29:59.032] LOG - 16:29:59.009Z [updateUserColumnPhaseStatus] Completed
[2025-09-27 11:29:59.032] LOG - 16:29:59.009Z [updateUserColumnPhaseStatus] Completed
[2025-09-27 11:29:59.037] warning - The AudioContext was not allowed to start. It must be resumed (or created) after a user gesture on the page. https://developer.chrome.com/blog/autoplay/#web_audio
[2025-09-27 11:29:59.038] LOG - 16:29:59.022Z Auto Risk Management: Initial risk assessment completed
[2025-09-27 11:29:59.038] LOG - 16:29:59.022Z Auto Risk Management: Initial risk assessment completed
[2025-09-27 11:30:00.043] LOG - 16:30:00.042Z Executing initial risk management assessment...
[2025-09-27 11:30:00.043] LOG - 16:30:00.042Z Executing initial risk management assessment...
[2025-09-27 11:30:00.043] ERROR - 16:30:00.042Z getTableData function not found
[2025-09-27 11:30:00.043] ERROR - 16:30:00.042Z getTableData function not found
[2025-09-27 11:30:00.044] ERROR - 16:30:00.043Z updateUserColumnPhaseStatus function not found
[2025-09-27 11:30:00.045] ERROR - 16:30:00.043Z updateUserColumnPhaseStatus function not found
[2025-09-27 11:30:00.045] ERROR - 16:30:00.044Z performAccountActions function not found
[2025-09-27 11:30:00.045] ERROR - 16:30:00.044Z performAccountActions function not found
[2025-09-27 11:30:00.045] LOG - 16:30:00.044Z Risk management assessment completed
[2025-09-27 11:30:00.045] LOG - 16:30:00.044Z Risk management assessment completed
[2025-09-27 11:30:00.061] LOG - 16:30:00.060Z [analyzePhase] resetting phaseData
[2025-09-27 11:30:00.062] LOG - 16:30:00.060Z [analyzePhase] resetting phaseData
[2025-09-27 11:30:00.063] LOG - 16:30:00.060Z [analyzePhase] set phase 1 maxActive to 1
[2025-09-27 11:30:00.064] LOG - 16:30:00.060Z [analyzePhase] set phase 1 maxActive to 1
[2025-09-27 11:30:00.064] LOG - 16:30:00.060Z [analyzePhase] increased phase 2 maxActive to 1
[2025-09-27 11:30:00.065] LOG - 16:30:00.060Z [analyzePhase] increased phase 2 maxActive to 1
[2025-09-27 11:30:00.563] LOG - 16:30:00.562Z [analyzePhase] resetting phaseData
[2025-09-27 11:30:00.564] LOG - 16:30:00.562Z [analyzePhase] resetting phaseData
[2025-09-27 11:30:00.565] LOG - 16:30:00.562Z [analyzePhase] set phase 1 maxActive to 1
[2025-09-27 11:30:00.567] LOG - 16:30:00.562Z [analyzePhase] set phase 1 maxActive to 1
[2025-09-27 11:30:00.568] LOG - 16:30:00.562Z [analyzePhase] increased phase 2 maxActive to 1
[2025-09-27 11:30:00.568] LOG - 16:30:00.562Z [analyzePhase] increased phase 2 maxActive to 1
[2025-09-27 11:30:00.568] LOG - 16:30:00.563Z Set DEMO3655059 qty to 20
[2025-09-27 11:30:00.569] LOG - 16:30:00.563Z Set DEMO3655059-2 qty to 10
[2025-09-27 11:30:00.570] LOG - 16:30:00.563Z [analyzePhase] resetting phaseData
[2025-09-27 11:30:00.570] LOG - 16:30:00.563Z [analyzePhase] resetting phaseData
[2025-09-27 11:30:00.570] LOG - 16:30:00.563Z [analyzePhase] set phase 1 maxActive to 1
[2025-09-27 11:30:00.571] LOG - 16:30:00.563Z [analyzePhase] set phase 1 maxActive to 1
[2025-09-27 11:30:00.571] LOG - 16:30:00.564Z [analyzePhase] increased phase 2 maxActive to 1
[2025-09-27 11:30:00.571] LOG - 16:30:00.564Z [analyzePhase] increased phase 2 maxActive to 1
